[
  {
    "Plan": {
      "Node Type": "Aggregate",
      "Strategy": "Plain",
      "Partial Mode": "Finalize",
      "Parallel Aware": false,
      "Async Capable": false,
      "Startup Cost": 587594.98,
      "Total Cost": 587594.99,
      "Plan Rows": 1,
      "Plan Width": 64,
      "Actual Startup Time": 209100.716,
      "Actual Total Time": 209114.918,
      "Actual Rows": 1.0,
      "Actual Loops": 1,
      "Disabled": false,
      "Output": [
        "min(chn.name)",
        "min(t.title)"
      ],
      "Shared Hit Blocks": 16516708,
      "Shared Read Blocks": 5653344,
      "Shared Dirtied Blocks": 0,
      "Shared Written Blocks": 0,
      "Local Hit Blocks": 0,
      "Local Read Blocks": 0,
      "Local Dirtied Blocks": 0,
      "Local Written Blocks": 0,
      "Temp Read Blocks": 12627,
      "Temp Written Blocks": 12692,
      "Plans": [
        {
          "Node Type": "Gather",
          "Parent Relationship": "Outer",
          "Parallel Aware": false,
          "Async Capable": false,
          "Startup Cost": 587594.76,
          "Total Cost": 587594.97,
          "Plan Rows": 2,
          "Plan Width": 64,
          "Actual Startup Time": 208915.005,
          "Actual Total Time": 209114.904,
          "Actual Rows": 3.0,
          "Actual Loops": 1,
          "Disabled": false,
          "Output": [
            "(PARTIAL min(chn.name))",
            "(PARTIAL min(t.title))"
          ],
          "Workers Planned": 2,
          "Workers Launched": 2,
          "Single Copy": false,
          "Shared Hit Blocks": 16516708,
          "Shared Read Blocks": 5653344,
          "Shared Dirtied Blocks": 0,
          "Shared Written Blocks": 0,
          "Local Hit Blocks": 0,
          "Local Read Blocks": 0,
          "Local Dirtied Blocks": 0,
          "Local Written Blocks": 0,
          "Temp Read Blocks": 12627,
          "Temp Written Blocks": 12692,
          "Plans": [
            {
              "Node Type": "Aggregate",
              "Strategy": "Plain",
              "Partial Mode": "Partial",
              "Parent Relationship": "Outer",
              "Parallel Aware": false,
              "Async Capable": false,
              "Startup Cost": 586594.76,
              "Total Cost": 586594.77,
              "Plan Rows": 1,
              "Plan Width": 64,
              "Actual Startup Time": 208903.972,
              "Actual Total Time": 208904.048,
              "Actual Rows": 1.0,
              "Actual Loops": 3,
              "Disabled": false,
              "Output": [
                "PARTIAL min(chn.name)",
                "PARTIAL min(t.title)"
              ],
              "Shared Hit Blocks": 16516708,
              "Shared Read Blocks": 5653344,
              "Shared Dirtied Blocks": 0,
              "Shared Written Blocks": 0,
              "Local Hit Blocks": 0,
              "Local Read Blocks": 0,
              "Local Dirtied Blocks": 0,
              "Local Written Blocks": 0,
              "Temp Read Blocks": 12627,
              "Temp Written Blocks": 12692,
              "Workers": [
                {
                  "Worker Number": 0,
                  "Actual Startup Time": 208704.75,
                  "Actual Total Time": 208704.94,
                  "Actual Rows": 1.0,
                  "Actual Loops": 1,
                  "Shared Hit Blocks": 5443394,
                  "Shared Read Blocks": 1874444,
                  "Shared Dirtied Blocks": 0,
                  "Shared Written Blocks": 0,
                  "Local Hit Blocks": 0,
                  "Local Read Blocks": 0,
                  "Local Dirtied Blocks": 0,
                  "Local Written Blocks": 0,
                  "Temp Read Blocks": 4451,
                  "Temp Written Blocks": 4248
                },
                {
                  "Worker Number": 1,
                  "Actual Startup Time": 209092.39,
                  "Actual Total Time": 209092.404,
                  "Actual Rows": 1.0,
                  "Actual Loops": 1,
                  "Shared Hit Blocks": 5542753,
                  "Shared Read Blocks": 1886946,
                  "Shared Dirtied Blocks": 0,
                  "Shared Written Blocks": 0,
                  "Local Hit Blocks": 0,
                  "Local Read Blocks": 0,
                  "Local Dirtied Blocks": 0,
                  "Local Written Blocks": 0,
                  "Temp Read Blocks": 3613,
                  "Temp Written Blocks": 4244
                }
              ],
              "Plans": [
                {
                  "Node Type": "Hash Join",
                  "Parent Relationship": "Outer",
                  "Parallel Aware": false,
                  "Async Capable": false,
                  "Join Type": "Inner",
                  "Startup Cost": 44425.27,
                  "Total Cost": 585543.02,
                  "Plan Rows": 210349,
                  "Plan Width": 33,
                  "Actual Startup Time": 51834.985,
                  "Actual Total Time": 208903.599,
                  "Actual Rows": 3.33,
                  "Actual Loops": 3,
                  "Disabled": false,
                  "Output": [
                    "chn.name",
                    "t.title"
                  ],
                  "Inner Unique": true,
                  "Hash Cond": "(ci.role_id = rt.id)",
                  "Shared Hit Blocks": 16516708,
                  "Shared Read Blocks": 5653344,
                  "Shared Dirtied Blocks": 0,
                  "Shared Written Blocks": 0,
                  "Local Hit Blocks": 0,
                  "Local Read Blocks": 0,
                  "Local Dirtied Blocks": 0,
                  "Local Written Blocks": 0,
                  "Temp Read Blocks": 12627,
                  "Temp Written Blocks": 12692,
                  "Workers": [
                    {
                      "Worker Number": 0,
                      "Actual Startup Time": 16569.387,
                      "Actual Total Time": 208704.347,
                      "Actual Rows": 7.0,
                      "Actual Loops": 1,
                      "Shared Hit Blocks": 5443394,
                      "Shared Read Blocks": 1874444,
                      "Shared Dirtied Blocks": 0,
                      "Shared Written Blocks": 0,
                      "Local Hit Blocks": 0,
                      "Local Read Blocks": 0,
                      "Local Dirtied Blocks": 0,
                      "Local Written Blocks": 0,
                      "Temp Read Blocks": 4451,
                      "Temp Written Blocks": 4248
                    },
                    {
                      "Worker Number": 1,
                      "Actual Startup Time": 119040.947,
                      "Actual Total Time": 209091.672,
                      "Actual Rows": 1.0,
                      "Actual Loops": 1,
                      "Shared Hit Blocks": 5542753,
                      "Shared Read Blocks": 1886946,
                      "Shared Dirtied Blocks": 0,
                      "Shared Written Blocks": 0,
                      "Local Hit Blocks": 0,
                      "Local Read Blocks": 0,
                      "Local Dirtied Blocks": 0,
                      "Local Written Blocks": 0,
                      "Temp Read Blocks": 3613,
                      "Temp Written Blocks": 4244
                    }
                  ],
                  "Plans": [
                    {
                      "Node Type": "Hash Join",
                      "Parent Relationship": "Outer",
                      "Parallel Aware": false,
                      "Async Capable": false,
                      "Join Type": "Inner",
                      "Startup Cost": 44399.3,
                      "Total Cost": 584961.58,
                      "Plan Rows": 210349,
                      "Plan Width": 37,
                      "Actual Startup Time": 51834.921,
                      "Actual Total Time": 208903.526,
                      "Actual Rows": 3.33,
                      "Actual Loops": 3,
                      "Disabled": false,
                      "Output": [
                        "chn.name",
                        "ci.role_id",
                        "t.title"
                      ],
                      "Inner Unique": true,
                      "Hash Cond": "(mc.company_type_id = ct.id)",
                      "Shared Hit Blocks": 16516705,
                      "Shared Read Blocks": 5653344,
                      "Shared Dirtied Blocks": 0,
                      "Shared Written Blocks": 0,
                      "Local Hit Blocks": 0,
                      "Local Read Blocks": 0,
                      "Local Dirtied Blocks": 0,
                      "Local Written Blocks": 0,
                      "Temp Read Blocks": 12627,
                      "Temp Written Blocks": 12692,
                      "Workers": [
                        {
                          "Worker Number": 0,
                          "Actual Startup Time": 16569.317,
                          "Actual Total Time": 208704.26,
                          "Actual Rows": 7.0,
                          "Actual Loops": 1,
                          "Shared Hit Blocks": 5443393,
                          "Shared Read Blocks": 1874444,
                          "Shared Dirtied Blocks": 0,
                          "Shared Written Blocks": 0,
                          "Local Hit Blocks": 0,
                          "Local Read Blocks": 0,
                          "Local Dirtied Blocks": 0,
                          "Local Written Blocks": 0,
                          "Temp Read Blocks": 4451,
                          "Temp Written Blocks": 4248
                        },
                        {
                          "Worker Number": 1,
                          "Actual Startup Time": 119040.87,
                          "Actual Total Time": 209091.593,
                          "Actual Rows": 1.0,
                          "Actual Loops": 1,
                          "Shared Hit Blocks": 5542752,
                          "Shared Read Blocks": 1886946,
                          "Shared Dirtied Blocks": 0,
                          "Shared Written Blocks": 0,
                          "Local Hit Blocks": 0,
                          "Local Read Blocks": 0,
                          "Local Dirtied Blocks": 0,
                          "Local Written Blocks": 0,
                          "Temp Read Blocks": 3613,
                          "Temp Written Blocks": 4244
                        }
                      ],
                      "Plans": [
                        {
                          "Node Type": "Nested Loop",
                          "Parent Relationship": "Outer",
                          "Parallel Aware": false,
                          "Async Capable": false,
                          "Join Type": "Inner",
                          "Startup Cost": 44373.32,
                          "Total Cost": 584380.15,
                          "Plan Rows": 210349,
                          "Plan Width": 41,
                          "Actual Startup Time": 51834.866,
                          "Actual Total Time": 208903.453,
                          "Actual Rows": 3.33,
                          "Actual Loops": 3,
                          "Disabled": false,
                          "Output": [
                            "chn.name",
                            "ci.role_id",
                            "mc.company_type_id",
                            "t.title"
                          ],
                          "Inner Unique": true,
                          "Shared Hit Blocks": 16516702,
                          "Shared Read Blocks": 5653344,
                          "Shared Dirtied Blocks": 0,
                          "Shared Written Blocks": 0,
                          "Local Hit Blocks": 0,
                          "Local Read Blocks": 0,
                          "Local Dirtied Blocks": 0,
                          "Local Written Blocks": 0,
                          "Temp Read Blocks": 12627,
                          "Temp Written Blocks": 12692,
                          "Workers": [
                            {
                              "Worker Number": 0,
                              "Actual Startup Time": 16569.247,
                              "Actual Total Time": 208704.148,
                              "Actual Rows": 7.0,
                              "Actual Loops": 1,
                              "Shared Hit Blocks": 5443392,
                              "Shared Read Blocks": 1874444,
                              "Shared Dirtied Blocks": 0,
                              "Shared Written Blocks": 0,
                              "Local Hit Blocks": 0,
                              "Local Read Blocks": 0,
                              "Local Dirtied Blocks": 0,
                              "Local Written Blocks": 0,
                              "Temp Read Blocks": 4451,
                              "Temp Written Blocks": 4248
                            },
                            {
                              "Worker Number": 1,
                              "Actual Startup Time": 119040.802,
                              "Actual Total Time": 209091.525,
                              "Actual Rows": 1.0,
                              "Actual Loops": 1,
                              "Shared Hit Blocks": 5542751,
                              "Shared Read Blocks": 1886946,
                              "Shared Dirtied Blocks": 0,
                              "Shared Written Blocks": 0,
                              "Local Hit Blocks": 0,
                              "Local Read Blocks": 0,
                              "Local Dirtied Blocks": 0,
                              "Local Written Blocks": 0,
                              "Temp Read Blocks": 3613,
                              "Temp Written Blocks": 4244
                            }
                          ],
                          "Plans": [
                            {
                              "Node Type": "Nested Loop",
                              "Parent Relationship": "Outer",
                              "Parallel Aware": false,
                              "Async Capable": false,
                              "Join Type": "Inner",
                              "Startup Cost": 44372.88,
                              "Total Cost": 560582.01,
                              "Plan Rows": 439448,
                              "Plan Width": 29,
                              "Actual Startup Time": 688.149,
                              "Actual Total Time": 208792.835,
                              "Actual Rows": 260701.33,
                              "Actual Loops": 3,
                              "Disabled": false,
                              "Output": [
                                "ci.person_role_id",
                                "ci.role_id",
                                "mc.company_type_id",
                                "t.title"
                              ],
                              "Inner Unique": false,
                              "Join Filter": "(ci.movie_id = t.id)",
                              "Rows Removed by Join Filter": 0,
                              "Shared Hit Blocks": 16516700,
                              "Shared Read Blocks": 5653332,
                              "Shared Dirtied Blocks": 0,
                              "Shared Written Blocks": 0,
                              "Local Hit Blocks": 0,
                              "Local Read Blocks": 0,
                              "Local Dirtied Blocks": 0,
                              "Local Written Blocks": 0,
                              "Temp Read Blocks": 12627,
                              "Temp Written Blocks": 12692,
                              "Workers": [
                                {
                                  "Worker Number": 0,
                                  "Actual Startup Time": 697.278,
                                  "Actual Total Time": 208594.812,
                                  "Actual Rows": 259801.0,
                                  "Actual Loops": 1,
                                  "Shared Hit Blocks": 5443392,
                                  "Shared Read Blocks": 1874439,
                                  "Shared Dirtied Blocks": 0,
                                  "Shared Written Blocks": 0,
                                  "Local Hit Blocks": 0,
                                  "Local Read Blocks": 0,
                                  "Local Dirtied Blocks": 0,
                                  "Local Written Blocks": 0,
                                  "Temp Read Blocks": 4451,
                                  "Temp Written Blocks": 4248
                                },
                                {
                                  "Worker Number": 1,
                                  "Actual Startup Time": 668.832,
                                  "Actual Total Time": 208980.743,
                                  "Actual Rows": 261230.0,
                                  "Actual Loops": 1,
                                  "Shared Hit Blocks": 5542750,
                                  "Shared Read Blocks": 1886942,
                                  "Shared Dirtied Blocks": 0,
                                  "Shared Written Blocks": 0,
                                  "Local Hit Blocks": 0,
                                  "Local Read Blocks": 0,
                                  "Local Dirtied Blocks": 0,
                                  "Local Written Blocks": 0,
                                  "Temp Read Blocks": 3613,
                                  "Temp Written Blocks": 4244
                                }
                              ],
                              "Plans": [
                                {
                                  "Node Type": "Hash Join",
                                  "Parent Relationship": "Outer",
                                  "Parallel Aware": true,
                                  "Async Capable": false,
                                  "Join Type": "Inner",
                                  "Startup Cost": 44372.44,
                                  "Total Cost": 107516.16,
                                  "Plan Rows": 271829,
                                  "Plan Width": 29,
                                  "Actual Startup Time": 682.559,
                                  "Actual Total Time": 1343.78,
                                  "Actual Rows": 198750.0,
                                  "Actual Loops": 3,
                                  "Disabled": false,
                                  "Output": [
                                    "mc.movie_id",
                                    "mc.company_type_id",
                                    "t.title",
                                    "t.id"
                                  ],
                                  "Inner Unique": false,
                                  "Hash Cond": "(t.id = mc.movie_id)",
                                  "Shared Hit Blocks": 5260,
                                  "Shared Read Blocks": 52612,
                                  "Shared Dirtied Blocks": 0,
                                  "Shared Written Blocks": 0,
                                  "Local Hit Blocks": 0,
                                  "Local Read Blocks": 0,
                                  "Local Dirtied Blocks": 0,
                                  "Local Written Blocks": 0,
                                  "Temp Read Blocks": 12627,
                                  "Temp Written Blocks": 12692,
                                  "Workers": [
                                    {
                                      "Worker Number": 0,
                                      "Actual Startup Time": 686.396,
                                      "Actual Total Time": 1332.632,
                                      "Actual Rows": 197724.0,
                                      "Actual Loops": 1,
                                      "Shared Hit Blocks": 1586,
                                      "Shared Read Blocks": 17556,
                                      "Shared Dirtied Blocks": 0,
                                      "Shared Written Blocks": 0,
                                      "Local Hit Blocks": 0,
                                      "Local Read Blocks": 0,
                                      "Local Dirtied Blocks": 0,
                                      "Local Written Blocks": 0,
                                      "Temp Read Blocks": 4451,
                                      "Temp Written Blocks": 4248
                                    },
                                    {
                                      "Worker Number": 1,
                                      "Actual Startup Time": 665.136,
                                      "Actual Total Time": 1326.149,
                                      "Actual Rows": 198907.0,
                                      "Actual Loops": 1,
                                      "Shared Hit Blocks": 1638,
                                      "Shared Read Blocks": 17765,
                                      "Shared Dirtied Blocks": 0,
                                      "Shared Written Blocks": 0,
                                      "Local Hit Blocks": 0,
                                      "Local Read Blocks": 0,
                                      "Local Dirtied Blocks": 0,
                                      "Local Written Blocks": 0,
                                      "Temp Read Blocks": 3613,
                                      "Temp Written Blocks": 4244
                                    }
                                  ],
                                  "Plans": [
                                    {
                                      "Node Type": "Seq Scan",
                                      "Parent Relationship": "Outer",
                                      "Parallel Aware": true,
                                      "Async Capable": false,
                                      "Relation Name": "title",
                                      "Schema": "public",
                                      "Alias": "t",
                                      "Startup Cost": 0.0,
                                      "Total Cost": 49177.56,
                                      "Plan Rows": 730545,
                                      "Plan Width": 21,
                                      "Actual Startup Time": 0.345,
                                      "Actual Total Time": 287.812,
                                      "Actual Rows": 583010.67,
                                      "Actual Loops": 3,
                                      "Disabled": false,
                                      "Output": [
                                        "t.title",
                                        "t.id"
                                      ],
                                      "Filter": "(t.production_year > 1990)",
                                      "Rows Removed by Filter": 259760,
                                      "Shared Hit Blocks": 1985,
                                      "Shared Read Blocks": 34023,
                                      "Shared Dirtied Blocks": 0,
                                      "Shared Written Blocks": 0,
                                      "Local Hit Blocks": 0,
                                      "Local Read Blocks": 0,
                                      "Local Dirtied Blocks": 0,
                                      "Local Written Blocks": 0,
                                      "Temp Read Blocks": 0,
                                      "Temp Written Blocks": 0,
                                      "Workers": [
                                        {
                                          "Worker Number": 0,
                                          "Actual Startup Time": 0.574,
                                          "Actual Total Time": 287.976,
                                          "Actual Rows": 583739.0,
                                          "Actual Loops": 1,
                                          "Shared Hit Blocks": 676,
                                          "Shared Read Blocks": 11355,
                                          "Shared Dirtied Blocks": 0,
                                          "Shared Written Blocks": 0,
                                          "Local Hit Blocks": 0,
                                          "Local Read Blocks": 0,
                                          "Local Dirtied Blocks": 0,
                                          "Local Written Blocks": 0,
                                          "Temp Read Blocks": 0,
                                          "Temp Written Blocks": 0
                                        },
                                        {
                                          "Worker Number": 1,
                                          "Actual Startup Time": 0.393,
                                          "Actual Total Time": 286.948,
                                          "Actual Rows": 577693.0,
                                          "Actual Loops": 1,
                                          "Shared Hit Blocks": 655,
                                          "Shared Read Blocks": 11239,
                                          "Shared Dirtied Blocks": 0,
                                          "Shared Written Blocks": 0,
                                          "Local Hit Blocks": 0,
                                          "Local Read Blocks": 0,
                                          "Local Dirtied Blocks": 0,
                                          "Local Written Blocks": 0,
                                          "Temp Read Blocks": 0,
                                          "Temp Written Blocks": 0
                                        }
                                      ],
                                      "actual_scan_in_card": 2528312,
                                      "actual_funnel_counts": [
                                        2528312,
                                        1749032
                                      ],
                                      "component_selectivity": {
                                        "compare_selectivity": 0.6917785463186505
                                      },
                                      "ius": [
                                        {
                                          "name": "t.title",
                                          "bytes": 8
                                        },
                                        {
                                          "name": "t.id",
                                          "bytes": 8
                                        }
                                      ]
                                    },
                                    {
                                      "Node Type": "Hash",
                                      "Parent Relationship": "Inner",
                                      "Parallel Aware": true,
                                      "Async Capable": false,
                                      "Startup Cost": 37940.17,
                                      "Total Cost": 37940.17,
                                      "Plan Rows": 392022,
                                      "Plan Width": 8,
                                      "Actual Startup Time": 269.609,
                                      "Actual Total Time": 269.618,
                                      "Actual Rows": 384599.33,
                                      "Actual Loops": 3,
                                      "Disabled": false,
                                      "Output": [
                                        "mc.movie_id",
                                        "mc.company_type_id"
                                      ],
                                      "Hash Buckets": 262144,
                                      "Original Hash Buckets": 262144,
                                      "Hash Batches": 8,
                                      "Original Hash Batches": 8,
                                      "Peak Memory Usage": 7712,
                                      "Shared Hit Blocks": 3275,
                                      "Shared Read Blocks": 18589,
                                      "Shared Dirtied Blocks": 0,
                                      "Shared Written Blocks": 0,
                                      "Local Hit Blocks": 0,
                                      "Local Read Blocks": 0,
                                      "Local Dirtied Blocks": 0,
                                      "Local Written Blocks": 0,
                                      "Temp Read Blocks": 0,
                                      "Temp Written Blocks": 3500,
                                      "Workers": [
                                        {
                                          "Worker Number": 0,
                                          "Actual Startup Time": 267.124,
                                          "Actual Total Time": 267.13,
                                          "Actual Rows": 386406.0,
                                          "Actual Loops": 1,
                                          "Shared Hit Blocks": 910,
                                          "Shared Read Blocks": 6201,
                                          "Shared Dirtied Blocks": 0,
                                          "Shared Written Blocks": 0,
                                          "Local Hit Blocks": 0,
                                          "Local Read Blocks": 0,
                                          "Local Dirtied Blocks": 0,
                                          "Local Written Blocks": 0,
                                          "Temp Read Blocks": 0,
                                          "Temp Written Blocks": 1176
                                        },
                                        {
                                          "Worker Number": 1,
                                          "Actual Startup Time": 267.117,
                                          "Actual Total Time": 267.123,
                                          "Actual Rows": 401839.0,
                                          "Actual Loops": 1,
                                          "Shared Hit Blocks": 983,
                                          "Shared Read Blocks": 6526,
                                          "Shared Dirtied Blocks": 0,
                                          "Shared Written Blocks": 0,
                                          "Local Hit Blocks": 0,
                                          "Local Read Blocks": 0,
                                          "Local Dirtied Blocks": 0,
                                          "Local Written Blocks": 0,
                                          "Temp Read Blocks": 0,
                                          "Temp Written Blocks": 1212
                                        }
                                      ],
                                      "Plans": [
                                        {
                                          "Node Type": "Hash Join",
                                          "Parent Relationship": "Outer",
                                          "Parallel Aware": true,
                                          "Async Capable": false,
                                          "Join Type": "Inner",
                                          "Startup Cost": 5391.01,
                                          "Total Cost": 37940.17,
                                          "Plan Rows": 392022,
                                          "Plan Width": 8,
                                          "Actual Startup Time": 26.979,
                                          "Actual Total Time": 190.269,
                                          "Actual Rows": 384599.33,
                                          "Actual Loops": 3,
                                          "Disabled": false,
                                          "Output": [
                                            "mc.movie_id",
                                            "mc.company_type_id"
                                          ],
                                          "Inner Unique": true,
                                          "Hash Cond": "(mc.company_id = cn.id)",
                                          "Shared Hit Blocks": 3275,
                                          "Shared Read Blocks": 18589,
                                          "Shared Dirtied Blocks": 0,
                                          "Shared Written Blocks": 0,
                                          "Local Hit Blocks": 0,
                                          "Local Read Blocks": 0,
                                          "Local Dirtied Blocks": 0,
                                          "Local Written Blocks": 0,
                                          "Temp Read Blocks": 0,
                                          "Temp Written Blocks": 0,
                                          "Workers": [
                                            {
                                              "Worker Number": 0,
                                              "Actual Startup Time": 25.15,
                                              "Actual Total Time": 187.552,
                                              "Actual Rows": 386406.0,
                                              "Actual Loops": 1,
                                              "Shared Hit Blocks": 910,
                                              "Shared Read Blocks": 6201,
                                              "Shared Dirtied Blocks": 0,
                                              "Shared Written Blocks": 0,
                                              "Local Hit Blocks": 0,
                                              "Local Read Blocks": 0,
                                              "Local Dirtied Blocks": 0,
                                              "Local Written Blocks": 0,
                                              "Temp Read Blocks": 0,
                                              "Temp Written Blocks": 0
                                            },
                                            {
                                              "Worker Number": 1,
                                              "Actual Startup Time": 24.401,
                                              "Actual Total Time": 204.048,
                                              "Actual Rows": 401839.0,
                                              "Actual Loops": 1,
                                              "Shared Hit Blocks": 983,
                                              "Shared Read Blocks": 6526,
                                              "Shared Dirtied Blocks": 0,
                                              "Shared Written Blocks": 0,
                                              "Local Hit Blocks": 0,
                                              "Local Read Blocks": 0,
                                              "Local Dirtied Blocks": 0,
                                              "Local Written Blocks": 0,
                                              "Temp Read Blocks": 0,
                                              "Temp Written Blocks": 0
                                            }
                                          ],
                                          "Plans": [
                                            {
                                              "Node Type": "Seq Scan",
                                              "Parent Relationship": "Outer",
                                              "Parallel Aware": true,
                                              "Async Capable": false,
                                              "Relation Name": "movie_companies",
                                              "Schema": "public",
                                              "Alias": "mc",
                                              "Startup Cost": 0.0,
                                              "Total Cost": 29695.37,
                                              "Plan Rows": 1087137,
                                              "Plan Width": 12,
                                              "Actual Startup Time": 1.161,
                                              "Actual Total Time": 74.77,
                                              "Actual Rows": 869709.67,
                                              "Actual Loops": 3,
                                              "Disabled": false,
                                              "Output": [
                                                "mc.id",
                                                "mc.movie_id",
                                                "mc.company_id",
                                                "mc.company_type_id",
                                                "mc.note"
                                              ],
                                              "Shared Hit Blocks": 235,
                                              "Shared Read Blocks": 18589,
                                              "Shared Dirtied Blocks": 0,
                                              "Shared Written Blocks": 0,
                                              "Local Hit Blocks": 0,
                                              "Local Read Blocks": 0,
                                              "Local Dirtied Blocks": 0,
                                              "Local Written Blocks": 0,
                                              "Temp Read Blocks": 0,
                                              "Temp Written Blocks": 0,
                                              "Workers": [
                                                {
                                                  "Worker Number": 0,
                                                  "Actual Startup Time": 1.884,
                                                  "Actual Total Time": 74.912,
                                                  "Actual Rows": 870885.0,
                                                  "Actual Loops": 1,
                                                  "Shared Hit Blocks": 70,
                                                  "Shared Read Blocks": 6201,
                                                  "Shared Dirtied Blocks": 0,
                                                  "Shared Written Blocks": 0,
                                                  "Local Hit Blocks": 0,
                                                  "Local Read Blocks": 0,
                                                  "Local Dirtied Blocks": 0,
                                                  "Local Written Blocks": 0,
                                                  "Temp Read Blocks": 0,
                                                  "Temp Written Blocks": 0
                                                },
                                                {
                                                  "Worker Number": 1,
                                                  "Actual Startup Time": 0.914,
                                                  "Actual Total Time": 86.383,
                                                  "Actual Rows": 909701.0,
                                                  "Actual Loops": 1,
                                                  "Shared Hit Blocks": 90,
                                                  "Shared Read Blocks": 6526,
                                                  "Shared Dirtied Blocks": 0,
                                                  "Shared Written Blocks": 0,
                                                  "Local Hit Blocks": 0,
                                                  "Local Read Blocks": 0,
                                                  "Local Dirtied Blocks": 0,
                                                  "Local Written Blocks": 0,
                                                  "Temp Read Blocks": 0,
                                                  "Temp Written Blocks": 0
                                                }
                                              ],
                                              "actual_scan_in_card": 2609129,
                                              "ius": [
                                                {
                                                  "name": "mc.id",
                                                  "bytes": 8
                                                },
                                                {
                                                  "name": "mc.movie_id",
                                                  "bytes": 8
                                                },
                                                {
                                                  "name": "mc.company_id",
                                                  "bytes": 8
                                                },
                                                {
                                                  "name": "mc.company_type_id",
                                                  "bytes": 8
                                                },
                                                {
                                                  "name": "mc.note",
                                                  "bytes": 8
                                                }
                                              ]
                                            },
                                            {
                                              "Node Type": "Hash",
                                              "Parent Relationship": "Inner",
                                              "Parallel Aware": true,
                                              "Async Capable": false,
                                              "Startup Cost": 4767.92,
                                              "Total Cost": 4767.92,
                                              "Plan Rows": 49847,
                                              "Plan Width": 4,
                                              "Actual Startup Time": 25.559,
                                              "Actual Total Time": 25.56,
                                              "Actual Rows": 28281.0,
                                              "Actual Loops": 3,
                                              "Disabled": false,
                                              "Output": [
                                                "cn.id"
                                              ],
                                              "Hash Buckets": 131072,
                                              "Original Hash Buckets": 131072,
                                              "Hash Batches": 1,
                                              "Original Hash Batches": 1,
                                              "Peak Memory Usage": 4384,
                                              "Shared Hit Blocks": 3040,
                                              "Shared Read Blocks": 0,
                                              "Shared Dirtied Blocks": 0,
                                              "Shared Written Blocks": 0,
                                              "Local Hit Blocks": 0,
                                              "Local Read Blocks": 0,
                                              "Local Dirtied Blocks": 0,
                                              "Local Written Blocks": 0,
                                              "Temp Read Blocks": 0,
                                              "Temp Written Blocks": 0,
                                              "Workers": [
                                                {
                                                  "Worker Number": 0,
                                                  "Actual Startup Time": 23.176,
                                                  "Actual Total Time": 23.179,
                                                  "Actual Rows": 23501.0,
                                                  "Actual Loops": 1,
                                                  "Shared Hit Blocks": 840,
                                                  "Shared Read Blocks": 0,
                                                  "Shared Dirtied Blocks": 0,
                                                  "Shared Written Blocks": 0,
                                                  "Local Hit Blocks": 0,
                                                  "Local Read Blocks": 0,
                                                  "Local Dirtied Blocks": 0,
                                                  "Local Written Blocks": 0,
                                                  "Temp Read Blocks": 0,
                                                  "Temp Written Blocks": 0
                                                },
                                                {
                                                  "Worker Number": 1,
                                                  "Actual Startup Time": 23.185,
                                                  "Actual Total Time": 23.185,
                                                  "Actual Rows": 24367.0,
                                                  "Actual Loops": 1,
                                                  "Shared Hit Blocks": 893,
                                                  "Shared Read Blocks": 0,
                                                  "Shared Dirtied Blocks": 0,
                                                  "Shared Written Blocks": 0,
                                                  "Local Hit Blocks": 0,
                                                  "Local Read Blocks": 0,
                                                  "Local Dirtied Blocks": 0,
                                                  "Local Written Blocks": 0,
                                                  "Temp Read Blocks": 0,
                                                  "Temp Written Blocks": 0
                                                }
                                              ],
                                              "Plans": [
                                                {
                                                  "Node Type": "Seq Scan",
                                                  "Parent Relationship": "Outer",
                                                  "Parallel Aware": true,
                                                  "Async Capable": false,
                                                  "Relation Name": "company_name",
                                                  "Schema": "public",
                                                  "Alias": "cn",
                                                  "Startup Cost": 0.0,
                                                  "Total Cost": 4767.92,
                                                  "Plan Rows": 49847,
                                                  "Plan Width": 4,
                                                  "Actual Startup Time": 0.006,
                                                  "Actual Total Time": 20.299,
                                                  "Actual Rows": 28281.0,
                                                  "Actual Loops": 3,
                                                  "Disabled": false,
                                                  "Output": [
                                                    "cn.id"
                                                  ],
                                                  "Filter": "((cn.country_code)::text = '[us]'::text)",
                                                  "Rows Removed by Filter": 50051,
                                                  "Shared Hit Blocks": 3040,
                                                  "Shared Read Blocks": 0,
                                                  "Shared Dirtied Blocks": 0,
                                                  "Shared Written Blocks": 0,
                                                  "Local Hit Blocks": 0,
                                                  "Local Read Blocks": 0,
                                                  "Local Dirtied Blocks": 0,
                                                  "Local Written Blocks": 0,
                                                  "Temp Read Blocks": 0,
                                                  "Temp Written Blocks": 0,
                                                  "Workers": [
                                                    {
                                                      "Worker Number": 0,
                                                      "Actual Startup Time": 0.005,
                                                      "Actual Total Time": 18.527,
                                                      "Actual Rows": 23501.0,
                                                      "Actual Loops": 1,
                                                      "Shared Hit Blocks": 840,
                                                      "Shared Read Blocks": 0,
                                                      "Shared Dirtied Blocks": 0,
                                                      "Shared Written Blocks": 0,
                                                      "Local Hit Blocks": 0,
                                                      "Local Read Blocks": 0,
                                                      "Local Dirtied Blocks": 0,
                                                      "Local Written Blocks": 0,
                                                      "Temp Read Blocks": 0,
                                                      "Temp Written Blocks": 0
                                                    },
                                                    {
                                                      "Worker Number": 1,
                                                      "Actual Startup Time": 0.006,
                                                      "Actual Total Time": 18.349,
                                                      "Actual Rows": 24367.0,
                                                      "Actual Loops": 1,
                                                      "Shared Hit Blocks": 893,
                                                      "Shared Read Blocks": 0,
                                                      "Shared Dirtied Blocks": 0,
                                                      "Shared Written Blocks": 0,
                                                      "Local Hit Blocks": 0,
                                                      "Local Read Blocks": 0,
                                                      "Local Dirtied Blocks": 0,
                                                      "Local Written Blocks": 0,
                                                      "Temp Read Blocks": 0,
                                                      "Temp Written Blocks": 0
                                                    }
                                                  ],
                                                  "actual_scan_in_card": 234997,
                                                  "actual_funnel_counts": [
                                                    234997,
                                                    84843
                                                  ],
                                                  "component_selectivity": {
                                                    "compare_selectivity": 0.3610386515572539
                                                  },
                                                  "ius": [
                                                    {
                                                      "name": "cn.id",
                                                      "bytes": 8
                                                    }
                                                  ]
                                                }
                                              ],
                                              "ius": [
                                                {
                                                  "name": "cn.id",
                                                  "bytes": 8
                                                }
                                              ]
                                            }
                                          ],
                                          "ius": [
                                            {
                                              "name": "mc.movie_id",
                                              "bytes": 8
                                            },
                                            {
                                              "name": "mc.company_type_id",
                                              "bytes": 8
                                            }
                                          ]
                                        }
                                      ],
                                      "ius": [
                                        {
                                          "name": "mc.movie_id",
                                          "bytes": 8
                                        },
                                        {
                                          "name": "mc.company_type_id",
                                          "bytes": 8
                                        }
                                      ]
                                    }
                                  ],
                                  "ius": [
                                    {
                                      "name": "mc.movie_id",
                                      "bytes": 8
                                    },
                                    {
                                      "name": "mc.company_type_id",
                                      "bytes": 8
                                    },
                                    {
                                      "name": "t.title",
                                      "bytes": 8
                                    },
                                    {
                                      "name": "t.id",
                                      "bytes": 8
                                    }
                                  ]
                                },
                                {
                                  "Node Type": "Index Scan",
                                  "Parent Relationship": "Inner",
                                  "Parallel Aware": false,
                                  "Async Capable": false,
                                  "Scan Direction": "Forward",
                                  "Index Name": "movie_id_cast_info",
                                  "Relation Name": "cast_info",
                                  "Schema": "public",
                                  "Alias": "ci",
                                  "Startup Cost": 0.44,
                                  "Total Cost": 1.64,
                                  "Plan Rows": 2,
                                  "Plan Width": 12,
                                  "Actual Startup Time": 0.709,
                                  "Actual Total Time": 1.043,
                                  "Actual Rows": 1.31,
                                  "Actual Loops": 596250,
                                  "Disabled": false,
                                  "Output": [
                                    "ci.id",
                                    "ci.person_id",
                                    "ci.movie_id",
                                    "ci.person_role_id",
                                    "ci.note",
                                    "ci.nr_order",
                                    "ci.role_id"
                                  ],
                                  "Index Cond": "(ci.movie_id = mc.movie_id)",
                                  "Rows Removed by Index Recheck": 0,
                                  "Filter": "(ci.note ~~ '%(producer)%'::text)",
                                  "Rows Removed by Filter": 34,
                                  "Index Searches": 596250,
                                  "Shared Hit Blocks": 16511440,
                                  "Shared Read Blocks": 5600720,
                                  "Shared Dirtied Blocks": 0,
                                  "Shared Written Blocks": 0,
                                  "Local Hit Blocks": 0,
                                  "Local Read Blocks": 0,
                                  "Local Dirtied Blocks": 0,
                                  "Local Written Blocks": 0,
                                  "Temp Read Blocks": 0,
                                  "Temp Written Blocks": 0,
                                  "Workers": [
                                    {
                                      "Worker Number": 0,
                                      "Actual Startup Time": 0.713,
                                      "Actual Total Time": 1.048,
                                      "Actual Rows": 1.31,
                                      "Actual Loops": 197724,
                                      "Shared Hit Blocks": 5441806,
                                      "Shared Read Blocks": 1856883,
                                      "Shared Dirtied Blocks": 0,
                                      "Shared Written Blocks": 0,
                                      "Local Hit Blocks": 0,
                                      "Local Read Blocks": 0,
                                      "Local Dirtied Blocks": 0,
                                      "Local Written Blocks": 0,
                                      "Temp Read Blocks": 0,
                                      "Temp Written Blocks": 0
                                    },
                                    {
                                      "Worker Number": 1,
                                      "Actual Startup Time": 0.709,
                                      "Actual Total Time": 1.043,
                                      "Actual Rows": 1.31,
                                      "Actual Loops": 198907,
                                      "Shared Hit Blocks": 5541112,
                                      "Shared Read Blocks": 1869177,
                                      "Shared Dirtied Blocks": 0,
                                      "Shared Written Blocks": 0,
                                      "Local Hit Blocks": 0,
                                      "Local Read Blocks": 0,
                                      "Local Dirtied Blocks": 0,
                                      "Local Written Blocks": 0,
                                      "Temp Read Blocks": 0,
                                      "Temp Written Blocks": 0
                                    }
                                  ],
                                  "actual_scan_in_card": 36244344,
                                  "actual_funnel_counts": [
                                    36244344,
                                    1435439
                                  ],
                                  "component_selectivity": {
                                    "expression_selectivity": 0.03960449663539227
                                  },
                                  "ius": [
                                    {
                                      "name": "ci.id",
                                      "bytes": 8
                                    },
                                    {
                                      "name": "ci.person_id",
                                      "bytes": 8
                                    },
                                    {
                                      "name": "ci.movie_id",
                                      "bytes": 8
                                    },
                                    {
                                      "name": "ci.person_role_id",
                                      "bytes": 8
                                    },
                                    {
                                      "name": "ci.note",
                                      "bytes": 8
                                    },
                                    {
                                      "name": "ci.nr_order",
                                      "bytes": 8
                                    },
                                    {
                                      "name": "ci.role_id",
                                      "bytes": 8
                                    }
                                  ]
                                }
                              ],
                              "ius": [
                                {
                                  "name": "ci.person_role_id",
                                  "bytes": 8
                                },
                                {
                                  "name": "ci.role_id",
                                  "bytes": 8
                                },
                                {
                                  "name": "mc.company_type_id",
                                  "bytes": 8
                                },
                                {
                                  "name": "t.title",
                                  "bytes": 8
                                }
                              ]
                            },
                            {
                              "Node Type": "Memoize",
                              "Parent Relationship": "Inner",
                              "Parallel Aware": false,
                              "Async Capable": false,
                              "Startup Cost": 0.44,
                              "Total Cost": 0.58,
                              "Plan Rows": 1,
                              "Plan Width": 20,
                              "Actual Startup Time": 0.0,
                              "Actual Total Time": 0.0,
                              "Actual Rows": 0.0,
                              "Actual Loops": 782104,
                              "Disabled": false,
                              "Output": [
                                "chn.name",
                                "chn.id"
                              ],
                              "Cache Key": "ci.person_role_id",
                              "Cache Mode": "logical",
                              "Cache Hits": 261071,
                              "Cache Misses": 2,
                              "Cache Evictions": 0,
                              "Cache Overflows": 0,
                              "Peak Memory Usage": 1,
                              "Shared Hit Blocks": 2,
                              "Shared Read Blocks": 12,
                              "Shared Dirtied Blocks": 0,
                              "Shared Written Blocks": 0,
                              "Local Hit Blocks": 0,
                              "Local Read Blocks": 0,
                              "Local Dirtied Blocks": 0,
                              "Local Written Blocks": 0,
                              "Temp Read Blocks": 0,
                              "Temp Written Blocks": 0,
                              "Workers": [
                                {
                                  "Worker Number": 0,
                                  "Actual Startup Time": 0.0,
                                  "Actual Total Time": 0.0,
                                  "Actual Rows": 0.0,
                                  "Actual Loops": 259801,
                                  "Cache Hits": 259799,
                                  "Cache Misses": 2,
                                  "Cache Evictions": 0,
                                  "Cache Overflows": 0,
                                  "Peak Memory Usage": 1,
                                  "Shared Hit Blocks": 0,
                                  "Shared Read Blocks": 5,
                                  "Shared Dirtied Blocks": 0,
                                  "Shared Written Blocks": 0,
                                  "Local Hit Blocks": 0,
                                  "Local Read Blocks": 0,
                                  "Local Dirtied Blocks": 0,
                                  "Local Written Blocks": 0,
                                  "Temp Read Blocks": 0,
                                  "Temp Written Blocks": 0
                                },
                                {
                                  "Worker Number": 1,
                                  "Actual Startup Time": 0.0,
                                  "Actual Total Time": 0.0,
                                  "Actual Rows": 0.0,
                                  "Actual Loops": 261230,
                                  "Cache Hits": 261228,
                                  "Cache Misses": 2,
                                  "Cache Evictions": 0,
                                  "Cache Overflows": 0,
                                  "Peak Memory Usage": 1,
                                  "Shared Hit Blocks": 1,
                                  "Shared Read Blocks": 4,
                                  "Shared Dirtied Blocks": 0,
                                  "Shared Written Blocks": 0,
                                  "Local Hit Blocks": 0,
                                  "Local Read Blocks": 0,
                                  "Local Dirtied Blocks": 0,
                                  "Local Written Blocks": 0,
                                  "Temp Read Blocks": 0,
                                  "Temp Written Blocks": 0
                                }
                              ],
                              "Plans": [
                                {
                                  "Node Type": "Index Scan",
                                  "Parent Relationship": "Outer",
                                  "Parallel Aware": false,
                                  "Async Capable": false,
                                  "Scan Direction": "Forward",
                                  "Index Name": "char_name_pkey",
                                  "Relation Name": "char_name",
                                  "Schema": "public",
                                  "Alias": "chn",
                                  "Startup Cost": 0.43,
                                  "Total Cost": 0.57,
                                  "Plan Rows": 1,
                                  "Plan Width": 20,
                                  "Actual Startup Time": 0.654,
                                  "Actual Total Time": 0.654,
                                  "Actual Rows": 0.5,
                                  "Actual Loops": 6,
                                  "Disabled": false,
                                  "Output": [
                                    "chn.name",
                                    "chn.id"
                                  ],
                                  "Index Cond": "(chn.id = ci.person_role_id)",
                                  "Rows Removed by Index Recheck": 0,
                                  "Index Searches": 3,
                                  "Shared Hit Blocks": 2,
                                  "Shared Read Blocks": 12,
                                  "Shared Dirtied Blocks": 0,
                                  "Shared Written Blocks": 0,
                                  "Local Hit Blocks": 0,
                                  "Local Read Blocks": 0,
                                  "Local Dirtied Blocks": 0,
                                  "Local Written Blocks": 0,
                                  "Temp Read Blocks": 0,
                                  "Temp Written Blocks": 0,
                                  "Workers": [
                                    {
                                      "Worker Number": 0,
                                      "Actual Startup Time": 1.024,
                                      "Actual Total Time": 1.024,
                                      "Actual Rows": 0.5,
                                      "Actual Loops": 2,
                                      "Shared Hit Blocks": 0,
                                      "Shared Read Blocks": 5,
                                      "Shared Dirtied Blocks": 0,
                                      "Shared Written Blocks": 0,
                                      "Local Hit Blocks": 0,
                                      "Local Read Blocks": 0,
                                      "Local Dirtied Blocks": 0,
                                      "Local Written Blocks": 0,
                                      "Temp Read Blocks": 0,
                                      "Temp Written Blocks": 0
                                    },
                                    {
                                      "Worker Number": 1,
                                      "Actual Startup Time": 0.398,
                                      "Actual Total Time": 0.398,
                                      "Actual Rows": 0.5,
                                      "Actual Loops": 2,
                                      "Shared Hit Blocks": 1,
                                      "Shared Read Blocks": 4,
                                      "Shared Dirtied Blocks": 0,
                                      "Shared Written Blocks": 0,
                                      "Local Hit Blocks": 0,
                                      "Local Read Blocks": 0,
                                      "Local Dirtied Blocks": 0,
                                      "Local Written Blocks": 0,
                                      "Temp Read Blocks": 0,
                                      "Temp Written Blocks": 0
                                    }
                                  ],
                                  "actual_scan_in_card": 3140339,
                                  "ius": [
                                    {
                                      "name": "chn.name",
                                      "bytes": 8
                                    },
                                    {
                                      "name": "chn.id",
                                      "bytes": 8
                                    }
                                  ]
                                }
                              ],
                              "ius": [
                                {
                                  "name": "chn.name",
                                  "bytes": 10
                                },
                                {
                                  "name": "chn.id",
                                  "bytes": 10
                                }
                              ]
                            }
                          ],
                          "ius": [
                            {
                              "name": "chn.name",
                              "bytes": 10
                            },
                            {
                              "name": "ci.role_id",
                              "bytes": 10
                            },
                            {
                              "name": "mc.company_type_id",
                              "bytes": 10
                            },
                            {
                              "name": "t.title",
                              "bytes": 10
                            }
                          ]
                        },
                        {
                          "Node Type": "Hash",
                          "Parent Relationship": "Inner",
                          "Parallel Aware": false,
                          "Async Capable": false,
                          "Startup Cost": 17.1,
                          "Total Cost": 17.1,
                          "Plan Rows": 710,
                          "Plan Width": 4,
                          "Actual Startup Time": 0.037,
                          "Actual Total Time": 0.037,
                          "Actual Rows": 4.0,
                          "Actual Loops": 3,
                          "Disabled": false,
                          "Output": [
                            "ct.id"
                          ],
                          "Hash Buckets": 1024,
                          "Original Hash Buckets": 1024,
                          "Hash Batches": 1,
                          "Original Hash Batches": 1,
                          "Peak Memory Usage": 9,
                          "Shared Hit Blocks": 3,
                          "Shared Read Blocks": 0,
                          "Shared Dirtied Blocks": 0,
                          "Shared Written Blocks": 0,
                          "Local Hit Blocks": 0,
                          "Local Read Blocks": 0,
                          "Local Dirtied Blocks": 0,
                          "Local Written Blocks": 0,
                          "Temp Read Blocks": 0,
                          "Temp Written Blocks": 0,
                          "Workers": [
                            {
                              "Worker Number": 0,
                              "Actual Startup Time": 0.052,
                              "Actual Total Time": 0.053,
                              "Actual Rows": 4.0,
                              "Actual Loops": 1,
                              "Shared Hit Blocks": 1,
                              "Shared Read Blocks": 0,
                              "Shared Dirtied Blocks": 0,
                              "Shared Written Blocks": 0,
                              "Local Hit Blocks": 0,
                              "Local Read Blocks": 0,
                              "Local Dirtied Blocks": 0,
                              "Local Written Blocks": 0,
                              "Temp Read Blocks": 0,
                              "Temp Written Blocks": 0
                            },
                            {
                              "Worker Number": 1,
                              "Actual Startup Time": 0.052,
                              "Actual Total Time": 0.052,
                              "Actual Rows": 4.0,
                              "Actual Loops": 1,
                              "Shared Hit Blocks": 1,
                              "Shared Read Blocks": 0,
                              "Shared Dirtied Blocks": 0,
                              "Shared Written Blocks": 0,
                              "Local Hit Blocks": 0,
                              "Local Read Blocks": 0,
                              "Local Dirtied Blocks": 0,
                              "Local Written Blocks": 0,
                              "Temp Read Blocks": 0,
                              "Temp Written Blocks": 0
                            }
                          ],
                          "Plans": [
                            {
                              "Node Type": "Seq Scan",
                              "Parent Relationship": "Outer",
                              "Parallel Aware": false,
                              "Async Capable": false,
                              "Relation Name": "company_type",
                              "Schema": "public",
                              "Alias": "ct",
                              "Startup Cost": 0.0,
                              "Total Cost": 17.1,
                              "Plan Rows": 710,
                              "Plan Width": 4,
                              "Actual Startup Time": 0.034,
                              "Actual Total Time": 0.034,
                              "Actual Rows": 4.0,
                              "Actual Loops": 3,
                              "Disabled": false,
                              "Output": [
                                "ct.id"
                              ],
                              "Shared Hit Blocks": 3,
                              "Shared Read Blocks": 0,
                              "Shared Dirtied Blocks": 0,
                              "Shared Written Blocks": 0,
                              "Local Hit Blocks": 0,
                              "Local Read Blocks": 0,
                              "Local Dirtied Blocks": 0,
                              "Local Written Blocks": 0,
                              "Temp Read Blocks": 0,
                              "Temp Written Blocks": 0,
                              "Workers": [
                                {
                                  "Worker Number": 0,
                                  "Actual Startup Time": 0.05,
                                  "Actual Total Time": 0.05,
                                  "Actual Rows": 4.0,
                                  "Actual Loops": 1,
                                  "Shared Hit Blocks": 1,
                                  "Shared Read Blocks": 0,
                                  "Shared Dirtied Blocks": 0,
                                  "Shared Written Blocks": 0,
                                  "Local Hit Blocks": 0,
                                  "Local Read Blocks": 0,
                                  "Local Dirtied Blocks": 0,
                                  "Local Written Blocks": 0,
                                  "Temp Read Blocks": 0,
                                  "Temp Written Blocks": 0
                                },
                                {
                                  "Worker Number": 1,
                                  "Actual Startup Time": 0.049,
                                  "Actual Total Time": 0.05,
                                  "Actual Rows": 4.0,
                                  "Actual Loops": 1,
                                  "Shared Hit Blocks": 1,
                                  "Shared Read Blocks": 0,
                                  "Shared Dirtied Blocks": 0,
                                  "Shared Written Blocks": 0,
                                  "Local Hit Blocks": 0,
                                  "Local Read Blocks": 0,
                                  "Local Dirtied Blocks": 0,
                                  "Local Written Blocks": 0,
                                  "Temp Read Blocks": 0,
                                  "Temp Written Blocks": 0
                                }
                              ],
                              "actual_scan_in_card": 4,
                              "ius": [
                                {
                                  "name": "ct.id",
                                  "bytes": 8
                                }
                              ]
                            }
                          ],
                          "ius": [
                            {
                              "name": "ct.id",
                              "bytes": 8
                            }
                          ]
                        }
                      ],
                      "ius": [
                        {
                          "name": "chn.name",
                          "bytes": 12
                        },
                        {
                          "name": "ci.role_id",
                          "bytes": 12
                        },
                        {
                          "name": "t.title",
                          "bytes": 12
                        }
                      ]
                    },
                    {
                      "Node Type": "Hash",
                      "Parent Relationship": "Inner",
                      "Parallel Aware": false,
                      "Async Capable": false,
                      "Startup Cost": 17.1,
                      "Total Cost": 17.1,
                      "Plan Rows": 710,
                      "Plan Width": 4,
                      "Actual Startup Time": 0.048,
                      "Actual Total Time": 0.048,
                      "Actual Rows": 12.0,
                      "Actual Loops": 3,
                      "Disabled": false,
                      "Output": [
                        "rt.id"
                      ],
                      "Hash Buckets": 1024,
                      "Original Hash Buckets": 1024,
                      "Hash Batches": 1,
                      "Original Hash Batches": 1,
                      "Peak Memory Usage": 9,
                      "Shared Hit Blocks": 3,
                      "Shared Read Blocks": 0,
                      "Shared Dirtied Blocks": 0,
                      "Shared Written Blocks": 0,
                      "Local Hit Blocks": 0,
                      "Local Read Blocks": 0,
                      "Local Dirtied Blocks": 0,
                      "Local Written Blocks": 0,
                      "Temp Read Blocks": 0,
                      "Temp Written Blocks": 0,
                      "Workers": [
                        {
                          "Worker Number": 0,
                          "Actual Startup Time": 0.062,
                          "Actual Total Time": 0.062,
                          "Actual Rows": 12.0,
                          "Actual Loops": 1,
                          "Shared Hit Blocks": 1,
                          "Shared Read Blocks": 0,
                          "Shared Dirtied Blocks": 0,
                          "Shared Written Blocks": 0,
                          "Local Hit Blocks": 0,
                          "Local Read Blocks": 0,
                          "Local Dirtied Blocks": 0,
                          "Local Written Blocks": 0,
                          "Temp Read Blocks": 0,
                          "Temp Written Blocks": 0
                        },
                        {
                          "Worker Number": 1,
                          "Actual Startup Time": 0.066,
                          "Actual Total Time": 0.067,
                          "Actual Rows": 12.0,
                          "Actual Loops": 1,
                          "Shared Hit Blocks": 1,
                          "Shared Read Blocks": 0,
                          "Shared Dirtied Blocks": 0,
                          "Shared Written Blocks": 0,
                          "Local Hit Blocks": 0,
                          "Local Read Blocks": 0,
                          "Local Dirtied Blocks": 0,
                          "Local Written Blocks": 0,
                          "Temp Read Blocks": 0,
                          "Temp Written Blocks": 0
                        }
                      ],
                      "Plans": [
                        {
                          "Node Type": "Seq Scan",
                          "Parent Relationship": "Outer",
                          "Parallel Aware": false,
                          "Async Capable": false,
                          "Relation Name": "role_type",
                          "Schema": "public",
                          "Alias": "rt",
                          "Startup Cost": 0.0,
                          "Total Cost": 17.1,
                          "Plan Rows": 710,
                          "Plan Width": 4,
                          "Actual Startup Time": 0.031,
                          "Actual Total Time": 0.031,
                          "Actual Rows": 12.0,
                          "Actual Loops": 3,
                          "Disabled": false,
                          "Output": [
                            "rt.id"
                          ],
                          "Shared Hit Blocks": 3,
                          "Shared Read Blocks": 0,
                          "Shared Dirtied Blocks": 0,
                          "Shared Written Blocks": 0,
                          "Local Hit Blocks": 0,
                          "Local Read Blocks": 0,
                          "Local Dirtied Blocks": 0,
                          "Local Written Blocks": 0,
                          "Temp Read Blocks": 0,
                          "Temp Written Blocks": 0,
                          "Workers": [
                            {
                              "Worker Number": 0,
                              "Actual Startup Time": 0.039,
                              "Actual Total Time": 0.04,
                              "Actual Rows": 12.0,
                              "Actual Loops": 1,
                              "Shared Hit Blocks": 1,
                              "Shared Read Blocks": 0,
                              "Shared Dirtied Blocks": 0,
                              "Shared Written Blocks": 0,
                              "Local Hit Blocks": 0,
                              "Local Read Blocks": 0,
                              "Local Dirtied Blocks": 0,
                              "Local Written Blocks": 0,
                              "Temp Read Blocks": 0,
                              "Temp Written Blocks": 0
                            },
                            {
                              "Worker Number": 1,
                              "Actual Startup Time": 0.043,
                              "Actual Total Time": 0.044,
                              "Actual Rows": 12.0,
                              "Actual Loops": 1,
                              "Shared Hit Blocks": 1,
                              "Shared Read Blocks": 0,
                              "Shared Dirtied Blocks": 0,
                              "Shared Written Blocks": 0,
                              "Local Hit Blocks": 0,
                              "Local Read Blocks": 0,
                              "Local Dirtied Blocks": 0,
                              "Local Written Blocks": 0,
                              "Temp Read Blocks": 0,
                              "Temp Written Blocks": 0
                            }
                          ],
                          "actual_scan_in_card": 12,
                          "ius": [
                            {
                              "name": "rt.id",
                              "bytes": 8
                            }
                          ]
                        }
                      ],
                      "ius": [
                        {
                          "name": "rt.id",
                          "bytes": 8
                        }
                      ]
                    }
                  ],
                  "ius": [
                    {
                      "name": "chn.name",
                      "bytes": 16
                    },
                    {
                      "name": "t.title",
                      "bytes": 16
                    }
                  ]
                }
              ],
              "ius": [
                {
                  "name": "PARTIAL min(chn.name)",
                  "bytes": 32
                },
                {
                  "name": "PARTIAL min(t.title)",
                  "bytes": 32
                }
              ]
            }
          ],
          "ius": [
            {
              "name": "(PARTIAL min(chn.name))",
              "bytes": 32
            },
            {
              "name": "(PARTIAL min(t.title))",
              "bytes": 32
            }
          ]
        }
      ],
      "ius": [
        {
          "name": "min(chn.name)",
          "bytes": 32
        },
        {
          "name": "min(t.title)",
          "bytes": 32
        }
      ]
    },
    "Planning": {
      "Shared Hit Blocks": 43,
      "Shared Read Blocks": 37,
      "Shared Dirtied Blocks": 0,
      "Shared Written Blocks": 0,
      "Local Hit Blocks": 0,
      "Local Read Blocks": 0,
      "Local Dirtied Blocks": 0,
      "Local Written Blocks": 0,
      "Temp Read Blocks": 0,
      "Temp Written Blocks": 0
    },
    "Planning Time": 16.911,
    "Triggers": [],
    "Execution Time": 209115.436
  }
]