[
  {
    "Plan": {
      "Node Type": "Aggregate",
      "Strategy": "Plain",
      "Partial Mode": "Simple",
      "Parallel Aware": false,
      "Async Capable": false,
      "Startup Cost": 421.08,
      "Total Cost": 421.09,
      "Plan Rows": 1,
      "Plan Width": 96,
      "Actual Startup Time": 200.606,
      "Actual Total Time": 200.609,
      "Actual Rows": 1.0,
      "Actual Loops": 1,
      "Disabled": false,
      "Output": [
        "min(cn.name)",
        "min((lt.link)::text)",
        "min(t.title)"
      ],
      "Shared Hit Blocks": 62401,
      "Shared Read Blocks": 1060,
      "Shared Dirtied Blocks": 0,
      "Shared Written Blocks": 0,
      "Local Hit Blocks": 0,
      "Local Read Blocks": 0,
      "Local Dirtied Blocks": 0,
      "Local Written Blocks": 0,
      "Temp Read Blocks": 0,
      "Temp Written Blocks": 0,
      "Plans": [
        {
          "Node Type": "Nested Loop",
          "Parent Relationship": "Outer",
          "Parallel Aware": false,
          "Async Capable": false,
          "Join Type": "Inner",
          "Startup Cost": 29.11,
          "Total Cost": 421.07,
          "Plan Rows": 1,
          "Plan Width": 118,
          "Actual Startup Time": 48.996,
          "Actual Total Time": 200.352,
          "Actual Rows": 310.0,
          "Actual Loops": 1,
          "Disabled": false,
          "Output": [
            "cn.name",
            "lt.link",
            "t.title"
          ],
          "Inner Unique": true,
          "Shared Hit Blocks": 62401,
          "Shared Read Blocks": 1060,
          "Shared Dirtied Blocks": 0,
          "Shared Written Blocks": 0,
          "Local Hit Blocks": 0,
          "Local Read Blocks": 0,
          "Local Dirtied Blocks": 0,
          "Local Written Blocks": 0,
          "Temp Read Blocks": 0,
          "Temp Written Blocks": 0,
          "Plans": [
            {
              "Node Type": "Nested Loop",
              "Parent Relationship": "Outer",
              "Parallel Aware": false,
              "Async Capable": false,
              "Join Type": "Inner",
              "Startup Cost": 28.69,
              "Total Cost": 420.17,
              "Plan Rows": 2,
              "Plan Width": 122,
              "Actual Startup Time": 17.045,
              "Actual Total Time": 156.264,
              "Actual Rows": 6863.0,
              "Actual Loops": 1,
              "Disabled": false,
              "Output": [
                "cn.name",
                "mk.keyword_id",
                "lt.link",
                "t.title"
              ],
              "Inner Unique": false,
              "Join Filter": "(mk.movie_id = ml.movie_id)",
              "Rows Removed by Join Filter": 0,
              "Shared Hit Blocks": 35112,
              "Shared Read Blocks": 897,
              "Shared Dirtied Blocks": 0,
              "Shared Written Blocks": 0,
              "Local Hit Blocks": 0,
              "Local Read Blocks": 0,
              "Local Dirtied Blocks": 0,
              "Local Written Blocks": 0,
              "Temp Read Blocks": 0,
              "Temp Written Blocks": 0,
              "Plans": [
                {
                  "Node Type": "Nested Loop",
                  "Parent Relationship": "Outer",
                  "Parallel Aware": false,
                  "Async Capable": false,
                  "Join Type": "Inner",
                  "Startup Cost": 28.26,
                  "Total Cost": 418.25,
                  "Plan Rows": 1,
                  "Plan Width": 130,
                  "Actual Startup Time": 16.044,
                  "Actual Total Time": 140.788,
                  "Actual Rows": 698.0,
                  "Actual Loops": 1,
                  "Disabled": false,
                  "Output": [
                    "cn.name",
                    "mc.movie_id",
                    "ml.movie_id",
                    "lt.link",
                    "t.title",
                    "t.id"
                  ],
                  "Inner Unique": true,
                  "Join Filter": "(ml.movie_id = t.id)",
                  "Rows Removed by Join Filter": 0,
                  "Shared Hit Blocks": 32402,
                  "Shared Read Blocks": 850,
                  "Shared Dirtied Blocks": 0,
                  "Shared Written Blocks": 0,
                  "Local Hit Blocks": 0,
                  "Local Read Blocks": 0,
                  "Local Dirtied Blocks": 0,
                  "Local Written Blocks": 0,
                  "Temp Read Blocks": 0,
                  "Temp Written Blocks": 0,
                  "Plans": [
                    {
                      "Node Type": "Nested Loop",
                      "Parent Relationship": "Outer",
                      "Parallel Aware": false,
                      "Async Capable": false,
                      "Join Type": "Inner",
                      "Startup Cost": 27.83,
                      "Total Cost": 417.64,
                      "Plan Rows": 1,
                      "Plan Width": 109,
                      "Actual Startup Time": 5.128,
                      "Actual Total Time": 104.277,
                      "Actual Rows": 1152.0,
                      "Actual Loops": 1,
                      "Disabled": false,
                      "Output": [
                        "cn.name",
                        "mc.movie_id",
                        "ml.movie_id",
                        "lt.link"
                      ],
                      "Inner Unique": true,
                      "Shared Hit Blocks": 27937,
                      "Shared Read Blocks": 707,
                      "Shared Dirtied Blocks": 0,
                      "Shared Written Blocks": 0,
                      "Local Hit Blocks": 0,
                      "Local Read Blocks": 0,
                      "Local Dirtied Blocks": 0,
                      "Local Written Blocks": 0,
                      "Temp Read Blocks": 0,
                      "Temp Written Blocks": 0,
                      "Plans": [
                        {
                          "Node Type": "Nested Loop",
                          "Parent Relationship": "Outer",
                          "Parallel Aware": false,
                          "Async Capable": false,
                          "Join Type": "Inner",
                          "Startup Cost": 27.41,
                          "Total Cost": 417.19,
                          "Plan Rows": 1,
                          "Plan Width": 94,
                          "Actual Startup Time": 2.053,
                          "Actual Total Time": 71.754,
                          "Actual Rows": 4393.0,
                          "Actual Loops": 1,
                          "Disabled": false,
                          "Output": [
                            "mc.movie_id",
                            "mc.company_id",
                            "ml.movie_id",
                            "lt.link"
                          ],
                          "Inner Unique": true,
                          "Shared Hit Blocks": 10463,
                          "Shared Read Blocks": 609,
                          "Shared Dirtied Blocks": 0,
                          "Shared Written Blocks": 0,
                          "Local Hit Blocks": 0,
                          "Local Read Blocks": 0,
                          "Local Dirtied Blocks": 0,
                          "Local Written Blocks": 0,
                          "Temp Read Blocks": 0,
                          "Temp Written Blocks": 0,
                          "Plans": [
                            {
                              "Node Type": "Nested Loop",
                              "Parent Relationship": "Outer",
                              "Parallel Aware": false,
                              "Async Capable": false,
                              "Join Type": "Inner",
                              "Startup Cost": 27.25,
                              "Total Cost": 413.94,
                              "Plan Rows": 110,
                              "Plan Width": 98,
                              "Actual Startup Time": 1.671,
                              "Actual Total Time": 69.934,
                              "Actual Rows": 5069.0,
                              "Actual Loops": 1,
                              "Disabled": false,
                              "Output": [
                                "lt.link",
                                "ml.movie_id",
                                "mc.movie_id",
                                "mc.company_type_id",
                                "mc.company_id"
                              ],
                              "Inner Unique": false,
                              "Shared Hit Blocks": 10460,
                              "Shared Read Blocks": 608,
                              "Shared Dirtied Blocks": 0,
                              "Shared Written Blocks": 0,
                              "Local Hit Blocks": 0,
                              "Local Read Blocks": 0,
                              "Local Dirtied Blocks": 0,
                              "Local Written Blocks": 0,
                              "Temp Read Blocks": 0,
                              "Temp Written Blocks": 0,
                              "Plans": [
                                {
                                  "Node Type": "Nested Loop",
                                  "Parent Relationship": "Outer",
                                  "Parallel Aware": false,
                                  "Async Capable": false,
                                  "Join Type": "Inner",
                                  "Startup Cost": 26.82,
                                  "Total Cost": 250.88,
                                  "Plan Rows": 42,
                                  "Plan Width": 86,
                                  "Actual Startup Time": 1.251,
                                  "Actual Total Time": 2.835,
                                  "Actual Rows": 2315.0,
                                  "Actual Loops": 1,
                                  "Disabled": false,
                                  "Output": [
                                    "lt.link",
                                    "ml.movie_id"
                                  ],
                                  "Inner Unique": false,
                                  "Shared Hit Blocks": 86,
                                  "Shared Read Blocks": 110,
                                  "Shared Dirtied Blocks": 0,
                                  "Shared Written Blocks": 0,
                                  "Local Hit Blocks": 0,
                                  "Local Read Blocks": 0,
                                  "Local Dirtied Blocks": 0,
                                  "Local Written Blocks": 0,
                                  "Temp Read Blocks": 0,
                                  "Temp Written Blocks": 0,
                                  "Plans": [
                                    {
                                      "Node Type": "Seq Scan",
                                      "Parent Relationship": "Outer",
                                      "Parallel Aware": false,
                                      "Async Capable": false,
                                      "Relation Name": "link_type",
                                      "Schema": "public",
                                      "Alias": "lt",
                                      "Startup Cost": 0.0,
                                      "Total Cost": 18.88,
                                      "Plan Rows": 1,
                                      "Plan Width": 86,
                                      "Actual Startup Time": 0.167,
                                      "Actual Total Time": 0.175,
                                      "Actual Rows": 2.0,
                                      "Actual Loops": 1,
                                      "Disabled": false,
                                      "Output": [
                                        "lt.id",
                                        "lt.link"
                                      ],
                                      "Filter": "((lt.link)::text ~~ '%follow%'::text)",
                                      "Rows Removed by Filter": 16,
                                      "Shared Hit Blocks": 0,
                                      "Shared Read Blocks": 1,
                                      "Shared Dirtied Blocks": 0,
                                      "Shared Written Blocks": 0,
                                      "Local Hit Blocks": 0,
                                      "Local Read Blocks": 0,
                                      "Local Dirtied Blocks": 0,
                                      "Local Written Blocks": 0,
                                      "Temp Read Blocks": 0,
                                      "Temp Written Blocks": 0,
                                      "actual_scan_in_card": 18,
                                      "actual_funnel_counts": [
                                        18,
                                        2
                                      ],
                                      "component_selectivity": {
                                        "expression_selectivity": 0.1111111111111111
                                      },
                                      "ius": [
                                        {
                                          "name": "lt.id",
                                          "bytes": 8
                                        },
                                        {
                                          "name": "lt.link",
                                          "bytes": 8
                                        }
                                      ]
                                    },
                                    {
                                      "Node Type": "Bitmap Heap Scan",
                                      "Parent Relationship": "Inner",
                                      "Parallel Aware": false,
                                      "Async Capable": false,
                                      "Relation Name": "movie_link",
                                      "Schema": "public",
                                      "Alias": "ml",
                                      "Startup Cost": 26.82,
                                      "Total Cost": 213.26,
                                      "Plan Rows": 1875,
                                      "Plan Width": 8,
                                      "Actual Startup Time": 0.664,
                                      "Actual Total Time": 1.215,
                                      "Actual Rows": 1157.5,
                                      "Actual Loops": 2,
                                      "Disabled": false,
                                      "Output": [
                                        "ml.id",
                                        "ml.movie_id",
                                        "ml.linked_movie_id",
                                        "ml.link_type_id"
                                      ],
                                      "Recheck Cond": "(lt.id = ml.link_type_id)",
                                      "Rows Removed by Index Recheck": 0,
                                      "Exact Heap Blocks": 191,
                                      "Lossy Heap Blocks": 0,
                                      "Shared Hit Blocks": 86,
                                      "Shared Read Blocks": 109,
                                      "Shared Dirtied Blocks": 0,
                                      "Shared Written Blocks": 0,
                                      "Local Hit Blocks": 0,
                                      "Local Read Blocks": 0,
                                      "Local Dirtied Blocks": 0,
                                      "Local Written Blocks": 0,
                                      "Temp Read Blocks": 0,
                                      "Temp Written Blocks": 0,
                                      "Plans": [
                                        {
                                          "Node Type": "Bitmap Index Scan",
                                          "Parent Relationship": "Outer",
                                          "Parallel Aware": false,
                                          "Async Capable": false,
                                          "Index Name": "link_type_id_movie_link",
                                          "Startup Cost": 0.0,
                                          "Total Cost": 26.35,
                                          "Plan Rows": 1875,
                                          "Plan Width": 0,
                                          "Actual Startup Time": 0.431,
                                          "Actual Total Time": 0.431,
                                          "Actual Rows": 1157.5,
                                          "Actual Loops": 2,
                                          "Disabled": false,
                                          "Index Cond": "(ml.link_type_id = lt.id)",
                                          "Index Searches": 2,
                                          "Shared Hit Blocks": 1,
                                          "Shared Read Blocks": 3,
                                          "Shared Dirtied Blocks": 0,
                                          "Shared Written Blocks": 0,
                                          "Local Hit Blocks": 0,
                                          "Local Read Blocks": 0,
                                          "Local Dirtied Blocks": 0,
                                          "Local Written Blocks": 0,
                                          "Temp Read Blocks": 0,
                                          "Temp Written Blocks": 0,
                                          "ius": []
                                        }
                                      ],
                                      "ius": [
                                        {
                                          "name": "ml.id",
                                          "bytes": 8
                                        },
                                        {
                                          "name": "ml.movie_id",
                                          "bytes": 8
                                        },
                                        {
                                          "name": "ml.linked_movie_id",
                                          "bytes": 8
                                        },
                                        {
                                          "name": "ml.link_type_id",
                                          "bytes": 8
                                        }
                                      ]
                                    }
                                  ],
                                  "ius": [
                                    {
                                      "name": "lt.link",
                                      "bytes": 43
                                    },
                                    {
                                      "name": "ml.movie_id",
                                      "bytes": 43
                                    }
                                  ]
                                },
                                {
                                  "Node Type": "Index Scan",
                                  "Parent Relationship": "Inner",
                                  "Parallel Aware": false,
                                  "Async Capable": false,
                                  "Scan Direction": "Forward",
                                  "Index Name": "movie_id_movie_companies",
                                  "Relation Name": "movie_companies",
                                  "Schema": "public",
                                  "Alias": "mc",
                                  "Startup Cost": 0.43,
                                  "Total Cost": 3.85,
                                  "Plan Rows": 3,
                                  "Plan Width": 12,
                                  "Actual Startup Time": 0.027,
                                  "Actual Total Time": 0.029,
                                  "Actual Rows": 2.19,
                                  "Actual Loops": 2315,
                                  "Disabled": false,
                                  "Output": [
                                    "mc.id",
                                    "mc.movie_id",
                                    "mc.company_id",
                                    "mc.company_type_id",
                                    "mc.note"
                                  ],
                                  "Index Cond": "(mc.movie_id = ml.movie_id)",
                                  "Rows Removed by Index Recheck": 0,
                                  "Filter": "(mc.note IS NULL)",
                                  "Rows Removed by Filter": 2,
                                  "Index Searches": 2315,
                                  "Shared Hit Blocks": 10374,
                                  "Shared Read Blocks": 498,
                                  "Shared Dirtied Blocks": 0,
                                  "Shared Written Blocks": 0,
                                  "Local Hit Blocks": 0,
                                  "Local Read Blocks": 0,
                                  "Local Dirtied Blocks": 0,
                                  "Local Written Blocks": 0,
                                  "Temp Read Blocks": 0,
                                  "Temp Written Blocks": 0,
                                  "actual_scan_in_card": 2609129,
                                  "actual_funnel_counts": [
                                    2609129,
                                    1271989
                                  ],
                                  "component_selectivity": {
                                    "compare_selectivity": 0.4875147989999728
                                  },
                                  "ius": [
                                    {
                                      "name": "mc.id",
                                      "bytes": 8
                                    },
                                    {
                                      "name": "mc.movie_id",
                                      "bytes": 8
                                    },
                                    {
                                      "name": "mc.company_id",
                                      "bytes": 8
                                    },
                                    {
                                      "name": "mc.company_type_id",
                                      "bytes": 8
                                    },
                                    {
                                      "name": "mc.note",
                                      "bytes": 8
                                    }
                                  ]
                                }
                              ],
                              "ius": [
                                {
                                  "name": "lt.link",
                                  "bytes": 19
                                },
                                {
                                  "name": "ml.movie_id",
                                  "bytes": 19
                                },
                                {
                                  "name": "mc.movie_id",
                                  "bytes": 19
                                },
                                {
                                  "name": "mc.company_type_id",
                                  "bytes": 19
                                },
                                {
                                  "name": "mc.company_id",
                                  "bytes": 19
                                }
                              ]
                            },
                            {
                              "Node Type": "Memoize",
                              "Parent Relationship": "Inner",
                              "Parallel Aware": false,
                              "Async Capable": false,
                              "Startup Cost": 0.16,
                              "Total Cost": 0.18,
                              "Plan Rows": 1,
                              "Plan Width": 4,
                              "Actual Startup Time": 0.0,
                              "Actual Total Time": 0.0,
                              "Actual Rows": 0.87,
                              "Actual Loops": 5069,
                              "Disabled": false,
                              "Output": [
                                "ct.id"
                              ],
                              "Cache Key": "mc.company_type_id",
                              "Cache Mode": "logical",
                              "Cache Hits": 5067,
                              "Cache Misses": 2,
                              "Cache Evictions": 0,
                              "Cache Overflows": 0,
                              "Peak Memory Usage": 1,
                              "Shared Hit Blocks": 3,
                              "Shared Read Blocks": 1,
                              "Shared Dirtied Blocks": 0,
                              "Shared Written Blocks": 0,
                              "Local Hit Blocks": 0,
                              "Local Read Blocks": 0,
                              "Local Dirtied Blocks": 0,
                              "Local Written Blocks": 0,
                              "Temp Read Blocks": 0,
                              "Temp Written Blocks": 0,
                              "Plans": [
                                {
                                  "Node Type": "Index Scan",
                                  "Parent Relationship": "Outer",
                                  "Parallel Aware": false,
                                  "Async Capable": false,
                                  "Scan Direction": "Forward",
                                  "Index Name": "company_type_pkey",
                                  "Relation Name": "company_type",
                                  "Schema": "public",
                                  "Alias": "ct",
                                  "Startup Cost": 0.15,
                                  "Total Cost": 0.17,
                                  "Plan Rows": 1,
                                  "Plan Width": 4,
                                  "Actual Startup Time": 0.188,
                                  "Actual Total Time": 0.188,
                                  "Actual Rows": 0.5,
                                  "Actual Loops": 2,
                                  "Disabled": false,
                                  "Output": [
                                    "ct.id"
                                  ],
                                  "Index Cond": "(ct.id = mc.company_type_id)",
                                  "Rows Removed by Index Recheck": 0,
                                  "Filter": "((ct.kind)::text = 'production companies'::text)",
                                  "Rows Removed by Filter": 0,
                                  "Index Searches": 2,
                                  "Shared Hit Blocks": 3,
                                  "Shared Read Blocks": 1,
                                  "Shared Dirtied Blocks": 0,
                                  "Shared Written Blocks": 0,
                                  "Local Hit Blocks": 0,
                                  "Local Read Blocks": 0,
                                  "Local Dirtied Blocks": 0,
                                  "Local Written Blocks": 0,
                                  "Temp Read Blocks": 0,
                                  "Temp Written Blocks": 0,
                                  "actual_scan_in_card": 4,
                                  "actual_funnel_counts": [
                                    4,
                                    1
                                  ],
                                  "component_selectivity": {
                                    "compare_selectivity": 0.25
                                  },
                                  "ius": [
                                    {
                                      "name": "ct.id",
                                      "bytes": 8
                                    }
                                  ]
                                }
                              ],
                              "ius": [
                                {
                                  "name": "ct.id",
                                  "bytes": 8
                                }
                              ]
                            }
                          ],
                          "ius": [
                            {
                              "name": "mc.movie_id",
                              "bytes": 23
                            },
                            {
                              "name": "mc.company_id",
                              "bytes": 23
                            },
                            {
                              "name": "ml.movie_id",
                              "bytes": 23
                            },
                            {
                              "name": "lt.link",
                              "bytes": 23
                            }
                          ]
                        },
                        {
                          "Node Type": "Index Scan",
                          "Parent Relationship": "Inner",
                          "Parallel Aware": false,
                          "Async Capable": false,
                          "Scan Direction": "Forward",
                          "Index Name": "company_name_pkey",
                          "Relation Name": "company_name",
                          "Schema": "public",
                          "Alias": "cn",
                          "Startup Cost": 0.42,
                          "Total Cost": 0.46,
                          "Plan Rows": 1,
                          "Plan Width": 23,
                          "Actual Startup Time": 0.007,
                          "Actual Total Time": 0.007,
                          "Actual Rows": 0.26,
                          "Actual Loops": 4393,
                          "Disabled": false,
                          "Output": [
                            "cn.id",
                            "cn.name",
                            "cn.country_code",
                            "cn.imdb_id",
                            "cn.name_pcode_nf",
                            "cn.name_pcode_sf",
                            "cn.md5sum"
                          ],
                          "Index Cond": "(cn.id = mc.company_id)",
                          "Rows Removed by Index Recheck": 0,
                          "Filter": "(((cn.country_code)::text <> '[pl]'::text) AND ((cn.name ~~ '%Film%'::text) OR (cn.name ~~ '%Warner%'::text)))",
                          "Rows Removed by Filter": 1,
                          "Index Searches": 4393,
                          "Shared Hit Blocks": 17474,
                          "Shared Read Blocks": 98,
                          "Shared Dirtied Blocks": 0,
                          "Shared Written Blocks": 0,
                          "Local Hit Blocks": 0,
                          "Local Read Blocks": 0,
                          "Local Dirtied Blocks": 0,
                          "Local Written Blocks": 0,
                          "Temp Read Blocks": 0,
                          "Temp Written Blocks": 0,
                          "actual_scan_in_card": 234997,
                          "actual_funnel_counts": [
                            234997,
                            210031,
                            48302
                          ],
                          "component_selectivity": {
                            "compare_selectivity": 0.8937603458767559,
                            "expression_selectivity": 0.22997557503416163
                          },
                          "ius": [
                            {
                              "name": "cn.id",
                              "bytes": 8
                            },
                            {
                              "name": "cn.name",
                              "bytes": 8
                            },
                            {
                              "name": "cn.country_code",
                              "bytes": 8
                            },
                            {
                              "name": "cn.imdb_id",
                              "bytes": 8
                            },
                            {
                              "name": "cn.name_pcode_nf",
                              "bytes": 8
                            },
                            {
                              "name": "cn.name_pcode_sf",
                              "bytes": 8
                            },
                            {
                              "name": "cn.md5sum",
                              "bytes": 8
                            }
                          ]
                        }
                      ],
                      "ius": [
                        {
                          "name": "cn.name",
                          "bytes": 27
                        },
                        {
                          "name": "mc.movie_id",
                          "bytes": 27
                        },
                        {
                          "name": "ml.movie_id",
                          "bytes": 27
                        },
                        {
                          "name": "lt.link",
                          "bytes": 27
                        }
                      ]
                    },
                    {
                      "Node Type": "Index Scan",
                      "Parent Relationship": "Inner",
                      "Parallel Aware": false,
                      "Async Capable": false,
                      "Scan Direction": "Forward",
                      "Index Name": "title_pkey",
                      "Relation Name": "title",
                      "Schema": "public",
                      "Alias": "t",
                      "Startup Cost": 0.43,
                      "Total Cost": 0.59,
                      "Plan Rows": 1,
                      "Plan Width": 21,
                      "Actual Startup Time": 0.031,
                      "Actual Total Time": 0.031,
                      "Actual Rows": 0.61,
                      "Actual Loops": 1152,
                      "Disabled": false,
                      "Output": [
                        "t.id",
                        "t.title",
                        "t.imdb_index",
                        "t.kind_id",
                        "t.production_year",
                        "t.imdb_id",
                        "t.phonetic_code",
                        "t.episode_of_id",
                        "t.season_nr",
                        "t.episode_nr",
                        "t.series_years",
                        "t.md5sum"
                      ],
                      "Index Cond": "(t.id = mc.movie_id)",
                      "Rows Removed by Index Recheck": 0,
                      "Filter": "((t.production_year >= 1950) AND (t.production_year <= 2000))",
                      "Rows Removed by Filter": 0,
                      "Index Searches": 1152,
                      "Shared Hit Blocks": 4465,
                      "Shared Read Blocks": 143,
                      "Shared Dirtied Blocks": 0,
                      "Shared Written Blocks": 0,
                      "Local Hit Blocks": 0,
                      "Local Read Blocks": 0,
                      "Local Dirtied Blocks": 0,
                      "Local Written Blocks": 0,
                      "Temp Read Blocks": 0,
                      "Temp Written Blocks": 0,
                      "actual_scan_in_card": 2528312,
                      "actual_funnel_counts": [
                        2528312,
                        2292034,
                        910581
                      ],
                      "component_selectivity": {
                        "compare_selectivity": 0.9065471350054898,
                        "compare_selectivity_2": 0.39728075587011363
                      },
                      "ius": [
                        {
                          "name": "t.id",
                          "bytes": 8
                        },
                        {
                          "name": "t.title",
                          "bytes": 8
                        },
                        {
                          "name": "t.imdb_index",
                          "bytes": 8
                        },
                        {
                          "name": "t.kind_id",
                          "bytes": 8
                        },
                        {
                          "name": "t.production_year",
                          "bytes": 8
                        },
                        {
                          "name": "t.imdb_id",
                          "bytes": 8
                        },
                        {
                          "name": "t.phonetic_code",
                          "bytes": 8
                        },
                        {
                          "name": "t.episode_of_id",
                          "bytes": 8
                        },
                        {
                          "name": "t.season_nr",
                          "bytes": 8
                        },
                        {
                          "name": "t.episode_nr",
                          "bytes": 8
                        },
                        {
                          "name": "t.series_years",
                          "bytes": 8
                        },
                        {
                          "name": "t.md5sum",
                          "bytes": 8
                        }
                      ]
                    }
                  ],
                  "ius": [
                    {
                      "name": "cn.name",
                      "bytes": 21
                    },
                    {
                      "name": "mc.movie_id",
                      "bytes": 21
                    },
                    {
                      "name": "ml.movie_id",
                      "bytes": 21
                    },
                    {
                      "name": "lt.link",
                      "bytes": 21
                    },
                    {
                      "name": "t.title",
                      "bytes": 21
                    },
                    {
                      "name": "t.id",
                      "bytes": 21
                    }
                  ]
                },
                {
                  "Node Type": "Index Scan",
                  "Parent Relationship": "Inner",
                  "Parallel Aware": false,
                  "Async Capable": false,
                  "Scan Direction": "Forward",
                  "Index Name": "movie_id_movie_keyword",
                  "Relation Name": "movie_keyword",
                  "Schema": "public",
                  "Alias": "mk",
                  "Startup Cost": 0.43,
                  "Total Cost": 1.34,
                  "Plan Rows": 46,
                  "Plan Width": 8,
                  "Actual Startup Time": 0.02,
                  "Actual Total Time": 0.021,
                  "Actual Rows": 9.83,
                  "Actual Loops": 698,
                  "Disabled": false,
                  "Output": [
                    "mk.id",
                    "mk.movie_id",
                    "mk.keyword_id"
                  ],
                  "Index Cond": "(mk.movie_id = mc.movie_id)",
                  "Rows Removed by Index Recheck": 0,
                  "Index Searches": 698,
                  "Shared Hit Blocks": 2710,
                  "Shared Read Blocks": 47,
                  "Shared Dirtied Blocks": 0,
                  "Shared Written Blocks": 0,
                  "Local Hit Blocks": 0,
                  "Local Read Blocks": 0,
                  "Local Dirtied Blocks": 0,
                  "Local Written Blocks": 0,
                  "Temp Read Blocks": 0,
                  "Temp Written Blocks": 0,
                  "actual_scan_in_card": 4523930,
                  "ius": [
                    {
                      "name": "mk.id",
                      "bytes": 8
                    },
                    {
                      "name": "mk.movie_id",
                      "bytes": 8
                    },
                    {
                      "name": "mk.keyword_id",
                      "bytes": 8
                    }
                  ]
                }
              ],
              "ius": [
                {
                  "name": "cn.name",
                  "bytes": 30
                },
                {
                  "name": "mk.keyword_id",
                  "bytes": 30
                },
                {
                  "name": "lt.link",
                  "bytes": 30
                },
                {
                  "name": "t.title",
                  "bytes": 30
                }
              ]
            },
            {
              "Node Type": "Index Scan",
              "Parent Relationship": "Inner",
              "Parallel Aware": false,
              "Async Capable": false,
              "Scan Direction": "Forward",
              "Index Name": "keyword_pkey",
              "Relation Name": "keyword",
              "Schema": "public",
              "Alias": "k",
              "Startup Cost": 0.42,
              "Total Cost": 0.44,
              "Plan Rows": 1,
              "Plan Width": 4,
              "Actual Startup Time": 0.006,
              "Actual Total Time": 0.006,
              "Actual Rows": 0.05,
              "Actual Loops": 6863,
              "Disabled": false,
              "Output": [
                "k.id",
                "k.keyword",
                "k.phonetic_code"
              ],
              "Index Cond": "(k.id = mk.keyword_id)",
              "Rows Removed by Index Recheck": 0,
              "Filter": "(k.keyword = 'sequel'::text)",
              "Rows Removed by Filter": 1,
              "Index Searches": 6863,
              "Shared Hit Blocks": 27289,
              "Shared Read Blocks": 163,
              "Shared Dirtied Blocks": 0,
              "Shared Written Blocks": 0,
              "Local Hit Blocks": 0,
              "Local Read Blocks": 0,
              "Local Dirtied Blocks": 0,
              "Local Written Blocks": 0,
              "Temp Read Blocks": 0,
              "Temp Written Blocks": 0,
              "actual_scan_in_card": 134170,
              "actual_funnel_counts": [
                134170,
                1
              ],
              "component_selectivity": {
                "compare_selectivity": 7.453230975627935e-06
              },
              "ius": [
                {
                  "name": "k.id",
                  "bytes": 8
                },
                {
                  "name": "k.keyword",
                  "bytes": 8
                },
                {
                  "name": "k.phonetic_code",
                  "bytes": 8
                }
              ]
            }
          ],
          "ius": [
            {
              "name": "cn.name",
              "bytes": 39
            },
            {
              "name": "lt.link",
              "bytes": 39
            },
            {
              "name": "t.title",
              "bytes": 39
            }
          ]
        }
      ],
      "ius": [
        {
          "name": "min(cn.name)",
          "bytes": 32
        },
        {
          "name": "min((lt.link)::text)",
          "bytes": 32
        },
        {
          "name": "min(t.title)",
          "bytes": 32
        }
      ]
    },
    "Planning": {
      "Shared Hit Blocks": 67,
      "Shared Read Blocks": 48,
      "Shared Dirtied Blocks": 0,
      "Shared Written Blocks": 0,
      "Local Hit Blocks": 0,
      "Local Read Blocks": 0,
      "Local Dirtied Blocks": 0,
      "Local Written Blocks": 0,
      "Temp Read Blocks": 0,
      "Temp Written Blocks": 0
    },
    "Planning Time": 123.176,
    "Triggers": [],
    "Execution Time": 200.746
  }
]