[
  {
    "Plan": {
      "Node Type": "Aggregate",
      "Strategy": "Plain",
      "Partial Mode": "Simple",
      "Parallel Aware": false,
      "Async Capable": false,
      "Startup Cost": 7560.17,
      "Total Cost": 7560.18,
      "Plan Rows": 1,
      "Plan Width": 64,
      "Actual Startup Time": 7332.891,
      "Actual Total Time": 7332.894,
      "Actual Rows": 1.0,
      "Actual Loops": 1,
      "Disabled": false,
      "Output": [
        "min(mi_idx.info)",
        "min(t.title)"
      ],
      "Shared Hit Blocks": 129474,
      "Shared Read Blocks": 84090,
      "Shared Dirtied Blocks": 0,
      "Shared Written Blocks": 0,
      "Local Hit Blocks": 0,
      "Local Read Blocks": 0,
      "Local Dirtied Blocks": 0,
      "Local Written Blocks": 0,
      "Temp Read Blocks": 0,
      "Temp Written Blocks": 0,
      "Plans": [
        {
          "Node Type": "Nested Loop",
          "Parent Relationship": "Outer",
          "Parallel Aware": false,
          "Async Capable": false,
          "Join Type": "Inner",
          "Startup Cost": 8.12,
          "Total Cost": 7560.17,
          "Plan Rows": 1,
          "Plan Width": 22,
          "Actual Startup Time": 45.574,
          "Actual Total Time": 7331.804,
          "Actual Rows": 761.0,
          "Actual Loops": 1,
          "Disabled": false,
          "Output": [
            "mi_idx.info",
            "t.title"
          ],
          "Inner Unique": true,
          "Join Filter": "(it2.id = mi_idx.info_type_id)",
          "Rows Removed by Join Filter": 1494,
          "Shared Hit Blocks": 129474,
          "Shared Read Blocks": 84090,
          "Shared Dirtied Blocks": 0,
          "Shared Written Blocks": 0,
          "Local Hit Blocks": 0,
          "Local Read Blocks": 0,
          "Local Dirtied Blocks": 0,
          "Local Written Blocks": 0,
          "Temp Read Blocks": 0,
          "Temp Written Blocks": 0,
          "Plans": [
            {
              "Node Type": "Nested Loop",
              "Parent Relationship": "Outer",
              "Parallel Aware": false,
              "Async Capable": false,
              "Join Type": "Inner",
              "Startup Cost": 8.12,
              "Total Cost": 7557.74,
              "Plan Rows": 1,
              "Plan Width": 26,
              "Actual Startup Time": 42.082,
              "Actual Total Time": 7309.335,
              "Actual Rows": 2255.0,
              "Actual Loops": 1,
              "Disabled": false,
              "Output": [
                "mi_idx.info",
                "mi_idx.info_type_id",
                "t.title"
              ],
              "Inner Unique": false,
              "Join Filter": "(mi_idx.movie_id = t.id)",
              "Rows Removed by Join Filter": 0,
              "Shared Hit Blocks": 127219,
              "Shared Read Blocks": 84090,
              "Shared Dirtied Blocks": 0,
              "Shared Written Blocks": 0,
              "Local Hit Blocks": 0,
              "Local Read Blocks": 0,
              "Local Dirtied Blocks": 0,
              "Local Written Blocks": 0,
              "Temp Read Blocks": 0,
              "Temp Written Blocks": 0,
              "Plans": [
                {
                  "Node Type": "Nested Loop",
                  "Parent Relationship": "Outer",
                  "Parallel Aware": false,
                  "Async Capable": false,
                  "Join Type": "Inner",
                  "Startup Cost": 7.69,
                  "Total Cost": 7557.21,
                  "Plan Rows": 1,
                  "Plan Width": 29,
                  "Actual Startup Time": 41.416,
                  "Actual Total Time": 6973.758,
                  "Actual Rows": 1281.0,
                  "Actual Loops": 1,
                  "Disabled": false,
                  "Output": [
                    "mi.movie_id",
                    "mk.movie_id",
                    "t.title",
                    "t.id"
                  ],
                  "Inner Unique": true,
                  "Join Filter": "(it1.id = mi.info_type_id)",
                  "Rows Removed by Join Filter": 164,
                  "Shared Hit Blocks": 124311,
                  "Shared Read Blocks": 82369,
                  "Shared Dirtied Blocks": 0,
                  "Shared Written Blocks": 0,
                  "Local Hit Blocks": 0,
                  "Local Read Blocks": 0,
                  "Local Dirtied Blocks": 0,
                  "Local Written Blocks": 0,
                  "Temp Read Blocks": 0,
                  "Temp Written Blocks": 0,
                  "Plans": [
                    {
                      "Node Type": "Nested Loop",
                      "Parent Relationship": "Outer",
                      "Parallel Aware": false,
                      "Async Capable": false,
                      "Join Type": "Inner",
                      "Startup Cost": 7.69,
                      "Total Cost": 7554.78,
                      "Plan Rows": 1,
                      "Plan Width": 33,
                      "Actual Startup Time": 41.407,
                      "Actual Total Time": 6954.749,
                      "Actual Rows": 1445.0,
                      "Actual Loops": 1,
                      "Disabled": false,
                      "Output": [
                        "mk.movie_id",
                        "mi.movie_id",
                        "mi.info_type_id",
                        "t.title",
                        "t.id"
                      ],
                      "Inner Unique": false,
                      "Join Filter": "(mi.movie_id = t.id)",
                      "Rows Removed by Join Filter": 0,
                      "Shared Hit Blocks": 122866,
                      "Shared Read Blocks": 82369,
                      "Shared Dirtied Blocks": 0,
                      "Shared Written Blocks": 0,
                      "Local Hit Blocks": 0,
                      "Local Read Blocks": 0,
                      "Local Dirtied Blocks": 0,
                      "Local Written Blocks": 0,
                      "Temp Read Blocks": 0,
                      "Temp Written Blocks": 0,
                      "Plans": [
                        {
                          "Node Type": "Nested Loop",
                          "Parent Relationship": "Outer",
                          "Parallel Aware": false,
                          "Async Capable": false,
                          "Join Type": "Inner",
                          "Startup Cost": 7.23,
                          "Total Cost": 7553.23,
                          "Plan Rows": 1,
                          "Plan Width": 25,
                          "Actual Startup Time": 39.203,
                          "Actual Total Time": 1330.025,
                          "Actual Rows": 1966.0,
                          "Actual Loops": 1,
                          "Disabled": false,
                          "Output": [
                            "mk.movie_id",
                            "t.title",
                            "t.id"
                          ],
                          "Inner Unique": true,
                          "Join Filter": "(kt.id = t.kind_id)",
                          "Rows Removed by Join Filter": 616,
                          "Shared Hit Blocks": 116651,
                          "Shared Read Blocks": 59071,
                          "Shared Dirtied Blocks": 0,
                          "Shared Written Blocks": 0,
                          "Local Hit Blocks": 0,
                          "Local Read Blocks": 0,
                          "Local Dirtied Blocks": 0,
                          "Local Written Blocks": 0,
                          "Temp Read Blocks": 0,
                          "Temp Written Blocks": 0,
                          "Plans": [
                            {
                              "Node Type": "Nested Loop",
                              "Parent Relationship": "Outer",
                              "Parallel Aware": false,
                              "Async Capable": false,
                              "Join Type": "Inner",
                              "Startup Cost": 7.23,
                              "Total Cost": 7528.89,
                              "Plan Rows": 21,
                              "Plan Width": 29,
                              "Actual Startup Time": 10.911,
                              "Actual Total Time": 1324.095,
                              "Actual Rows": 2582.0,
                              "Actual Loops": 1,
                              "Disabled": false,
                              "Output": [
                                "mk.movie_id",
                                "t.title",
                                "t.kind_id",
                                "t.id"
                              ],
                              "Inner Unique": true,
                              "Shared Hit Blocks": 116651,
                              "Shared Read Blocks": 59070,
                              "Shared Dirtied Blocks": 0,
                              "Shared Written Blocks": 0,
                              "Local Hit Blocks": 0,
                              "Local Read Blocks": 0,
                              "Local Dirtied Blocks": 0,
                              "Local Written Blocks": 0,
                              "Temp Read Blocks": 0,
                              "Temp Written Blocks": 0,
                              "Plans": [
                                {
                                  "Node Type": "Nested Loop",
                                  "Parent Relationship": "Outer",
                                  "Parallel Aware": false,
                                  "Async Capable": false,
                                  "Join Type": "Inner",
                                  "Startup Cost": 6.8,
                                  "Total Cost": 7462.77,
                                  "Plan Rows": 135,
                                  "Plan Width": 4,
                                  "Actual Startup Time": 9.074,
                                  "Actual Total Time": 642.465,
                                  "Actual Rows": 37091.0,
                                  "Actual Loops": 1,
                                  "Disabled": false,
                                  "Output": [
                                    "mk.movie_id"
                                  ],
                                  "Inner Unique": false,
                                  "Shared Hit Blocks": 2,
                                  "Shared Read Blocks": 27355,
                                  "Shared Dirtied Blocks": 0,
                                  "Shared Written Blocks": 0,
                                  "Local Hit Blocks": 0,
                                  "Local Read Blocks": 0,
                                  "Local Dirtied Blocks": 0,
                                  "Local Written Blocks": 0,
                                  "Temp Read Blocks": 0,
                                  "Temp Written Blocks": 0,
                                  "Plans": [
                                    {
                                      "Node Type": "Seq Scan",
                                      "Parent Relationship": "Outer",
                                      "Parallel Aware": false,
                                      "Async Capable": false,
                                      "Relation Name": "keyword",
                                      "Schema": "public",
                                      "Alias": "k",
                                      "Startup Cost": 0.0,
                                      "Total Cost": 3020.55,
                                      "Plan Rows": 4,
                                      "Plan Width": 4,
                                      "Actual Startup Time": 1.687,
                                      "Actual Total Time": 20.306,
                                      "Actual Rows": 3.0,
                                      "Actual Loops": 1,
                                      "Disabled": false,
                                      "Output": [
                                        "k.id",
                                        "k.keyword",
                                        "k.phonetic_code"
                                      ],
                                      "Filter": "(k.keyword = ANY ('{murder,murder-in-title,blood,violence}'::text[]))",
                                      "Rows Removed by Filter": 134167,
                                      "Shared Hit Blocks": 0,
                                      "Shared Read Blocks": 1008,
                                      "Shared Dirtied Blocks": 0,
                                      "Shared Written Blocks": 0,
                                      "Local Hit Blocks": 0,
                                      "Local Read Blocks": 0,
                                      "Local Dirtied Blocks": 0,
                                      "Local Written Blocks": 0,
                                      "Temp Read Blocks": 0,
                                      "Temp Written Blocks": 0,
                                      "actual_scan_in_card": 134170,
                                      "actual_funnel_counts": [
                                        134170,
                                        3
                                      ],
                                      "component_selectivity": {
                                        "compare_selectivity": 2.2359692926883804e-05
                                      },
                                      "ius": [
                                        {
                                          "name": "k.id",
                                          "bytes": 8
                                        },
                                        {
                                          "name": "k.keyword",
                                          "bytes": 8
                                        },
                                        {
                                          "name": "k.phonetic_code",
                                          "bytes": 8
                                        }
                                      ]
                                    },
                                    {
                                      "Node Type": "Bitmap Heap Scan",
                                      "Parent Relationship": "Inner",
                                      "Parallel Aware": false,
                                      "Async Capable": false,
                                      "Relation Name": "movie_keyword",
                                      "Schema": "public",
                                      "Alias": "mk",
                                      "Startup Cost": 6.8,
                                      "Total Cost": 1107.5,
                                      "Plan Rows": 306,
                                      "Plan Width": 8,
                                      "Actual Startup Time": 7.361,
                                      "Actual Total Time": 201.979,
                                      "Actual Rows": 12363.67,
                                      "Actual Loops": 3,
                                      "Disabled": false,
                                      "Output": [
                                        "mk.id",
                                        "mk.movie_id",
                                        "mk.keyword_id"
                                      ],
                                      "Recheck Cond": "(k.id = mk.keyword_id)",
                                      "Rows Removed by Index Recheck": 0,
                                      "Exact Heap Blocks": 26312,
                                      "Lossy Heap Blocks": 0,
                                      "Shared Hit Blocks": 2,
                                      "Shared Read Blocks": 26347,
                                      "Shared Dirtied Blocks": 0,
                                      "Shared Written Blocks": 0,
                                      "Local Hit Blocks": 0,
                                      "Local Read Blocks": 0,
                                      "Local Dirtied Blocks": 0,
                                      "Local Written Blocks": 0,
                                      "Temp Read Blocks": 0,
                                      "Temp Written Blocks": 0,
                                      "Plans": [
                                        {
                                          "Node Type": "Bitmap Index Scan",
                                          "Parent Relationship": "Outer",
                                          "Parallel Aware": false,
                                          "Async Capable": false,
                                          "Index Name": "keyword_id_movie_keyword",
                                          "Startup Cost": 0.0,
                                          "Total Cost": 6.73,
                                          "Plan Rows": 306,
                                          "Plan Width": 0,
                                          "Actual Startup Time": 5.343,
                                          "Actual Total Time": 5.343,
                                          "Actual Rows": 12363.67,
                                          "Actual Loops": 3,
                                          "Disabled": false,
                                          "Index Cond": "(mk.keyword_id = k.id)",
                                          "Index Searches": 3,
                                          "Shared Hit Blocks": 2,
                                          "Shared Read Blocks": 35,
                                          "Shared Dirtied Blocks": 0,
                                          "Shared Written Blocks": 0,
                                          "Local Hit Blocks": 0,
                                          "Local Read Blocks": 0,
                                          "Local Dirtied Blocks": 0,
                                          "Local Written Blocks": 0,
                                          "Temp Read Blocks": 0,
                                          "Temp Written Blocks": 0,
                                          "ius": []
                                        }
                                      ],
                                      "ius": [
                                        {
                                          "name": "mk.id",
                                          "bytes": 8
                                        },
                                        {
                                          "name": "mk.movie_id",
                                          "bytes": 8
                                        },
                                        {
                                          "name": "mk.keyword_id",
                                          "bytes": 8
                                        }
                                      ]
                                    }
                                  ],
                                  "ius": [
                                    {
                                      "name": "mk.movie_id",
                                      "bytes": 8
                                    }
                                  ]
                                },
                                {
                                  "Node Type": "Index Scan",
                                  "Parent Relationship": "Inner",
                                  "Parallel Aware": false,
                                  "Async Capable": false,
                                  "Scan Direction": "Forward",
                                  "Index Name": "title_pkey",
                                  "Relation Name": "title",
                                  "Schema": "public",
                                  "Alias": "t",
                                  "Startup Cost": 0.43,
                                  "Total Cost": 0.49,
                                  "Plan Rows": 1,
                                  "Plan Width": 25,
                                  "Actual Startup Time": 0.018,
                                  "Actual Total Time": 0.018,
                                  "Actual Rows": 0.07,
                                  "Actual Loops": 37091,
                                  "Disabled": false,
                                  "Output": [
                                    "t.id",
                                    "t.title",
                                    "t.imdb_index",
                                    "t.kind_id",
                                    "t.production_year",
                                    "t.imdb_id",
                                    "t.phonetic_code",
                                    "t.episode_of_id",
                                    "t.season_nr",
                                    "t.episode_nr",
                                    "t.series_years",
                                    "t.md5sum"
                                  ],
                                  "Index Cond": "(t.id = mk.movie_id)",
                                  "Rows Removed by Index Recheck": 0,
                                  "Filter": "(t.production_year > 2010)",
                                  "Rows Removed by Filter": 1,
                                  "Index Searches": 37091,
                                  "Shared Hit Blocks": 116649,
                                  "Shared Read Blocks": 31715,
                                  "Shared Dirtied Blocks": 0,
                                  "Shared Written Blocks": 0,
                                  "Local Hit Blocks": 0,
                                  "Local Read Blocks": 0,
                                  "Local Dirtied Blocks": 0,
                                  "Local Written Blocks": 0,
                                  "Temp Read Blocks": 0,
                                  "Temp Written Blocks": 0,
                                  "actual_scan_in_card": 2528312,
                                  "actual_funnel_counts": [
                                    2528312,
                                    391666
                                  ],
                                  "component_selectivity": {
                                    "compare_selectivity": 0.15491205199358307
                                  },
                                  "ius": [
                                    {
                                      "name": "t.id",
                                      "bytes": 8
                                    },
                                    {
                                      "name": "t.title",
                                      "bytes": 8
                                    },
                                    {
                                      "name": "t.imdb_index",
                                      "bytes": 8
                                    },
                                    {
                                      "name": "t.kind_id",
                                      "bytes": 8
                                    },
                                    {
                                      "name": "t.production_year",
                                      "bytes": 8
                                    },
                                    {
                                      "name": "t.imdb_id",
                                      "bytes": 8
                                    },
                                    {
                                      "name": "t.phonetic_code",
                                      "bytes": 8
                                    },
                                    {
                                      "name": "t.episode_of_id",
                                      "bytes": 8
                                    },
                                    {
                                      "name": "t.season_nr",
                                      "bytes": 8
                                    },
                                    {
                                      "name": "t.episode_nr",
                                      "bytes": 8
                                    },
                                    {
                                      "name": "t.series_years",
                                      "bytes": 8
                                    },
                                    {
                                      "name": "t.md5sum",
                                      "bytes": 8
                                    }
                                  ]
                                }
                              ],
                              "ius": [
                                {
                                  "name": "mk.movie_id",
                                  "bytes": 8
                                },
                                {
                                  "name": "t.title",
                                  "bytes": 8
                                },
                                {
                                  "name": "t.kind_id",
                                  "bytes": 8
                                },
                                {
                                  "name": "t.id",
                                  "bytes": 8
                                }
                              ]
                            },
                            {
                              "Node Type": "Materialize",
                              "Parent Relationship": "Inner",
                              "Parallel Aware": false,
                              "Async Capable": false,
                              "Startup Cost": 0.0,
                              "Total Cost": 22.77,
                              "Plan Rows": 5,
                              "Plan Width": 4,
                              "Actual Startup Time": 0.001,
                              "Actual Total Time": 0.001,
                              "Actual Rows": 1.0,
                              "Actual Loops": 2582,
                              "Disabled": false,
                              "Output": [
                                "kt.id"
                              ],
                              "Storage": "Memory",
                              "Maximum Storage": 17,
                              "Shared Hit Blocks": 0,
                              "Shared Read Blocks": 1,
                              "Shared Dirtied Blocks": 0,
                              "Shared Written Blocks": 0,
                              "Local Hit Blocks": 0,
                              "Local Read Blocks": 0,
                              "Local Dirtied Blocks": 0,
                              "Local Written Blocks": 0,
                              "Temp Read Blocks": 0,
                              "Temp Written Blocks": 0,
                              "Plans": [
                                {
                                  "Node Type": "Seq Scan",
                                  "Parent Relationship": "Outer",
                                  "Parallel Aware": false,
                                  "Async Capable": false,
                                  "Relation Name": "kind_type",
                                  "Schema": "public",
                                  "Alias": "kt",
                                  "Startup Cost": 0.0,
                                  "Total Cost": 22.75,
                                  "Plan Rows": 5,
                                  "Plan Width": 4,
                                  "Actual Startup Time": 1.274,
                                  "Actual Total Time": 1.274,
                                  "Actual Rows": 1.0,
                                  "Actual Loops": 1,
                                  "Disabled": false,
                                  "Output": [
                                    "kt.id"
                                  ],
                                  "Filter": "((kt.kind)::text = 'movie'::text)",
                                  "Rows Removed by Filter": 6,
                                  "Shared Hit Blocks": 0,
                                  "Shared Read Blocks": 1,
                                  "Shared Dirtied Blocks": 0,
                                  "Shared Written Blocks": 0,
                                  "Local Hit Blocks": 0,
                                  "Local Read Blocks": 0,
                                  "Local Dirtied Blocks": 0,
                                  "Local Written Blocks": 0,
                                  "Temp Read Blocks": 0,
                                  "Temp Written Blocks": 0,
                                  "actual_scan_in_card": 7,
                                  "actual_funnel_counts": [
                                    7,
                                    1
                                  ],
                                  "component_selectivity": {
                                    "compare_selectivity": 0.14285714285714285
                                  },
                                  "ius": [
                                    {
                                      "name": "kt.id",
                                      "bytes": 8
                                    }
                                  ]
                                }
                              ],
                              "ius": [
                                {
                                  "name": "kt.id",
                                  "bytes": 8
                                }
                              ]
                            }
                          ],
                          "ius": [
                            {
                              "name": "mk.movie_id",
                              "bytes": 8
                            },
                            {
                              "name": "t.title",
                              "bytes": 8
                            },
                            {
                              "name": "t.id",
                              "bytes": 8
                            }
                          ]
                        },
                        {
                          "Node Type": "Index Scan",
                          "Parent Relationship": "Inner",
                          "Parallel Aware": false,
                          "Async Capable": false,
                          "Scan Direction": "Forward",
                          "Index Name": "movie_id_movie_info",
                          "Relation Name": "movie_info",
                          "Schema": "public",
                          "Alias": "mi",
                          "Startup Cost": 0.46,
                          "Total Cost": 1.53,
                          "Plan Rows": 2,
                          "Plan Width": 8,
                          "Actual Startup Time": 2.555,
                          "Actual Total Time": 2.859,
                          "Actual Rows": 0.73,
                          "Actual Loops": 1966,
                          "Disabled": false,
                          "Output": [
                            "mi.id",
                            "mi.movie_id",
                            "mi.info_type_id",
                            "mi.info",
                            "mi.note"
                          ],
                          "Index Cond": "(mi.movie_id = mk.movie_id)",
                          "Rows Removed by Index Recheck": 0,
                          "Filter": "(mi.info = ANY ('{Sweden,Norway,Germany,Denmark,Swedish,Denish,Norwegian,German,USA,American}'::text[]))",
                          "Rows Removed by Filter": 47,
                          "Index Searches": 1966,
                          "Shared Hit Blocks": 6215,
                          "Shared Read Blocks": 23298,
                          "Shared Dirtied Blocks": 0,
                          "Shared Written Blocks": 0,
                          "Local Hit Blocks": 0,
                          "Local Read Blocks": 0,
                          "Local Dirtied Blocks": 0,
                          "Local Written Blocks": 0,
                          "Temp Read Blocks": 0,
                          "Temp Written Blocks": 0,
                          "actual_scan_in_card": 14835720,
                          "actual_funnel_counts": [
                            14835720,
                            706674
                          ],
                          "component_selectivity": {
                            "compare_selectivity": 0.0476332796790449
                          },
                          "ius": [
                            {
                              "name": "mi.id",
                              "bytes": 8
                            },
                            {
                              "name": "mi.movie_id",
                              "bytes": 8
                            },
                            {
                              "name": "mi.info_type_id",
                              "bytes": 8
                            },
                            {
                              "name": "mi.info",
                              "bytes": 8
                            },
                            {
                              "name": "mi.note",
                              "bytes": 8
                            }
                          ]
                        }
                      ],
                      "ius": [
                        {
                          "name": "mk.movie_id",
                          "bytes": 8
                        },
                        {
                          "name": "mi.movie_id",
                          "bytes": 8
                        },
                        {
                          "name": "mi.info_type_id",
                          "bytes": 8
                        },
                        {
                          "name": "t.title",
                          "bytes": 8
                        },
                        {
                          "name": "t.id",
                          "bytes": 8
                        }
                      ]
                    },
                    {
                      "Node Type": "Seq Scan",
                      "Parent Relationship": "Inner",
                      "Parallel Aware": false,
                      "Async Capable": false,
                      "Relation Name": "info_type",
                      "Schema": "public",
                      "Alias": "it1",
                      "Startup Cost": 0.0,
                      "Total Cost": 2.41,
                      "Plan Rows": 1,
                      "Plan Width": 4,
                      "Actual Startup Time": 0.005,
                      "Actual Total Time": 0.005,
                      "Actual Rows": 1.0,
                      "Actual Loops": 1445,
                      "Disabled": false,
                      "Output": [
                        "it1.id",
                        "it1.info"
                      ],
                      "Filter": "((it1.info)::text = 'countries'::text)",
                      "Rows Removed by Filter": 19,
                      "Shared Hit Blocks": 1445,
                      "Shared Read Blocks": 0,
                      "Shared Dirtied Blocks": 0,
                      "Shared Written Blocks": 0,
                      "Local Hit Blocks": 0,
                      "Local Read Blocks": 0,
                      "Local Dirtied Blocks": 0,
                      "Local Written Blocks": 0,
                      "Temp Read Blocks": 0,
                      "Temp Written Blocks": 0,
                      "actual_scan_in_card": 113,
                      "actual_funnel_counts": [
                        113,
                        1
                      ],
                      "component_selectivity": {
                        "compare_selectivity": 0.008849557522123894
                      },
                      "ius": [
                        {
                          "name": "it1.id",
                          "bytes": 8
                        },
                        {
                          "name": "it1.info",
                          "bytes": 8
                        }
                      ]
                    }
                  ],
                  "ius": [
                    {
                      "name": "mi.movie_id",
                      "bytes": 8
                    },
                    {
                      "name": "mk.movie_id",
                      "bytes": 8
                    },
                    {
                      "name": "t.title",
                      "bytes": 8
                    },
                    {
                      "name": "t.id",
                      "bytes": 8
                    }
                  ]
                },
                {
                  "Node Type": "Index Scan",
                  "Parent Relationship": "Inner",
                  "Parallel Aware": false,
                  "Async Capable": false,
                  "Scan Direction": "Forward",
                  "Index Name": "movie_id_movie_info_idx",
                  "Relation Name": "movie_info_idx",
                  "Schema": "public",
                  "Alias": "mi_idx",
                  "Startup Cost": 0.43,
                  "Total Cost": 0.5,
                  "Plan Rows": 3,
                  "Plan Width": 13,
                  "Actual Startup Time": 0.259,
                  "Actual Total Time": 0.26,
                  "Actual Rows": 1.76,
                  "Actual Loops": 1281,
                  "Disabled": false,
                  "Output": [
                    "mi_idx.id",
                    "mi_idx.movie_id",
                    "mi_idx.info_type_id",
                    "mi_idx.info",
                    "mi_idx.note"
                  ],
                  "Index Cond": "(mi_idx.movie_id = mk.movie_id)",
                  "Rows Removed by Index Recheck": 0,
                  "Filter": "(mi_idx.info < '8.5'::text)",
                  "Rows Removed by Filter": 0,
                  "Index Searches": 1281,
                  "Shared Hit Blocks": 2908,
                  "Shared Read Blocks": 1721,
                  "Shared Dirtied Blocks": 0,
                  "Shared Written Blocks": 0,
                  "Local Hit Blocks": 0,
                  "Local Read Blocks": 0,
                  "Local Dirtied Blocks": 0,
                  "Local Written Blocks": 0,
                  "Temp Read Blocks": 0,
                  "Temp Written Blocks": 0,
                  "actual_scan_in_card": 1380035,
                  "actual_funnel_counts": [
                    1380035,
                    1337634
                  ],
                  "component_selectivity": {
                    "compare_selectivity": 0.9692754169278316
                  },
                  "ius": [
                    {
                      "name": "mi_idx.id",
                      "bytes": 8
                    },
                    {
                      "name": "mi_idx.movie_id",
                      "bytes": 8
                    },
                    {
                      "name": "mi_idx.info_type_id",
                      "bytes": 8
                    },
                    {
                      "name": "mi_idx.info",
                      "bytes": 8
                    },
                    {
                      "name": "mi_idx.note",
                      "bytes": 8
                    }
                  ]
                }
              ],
              "ius": [
                {
                  "name": "mi_idx.info",
                  "bytes": 8
                },
                {
                  "name": "mi_idx.info_type_id",
                  "bytes": 8
                },
                {
                  "name": "t.title",
                  "bytes": 8
                }
              ]
            },
            {
              "Node Type": "Seq Scan",
              "Parent Relationship": "Inner",
              "Parallel Aware": false,
              "Async Capable": false,
              "Relation Name": "info_type",
              "Schema": "public",
              "Alias": "it2",
              "Startup Cost": 0.0,
              "Total Cost": 2.41,
              "Plan Rows": 1,
              "Plan Width": 4,
              "Actual Startup Time": 0.008,
              "Actual Total Time": 0.008,
              "Actual Rows": 1.0,
              "Actual Loops": 2255,
              "Disabled": false,
              "Output": [
                "it2.id",
                "it2.info"
              ],
              "Filter": "((it2.info)::text = 'rating'::text)",
              "Rows Removed by Filter": 108,
              "Shared Hit Blocks": 2255,
              "Shared Read Blocks": 0,
              "Shared Dirtied Blocks": 0,
              "Shared Written Blocks": 0,
              "Local Hit Blocks": 0,
              "Local Read Blocks": 0,
              "Local Dirtied Blocks": 0,
              "Local Written Blocks": 0,
              "Temp Read Blocks": 0,
              "Temp Written Blocks": 0,
              "actual_scan_in_card": 113,
              "actual_funnel_counts": [
                113,
                1
              ],
              "component_selectivity": {
                "compare_selectivity": 0.008849557522123894
              },
              "ius": [
                {
                  "name": "it2.id",
                  "bytes": 8
                },
                {
                  "name": "it2.info",
                  "bytes": 8
                }
              ]
            }
          ],
          "ius": [
            {
              "name": "mi_idx.info",
              "bytes": 11
            },
            {
              "name": "t.title",
              "bytes": 11
            }
          ]
        }
      ],
      "ius": [
        {
          "name": "min(mi_idx.info)",
          "bytes": 32
        },
        {
          "name": "min(t.title)",
          "bytes": 32
        }
      ]
    },
    "Planning": {
      "Shared Hit Blocks": 89,
      "Shared Read Blocks": 29,
      "Shared Dirtied Blocks": 0,
      "Shared Written Blocks": 0,
      "Local Hit Blocks": 0,
      "Local Read Blocks": 0,
      "Local Dirtied Blocks": 0,
      "Local Written Blocks": 0,
      "Temp Read Blocks": 0,
      "Temp Written Blocks": 0
    },
    "Planning Time": 7.884,
    "Triggers": [],
    "Execution Time": 7332.973
  }
]