[
  {
    "Plan": {
      "Node Type": "Aggregate",
      "Strategy": "Plain",
      "Partial Mode": "Simple",
      "Parallel Aware": false,
      "Async Capable": false,
      "Startup Cost": 4997.29,
      "Total Cost": 4997.3,
      "Plan Rows": 1,
      "Plan Width": 64,
      "Actual Startup Time": 482.881,
      "Actual Total Time": 482.884,
      "Actual Rows": 1.0,
      "Actual Loops": 1,
      "Disabled": false,
      "Output": [
        "min(mi_idx.info)",
        "min(t.title)"
      ],
      "Shared Hit Blocks": 62639,
      "Shared Read Blocks": 29094,
      "Shared Dirtied Blocks": 0,
      "Shared Written Blocks": 0,
      "Local Hit Blocks": 0,
      "Local Read Blocks": 0,
      "Local Dirtied Blocks": 0,
      "Local Written Blocks": 0,
      "Temp Read Blocks": 0,
      "Temp Written Blocks": 0,
      "Plans": [
        {
          "Node Type": "Nested Loop",
          "Parent Relationship": "Outer",
          "Parallel Aware": false,
          "Async Capable": false,
          "Join Type": "Inner",
          "Startup Cost": 8.12,
          "Total Cost": 4997.29,
          "Plan Rows": 1,
          "Plan Width": 22,
          "Actual Startup Time": 334.698,
          "Actual Total Time": 482.877,
          "Actual Rows": 1.0,
          "Actual Loops": 1,
          "Disabled": false,
          "Output": [
            "mi_idx.info",
            "t.title"
          ],
          "Inner Unique": true,
          "Join Filter": "(kt.id = t.kind_id)",
          "Rows Removed by Join Filter": 1,
          "Shared Hit Blocks": 62639,
          "Shared Read Blocks": 29094,
          "Shared Dirtied Blocks": 0,
          "Shared Written Blocks": 0,
          "Local Hit Blocks": 0,
          "Local Read Blocks": 0,
          "Local Dirtied Blocks": 0,
          "Local Written Blocks": 0,
          "Temp Read Blocks": 0,
          "Temp Written Blocks": 0,
          "Plans": [
            {
              "Node Type": "Nested Loop",
              "Parent Relationship": "Outer",
              "Parallel Aware": false,
              "Async Capable": false,
              "Join Type": "Inner",
              "Startup Cost": 8.12,
              "Total Cost": 4974.48,
              "Plan Rows": 1,
              "Plan Width": 26,
              "Actual Startup Time": 18.845,
              "Actual Total Time": 482.853,
              "Actual Rows": 2.0,
              "Actual Loops": 1,
              "Disabled": false,
              "Output": [
                "mi_idx.info",
                "t.title",
                "t.kind_id"
              ],
              "Inner Unique": true,
              "Join Filter": "(it2.id = mi_idx.info_type_id)",
              "Rows Removed by Join Filter": 1,
              "Shared Hit Blocks": 62638,
              "Shared Read Blocks": 29093,
              "Shared Dirtied Blocks": 0,
              "Shared Written Blocks": 0,
              "Local Hit Blocks": 0,
              "Local Read Blocks": 0,
              "Local Dirtied Blocks": 0,
              "Local Written Blocks": 0,
              "Temp Read Blocks": 0,
              "Temp Written Blocks": 0,
              "Plans": [
                {
                  "Node Type": "Nested Loop",
                  "Parent Relationship": "Outer",
                  "Parallel Aware": false,
                  "Async Capable": false,
                  "Join Type": "Inner",
                  "Startup Cost": 8.12,
                  "Total Cost": 4972.05,
                  "Plan Rows": 1,
                  "Plan Width": 30,
                  "Actual Startup Time": 18.831,
                  "Actual Total Time": 482.832,
                  "Actual Rows": 3.0,
                  "Actual Loops": 1,
                  "Disabled": false,
                  "Output": [
                    "mi_idx.info",
                    "mi_idx.info_type_id",
                    "t.title",
                    "t.kind_id"
                  ],
                  "Inner Unique": false,
                  "Join Filter": "(mi_idx.movie_id = t.id)",
                  "Rows Removed by Join Filter": 0,
                  "Shared Hit Blocks": 62635,
                  "Shared Read Blocks": 29093,
                  "Shared Dirtied Blocks": 0,
                  "Shared Written Blocks": 0,
                  "Local Hit Blocks": 0,
                  "Local Read Blocks": 0,
                  "Local Dirtied Blocks": 0,
                  "Local Written Blocks": 0,
                  "Temp Read Blocks": 0,
                  "Temp Written Blocks": 0,
                  "Plans": [
                    {
                      "Node Type": "Nested Loop",
                      "Parent Relationship": "Outer",
                      "Parallel Aware": false,
                      "Async Capable": false,
                      "Join Type": "Inner",
                      "Startup Cost": 7.69,
                      "Total Cost": 4971.54,
                      "Plan Rows": 1,
                      "Plan Width": 33,
                      "Actual Startup Time": 18.527,
                      "Actual Total Time": 480.738,
                      "Actual Rows": 8.0,
                      "Actual Loops": 1,
                      "Disabled": false,
                      "Output": [
                        "mi.movie_id",
                        "mk.movie_id",
                        "t.title",
                        "t.kind_id",
                        "t.id"
                      ],
                      "Inner Unique": true,
                      "Join Filter": "(it1.id = mi.info_type_id)",
                      "Rows Removed by Join Filter": 0,
                      "Shared Hit Blocks": 62622,
                      "Shared Read Blocks": 29078,
                      "Shared Dirtied Blocks": 0,
                      "Shared Written Blocks": 0,
                      "Local Hit Blocks": 0,
                      "Local Read Blocks": 0,
                      "Local Dirtied Blocks": 0,
                      "Local Written Blocks": 0,
                      "Temp Read Blocks": 0,
                      "Temp Written Blocks": 0,
                      "Plans": [
                        {
                          "Node Type": "Nested Loop",
                          "Parent Relationship": "Outer",
                          "Parallel Aware": false,
                          "Async Capable": false,
                          "Join Type": "Inner",
                          "Startup Cost": 7.69,
                          "Total Cost": 4969.11,
                          "Plan Rows": 1,
                          "Plan Width": 37,
                          "Actual Startup Time": 18.515,
                          "Actual Total Time": 480.665,
                          "Actual Rows": 8.0,
                          "Actual Loops": 1,
                          "Disabled": false,
                          "Output": [
                            "mk.movie_id",
                            "mi.movie_id",
                            "mi.info_type_id",
                            "t.title",
                            "t.kind_id",
                            "t.id"
                          ],
                          "Inner Unique": false,
                          "Join Filter": "(mi.movie_id = t.id)",
                          "Rows Removed by Join Filter": 0,
                          "Shared Hit Blocks": 62614,
                          "Shared Read Blocks": 29078,
                          "Shared Dirtied Blocks": 0,
                          "Shared Written Blocks": 0,
                          "Local Hit Blocks": 0,
                          "Local Read Blocks": 0,
                          "Local Dirtied Blocks": 0,
                          "Local Written Blocks": 0,
                          "Temp Read Blocks": 0,
                          "Temp Written Blocks": 0,
                          "Plans": [
                            {
                              "Node Type": "Nested Loop",
                              "Parent Relationship": "Outer",
                              "Parallel Aware": false,
                              "Async Capable": false,
                              "Join Type": "Inner",
                              "Startup Cost": 7.23,
                              "Total Cost": 4967.56,
                              "Plan Rows": 1,
                              "Plan Width": 29,
                              "Actual Startup Time": 15.635,
                              "Actual Total Time": 458.438,
                              "Actual Rows": 15.0,
                              "Actual Loops": 1,
                              "Disabled": false,
                              "Output": [
                                "mk.movie_id",
                                "t.title",
                                "t.kind_id",
                                "t.id"
                              ],
                              "Inner Unique": true,
                              "Shared Hit Blocks": 62581,
                              "Shared Read Blocks": 28946,
                              "Shared Dirtied Blocks": 0,
                              "Shared Written Blocks": 0,
                              "Local Hit Blocks": 0,
                              "Local Read Blocks": 0,
                              "Local Dirtied Blocks": 0,
                              "Local Written Blocks": 0,
                              "Temp Read Blocks": 0,
                              "Temp Written Blocks": 0,
                              "Plans": [
                                {
                                  "Node Type": "Nested Loop",
                                  "Parent Relationship": "Outer",
                                  "Parallel Aware": false,
                                  "Async Capable": false,
                                  "Join Type": "Inner",
                                  "Startup Cost": 6.8,
                                  "Total Cost": 4934.24,
                                  "Plan Rows": 67,
                                  "Plan Width": 4,
                                  "Actual Startup Time": 7.05,
                                  "Actual Total Time": 214.833,
                                  "Actual Rows": 19528.0,
                                  "Actual Loops": 1,
                                  "Disabled": false,
                                  "Output": [
                                    "mk.movie_id"
                                  ],
                                  "Inner Unique": false,
                                  "Shared Hit Blocks": 54,
                                  "Shared Read Blocks": 13361,
                                  "Shared Dirtied Blocks": 0,
                                  "Shared Written Blocks": 0,
                                  "Local Hit Blocks": 0,
                                  "Local Read Blocks": 0,
                                  "Local Dirtied Blocks": 0,
                                  "Local Written Blocks": 0,
                                  "Temp Read Blocks": 0,
                                  "Temp Written Blocks": 0,
                                  "Plans": [
                                    {
                                      "Node Type": "Seq Scan",
                                      "Parent Relationship": "Outer",
                                      "Parallel Aware": false,
                                      "Async Capable": false,
                                      "Relation Name": "keyword",
                                      "Schema": "public",
                                      "Alias": "k",
                                      "Startup Cost": 0.0,
                                      "Total Cost": 2685.12,
                                      "Plan Rows": 2,
                                      "Plan Width": 4,
                                      "Actual Startup Time": 0.415,
                                      "Actual Total Time": 13.036,
                                      "Actual Rows": 1.0,
                                      "Actual Loops": 1,
                                      "Disabled": false,
                                      "Output": [
                                        "k.id",
                                        "k.keyword",
                                        "k.phonetic_code"
                                      ],
                                      "Filter": "(k.keyword = ANY ('{murder,murder-in-title}'::text[]))",
                                      "Rows Removed by Filter": 134169,
                                      "Shared Hit Blocks": 52,
                                      "Shared Read Blocks": 956,
                                      "Shared Dirtied Blocks": 0,
                                      "Shared Written Blocks": 0,
                                      "Local Hit Blocks": 0,
                                      "Local Read Blocks": 0,
                                      "Local Dirtied Blocks": 0,
                                      "Local Written Blocks": 0,
                                      "Temp Read Blocks": 0,
                                      "Temp Written Blocks": 0,
                                      "actual_scan_in_card": 134170,
                                      "actual_funnel_counts": [
                                        134170,
                                        1
                                      ],
                                      "component_selectivity": {
                                        "compare_selectivity": 7.453230975627935e-06
                                      },
                                      "ius": [
                                        {
                                          "name": "k.id",
                                          "bytes": 8
                                        },
                                        {
                                          "name": "k.keyword",
                                          "bytes": 8
                                        },
                                        {
                                          "name": "k.phonetic_code",
                                          "bytes": 8
                                        }
                                      ]
                                    },
                                    {
                                      "Node Type": "Bitmap Heap Scan",
                                      "Parent Relationship": "Inner",
                                      "Parallel Aware": false,
                                      "Async Capable": false,
                                      "Relation Name": "movie_keyword",
                                      "Schema": "public",
                                      "Alias": "mk",
                                      "Startup Cost": 6.8,
                                      "Total Cost": 1121.5,
                                      "Plan Rows": 306,
                                      "Plan Width": 8,
                                      "Actual Startup Time": 6.63,
                                      "Actual Total Time": 200.471,
                                      "Actual Rows": 19528.0,
                                      "Actual Loops": 1,
                                      "Disabled": false,
                                      "Output": [
                                        "mk.id",
                                        "mk.movie_id",
                                        "mk.keyword_id"
                                      ],
                                      "Recheck Cond": "(k.id = mk.keyword_id)",
                                      "Rows Removed by Index Recheck": 0,
                                      "Exact Heap Blocks": 12389,
                                      "Lossy Heap Blocks": 0,
                                      "Shared Hit Blocks": 2,
                                      "Shared Read Blocks": 12405,
                                      "Shared Dirtied Blocks": 0,
                                      "Shared Written Blocks": 0,
                                      "Local Hit Blocks": 0,
                                      "Local Read Blocks": 0,
                                      "Local Dirtied Blocks": 0,
                                      "Local Written Blocks": 0,
                                      "Temp Read Blocks": 0,
                                      "Temp Written Blocks": 0,
                                      "Plans": [
                                        {
                                          "Node Type": "Bitmap Index Scan",
                                          "Parent Relationship": "Outer",
                                          "Parallel Aware": false,
                                          "Async Capable": false,
                                          "Index Name": "keyword_id_movie_keyword",
                                          "Startup Cost": 0.0,
                                          "Total Cost": 6.73,
                                          "Plan Rows": 306,
                                          "Plan Width": 0,
                                          "Actual Startup Time": 4.461,
                                          "Actual Total Time": 4.461,
                                          "Actual Rows": 19528.0,
                                          "Actual Loops": 1,
                                          "Disabled": false,
                                          "Index Cond": "(mk.keyword_id = k.id)",
                                          "Index Searches": 1,
                                          "Shared Hit Blocks": 2,
                                          "Shared Read Blocks": 16,
                                          "Shared Dirtied Blocks": 0,
                                          "Shared Written Blocks": 0,
                                          "Local Hit Blocks": 0,
                                          "Local Read Blocks": 0,
                                          "Local Dirtied Blocks": 0,
                                          "Local Written Blocks": 0,
                                          "Temp Read Blocks": 0,
                                          "Temp Written Blocks": 0,
                                          "ius": []
                                        }
                                      ],
                                      "ius": [
                                        {
                                          "name": "mk.id",
                                          "bytes": 8
                                        },
                                        {
                                          "name": "mk.movie_id",
                                          "bytes": 8
                                        },
                                        {
                                          "name": "mk.keyword_id",
                                          "bytes": 8
                                        }
                                      ]
                                    }
                                  ],
                                  "ius": [
                                    {
                                      "name": "mk.movie_id",
                                      "bytes": 8
                                    }
                                  ]
                                },
                                {
                                  "Node Type": "Index Scan",
                                  "Parent Relationship": "Inner",
                                  "Parallel Aware": false,
                                  "Async Capable": false,
                                  "Scan Direction": "Forward",
                                  "Index Name": "title_pkey",
                                  "Relation Name": "title",
                                  "Schema": "public",
                                  "Alias": "t",
                                  "Startup Cost": 0.43,
                                  "Total Cost": 0.5,
                                  "Plan Rows": 1,
                                  "Plan Width": 25,
                                  "Actual Startup Time": 0.012,
                                  "Actual Total Time": 0.012,
                                  "Actual Rows": 0.0,
                                  "Actual Loops": 19528,
                                  "Disabled": false,
                                  "Output": [
                                    "t.id",
                                    "t.title",
                                    "t.imdb_index",
                                    "t.kind_id",
                                    "t.production_year",
                                    "t.imdb_id",
                                    "t.phonetic_code",
                                    "t.episode_of_id",
                                    "t.season_nr",
                                    "t.episode_nr",
                                    "t.series_years",
                                    "t.md5sum"
                                  ],
                                  "Index Cond": "(t.id = mk.movie_id)",
                                  "Rows Removed by Index Recheck": 0,
                                  "Filter": "((t.production_year > 2010) AND ((t.title ~~ '%murder%'::text) OR (t.title ~~ '%Murder%'::text) OR (t.title ~~ '%Mord%'::text)))",
                                  "Rows Removed by Filter": 1,
                                  "Index Searches": 19528,
                                  "Shared Hit Blocks": 62527,
                                  "Shared Read Blocks": 15585,
                                  "Shared Dirtied Blocks": 0,
                                  "Shared Written Blocks": 0,
                                  "Local Hit Blocks": 0,
                                  "Local Read Blocks": 0,
                                  "Local Dirtied Blocks": 0,
                                  "Local Written Blocks": 0,
                                  "Temp Read Blocks": 0,
                                  "Temp Written Blocks": 0,
                                  "actual_scan_in_card": 2528312,
                                  "actual_funnel_counts": [
                                    2528312,
                                    391666,
                                    455
                                  ],
                                  "component_selectivity": {
                                    "compare_selectivity": 0.15491205199358307,
                                    "expression_selectivity": 0.0011617041050282638
                                  },
                                  "ius": [
                                    {
                                      "name": "t.id",
                                      "bytes": 8
                                    },
                                    {
                                      "name": "t.title",
                                      "bytes": 8
                                    },
                                    {
                                      "name": "t.imdb_index",
                                      "bytes": 8
                                    },
                                    {
                                      "name": "t.kind_id",
                                      "bytes": 8
                                    },
                                    {
                                      "name": "t.production_year",
                                      "bytes": 8
                                    },
                                    {
                                      "name": "t.imdb_id",
                                      "bytes": 8
                                    },
                                    {
                                      "name": "t.phonetic_code",
                                      "bytes": 8
                                    },
                                    {
                                      "name": "t.episode_of_id",
                                      "bytes": 8
                                    },
                                    {
                                      "name": "t.season_nr",
                                      "bytes": 8
                                    },
                                    {
                                      "name": "t.episode_nr",
                                      "bytes": 8
                                    },
                                    {
                                      "name": "t.series_years",
                                      "bytes": 8
                                    },
                                    {
                                      "name": "t.md5sum",
                                      "bytes": 8
                                    }
                                  ]
                                }
                              ],
                              "ius": [
                                {
                                  "name": "mk.movie_id",
                                  "bytes": 8
                                },
                                {
                                  "name": "t.title",
                                  "bytes": 8
                                },
                                {
                                  "name": "t.kind_id",
                                  "bytes": 8
                                },
                                {
                                  "name": "t.id",
                                  "bytes": 8
                                }
                              ]
                            },
                            {
                              "Node Type": "Index Scan",
                              "Parent Relationship": "Inner",
                              "Parallel Aware": false,
                              "Async Capable": false,
                              "Scan Direction": "Forward",
                              "Index Name": "movie_id_movie_info",
                              "Relation Name": "movie_info",
                              "Schema": "public",
                              "Alias": "mi",
                              "Startup Cost": 0.46,
                              "Total Cost": 1.53,
                              "Plan Rows": 2,
                              "Plan Width": 8,
                              "Actual Startup Time": 1.342,
                              "Actual Total Time": 1.48,
                              "Actual Rows": 0.53,
                              "Actual Loops": 15,
                              "Disabled": false,
                              "Output": [
                                "mi.id",
                                "mi.movie_id",
                                "mi.info_type_id",
                                "mi.info",
                                "mi.note"
                              ],
                              "Index Cond": "(mi.movie_id = mk.movie_id)",
                              "Rows Removed by Index Recheck": 0,
                              "Filter": "(mi.info = ANY ('{Sweden,Norway,Germany,Denmark,Swedish,Denish,Norwegian,German,USA,American}'::text[]))",
                              "Rows Removed by Filter": 12,
                              "Index Searches": 15,
                              "Shared Hit Blocks": 33,
                              "Shared Read Blocks": 132,
                              "Shared Dirtied Blocks": 0,
                              "Shared Written Blocks": 0,
                              "Local Hit Blocks": 0,
                              "Local Read Blocks": 0,
                              "Local Dirtied Blocks": 0,
                              "Local Written Blocks": 0,
                              "Temp Read Blocks": 0,
                              "Temp Written Blocks": 0,
                              "actual_scan_in_card": 14835720,
                              "actual_funnel_counts": [
                                14835720,
                                706674
                              ],
                              "component_selectivity": {
                                "compare_selectivity": 0.0476332796790449
                              },
                              "ius": [
                                {
                                  "name": "mi.id",
                                  "bytes": 8
                                },
                                {
                                  "name": "mi.movie_id",
                                  "bytes": 8
                                },
                                {
                                  "name": "mi.info_type_id",
                                  "bytes": 8
                                },
                                {
                                  "name": "mi.info",
                                  "bytes": 8
                                },
                                {
                                  "name": "mi.note",
                                  "bytes": 8
                                }
                              ]
                            }
                          ],
                          "ius": [
                            {
                              "name": "mk.movie_id",
                              "bytes": 8
                            },
                            {
                              "name": "mi.movie_id",
                              "bytes": 8
                            },
                            {
                              "name": "mi.info_type_id",
                              "bytes": 8
                            },
                            {
                              "name": "t.title",
                              "bytes": 8
                            },
                            {
                              "name": "t.kind_id",
                              "bytes": 8
                            },
                            {
                              "name": "t.id",
                              "bytes": 8
                            }
                          ]
                        },
                        {
                          "Node Type": "Seq Scan",
                          "Parent Relationship": "Inner",
                          "Parallel Aware": false,
                          "Async Capable": false,
                          "Relation Name": "info_type",
                          "Schema": "public",
                          "Alias": "it1",
                          "Startup Cost": 0.0,
                          "Total Cost": 2.41,
                          "Plan Rows": 1,
                          "Plan Width": 4,
                          "Actual Startup Time": 0.004,
                          "Actual Total Time": 0.004,
                          "Actual Rows": 1.0,
                          "Actual Loops": 8,
                          "Disabled": false,
                          "Output": [
                            "it1.id",
                            "it1.info"
                          ],
                          "Filter": "((it1.info)::text = 'countries'::text)",
                          "Rows Removed by Filter": 7,
                          "Shared Hit Blocks": 8,
                          "Shared Read Blocks": 0,
                          "Shared Dirtied Blocks": 0,
                          "Shared Written Blocks": 0,
                          "Local Hit Blocks": 0,
                          "Local Read Blocks": 0,
                          "Local Dirtied Blocks": 0,
                          "Local Written Blocks": 0,
                          "Temp Read Blocks": 0,
                          "Temp Written Blocks": 0,
                          "actual_scan_in_card": 113,
                          "actual_funnel_counts": [
                            113,
                            1
                          ],
                          "component_selectivity": {
                            "compare_selectivity": 0.008849557522123894
                          },
                          "ius": [
                            {
                              "name": "it1.id",
                              "bytes": 8
                            },
                            {
                              "name": "it1.info",
                              "bytes": 8
                            }
                          ]
                        }
                      ],
                      "ius": [
                        {
                          "name": "mi.movie_id",
                          "bytes": 8
                        },
                        {
                          "name": "mk.movie_id",
                          "bytes": 8
                        },
                        {
                          "name": "t.title",
                          "bytes": 8
                        },
                        {
                          "name": "t.kind_id",
                          "bytes": 8
                        },
                        {
                          "name": "t.id",
                          "bytes": 8
                        }
                      ]
                    },
                    {
                      "Node Type": "Index Scan",
                      "Parent Relationship": "Inner",
                      "Parallel Aware": false,
                      "Async Capable": false,
                      "Scan Direction": "Forward",
                      "Index Name": "movie_id_movie_info_idx",
                      "Relation Name": "movie_info_idx",
                      "Schema": "public",
                      "Alias": "mi_idx",
                      "Startup Cost": 0.43,
                      "Total Cost": 0.5,
                      "Plan Rows": 1,
                      "Plan Width": 13,
                      "Actual Startup Time": 0.261,
                      "Actual Total Time": 0.261,
                      "Actual Rows": 0.38,
                      "Actual Loops": 8,
                      "Disabled": false,
                      "Output": [
                        "mi_idx.id",
                        "mi_idx.movie_id",
                        "mi_idx.info_type_id",
                        "mi_idx.info",
                        "mi_idx.note"
                      ],
                      "Index Cond": "(mi_idx.movie_id = mk.movie_id)",
                      "Rows Removed by Index Recheck": 0,
                      "Filter": "(mi_idx.info > '6.0'::text)",
                      "Rows Removed by Filter": 1,
                      "Index Searches": 8,
                      "Shared Hit Blocks": 13,
                      "Shared Read Blocks": 15,
                      "Shared Dirtied Blocks": 0,
                      "Shared Written Blocks": 0,
                      "Local Hit Blocks": 0,
                      "Local Read Blocks": 0,
                      "Local Dirtied Blocks": 0,
                      "Local Written Blocks": 0,
                      "Temp Read Blocks": 0,
                      "Temp Written Blocks": 0,
                      "actual_scan_in_card": 1380035,
                      "actual_funnel_counts": [
                        1380035,
                        373409
                      ],
                      "component_selectivity": {
                        "compare_selectivity": 0.2705793693638205
                      },
                      "ius": [
                        {
                          "name": "mi_idx.id",
                          "bytes": 8
                        },
                        {
                          "name": "mi_idx.movie_id",
                          "bytes": 8
                        },
                        {
                          "name": "mi_idx.info_type_id",
                          "bytes": 8
                        },
                        {
                          "name": "mi_idx.info",
                          "bytes": 8
                        },
                        {
                          "name": "mi_idx.note",
                          "bytes": 8
                        }
                      ]
                    }
                  ],
                  "ius": [
                    {
                      "name": "mi_idx.info",
                      "bytes": 8
                    },
                    {
                      "name": "mi_idx.info_type_id",
                      "bytes": 8
                    },
                    {
                      "name": "t.title",
                      "bytes": 8
                    },
                    {
                      "name": "t.kind_id",
                      "bytes": 8
                    }
                  ]
                },
                {
                  "Node Type": "Seq Scan",
                  "Parent Relationship": "Inner",
                  "Parallel Aware": false,
                  "Async Capable": false,
                  "Relation Name": "info_type",
                  "Schema": "public",
                  "Alias": "it2",
                  "Startup Cost": 0.0,
                  "Total Cost": 2.41,
                  "Plan Rows": 1,
                  "Plan Width": 4,
                  "Actual Startup Time": 0.005,
                  "Actual Total Time": 0.006,
                  "Actual Rows": 1.0,
                  "Actual Loops": 3,
                  "Disabled": false,
                  "Output": [
                    "it2.id",
                    "it2.info"
                  ],
                  "Filter": "((it2.info)::text = 'rating'::text)",
                  "Rows Removed by Filter": 104,
                  "Shared Hit Blocks": 3,
                  "Shared Read Blocks": 0,
                  "Shared Dirtied Blocks": 0,
                  "Shared Written Blocks": 0,
                  "Local Hit Blocks": 0,
                  "Local Read Blocks": 0,
                  "Local Dirtied Blocks": 0,
                  "Local Written Blocks": 0,
                  "Temp Read Blocks": 0,
                  "Temp Written Blocks": 0,
                  "actual_scan_in_card": 113,
                  "actual_funnel_counts": [
                    113,
                    1
                  ],
                  "component_selectivity": {
                    "compare_selectivity": 0.008849557522123894
                  },
                  "ius": [
                    {
                      "name": "it2.id",
                      "bytes": 8
                    },
                    {
                      "name": "it2.info",
                      "bytes": 8
                    }
                  ]
                }
              ],
              "ius": [
                {
                  "name": "mi_idx.info",
                  "bytes": 8
                },
                {
                  "name": "t.title",
                  "bytes": 8
                },
                {
                  "name": "t.kind_id",
                  "bytes": 8
                }
              ]
            },
            {
              "Node Type": "Seq Scan",
              "Parent Relationship": "Inner",
              "Parallel Aware": false,
              "Async Capable": false,
              "Relation Name": "kind_type",
              "Schema": "public",
              "Alias": "kt",
              "Startup Cost": 0.0,
              "Total Cost": 22.75,
              "Plan Rows": 5,
              "Plan Width": 4,
              "Actual Startup Time": 0.009,
              "Actual Total Time": 0.01,
              "Actual Rows": 1.0,
              "Actual Loops": 2,
              "Disabled": false,
              "Output": [
                "kt.id",
                "kt.kind"
              ],
              "Filter": "((kt.kind)::text = 'movie'::text)",
              "Rows Removed by Filter": 3,
              "Shared Hit Blocks": 1,
              "Shared Read Blocks": 1,
              "Shared Dirtied Blocks": 0,
              "Shared Written Blocks": 0,
              "Local Hit Blocks": 0,
              "Local Read Blocks": 0,
              "Local Dirtied Blocks": 0,
              "Local Written Blocks": 0,
              "Temp Read Blocks": 0,
              "Temp Written Blocks": 0,
              "actual_scan_in_card": 7,
              "actual_funnel_counts": [
                7,
                1
              ],
              "component_selectivity": {
                "compare_selectivity": 0.14285714285714285
              },
              "ius": [
                {
                  "name": "kt.id",
                  "bytes": 8
                },
                {
                  "name": "kt.kind",
                  "bytes": 8
                }
              ]
            }
          ],
          "ius": [
            {
              "name": "mi_idx.info",
              "bytes": 11
            },
            {
              "name": "t.title",
              "bytes": 11
            }
          ]
        }
      ],
      "ius": [
        {
          "name": "min(mi_idx.info)",
          "bytes": 32
        },
        {
          "name": "min(t.title)",
          "bytes": 32
        }
      ]
    },
    "Planning": {
      "Shared Hit Blocks": 90,
      "Shared Read Blocks": 28,
      "Shared Dirtied Blocks": 0,
      "Shared Written Blocks": 0,
      "Local Hit Blocks": 0,
      "Local Read Blocks": 0,
      "Local Dirtied Blocks": 0,
      "Local Written Blocks": 0,
      "Temp Read Blocks": 0,
      "Temp Written Blocks": 0
    },
    "Planning Time": 8.545,
    "Triggers": [],
    "Execution Time": 483.024
  }
]