[
  {
    "Plan": {
      "Node Type": "Aggregate",
      "Strategy": "Plain",
      "Partial Mode": "Finalize",
      "Parallel Aware": false,
      "Async Capable": false,
      "Startup Cost": 48200.85,
      "Total Cost": 48200.86,
      "Plan Rows": 1,
      "Plan Width": 64,
      "Actual Startup Time": 1557.323,
      "Actual Total Time": 1559.11,
      "Actual Rows": 1.0,
      "Actual Loops": 1,
      "Disabled": false,
      "Output": [
        "min(mi.info)",
        "min(t.title)"
      ],
      "Shared Hit Blocks": 237373,
      "Shared Read Blocks": 57462,
      "Shared Dirtied Blocks": 0,
      "Shared Written Blocks": 0,
      "Local Hit Blocks": 0,
      "Local Read Blocks": 0,
      "Local Dirtied Blocks": 0,
      "Local Written Blocks": 0,
      "Temp Read Blocks": 0,
      "Temp Written Blocks": 0,
      "Plans": [
        {
          "Node Type": "Gather",
          "Parent Relationship": "Outer",
          "Parallel Aware": false,
          "Async Capable": false,
          "Startup Cost": 48200.63,
          "Total Cost": 48200.84,
          "Plan Rows": 2,
          "Plan Width": 64,
          "Actual Startup Time": 1557.252,
          "Actual Total Time": 1559.104,
          "Actual Rows": 3.0,
          "Actual Loops": 1,
          "Disabled": false,
          "Output": [
            "(PARTIAL min(mi.info))",
            "(PARTIAL min(t.title))"
          ],
          "Workers Planned": 2,
          "Workers Launched": 2,
          "Single Copy": false,
          "Shared Hit Blocks": 237373,
          "Shared Read Blocks": 57462,
          "Shared Dirtied Blocks": 0,
          "Shared Written Blocks": 0,
          "Local Hit Blocks": 0,
          "Local Read Blocks": 0,
          "Local Dirtied Blocks": 0,
          "Local Written Blocks": 0,
          "Temp Read Blocks": 0,
          "Temp Written Blocks": 0,
          "Plans": [
            {
              "Node Type": "Aggregate",
              "Strategy": "Plain",
              "Partial Mode": "Partial",
              "Parent Relationship": "Outer",
              "Parallel Aware": false,
              "Async Capable": false,
              "Startup Cost": 47200.63,
              "Total Cost": 47200.64,
              "Plan Rows": 1,
              "Plan Width": 64,
              "Actual Startup Time": 1551.977,
              "Actual Total Time": 1551.98,
              "Actual Rows": 1.0,
              "Actual Loops": 3,
              "Disabled": false,
              "Output": [
                "PARTIAL min(mi.info)",
                "PARTIAL min(t.title)"
              ],
              "Shared Hit Blocks": 237373,
              "Shared Read Blocks": 57462,
              "Shared Dirtied Blocks": 0,
              "Shared Written Blocks": 0,
              "Local Hit Blocks": 0,
              "Local Read Blocks": 0,
              "Local Dirtied Blocks": 0,
              "Local Written Blocks": 0,
              "Temp Read Blocks": 0,
              "Temp Written Blocks": 0,
              "Workers": [
                {
                  "Worker Number": 0,
                  "Actual Startup Time": 1549.466,
                  "Actual Total Time": 1549.469,
                  "Actual Rows": 1.0,
                  "Actual Loops": 1,
                  "Shared Hit Blocks": 78560,
                  "Shared Read Blocks": 19434,
                  "Shared Dirtied Blocks": 0,
                  "Shared Written Blocks": 0,
                  "Local Hit Blocks": 0,
                  "Local Read Blocks": 0,
                  "Local Dirtied Blocks": 0,
                  "Local Written Blocks": 0,
                  "Temp Read Blocks": 0,
                  "Temp Written Blocks": 0
                },
                {
                  "Worker Number": 1,
                  "Actual Startup Time": 1549.461,
                  "Actual Total Time": 1549.465,
                  "Actual Rows": 1.0,
                  "Actual Loops": 1,
                  "Shared Hit Blocks": 74712,
                  "Shared Read Blocks": 18479,
                  "Shared Dirtied Blocks": 0,
                  "Shared Written Blocks": 0,
                  "Local Hit Blocks": 0,
                  "Local Read Blocks": 0,
                  "Local Dirtied Blocks": 0,
                  "Local Written Blocks": 0,
                  "Temp Read Blocks": 0,
                  "Temp Written Blocks": 0
                }
              ],
              "Plans": [
                {
                  "Node Type": "Nested Loop",
                  "Parent Relationship": "Outer",
                  "Parallel Aware": false,
                  "Async Capable": false,
                  "Join Type": "Inner",
                  "Startup Cost": 5393.45,
                  "Total Cost": 47200.59,
                  "Plan Rows": 8,
                  "Plan Width": 59,
                  "Actual Startup Time": 122.663,
                  "Actual Total Time": 1551.943,
                  "Actual Rows": 109.33,
                  "Actual Loops": 3,
                  "Disabled": false,
                  "Output": [
                    "mi.info",
                    "t.title"
                  ],
                  "Inner Unique": true,
                  "Shared Hit Blocks": 237373,
                  "Shared Read Blocks": 57462,
                  "Shared Dirtied Blocks": 0,
                  "Shared Written Blocks": 0,
                  "Local Hit Blocks": 0,
                  "Local Read Blocks": 0,
                  "Local Dirtied Blocks": 0,
                  "Local Written Blocks": 0,
                  "Temp Read Blocks": 0,
                  "Temp Written Blocks": 0,
                  "Workers": [
                    {
                      "Worker Number": 0,
                      "Actual Startup Time": 138.14,
                      "Actual Total Time": 1549.419,
                      "Actual Rows": 240.0,
                      "Actual Loops": 1,
                      "Shared Hit Blocks": 78560,
                      "Shared Read Blocks": 19434,
                      "Shared Dirtied Blocks": 0,
                      "Shared Written Blocks": 0,
                      "Local Hit Blocks": 0,
                      "Local Read Blocks": 0,
                      "Local Dirtied Blocks": 0,
                      "Local Written Blocks": 0,
                      "Temp Read Blocks": 0,
                      "Temp Written Blocks": 0
                    },
                    {
                      "Worker Number": 1,
                      "Actual Startup Time": 44.495,
                      "Actual Total Time": 1549.421,
                      "Actual Rows": 50.0,
                      "Actual Loops": 1,
                      "Shared Hit Blocks": 74712,
                      "Shared Read Blocks": 18479,
                      "Shared Dirtied Blocks": 0,
                      "Shared Written Blocks": 0,
                      "Local Hit Blocks": 0,
                      "Local Read Blocks": 0,
                      "Local Dirtied Blocks": 0,
                      "Local Written Blocks": 0,
                      "Temp Read Blocks": 0,
                      "Temp Written Blocks": 0
                    }
                  ],
                  "Plans": [
                    {
                      "Node Type": "Nested Loop",
                      "Parent Relationship": "Outer",
                      "Parallel Aware": false,
                      "Async Capable": false,
                      "Join Type": "Inner",
                      "Startup Cost": 5393.03,
                      "Total Cost": 47197.09,
                      "Plan Rows": 8,
                      "Plan Width": 63,
                      "Actual Startup Time": 122.324,
                      "Actual Total Time": 1544.264,
                      "Actual Rows": 109.33,
                      "Actual Loops": 3,
                      "Disabled": false,
                      "Output": [
                        "mi.info",
                        "mk.keyword_id",
                        "t.title"
                      ],
                      "Inner Unique": false,
                      "Shared Hit Blocks": 236469,
                      "Shared Read Blocks": 57377,
                      "Shared Dirtied Blocks": 0,
                      "Shared Written Blocks": 0,
                      "Local Hit Blocks": 0,
                      "Local Read Blocks": 0,
                      "Local Dirtied Blocks": 0,
                      "Local Written Blocks": 0,
                      "Temp Read Blocks": 0,
                      "Temp Written Blocks": 0,
                      "Workers": [
                        {
                          "Worker Number": 0,
                          "Actual Startup Time": 137.91,
                          "Actual Total Time": 1538.464,
                          "Actual Rows": 240.0,
                          "Actual Loops": 1,
                          "Shared Hit Blocks": 77891,
                          "Shared Read Blocks": 19381,
                          "Shared Dirtied Blocks": 0,
                          "Shared Written Blocks": 0,
                          "Local Hit Blocks": 0,
                          "Local Read Blocks": 0,
                          "Local Dirtied Blocks": 0,
                          "Local Written Blocks": 0,
                          "Temp Read Blocks": 0,
                          "Temp Written Blocks": 0
                        },
                        {
                          "Worker Number": 1,
                          "Actual Startup Time": 44.191,
                          "Actual Total Time": 1545.635,
                          "Actual Rows": 50.0,
                          "Actual Loops": 1,
                          "Shared Hit Blocks": 74576,
                          "Shared Read Blocks": 18463,
                          "Shared Dirtied Blocks": 0,
                          "Shared Written Blocks": 0,
                          "Local Hit Blocks": 0,
                          "Local Read Blocks": 0,
                          "Local Dirtied Blocks": 0,
                          "Local Written Blocks": 0,
                          "Temp Read Blocks": 0,
                          "Temp Written Blocks": 0
                        }
                      ],
                      "Plans": [
                        {
                          "Node Type": "Nested Loop",
                          "Parent Relationship": "Outer",
                          "Parallel Aware": false,
                          "Async Capable": false,
                          "Join Type": "Inner",
                          "Startup Cost": 5392.6,
                          "Total Cost": 47195.3,
                          "Plan Rows": 1,
                          "Plan Width": 75,
                          "Actual Startup Time": 120.093,
                          "Actual Total Time": 1535.128,
                          "Actual Rows": 19.0,
                          "Actual Loops": 3,
                          "Disabled": false,
                          "Output": [
                            "at.movie_id",
                            "mc.movie_id",
                            "mi.info",
                            "mi.movie_id",
                            "t.title",
                            "t.id"
                          ],
                          "Inner Unique": true,
                          "Shared Hit Blocks": 236328,
                          "Shared Read Blocks": 57312,
                          "Shared Dirtied Blocks": 0,
                          "Shared Written Blocks": 0,
                          "Local Hit Blocks": 0,
                          "Local Read Blocks": 0,
                          "Local Dirtied Blocks": 0,
                          "Local Written Blocks": 0,
                          "Temp Read Blocks": 0,
                          "Temp Written Blocks": 0,
                          "Workers": [
                            {
                              "Worker Number": 0,
                              "Actual Startup Time": 136.848,
                              "Actual Total Time": 1528.662,
                              "Actual Rows": 22.0,
                              "Actual Loops": 1,
                              "Shared Hit Blocks": 77831,
                              "Shared Read Blocks": 19354,
                              "Shared Dirtied Blocks": 0,
                              "Shared Written Blocks": 0,
                              "Local Hit Blocks": 0,
                              "Local Read Blocks": 0,
                              "Local Dirtied Blocks": 0,
                              "Local Written Blocks": 0,
                              "Temp Read Blocks": 0,
                              "Temp Written Blocks": 0
                            },
                            {
                              "Worker Number": 1,
                              "Actual Startup Time": 39.791,
                              "Actual Total Time": 1536.586,
                              "Actual Rows": 15.0,
                              "Actual Loops": 1,
                              "Shared Hit Blocks": 74542,
                              "Shared Read Blocks": 18442,
                              "Shared Dirtied Blocks": 0,
                              "Shared Written Blocks": 0,
                              "Local Hit Blocks": 0,
                              "Local Read Blocks": 0,
                              "Local Dirtied Blocks": 0,
                              "Local Written Blocks": 0,
                              "Temp Read Blocks": 0,
                              "Temp Written Blocks": 0
                            }
                          ],
                          "Plans": [
                            {
                              "Node Type": "Nested Loop",
                              "Parent Relationship": "Outer",
                              "Parallel Aware": false,
                              "Async Capable": false,
                              "Join Type": "Inner",
                              "Startup Cost": 5392.44,
                              "Total Cost": 47195.06,
                              "Plan Rows": 1,
                              "Plan Width": 79,
                              "Actual Startup Time": 120.053,
                              "Actual Total Time": 1535.053,
                              "Actual Rows": 19.0,
                              "Actual Loops": 3,
                              "Disabled": false,
                              "Output": [
                                "at.movie_id",
                                "mc.movie_id",
                                "mi.info",
                                "mi.movie_id",
                                "mi.info_type_id",
                                "t.title",
                                "t.id"
                              ],
                              "Inner Unique": true,
                              "Shared Hit Blocks": 236321,
                              "Shared Read Blocks": 57311,
                              "Shared Dirtied Blocks": 0,
                              "Shared Written Blocks": 0,
                              "Local Hit Blocks": 0,
                              "Local Read Blocks": 0,
                              "Local Dirtied Blocks": 0,
                              "Local Written Blocks": 0,
                              "Temp Read Blocks": 0,
                              "Temp Written Blocks": 0,
                              "Workers": [
                                {
                                  "Worker Number": 0,
                                  "Actual Startup Time": 136.83,
                                  "Actual Total Time": 1528.6,
                                  "Actual Rows": 22.0,
                                  "Actual Loops": 1,
                                  "Shared Hit Blocks": 77828,
                                  "Shared Read Blocks": 19354,
                                  "Shared Dirtied Blocks": 0,
                                  "Shared Written Blocks": 0,
                                  "Local Hit Blocks": 0,
                                  "Local Read Blocks": 0,
                                  "Local Dirtied Blocks": 0,
                                  "Local Written Blocks": 0,
                                  "Temp Read Blocks": 0,
                                  "Temp Written Blocks": 0
                                },
                                {
                                  "Worker Number": 1,
                                  "Actual Startup Time": 39.721,
                                  "Actual Total Time": 1536.486,
                                  "Actual Rows": 15.0,
                                  "Actual Loops": 1,
                                  "Shared Hit Blocks": 74540,
                                  "Shared Read Blocks": 18441,
                                  "Shared Dirtied Blocks": 0,
                                  "Shared Written Blocks": 0,
                                  "Local Hit Blocks": 0,
                                  "Local Read Blocks": 0,
                                  "Local Dirtied Blocks": 0,
                                  "Local Written Blocks": 0,
                                  "Temp Read Blocks": 0,
                                  "Temp Written Blocks": 0
                                }
                              ],
                              "Plans": [
                                {
                                  "Node Type": "Nested Loop",
                                  "Parent Relationship": "Outer",
                                  "Parallel Aware": false,
                                  "Async Capable": false,
                                  "Join Type": "Inner",
                                  "Startup Cost": 5392.29,
                                  "Total Cost": 47194.89,
                                  "Plan Rows": 1,
                                  "Plan Width": 83,
                                  "Actual Startup Time": 119.203,
                                  "Actual Total Time": 1534.155,
                                  "Actual Rows": 19.0,
                                  "Actual Loops": 3,
                                  "Disabled": false,
                                  "Output": [
                                    "at.movie_id",
                                    "mc.movie_id",
                                    "mc.company_type_id",
                                    "mi.info",
                                    "mi.movie_id",
                                    "mi.info_type_id",
                                    "t.title",
                                    "t.id"
                                  ],
                                  "Inner Unique": false,
                                  "Shared Hit Blocks": 236208,
                                  "Shared Read Blocks": 57308,
                                  "Shared Dirtied Blocks": 0,
                                  "Shared Written Blocks": 0,
                                  "Local Hit Blocks": 0,
                                  "Local Read Blocks": 0,
                                  "Local Dirtied Blocks": 0,
                                  "Local Written Blocks": 0,
                                  "Temp Read Blocks": 0,
                                  "Temp Written Blocks": 0,
                                  "Workers": [
                                    {
                                      "Worker Number": 0,
                                      "Actual Startup Time": 136.793,
                                      "Actual Total Time": 1528.494,
                                      "Actual Rows": 22.0,
                                      "Actual Loops": 1,
                                      "Shared Hit Blocks": 77783,
                                      "Shared Read Blocks": 19354,
                                      "Shared Dirtied Blocks": 0,
                                      "Shared Written Blocks": 0,
                                      "Local Hit Blocks": 0,
                                      "Local Read Blocks": 0,
                                      "Local Dirtied Blocks": 0,
                                      "Local Written Blocks": 0,
                                      "Temp Read Blocks": 0,
                                      "Temp Written Blocks": 0
                                    },
                                    {
                                      "Worker Number": 1,
                                      "Actual Startup Time": 37.287,
                                      "Actual Total Time": 1534.013,
                                      "Actual Rows": 15.0,
                                      "Actual Loops": 1,
                                      "Shared Hit Blocks": 74512,
                                      "Shared Read Blocks": 18438,
                                      "Shared Dirtied Blocks": 0,
                                      "Shared Written Blocks": 0,
                                      "Local Hit Blocks": 0,
                                      "Local Read Blocks": 0,
                                      "Local Dirtied Blocks": 0,
                                      "Local Written Blocks": 0,
                                      "Temp Read Blocks": 0,
                                      "Temp Written Blocks": 0
                                    }
                                  ],
                                  "Plans": [
                                    {
                                      "Node Type": "Nested Loop",
                                      "Parent Relationship": "Outer",
                                      "Parallel Aware": false,
                                      "Async Capable": false,
                                      "Join Type": "Inner",
                                      "Startup Cost": 5391.86,
                                      "Total Cost": 44856.09,
                                      "Plan Rows": 1240,
                                      "Plan Width": 33,
                                      "Actual Startup Time": 32.127,
                                      "Actual Total Time": 322.678,
                                      "Actual Rows": 1711.33,
                                      "Actual Loops": 3,
                                      "Disabled": false,
                                      "Output": [
                                        "at.movie_id",
                                        "mc.movie_id",
                                        "mc.company_type_id",
                                        "t.title",
                                        "t.id"
                                      ],
                                      "Inner Unique": true,
                                      "Shared Hit Blocks": 178810,
                                      "Shared Read Blocks": 29368,
                                      "Shared Dirtied Blocks": 0,
                                      "Shared Written Blocks": 0,
                                      "Local Hit Blocks": 0,
                                      "Local Read Blocks": 0,
                                      "Local Dirtied Blocks": 0,
                                      "Local Written Blocks": 0,
                                      "Temp Read Blocks": 0,
                                      "Temp Written Blocks": 0,
                                      "Workers": [
                                        {
                                          "Worker Number": 0,
                                          "Actual Startup Time": 29.513,
                                          "Actual Total Time": 320.129,
                                          "Actual Rows": 1733.0,
                                          "Actual Loops": 1,
                                          "Shared Hit Blocks": 58051,
                                          "Shared Read Blocks": 10039,
                                          "Shared Dirtied Blocks": 0,
                                          "Shared Written Blocks": 0,
                                          "Local Hit Blocks": 0,
                                          "Local Read Blocks": 0,
                                          "Local Dirtied Blocks": 0,
                                          "Local Written Blocks": 0,
                                          "Temp Read Blocks": 0,
                                          "Temp Written Blocks": 0
                                        },
                                        {
                                          "Worker Number": 1,
                                          "Actual Startup Time": 30.085,
                                          "Actual Total Time": 317.22,
                                          "Actual Rows": 1690.0,
                                          "Actual Loops": 1,
                                          "Shared Hit Blocks": 56684,
                                          "Shared Read Blocks": 9178,
                                          "Shared Dirtied Blocks": 0,
                                          "Shared Written Blocks": 0,
                                          "Local Hit Blocks": 0,
                                          "Local Read Blocks": 0,
                                          "Local Dirtied Blocks": 0,
                                          "Local Written Blocks": 0,
                                          "Temp Read Blocks": 0,
                                          "Temp Written Blocks": 0
                                        }
                                      ],
                                      "Plans": [
                                        {
                                          "Node Type": "Nested Loop",
                                          "Parent Relationship": "Outer",
                                          "Parallel Aware": false,
                                          "Async Capable": false,
                                          "Join Type": "Inner",
                                          "Startup Cost": 5391.43,
                                          "Total Cost": 42713.41,
                                          "Plan Rows": 2260,
                                          "Plan Width": 12,
                                          "Actual Startup Time": 31.724,
                                          "Actual Total Time": 207.327,
                                          "Actual Rows": 4566.33,
                                          "Actual Loops": 3,
                                          "Disabled": false,
                                          "Output": [
                                            "at.movie_id",
                                            "mc.movie_id",
                                            "mc.company_type_id"
                                          ],
                                          "Inner Unique": false,
                                          "Shared Hit Blocks": 130541,
                                          "Shared Read Blocks": 22839,
                                          "Shared Dirtied Blocks": 0,
                                          "Shared Written Blocks": 0,
                                          "Local Hit Blocks": 0,
                                          "Local Read Blocks": 0,
                                          "Local Dirtied Blocks": 0,
                                          "Local Written Blocks": 0,
                                          "Temp Read Blocks": 0,
                                          "Temp Written Blocks": 0,
                                          "Workers": [
                                            {
                                              "Worker Number": 0,
                                              "Actual Startup Time": 29.274,
                                              "Actual Total Time": 209.561,
                                              "Actual Rows": 4441.0,
                                              "Actual Loops": 1,
                                              "Shared Hit Blocks": 42412,
                                              "Shared Read Blocks": 7913,
                                              "Shared Dirtied Blocks": 0,
                                              "Shared Written Blocks": 0,
                                              "Local Hit Blocks": 0,
                                              "Local Read Blocks": 0,
                                              "Local Dirtied Blocks": 0,
                                              "Local Written Blocks": 0,
                                              "Temp Read Blocks": 0,
                                              "Temp Written Blocks": 0
                                            },
                                            {
                                              "Worker Number": 1,
                                              "Actual Startup Time": 29.297,
                                              "Actual Total Time": 203.113,
                                              "Actual Rows": 4473.0,
                                              "Actual Loops": 1,
                                              "Shared Hit Blocks": 40958,
                                              "Shared Read Blocks": 7011,
                                              "Shared Dirtied Blocks": 0,
                                              "Shared Written Blocks": 0,
                                              "Local Hit Blocks": 0,
                                              "Local Read Blocks": 0,
                                              "Local Dirtied Blocks": 0,
                                              "Local Written Blocks": 0,
                                              "Temp Read Blocks": 0,
                                              "Temp Written Blocks": 0
                                            }
                                          ],
                                          "Plans": [
                                            {
                                              "Node Type": "Hash Join",
                                              "Parent Relationship": "Outer",
                                              "Parallel Aware": true,
                                              "Async Capable": false,
                                              "Join Type": "Inner",
                                              "Startup Cost": 5391.01,
                                              "Total Cost": 40544.24,
                                              "Plan Rows": 3047,
                                              "Plan Width": 8,
                                              "Actual Startup Time": 31.34,
                                              "Actual Total Time": 150.754,
                                              "Actual Rows": 14612.33,
                                              "Actual Loops": 3,
                                              "Disabled": false,
                                              "Output": [
                                                "mc.movie_id",
                                                "mc.company_type_id"
                                              ],
                                              "Inner Unique": true,
                                              "Hash Cond": "(mc.company_id = cn.id)",
                                              "Shared Hit Blocks": 0,
                                              "Shared Read Blocks": 21864,
                                              "Shared Dirtied Blocks": 0,
                                              "Shared Written Blocks": 0,
                                              "Local Hit Blocks": 0,
                                              "Local Read Blocks": 0,
                                              "Local Dirtied Blocks": 0,
                                              "Local Written Blocks": 0,
                                              "Temp Read Blocks": 0,
                                              "Temp Written Blocks": 0,
                                              "Workers": [
                                                {
                                                  "Worker Number": 0,
                                                  "Actual Startup Time": 29.041,
                                                  "Actual Total Time": 153.963,
                                                  "Actual Rows": 14235.0,
                                                  "Actual Loops": 1,
                                                  "Shared Hit Blocks": 0,
                                                  "Shared Read Blocks": 7618,
                                                  "Shared Dirtied Blocks": 0,
                                                  "Shared Written Blocks": 0,
                                                  "Local Hit Blocks": 0,
                                                  "Local Read Blocks": 0,
                                                  "Local Dirtied Blocks": 0,
                                                  "Local Written Blocks": 0,
                                                  "Temp Read Blocks": 0,
                                                  "Temp Written Blocks": 0
                                                },
                                                {
                                                  "Worker Number": 1,
                                                  "Actual Startup Time": 29.167,
                                                  "Actual Total Time": 144.323,
                                                  "Actual Rows": 13766.0,
                                                  "Actual Loops": 1,
                                                  "Shared Hit Blocks": 0,
                                                  "Shared Read Blocks": 6669,
                                                  "Shared Dirtied Blocks": 0,
                                                  "Shared Written Blocks": 0,
                                                  "Local Hit Blocks": 0,
                                                  "Local Read Blocks": 0,
                                                  "Local Dirtied Blocks": 0,
                                                  "Local Written Blocks": 0,
                                                  "Temp Read Blocks": 0,
                                                  "Temp Written Blocks": 0
                                                }
                                              ],
                                              "Plans": [
                                                {
                                                  "Node Type": "Seq Scan",
                                                  "Parent Relationship": "Outer",
                                                  "Parallel Aware": true,
                                                  "Async Capable": false,
                                                  "Relation Name": "movie_companies",
                                                  "Schema": "public",
                                                  "Alias": "mc",
                                                  "Startup Cost": 0.0,
                                                  "Total Cost": 35131.06,
                                                  "Plan Rows": 8450,
                                                  "Plan Width": 12,
                                                  "Actual Startup Time": 0.635,
                                                  "Actual Total Time": 112.993,
                                                  "Actual Rows": 20554.67,
                                                  "Actual Loops": 3,
                                                  "Disabled": false,
                                                  "Output": [
                                                    "mc.id",
                                                    "mc.movie_id",
                                                    "mc.company_id",
                                                    "mc.company_type_id",
                                                    "mc.note"
                                                  ],
                                                  "Filter": "((mc.note ~~ '%(200%)%'::text) AND (mc.note ~~ '%(worldwide)%'::text))",
                                                  "Rows Removed by Filter": 849155,
                                                  "Shared Hit Blocks": 0,
                                                  "Shared Read Blocks": 18824,
                                                  "Shared Dirtied Blocks": 0,
                                                  "Shared Written Blocks": 0,
                                                  "Local Hit Blocks": 0,
                                                  "Local Read Blocks": 0,
                                                  "Local Dirtied Blocks": 0,
                                                  "Local Written Blocks": 0,
                                                  "Temp Read Blocks": 0,
                                                  "Temp Written Blocks": 0,
                                                  "Workers": [
                                                    {
                                                      "Worker Number": 0,
                                                      "Actual Startup Time": 0.812,
                                                      "Actual Total Time": 118.86,
                                                      "Actual Rows": 20015.0,
                                                      "Actual Loops": 1,
                                                      "Shared Hit Blocks": 0,
                                                      "Shared Read Blocks": 6822,
                                                      "Shared Dirtied Blocks": 0,
                                                      "Shared Written Blocks": 0,
                                                      "Local Hit Blocks": 0,
                                                      "Local Read Blocks": 0,
                                                      "Local Dirtied Blocks": 0,
                                                      "Local Written Blocks": 0,
                                                      "Temp Read Blocks": 0,
                                                      "Temp Written Blocks": 0
                                                    },
                                                    {
                                                      "Worker Number": 1,
                                                      "Actual Startup Time": 0.916,
                                                      "Actual Total Time": 109.128,
                                                      "Actual Rows": 19723.0,
                                                      "Actual Loops": 1,
                                                      "Shared Hit Blocks": 0,
                                                      "Shared Read Blocks": 5921,
                                                      "Shared Dirtied Blocks": 0,
                                                      "Shared Written Blocks": 0,
                                                      "Local Hit Blocks": 0,
                                                      "Local Read Blocks": 0,
                                                      "Local Dirtied Blocks": 0,
                                                      "Local Written Blocks": 0,
                                                      "Temp Read Blocks": 0,
                                                      "Temp Written Blocks": 0
                                                    }
                                                  ],
                                                  "actual_scan_in_card": 2609129,
                                                  "actual_funnel_counts": [
                                                    2609129,
                                                    440138,
                                                    61664
                                                  ],
                                                  "component_selectivity": {
                                                    "expression_selectivity": 0.16869154418965102,
                                                    "expression_selectivity_2": 0.140101513616184
                                                  },
                                                  "ius": [
                                                    {
                                                      "name": "mc.id",
                                                      "bytes": 8
                                                    },
                                                    {
                                                      "name": "mc.movie_id",
                                                      "bytes": 8
                                                    },
                                                    {
                                                      "name": "mc.company_id",
                                                      "bytes": 8
                                                    },
                                                    {
                                                      "name": "mc.company_type_id",
                                                      "bytes": 8
                                                    },
                                                    {
                                                      "name": "mc.note",
                                                      "bytes": 8
                                                    }
                                                  ]
                                                },
                                                {
                                                  "Node Type": "Hash",
                                                  "Parent Relationship": "Inner",
                                                  "Parallel Aware": true,
                                                  "Async Capable": false,
                                                  "Startup Cost": 4767.92,
                                                  "Total Cost": 4767.92,
                                                  "Plan Rows": 49847,
                                                  "Plan Width": 4,
                                                  "Actual Startup Time": 30.432,
                                                  "Actual Total Time": 30.432,
                                                  "Actual Rows": 28281.0,
                                                  "Actual Loops": 3,
                                                  "Disabled": false,
                                                  "Output": [
                                                    "cn.id"
                                                  ],
                                                  "Hash Buckets": 131072,
                                                  "Original Hash Buckets": 131072,
                                                  "Hash Batches": 1,
                                                  "Original Hash Batches": 1,
                                                  "Peak Memory Usage": 4384,
                                                  "Shared Hit Blocks": 0,
                                                  "Shared Read Blocks": 3040,
                                                  "Shared Dirtied Blocks": 0,
                                                  "Shared Written Blocks": 0,
                                                  "Local Hit Blocks": 0,
                                                  "Local Read Blocks": 0,
                                                  "Local Dirtied Blocks": 0,
                                                  "Local Written Blocks": 0,
                                                  "Temp Read Blocks": 0,
                                                  "Temp Written Blocks": 0,
                                                  "Workers": [
                                                    {
                                                      "Worker Number": 0,
                                                      "Actual Startup Time": 28.201,
                                                      "Actual Total Time": 28.201,
                                                      "Actual Rows": 22121.0,
                                                      "Actual Loops": 1,
                                                      "Shared Hit Blocks": 0,
                                                      "Shared Read Blocks": 796,
                                                      "Shared Dirtied Blocks": 0,
                                                      "Shared Written Blocks": 0,
                                                      "Local Hit Blocks": 0,
                                                      "Local Read Blocks": 0,
                                                      "Local Dirtied Blocks": 0,
                                                      "Local Written Blocks": 0,
                                                      "Temp Read Blocks": 0,
                                                      "Temp Written Blocks": 0
                                                    },
                                                    {
                                                      "Worker Number": 1,
                                                      "Actual Startup Time": 28.199,
                                                      "Actual Total Time": 28.199,
                                                      "Actual Rows": 20288.0,
                                                      "Actual Loops": 1,
                                                      "Shared Hit Blocks": 0,
                                                      "Shared Read Blocks": 748,
                                                      "Shared Dirtied Blocks": 0,
                                                      "Shared Written Blocks": 0,
                                                      "Local Hit Blocks": 0,
                                                      "Local Read Blocks": 0,
                                                      "Local Dirtied Blocks": 0,
                                                      "Local Written Blocks": 0,
                                                      "Temp Read Blocks": 0,
                                                      "Temp Written Blocks": 0
                                                    }
                                                  ],
                                                  "Plans": [
                                                    {
                                                      "Node Type": "Seq Scan",
                                                      "Parent Relationship": "Outer",
                                                      "Parallel Aware": true,
                                                      "Async Capable": false,
                                                      "Relation Name": "company_name",
                                                      "Schema": "public",
                                                      "Alias": "cn",
                                                      "Startup Cost": 0.0,
                                                      "Total Cost": 4767.92,
                                                      "Plan Rows": 49847,
                                                      "Plan Width": 4,
                                                      "Actual Startup Time": 0.6,
                                                      "Actual Total Time": 26.332,
                                                      "Actual Rows": 28281.0,
                                                      "Actual Loops": 3,
                                                      "Disabled": false,
                                                      "Output": [
                                                        "cn.id"
                                                      ],
                                                      "Filter": "((cn.country_code)::text = '[us]'::text)",
                                                      "Rows Removed by Filter": 50051,
                                                      "Shared Hit Blocks": 0,
                                                      "Shared Read Blocks": 3040,
                                                      "Shared Dirtied Blocks": 0,
                                                      "Shared Written Blocks": 0,
                                                      "Local Hit Blocks": 0,
                                                      "Local Read Blocks": 0,
                                                      "Local Dirtied Blocks": 0,
                                                      "Local Written Blocks": 0,
                                                      "Temp Read Blocks": 0,
                                                      "Temp Written Blocks": 0,
                                                      "Workers": [
                                                        {
                                                          "Worker Number": 0,
                                                          "Actual Startup Time": 0.628,
                                                          "Actual Total Time": 24.858,
                                                          "Actual Rows": 22121.0,
                                                          "Actual Loops": 1,
                                                          "Shared Hit Blocks": 0,
                                                          "Shared Read Blocks": 796,
                                                          "Shared Dirtied Blocks": 0,
                                                          "Shared Written Blocks": 0,
                                                          "Local Hit Blocks": 0,
                                                          "Local Read Blocks": 0,
                                                          "Local Dirtied Blocks": 0,
                                                          "Local Written Blocks": 0,
                                                          "Temp Read Blocks": 0,
                                                          "Temp Written Blocks": 0
                                                        },
                                                        {
                                                          "Worker Number": 1,
                                                          "Actual Startup Time": 0.564,
                                                          "Actual Total Time": 25.001,
                                                          "Actual Rows": 20288.0,
                                                          "Actual Loops": 1,
                                                          "Shared Hit Blocks": 0,
                                                          "Shared Read Blocks": 748,
                                                          "Shared Dirtied Blocks": 0,
                                                          "Shared Written Blocks": 0,
                                                          "Local Hit Blocks": 0,
                                                          "Local Read Blocks": 0,
                                                          "Local Dirtied Blocks": 0,
                                                          "Local Written Blocks": 0,
                                                          "Temp Read Blocks": 0,
                                                          "Temp Written Blocks": 0
                                                        }
                                                      ],
                                                      "actual_scan_in_card": 234997,
                                                      "actual_funnel_counts": [
                                                        234997,
                                                        84843
                                                      ],
                                                      "component_selectivity": {
                                                        "compare_selectivity": 0.3610386515572539
                                                      },
                                                      "ius": [
                                                        {
                                                          "name": "cn.id",
                                                          "bytes": 8
                                                        }
                                                      ]
                                                    }
                                                  ],
                                                  "ius": [
                                                    {
                                                      "name": "cn.id",
                                                      "bytes": 8
                                                    }
                                                  ]
                                                }
                                              ],
                                              "ius": [
                                                {
                                                  "name": "mc.movie_id",
                                                  "bytes": 8
                                                },
                                                {
                                                  "name": "mc.company_type_id",
                                                  "bytes": 8
                                                }
                                              ]
                                            },
                                            {
                                              "Node Type": "Index Only Scan",
                                              "Parent Relationship": "Inner",
                                              "Parallel Aware": false,
                                              "Async Capable": false,
                                              "Scan Direction": "Forward",
                                              "Index Name": "movie_id_aka_title",
                                              "Relation Name": "aka_title",
                                              "Schema": "public",
                                              "Alias": "at",
                                              "Startup Cost": 0.42,
                                              "Total Cost": 0.68,
                                              "Plan Rows": 3,
                                              "Plan Width": 4,
                                              "Actual Startup Time": 0.004,
                                              "Actual Total Time": 0.004,
                                              "Actual Rows": 0.31,
                                              "Actual Loops": 43837,
                                              "Disabled": false,
                                              "Output": [
                                                "at.movie_id"
                                              ],
                                              "Index Cond": "(at.movie_id = mc.movie_id)",
                                              "Rows Removed by Index Recheck": 0,
                                              "Heap Fetches": 0,
                                              "Index Searches": 43837,
                                              "Shared Hit Blocks": 130541,
                                              "Shared Read Blocks": 975,
                                              "Shared Dirtied Blocks": 0,
                                              "Shared Written Blocks": 0,
                                              "Local Hit Blocks": 0,
                                              "Local Read Blocks": 0,
                                              "Local Dirtied Blocks": 0,
                                              "Local Written Blocks": 0,
                                              "Temp Read Blocks": 0,
                                              "Temp Written Blocks": 0,
                                              "Workers": [
                                                {
                                                  "Worker Number": 0,
                                                  "Actual Startup Time": 0.004,
                                                  "Actual Total Time": 0.004,
                                                  "Actual Rows": 0.31,
                                                  "Actual Loops": 14235,
                                                  "Shared Hit Blocks": 42412,
                                                  "Shared Read Blocks": 295,
                                                  "Shared Dirtied Blocks": 0,
                                                  "Shared Written Blocks": 0,
                                                  "Local Hit Blocks": 0,
                                                  "Local Read Blocks": 0,
                                                  "Local Dirtied Blocks": 0,
                                                  "Local Written Blocks": 0,
                                                  "Temp Read Blocks": 0,
                                                  "Temp Written Blocks": 0
                                                },
                                                {
                                                  "Worker Number": 1,
                                                  "Actual Startup Time": 0.004,
                                                  "Actual Total Time": 0.004,
                                                  "Actual Rows": 0.32,
                                                  "Actual Loops": 13766,
                                                  "Shared Hit Blocks": 40958,
                                                  "Shared Read Blocks": 342,
                                                  "Shared Dirtied Blocks": 0,
                                                  "Shared Written Blocks": 0,
                                                  "Local Hit Blocks": 0,
                                                  "Local Read Blocks": 0,
                                                  "Local Dirtied Blocks": 0,
                                                  "Local Written Blocks": 0,
                                                  "Temp Read Blocks": 0,
                                                  "Temp Written Blocks": 0
                                                }
                                              ],
                                              "actual_scan_in_card": 361472,
                                              "ius": [
                                                {
                                                  "name": "at.movie_id",
                                                  "bytes": 8
                                                }
                                              ]
                                            }
                                          ],
                                          "ius": [
                                            {
                                              "name": "at.movie_id",
                                              "bytes": 8
                                            },
                                            {
                                              "name": "mc.movie_id",
                                              "bytes": 8
                                            },
                                            {
                                              "name": "mc.company_type_id",
                                              "bytes": 8
                                            }
                                          ]
                                        },
                                        {
                                          "Node Type": "Index Scan",
                                          "Parent Relationship": "Inner",
                                          "Parallel Aware": false,
                                          "Async Capable": false,
                                          "Scan Direction": "Forward",
                                          "Index Name": "title_pkey",
                                          "Relation Name": "title",
                                          "Schema": "public",
                                          "Alias": "t",
                                          "Startup Cost": 0.43,
                                          "Total Cost": 0.95,
                                          "Plan Rows": 1,
                                          "Plan Width": 21,
                                          "Actual Startup Time": 0.025,
                                          "Actual Total Time": 0.025,
                                          "Actual Rows": 0.37,
                                          "Actual Loops": 13699,
                                          "Disabled": false,
                                          "Output": [
                                            "t.id",
                                            "t.title",
                                            "t.imdb_index",
                                            "t.kind_id",
                                            "t.production_year",
                                            "t.imdb_id",
                                            "t.phonetic_code",
                                            "t.episode_of_id",
                                            "t.season_nr",
                                            "t.episode_nr",
                                            "t.series_years",
                                            "t.md5sum"
                                          ],
                                          "Index Cond": "(t.id = at.movie_id)",
                                          "Rows Removed by Index Recheck": 0,
                                          "Filter": "(t.production_year > 2000)",
                                          "Rows Removed by Filter": 1,
                                          "Index Searches": 13699,
                                          "Shared Hit Blocks": 48269,
                                          "Shared Read Blocks": 6529,
                                          "Shared Dirtied Blocks": 0,
                                          "Shared Written Blocks": 0,
                                          "Local Hit Blocks": 0,
                                          "Local Read Blocks": 0,
                                          "Local Dirtied Blocks": 0,
                                          "Local Written Blocks": 0,
                                          "Temp Read Blocks": 0,
                                          "Temp Written Blocks": 0,
                                          "Workers": [
                                            {
                                              "Worker Number": 0,
                                              "Actual Startup Time": 0.025,
                                              "Actual Total Time": 0.025,
                                              "Actual Rows": 0.39,
                                              "Actual Loops": 4441,
                                              "Shared Hit Blocks": 15639,
                                              "Shared Read Blocks": 2126,
                                              "Shared Dirtied Blocks": 0,
                                              "Shared Written Blocks": 0,
                                              "Local Hit Blocks": 0,
                                              "Local Read Blocks": 0,
                                              "Local Dirtied Blocks": 0,
                                              "Local Written Blocks": 0,
                                              "Temp Read Blocks": 0,
                                              "Temp Written Blocks": 0
                                            },
                                            {
                                              "Worker Number": 1,
                                              "Actual Startup Time": 0.025,
                                              "Actual Total Time": 0.025,
                                              "Actual Rows": 0.38,
                                              "Actual Loops": 4473,
                                              "Shared Hit Blocks": 15726,
                                              "Shared Read Blocks": 2167,
                                              "Shared Dirtied Blocks": 0,
                                              "Shared Written Blocks": 0,
                                              "Local Hit Blocks": 0,
                                              "Local Read Blocks": 0,
                                              "Local Dirtied Blocks": 0,
                                              "Local Written Blocks": 0,
                                              "Temp Read Blocks": 0,
                                              "Temp Written Blocks": 0
                                            }
                                          ],
                                          "actual_scan_in_card": 2528312,
                                          "actual_funnel_counts": [
                                            2528312,
                                            1381453
                                          ],
                                          "component_selectivity": {
                                            "compare_selectivity": 0.5463934039786229
                                          },
                                          "ius": [
                                            {
                                              "name": "t.id",
                                              "bytes": 8
                                            },
                                            {
                                              "name": "t.title",
                                              "bytes": 8
                                            },
                                            {
                                              "name": "t.imdb_index",
                                              "bytes": 8
                                            },
                                            {
                                              "name": "t.kind_id",
                                              "bytes": 8
                                            },
                                            {
                                              "name": "t.production_year",
                                              "bytes": 8
                                            },
                                            {
                                              "name": "t.imdb_id",
                                              "bytes": 8
                                            },
                                            {
                                              "name": "t.phonetic_code",
                                              "bytes": 8
                                            },
                                            {
                                              "name": "t.episode_of_id",
                                              "bytes": 8
                                            },
                                            {
                                              "name": "t.season_nr",
                                              "bytes": 8
                                            },
                                            {
                                              "name": "t.episode_nr",
                                              "bytes": 8
                                            },
                                            {
                                              "name": "t.series_years",
                                              "bytes": 8
                                            },
                                            {
                                              "name": "t.md5sum",
                                              "bytes": 8
                                            }
                                          ]
                                        }
                                      ],
                                      "ius": [
                                        {
                                          "name": "at.movie_id",
                                          "bytes": 8
                                        },
                                        {
                                          "name": "mc.movie_id",
                                          "bytes": 8
                                        },
                                        {
                                          "name": "mc.company_type_id",
                                          "bytes": 8
                                        },
                                        {
                                          "name": "t.title",
                                          "bytes": 8
                                        },
                                        {
                                          "name": "t.id",
                                          "bytes": 8
                                        }
                                      ]
                                    },
                                    {
                                      "Node Type": "Index Scan",
                                      "Parent Relationship": "Inner",
                                      "Parallel Aware": false,
                                      "Async Capable": false,
                                      "Scan Direction": "Forward",
                                      "Index Name": "movie_id_movie_info",
                                      "Relation Name": "movie_info",
                                      "Schema": "public",
                                      "Alias": "mi",
                                      "Startup Cost": 0.43,
                                      "Total Cost": 1.88,
                                      "Plan Rows": 1,
                                      "Plan Width": 50,
                                      "Actual Startup Time": 0.705,
                                      "Actual Total Time": 0.708,
                                      "Actual Rows": 0.01,
                                      "Actual Loops": 5134,
                                      "Disabled": false,
                                      "Output": [
                                        "mi.id",
                                        "mi.movie_id",
                                        "mi.info_type_id",
                                        "mi.info",
                                        "mi.note"
                                      ],
                                      "Index Cond": "(mi.movie_id = t.id)",
                                      "Rows Removed by Index Recheck": 0,
                                      "Filter": "((mi.note ~~ '%internet%'::text) AND (mi.info ~~ 'USA:% 200%'::text))",
                                      "Rows Removed by Filter": 72,
                                      "Index Searches": 5134,
                                      "Shared Hit Blocks": 57398,
                                      "Shared Read Blocks": 27940,
                                      "Shared Dirtied Blocks": 0,
                                      "Shared Written Blocks": 0,
                                      "Local Hit Blocks": 0,
                                      "Local Read Blocks": 0,
                                      "Local Dirtied Blocks": 0,
                                      "Local Written Blocks": 0,
                                      "Temp Read Blocks": 0,
                                      "Temp Written Blocks": 0,
                                      "Workers": [
                                        {
                                          "Worker Number": 0,
                                          "Actual Startup Time": 0.693,
                                          "Actual Total Time": 0.697,
                                          "Actual Rows": 0.01,
                                          "Actual Loops": 1733,
                                          "Shared Hit Blocks": 19732,
                                          "Shared Read Blocks": 9315,
                                          "Shared Dirtied Blocks": 0,
                                          "Shared Written Blocks": 0,
                                          "Local Hit Blocks": 0,
                                          "Local Read Blocks": 0,
                                          "Local Dirtied Blocks": 0,
                                          "Local Written Blocks": 0,
                                          "Temp Read Blocks": 0,
                                          "Temp Written Blocks": 0
                                        },
                                        {
                                          "Worker Number": 1,
                                          "Actual Startup Time": 0.719,
                                          "Actual Total Time": 0.72,
                                          "Actual Rows": 0.01,
                                          "Actual Loops": 1690,
                                          "Shared Hit Blocks": 17828,
                                          "Shared Read Blocks": 9260,
                                          "Shared Dirtied Blocks": 0,
                                          "Shared Written Blocks": 0,
                                          "Local Hit Blocks": 0,
                                          "Local Read Blocks": 0,
                                          "Local Dirtied Blocks": 0,
                                          "Local Written Blocks": 0,
                                          "Temp Read Blocks": 0,
                                          "Temp Written Blocks": 0
                                        }
                                      ],
                                      "actual_scan_in_card": 14835720,
                                      "actual_funnel_counts": [
                                        14835720,
                                        10810,
                                        1771
                                      ],
                                      "component_selectivity": {
                                        "expression_selectivity": 0.00072864680649136,
                                        "expression_selectivity_2": 0.16382978723404254
                                      },
                                      "ius": [
                                        {
                                          "name": "mi.id",
                                          "bytes": 8
                                        },
                                        {
                                          "name": "mi.movie_id",
                                          "bytes": 8
                                        },
                                        {
                                          "name": "mi.info_type_id",
                                          "bytes": 8
                                        },
                                        {
                                          "name": "mi.info",
                                          "bytes": 8
                                        },
                                        {
                                          "name": "mi.note",
                                          "bytes": 8
                                        }
                                      ]
                                    }
                                  ],
                                  "ius": [
                                    {
                                      "name": "at.movie_id",
                                      "bytes": 10
                                    },
                                    {
                                      "name": "mc.movie_id",
                                      "bytes": 10
                                    },
                                    {
                                      "name": "mc.company_type_id",
                                      "bytes": 10
                                    },
                                    {
                                      "name": "mi.info",
                                      "bytes": 10
                                    },
                                    {
                                      "name": "mi.movie_id",
                                      "bytes": 10
                                    },
                                    {
                                      "name": "mi.info_type_id",
                                      "bytes": 10
                                    },
                                    {
                                      "name": "t.title",
                                      "bytes": 10
                                    },
                                    {
                                      "name": "t.id",
                                      "bytes": 10
                                    }
                                  ]
                                },
                                {
                                  "Node Type": "Index Only Scan",
                                  "Parent Relationship": "Inner",
                                  "Parallel Aware": false,
                                  "Async Capable": false,
                                  "Scan Direction": "Forward",
                                  "Index Name": "company_type_pkey",
                                  "Relation Name": "company_type",
                                  "Schema": "public",
                                  "Alias": "ct",
                                  "Startup Cost": 0.15,
                                  "Total Cost": 0.17,
                                  "Plan Rows": 1,
                                  "Plan Width": 4,
                                  "Actual Startup Time": 0.046,
                                  "Actual Total Time": 0.046,
                                  "Actual Rows": 1.0,
                                  "Actual Loops": 57,
                                  "Disabled": false,
                                  "Output": [
                                    "ct.id"
                                  ],
                                  "Index Cond": "(ct.id = mc.company_type_id)",
                                  "Rows Removed by Index Recheck": 0,
                                  "Heap Fetches": 57,
                                  "Index Searches": 57,
                                  "Shared Hit Blocks": 113,
                                  "Shared Read Blocks": 3,
                                  "Shared Dirtied Blocks": 0,
                                  "Shared Written Blocks": 0,
                                  "Local Hit Blocks": 0,
                                  "Local Read Blocks": 0,
                                  "Local Dirtied Blocks": 0,
                                  "Local Written Blocks": 0,
                                  "Temp Read Blocks": 0,
                                  "Temp Written Blocks": 0,
                                  "Workers": [
                                    {
                                      "Worker Number": 0,
                                      "Actual Startup Time": 0.003,
                                      "Actual Total Time": 0.003,
                                      "Actual Rows": 1.0,
                                      "Actual Loops": 22,
                                      "Shared Hit Blocks": 45,
                                      "Shared Read Blocks": 0,
                                      "Shared Dirtied Blocks": 0,
                                      "Shared Written Blocks": 0,
                                      "Local Hit Blocks": 0,
                                      "Local Read Blocks": 0,
                                      "Local Dirtied Blocks": 0,
                                      "Local Written Blocks": 0,
                                      "Temp Read Blocks": 0,
                                      "Temp Written Blocks": 0
                                    },
                                    {
                                      "Worker Number": 1,
                                      "Actual Startup Time": 0.164,
                                      "Actual Total Time": 0.164,
                                      "Actual Rows": 1.0,
                                      "Actual Loops": 15,
                                      "Shared Hit Blocks": 28,
                                      "Shared Read Blocks": 3,
                                      "Shared Dirtied Blocks": 0,
                                      "Shared Written Blocks": 0,
                                      "Local Hit Blocks": 0,
                                      "Local Read Blocks": 0,
                                      "Local Dirtied Blocks": 0,
                                      "Local Written Blocks": 0,
                                      "Temp Read Blocks": 0,
                                      "Temp Written Blocks": 0
                                    }
                                  ],
                                  "actual_scan_in_card": 4,
                                  "ius": [
                                    {
                                      "name": "ct.id",
                                      "bytes": 8
                                    }
                                  ]
                                }
                              ],
                              "ius": [
                                {
                                  "name": "at.movie_id",
                                  "bytes": 11
                                },
                                {
                                  "name": "mc.movie_id",
                                  "bytes": 11
                                },
                                {
                                  "name": "mi.info",
                                  "bytes": 11
                                },
                                {
                                  "name": "mi.movie_id",
                                  "bytes": 11
                                },
                                {
                                  "name": "mi.info_type_id",
                                  "bytes": 11
                                },
                                {
                                  "name": "t.title",
                                  "bytes": 11
                                },
                                {
                                  "name": "t.id",
                                  "bytes": 11
                                }
                              ]
                            },
                            {
                              "Node Type": "Memoize",
                              "Parent Relationship": "Inner",
                              "Parallel Aware": false,
                              "Async Capable": false,
                              "Startup Cost": 0.15,
                              "Total Cost": 0.23,
                              "Plan Rows": 1,
                              "Plan Width": 4,
                              "Actual Startup Time": 0.003,
                              "Actual Total Time": 0.003,
                              "Actual Rows": 1.0,
                              "Actual Loops": 57,
                              "Disabled": false,
                              "Output": [
                                "it1.id"
                              ],
                              "Cache Key": "mi.info_type_id",
                              "Cache Mode": "logical",
                              "Cache Hits": 19,
                              "Cache Misses": 1,
                              "Cache Evictions": 0,
                              "Cache Overflows": 0,
                              "Peak Memory Usage": 1,
                              "Shared Hit Blocks": 7,
                              "Shared Read Blocks": 1,
                              "Shared Dirtied Blocks": 0,
                              "Shared Written Blocks": 0,
                              "Local Hit Blocks": 0,
                              "Local Read Blocks": 0,
                              "Local Dirtied Blocks": 0,
                              "Local Written Blocks": 0,
                              "Temp Read Blocks": 0,
                              "Temp Written Blocks": 0,
                              "Workers": [
                                {
                                  "Worker Number": 0,
                                  "Actual Startup Time": 0.002,
                                  "Actual Total Time": 0.002,
                                  "Actual Rows": 1.0,
                                  "Actual Loops": 22,
                                  "Cache Hits": 21,
                                  "Cache Misses": 1,
                                  "Cache Evictions": 0,
                                  "Cache Overflows": 0,
                                  "Peak Memory Usage": 1,
                                  "Shared Hit Blocks": 3,
                                  "Shared Read Blocks": 0,
                                  "Shared Dirtied Blocks": 0,
                                  "Shared Written Blocks": 0,
                                  "Local Hit Blocks": 0,
                                  "Local Read Blocks": 0,
                                  "Local Dirtied Blocks": 0,
                                  "Local Written Blocks": 0,
                                  "Temp Read Blocks": 0,
                                  "Temp Written Blocks": 0
                                },
                                {
                                  "Worker Number": 1,
                                  "Actual Startup Time": 0.006,
                                  "Actual Total Time": 0.006,
                                  "Actual Rows": 1.0,
                                  "Actual Loops": 15,
                                  "Cache Hits": 14,
                                  "Cache Misses": 1,
                                  "Cache Evictions": 0,
                                  "Cache Overflows": 0,
                                  "Peak Memory Usage": 1,
                                  "Shared Hit Blocks": 2,
                                  "Shared Read Blocks": 1,
                                  "Shared Dirtied Blocks": 0,
                                  "Shared Written Blocks": 0,
                                  "Local Hit Blocks": 0,
                                  "Local Read Blocks": 0,
                                  "Local Dirtied Blocks": 0,
                                  "Local Written Blocks": 0,
                                  "Temp Read Blocks": 0,
                                  "Temp Written Blocks": 0
                                }
                              ],
                              "Plans": [
                                {
                                  "Node Type": "Index Scan",
                                  "Parent Relationship": "Outer",
                                  "Parallel Aware": false,
                                  "Async Capable": false,
                                  "Scan Direction": "Forward",
                                  "Index Name": "info_type_pkey",
                                  "Relation Name": "info_type",
                                  "Schema": "public",
                                  "Alias": "it1",
                                  "Startup Cost": 0.14,
                                  "Total Cost": 0.22,
                                  "Plan Rows": 1,
                                  "Plan Width": 4,
                                  "Actual Startup Time": 0.036,
                                  "Actual Total Time": 0.036,
                                  "Actual Rows": 1.0,
                                  "Actual Loops": 3,
                                  "Disabled": false,
                                  "Output": [
                                    "it1.id"
                                  ],
                                  "Index Cond": "(it1.id = mi.info_type_id)",
                                  "Rows Removed by Index Recheck": 0,
                                  "Filter": "((it1.info)::text = 'release dates'::text)",
                                  "Rows Removed by Filter": 0,
                                  "Index Searches": 3,
                                  "Shared Hit Blocks": 7,
                                  "Shared Read Blocks": 1,
                                  "Shared Dirtied Blocks": 0,
                                  "Shared Written Blocks": 0,
                                  "Local Hit Blocks": 0,
                                  "Local Read Blocks": 0,
                                  "Local Dirtied Blocks": 0,
                                  "Local Written Blocks": 0,
                                  "Temp Read Blocks": 0,
                                  "Temp Written Blocks": 0,
                                  "Workers": [
                                    {
                                      "Worker Number": 0,
                                      "Actual Startup Time": 0.014,
                                      "Actual Total Time": 0.014,
                                      "Actual Rows": 1.0,
                                      "Actual Loops": 1,
                                      "Shared Hit Blocks": 3,
                                      "Shared Read Blocks": 0,
                                      "Shared Dirtied Blocks": 0,
                                      "Shared Written Blocks": 0,
                                      "Local Hit Blocks": 0,
                                      "Local Read Blocks": 0,
                                      "Local Dirtied Blocks": 0,
                                      "Local Written Blocks": 0,
                                      "Temp Read Blocks": 0,
                                      "Temp Written Blocks": 0
                                    },
                                    {
                                      "Worker Number": 1,
                                      "Actual Startup Time": 0.066,
                                      "Actual Total Time": 0.066,
                                      "Actual Rows": 1.0,
                                      "Actual Loops": 1,
                                      "Shared Hit Blocks": 2,
                                      "Shared Read Blocks": 1,
                                      "Shared Dirtied Blocks": 0,
                                      "Shared Written Blocks": 0,
                                      "Local Hit Blocks": 0,
                                      "Local Read Blocks": 0,
                                      "Local Dirtied Blocks": 0,
                                      "Local Written Blocks": 0,
                                      "Temp Read Blocks": 0,
                                      "Temp Written Blocks": 0
                                    }
                                  ],
                                  "actual_scan_in_card": 113,
                                  "actual_funnel_counts": [
                                    113,
                                    1
                                  ],
                                  "component_selectivity": {
                                    "compare_selectivity": 0.008849557522123894
                                  },
                                  "ius": [
                                    {
                                      "name": "it1.id",
                                      "bytes": 8
                                    }
                                  ]
                                }
                              ],
                              "ius": [
                                {
                                  "name": "it1.id",
                                  "bytes": 8
                                }
                              ]
                            }
                          ],
                          "ius": [
                            {
                              "name": "at.movie_id",
                              "bytes": 12
                            },
                            {
                              "name": "mc.movie_id",
                              "bytes": 12
                            },
                            {
                              "name": "mi.info",
                              "bytes": 12
                            },
                            {
                              "name": "mi.movie_id",
                              "bytes": 12
                            },
                            {
                              "name": "t.title",
                              "bytes": 12
                            },
                            {
                              "name": "t.id",
                              "bytes": 12
                            }
                          ]
                        },
                        {
                          "Node Type": "Index Scan",
                          "Parent Relationship": "Inner",
                          "Parallel Aware": false,
                          "Async Capable": false,
                          "Scan Direction": "Forward",
                          "Index Name": "movie_id_movie_keyword",
                          "Relation Name": "movie_keyword",
                          "Schema": "public",
                          "Alias": "mk",
                          "Startup Cost": 0.43,
                          "Total Cost": 1.33,
                          "Plan Rows": 46,
                          "Plan Width": 8,
                          "Actual Startup Time": 0.476,
                          "Actual Total Time": 0.48,
                          "Actual Rows": 5.75,
                          "Actual Loops": 57,
                          "Disabled": false,
                          "Output": [
                            "mk.id",
                            "mk.movie_id",
                            "mk.keyword_id"
                          ],
                          "Index Cond": "(mk.movie_id = t.id)",
                          "Rows Removed by Index Recheck": 0,
                          "Index Searches": 57,
                          "Shared Hit Blocks": 141,
                          "Shared Read Blocks": 65,
                          "Shared Dirtied Blocks": 0,
                          "Shared Written Blocks": 0,
                          "Local Hit Blocks": 0,
                          "Local Read Blocks": 0,
                          "Local Dirtied Blocks": 0,
                          "Local Written Blocks": 0,
                          "Temp Read Blocks": 0,
                          "Temp Written Blocks": 0,
                          "Workers": [
                            {
                              "Worker Number": 0,
                              "Actual Startup Time": 0.435,
                              "Actual Total Time": 0.444,
                              "Actual Rows": 10.91,
                              "Actual Loops": 22,
                              "Shared Hit Blocks": 60,
                              "Shared Read Blocks": 27,
                              "Shared Dirtied Blocks": 0,
                              "Shared Written Blocks": 0,
                              "Local Hit Blocks": 0,
                              "Local Read Blocks": 0,
                              "Local Dirtied Blocks": 0,
                              "Local Written Blocks": 0,
                              "Temp Read Blocks": 0,
                              "Temp Written Blocks": 0
                            },
                            {
                              "Worker Number": 1,
                              "Actual Startup Time": 0.602,
                              "Actual Total Time": 0.602,
                              "Actual Rows": 3.33,
                              "Actual Loops": 15,
                              "Shared Hit Blocks": 34,
                              "Shared Read Blocks": 21,
                              "Shared Dirtied Blocks": 0,
                              "Shared Written Blocks": 0,
                              "Local Hit Blocks": 0,
                              "Local Read Blocks": 0,
                              "Local Dirtied Blocks": 0,
                              "Local Written Blocks": 0,
                              "Temp Read Blocks": 0,
                              "Temp Written Blocks": 0
                            }
                          ],
                          "actual_scan_in_card": 4523930,
                          "ius": [
                            {
                              "name": "mk.id",
                              "bytes": 8
                            },
                            {
                              "name": "mk.movie_id",
                              "bytes": 8
                            },
                            {
                              "name": "mk.keyword_id",
                              "bytes": 8
                            }
                          ]
                        }
                      ],
                      "ius": [
                        {
                          "name": "mi.info",
                          "bytes": 21
                        },
                        {
                          "name": "mk.keyword_id",
                          "bytes": 21
                        },
                        {
                          "name": "t.title",
                          "bytes": 21
                        }
                      ]
                    },
                    {
                      "Node Type": "Index Only Scan",
                      "Parent Relationship": "Inner",
                      "Parallel Aware": false,
                      "Async Capable": false,
                      "Scan Direction": "Forward",
                      "Index Name": "keyword_pkey",
                      "Relation Name": "keyword",
                      "Schema": "public",
                      "Alias": "k",
                      "Startup Cost": 0.42,
                      "Total Cost": 0.44,
                      "Plan Rows": 1,
                      "Plan Width": 4,
                      "Actual Startup Time": 0.07,
                      "Actual Total Time": 0.07,
                      "Actual Rows": 1.0,
                      "Actual Loops": 328,
                      "Disabled": false,
                      "Output": [
                        "k.id"
                      ],
                      "Index Cond": "(k.id = mk.keyword_id)",
                      "Rows Removed by Index Recheck": 0,
                      "Heap Fetches": 0,
                      "Index Searches": 328,
                      "Shared Hit Blocks": 904,
                      "Shared Read Blocks": 85,
                      "Shared Dirtied Blocks": 0,
                      "Shared Written Blocks": 0,
                      "Local Hit Blocks": 0,
                      "Local Read Blocks": 0,
                      "Local Dirtied Blocks": 0,
                      "Local Written Blocks": 0,
                      "Temp Read Blocks": 0,
                      "Temp Written Blocks": 0,
                      "Workers": [
                        {
                          "Worker Number": 0,
                          "Actual Startup Time": 0.045,
                          "Actual Total Time": 0.045,
                          "Actual Rows": 1.0,
                          "Actual Loops": 240,
                          "Shared Hit Blocks": 669,
                          "Shared Read Blocks": 53,
                          "Shared Dirtied Blocks": 0,
                          "Shared Written Blocks": 0,
                          "Local Hit Blocks": 0,
                          "Local Read Blocks": 0,
                          "Local Dirtied Blocks": 0,
                          "Local Written Blocks": 0,
                          "Temp Read Blocks": 0,
                          "Temp Written Blocks": 0
                        },
                        {
                          "Worker Number": 1,
                          "Actual Startup Time": 0.075,
                          "Actual Total Time": 0.075,
                          "Actual Rows": 1.0,
                          "Actual Loops": 50,
                          "Shared Hit Blocks": 136,
                          "Shared Read Blocks": 16,
                          "Shared Dirtied Blocks": 0,
                          "Shared Written Blocks": 0,
                          "Local Hit Blocks": 0,
                          "Local Read Blocks": 0,
                          "Local Dirtied Blocks": 0,
                          "Local Written Blocks": 0,
                          "Temp Read Blocks": 0,
                          "Temp Written Blocks": 0
                        }
                      ],
                      "actual_scan_in_card": 134170,
                      "ius": [
                        {
                          "name": "k.id",
                          "bytes": 8
                        }
                      ]
                    }
                  ],
                  "ius": [
                    {
                      "name": "mi.info",
                      "bytes": 29
                    },
                    {
                      "name": "t.title",
                      "bytes": 29
                    }
                  ]
                }
              ],
              "ius": [
                {
                  "name": "PARTIAL min(mi.info)",
                  "bytes": 32
                },
                {
                  "name": "PARTIAL min(t.title)",
                  "bytes": 32
                }
              ]
            }
          ],
          "ius": [
            {
              "name": "(PARTIAL min(mi.info))",
              "bytes": 32
            },
            {
              "name": "(PARTIAL min(t.title))",
              "bytes": 32
            }
          ]
        }
      ],
      "ius": [
        {
          "name": "min(mi.info)",
          "bytes": 32
        },
        {
          "name": "min(t.title)",
          "bytes": 32
        }
      ]
    },
    "Planning": {
      "Shared Hit Blocks": 191,
      "Shared Read Blocks": 57,
      "Shared Dirtied Blocks": 0,
      "Shared Written Blocks": 0,
      "Local Hit Blocks": 0,
      "Local Read Blocks": 0,
      "Local Dirtied Blocks": 0,
      "Local Written Blocks": 0,
      "Temp Read Blocks": 0,
      "Temp Written Blocks": 0
    },
    "Planning Time": 36.232,
    "Triggers": [],
    "Execution Time": 1559.329
  }
]