[
  {
    "Plan": {
      "Node Type": "Aggregate",
      "Strategy": "Plain",
      "Partial Mode": "Finalize",
      "Parallel Aware": false,
      "Async Capable": false,
      "Startup Cost": 6477.11,
      "Total Cost": 6477.12,
      "Plan Rows": 1,
      "Plan Width": 64,
      "Actual Startup Time": 76.744,
      "Actual Total Time": 76.782,
      "Actual Rows": 1.0,
      "Actual Loops": 1,
      "Disabled": false,
      "Output": [
        "min(mi.info)",
        "min(t.title)"
      ],
      "Shared Hit Blocks": 1016,
      "Shared Read Blocks": 4510,
      "Shared Dirtied Blocks": 0,
      "Shared Written Blocks": 0,
      "Local Hit Blocks": 0,
      "Local Read Blocks": 0,
      "Local Dirtied Blocks": 0,
      "Local Written Blocks": 0,
      "Temp Read Blocks": 0,
      "Temp Written Blocks": 0,
      "Plans": [
        {
          "Node Type": "Gather",
          "Parent Relationship": "Outer",
          "Parallel Aware": false,
          "Async Capable": false,
          "Startup Cost": 6476.89,
          "Total Cost": 6477.1,
          "Plan Rows": 2,
          "Plan Width": 64,
          "Actual Startup Time": 76.738,
          "Actual Total Time": 76.779,
          "Actual Rows": 2.0,
          "Actual Loops": 1,
          "Disabled": false,
          "Output": [
            "(PARTIAL min(mi.info))",
            "(PARTIAL min(t.title))"
          ],
          "Workers Planned": 1,
          "Workers Launched": 1,
          "Single Copy": false,
          "Shared Hit Blocks": 1016,
          "Shared Read Blocks": 4510,
          "Shared Dirtied Blocks": 0,
          "Shared Written Blocks": 0,
          "Local Hit Blocks": 0,
          "Local Read Blocks": 0,
          "Local Dirtied Blocks": 0,
          "Local Written Blocks": 0,
          "Temp Read Blocks": 0,
          "Temp Written Blocks": 0,
          "Plans": [
            {
              "Node Type": "Aggregate",
              "Strategy": "Plain",
              "Partial Mode": "Partial",
              "Parent Relationship": "Outer",
              "Parallel Aware": false,
              "Async Capable": false,
              "Startup Cost": 5476.89,
              "Total Cost": 5476.9,
              "Plan Rows": 1,
              "Plan Width": 64,
              "Actual Startup Time": 52.871,
              "Actual Total Time": 52.873,
              "Actual Rows": 1.0,
              "Actual Loops": 2,
              "Disabled": false,
              "Output": [
                "PARTIAL min(mi.info)",
                "PARTIAL min(t.title)"
              ],
              "Shared Hit Blocks": 1016,
              "Shared Read Blocks": 4510,
              "Shared Dirtied Blocks": 0,
              "Shared Written Blocks": 0,
              "Local Hit Blocks": 0,
              "Local Read Blocks": 0,
              "Local Dirtied Blocks": 0,
              "Local Written Blocks": 0,
              "Temp Read Blocks": 0,
              "Temp Written Blocks": 0,
              "Workers": [
                {
                  "Worker Number": 0,
                  "Actual Startup Time": 29.247,
                  "Actual Total Time": 29.249,
                  "Actual Rows": 1.0,
                  "Actual Loops": 1,
                  "Shared Hit Blocks": 0,
                  "Shared Read Blocks": 2503,
                  "Shared Dirtied Blocks": 0,
                  "Shared Written Blocks": 0,
                  "Local Hit Blocks": 0,
                  "Local Read Blocks": 0,
                  "Local Dirtied Blocks": 0,
                  "Local Written Blocks": 0,
                  "Temp Read Blocks": 0,
                  "Temp Written Blocks": 0
                }
              ],
              "Plans": [
                {
                  "Node Type": "Nested Loop",
                  "Parent Relationship": "Outer",
                  "Parallel Aware": false,
                  "Async Capable": false,
                  "Join Type": "Inner",
                  "Startup Cost": 2.86,
                  "Total Cost": 5476.86,
                  "Plan Rows": 5,
                  "Plan Width": 59,
                  "Actual Startup Time": 48.788,
                  "Actual Total Time": 52.865,
                  "Actual Rows": 18.5,
                  "Actual Loops": 2,
                  "Disabled": false,
                  "Output": [
                    "mi.info",
                    "t.title"
                  ],
                  "Inner Unique": true,
                  "Shared Hit Blocks": 1016,
                  "Shared Read Blocks": 4510,
                  "Shared Dirtied Blocks": 0,
                  "Shared Written Blocks": 0,
                  "Local Hit Blocks": 0,
                  "Local Read Blocks": 0,
                  "Local Dirtied Blocks": 0,
                  "Local Written Blocks": 0,
                  "Temp Read Blocks": 0,
                  "Temp Written Blocks": 0,
                  "Workers": [
                    {
                      "Worker Number": 0,
                      "Actual Startup Time": 29.244,
                      "Actual Total Time": 29.246,
                      "Actual Rows": 0.0,
                      "Actual Loops": 1,
                      "Shared Hit Blocks": 0,
                      "Shared Read Blocks": 2503,
                      "Shared Dirtied Blocks": 0,
                      "Shared Written Blocks": 0,
                      "Local Hit Blocks": 0,
                      "Local Read Blocks": 0,
                      "Local Dirtied Blocks": 0,
                      "Local Written Blocks": 0,
                      "Temp Read Blocks": 0,
                      "Temp Written Blocks": 0
                    }
                  ],
                  "Plans": [
                    {
                      "Node Type": "Nested Loop",
                      "Parent Relationship": "Outer",
                      "Parallel Aware": false,
                      "Async Capable": false,
                      "Join Type": "Inner",
                      "Startup Cost": 2.44,
                      "Total Cost": 5474.67,
                      "Plan Rows": 5,
                      "Plan Width": 63,
                      "Actual Startup Time": 48.783,
                      "Actual Total Time": 51.4,
                      "Actual Rows": 18.5,
                      "Actual Loops": 2,
                      "Disabled": false,
                      "Output": [
                        "mi.info",
                        "mk.keyword_id",
                        "t.title"
                      ],
                      "Inner Unique": false,
                      "Shared Hit Blocks": 920,
                      "Shared Read Blocks": 4494,
                      "Shared Dirtied Blocks": 0,
                      "Shared Written Blocks": 0,
                      "Local Hit Blocks": 0,
                      "Local Read Blocks": 0,
                      "Local Dirtied Blocks": 0,
                      "Local Written Blocks": 0,
                      "Temp Read Blocks": 0,
                      "Temp Written Blocks": 0,
                      "Workers": [
                        {
                          "Worker Number": 0,
                          "Actual Startup Time": 29.244,
                          "Actual Total Time": 29.245,
                          "Actual Rows": 0.0,
                          "Actual Loops": 1,
                          "Shared Hit Blocks": 0,
                          "Shared Read Blocks": 2503,
                          "Shared Dirtied Blocks": 0,
                          "Shared Written Blocks": 0,
                          "Local Hit Blocks": 0,
                          "Local Read Blocks": 0,
                          "Local Dirtied Blocks": 0,
                          "Local Written Blocks": 0,
                          "Temp Read Blocks": 0,
                          "Temp Written Blocks": 0
                        }
                      ],
                      "Plans": [
                        {
                          "Node Type": "Nested Loop",
                          "Parent Relationship": "Outer",
                          "Parallel Aware": false,
                          "Async Capable": false,
                          "Join Type": "Inner",
                          "Startup Cost": 2.01,
                          "Total Cost": 5472.79,
                          "Plan Rows": 1,
                          "Plan Width": 75,
                          "Actual Startup Time": 34.423,
                          "Actual Total Time": 50.461,
                          "Actual Rows": 1.5,
                          "Actual Loops": 2,
                          "Disabled": false,
                          "Output": [
                            "at.movie_id",
                            "mc.movie_id",
                            "mi.info",
                            "mi.movie_id",
                            "t.title",
                            "t.id"
                          ],
                          "Inner Unique": true,
                          "Shared Hit Blocks": 917,
                          "Shared Read Blocks": 4486,
                          "Shared Dirtied Blocks": 0,
                          "Shared Written Blocks": 0,
                          "Local Hit Blocks": 0,
                          "Local Read Blocks": 0,
                          "Local Dirtied Blocks": 0,
                          "Local Written Blocks": 0,
                          "Temp Read Blocks": 0,
                          "Temp Written Blocks": 0,
                          "Workers": [
                            {
                              "Worker Number": 0,
                              "Actual Startup Time": 29.244,
                              "Actual Total Time": 29.245,
                              "Actual Rows": 0.0,
                              "Actual Loops": 1,
                              "Shared Hit Blocks": 0,
                              "Shared Read Blocks": 2503,
                              "Shared Dirtied Blocks": 0,
                              "Shared Written Blocks": 0,
                              "Local Hit Blocks": 0,
                              "Local Read Blocks": 0,
                              "Local Dirtied Blocks": 0,
                              "Local Written Blocks": 0,
                              "Temp Read Blocks": 0,
                              "Temp Written Blocks": 0
                            }
                          ],
                          "Plans": [
                            {
                              "Node Type": "Nested Loop",
                              "Parent Relationship": "Outer",
                              "Parallel Aware": false,
                              "Async Capable": false,
                              "Join Type": "Inner",
                              "Startup Cost": 1.87,
                              "Total Cost": 5472.5,
                              "Plan Rows": 1,
                              "Plan Width": 79,
                              "Actual Startup Time": 34.418,
                              "Actual Total Time": 50.451,
                              "Actual Rows": 1.5,
                              "Actual Loops": 2,
                              "Disabled": false,
                              "Output": [
                                "at.movie_id",
                                "mc.movie_id",
                                "mi.info",
                                "mi.movie_id",
                                "mi.info_type_id",
                                "t.title",
                                "t.id"
                              ],
                              "Inner Unique": false,
                              "Shared Hit Blocks": 911,
                              "Shared Read Blocks": 4486,
                              "Shared Dirtied Blocks": 0,
                              "Shared Written Blocks": 0,
                              "Local Hit Blocks": 0,
                              "Local Read Blocks": 0,
                              "Local Dirtied Blocks": 0,
                              "Local Written Blocks": 0,
                              "Temp Read Blocks": 0,
                              "Temp Written Blocks": 0,
                              "Workers": [
                                {
                                  "Worker Number": 0,
                                  "Actual Startup Time": 29.244,
                                  "Actual Total Time": 29.245,
                                  "Actual Rows": 0.0,
                                  "Actual Loops": 1,
                                  "Shared Hit Blocks": 0,
                                  "Shared Read Blocks": 2503,
                                  "Shared Dirtied Blocks": 0,
                                  "Shared Written Blocks": 0,
                                  "Local Hit Blocks": 0,
                                  "Local Read Blocks": 0,
                                  "Local Dirtied Blocks": 0,
                                  "Local Written Blocks": 0,
                                  "Temp Read Blocks": 0,
                                  "Temp Written Blocks": 0
                                }
                              ],
                              "Plans": [
                                {
                                  "Node Type": "Nested Loop",
                                  "Parent Relationship": "Outer",
                                  "Parallel Aware": false,
                                  "Async Capable": false,
                                  "Join Type": "Inner",
                                  "Startup Cost": 1.43,
                                  "Total Cost": 5470.12,
                                  "Plan Rows": 1,
                                  "Plan Width": 29,
                                  "Actual Startup Time": 19.558,
                                  "Actual Total Time": 31.847,
                                  "Actual Rows": 13.0,
                                  "Actual Loops": 2,
                                  "Disabled": false,
                                  "Output": [
                                    "at.movie_id",
                                    "mc.movie_id",
                                    "t.title",
                                    "t.id"
                                  ],
                                  "Inner Unique": true,
                                  "Shared Hit Blocks": 809,
                                  "Shared Read Blocks": 4249,
                                  "Shared Dirtied Blocks": 0,
                                  "Shared Written Blocks": 0,
                                  "Local Hit Blocks": 0,
                                  "Local Read Blocks": 0,
                                  "Local Dirtied Blocks": 0,
                                  "Local Written Blocks": 0,
                                  "Temp Read Blocks": 0,
                                  "Temp Written Blocks": 0,
                                  "Workers": [
                                    {
                                      "Worker Number": 0,
                                      "Actual Startup Time": 29.244,
                                      "Actual Total Time": 29.245,
                                      "Actual Rows": 0.0,
                                      "Actual Loops": 1,
                                      "Shared Hit Blocks": 0,
                                      "Shared Read Blocks": 2503,
                                      "Shared Dirtied Blocks": 0,
                                      "Shared Written Blocks": 0,
                                      "Local Hit Blocks": 0,
                                      "Local Read Blocks": 0,
                                      "Local Dirtied Blocks": 0,
                                      "Local Written Blocks": 0,
                                      "Temp Read Blocks": 0,
                                      "Temp Written Blocks": 0
                                    }
                                  ],
                                  "Plans": [
                                    {
                                      "Node Type": "Nested Loop",
                                      "Parent Relationship": "Outer",
                                      "Parallel Aware": false,
                                      "Async Capable": false,
                                      "Join Type": "Inner",
                                      "Startup Cost": 1.0,
                                      "Total Cost": 5469.17,
                                      "Plan Rows": 1,
                                      "Plan Width": 8,
                                      "Actual Startup Time": 19.115,
                                      "Actual Total Time": 28.562,
                                      "Actual Rows": 13.5,
                                      "Actual Loops": 2,
                                      "Disabled": false,
                                      "Output": [
                                        "at.movie_id",
                                        "mc.movie_id"
                                      ],
                                      "Inner Unique": true,
                                      "Shared Hit Blocks": 757,
                                      "Shared Read Blocks": 4193,
                                      "Shared Dirtied Blocks": 0,
                                      "Shared Written Blocks": 0,
                                      "Local Hit Blocks": 0,
                                      "Local Read Blocks": 0,
                                      "Local Dirtied Blocks": 0,
                                      "Local Written Blocks": 0,
                                      "Temp Read Blocks": 0,
                                      "Temp Written Blocks": 0,
                                      "Workers": [
                                        {
                                          "Worker Number": 0,
                                          "Actual Startup Time": 29.244,
                                          "Actual Total Time": 29.244,
                                          "Actual Rows": 0.0,
                                          "Actual Loops": 1,
                                          "Shared Hit Blocks": 0,
                                          "Shared Read Blocks": 2503,
                                          "Shared Dirtied Blocks": 0,
                                          "Shared Written Blocks": 0,
                                          "Local Hit Blocks": 0,
                                          "Local Read Blocks": 0,
                                          "Local Dirtied Blocks": 0,
                                          "Local Written Blocks": 0,
                                          "Temp Read Blocks": 0,
                                          "Temp Written Blocks": 0
                                        }
                                      ],
                                      "Plans": [
                                        {
                                          "Node Type": "Nested Loop",
                                          "Parent Relationship": "Outer",
                                          "Parallel Aware": false,
                                          "Async Capable": false,
                                          "Join Type": "Inner",
                                          "Startup Cost": 0.85,
                                          "Total Cost": 5469.0,
                                          "Plan Rows": 1,
                                          "Plan Width": 12,
                                          "Actual Startup Time": 19.11,
                                          "Actual Total Time": 28.533,
                                          "Actual Rows": 13.5,
                                          "Actual Loops": 2,
                                          "Disabled": false,
                                          "Output": [
                                            "at.movie_id",
                                            "mc.movie_id",
                                            "mc.company_type_id"
                                          ],
                                          "Inner Unique": false,
                                          "Shared Hit Blocks": 703,
                                          "Shared Read Blocks": 4193,
                                          "Shared Dirtied Blocks": 0,
                                          "Shared Written Blocks": 0,
                                          "Local Hit Blocks": 0,
                                          "Local Read Blocks": 0,
                                          "Local Dirtied Blocks": 0,
                                          "Local Written Blocks": 0,
                                          "Temp Read Blocks": 0,
                                          "Temp Written Blocks": 0,
                                          "Workers": [
                                            {
                                              "Worker Number": 0,
                                              "Actual Startup Time": 29.243,
                                              "Actual Total Time": 29.244,
                                              "Actual Rows": 0.0,
                                              "Actual Loops": 1,
                                              "Shared Hit Blocks": 0,
                                              "Shared Read Blocks": 2503,
                                              "Shared Dirtied Blocks": 0,
                                              "Shared Written Blocks": 0,
                                              "Local Hit Blocks": 0,
                                              "Local Read Blocks": 0,
                                              "Local Dirtied Blocks": 0,
                                              "Local Written Blocks": 0,
                                              "Temp Read Blocks": 0,
                                              "Temp Written Blocks": 0
                                            }
                                          ],
                                          "Plans": [
                                            {
                                              "Node Type": "Nested Loop",
                                              "Parent Relationship": "Outer",
                                              "Parallel Aware": false,
                                              "Async Capable": false,
                                              "Join Type": "Inner",
                                              "Startup Cost": 0.43,
                                              "Total Cost": 5468.29,
                                              "Plan Rows": 1,
                                              "Plan Width": 8,
                                              "Actual Startup Time": 17.932,
                                              "Actual Total Time": 20.958,
                                              "Actual Rows": 139.0,
                                              "Actual Loops": 2,
                                              "Disabled": false,
                                              "Output": [
                                                "mc.movie_id",
                                                "mc.company_type_id"
                                              ],
                                              "Inner Unique": false,
                                              "Shared Hit Blocks": 2,
                                              "Shared Read Blocks": 4059,
                                              "Shared Dirtied Blocks": 0,
                                              "Shared Written Blocks": 0,
                                              "Local Hit Blocks": 0,
                                              "Local Read Blocks": 0,
                                              "Local Dirtied Blocks": 0,
                                              "Local Written Blocks": 0,
                                              "Temp Read Blocks": 0,
                                              "Temp Written Blocks": 0,
                                              "Workers": [
                                                {
                                                  "Worker Number": 0,
                                                  "Actual Startup Time": 29.243,
                                                  "Actual Total Time": 29.244,
                                                  "Actual Rows": 0.0,
                                                  "Actual Loops": 1,
                                                  "Shared Hit Blocks": 0,
                                                  "Shared Read Blocks": 2503,
                                                  "Shared Dirtied Blocks": 0,
                                                  "Shared Written Blocks": 0,
                                                  "Local Hit Blocks": 0,
                                                  "Local Read Blocks": 0,
                                                  "Local Dirtied Blocks": 0,
                                                  "Local Written Blocks": 0,
                                                  "Temp Read Blocks": 0,
                                                  "Temp Written Blocks": 0
                                                }
                                              ],
                                              "Plans": [
                                                {
                                                  "Node Type": "Seq Scan",
                                                  "Parent Relationship": "Outer",
                                                  "Parallel Aware": true,
                                                  "Async Capable": false,
                                                  "Relation Name": "company_name",
                                                  "Schema": "public",
                                                  "Alias": "cn",
                                                  "Startup Cost": 0.0,
                                                  "Total Cost": 5113.5,
                                                  "Plan Rows": 1,
                                                  "Plan Width": 4,
                                                  "Actual Startup Time": 17.46,
                                                  "Actual Total Time": 17.735,
                                                  "Actual Rows": 0.5,
                                                  "Actual Loops": 2,
                                                  "Disabled": false,
                                                  "Output": [
                                                    "cn.id",
                                                    "cn.name",
                                                    "cn.country_code",
                                                    "cn.imdb_id",
                                                    "cn.name_pcode_nf",
                                                    "cn.name_pcode_sf",
                                                    "cn.md5sum"
                                                  ],
                                                  "Filter": "(((cn.country_code)::text = '[us]'::text) AND (cn.name = 'YouTube'::text))",
                                                  "Rows Removed by Filter": 117498,
                                                  "Shared Hit Blocks": 0,
                                                  "Shared Read Blocks": 3040,
                                                  "Shared Dirtied Blocks": 0,
                                                  "Shared Written Blocks": 0,
                                                  "Local Hit Blocks": 0,
                                                  "Local Read Blocks": 0,
                                                  "Local Dirtied Blocks": 0,
                                                  "Local Written Blocks": 0,
                                                  "Temp Read Blocks": 0,
                                                  "Temp Written Blocks": 0,
                                                  "Workers": [
                                                    {
                                                      "Worker Number": 0,
                                                      "Actual Startup Time": 29.243,
                                                      "Actual Total Time": 29.243,
                                                      "Actual Rows": 0.0,
                                                      "Actual Loops": 1,
                                                      "Shared Hit Blocks": 0,
                                                      "Shared Read Blocks": 2503,
                                                      "Shared Dirtied Blocks": 0,
                                                      "Shared Written Blocks": 0,
                                                      "Local Hit Blocks": 0,
                                                      "Local Read Blocks": 0,
                                                      "Local Dirtied Blocks": 0,
                                                      "Local Written Blocks": 0,
                                                      "Temp Read Blocks": 0,
                                                      "Temp Written Blocks": 0
                                                    }
                                                  ],
                                                  "actual_scan_in_card": 234997,
                                                  "actual_funnel_counts": [
                                                    234997,
                                                    84843,
                                                    1
                                                  ],
                                                  "component_selectivity": {
                                                    "compare_selectivity": 0.3610386515572539,
                                                    "compare_selectivity_2": 1.1786476197211319e-05
                                                  },
                                                  "ius": [
                                                    {
                                                      "name": "cn.id",
                                                      "bytes": 8
                                                    },
                                                    {
                                                      "name": "cn.name",
                                                      "bytes": 8
                                                    },
                                                    {
                                                      "name": "cn.country_code",
                                                      "bytes": 8
                                                    },
                                                    {
                                                      "name": "cn.imdb_id",
                                                      "bytes": 8
                                                    },
                                                    {
                                                      "name": "cn.name_pcode_nf",
                                                      "bytes": 8
                                                    },
                                                    {
                                                      "name": "cn.name_pcode_sf",
                                                      "bytes": 8
                                                    },
                                                    {
                                                      "name": "cn.md5sum",
                                                      "bytes": 8
                                                    }
                                                  ]
                                                },
                                                {
                                                  "Node Type": "Index Scan",
                                                  "Parent Relationship": "Inner",
                                                  "Parallel Aware": false,
                                                  "Async Capable": false,
                                                  "Scan Direction": "Forward",
                                                  "Index Name": "company_id_movie_companies",
                                                  "Relation Name": "movie_companies",
                                                  "Schema": "public",
                                                  "Alias": "mc",
                                                  "Startup Cost": 0.43,
                                                  "Total Cost": 354.77,
                                                  "Plan Rows": 1,
                                                  "Plan Width": 12,
                                                  "Actual Startup Time": 0.941,
                                                  "Actual Total Time": 6.415,
                                                  "Actual Rows": 278.0,
                                                  "Actual Loops": 1,
                                                  "Disabled": false,
                                                  "Output": [
                                                    "mc.id",
                                                    "mc.movie_id",
                                                    "mc.company_id",
                                                    "mc.company_type_id",
                                                    "mc.note"
                                                  ],
                                                  "Index Cond": "(mc.company_id = cn.id)",
                                                  "Rows Removed by Index Recheck": 0,
                                                  "Filter": "((mc.note ~~ '%(200%)%'::text) AND (mc.note ~~ '%(worldwide)%'::text))",
                                                  "Rows Removed by Filter": 1180,
                                                  "Index Searches": 1,
                                                  "Shared Hit Blocks": 2,
                                                  "Shared Read Blocks": 1019,
                                                  "Shared Dirtied Blocks": 0,
                                                  "Shared Written Blocks": 0,
                                                  "Local Hit Blocks": 0,
                                                  "Local Read Blocks": 0,
                                                  "Local Dirtied Blocks": 0,
                                                  "Local Written Blocks": 0,
                                                  "Temp Read Blocks": 0,
                                                  "Temp Written Blocks": 0,
                                                  "Workers": [],
                                                  "actual_scan_in_card": 2609129,
                                                  "actual_funnel_counts": [
                                                    2609129,
                                                    440138,
                                                    61664
                                                  ],
                                                  "component_selectivity": {
                                                    "expression_selectivity": 0.16869154418965102,
                                                    "expression_selectivity_2": 0.140101513616184
                                                  },
                                                  "ius": [
                                                    {
                                                      "name": "mc.id",
                                                      "bytes": 8
                                                    },
                                                    {
                                                      "name": "mc.movie_id",
                                                      "bytes": 8
                                                    },
                                                    {
                                                      "name": "mc.company_id",
                                                      "bytes": 8
                                                    },
                                                    {
                                                      "name": "mc.company_type_id",
                                                      "bytes": 8
                                                    },
                                                    {
                                                      "name": "mc.note",
                                                      "bytes": 8
                                                    }
                                                  ]
                                                }
                                              ],
                                              "ius": [
                                                {
                                                  "name": "mc.movie_id",
                                                  "bytes": 8
                                                },
                                                {
                                                  "name": "mc.company_type_id",
                                                  "bytes": 8
                                                }
                                              ]
                                            },
                                            {
                                              "Node Type": "Index Only Scan",
                                              "Parent Relationship": "Inner",
                                              "Parallel Aware": false,
                                              "Async Capable": false,
                                              "Scan Direction": "Forward",
                                              "Index Name": "movie_id_aka_title",
                                              "Relation Name": "aka_title",
                                              "Schema": "public",
                                              "Alias": "at",
                                              "Startup Cost": 0.42,
                                              "Total Cost": 0.68,
                                              "Plan Rows": 3,
                                              "Plan Width": 4,
                                              "Actual Startup Time": 0.054,
                                              "Actual Total Time": 0.054,
                                              "Actual Rows": 0.1,
                                              "Actual Loops": 278,
                                              "Disabled": false,
                                              "Output": [
                                                "at.movie_id"
                                              ],
                                              "Index Cond": "(at.movie_id = mc.movie_id)",
                                              "Rows Removed by Index Recheck": 0,
                                              "Heap Fetches": 0,
                                              "Index Searches": 278,
                                              "Shared Hit Blocks": 701,
                                              "Shared Read Blocks": 134,
                                              "Shared Dirtied Blocks": 0,
                                              "Shared Written Blocks": 0,
                                              "Local Hit Blocks": 0,
                                              "Local Read Blocks": 0,
                                              "Local Dirtied Blocks": 0,
                                              "Local Written Blocks": 0,
                                              "Temp Read Blocks": 0,
                                              "Temp Written Blocks": 0,
                                              "Workers": [],
                                              "actual_scan_in_card": 361472,
                                              "ius": [
                                                {
                                                  "name": "at.movie_id",
                                                  "bytes": 8
                                                }
                                              ]
                                            }
                                          ],
                                          "ius": [
                                            {
                                              "name": "at.movie_id",
                                              "bytes": 8
                                            },
                                            {
                                              "name": "mc.movie_id",
                                              "bytes": 8
                                            },
                                            {
                                              "name": "mc.company_type_id",
                                              "bytes": 8
                                            }
                                          ]
                                        },
                                        {
                                          "Node Type": "Index Only Scan",
                                          "Parent Relationship": "Inner",
                                          "Parallel Aware": false,
                                          "Async Capable": false,
                                          "Scan Direction": "Forward",
                                          "Index Name": "company_type_pkey",
                                          "Relation Name": "company_type",
                                          "Schema": "public",
                                          "Alias": "ct",
                                          "Startup Cost": 0.15,
                                          "Total Cost": 0.17,
                                          "Plan Rows": 1,
                                          "Plan Width": 4,
                                          "Actual Startup Time": 0.002,
                                          "Actual Total Time": 0.002,
                                          "Actual Rows": 1.0,
                                          "Actual Loops": 27,
                                          "Disabled": false,
                                          "Output": [
                                            "ct.id"
                                          ],
                                          "Index Cond": "(ct.id = mc.company_type_id)",
                                          "Rows Removed by Index Recheck": 0,
                                          "Heap Fetches": 27,
                                          "Index Searches": 27,
                                          "Shared Hit Blocks": 54,
                                          "Shared Read Blocks": 0,
                                          "Shared Dirtied Blocks": 0,
                                          "Shared Written Blocks": 0,
                                          "Local Hit Blocks": 0,
                                          "Local Read Blocks": 0,
                                          "Local Dirtied Blocks": 0,
                                          "Local Written Blocks": 0,
                                          "Temp Read Blocks": 0,
                                          "Temp Written Blocks": 0,
                                          "Workers": [],
                                          "actual_scan_in_card": 4,
                                          "ius": [
                                            {
                                              "name": "ct.id",
                                              "bytes": 8
                                            }
                                          ]
                                        }
                                      ],
                                      "ius": [
                                        {
                                          "name": "at.movie_id",
                                          "bytes": 8
                                        },
                                        {
                                          "name": "mc.movie_id",
                                          "bytes": 8
                                        }
                                      ]
                                    },
                                    {
                                      "Node Type": "Index Scan",
                                      "Parent Relationship": "Inner",
                                      "Parallel Aware": false,
                                      "Async Capable": false,
                                      "Scan Direction": "Forward",
                                      "Index Name": "title_pkey",
                                      "Relation Name": "title",
                                      "Schema": "public",
                                      "Alias": "t",
                                      "Startup Cost": 0.43,
                                      "Total Cost": 0.95,
                                      "Plan Rows": 1,
                                      "Plan Width": 21,
                                      "Actual Startup Time": 0.243,
                                      "Actual Total Time": 0.243,
                                      "Actual Rows": 0.96,
                                      "Actual Loops": 27,
                                      "Disabled": false,
                                      "Output": [
                                        "t.id",
                                        "t.title",
                                        "t.imdb_index",
                                        "t.kind_id",
                                        "t.production_year",
                                        "t.imdb_id",
                                        "t.phonetic_code",
                                        "t.episode_of_id",
                                        "t.season_nr",
                                        "t.episode_nr",
                                        "t.series_years",
                                        "t.md5sum"
                                      ],
                                      "Index Cond": "(t.id = at.movie_id)",
                                      "Rows Removed by Index Recheck": 0,
                                      "Filter": "((t.production_year >= 2005) AND (t.production_year <= 2010))",
                                      "Rows Removed by Filter": 0,
                                      "Index Searches": 27,
                                      "Shared Hit Blocks": 52,
                                      "Shared Read Blocks": 56,
                                      "Shared Dirtied Blocks": 0,
                                      "Shared Written Blocks": 0,
                                      "Local Hit Blocks": 0,
                                      "Local Read Blocks": 0,
                                      "Local Dirtied Blocks": 0,
                                      "Local Written Blocks": 0,
                                      "Temp Read Blocks": 0,
                                      "Temp Written Blocks": 0,
                                      "Workers": [],
                                      "actual_scan_in_card": 2528312,
                                      "actual_funnel_counts": [
                                        2528312,
                                        1107925,
                                        716259
                                      ],
                                      "component_selectivity": {
                                        "compare_selectivity": 0.4382073889614889,
                                        "compare_selectivity_2": 0.64648690118916
                                      },
                                      "ius": [
                                        {
                                          "name": "t.id",
                                          "bytes": 8
                                        },
                                        {
                                          "name": "t.title",
                                          "bytes": 8
                                        },
                                        {
                                          "name": "t.imdb_index",
                                          "bytes": 8
                                        },
                                        {
                                          "name": "t.kind_id",
                                          "bytes": 8
                                        },
                                        {
                                          "name": "t.production_year",
                                          "bytes": 8
                                        },
                                        {
                                          "name": "t.imdb_id",
                                          "bytes": 8
                                        },
                                        {
                                          "name": "t.phonetic_code",
                                          "bytes": 8
                                        },
                                        {
                                          "name": "t.episode_of_id",
                                          "bytes": 8
                                        },
                                        {
                                          "name": "t.season_nr",
                                          "bytes": 8
                                        },
                                        {
                                          "name": "t.episode_nr",
                                          "bytes": 8
                                        },
                                        {
                                          "name": "t.series_years",
                                          "bytes": 8
                                        },
                                        {
                                          "name": "t.md5sum",
                                          "bytes": 8
                                        }
                                      ]
                                    }
                                  ],
                                  "ius": [
                                    {
                                      "name": "at.movie_id",
                                      "bytes": 8
                                    },
                                    {
                                      "name": "mc.movie_id",
                                      "bytes": 8
                                    },
                                    {
                                      "name": "t.title",
                                      "bytes": 8
                                    },
                                    {
                                      "name": "t.id",
                                      "bytes": 8
                                    }
                                  ]
                                },
                                {
                                  "Node Type": "Index Scan",
                                  "Parent Relationship": "Inner",
                                  "Parallel Aware": false,
                                  "Async Capable": false,
                                  "Scan Direction": "Forward",
                                  "Index Name": "movie_id_movie_info",
                                  "Relation Name": "movie_info",
                                  "Schema": "public",
                                  "Alias": "mi",
                                  "Startup Cost": 0.43,
                                  "Total Cost": 2.37,
                                  "Plan Rows": 1,
                                  "Plan Width": 50,
                                  "Actual Startup Time": 1.35,
                                  "Actual Total Time": 1.43,
                                  "Actual Rows": 0.12,
                                  "Actual Loops": 26,
                                  "Disabled": false,
                                  "Output": [
                                    "mi.id",
                                    "mi.movie_id",
                                    "mi.info_type_id",
                                    "mi.info",
                                    "mi.note"
                                  ],
                                  "Index Cond": "(mi.movie_id = t.id)",
                                  "Rows Removed by Index Recheck": 0,
                                  "Filter": "((mi.note ~~ '%internet%'::text) AND (mi.info ~~ 'USA:% 200%'::text))",
                                  "Rows Removed by Filter": 19,
                                  "Index Searches": 26,
                                  "Shared Hit Blocks": 102,
                                  "Shared Read Blocks": 237,
                                  "Shared Dirtied Blocks": 0,
                                  "Shared Written Blocks": 0,
                                  "Local Hit Blocks": 0,
                                  "Local Read Blocks": 0,
                                  "Local Dirtied Blocks": 0,
                                  "Local Written Blocks": 0,
                                  "Temp Read Blocks": 0,
                                  "Temp Written Blocks": 0,
                                  "Workers": [],
                                  "actual_scan_in_card": 14835720,
                                  "actual_funnel_counts": [
                                    14835720,
                                    10810,
                                    1771
                                  ],
                                  "component_selectivity": {
                                    "expression_selectivity": 0.00072864680649136,
                                    "expression_selectivity_2": 0.16382978723404254
                                  },
                                  "ius": [
                                    {
                                      "name": "mi.id",
                                      "bytes": 8
                                    },
                                    {
                                      "name": "mi.movie_id",
                                      "bytes": 8
                                    },
                                    {
                                      "name": "mi.info_type_id",
                                      "bytes": 8
                                    },
                                    {
                                      "name": "mi.info",
                                      "bytes": 8
                                    },
                                    {
                                      "name": "mi.note",
                                      "bytes": 8
                                    }
                                  ]
                                }
                              ],
                              "ius": [
                                {
                                  "name": "at.movie_id",
                                  "bytes": 11
                                },
                                {
                                  "name": "mc.movie_id",
                                  "bytes": 11
                                },
                                {
                                  "name": "mi.info",
                                  "bytes": 11
                                },
                                {
                                  "name": "mi.movie_id",
                                  "bytes": 11
                                },
                                {
                                  "name": "mi.info_type_id",
                                  "bytes": 11
                                },
                                {
                                  "name": "t.title",
                                  "bytes": 11
                                },
                                {
                                  "name": "t.id",
                                  "bytes": 11
                                }
                              ]
                            },
                            {
                              "Node Type": "Index Scan",
                              "Parent Relationship": "Inner",
                              "Parallel Aware": false,
                              "Async Capable": false,
                              "Scan Direction": "Forward",
                              "Index Name": "info_type_pkey",
                              "Relation Name": "info_type",
                              "Schema": "public",
                              "Alias": "it1",
                              "Startup Cost": 0.14,
                              "Total Cost": 0.22,
                              "Plan Rows": 1,
                              "Plan Width": 4,
                              "Actual Startup Time": 0.005,
                              "Actual Total Time": 0.005,
                              "Actual Rows": 1.0,
                              "Actual Loops": 3,
                              "Disabled": false,
                              "Output": [
                                "it1.id",
                                "it1.info"
                              ],
                              "Index Cond": "(it1.id = mi.info_type_id)",
                              "Rows Removed by Index Recheck": 0,
                              "Filter": "((it1.info)::text = 'release dates'::text)",
                              "Rows Removed by Filter": 0,
                              "Index Searches": 3,
                              "Shared Hit Blocks": 6,
                              "Shared Read Blocks": 0,
                              "Shared Dirtied Blocks": 0,
                              "Shared Written Blocks": 0,
                              "Local Hit Blocks": 0,
                              "Local Read Blocks": 0,
                              "Local Dirtied Blocks": 0,
                              "Local Written Blocks": 0,
                              "Temp Read Blocks": 0,
                              "Temp Written Blocks": 0,
                              "Workers": [],
                              "actual_scan_in_card": 113,
                              "actual_funnel_counts": [
                                113,
                                1
                              ],
                              "component_selectivity": {
                                "compare_selectivity": 0.008849557522123894
                              },
                              "ius": [
                                {
                                  "name": "it1.id",
                                  "bytes": 8
                                },
                                {
                                  "name": "it1.info",
                                  "bytes": 8
                                }
                              ]
                            }
                          ],
                          "ius": [
                            {
                              "name": "at.movie_id",
                              "bytes": 12
                            },
                            {
                              "name": "mc.movie_id",
                              "bytes": 12
                            },
                            {
                              "name": "mi.info",
                              "bytes": 12
                            },
                            {
                              "name": "mi.movie_id",
                              "bytes": 12
                            },
                            {
                              "name": "t.title",
                              "bytes": 12
                            },
                            {
                              "name": "t.id",
                              "bytes": 12
                            }
                          ]
                        },
                        {
                          "Node Type": "Index Scan",
                          "Parent Relationship": "Inner",
                          "Parallel Aware": false,
                          "Async Capable": false,
                          "Scan Direction": "Forward",
                          "Index Name": "movie_id_movie_keyword",
                          "Relation Name": "movie_keyword",
                          "Schema": "public",
                          "Alias": "mk",
                          "Startup Cost": 0.43,
                          "Total Cost": 1.42,
                          "Plan Rows": 46,
                          "Plan Width": 8,
                          "Actual Startup Time": 0.622,
                          "Actual Total Time": 0.624,
                          "Actual Rows": 12.33,
                          "Actual Loops": 3,
                          "Disabled": false,
                          "Output": [
                            "mk.id",
                            "mk.movie_id",
                            "mk.keyword_id"
                          ],
                          "Index Cond": "(mk.movie_id = t.id)",
                          "Rows Removed by Index Recheck": 0,
                          "Index Searches": 3,
                          "Shared Hit Blocks": 3,
                          "Shared Read Blocks": 8,
                          "Shared Dirtied Blocks": 0,
                          "Shared Written Blocks": 0,
                          "Local Hit Blocks": 0,
                          "Local Read Blocks": 0,
                          "Local Dirtied Blocks": 0,
                          "Local Written Blocks": 0,
                          "Temp Read Blocks": 0,
                          "Temp Written Blocks": 0,
                          "Workers": [],
                          "actual_scan_in_card": 4523930,
                          "ius": [
                            {
                              "name": "mk.id",
                              "bytes": 8
                            },
                            {
                              "name": "mk.movie_id",
                              "bytes": 8
                            },
                            {
                              "name": "mk.keyword_id",
                              "bytes": 8
                            }
                          ]
                        }
                      ],
                      "ius": [
                        {
                          "name": "mi.info",
                          "bytes": 21
                        },
                        {
                          "name": "mk.keyword_id",
                          "bytes": 21
                        },
                        {
                          "name": "t.title",
                          "bytes": 21
                        }
                      ]
                    },
                    {
                      "Node Type": "Index Only Scan",
                      "Parent Relationship": "Inner",
                      "Parallel Aware": false,
                      "Async Capable": false,
                      "Scan Direction": "Forward",
                      "Index Name": "keyword_pkey",
                      "Relation Name": "keyword",
                      "Schema": "public",
                      "Alias": "k",
                      "Startup Cost": 0.42,
                      "Total Cost": 0.44,
                      "Plan Rows": 1,
                      "Plan Width": 4,
                      "Actual Startup Time": 0.079,
                      "Actual Total Time": 0.079,
                      "Actual Rows": 1.0,
                      "Actual Loops": 37,
                      "Disabled": false,
                      "Output": [
                        "k.id"
                      ],
                      "Index Cond": "(k.id = mk.keyword_id)",
                      "Rows Removed by Index Recheck": 0,
                      "Heap Fetches": 0,
                      "Index Searches": 37,
                      "Shared Hit Blocks": 96,
                      "Shared Read Blocks": 16,
                      "Shared Dirtied Blocks": 0,
                      "Shared Written Blocks": 0,
                      "Local Hit Blocks": 0,
                      "Local Read Blocks": 0,
                      "Local Dirtied Blocks": 0,
                      "Local Written Blocks": 0,
                      "Temp Read Blocks": 0,
                      "Temp Written Blocks": 0,
                      "Workers": [],
                      "actual_scan_in_card": 134170,
                      "ius": [
                        {
                          "name": "k.id",
                          "bytes": 8
                        }
                      ]
                    }
                  ],
                  "ius": [
                    {
                      "name": "mi.info",
                      "bytes": 29
                    },
                    {
                      "name": "t.title",
                      "bytes": 29
                    }
                  ]
                }
              ],
              "ius": [
                {
                  "name": "PARTIAL min(mi.info)",
                  "bytes": 32
                },
                {
                  "name": "PARTIAL min(t.title)",
                  "bytes": 32
                }
              ]
            }
          ],
          "ius": [
            {
              "name": "(PARTIAL min(mi.info))",
              "bytes": 32
            },
            {
              "name": "(PARTIAL min(t.title))",
              "bytes": 32
            }
          ]
        }
      ],
      "ius": [
        {
          "name": "min(mi.info)",
          "bytes": 32
        },
        {
          "name": "min(t.title)",
          "bytes": 32
        }
      ]
    },
    "Planning": {
      "Shared Hit Blocks": 159,
      "Shared Read Blocks": 37,
      "Shared Dirtied Blocks": 0,
      "Shared Written Blocks": 0,
      "Local Hit Blocks": 0,
      "Local Read Blocks": 0,
      "Local Dirtied Blocks": 0,
      "Local Written Blocks": 0,
      "Temp Read Blocks": 0,
      "Temp Written Blocks": 0
    },
    "Planning Time": 19.588,
    "Triggers": [],
    "Execution Time": 76.902
  }
]