[
  {
    "Plan": {
      "Node Type": "Aggregate",
      "Strategy": "Plain",
      "Partial Mode": "Simple",
      "Parallel Aware": false,
      "Async Capable": false,
      "Startup Cost": 4476.72,
      "Total Cost": 4476.73,
      "Plan Rows": 1,
      "Plan Width": 64,
      "Actual Startup Time": 184374.696,
      "Actual Total Time": 184374.908,
      "Actual Rows": 1.0,
      "Actual Loops": 1,
      "Disabled": false,
      "Output": [
        "min(n.name)",
        "min(n.name)"
      ],
      "Shared Hit Blocks": 3401840,
      "Shared Read Blocks": 2104360,
      "Shared Dirtied Blocks": 0,
      "Shared Written Blocks": 0,
      "Local Hit Blocks": 0,
      "Local Read Blocks": 0,
      "Local Dirtied Blocks": 0,
      "Local Written Blocks": 0,
      "Temp Read Blocks": 0,
      "Temp Written Blocks": 0,
      "Plans": [
        {
          "Node Type": "Nested Loop",
          "Parent Relationship": "Outer",
          "Parallel Aware": false,
          "Async Capable": false,
          "Join Type": "Inner",
          "Startup Cost": 8.95,
          "Total Cost": 4476.63,
          "Plan Rows": 34,
          "Plan Width": 15,
          "Actual Startup Time": 234.83,
          "Actual Total Time": 184361.997,
          "Actual Rows": 52306.0,
          "Actual Loops": 1,
          "Disabled": false,
          "Output": [
            "n.name"
          ],
          "Inner Unique": true,
          "Shared Hit Blocks": 3401840,
          "Shared Read Blocks": 2104360,
          "Shared Dirtied Blocks": 0,
          "Shared Written Blocks": 0,
          "Local Hit Blocks": 0,
          "Local Read Blocks": 0,
          "Local Dirtied Blocks": 0,
          "Local Written Blocks": 0,
          "Temp Read Blocks": 0,
          "Temp Written Blocks": 0,
          "Plans": [
            {
              "Node Type": "Nested Loop",
              "Parent Relationship": "Outer",
              "Parallel Aware": false,
              "Async Capable": false,
              "Join Type": "Inner",
              "Startup Cost": 8.53,
              "Total Cost": 4461.71,
              "Plan Rows": 34,
              "Plan Width": 19,
              "Actual Startup Time": 234.784,
              "Actual Total Time": 183963.887,
              "Actual Rows": 52306.0,
              "Actual Loops": 1,
              "Disabled": false,
              "Output": [
                "mc.company_id",
                "n.name"
              ],
              "Inner Unique": false,
              "Shared Hit Blocks": 3251502,
              "Shared Read Blocks": 2097779,
              "Shared Dirtied Blocks": 0,
              "Shared Written Blocks": 0,
              "Local Hit Blocks": 0,
              "Local Read Blocks": 0,
              "Local Dirtied Blocks": 0,
              "Local Written Blocks": 0,
              "Temp Read Blocks": 0,
              "Temp Written Blocks": 0,
              "Plans": [
                {
                  "Node Type": "Nested Loop",
                  "Parent Relationship": "Outer",
                  "Parallel Aware": false,
                  "Async Capable": false,
                  "Join Type": "Inner",
                  "Startup Cost": 8.1,
                  "Total Cost": 4454.29,
                  "Plan Rows": 13,
                  "Plan Width": 27,
                  "Actual Startup Time": 234.502,
                  "Actual Total Time": 182441.43,
                  "Actual Rows": 6642.0,
                  "Actual Loops": 1,
                  "Disabled": false,
                  "Output": [
                    "ci.movie_id",
                    "mk.movie_id",
                    "n.name",
                    "t.id"
                  ],
                  "Inner Unique": true,
                  "Shared Hit Blocks": 3227329,
                  "Shared Read Blocks": 2090502,
                  "Shared Dirtied Blocks": 0,
                  "Shared Written Blocks": 0,
                  "Local Hit Blocks": 0,
                  "Local Read Blocks": 0,
                  "Local Dirtied Blocks": 0,
                  "Local Written Blocks": 0,
                  "Temp Read Blocks": 0,
                  "Temp Written Blocks": 0,
                  "Plans": [
                    {
                      "Node Type": "Nested Loop",
                      "Parent Relationship": "Outer",
                      "Parallel Aware": false,
                      "Async Capable": false,
                      "Join Type": "Inner",
                      "Startup Cost": 7.67,
                      "Total Cost": 4448.46,
                      "Plan Rows": 13,
                      "Plan Width": 23,
                      "Actual Startup Time": 233.802,
                      "Actual Total Time": 181941.026,
                      "Actual Rows": 6642.0,
                      "Actual Loops": 1,
                      "Disabled": false,
                      "Output": [
                        "ci.movie_id",
                        "mk.movie_id",
                        "n.name"
                      ],
                      "Inner Unique": true,
                      "Shared Hit Blocks": 3209538,
                      "Shared Read Blocks": 2088273,
                      "Shared Dirtied Blocks": 0,
                      "Shared Written Blocks": 0,
                      "Local Hit Blocks": 0,
                      "Local Read Blocks": 0,
                      "Local Dirtied Blocks": 0,
                      "Local Written Blocks": 0,
                      "Temp Read Blocks": 0,
                      "Temp Written Blocks": 0,
                      "Plans": [
                        {
                          "Node Type": "Nested Loop",
                          "Parent Relationship": "Outer",
                          "Parallel Aware": false,
                          "Async Capable": false,
                          "Join Type": "Inner",
                          "Startup Cost": 7.24,
                          "Total Cost": 3875.29,
                          "Plan Rows": 1252,
                          "Plan Width": 12,
                          "Actual Startup Time": 96.293,
                          "Actual Total Time": 139722.872,
                          "Actual Rows": 1038393.0,
                          "Actual Loops": 1,
                          "Disabled": false,
                          "Output": [
                            "ci.person_id",
                            "ci.movie_id",
                            "mk.movie_id"
                          ],
                          "Inner Unique": false,
                          "Shared Hit Blocks": 281301,
                          "Shared Read Blocks": 862938,
                          "Shared Dirtied Blocks": 0,
                          "Shared Written Blocks": 0,
                          "Local Hit Blocks": 0,
                          "Local Read Blocks": 0,
                          "Local Dirtied Blocks": 0,
                          "Local Written Blocks": 0,
                          "Temp Read Blocks": 0,
                          "Temp Written Blocks": 0,
                          "Plans": [
                            {
                              "Node Type": "Nested Loop",
                              "Parent Relationship": "Outer",
                              "Parallel Aware": false,
                              "Async Capable": false,
                              "Join Type": "Inner",
                              "Startup Cost": 6.8,
                              "Total Cost": 3816.68,
                              "Plan Rows": 34,
                              "Plan Width": 4,
                              "Actual Startup Time": 95.533,
                              "Actual Total Time": 250.741,
                              "Actual Rows": 41840.0,
                              "Actual Loops": 1,
                              "Disabled": false,
                              "Output": [
                                "mk.movie_id"
                              ],
                              "Inner Unique": false,
                              "Shared Hit Blocks": 41,
                              "Shared Read Blocks": 12543,
                              "Shared Dirtied Blocks": 0,
                              "Shared Written Blocks": 0,
                              "Local Hit Blocks": 0,
                              "Local Read Blocks": 0,
                              "Local Dirtied Blocks": 0,
                              "Local Written Blocks": 0,
                              "Temp Read Blocks": 0,
                              "Temp Written Blocks": 0,
                              "Plans": [
                                {
                                  "Node Type": "Seq Scan",
                                  "Parent Relationship": "Outer",
                                  "Parallel Aware": false,
                                  "Async Capable": false,
                                  "Relation Name": "keyword",
                                  "Schema": "public",
                                  "Alias": "k",
                                  "Startup Cost": 0.0,
                                  "Total Cost": 2685.12,
                                  "Plan Rows": 1,
                                  "Plan Width": 4,
                                  "Actual Startup Time": 0.308,
                                  "Actual Total Time": 7.995,
                                  "Actual Rows": 1.0,
                                  "Actual Loops": 1,
                                  "Disabled": false,
                                  "Output": [
                                    "k.id",
                                    "k.keyword",
                                    "k.phonetic_code"
                                  ],
                                  "Filter": "(k.keyword = 'character-name-in-title'::text)",
                                  "Rows Removed by Filter": 134169,
                                  "Shared Hit Blocks": 39,
                                  "Shared Read Blocks": 969,
                                  "Shared Dirtied Blocks": 0,
                                  "Shared Written Blocks": 0,
                                  "Local Hit Blocks": 0,
                                  "Local Read Blocks": 0,
                                  "Local Dirtied Blocks": 0,
                                  "Local Written Blocks": 0,
                                  "Temp Read Blocks": 0,
                                  "Temp Written Blocks": 0,
                                  "actual_scan_in_card": 134170,
                                  "actual_funnel_counts": [
                                    134170,
                                    1
                                  ],
                                  "component_selectivity": {
                                    "compare_selectivity": 7.453230975627935e-06
                                  },
                                  "ius": [
                                    {
                                      "name": "k.id",
                                      "bytes": 8
                                    },
                                    {
                                      "name": "k.keyword",
                                      "bytes": 8
                                    },
                                    {
                                      "name": "k.phonetic_code",
                                      "bytes": 8
                                    }
                                  ]
                                },
                                {
                                  "Node Type": "Bitmap Heap Scan",
                                  "Parent Relationship": "Inner",
                                  "Parallel Aware": false,
                                  "Async Capable": false,
                                  "Relation Name": "movie_keyword",
                                  "Schema": "public",
                                  "Alias": "mk",
                                  "Startup Cost": 6.8,
                                  "Total Cost": 1128.5,
                                  "Plan Rows": 306,
                                  "Plan Width": 8,
                                  "Actual Startup Time": 95.221,
                                  "Actual Total Time": 230.028,
                                  "Actual Rows": 41840.0,
                                  "Actual Loops": 1,
                                  "Disabled": false,
                                  "Output": [
                                    "mk.id",
                                    "mk.movie_id",
                                    "mk.keyword_id"
                                  ],
                                  "Recheck Cond": "(k.id = mk.keyword_id)",
                                  "Rows Removed by Index Recheck": 0,
                                  "Exact Heap Blocks": 11541,
                                  "Lossy Heap Blocks": 0,
                                  "Shared Hit Blocks": 2,
                                  "Shared Read Blocks": 11574,
                                  "Shared Dirtied Blocks": 0,
                                  "Shared Written Blocks": 0,
                                  "Local Hit Blocks": 0,
                                  "Local Read Blocks": 0,
                                  "Local Dirtied Blocks": 0,
                                  "Local Written Blocks": 0,
                                  "Temp Read Blocks": 0,
                                  "Temp Written Blocks": 0,
                                  "Plans": [
                                    {
                                      "Node Type": "Bitmap Index Scan",
                                      "Parent Relationship": "Outer",
                                      "Parallel Aware": false,
                                      "Async Capable": false,
                                      "Index Name": "keyword_id_movie_keyword",
                                      "Startup Cost": 0.0,
                                      "Total Cost": 6.73,
                                      "Plan Rows": 306,
                                      "Plan Width": 0,
                                      "Actual Startup Time": 91.559,
                                      "Actual Total Time": 91.559,
                                      "Actual Rows": 41840.0,
                                      "Actual Loops": 1,
                                      "Disabled": false,
                                      "Index Cond": "(mk.keyword_id = k.id)",
                                      "Index Searches": 1,
                                      "Shared Hit Blocks": 2,
                                      "Shared Read Blocks": 33,
                                      "Shared Dirtied Blocks": 0,
                                      "Shared Written Blocks": 0,
                                      "Local Hit Blocks": 0,
                                      "Local Read Blocks": 0,
                                      "Local Dirtied Blocks": 0,
                                      "Local Written Blocks": 0,
                                      "Temp Read Blocks": 0,
                                      "Temp Written Blocks": 0,
                                      "ius": []
                                    }
                                  ],
                                  "ius": [
                                    {
                                      "name": "mk.id",
                                      "bytes": 8
                                    },
                                    {
                                      "name": "mk.movie_id",
                                      "bytes": 8
                                    },
                                    {
                                      "name": "mk.keyword_id",
                                      "bytes": 8
                                    }
                                  ]
                                }
                              ],
                              "ius": [
                                {
                                  "name": "mk.movie_id",
                                  "bytes": 8
                                }
                              ]
                            },
                            {
                              "Node Type": "Index Scan",
                              "Parent Relationship": "Inner",
                              "Parallel Aware": false,
                              "Async Capable": false,
                              "Scan Direction": "Forward",
                              "Index Name": "movie_id_cast_info",
                              "Relation Name": "cast_info",
                              "Schema": "public",
                              "Alias": "ci",
                              "Startup Cost": 0.44,
                              "Total Cost": 1.35,
                              "Plan Rows": 37,
                              "Plan Width": 8,
                              "Actual Startup Time": 0.239,
                              "Actual Total Time": 3.329,
                              "Actual Rows": 24.82,
                              "Actual Loops": 41840,
                              "Disabled": false,
                              "Output": [
                                "ci.id",
                                "ci.person_id",
                                "ci.movie_id",
                                "ci.person_role_id",
                                "ci.note",
                                "ci.nr_order",
                                "ci.role_id"
                              ],
                              "Index Cond": "(ci.movie_id = mk.movie_id)",
                              "Rows Removed by Index Recheck": 0,
                              "Index Searches": 41840,
                              "Shared Hit Blocks": 281260,
                              "Shared Read Blocks": 850395,
                              "Shared Dirtied Blocks": 0,
                              "Shared Written Blocks": 0,
                              "Local Hit Blocks": 0,
                              "Local Read Blocks": 0,
                              "Local Dirtied Blocks": 0,
                              "Local Written Blocks": 0,
                              "Temp Read Blocks": 0,
                              "Temp Written Blocks": 0,
                              "actual_scan_in_card": 36244344,
                              "ius": [
                                {
                                  "name": "ci.id",
                                  "bytes": 8
                                },
                                {
                                  "name": "ci.person_id",
                                  "bytes": 8
                                },
                                {
                                  "name": "ci.movie_id",
                                  "bytes": 8
                                },
                                {
                                  "name": "ci.person_role_id",
                                  "bytes": 8
                                },
                                {
                                  "name": "ci.note",
                                  "bytes": 8
                                },
                                {
                                  "name": "ci.nr_order",
                                  "bytes": 8
                                },
                                {
                                  "name": "ci.role_id",
                                  "bytes": 8
                                }
                              ]
                            }
                          ],
                          "ius": [
                            {
                              "name": "ci.person_id",
                              "bytes": 8
                            },
                            {
                              "name": "ci.movie_id",
                              "bytes": 8
                            },
                            {
                              "name": "mk.movie_id",
                              "bytes": 8
                            }
                          ]
                        },
                        {
                          "Node Type": "Index Scan",
                          "Parent Relationship": "Inner",
                          "Parallel Aware": false,
                          "Async Capable": false,
                          "Scan Direction": "Forward",
                          "Index Name": "name_pkey",
                          "Relation Name": "name",
                          "Schema": "public",
                          "Alias": "n",
                          "Startup Cost": 0.43,
                          "Total Cost": 0.46,
                          "Plan Rows": 1,
                          "Plan Width": 19,
                          "Actual Startup Time": 0.04,
                          "Actual Total Time": 0.04,
                          "Actual Rows": 0.01,
                          "Actual Loops": 1038393,
                          "Disabled": false,
                          "Output": [
                            "n.id",
                            "n.name",
                            "n.imdb_index",
                            "n.imdb_id",
                            "n.gender",
                            "n.name_pcode_cf",
                            "n.name_pcode_nf",
                            "n.surname_pcode",
                            "n.md5sum"
                          ],
                          "Index Cond": "(n.id = ci.person_id)",
                          "Rows Removed by Index Recheck": 0,
                          "Filter": "(n.name ~~ 'Z%'::text)",
                          "Rows Removed by Filter": 1,
                          "Index Searches": 1038393,
                          "Shared Hit Blocks": 2928237,
                          "Shared Read Blocks": 1225335,
                          "Shared Dirtied Blocks": 0,
                          "Shared Written Blocks": 0,
                          "Local Hit Blocks": 0,
                          "Local Read Blocks": 0,
                          "Local Dirtied Blocks": 0,
                          "Local Written Blocks": 0,
                          "Temp Read Blocks": 0,
                          "Temp Written Blocks": 0,
                          "actual_scan_in_card": 4167491,
                          "actual_funnel_counts": [
                            4167491,
                            36174
                          ],
                          "component_selectivity": {
                            "expression_selectivity": 0.00868004274034425
                          },
                          "ius": [
                            {
                              "name": "n.id",
                              "bytes": 8
                            },
                            {
                              "name": "n.name",
                              "bytes": 8
                            },
                            {
                              "name": "n.imdb_index",
                              "bytes": 8
                            },
                            {
                              "name": "n.imdb_id",
                              "bytes": 8
                            },
                            {
                              "name": "n.gender",
                              "bytes": 8
                            },
                            {
                              "name": "n.name_pcode_cf",
                              "bytes": 8
                            },
                            {
                              "name": "n.name_pcode_nf",
                              "bytes": 8
                            },
                            {
                              "name": "n.surname_pcode",
                              "bytes": 8
                            },
                            {
                              "name": "n.md5sum",
                              "bytes": 8
                            }
                          ]
                        }
                      ],
                      "ius": [
                        {
                          "name": "ci.movie_id",
                          "bytes": 8
                        },
                        {
                          "name": "mk.movie_id",
                          "bytes": 8
                        },
                        {
                          "name": "n.name",
                          "bytes": 8
                        }
                      ]
                    },
                    {
                      "Node Type": "Index Only Scan",
                      "Parent Relationship": "Inner",
                      "Parallel Aware": false,
                      "Async Capable": false,
                      "Scan Direction": "Forward",
                      "Index Name": "title_pkey",
                      "Relation Name": "title",
                      "Schema": "public",
                      "Alias": "t",
                      "Startup Cost": 0.43,
                      "Total Cost": 0.45,
                      "Plan Rows": 1,
                      "Plan Width": 4,
                      "Actual Startup Time": 0.074,
                      "Actual Total Time": 0.074,
                      "Actual Rows": 1.0,
                      "Actual Loops": 6642,
                      "Disabled": false,
                      "Output": [
                        "t.id"
                      ],
                      "Index Cond": "(t.id = ci.movie_id)",
                      "Rows Removed by Index Recheck": 0,
                      "Heap Fetches": 0,
                      "Index Searches": 6642,
                      "Shared Hit Blocks": 17791,
                      "Shared Read Blocks": 2229,
                      "Shared Dirtied Blocks": 0,
                      "Shared Written Blocks": 0,
                      "Local Hit Blocks": 0,
                      "Local Read Blocks": 0,
                      "Local Dirtied Blocks": 0,
                      "Local Written Blocks": 0,
                      "Temp Read Blocks": 0,
                      "Temp Written Blocks": 0,
                      "actual_scan_in_card": 2528312,
                      "ius": [
                        {
                          "name": "t.id",
                          "bytes": 8
                        }
                      ]
                    }
                  ],
                  "ius": [
                    {
                      "name": "ci.movie_id",
                      "bytes": 8
                    },
                    {
                      "name": "mk.movie_id",
                      "bytes": 8
                    },
                    {
                      "name": "n.name",
                      "bytes": 8
                    },
                    {
                      "name": "t.id",
                      "bytes": 8
                    }
                  ]
                },
                {
                  "Node Type": "Index Scan",
                  "Parent Relationship": "Inner",
                  "Parallel Aware": false,
                  "Async Capable": false,
                  "Scan Direction": "Forward",
                  "Index Name": "movie_id_movie_companies",
                  "Relation Name": "movie_companies",
                  "Schema": "public",
                  "Alias": "mc",
                  "Startup Cost": 0.43,
                  "Total Cost": 0.52,
                  "Plan Rows": 5,
                  "Plan Width": 8,
                  "Actual Startup Time": 0.17,
                  "Actual Total Time": 0.227,
                  "Actual Rows": 7.88,
                  "Actual Loops": 6642,
                  "Disabled": false,
                  "Output": [
                    "mc.id",
                    "mc.movie_id",
                    "mc.company_id",
                    "mc.company_type_id",
                    "mc.note"
                  ],
                  "Index Cond": "(mc.movie_id = ci.movie_id)",
                  "Rows Removed by Index Recheck": 0,
                  "Index Searches": 6642,
                  "Shared Hit Blocks": 24173,
                  "Shared Read Blocks": 7277,
                  "Shared Dirtied Blocks": 0,
                  "Shared Written Blocks": 0,
                  "Local Hit Blocks": 0,
                  "Local Read Blocks": 0,
                  "Local Dirtied Blocks": 0,
                  "Local Written Blocks": 0,
                  "Temp Read Blocks": 0,
                  "Temp Written Blocks": 0,
                  "actual_scan_in_card": 2609129,
                  "ius": [
                    {
                      "name": "mc.id",
                      "bytes": 8
                    },
                    {
                      "name": "mc.movie_id",
                      "bytes": 8
                    },
                    {
                      "name": "mc.company_id",
                      "bytes": 8
                    },
                    {
                      "name": "mc.company_type_id",
                      "bytes": 8
                    },
                    {
                      "name": "mc.note",
                      "bytes": 8
                    }
                  ]
                }
              ],
              "ius": [
                {
                  "name": "mc.company_id",
                  "bytes": 9
                },
                {
                  "name": "n.name",
                  "bytes": 9
                }
              ]
            },
            {
              "Node Type": "Index Only Scan",
              "Parent Relationship": "Inner",
              "Parallel Aware": false,
              "Async Capable": false,
              "Scan Direction": "Forward",
              "Index Name": "company_name_pkey",
              "Relation Name": "company_name",
              "Schema": "public",
              "Alias": "cn",
              "Startup Cost": 0.42,
              "Total Cost": 0.44,
              "Plan Rows": 1,
              "Plan Width": 4,
              "Actual Startup Time": 0.007,
              "Actual Total Time": 0.007,
              "Actual Rows": 1.0,
              "Actual Loops": 52306,
              "Disabled": false,
              "Output": [
                "cn.id"
              ],
              "Index Cond": "(cn.id = mc.company_id)",
              "Rows Removed by Index Recheck": 0,
              "Heap Fetches": 0,
              "Index Searches": 52306,
              "Shared Hit Blocks": 150338,
              "Shared Read Blocks": 6581,
              "Shared Dirtied Blocks": 0,
              "Shared Written Blocks": 0,
              "Local Hit Blocks": 0,
              "Local Read Blocks": 0,
              "Local Dirtied Blocks": 0,
              "Local Written Blocks": 0,
              "Temp Read Blocks": 0,
              "Temp Written Blocks": 0,
              "actual_scan_in_card": 234997,
              "ius": [
                {
                  "name": "cn.id",
                  "bytes": 8
                }
              ]
            }
          ],
          "ius": [
            {
              "name": "n.name",
              "bytes": 15
            }
          ]
        }
      ],
      "ius": [
        {
          "name": "min(n.name)",
          "bytes": 32
        },
        {
          "name": "min(n.name)",
          "bytes": 32
        }
      ]
    },
    "Planning": {
      "Shared Hit Blocks": 96,
      "Shared Read Blocks": 44,
      "Shared Dirtied Blocks": 0,
      "Shared Written Blocks": 0,
      "Local Hit Blocks": 0,
      "Local Read Blocks": 0,
      "Local Dirtied Blocks": 0,
      "Local Written Blocks": 0,
      "Temp Read Blocks": 0,
      "Temp Written Blocks": 0
    },
    "Planning Time": 36.278,
    "Triggers": [],
    "Execution Time": 184375.708
  }
]