[
  {
    "Plan": {
      "Node Type": "Aggregate",
      "Strategy": "Plain",
      "Partial Mode": "Simple",
      "Parallel Aware": false,
      "Async Capable": false,
      "Startup Cost": 4604.92,
      "Total Cost": 4604.93,
      "Plan Rows": 1,
      "Plan Width": 32,
      "Actual Startup Time": 99537.825,
      "Actual Total Time": 99537.828,
      "Actual Rows": 1.0,
      "Actual Loops": 1,
      "Disabled": false,
      "Output": [
        "min(n.name)"
      ],
      "Shared Hit Blocks": 13604771,
      "Shared Read Blocks": 1595263,
      "Shared Dirtied Blocks": 0,
      "Shared Written Blocks": 0,
      "Local Hit Blocks": 0,
      "Local Read Blocks": 0,
      "Local Dirtied Blocks": 0,
      "Local Written Blocks": 0,
      "Temp Read Blocks": 0,
      "Temp Written Blocks": 0,
      "Plans": [
        {
          "Node Type": "Nested Loop",
          "Parent Relationship": "Outer",
          "Parallel Aware": false,
          "Async Capable": false,
          "Join Type": "Inner",
          "Startup Cost": 8.95,
          "Total Cost": 4601.9,
          "Plan Rows": 1208,
          "Plan Width": 15,
          "Actual Startup Time": 195.842,
          "Actual Total Time": 99367.492,
          "Actual Rows": 2832555.0,
          "Actual Loops": 1,
          "Disabled": false,
          "Output": [
            "n.name"
          ],
          "Inner Unique": true,
          "Shared Hit Blocks": 13604771,
          "Shared Read Blocks": 1595263,
          "Shared Dirtied Blocks": 0,
          "Shared Written Blocks": 0,
          "Local Hit Blocks": 0,
          "Local Read Blocks": 0,
          "Local Dirtied Blocks": 0,
          "Local Written Blocks": 0,
          "Temp Read Blocks": 0,
          "Temp Written Blocks": 0,
          "Plans": [
            {
              "Node Type": "Nested Loop",
              "Parent Relationship": "Outer",
              "Parallel Aware": false,
              "Async Capable": false,
              "Join Type": "Inner",
              "Startup Cost": 8.52,
              "Total Cost": 4051.89,
              "Plan Rows": 1208,
              "Plan Width": 4,
              "Actual Startup Time": 194.353,
              "Actual Total Time": 82474.244,
              "Actual Rows": 2832555.0,
              "Actual Loops": 1,
              "Disabled": false,
              "Output": [
                "ci.person_id"
              ],
              "Inner Unique": false,
              "Join Filter": "(ci.movie_id = t.id)",
              "Rows Removed by Join Filter": 0,
              "Shared Hit Blocks": 3151827,
              "Shared Read Blocks": 717987,
              "Shared Dirtied Blocks": 0,
              "Shared Written Blocks": 0,
              "Local Hit Blocks": 0,
              "Local Read Blocks": 0,
              "Local Dirtied Blocks": 0,
              "Local Written Blocks": 0,
              "Temp Read Blocks": 0,
              "Temp Written Blocks": 0,
              "Plans": [
                {
                  "Node Type": "Nested Loop",
                  "Parent Relationship": "Outer",
                  "Parallel Aware": false,
                  "Async Capable": false,
                  "Join Type": "Inner",
                  "Startup Cost": 8.08,
                  "Total Cost": 3933.83,
                  "Plan Rows": 65,
                  "Plan Width": 12,
                  "Actual Startup Time": 191.673,
                  "Actual Total Time": 5398.094,
                  "Actual Rows": 68316.0,
                  "Actual Loops": 1,
                  "Disabled": false,
                  "Output": [
                    "mc.movie_id",
                    "mk.movie_id",
                    "t.id"
                  ],
                  "Inner Unique": true,
                  "Shared Hit Blocks": 809486,
                  "Shared Read Blocks": 111808,
                  "Shared Dirtied Blocks": 0,
                  "Shared Written Blocks": 0,
                  "Local Hit Blocks": 0,
                  "Local Read Blocks": 0,
                  "Local Dirtied Blocks": 0,
                  "Local Written Blocks": 0,
                  "Temp Read Blocks": 0,
                  "Temp Written Blocks": 0,
                  "Plans": [
                    {
                      "Node Type": "Nested Loop",
                      "Parent Relationship": "Outer",
                      "Parallel Aware": false,
                      "Async Capable": false,
                      "Join Type": "Inner",
                      "Startup Cost": 7.66,
                      "Total Cost": 3852.65,
                      "Plan Rows": 182,
                      "Plan Width": 16,
                      "Actual Startup Time": 191.601,
                      "Actual Total Time": 3506.668,
                      "Actual Rows": 148552.0,
                      "Actual Loops": 1,
                      "Disabled": false,
                      "Output": [
                        "mk.movie_id",
                        "mc.movie_id",
                        "mc.company_id",
                        "t.id"
                      ],
                      "Inner Unique": false,
                      "Join Filter": "(mc.movie_id = t.id)",
                      "Rows Removed by Join Filter": 0,
                      "Shared Hit Blocks": 290044,
                      "Shared Read Blocks": 37042,
                      "Shared Dirtied Blocks": 0,
                      "Shared Written Blocks": 0,
                      "Local Hit Blocks": 0,
                      "Local Read Blocks": 0,
                      "Local Dirtied Blocks": 0,
                      "Local Written Blocks": 0,
                      "Temp Read Blocks": 0,
                      "Temp Written Blocks": 0,
                      "Plans": [
                        {
                          "Node Type": "Nested Loop",
                          "Parent Relationship": "Outer",
                          "Parallel Aware": false,
                          "Async Capable": false,
                          "Join Type": "Inner",
                          "Startup Cost": 7.23,
                          "Total Cost": 3832.17,
                          "Plan Rows": 34,
                          "Plan Width": 8,
                          "Actual Startup Time": 190.117,
                          "Actual Total Time": 1339.233,
                          "Actual Rows": 41840.0,
                          "Actual Loops": 1,
                          "Disabled": false,
                          "Output": [
                            "mk.movie_id",
                            "t.id"
                          ],
                          "Inner Unique": true,
                          "Shared Hit Blocks": 120493,
                          "Shared Read Blocks": 18332,
                          "Shared Dirtied Blocks": 0,
                          "Shared Written Blocks": 0,
                          "Local Hit Blocks": 0,
                          "Local Read Blocks": 0,
                          "Local Dirtied Blocks": 0,
                          "Local Written Blocks": 0,
                          "Temp Read Blocks": 0,
                          "Temp Written Blocks": 0,
                          "Plans": [
                            {
                              "Node Type": "Nested Loop",
                              "Parent Relationship": "Outer",
                              "Parallel Aware": false,
                              "Async Capable": false,
                              "Join Type": "Inner",
                              "Startup Cost": 6.8,
                              "Total Cost": 3816.68,
                              "Plan Rows": 34,
                              "Plan Width": 4,
                              "Actual Startup Time": 190.036,
                              "Actual Total Time": 297.909,
                              "Actual Rows": 41840.0,
                              "Actual Loops": 1,
                              "Disabled": false,
                              "Output": [
                                "mk.movie_id"
                              ],
                              "Inner Unique": false,
                              "Shared Hit Blocks": 41,
                              "Shared Read Blocks": 12543,
                              "Shared Dirtied Blocks": 0,
                              "Shared Written Blocks": 0,
                              "Local Hit Blocks": 0,
                              "Local Read Blocks": 0,
                              "Local Dirtied Blocks": 0,
                              "Local Written Blocks": 0,
                              "Temp Read Blocks": 0,
                              "Temp Written Blocks": 0,
                              "Plans": [
                                {
                                  "Node Type": "Seq Scan",
                                  "Parent Relationship": "Outer",
                                  "Parallel Aware": false,
                                  "Async Capable": false,
                                  "Relation Name": "keyword",
                                  "Schema": "public",
                                  "Alias": "k",
                                  "Startup Cost": 0.0,
                                  "Total Cost": 2685.12,
                                  "Plan Rows": 1,
                                  "Plan Width": 4,
                                  "Actual Startup Time": 0.3,
                                  "Actual Total Time": 7.455,
                                  "Actual Rows": 1.0,
                                  "Actual Loops": 1,
                                  "Disabled": false,
                                  "Output": [
                                    "k.id",
                                    "k.keyword",
                                    "k.phonetic_code"
                                  ],
                                  "Filter": "(k.keyword = 'character-name-in-title'::text)",
                                  "Rows Removed by Filter": 134169,
                                  "Shared Hit Blocks": 39,
                                  "Shared Read Blocks": 969,
                                  "Shared Dirtied Blocks": 0,
                                  "Shared Written Blocks": 0,
                                  "Local Hit Blocks": 0,
                                  "Local Read Blocks": 0,
                                  "Local Dirtied Blocks": 0,
                                  "Local Written Blocks": 0,
                                  "Temp Read Blocks": 0,
                                  "Temp Written Blocks": 0,
                                  "actual_scan_in_card": 134170,
                                  "actual_funnel_counts": [
                                    134170,
                                    1
                                  ],
                                  "component_selectivity": {
                                    "compare_selectivity": 7.453230975627935e-06
                                  },
                                  "ius": [
                                    {
                                      "name": "k.id",
                                      "bytes": 8
                                    },
                                    {
                                      "name": "k.keyword",
                                      "bytes": 8
                                    },
                                    {
                                      "name": "k.phonetic_code",
                                      "bytes": 8
                                    }
                                  ]
                                },
                                {
                                  "Node Type": "Bitmap Heap Scan",
                                  "Parent Relationship": "Inner",
                                  "Parallel Aware": false,
                                  "Async Capable": false,
                                  "Relation Name": "movie_keyword",
                                  "Schema": "public",
                                  "Alias": "mk",
                                  "Startup Cost": 6.8,
                                  "Total Cost": 1128.5,
                                  "Plan Rows": 306,
                                  "Plan Width": 8,
                                  "Actual Startup Time": 189.732,
                                  "Actual Total Time": 285.247,
                                  "Actual Rows": 41840.0,
                                  "Actual Loops": 1,
                                  "Disabled": false,
                                  "Output": [
                                    "mk.id",
                                    "mk.movie_id",
                                    "mk.keyword_id"
                                  ],
                                  "Recheck Cond": "(k.id = mk.keyword_id)",
                                  "Rows Removed by Index Recheck": 0,
                                  "Exact Heap Blocks": 11541,
                                  "Lossy Heap Blocks": 0,
                                  "Shared Hit Blocks": 2,
                                  "Shared Read Blocks": 11574,
                                  "Shared Dirtied Blocks": 0,
                                  "Shared Written Blocks": 0,
                                  "Local Hit Blocks": 0,
                                  "Local Read Blocks": 0,
                                  "Local Dirtied Blocks": 0,
                                  "Local Written Blocks": 0,
                                  "Temp Read Blocks": 0,
                                  "Temp Written Blocks": 0,
                                  "Plans": [
                                    {
                                      "Node Type": "Bitmap Index Scan",
                                      "Parent Relationship": "Outer",
                                      "Parallel Aware": false,
                                      "Async Capable": false,
                                      "Index Name": "keyword_id_movie_keyword",
                                      "Startup Cost": 0.0,
                                      "Total Cost": 6.73,
                                      "Plan Rows": 306,
                                      "Plan Width": 0,
                                      "Actual Startup Time": 187.19,
                                      "Actual Total Time": 187.19,
                                      "Actual Rows": 41840.0,
                                      "Actual Loops": 1,
                                      "Disabled": false,
                                      "Index Cond": "(mk.keyword_id = k.id)",
                                      "Index Searches": 1,
                                      "Shared Hit Blocks": 2,
                                      "Shared Read Blocks": 33,
                                      "Shared Dirtied Blocks": 0,
                                      "Shared Written Blocks": 0,
                                      "Local Hit Blocks": 0,
                                      "Local Read Blocks": 0,
                                      "Local Dirtied Blocks": 0,
                                      "Local Written Blocks": 0,
                                      "Temp Read Blocks": 0,
                                      "Temp Written Blocks": 0,
                                      "ius": []
                                    }
                                  ],
                                  "ius": [
                                    {
                                      "name": "mk.id",
                                      "bytes": 8
                                    },
                                    {
                                      "name": "mk.movie_id",
                                      "bytes": 8
                                    },
                                    {
                                      "name": "mk.keyword_id",
                                      "bytes": 8
                                    }
                                  ]
                                }
                              ],
                              "ius": [
                                {
                                  "name": "mk.movie_id",
                                  "bytes": 8
                                }
                              ]
                            },
                            {
                              "Node Type": "Index Only Scan",
                              "Parent Relationship": "Inner",
                              "Parallel Aware": false,
                              "Async Capable": false,
                              "Scan Direction": "Forward",
                              "Index Name": "title_pkey",
                              "Relation Name": "title",
                              "Schema": "public",
                              "Alias": "t",
                              "Startup Cost": 0.43,
                              "Total Cost": 0.46,
                              "Plan Rows": 1,
                              "Plan Width": 4,
                              "Actual Startup Time": 0.024,
                              "Actual Total Time": 0.024,
                              "Actual Rows": 1.0,
                              "Actual Loops": 41840,
                              "Disabled": false,
                              "Output": [
                                "t.id"
                              ],
                              "Index Cond": "(t.id = mk.movie_id)",
                              "Rows Removed by Index Recheck": 0,
                              "Heap Fetches": 1,
                              "Index Searches": 41840,
                              "Shared Hit Blocks": 120452,
                              "Shared Read Blocks": 5789,
                              "Shared Dirtied Blocks": 0,
                              "Shared Written Blocks": 0,
                              "Local Hit Blocks": 0,
                              "Local Read Blocks": 0,
                              "Local Dirtied Blocks": 0,
                              "Local Written Blocks": 0,
                              "Temp Read Blocks": 0,
                              "Temp Written Blocks": 0,
                              "actual_scan_in_card": 2528312,
                              "ius": [
                                {
                                  "name": "t.id",
                                  "bytes": 8
                                }
                              ]
                            }
                          ],
                          "ius": [
                            {
                              "name": "mk.movie_id",
                              "bytes": 8
                            },
                            {
                              "name": "t.id",
                              "bytes": 8
                            }
                          ]
                        },
                        {
                          "Node Type": "Index Scan",
                          "Parent Relationship": "Inner",
                          "Parallel Aware": false,
                          "Async Capable": false,
                          "Scan Direction": "Forward",
                          "Index Name": "movie_id_movie_companies",
                          "Relation Name": "movie_companies",
                          "Schema": "public",
                          "Alias": "mc",
                          "Startup Cost": 0.43,
                          "Total Cost": 0.54,
                          "Plan Rows": 5,
                          "Plan Width": 8,
                          "Actual Startup Time": 0.038,
                          "Actual Total Time": 0.051,
                          "Actual Rows": 3.55,
                          "Actual Loops": 41840,
                          "Disabled": false,
                          "Output": [
                            "mc.id",
                            "mc.movie_id",
                            "mc.company_id",
                            "mc.company_type_id",
                            "mc.note"
                          ],
                          "Index Cond": "(mc.movie_id = mk.movie_id)",
                          "Rows Removed by Index Recheck": 0,
                          "Index Searches": 41840,
                          "Shared Hit Blocks": 169551,
                          "Shared Read Blocks": 18710,
                          "Shared Dirtied Blocks": 0,
                          "Shared Written Blocks": 0,
                          "Local Hit Blocks": 0,
                          "Local Read Blocks": 0,
                          "Local Dirtied Blocks": 0,
                          "Local Written Blocks": 0,
                          "Temp Read Blocks": 0,
                          "Temp Written Blocks": 0,
                          "actual_scan_in_card": 2609129,
                          "ius": [
                            {
                              "name": "mc.id",
                              "bytes": 8
                            },
                            {
                              "name": "mc.movie_id",
                              "bytes": 8
                            },
                            {
                              "name": "mc.company_id",
                              "bytes": 8
                            },
                            {
                              "name": "mc.company_type_id",
                              "bytes": 8
                            },
                            {
                              "name": "mc.note",
                              "bytes": 8
                            }
                          ]
                        }
                      ],
                      "ius": [
                        {
                          "name": "mk.movie_id",
                          "bytes": 8
                        },
                        {
                          "name": "mc.movie_id",
                          "bytes": 8
                        },
                        {
                          "name": "mc.company_id",
                          "bytes": 8
                        },
                        {
                          "name": "t.id",
                          "bytes": 8
                        }
                      ]
                    },
                    {
                      "Node Type": "Index Scan",
                      "Parent Relationship": "Inner",
                      "Parallel Aware": false,
                      "Async Capable": false,
                      "Scan Direction": "Forward",
                      "Index Name": "company_name_pkey",
                      "Relation Name": "company_name",
                      "Schema": "public",
                      "Alias": "cn",
                      "Startup Cost": 0.42,
                      "Total Cost": 0.45,
                      "Plan Rows": 1,
                      "Plan Width": 4,
                      "Actual Startup Time": 0.013,
                      "Actual Total Time": 0.013,
                      "Actual Rows": 0.46,
                      "Actual Loops": 148552,
                      "Disabled": false,
                      "Output": [
                        "cn.id",
                        "cn.name",
                        "cn.country_code",
                        "cn.imdb_id",
                        "cn.name_pcode_nf",
                        "cn.name_pcode_sf",
                        "cn.md5sum"
                      ],
                      "Index Cond": "(cn.id = mc.company_id)",
                      "Rows Removed by Index Recheck": 0,
                      "Filter": "((cn.country_code)::text = '[us]'::text)",
                      "Rows Removed by Filter": 1,
                      "Index Searches": 148552,
                      "Shared Hit Blocks": 519442,
                      "Shared Read Blocks": 74766,
                      "Shared Dirtied Blocks": 0,
                      "Shared Written Blocks": 0,
                      "Local Hit Blocks": 0,
                      "Local Read Blocks": 0,
                      "Local Dirtied Blocks": 0,
                      "Local Written Blocks": 0,
                      "Temp Read Blocks": 0,
                      "Temp Written Blocks": 0,
                      "actual_scan_in_card": 234997,
                      "actual_funnel_counts": [
                        234997,
                        84843
                      ],
                      "component_selectivity": {
                        "compare_selectivity": 0.3610386515572539
                      },
                      "ius": [
                        {
                          "name": "cn.id",
                          "bytes": 8
                        },
                        {
                          "name": "cn.name",
                          "bytes": 8
                        },
                        {
                          "name": "cn.country_code",
                          "bytes": 8
                        },
                        {
                          "name": "cn.imdb_id",
                          "bytes": 8
                        },
                        {
                          "name": "cn.name_pcode_nf",
                          "bytes": 8
                        },
                        {
                          "name": "cn.name_pcode_sf",
                          "bytes": 8
                        },
                        {
                          "name": "cn.md5sum",
                          "bytes": 8
                        }
                      ]
                    }
                  ],
                  "ius": [
                    {
                      "name": "mc.movie_id",
                      "bytes": 8
                    },
                    {
                      "name": "mk.movie_id",
                      "bytes": 8
                    },
                    {
                      "name": "t.id",
                      "bytes": 8
                    }
                  ]
                },
                {
                  "Node Type": "Index Scan",
                  "Parent Relationship": "Inner",
                  "Parallel Aware": false,
                  "Async Capable": false,
                  "Scan Direction": "Forward",
                  "Index Name": "movie_id_cast_info",
                  "Relation Name": "cast_info",
                  "Schema": "public",
                  "Alias": "ci",
                  "Startup Cost": 0.44,
                  "Total Cost": 1.35,
                  "Plan Rows": 37,
                  "Plan Width": 8,
                  "Actual Startup Time": 0.08,
                  "Actual Total Time": 1.124,
                  "Actual Rows": 41.46,
                  "Actual Loops": 68316,
                  "Disabled": false,
                  "Output": [
                    "ci.id",
                    "ci.person_id",
                    "ci.movie_id",
                    "ci.person_role_id",
                    "ci.note",
                    "ci.nr_order",
                    "ci.role_id"
                  ],
                  "Index Cond": "(ci.movie_id = mk.movie_id)",
                  "Rows Removed by Index Recheck": 0,
                  "Index Searches": 68316,
                  "Shared Hit Blocks": 2342341,
                  "Shared Read Blocks": 606179,
                  "Shared Dirtied Blocks": 0,
                  "Shared Written Blocks": 0,
                  "Local Hit Blocks": 0,
                  "Local Read Blocks": 0,
                  "Local Dirtied Blocks": 0,
                  "Local Written Blocks": 0,
                  "Temp Read Blocks": 0,
                  "Temp Written Blocks": 0,
                  "actual_scan_in_card": 36244344,
                  "ius": [
                    {
                      "name": "ci.id",
                      "bytes": 8
                    },
                    {
                      "name": "ci.person_id",
                      "bytes": 8
                    },
                    {
                      "name": "ci.movie_id",
                      "bytes": 8
                    },
                    {
                      "name": "ci.person_role_id",
                      "bytes": 8
                    },
                    {
                      "name": "ci.note",
                      "bytes": 8
                    },
                    {
                      "name": "ci.nr_order",
                      "bytes": 8
                    },
                    {
                      "name": "ci.role_id",
                      "bytes": 8
                    }
                  ]
                }
              ],
              "ius": [
                {
                  "name": "ci.person_id",
                  "bytes": 8
                }
              ]
            },
            {
              "Node Type": "Index Scan",
              "Parent Relationship": "Inner",
              "Parallel Aware": false,
              "Async Capable": false,
              "Scan Direction": "Forward",
              "Index Name": "name_pkey",
              "Relation Name": "name",
              "Schema": "public",
              "Alias": "n",
              "Startup Cost": 0.43,
              "Total Cost": 0.46,
              "Plan Rows": 1,
              "Plan Width": 19,
              "Actual Startup Time": 0.006,
              "Actual Total Time": 0.006,
              "Actual Rows": 1.0,
              "Actual Loops": 2832555,
              "Disabled": false,
              "Output": [
                "n.id",
                "n.name",
                "n.imdb_index",
                "n.imdb_id",
                "n.gender",
                "n.name_pcode_cf",
                "n.name_pcode_nf",
                "n.surname_pcode",
                "n.md5sum"
              ],
              "Index Cond": "(n.id = ci.person_id)",
              "Rows Removed by Index Recheck": 0,
              "Index Searches": 2832555,
              "Shared Hit Blocks": 10452944,
              "Shared Read Blocks": 877276,
              "Shared Dirtied Blocks": 0,
              "Shared Written Blocks": 0,
              "Local Hit Blocks": 0,
              "Local Read Blocks": 0,
              "Local Dirtied Blocks": 0,
              "Local Written Blocks": 0,
              "Temp Read Blocks": 0,
              "Temp Written Blocks": 0,
              "actual_scan_in_card": 4167491,
              "ius": [
                {
                  "name": "n.id",
                  "bytes": 8
                },
                {
                  "name": "n.name",
                  "bytes": 8
                },
                {
                  "name": "n.imdb_index",
                  "bytes": 8
                },
                {
                  "name": "n.imdb_id",
                  "bytes": 8
                },
                {
                  "name": "n.gender",
                  "bytes": 8
                },
                {
                  "name": "n.name_pcode_cf",
                  "bytes": 8
                },
                {
                  "name": "n.name_pcode_nf",
                  "bytes": 8
                },
                {
                  "name": "n.surname_pcode",
                  "bytes": 8
                },
                {
                  "name": "n.md5sum",
                  "bytes": 8
                }
              ]
            }
          ],
          "ius": [
            {
              "name": "n.name",
              "bytes": 15
            }
          ]
        }
      ],
      "ius": [
        {
          "name": "min(n.name)",
          "bytes": 32
        }
      ]
    },
    "Planning": {
      "Shared Hit Blocks": 96,
      "Shared Read Blocks": 44,
      "Shared Dirtied Blocks": 0,
      "Shared Written Blocks": 0,
      "Local Hit Blocks": 0,
      "Local Read Blocks": 0,
      "Local Dirtied Blocks": 0,
      "Local Written Blocks": 0,
      "Temp Read Blocks": 0,
      "Temp Written Blocks": 0
    },
    "Planning Time": 47.794,
    "Triggers": [],
    "Execution Time": 99538.015
  }
]