[
  {
    "Plan": {
      "Node Type": "Aggregate",
      "Strategy": "Plain",
      "Partial Mode": "Simple",
      "Parallel Aware": false,
      "Async Capable": false,
      "Startup Cost": 84599.29,
      "Total Cost": 84599.3,
      "Plan Rows": 1,
      "Plan Width": 64,
      "Actual Startup Time": 1063.537,
      "Actual Total Time": 1063.575,
      "Actual Rows": 1.0,
      "Actual Loops": 1,
      "Disabled": false,
      "Output": [
        "min(n.name)",
        "min(t.title)"
      ],
      "Shared Hit Blocks": 30379,
      "Shared Read Blocks": 58393,
      "Shared Dirtied Blocks": 0,
      "Shared Written Blocks": 0,
      "Local Hit Blocks": 0,
      "Local Read Blocks": 0,
      "Local Dirtied Blocks": 0,
      "Local Written Blocks": 0,
      "Temp Read Blocks": 0,
      "Temp Written Blocks": 0,
      "Plans": [
        {
          "Node Type": "Nested Loop",
          "Parent Relationship": "Outer",
          "Parallel Aware": false,
          "Async Capable": false,
          "Join Type": "Inner",
          "Startup Cost": 1003.31,
          "Total Cost": 84599.28,
          "Plan Rows": 1,
          "Plan Width": 32,
          "Actual Startup Time": 312.216,
          "Actual Total Time": 1063.512,
          "Actual Rows": 184.0,
          "Actual Loops": 1,
          "Disabled": false,
          "Output": [
            "n.name",
            "t.title"
          ],
          "Inner Unique": true,
          "Shared Hit Blocks": 30379,
          "Shared Read Blocks": 58393,
          "Shared Dirtied Blocks": 0,
          "Shared Written Blocks": 0,
          "Local Hit Blocks": 0,
          "Local Read Blocks": 0,
          "Local Dirtied Blocks": 0,
          "Local Written Blocks": 0,
          "Temp Read Blocks": 0,
          "Temp Written Blocks": 0,
          "Plans": [
            {
              "Node Type": "Nested Loop",
              "Parent Relationship": "Outer",
              "Parallel Aware": false,
              "Async Capable": false,
              "Join Type": "Inner",
              "Startup Cost": 1003.17,
              "Total Cost": 84599.1,
              "Plan Rows": 1,
              "Plan Width": 36,
              "Actual Startup Time": 312.204,
              "Actual Total Time": 1063.295,
              "Actual Rows": 184.0,
              "Actual Loops": 1,
              "Disabled": false,
              "Output": [
                "mi.info_type_id",
                "n.name",
                "t.title"
              ],
              "Inner Unique": false,
              "Join Filter": "(mi.movie_id = t.id)",
              "Rows Removed by Join Filter": 0,
              "Shared Hit Blocks": 30011,
              "Shared Read Blocks": 58393,
              "Shared Dirtied Blocks": 0,
              "Shared Written Blocks": 0,
              "Local Hit Blocks": 0,
              "Local Read Blocks": 0,
              "Local Dirtied Blocks": 0,
              "Local Written Blocks": 0,
              "Temp Read Blocks": 0,
              "Temp Written Blocks": 0,
              "Plans": [
                {
                  "Node Type": "Nested Loop",
                  "Parent Relationship": "Outer",
                  "Parallel Aware": false,
                  "Async Capable": false,
                  "Join Type": "Inner",
                  "Startup Cost": 1002.73,
                  "Total Cost": 84576.4,
                  "Plan Rows": 1,
                  "Plan Width": 44,
                  "Actual Startup Time": 310.253,
                  "Actual Total Time": 990.241,
                  "Actual Rows": 77.0,
                  "Actual Loops": 1,
                  "Disabled": false,
                  "Output": [
                    "ci.movie_id",
                    "mc.movie_id",
                    "n.name",
                    "t.title",
                    "t.id"
                  ],
                  "Inner Unique": true,
                  "Shared Hit Blocks": 28724,
                  "Shared Read Blocks": 58063,
                  "Shared Dirtied Blocks": 0,
                  "Shared Written Blocks": 0,
                  "Local Hit Blocks": 0,
                  "Local Read Blocks": 0,
                  "Local Dirtied Blocks": 0,
                  "Local Written Blocks": 0,
                  "Temp Read Blocks": 0,
                  "Temp Written Blocks": 0,
                  "Plans": [
                    {
                      "Node Type": "Nested Loop",
                      "Parent Relationship": "Outer",
                      "Parallel Aware": false,
                      "Async Capable": false,
                      "Join Type": "Inner",
                      "Startup Cost": 1002.31,
                      "Total Cost": 84575.19,
                      "Plan Rows": 1,
                      "Plan Width": 48,
                      "Actual Startup Time": 309.102,
                      "Actual Total Time": 977.917,
                      "Actual Rows": 79.0,
                      "Actual Loops": 1,
                      "Disabled": false,
                      "Output": [
                        "ci.movie_id",
                        "mc.movie_id",
                        "mc.company_id",
                        "n.name",
                        "t.title",
                        "t.id"
                      ],
                      "Inner Unique": false,
                      "Join Filter": "(mc.movie_id = t.id)",
                      "Rows Removed by Join Filter": 0,
                      "Shared Hit Blocks": 28453,
                      "Shared Read Blocks": 58018,
                      "Shared Dirtied Blocks": 0,
                      "Shared Written Blocks": 0,
                      "Local Hit Blocks": 0,
                      "Local Read Blocks": 0,
                      "Local Dirtied Blocks": 0,
                      "Local Written Blocks": 0,
                      "Temp Read Blocks": 0,
                      "Temp Written Blocks": 0,
                      "Plans": [
                        {
                          "Node Type": "Nested Loop",
                          "Parent Relationship": "Outer",
                          "Parallel Aware": false,
                          "Async Capable": false,
                          "Join Type": "Inner",
                          "Startup Cost": 1001.88,
                          "Total Cost": 84572.49,
                          "Plan Rows": 1,
                          "Plan Width": 40,
                          "Actual Startup Time": 298.839,
                          "Actual Total Time": 935.647,
                          "Actual Rows": 102.0,
                          "Actual Loops": 1,
                          "Disabled": false,
                          "Output": [
                            "ci.movie_id",
                            "n.name",
                            "t.title",
                            "t.id"
                          ],
                          "Inner Unique": true,
                          "Shared Hit Blocks": 28084,
                          "Shared Read Blocks": 57920,
                          "Shared Dirtied Blocks": 0,
                          "Shared Written Blocks": 0,
                          "Local Hit Blocks": 0,
                          "Local Read Blocks": 0,
                          "Local Dirtied Blocks": 0,
                          "Local Written Blocks": 0,
                          "Temp Read Blocks": 0,
                          "Temp Written Blocks": 0,
                          "Plans": [
                            {
                              "Node Type": "Nested Loop",
                              "Parent Relationship": "Outer",
                              "Parallel Aware": false,
                              "Async Capable": false,
                              "Join Type": "Inner",
                              "Startup Cost": 1001.45,
                              "Total Cost": 84571.06,
                              "Plan Rows": 1,
                              "Plan Width": 19,
                              "Actual Startup Time": 282.817,
                              "Actual Total Time": 831.147,
                              "Actual Rows": 387.0,
                              "Actual Loops": 1,
                              "Disabled": false,
                              "Output": [
                                "ci.movie_id",
                                "n.name"
                              ],
                              "Inner Unique": true,
                              "Shared Hit Blocks": 26874,
                              "Shared Read Blocks": 57582,
                              "Shared Dirtied Blocks": 0,
                              "Shared Written Blocks": 0,
                              "Local Hit Blocks": 0,
                              "Local Read Blocks": 0,
                              "Local Dirtied Blocks": 0,
                              "Local Written Blocks": 0,
                              "Temp Read Blocks": 0,
                              "Temp Written Blocks": 0,
                              "Plans": [
                                {
                                  "Node Type": "Gather",
                                  "Parent Relationship": "Outer",
                                  "Parallel Aware": false,
                                  "Async Capable": false,
                                  "Startup Cost": 1001.02,
                                  "Total Cost": 84570.15,
                                  "Plan Rows": 1,
                                  "Plan Width": 23,
                                  "Actual Startup Time": 282.589,
                                  "Actual Total Time": 808.602,
                                  "Actual Rows": 425.0,
                                  "Actual Loops": 1,
                                  "Disabled": false,
                                  "Output": [
                                    "ci.movie_id",
                                    "ci.person_role_id",
                                    "n.name"
                                  ],
                                  "Workers Planned": 2,
                                  "Workers Launched": 2,
                                  "Single Copy": false,
                                  "Shared Hit Blocks": 25801,
                                  "Shared Read Blocks": 57483,
                                  "Shared Dirtied Blocks": 0,
                                  "Shared Written Blocks": 0,
                                  "Local Hit Blocks": 0,
                                  "Local Read Blocks": 0,
                                  "Local Dirtied Blocks": 0,
                                  "Local Written Blocks": 0,
                                  "Temp Read Blocks": 0,
                                  "Temp Written Blocks": 0,
                                  "Plans": [
                                    {
                                      "Node Type": "Nested Loop",
                                      "Parent Relationship": "Outer",
                                      "Parallel Aware": false,
                                      "Async Capable": false,
                                      "Join Type": "Inner",
                                      "Startup Cost": 1.02,
                                      "Total Cost": 83570.05,
                                      "Plan Rows": 1,
                                      "Plan Width": 23,
                                      "Actual Startup Time": 286.771,
                                      "Actual Total Time": 866.98,
                                      "Actual Rows": 141.67,
                                      "Actual Loops": 3,
                                      "Disabled": false,
                                      "Output": [
                                        "ci.movie_id",
                                        "ci.person_role_id",
                                        "n.name"
                                      ],
                                      "Inner Unique": true,
                                      "Shared Hit Blocks": 25801,
                                      "Shared Read Blocks": 57483,
                                      "Shared Dirtied Blocks": 0,
                                      "Shared Written Blocks": 0,
                                      "Local Hit Blocks": 0,
                                      "Local Read Blocks": 0,
                                      "Local Dirtied Blocks": 0,
                                      "Local Written Blocks": 0,
                                      "Temp Read Blocks": 0,
                                      "Temp Written Blocks": 0,
                                      "Workers": [
                                        {
                                          "Worker Number": 0,
                                          "Actual Startup Time": 282.456,
                                          "Actual Total Time": 896.419,
                                          "Actual Rows": 162.0,
                                          "Actual Loops": 1,
                                          "Shared Hit Blocks": 10525,
                                          "Shared Read Blocks": 19530,
                                          "Shared Dirtied Blocks": 0,
                                          "Shared Written Blocks": 0,
                                          "Local Hit Blocks": 0,
                                          "Local Read Blocks": 0,
                                          "Local Dirtied Blocks": 0,
                                          "Local Written Blocks": 0,
                                          "Temp Read Blocks": 0,
                                          "Temp Written Blocks": 0
                                        },
                                        {
                                          "Worker Number": 1,
                                          "Actual Startup Time": 295.497,
                                          "Actual Total Time": 896.35,
                                          "Actual Rows": 190.0,
                                          "Actual Loops": 1,
                                          "Shared Hit Blocks": 7441,
                                          "Shared Read Blocks": 19620,
                                          "Shared Dirtied Blocks": 0,
                                          "Shared Written Blocks": 0,
                                          "Local Hit Blocks": 0,
                                          "Local Read Blocks": 0,
                                          "Local Dirtied Blocks": 0,
                                          "Local Written Blocks": 0,
                                          "Temp Read Blocks": 0,
                                          "Temp Written Blocks": 0
                                        }
                                      ],
                                      "Plans": [
                                        {
                                          "Node Type": "Nested Loop",
                                          "Parent Relationship": "Outer",
                                          "Parallel Aware": false,
                                          "Async Capable": false,
                                          "Join Type": "Inner",
                                          "Startup Cost": 0.86,
                                          "Total Cost": 83567.61,
                                          "Plan Rows": 20,
                                          "Plan Width": 27,
                                          "Actual Startup Time": 286.538,
                                          "Actual Total Time": 866.645,
                                          "Actual Rows": 141.67,
                                          "Actual Loops": 3,
                                          "Disabled": false,
                                          "Output": [
                                            "ci.movie_id",
                                            "ci.role_id",
                                            "ci.person_role_id",
                                            "n.name"
                                          ],
                                          "Inner Unique": false,
                                          "Join Filter": "(ci.person_id = n.id)",
                                          "Rows Removed by Join Filter": 0,
                                          "Shared Hit Blocks": 25796,
                                          "Shared Read Blocks": 57480,
                                          "Shared Dirtied Blocks": 0,
                                          "Shared Written Blocks": 0,
                                          "Local Hit Blocks": 0,
                                          "Local Read Blocks": 0,
                                          "Local Dirtied Blocks": 0,
                                          "Local Written Blocks": 0,
                                          "Temp Read Blocks": 0,
                                          "Temp Written Blocks": 0,
                                          "Workers": [
                                            {
                                              "Worker Number": 0,
                                              "Actual Startup Time": 282.37,
                                              "Actual Total Time": 896.221,
                                              "Actual Rows": 162.0,
                                              "Actual Loops": 1,
                                              "Shared Hit Blocks": 10523,
                                              "Shared Read Blocks": 19529,
                                              "Shared Dirtied Blocks": 0,
                                              "Shared Written Blocks": 0,
                                              "Local Hit Blocks": 0,
                                              "Local Read Blocks": 0,
                                              "Local Dirtied Blocks": 0,
                                              "Local Written Blocks": 0,
                                              "Temp Read Blocks": 0,
                                              "Temp Written Blocks": 0
                                            },
                                            {
                                              "Worker Number": 1,
                                              "Actual Startup Time": 295.478,
                                              "Actual Total Time": 896.245,
                                              "Actual Rows": 190.0,
                                              "Actual Loops": 1,
                                              "Shared Hit Blocks": 7438,
                                              "Shared Read Blocks": 19620,
                                              "Shared Dirtied Blocks": 0,
                                              "Shared Written Blocks": 0,
                                              "Local Hit Blocks": 0,
                                              "Local Read Blocks": 0,
                                              "Local Dirtied Blocks": 0,
                                              "Local Written Blocks": 0,
                                              "Temp Read Blocks": 0,
                                              "Temp Written Blocks": 0
                                            }
                                          ],
                                          "Plans": [
                                            {
                                              "Node Type": "Nested Loop",
                                              "Parent Relationship": "Outer",
                                              "Parallel Aware": false,
                                              "Async Capable": false,
                                              "Join Type": "Inner",
                                              "Startup Cost": 0.42,
                                              "Total Cost": 81880.46,
                                              "Plan Rows": 9,
                                              "Plan Width": 23,
                                              "Actual Startup Time": 266.134,
                                              "Actual Total Time": 575.714,
                                              "Actual Rows": 519.33,
                                              "Actual Loops": 3,
                                              "Disabled": false,
                                              "Output": [
                                                "an.person_id",
                                                "n.name",
                                                "n.id"
                                              ],
                                              "Inner Unique": false,
                                              "Shared Hit Blocks": 20301,
                                              "Shared Read Blocks": 55664,
                                              "Shared Dirtied Blocks": 0,
                                              "Shared Written Blocks": 0,
                                              "Local Hit Blocks": 0,
                                              "Local Read Blocks": 0,
                                              "Local Dirtied Blocks": 0,
                                              "Local Written Blocks": 0,
                                              "Temp Read Blocks": 0,
                                              "Temp Written Blocks": 0,
                                              "Workers": [
                                                {
                                                  "Worker Number": 0,
                                                  "Actual Startup Time": 264.565,
                                                  "Actual Total Time": 592.47,
                                                  "Actual Rows": 664.0,
                                                  "Actual Loops": 1,
                                                  "Shared Hit Blocks": 8079,
                                                  "Shared Read Blocks": 18831,
                                                  "Shared Dirtied Blocks": 0,
                                                  "Shared Written Blocks": 0,
                                                  "Local Hit Blocks": 0,
                                                  "Local Read Blocks": 0,
                                                  "Local Dirtied Blocks": 0,
                                                  "Local Written Blocks": 0,
                                                  "Temp Read Blocks": 0,
                                                  "Temp Written Blocks": 0
                                                },
                                                {
                                                  "Worker Number": 1,
                                                  "Actual Startup Time": 264.123,
                                                  "Actual Total Time": 591.901,
                                                  "Actual Rows": 400.0,
                                                  "Actual Loops": 1,
                                                  "Shared Hit Blocks": 6189,
                                                  "Shared Read Blocks": 19011,
                                                  "Shared Dirtied Blocks": 0,
                                                  "Shared Written Blocks": 0,
                                                  "Local Hit Blocks": 0,
                                                  "Local Read Blocks": 0,
                                                  "Local Dirtied Blocks": 0,
                                                  "Local Written Blocks": 0,
                                                  "Temp Read Blocks": 0,
                                                  "Temp Written Blocks": 0
                                                }
                                              ],
                                              "Plans": [
                                                {
                                                  "Node Type": "Seq Scan",
                                                  "Parent Relationship": "Outer",
                                                  "Parallel Aware": true,
                                                  "Async Capable": false,
                                                  "Relation Name": "name",
                                                  "Schema": "public",
                                                  "Alias": "n",
                                                  "Startup Cost": 0.0,
                                                  "Total Cost": 81701.26,
                                                  "Plan Rows": 40,
                                                  "Plan Width": 19,
                                                  "Actual Startup Time": 265.071,
                                                  "Actual Total Time": 466.705,
                                                  "Actual Rows": 2256.0,
                                                  "Actual Loops": 3,
                                                  "Disabled": false,
                                                  "Output": [
                                                    "n.id",
                                                    "n.name",
                                                    "n.imdb_index",
                                                    "n.imdb_id",
                                                    "n.gender",
                                                    "n.name_pcode_cf",
                                                    "n.name_pcode_nf",
                                                    "n.surname_pcode",
                                                    "n.md5sum"
                                                  ],
                                                  "Filter": "((n.name ~~ '%Ang%'::text) AND ((n.gender)::text = 'f'::text))",
                                                  "Rows Removed by Filter": 1386908,
                                                  "Shared Hit Blocks": 579,
                                                  "Shared Read Blocks": 55077,
                                                  "Shared Dirtied Blocks": 0,
                                                  "Shared Written Blocks": 0,
                                                  "Local Hit Blocks": 0,
                                                  "Local Read Blocks": 0,
                                                  "Local Dirtied Blocks": 0,
                                                  "Local Written Blocks": 0,
                                                  "Temp Read Blocks": 0,
                                                  "Temp Written Blocks": 0,
                                                  "Workers": [
                                                    {
                                                      "Worker Number": 0,
                                                      "Actual Startup Time": 263.279,
                                                      "Actual Total Time": 474.271,
                                                      "Actual Rows": 2710.0,
                                                      "Actual Loops": 1,
                                                      "Shared Hit Blocks": 161,
                                                      "Shared Read Blocks": 18617,
                                                      "Shared Dirtied Blocks": 0,
                                                      "Shared Written Blocks": 0,
                                                      "Local Hit Blocks": 0,
                                                      "Local Read Blocks": 0,
                                                      "Local Dirtied Blocks": 0,
                                                      "Local Written Blocks": 0,
                                                      "Temp Read Blocks": 0,
                                                      "Temp Written Blocks": 0
                                                    },
                                                    {
                                                      "Worker Number": 1,
                                                      "Actual Startup Time": 263.725,
                                                      "Actual Total Time": 469.329,
                                                      "Actual Rows": 2079.0,
                                                      "Actual Loops": 1,
                                                      "Shared Hit Blocks": 170,
                                                      "Shared Read Blocks": 18791,
                                                      "Shared Dirtied Blocks": 0,
                                                      "Shared Written Blocks": 0,
                                                      "Local Hit Blocks": 0,
                                                      "Local Read Blocks": 0,
                                                      "Local Dirtied Blocks": 0,
                                                      "Local Written Blocks": 0,
                                                      "Temp Read Blocks": 0,
                                                      "Temp Written Blocks": 0
                                                    }
                                                  ],
                                                  "actual_scan_in_card": 4167491,
                                                  "actual_funnel_counts": [
                                                    4167491,
                                                    15803,
                                                    6768
                                                  ],
                                                  "component_selectivity": {
                                                    "expression_selectivity": 0.003791969796695422,
                                                    "compare_selectivity": 0.42827311270012025
                                                  },
                                                  "ius": [
                                                    {
                                                      "name": "n.id",
                                                      "bytes": 8
                                                    },
                                                    {
                                                      "name": "n.name",
                                                      "bytes": 8
                                                    },
                                                    {
                                                      "name": "n.imdb_index",
                                                      "bytes": 8
                                                    },
                                                    {
                                                      "name": "n.imdb_id",
                                                      "bytes": 8
                                                    },
                                                    {
                                                      "name": "n.gender",
                                                      "bytes": 8
                                                    },
                                                    {
                                                      "name": "n.name_pcode_cf",
                                                      "bytes": 8
                                                    },
                                                    {
                                                      "name": "n.name_pcode_nf",
                                                      "bytes": 8
                                                    },
                                                    {
                                                      "name": "n.surname_pcode",
                                                      "bytes": 8
                                                    },
                                                    {
                                                      "name": "n.md5sum",
                                                      "bytes": 8
                                                    }
                                                  ]
                                                },
                                                {
                                                  "Node Type": "Index Only Scan",
                                                  "Parent Relationship": "Inner",
                                                  "Parallel Aware": false,
                                                  "Async Capable": false,
                                                  "Scan Direction": "Forward",
                                                  "Index Name": "person_id_aka_name",
                                                  "Relation Name": "aka_name",
                                                  "Schema": "public",
                                                  "Alias": "an",
                                                  "Startup Cost": 0.42,
                                                  "Total Cost": 4.46,
                                                  "Plan Rows": 2,
                                                  "Plan Width": 4,
                                                  "Actual Startup Time": 0.048,
                                                  "Actual Total Time": 0.048,
                                                  "Actual Rows": 0.23,
                                                  "Actual Loops": 6768,
                                                  "Disabled": false,
                                                  "Output": [
                                                    "an.person_id"
                                                  ],
                                                  "Index Cond": "(an.person_id = n.id)",
                                                  "Rows Removed by Index Recheck": 0,
                                                  "Heap Fetches": 0,
                                                  "Index Searches": 6768,
                                                  "Shared Hit Blocks": 19722,
                                                  "Shared Read Blocks": 587,
                                                  "Shared Dirtied Blocks": 0,
                                                  "Shared Written Blocks": 0,
                                                  "Local Hit Blocks": 0,
                                                  "Local Read Blocks": 0,
                                                  "Local Dirtied Blocks": 0,
                                                  "Local Written Blocks": 0,
                                                  "Temp Read Blocks": 0,
                                                  "Temp Written Blocks": 0,
                                                  "Workers": [
                                                    {
                                                      "Worker Number": 0,
                                                      "Actual Startup Time": 0.043,
                                                      "Actual Total Time": 0.043,
                                                      "Actual Rows": 0.25,
                                                      "Actual Loops": 2710,
                                                      "Shared Hit Blocks": 7918,
                                                      "Shared Read Blocks": 214,
                                                      "Shared Dirtied Blocks": 0,
                                                      "Shared Written Blocks": 0,
                                                      "Local Hit Blocks": 0,
                                                      "Local Read Blocks": 0,
                                                      "Local Dirtied Blocks": 0,
                                                      "Local Written Blocks": 0,
                                                      "Temp Read Blocks": 0,
                                                      "Temp Written Blocks": 0
                                                    },
                                                    {
                                                      "Worker Number": 1,
                                                      "Actual Startup Time": 0.059,
                                                      "Actual Total Time": 0.059,
                                                      "Actual Rows": 0.19,
                                                      "Actual Loops": 2079,
                                                      "Shared Hit Blocks": 6019,
                                                      "Shared Read Blocks": 220,
                                                      "Shared Dirtied Blocks": 0,
                                                      "Shared Written Blocks": 0,
                                                      "Local Hit Blocks": 0,
                                                      "Local Read Blocks": 0,
                                                      "Local Dirtied Blocks": 0,
                                                      "Local Written Blocks": 0,
                                                      "Temp Read Blocks": 0,
                                                      "Temp Written Blocks": 0
                                                    }
                                                  ],
                                                  "actual_scan_in_card": 901343,
                                                  "ius": [
                                                    {
                                                      "name": "an.person_id",
                                                      "bytes": 8
                                                    }
                                                  ]
                                                }
                                              ],
                                              "ius": [
                                                {
                                                  "name": "an.person_id",
                                                  "bytes": 8
                                                },
                                                {
                                                  "name": "n.name",
                                                  "bytes": 8
                                                },
                                                {
                                                  "name": "n.id",
                                                  "bytes": 8
                                                }
                                              ]
                                            },
                                            {
                                              "Node Type": "Index Scan",
                                              "Parent Relationship": "Inner",
                                              "Parallel Aware": false,
                                              "Async Capable": false,
                                              "Scan Direction": "Forward",
                                              "Index Name": "person_id_cast_info",
                                              "Relation Name": "cast_info",
                                              "Schema": "public",
                                              "Alias": "ci",
                                              "Startup Cost": 0.44,
                                              "Total Cost": 187.3,
                                              "Plan Rows": 13,
                                              "Plan Width": 16,
                                              "Actual Startup Time": 0.546,
                                              "Actual Total Time": 0.56,
                                              "Actual Rows": 0.27,
                                              "Actual Loops": 1558,
                                              "Disabled": false,
                                              "Output": [
                                                "ci.id",
                                                "ci.person_id",
                                                "ci.movie_id",
                                                "ci.person_role_id",
                                                "ci.note",
                                                "ci.nr_order",
                                                "ci.role_id"
                                              ],
                                              "Index Cond": "(ci.person_id = an.person_id)",
                                              "Rows Removed by Index Recheck": 0,
                                              "Filter": "(ci.note = ANY ('{(voice),\"(voice: Japanese version)\",\"(voice) (uncredited)\",\"(voice: English version)\"}'::text[]))",
                                              "Rows Removed by Filter": 44,
                                              "Index Searches": 1558,
                                              "Shared Hit Blocks": 5495,
                                              "Shared Read Blocks": 1816,
                                              "Shared Dirtied Blocks": 0,
                                              "Shared Written Blocks": 0,
                                              "Local Hit Blocks": 0,
                                              "Local Read Blocks": 0,
                                              "Local Dirtied Blocks": 0,
                                              "Local Written Blocks": 0,
                                              "Temp Read Blocks": 0,
                                              "Temp Written Blocks": 0,
                                              "Workers": [
                                                {
                                                  "Worker Number": 0,
                                                  "Actual Startup Time": 0.446,
                                                  "Actual Total Time": 0.457,
                                                  "Actual Rows": 0.24,
                                                  "Actual Loops": 664,
                                                  "Shared Hit Blocks": 2444,
                                                  "Shared Read Blocks": 698,
                                                  "Shared Dirtied Blocks": 0,
                                                  "Shared Written Blocks": 0,
                                                  "Local Hit Blocks": 0,
                                                  "Local Read Blocks": 0,
                                                  "Local Dirtied Blocks": 0,
                                                  "Local Written Blocks": 0,
                                                  "Temp Read Blocks": 0,
                                                  "Temp Written Blocks": 0
                                                },
                                                {
                                                  "Worker Number": 1,
                                                  "Actual Startup Time": 0.731,
                                                  "Actual Total Time": 0.76,
                                                  "Actual Rows": 0.47,
                                                  "Actual Loops": 400,
                                                  "Shared Hit Blocks": 1249,
                                                  "Shared Read Blocks": 609,
                                                  "Shared Dirtied Blocks": 0,
                                                  "Shared Written Blocks": 0,
                                                  "Local Hit Blocks": 0,
                                                  "Local Read Blocks": 0,
                                                  "Local Dirtied Blocks": 0,
                                                  "Local Written Blocks": 0,
                                                  "Temp Read Blocks": 0,
                                                  "Temp Written Blocks": 0
                                                }
                                              ],
                                              "actual_scan_in_card": 36244344,
                                              "actual_funnel_counts": [
                                                36244344,
                                                867477
                                              ],
                                              "component_selectivity": {
                                                "compare_selectivity": 0.023934134385216077
                                              },
                                              "ius": [
                                                {
                                                  "name": "ci.id",
                                                  "bytes": 8
                                                },
                                                {
                                                  "name": "ci.person_id",
                                                  "bytes": 8
                                                },
                                                {
                                                  "name": "ci.movie_id",
                                                  "bytes": 8
                                                },
                                                {
                                                  "name": "ci.person_role_id",
                                                  "bytes": 8
                                                },
                                                {
                                                  "name": "ci.note",
                                                  "bytes": 8
                                                },
                                                {
                                                  "name": "ci.nr_order",
                                                  "bytes": 8
                                                },
                                                {
                                                  "name": "ci.role_id",
                                                  "bytes": 8
                                                }
                                              ]
                                            }
                                          ],
                                          "ius": [
                                            {
                                              "name": "ci.movie_id",
                                              "bytes": 8
                                            },
                                            {
                                              "name": "ci.role_id",
                                              "bytes": 8
                                            },
                                            {
                                              "name": "ci.person_role_id",
                                              "bytes": 8
                                            },
                                            {
                                              "name": "n.name",
                                              "bytes": 8
                                            }
                                          ]
                                        },
                                        {
                                          "Node Type": "Memoize",
                                          "Parent Relationship": "Inner",
                                          "Parallel Aware": false,
                                          "Async Capable": false,
                                          "Startup Cost": 0.16,
                                          "Total Cost": 0.18,
                                          "Plan Rows": 1,
                                          "Plan Width": 4,
                                          "Actual Startup Time": 0.002,
                                          "Actual Total Time": 0.002,
                                          "Actual Rows": 1.0,
                                          "Actual Loops": 425,
                                          "Disabled": false,
                                          "Output": [
                                            "rt.id"
                                          ],
                                          "Cache Key": "ci.role_id",
                                          "Cache Mode": "logical",
                                          "Cache Hits": 72,
                                          "Cache Misses": 1,
                                          "Cache Evictions": 0,
                                          "Cache Overflows": 0,
                                          "Peak Memory Usage": 1,
                                          "Shared Hit Blocks": 5,
                                          "Shared Read Blocks": 3,
                                          "Shared Dirtied Blocks": 0,
                                          "Shared Written Blocks": 0,
                                          "Local Hit Blocks": 0,
                                          "Local Read Blocks": 0,
                                          "Local Dirtied Blocks": 0,
                                          "Local Written Blocks": 0,
                                          "Temp Read Blocks": 0,
                                          "Temp Written Blocks": 0,
                                          "Workers": [
                                            {
                                              "Worker Number": 0,
                                              "Actual Startup Time": 0.001,
                                              "Actual Total Time": 0.001,
                                              "Actual Rows": 1.0,
                                              "Actual Loops": 162,
                                              "Cache Hits": 161,
                                              "Cache Misses": 1,
                                              "Cache Evictions": 0,
                                              "Cache Overflows": 0,
                                              "Peak Memory Usage": 1,
                                              "Shared Hit Blocks": 2,
                                              "Shared Read Blocks": 1,
                                              "Shared Dirtied Blocks": 0,
                                              "Shared Written Blocks": 0,
                                              "Local Hit Blocks": 0,
                                              "Local Read Blocks": 0,
                                              "Local Dirtied Blocks": 0,
                                              "Local Written Blocks": 0,
                                              "Temp Read Blocks": 0,
                                              "Temp Written Blocks": 0
                                            },
                                            {
                                              "Worker Number": 1,
                                              "Actual Startup Time": 0.0,
                                              "Actual Total Time": 0.0,
                                              "Actual Rows": 1.0,
                                              "Actual Loops": 190,
                                              "Cache Hits": 189,
                                              "Cache Misses": 1,
                                              "Cache Evictions": 0,
                                              "Cache Overflows": 0,
                                              "Peak Memory Usage": 1,
                                              "Shared Hit Blocks": 3,
                                              "Shared Read Blocks": 0,
                                              "Shared Dirtied Blocks": 0,
                                              "Shared Written Blocks": 0,
                                              "Local Hit Blocks": 0,
                                              "Local Read Blocks": 0,
                                              "Local Dirtied Blocks": 0,
                                              "Local Written Blocks": 0,
                                              "Temp Read Blocks": 0,
                                              "Temp Written Blocks": 0
                                            }
                                          ],
                                          "Plans": [
                                            {
                                              "Node Type": "Index Scan",
                                              "Parent Relationship": "Outer",
                                              "Parallel Aware": false,
                                              "Async Capable": false,
                                              "Scan Direction": "Forward",
                                              "Index Name": "role_type_pkey",
                                              "Relation Name": "role_type",
                                              "Schema": "public",
                                              "Alias": "rt",
                                              "Startup Cost": 0.15,
                                              "Total Cost": 0.17,
                                              "Plan Rows": 1,
                                              "Plan Width": 4,
                                              "Actual Startup Time": 0.217,
                                              "Actual Total Time": 0.217,
                                              "Actual Rows": 1.0,
                                              "Actual Loops": 3,
                                              "Disabled": false,
                                              "Output": [
                                                "rt.id"
                                              ],
                                              "Index Cond": "(rt.id = ci.role_id)",
                                              "Rows Removed by Index Recheck": 0,
                                              "Filter": "((rt.role)::text = 'actress'::text)",
                                              "Rows Removed by Filter": 0,
                                              "Index Searches": 3,
                                              "Shared Hit Blocks": 5,
                                              "Shared Read Blocks": 3,
                                              "Shared Dirtied Blocks": 0,
                                              "Shared Written Blocks": 0,
                                              "Local Hit Blocks": 0,
                                              "Local Read Blocks": 0,
                                              "Local Dirtied Blocks": 0,
                                              "Local Written Blocks": 0,
                                              "Temp Read Blocks": 0,
                                              "Temp Written Blocks": 0,
                                              "Workers": [
                                                {
                                                  "Worker Number": 0,
                                                  "Actual Startup Time": 0.079,
                                                  "Actual Total Time": 0.079,
                                                  "Actual Rows": 1.0,
                                                  "Actual Loops": 1,
                                                  "Shared Hit Blocks": 2,
                                                  "Shared Read Blocks": 1,
                                                  "Shared Dirtied Blocks": 0,
                                                  "Shared Written Blocks": 0,
                                                  "Local Hit Blocks": 0,
                                                  "Local Read Blocks": 0,
                                                  "Local Dirtied Blocks": 0,
                                                  "Local Written Blocks": 0,
                                                  "Temp Read Blocks": 0,
                                                  "Temp Written Blocks": 0
                                                },
                                                {
                                                  "Worker Number": 1,
                                                  "Actual Startup Time": 0.013,
                                                  "Actual Total Time": 0.013,
                                                  "Actual Rows": 1.0,
                                                  "Actual Loops": 1,
                                                  "Shared Hit Blocks": 3,
                                                  "Shared Read Blocks": 0,
                                                  "Shared Dirtied Blocks": 0,
                                                  "Shared Written Blocks": 0,
                                                  "Local Hit Blocks": 0,
                                                  "Local Read Blocks": 0,
                                                  "Local Dirtied Blocks": 0,
                                                  "Local Written Blocks": 0,
                                                  "Temp Read Blocks": 0,
                                                  "Temp Written Blocks": 0
                                                }
                                              ],
                                              "actual_scan_in_card": 12,
                                              "actual_funnel_counts": [
                                                12,
                                                1
                                              ],
                                              "component_selectivity": {
                                                "compare_selectivity": 0.08333333333333333
                                              },
                                              "ius": [
                                                {
                                                  "name": "rt.id",
                                                  "bytes": 8
                                                }
                                              ]
                                            }
                                          ],
                                          "ius": [
                                            {
                                              "name": "rt.id",
                                              "bytes": 8
                                            }
                                          ]
                                        }
                                      ],
                                      "ius": [
                                        {
                                          "name": "ci.movie_id",
                                          "bytes": 8
                                        },
                                        {
                                          "name": "ci.person_role_id",
                                          "bytes": 8
                                        },
                                        {
                                          "name": "n.name",
                                          "bytes": 8
                                        }
                                      ]
                                    }
                                  ],
                                  "ius": [
                                    {
                                      "name": "ci.movie_id",
                                      "bytes": 8
                                    },
                                    {
                                      "name": "ci.person_role_id",
                                      "bytes": 8
                                    },
                                    {
                                      "name": "n.name",
                                      "bytes": 8
                                    }
                                  ]
                                },
                                {
                                  "Node Type": "Index Only Scan",
                                  "Parent Relationship": "Inner",
                                  "Parallel Aware": false,
                                  "Async Capable": false,
                                  "Scan Direction": "Forward",
                                  "Index Name": "char_name_pkey",
                                  "Relation Name": "char_name",
                                  "Schema": "public",
                                  "Alias": "chn",
                                  "Startup Cost": 0.43,
                                  "Total Cost": 0.91,
                                  "Plan Rows": 1,
                                  "Plan Width": 4,
                                  "Actual Startup Time": 0.053,
                                  "Actual Total Time": 0.053,
                                  "Actual Rows": 0.91,
                                  "Actual Loops": 425,
                                  "Disabled": false,
                                  "Output": [
                                    "chn.id"
                                  ],
                                  "Index Cond": "(chn.id = ci.person_role_id)",
                                  "Rows Removed by Index Recheck": 0,
                                  "Heap Fetches": 0,
                                  "Index Searches": 387,
                                  "Shared Hit Blocks": 1073,
                                  "Shared Read Blocks": 99,
                                  "Shared Dirtied Blocks": 0,
                                  "Shared Written Blocks": 0,
                                  "Local Hit Blocks": 0,
                                  "Local Read Blocks": 0,
                                  "Local Dirtied Blocks": 0,
                                  "Local Written Blocks": 0,
                                  "Temp Read Blocks": 0,
                                  "Temp Written Blocks": 0,
                                  "actual_scan_in_card": 3140339,
                                  "ius": [
                                    {
                                      "name": "chn.id",
                                      "bytes": 8
                                    }
                                  ]
                                }
                              ],
                              "ius": [
                                {
                                  "name": "ci.movie_id",
                                  "bytes": 9
                                },
                                {
                                  "name": "n.name",
                                  "bytes": 9
                                }
                              ]
                            },
                            {
                              "Node Type": "Index Scan",
                              "Parent Relationship": "Inner",
                              "Parallel Aware": false,
                              "Async Capable": false,
                              "Scan Direction": "Forward",
                              "Index Name": "title_pkey",
                              "Relation Name": "title",
                              "Schema": "public",
                              "Alias": "t",
                              "Startup Cost": 0.43,
                              "Total Cost": 1.43,
                              "Plan Rows": 1,
                              "Plan Width": 21,
                              "Actual Startup Time": 0.27,
                              "Actual Total Time": 0.27,
                              "Actual Rows": 0.26,
                              "Actual Loops": 387,
                              "Disabled": false,
                              "Output": [
                                "t.id",
                                "t.title",
                                "t.imdb_index",
                                "t.kind_id",
                                "t.production_year",
                                "t.imdb_id",
                                "t.phonetic_code",
                                "t.episode_of_id",
                                "t.season_nr",
                                "t.episode_nr",
                                "t.series_years",
                                "t.md5sum"
                              ],
                              "Index Cond": "(t.id = ci.movie_id)",
                              "Rows Removed by Index Recheck": 0,
                              "Filter": "((t.production_year >= 2005) AND (t.production_year <= 2009))",
                              "Rows Removed by Filter": 1,
                              "Index Searches": 387,
                              "Shared Hit Blocks": 1210,
                              "Shared Read Blocks": 338,
                              "Shared Dirtied Blocks": 0,
                              "Shared Written Blocks": 0,
                              "Local Hit Blocks": 0,
                              "Local Read Blocks": 0,
                              "Local Dirtied Blocks": 0,
                              "Local Written Blocks": 0,
                              "Temp Read Blocks": 0,
                              "Temp Written Blocks": 0,
                              "actual_scan_in_card": 2528312,
                              "actual_funnel_counts": [
                                2528312,
                                1107925,
                                574556
                              ],
                              "component_selectivity": {
                                "compare_selectivity": 0.4382073889614889,
                                "compare_selectivity_2": 0.5185874495114742
                              },
                              "ius": [
                                {
                                  "name": "t.id",
                                  "bytes": 8
                                },
                                {
                                  "name": "t.title",
                                  "bytes": 8
                                },
                                {
                                  "name": "t.imdb_index",
                                  "bytes": 8
                                },
                                {
                                  "name": "t.kind_id",
                                  "bytes": 8
                                },
                                {
                                  "name": "t.production_year",
                                  "bytes": 8
                                },
                                {
                                  "name": "t.imdb_id",
                                  "bytes": 8
                                },
                                {
                                  "name": "t.phonetic_code",
                                  "bytes": 8
                                },
                                {
                                  "name": "t.episode_of_id",
                                  "bytes": 8
                                },
                                {
                                  "name": "t.season_nr",
                                  "bytes": 8
                                },
                                {
                                  "name": "t.episode_nr",
                                  "bytes": 8
                                },
                                {
                                  "name": "t.series_years",
                                  "bytes": 8
                                },
                                {
                                  "name": "t.md5sum",
                                  "bytes": 8
                                }
                              ]
                            }
                          ],
                          "ius": [
                            {
                              "name": "ci.movie_id",
                              "bytes": 10
                            },
                            {
                              "name": "n.name",
                              "bytes": 10
                            },
                            {
                              "name": "t.title",
                              "bytes": 10
                            },
                            {
                              "name": "t.id",
                              "bytes": 10
                            }
                          ]
                        },
                        {
                          "Node Type": "Index Scan",
                          "Parent Relationship": "Inner",
                          "Parallel Aware": false,
                          "Async Capable": false,
                          "Scan Direction": "Forward",
                          "Index Name": "movie_id_movie_companies",
                          "Relation Name": "movie_companies",
                          "Schema": "public",
                          "Alias": "mc",
                          "Startup Cost": 0.43,
                          "Total Cost": 2.69,
                          "Plan Rows": 1,
                          "Plan Width": 8,
                          "Actual Startup Time": 0.375,
                          "Actual Total Time": 0.414,
                          "Actual Rows": 0.77,
                          "Actual Loops": 102,
                          "Disabled": false,
                          "Output": [
                            "mc.id",
                            "mc.movie_id",
                            "mc.company_id",
                            "mc.company_type_id",
                            "mc.note"
                          ],
                          "Index Cond": "(mc.movie_id = ci.movie_id)",
                          "Rows Removed by Index Recheck": 0,
                          "Filter": "((mc.note IS NOT NULL) AND ((mc.note ~~ '%(USA)%'::text) OR (mc.note ~~ '%(worldwide)%'::text)))",
                          "Rows Removed by Filter": 6,
                          "Index Searches": 102,
                          "Shared Hit Blocks": 369,
                          "Shared Read Blocks": 98,
                          "Shared Dirtied Blocks": 0,
                          "Shared Written Blocks": 0,
                          "Local Hit Blocks": 0,
                          "Local Read Blocks": 0,
                          "Local Dirtied Blocks": 0,
                          "Local Written Blocks": 0,
                          "Temp Read Blocks": 0,
                          "Temp Written Blocks": 0,
                          "actual_scan_in_card": 2609129,
                          "actual_funnel_counts": [
                            2609129,
                            1337140,
                            590994
                          ],
                          "component_selectivity": {
                            "compare_selectivity": 0.5124852010000273,
                            "expression_selectivity": 0.44198363671717245
                          },
                          "ius": [
                            {
                              "name": "mc.id",
                              "bytes": 8
                            },
                            {
                              "name": "mc.movie_id",
                              "bytes": 8
                            },
                            {
                              "name": "mc.company_id",
                              "bytes": 8
                            },
                            {
                              "name": "mc.company_type_id",
                              "bytes": 8
                            },
                            {
                              "name": "mc.note",
                              "bytes": 8
                            }
                          ]
                        }
                      ],
                      "ius": [
                        {
                          "name": "ci.movie_id",
                          "bytes": 8
                        },
                        {
                          "name": "mc.movie_id",
                          "bytes": 8
                        },
                        {
                          "name": "mc.company_id",
                          "bytes": 8
                        },
                        {
                          "name": "n.name",
                          "bytes": 8
                        },
                        {
                          "name": "t.title",
                          "bytes": 8
                        },
                        {
                          "name": "t.id",
                          "bytes": 8
                        }
                      ]
                    },
                    {
                      "Node Type": "Index Scan",
                      "Parent Relationship": "Inner",
                      "Parallel Aware": false,
                      "Async Capable": false,
                      "Scan Direction": "Forward",
                      "Index Name": "company_name_pkey",
                      "Relation Name": "company_name",
                      "Schema": "public",
                      "Alias": "cn",
                      "Startup Cost": 0.42,
                      "Total Cost": 1.21,
                      "Plan Rows": 1,
                      "Plan Width": 4,
                      "Actual Startup Time": 0.155,
                      "Actual Total Time": 0.155,
                      "Actual Rows": 0.97,
                      "Actual Loops": 79,
                      "Disabled": false,
                      "Output": [
                        "cn.id",
                        "cn.name",
                        "cn.country_code",
                        "cn.imdb_id",
                        "cn.name_pcode_nf",
                        "cn.name_pcode_sf",
                        "cn.md5sum"
                      ],
                      "Index Cond": "(cn.id = mc.company_id)",
                      "Rows Removed by Index Recheck": 0,
                      "Filter": "((cn.country_code)::text = '[us]'::text)",
                      "Rows Removed by Filter": 0,
                      "Index Searches": 79,
                      "Shared Hit Blocks": 271,
                      "Shared Read Blocks": 45,
                      "Shared Dirtied Blocks": 0,
                      "Shared Written Blocks": 0,
                      "Local Hit Blocks": 0,
                      "Local Read Blocks": 0,
                      "Local Dirtied Blocks": 0,
                      "Local Written Blocks": 0,
                      "Temp Read Blocks": 0,
                      "Temp Written Blocks": 0,
                      "actual_scan_in_card": 234997,
                      "actual_funnel_counts": [
                        234997,
                        84843
                      ],
                      "component_selectivity": {
                        "compare_selectivity": 0.3610386515572539
                      },
                      "ius": [
                        {
                          "name": "cn.id",
                          "bytes": 8
                        },
                        {
                          "name": "cn.name",
                          "bytes": 8
                        },
                        {
                          "name": "cn.country_code",
                          "bytes": 8
                        },
                        {
                          "name": "cn.imdb_id",
                          "bytes": 8
                        },
                        {
                          "name": "cn.name_pcode_nf",
                          "bytes": 8
                        },
                        {
                          "name": "cn.name_pcode_sf",
                          "bytes": 8
                        },
                        {
                          "name": "cn.md5sum",
                          "bytes": 8
                        }
                      ]
                    }
                  ],
                  "ius": [
                    {
                      "name": "ci.movie_id",
                      "bytes": 8
                    },
                    {
                      "name": "mc.movie_id",
                      "bytes": 8
                    },
                    {
                      "name": "n.name",
                      "bytes": 8
                    },
                    {
                      "name": "t.title",
                      "bytes": 8
                    },
                    {
                      "name": "t.id",
                      "bytes": 8
                    }
                  ]
                },
                {
                  "Node Type": "Index Scan",
                  "Parent Relationship": "Inner",
                  "Parallel Aware": false,
                  "Async Capable": false,
                  "Scan Direction": "Forward",
                  "Index Name": "movie_id_movie_info",
                  "Relation Name": "movie_info",
                  "Schema": "public",
                  "Alias": "mi",
                  "Startup Cost": 0.43,
                  "Total Cost": 22.69,
                  "Plan Rows": 1,
                  "Plan Width": 8,
                  "Actual Startup Time": 0.359,
                  "Actual Total Time": 0.948,
                  "Actual Rows": 2.39,
                  "Actual Loops": 77,
                  "Disabled": false,
                  "Output": [
                    "mi.id",
                    "mi.movie_id",
                    "mi.info_type_id",
                    "mi.info",
                    "mi.note"
                  ],
                  "Index Cond": "(mi.movie_id = ci.movie_id)",
                  "Rows Removed by Index Recheck": 0,
                  "Filter": "((mi.info ~~ 'Japan:%200%'::text) OR (mi.info ~~ 'USA:%200%'::text))",
                  "Rows Removed by Filter": 166,
                  "Index Searches": 77,
                  "Shared Hit Blocks": 1287,
                  "Shared Read Blocks": 330,
                  "Shared Dirtied Blocks": 0,
                  "Shared Written Blocks": 0,
                  "Local Hit Blocks": 0,
                  "Local Read Blocks": 0,
                  "Local Dirtied Blocks": 0,
                  "Local Written Blocks": 0,
                  "Temp Read Blocks": 0,
                  "Temp Written Blocks": 0,
                  "actual_scan_in_card": 14835720,
                  "actual_funnel_counts": [
                    14835720,
                    451104
                  ],
                  "component_selectivity": {
                    "expression_selectivity": 0.030406613228073864
                  },
                  "ius": [
                    {
                      "name": "mi.id",
                      "bytes": 8
                    },
                    {
                      "name": "mi.movie_id",
                      "bytes": 8
                    },
                    {
                      "name": "mi.info_type_id",
                      "bytes": 8
                    },
                    {
                      "name": "mi.info",
                      "bytes": 8
                    },
                    {
                      "name": "mi.note",
                      "bytes": 8
                    }
                  ]
                }
              ],
              "ius": [
                {
                  "name": "mi.info_type_id",
                  "bytes": 12
                },
                {
                  "name": "n.name",
                  "bytes": 12
                },
                {
                  "name": "t.title",
                  "bytes": 12
                }
              ]
            },
            {
              "Node Type": "Index Scan",
              "Parent Relationship": "Inner",
              "Parallel Aware": false,
              "Async Capable": false,
              "Scan Direction": "Forward",
              "Index Name": "info_type_pkey",
              "Relation Name": "info_type",
              "Schema": "public",
              "Alias": "it",
              "Startup Cost": 0.14,
              "Total Cost": 0.16,
              "Plan Rows": 1,
              "Plan Width": 4,
              "Actual Startup Time": 0.001,
              "Actual Total Time": 0.001,
              "Actual Rows": 1.0,
              "Actual Loops": 184,
              "Disabled": false,
              "Output": [
                "it.id",
                "it.info"
              ],
              "Index Cond": "(it.id = mi.info_type_id)",
              "Rows Removed by Index Recheck": 0,
              "Filter": "((it.info)::text = 'release dates'::text)",
              "Rows Removed by Filter": 0,
              "Index Searches": 184,
              "Shared Hit Blocks": 368,
              "Shared Read Blocks": 0,
              "Shared Dirtied Blocks": 0,
              "Shared Written Blocks": 0,
              "Local Hit Blocks": 0,
              "Local Read Blocks": 0,
              "Local Dirtied Blocks": 0,
              "Local Written Blocks": 0,
              "Temp Read Blocks": 0,
              "Temp Written Blocks": 0,
              "actual_scan_in_card": 113,
              "actual_funnel_counts": [
                113,
                1
              ],
              "component_selectivity": {
                "compare_selectivity": 0.008849557522123894
              },
              "ius": [
                {
                  "name": "it.id",
                  "bytes": 8
                },
                {
                  "name": "it.info",
                  "bytes": 8
                }
              ]
            }
          ],
          "ius": [
            {
              "name": "n.name",
              "bytes": 16
            },
            {
              "name": "t.title",
              "bytes": 16
            }
          ]
        }
      ],
      "ius": [
        {
          "name": "min(n.name)",
          "bytes": 32
        },
        {
          "name": "min(t.title)",
          "bytes": 32
        }
      ]
    },
    "Planning": {
      "Shared Hit Blocks": 113,
      "Shared Read Blocks": 59,
      "Shared Dirtied Blocks": 0,
      "Shared Written Blocks": 0,
      "Local Hit Blocks": 0,
      "Local Read Blocks": 0,
      "Local Dirtied Blocks": 0,
      "Local Written Blocks": 0,
      "Temp Read Blocks": 0,
      "Temp Written Blocks": 0
    },
    "Planning Time": 91.19,
    "Triggers": [],
    "Execution Time": 1063.776
  }
]