[
  {
    "Plan": {
      "Node Type": "Aggregate",
      "Strategy": "Plain",
      "Partial Mode": "Simple",
      "Parallel Aware": false,
      "Async Capable": false,
      "Startup Cost": 55719.0,
      "Total Cost": 55719.01,
      "Plan Rows": 1,
      "Plan Width": 64,
      "Actual Startup Time": 372.458,
      "Actual Total Time": 372.485,
      "Actual Rows": 1.0,
      "Actual Loops": 1,
      "Disabled": false,
      "Output": [
        "min(n.name)",
        "min(t.title)"
      ],
      "Shared Hit Blocks": 10509,
      "Shared Read Blocks": 36323,
      "Shared Dirtied Blocks": 0,
      "Shared Written Blocks": 0,
      "Local Hit Blocks": 0,
      "Local Read Blocks": 0,
      "Local Dirtied Blocks": 0,
      "Local Written Blocks": 0,
      "Temp Read Blocks": 0,
      "Temp Written Blocks": 0,
      "Plans": [
        {
          "Node Type": "Nested Loop",
          "Parent Relationship": "Outer",
          "Parallel Aware": false,
          "Async Capable": false,
          "Join Type": "Inner",
          "Startup Cost": 1003.3,
          "Total Cost": 55718.99,
          "Plan Rows": 1,
          "Plan Width": 32,
          "Actual Startup Time": 328.403,
          "Actual Total Time": 372.476,
          "Actual Rows": 15.0,
          "Actual Loops": 1,
          "Disabled": false,
          "Output": [
            "n.name",
            "t.title"
          ],
          "Inner Unique": true,
          "Shared Hit Blocks": 10509,
          "Shared Read Blocks": 36323,
          "Shared Dirtied Blocks": 0,
          "Shared Written Blocks": 0,
          "Local Hit Blocks": 0,
          "Local Read Blocks": 0,
          "Local Dirtied Blocks": 0,
          "Local Written Blocks": 0,
          "Temp Read Blocks": 0,
          "Temp Written Blocks": 0,
          "Plans": [
            {
              "Node Type": "Nested Loop",
              "Parent Relationship": "Outer",
              "Parallel Aware": false,
              "Async Capable": false,
              "Join Type": "Inner",
              "Startup Cost": 1003.15,
              "Total Cost": 55718.82,
              "Plan Rows": 1,
              "Plan Width": 36,
              "Actual Startup Time": 328.384,
              "Actual Total Time": 372.446,
              "Actual Rows": 15.0,
              "Actual Loops": 1,
              "Disabled": false,
              "Output": [
                "ci.role_id",
                "n.name",
                "t.title"
              ],
              "Inner Unique": true,
              "Join Filter": "(ci.person_id = n.id)",
              "Rows Removed by Join Filter": 0,
              "Shared Hit Blocks": 10479,
              "Shared Read Blocks": 36323,
              "Shared Dirtied Blocks": 0,
              "Shared Written Blocks": 0,
              "Local Hit Blocks": 0,
              "Local Read Blocks": 0,
              "Local Dirtied Blocks": 0,
              "Local Written Blocks": 0,
              "Temp Read Blocks": 0,
              "Temp Written Blocks": 0,
              "Plans": [
                {
                  "Node Type": "Nested Loop",
                  "Parent Relationship": "Outer",
                  "Parallel Aware": false,
                  "Async Capable": false,
                  "Join Type": "Inner",
                  "Startup Cost": 1002.72,
                  "Total Cost": 55717.23,
                  "Plan Rows": 1,
                  "Plan Width": 29,
                  "Actual Startup Time": 300.213,
                  "Actual Total Time": 358.281,
                  "Actual Rows": 275.0,
                  "Actual Loops": 1,
                  "Disabled": false,
                  "Output": [
                    "an.person_id",
                    "ci.person_id",
                    "ci.role_id",
                    "t.title"
                  ],
                  "Inner Unique": true,
                  "Shared Hit Blocks": 9441,
                  "Shared Read Blocks": 36261,
                  "Shared Dirtied Blocks": 0,
                  "Shared Written Blocks": 0,
                  "Local Hit Blocks": 0,
                  "Local Read Blocks": 0,
                  "Local Dirtied Blocks": 0,
                  "Local Written Blocks": 0,
                  "Temp Read Blocks": 0,
                  "Temp Written Blocks": 0,
                  "Plans": [
                    {
                      "Node Type": "Nested Loop",
                      "Parent Relationship": "Outer",
                      "Parallel Aware": false,
                      "Async Capable": false,
                      "Join Type": "Inner",
                      "Startup Cost": 1002.58,
                      "Total Cost": 55717.05,
                      "Plan Rows": 1,
                      "Plan Width": 33,
                      "Actual Startup Time": 300.204,
                      "Actual Total Time": 358.101,
                      "Actual Rows": 275.0,
                      "Actual Loops": 1,
                      "Disabled": false,
                      "Output": [
                        "an.person_id",
                        "ci.person_id",
                        "ci.role_id",
                        "mi.info_type_id",
                        "t.title"
                      ],
                      "Inner Unique": false,
                      "Join Filter": "(mi.movie_id = t.id)",
                      "Rows Removed by Join Filter": 0,
                      "Shared Hit Blocks": 8891,
                      "Shared Read Blocks": 36261,
                      "Shared Dirtied Blocks": 0,
                      "Shared Written Blocks": 0,
                      "Local Hit Blocks": 0,
                      "Local Read Blocks": 0,
                      "Local Dirtied Blocks": 0,
                      "Local Written Blocks": 0,
                      "Temp Read Blocks": 0,
                      "Temp Written Blocks": 0,
                      "Plans": [
                        {
                          "Node Type": "Nested Loop",
                          "Parent Relationship": "Outer",
                          "Parallel Aware": false,
                          "Async Capable": false,
                          "Join Type": "Inner",
                          "Startup Cost": 1002.14,
                          "Total Cost": 55694.2,
                          "Plan Rows": 1,
                          "Plan Width": 41,
                          "Actual Startup Time": 300.156,
                          "Actual Total Time": 350.081,
                          "Actual Rows": 275.0,
                          "Actual Loops": 1,
                          "Disabled": false,
                          "Output": [
                            "an.person_id",
                            "ci.movie_id",
                            "ci.person_id",
                            "ci.role_id",
                            "mc.movie_id",
                            "t.title",
                            "t.id"
                          ],
                          "Inner Unique": true,
                          "Shared Hit Blocks": 2091,
                          "Shared Read Blocks": 36256,
                          "Shared Dirtied Blocks": 0,
                          "Shared Written Blocks": 0,
                          "Local Hit Blocks": 0,
                          "Local Read Blocks": 0,
                          "Local Dirtied Blocks": 0,
                          "Local Written Blocks": 0,
                          "Temp Read Blocks": 0,
                          "Temp Written Blocks": 0,
                          "Plans": [
                            {
                              "Node Type": "Nested Loop",
                              "Parent Relationship": "Outer",
                              "Parallel Aware": false,
                              "Async Capable": false,
                              "Join Type": "Inner",
                              "Startup Cost": 1001.72,
                              "Total Cost": 55692.91,
                              "Plan Rows": 1,
                              "Plan Width": 45,
                              "Actual Startup Time": 300.128,
                              "Actual Total Time": 349.44,
                              "Actual Rows": 275.0,
                              "Actual Loops": 1,
                              "Disabled": false,
                              "Output": [
                                "an.person_id",
                                "ci.movie_id",
                                "ci.person_id",
                                "ci.role_id",
                                "mc.movie_id",
                                "mc.company_id",
                                "t.title",
                                "t.id"
                              ],
                              "Inner Unique": false,
                              "Shared Hit Blocks": 992,
                              "Shared Read Blocks": 36255,
                              "Shared Dirtied Blocks": 0,
                              "Shared Written Blocks": 0,
                              "Local Hit Blocks": 0,
                              "Local Read Blocks": 0,
                              "Local Dirtied Blocks": 0,
                              "Local Written Blocks": 0,
                              "Temp Read Blocks": 0,
                              "Temp Written Blocks": 0,
                              "Plans": [
                                {
                                  "Node Type": "Nested Loop",
                                  "Parent Relationship": "Outer",
                                  "Parallel Aware": false,
                                  "Async Capable": false,
                                  "Join Type": "Inner",
                                  "Startup Cost": 1001.3,
                                  "Total Cost": 55692.05,
                                  "Plan Rows": 1,
                                  "Plan Width": 41,
                                  "Actual Startup Time": 299.868,
                                  "Actual Total Time": 342.619,
                                  "Actual Rows": 99.0,
                                  "Actual Loops": 1,
                                  "Disabled": false,
                                  "Output": [
                                    "ci.movie_id",
                                    "ci.person_id",
                                    "ci.role_id",
                                    "mc.movie_id",
                                    "mc.company_id",
                                    "t.title",
                                    "t.id"
                                  ],
                                  "Inner Unique": true,
                                  "Shared Hit Blocks": 721,
                                  "Shared Read Blocks": 36228,
                                  "Shared Dirtied Blocks": 0,
                                  "Shared Written Blocks": 0,
                                  "Local Hit Blocks": 0,
                                  "Local Read Blocks": 0,
                                  "Local Dirtied Blocks": 0,
                                  "Local Written Blocks": 0,
                                  "Temp Read Blocks": 0,
                                  "Temp Written Blocks": 0,
                                  "Plans": [
                                    {
                                      "Node Type": "Nested Loop",
                                      "Parent Relationship": "Outer",
                                      "Parallel Aware": false,
                                      "Async Capable": false,
                                      "Join Type": "Inner",
                                      "Startup Cost": 1000.87,
                                      "Total Cost": 55691.13,
                                      "Plan Rows": 1,
                                      "Plan Width": 45,
                                      "Actual Startup Time": 299.436,
                                      "Actual Total Time": 331.021,
                                      "Actual Rows": 100.0,
                                      "Actual Loops": 1,
                                      "Disabled": false,
                                      "Output": [
                                        "ci.movie_id",
                                        "ci.person_id",
                                        "ci.role_id",
                                        "ci.person_role_id",
                                        "mc.movie_id",
                                        "mc.company_id",
                                        "t.title",
                                        "t.id"
                                      ],
                                      "Inner Unique": false,
                                      "Join Filter": "(ci.movie_id = t.id)",
                                      "Rows Removed by Join Filter": 0,
                                      "Shared Hit Blocks": 471,
                                      "Shared Read Blocks": 36179,
                                      "Shared Dirtied Blocks": 0,
                                      "Shared Written Blocks": 0,
                                      "Local Hit Blocks": 0,
                                      "Local Read Blocks": 0,
                                      "Local Dirtied Blocks": 0,
                                      "Local Written Blocks": 0,
                                      "Temp Read Blocks": 0,
                                      "Temp Written Blocks": 0,
                                      "Plans": [
                                        {
                                          "Node Type": "Gather",
                                          "Parent Relationship": "Outer",
                                          "Parallel Aware": false,
                                          "Async Capable": false,
                                          "Startup Cost": 1000.43,
                                          "Total Cost": 55657.99,
                                          "Plan Rows": 1,
                                          "Plan Width": 29,
                                          "Actual Startup Time": 297.864,
                                          "Actual Total Time": 297.896,
                                          "Actual Rows": 4.0,
                                          "Actual Loops": 1,
                                          "Disabled": false,
                                          "Output": [
                                            "mc.movie_id",
                                            "mc.company_id",
                                            "t.title",
                                            "t.id"
                                          ],
                                          "Workers Planned": 2,
                                          "Workers Launched": 2,
                                          "Single Copy": false,
                                          "Shared Hit Blocks": 81,
                                          "Shared Read Blocks": 35958,
                                          "Shared Dirtied Blocks": 0,
                                          "Shared Written Blocks": 0,
                                          "Local Hit Blocks": 0,
                                          "Local Read Blocks": 0,
                                          "Local Dirtied Blocks": 0,
                                          "Local Written Blocks": 0,
                                          "Temp Read Blocks": 0,
                                          "Temp Written Blocks": 0,
                                          "Plans": [
                                            {
                                              "Node Type": "Nested Loop",
                                              "Parent Relationship": "Outer",
                                              "Parallel Aware": false,
                                              "Async Capable": false,
                                              "Join Type": "Inner",
                                              "Startup Cost": 0.43,
                                              "Total Cost": 54657.89,
                                              "Plan Rows": 1,
                                              "Plan Width": 29,
                                              "Actual Startup Time": 224.545,
                                              "Actual Total Time": 262.617,
                                              "Actual Rows": 1.33,
                                              "Actual Loops": 3,
                                              "Disabled": false,
                                              "Output": [
                                                "mc.movie_id",
                                                "mc.company_id",
                                                "t.title",
                                                "t.id"
                                              ],
                                              "Inner Unique": false,
                                              "Shared Hit Blocks": 81,
                                              "Shared Read Blocks": 35958,
                                              "Shared Dirtied Blocks": 0,
                                              "Shared Written Blocks": 0,
                                              "Local Hit Blocks": 0,
                                              "Local Read Blocks": 0,
                                              "Local Dirtied Blocks": 0,
                                              "Local Written Blocks": 0,
                                              "Temp Read Blocks": 0,
                                              "Temp Written Blocks": 0,
                                              "Workers": [
                                                {
                                                  "Worker Number": 0,
                                                  "Actual Startup Time": 187.547,
                                                  "Actual Total Time": 245.418,
                                                  "Actual Rows": 3.0,
                                                  "Actual Loops": 1,
                                                  "Shared Hit Blocks": 23,
                                                  "Shared Read Blocks": 11011,
                                                  "Shared Dirtied Blocks": 0,
                                                  "Shared Written Blocks": 0,
                                                  "Local Hit Blocks": 0,
                                                  "Local Read Blocks": 0,
                                                  "Local Dirtied Blocks": 0,
                                                  "Local Written Blocks": 0,
                                                  "Temp Read Blocks": 0,
                                                  "Temp Written Blocks": 0
                                                },
                                                {
                                                  "Worker Number": 1,
                                                  "Actual Startup Time": 188.445,
                                                  "Actual Total Time": 244.792,
                                                  "Actual Rows": 1.0,
                                                  "Actual Loops": 1,
                                                  "Shared Hit Blocks": 36,
                                                  "Shared Read Blocks": 10936,
                                                  "Shared Dirtied Blocks": 0,
                                                  "Shared Written Blocks": 0,
                                                  "Local Hit Blocks": 0,
                                                  "Local Read Blocks": 0,
                                                  "Local Dirtied Blocks": 0,
                                                  "Local Written Blocks": 0,
                                                  "Temp Read Blocks": 0,
                                                  "Temp Written Blocks": 0
                                                }
                                              ],
                                              "Plans": [
                                                {
                                                  "Node Type": "Seq Scan",
                                                  "Parent Relationship": "Outer",
                                                  "Parallel Aware": true,
                                                  "Async Capable": false,
                                                  "Relation Name": "title",
                                                  "Schema": "public",
                                                  "Alias": "t",
                                                  "Startup Cost": 0.0,
                                                  "Total Cost": 54445.38,
                                                  "Plan Rows": 10,
                                                  "Plan Width": 21,
                                                  "Actual Startup Time": 34.697,
                                                  "Actual Total Time": 261.784,
                                                  "Actual Rows": 2.33,
                                                  "Actual Loops": 3,
                                                  "Disabled": false,
                                                  "Output": [
                                                    "t.id",
                                                    "t.title",
                                                    "t.imdb_index",
                                                    "t.kind_id",
                                                    "t.production_year",
                                                    "t.imdb_id",
                                                    "t.phonetic_code",
                                                    "t.episode_of_id",
                                                    "t.season_nr",
                                                    "t.episode_nr",
                                                    "t.series_years",
                                                    "t.md5sum"
                                                  ],
                                                  "Filter": "((t.production_year >= 2007) AND (t.production_year <= 2008) AND (t.title ~~ '%Kung%Fu%Panda%'::text))",
                                                  "Rows Removed by Filter": 842768,
                                                  "Shared Hit Blocks": 59,
                                                  "Shared Read Blocks": 35949,
                                                  "Shared Dirtied Blocks": 0,
                                                  "Shared Written Blocks": 0,
                                                  "Local Hit Blocks": 0,
                                                  "Local Read Blocks": 0,
                                                  "Local Dirtied Blocks": 0,
                                                  "Local Written Blocks": 0,
                                                  "Temp Read Blocks": 0,
                                                  "Temp Written Blocks": 0,
                                                  "Workers": [
                                                    {
                                                      "Worker Number": 0,
                                                      "Actual Startup Time": 40.231,
                                                      "Actual Total Time": 244.543,
                                                      "Actual Rows": 2.0,
                                                      "Actual Loops": 1,
                                                      "Shared Hit Blocks": 15,
                                                      "Shared Read Blocks": 11008,
                                                      "Shared Dirtied Blocks": 0,
                                                      "Shared Written Blocks": 0,
                                                      "Local Hit Blocks": 0,
                                                      "Local Read Blocks": 0,
                                                      "Local Dirtied Blocks": 0,
                                                      "Local Written Blocks": 0,
                                                      "Temp Read Blocks": 0,
                                                      "Temp Written Blocks": 0
                                                    },
                                                    {
                                                      "Worker Number": 1,
                                                      "Actual Startup Time": 9.551,
                                                      "Actual Total Time": 243.879,
                                                      "Actual Rows": 4.0,
                                                      "Actual Loops": 1,
                                                      "Shared Hit Blocks": 23,
                                                      "Shared Read Blocks": 10932,
                                                      "Shared Dirtied Blocks": 0,
                                                      "Shared Written Blocks": 0,
                                                      "Local Hit Blocks": 0,
                                                      "Local Read Blocks": 0,
                                                      "Local Dirtied Blocks": 0,
                                                      "Local Written Blocks": 0,
                                                      "Temp Read Blocks": 0,
                                                      "Temp Written Blocks": 0
                                                    }
                                                  ],
                                                  "actual_scan_in_card": 2528312,
                                                  "actual_funnel_counts": [
                                                    2528312,
                                                    904491,
                                                    242426,
                                                    7
                                                  ],
                                                  "component_selectivity": {
                                                    "compare_selectivity": 0.3577450093184702,
                                                    "compare_selectivity_2": 0.26802477857712237,
                                                    "expression_selectivity": 2.887479065776773e-05
                                                  },
                                                  "ius": [
                                                    {
                                                      "name": "t.id",
                                                      "bytes": 8
                                                    },
                                                    {
                                                      "name": "t.title",
                                                      "bytes": 8
                                                    },
                                                    {
                                                      "name": "t.imdb_index",
                                                      "bytes": 8
                                                    },
                                                    {
                                                      "name": "t.kind_id",
                                                      "bytes": 8
                                                    },
                                                    {
                                                      "name": "t.production_year",
                                                      "bytes": 8
                                                    },
                                                    {
                                                      "name": "t.imdb_id",
                                                      "bytes": 8
                                                    },
                                                    {
                                                      "name": "t.phonetic_code",
                                                      "bytes": 8
                                                    },
                                                    {
                                                      "name": "t.episode_of_id",
                                                      "bytes": 8
                                                    },
                                                    {
                                                      "name": "t.season_nr",
                                                      "bytes": 8
                                                    },
                                                    {
                                                      "name": "t.episode_nr",
                                                      "bytes": 8
                                                    },
                                                    {
                                                      "name": "t.series_years",
                                                      "bytes": 8
                                                    },
                                                    {
                                                      "name": "t.md5sum",
                                                      "bytes": 8
                                                    }
                                                  ]
                                                },
                                                {
                                                  "Node Type": "Index Scan",
                                                  "Parent Relationship": "Inner",
                                                  "Parallel Aware": false,
                                                  "Async Capable": false,
                                                  "Scan Direction": "Forward",
                                                  "Index Name": "movie_id_movie_companies",
                                                  "Relation Name": "movie_companies",
                                                  "Schema": "public",
                                                  "Alias": "mc",
                                                  "Startup Cost": 0.43,
                                                  "Total Cost": 21.24,
                                                  "Plan Rows": 1,
                                                  "Plan Width": 8,
                                                  "Actual Startup Time": 0.35,
                                                  "Actual Total Time": 0.352,
                                                  "Actual Rows": 0.57,
                                                  "Actual Loops": 7,
                                                  "Disabled": false,
                                                  "Output": [
                                                    "mc.id",
                                                    "mc.movie_id",
                                                    "mc.company_id",
                                                    "mc.company_type_id",
                                                    "mc.note"
                                                  ],
                                                  "Index Cond": "(mc.movie_id = t.id)",
                                                  "Rows Removed by Index Recheck": 0,
                                                  "Filter": "((mc.note ~~ '%(200%)%'::text) AND ((mc.note ~~ '%(USA)%'::text) OR (mc.note ~~ '%(worldwide)%'::text)))",
                                                  "Rows Removed by Filter": 6,
                                                  "Index Searches": 7,
                                                  "Shared Hit Blocks": 22,
                                                  "Shared Read Blocks": 9,
                                                  "Shared Dirtied Blocks": 0,
                                                  "Shared Written Blocks": 0,
                                                  "Local Hit Blocks": 0,
                                                  "Local Read Blocks": 0,
                                                  "Local Dirtied Blocks": 0,
                                                  "Local Written Blocks": 0,
                                                  "Temp Read Blocks": 0,
                                                  "Temp Written Blocks": 0,
                                                  "Workers": [
                                                    {
                                                      "Worker Number": 0,
                                                      "Actual Startup Time": 0.425,
                                                      "Actual Total Time": 0.429,
                                                      "Actual Rows": 1.5,
                                                      "Actual Loops": 2,
                                                      "Shared Hit Blocks": 8,
                                                      "Shared Read Blocks": 3,
                                                      "Shared Dirtied Blocks": 0,
                                                      "Shared Written Blocks": 0,
                                                      "Local Hit Blocks": 0,
                                                      "Local Read Blocks": 0,
                                                      "Local Dirtied Blocks": 0,
                                                      "Local Written Blocks": 0,
                                                      "Temp Read Blocks": 0,
                                                      "Temp Written Blocks": 0
                                                    },
                                                    {
                                                      "Worker Number": 1,
                                                      "Actual Startup Time": 0.223,
                                                      "Actual Total Time": 0.224,
                                                      "Actual Rows": 0.25,
                                                      "Actual Loops": 4,
                                                      "Shared Hit Blocks": 13,
                                                      "Shared Read Blocks": 4,
                                                      "Shared Dirtied Blocks": 0,
                                                      "Shared Written Blocks": 0,
                                                      "Local Hit Blocks": 0,
                                                      "Local Read Blocks": 0,
                                                      "Local Dirtied Blocks": 0,
                                                      "Local Written Blocks": 0,
                                                      "Temp Read Blocks": 0,
                                                      "Temp Written Blocks": 0
                                                    }
                                                  ],
                                                  "actual_scan_in_card": 2609129,
                                                  "actual_funnel_counts": [
                                                    2609129,
                                                    440138,
                                                    198519
                                                  ],
                                                  "component_selectivity": {
                                                    "expression_selectivity": 0.16869154418965102,
                                                    "expression_selectivity_2": 0.45103808351017183
                                                  },
                                                  "ius": [
                                                    {
                                                      "name": "mc.id",
                                                      "bytes": 8
                                                    },
                                                    {
                                                      "name": "mc.movie_id",
                                                      "bytes": 8
                                                    },
                                                    {
                                                      "name": "mc.company_id",
                                                      "bytes": 8
                                                    },
                                                    {
                                                      "name": "mc.company_type_id",
                                                      "bytes": 8
                                                    },
                                                    {
                                                      "name": "mc.note",
                                                      "bytes": 8
                                                    }
                                                  ]
                                                }
                                              ],
                                              "ius": [
                                                {
                                                  "name": "mc.movie_id",
                                                  "bytes": 8
                                                },
                                                {
                                                  "name": "mc.company_id",
                                                  "bytes": 8
                                                },
                                                {
                                                  "name": "t.title",
                                                  "bytes": 8
                                                },
                                                {
                                                  "name": "t.id",
                                                  "bytes": 8
                                                }
                                              ]
                                            }
                                          ],
                                          "ius": [
                                            {
                                              "name": "mc.movie_id",
                                              "bytes": 8
                                            },
                                            {
                                              "name": "mc.company_id",
                                              "bytes": 8
                                            },
                                            {
                                              "name": "t.title",
                                              "bytes": 8
                                            },
                                            {
                                              "name": "t.id",
                                              "bytes": 8
                                            }
                                          ]
                                        },
                                        {
                                          "Node Type": "Index Scan",
                                          "Parent Relationship": "Inner",
                                          "Parallel Aware": false,
                                          "Async Capable": false,
                                          "Scan Direction": "Forward",
                                          "Index Name": "movie_id_cast_info",
                                          "Relation Name": "cast_info",
                                          "Schema": "public",
                                          "Alias": "ci",
                                          "Startup Cost": 0.44,
                                          "Total Cost": 33.12,
                                          "Plan Rows": 1,
                                          "Plan Width": 16,
                                          "Actual Startup Time": 0.396,
                                          "Actual Total Time": 8.274,
                                          "Actual Rows": 25.0,
                                          "Actual Loops": 4,
                                          "Disabled": false,
                                          "Output": [
                                            "ci.id",
                                            "ci.person_id",
                                            "ci.movie_id",
                                            "ci.person_role_id",
                                            "ci.note",
                                            "ci.nr_order",
                                            "ci.role_id"
                                          ],
                                          "Index Cond": "(ci.movie_id = mc.movie_id)",
                                          "Rows Removed by Index Recheck": 0,
                                          "Filter": "(ci.note = '(voice)'::text)",
                                          "Rows Removed by Filter": 127,
                                          "Index Searches": 4,
                                          "Shared Hit Blocks": 390,
                                          "Shared Read Blocks": 221,
                                          "Shared Dirtied Blocks": 0,
                                          "Shared Written Blocks": 0,
                                          "Local Hit Blocks": 0,
                                          "Local Read Blocks": 0,
                                          "Local Dirtied Blocks": 0,
                                          "Local Written Blocks": 0,
                                          "Temp Read Blocks": 0,
                                          "Temp Written Blocks": 0,
                                          "actual_scan_in_card": 36244344,
                                          "actual_funnel_counts": [
                                            36244344,
                                            713828
                                          ],
                                          "component_selectivity": {
                                            "compare_selectivity": 0.01969487984111397
                                          },
                                          "ius": [
                                            {
                                              "name": "ci.id",
                                              "bytes": 8
                                            },
                                            {
                                              "name": "ci.person_id",
                                              "bytes": 8
                                            },
                                            {
                                              "name": "ci.movie_id",
                                              "bytes": 8
                                            },
                                            {
                                              "name": "ci.person_role_id",
                                              "bytes": 8
                                            },
                                            {
                                              "name": "ci.note",
                                              "bytes": 8
                                            },
                                            {
                                              "name": "ci.nr_order",
                                              "bytes": 8
                                            },
                                            {
                                              "name": "ci.role_id",
                                              "bytes": 8
                                            }
                                          ]
                                        }
                                      ],
                                      "ius": [
                                        {
                                          "name": "ci.movie_id",
                                          "bytes": 8
                                        },
                                        {
                                          "name": "ci.person_id",
                                          "bytes": 8
                                        },
                                        {
                                          "name": "ci.role_id",
                                          "bytes": 8
                                        },
                                        {
                                          "name": "ci.person_role_id",
                                          "bytes": 8
                                        },
                                        {
                                          "name": "mc.movie_id",
                                          "bytes": 8
                                        },
                                        {
                                          "name": "mc.company_id",
                                          "bytes": 8
                                        },
                                        {
                                          "name": "t.title",
                                          "bytes": 8
                                        },
                                        {
                                          "name": "t.id",
                                          "bytes": 8
                                        }
                                      ]
                                    },
                                    {
                                      "Node Type": "Index Only Scan",
                                      "Parent Relationship": "Inner",
                                      "Parallel Aware": false,
                                      "Async Capable": false,
                                      "Scan Direction": "Forward",
                                      "Index Name": "char_name_pkey",
                                      "Relation Name": "char_name",
                                      "Schema": "public",
                                      "Alias": "chn",
                                      "Startup Cost": 0.43,
                                      "Total Cost": 0.92,
                                      "Plan Rows": 1,
                                      "Plan Width": 4,
                                      "Actual Startup Time": 0.116,
                                      "Actual Total Time": 0.116,
                                      "Actual Rows": 0.99,
                                      "Actual Loops": 100,
                                      "Disabled": false,
                                      "Output": [
                                        "chn.id"
                                      ],
                                      "Index Cond": "(chn.id = ci.person_role_id)",
                                      "Rows Removed by Index Recheck": 0,
                                      "Heap Fetches": 0,
                                      "Index Searches": 99,
                                      "Shared Hit Blocks": 250,
                                      "Shared Read Blocks": 49,
                                      "Shared Dirtied Blocks": 0,
                                      "Shared Written Blocks": 0,
                                      "Local Hit Blocks": 0,
                                      "Local Read Blocks": 0,
                                      "Local Dirtied Blocks": 0,
                                      "Local Written Blocks": 0,
                                      "Temp Read Blocks": 0,
                                      "Temp Written Blocks": 0,
                                      "actual_scan_in_card": 3140339,
                                      "ius": [
                                        {
                                          "name": "chn.id",
                                          "bytes": 8
                                        }
                                      ]
                                    }
                                  ],
                                  "ius": [
                                    {
                                      "name": "ci.movie_id",
                                      "bytes": 8
                                    },
                                    {
                                      "name": "ci.person_id",
                                      "bytes": 8
                                    },
                                    {
                                      "name": "ci.role_id",
                                      "bytes": 8
                                    },
                                    {
                                      "name": "mc.movie_id",
                                      "bytes": 8
                                    },
                                    {
                                      "name": "mc.company_id",
                                      "bytes": 8
                                    },
                                    {
                                      "name": "t.title",
                                      "bytes": 8
                                    },
                                    {
                                      "name": "t.id",
                                      "bytes": 8
                                    }
                                  ]
                                },
                                {
                                  "Node Type": "Index Only Scan",
                                  "Parent Relationship": "Inner",
                                  "Parallel Aware": false,
                                  "Async Capable": false,
                                  "Scan Direction": "Forward",
                                  "Index Name": "person_id_aka_name",
                                  "Relation Name": "aka_name",
                                  "Schema": "public",
                                  "Alias": "an",
                                  "Startup Cost": 0.42,
                                  "Total Cost": 0.85,
                                  "Plan Rows": 2,
                                  "Plan Width": 4,
                                  "Actual Startup Time": 0.068,
                                  "Actual Total Time": 0.068,
                                  "Actual Rows": 2.78,
                                  "Actual Loops": 99,
                                  "Disabled": false,
                                  "Output": [
                                    "an.person_id"
                                  ],
                                  "Index Cond": "(an.person_id = ci.person_id)",
                                  "Rows Removed by Index Recheck": 0,
                                  "Heap Fetches": 0,
                                  "Index Searches": 99,
                                  "Shared Hit Blocks": 271,
                                  "Shared Read Blocks": 27,
                                  "Shared Dirtied Blocks": 0,
                                  "Shared Written Blocks": 0,
                                  "Local Hit Blocks": 0,
                                  "Local Read Blocks": 0,
                                  "Local Dirtied Blocks": 0,
                                  "Local Written Blocks": 0,
                                  "Temp Read Blocks": 0,
                                  "Temp Written Blocks": 0,
                                  "actual_scan_in_card": 901343,
                                  "ius": [
                                    {
                                      "name": "an.person_id",
                                      "bytes": 8
                                    }
                                  ]
                                }
                              ],
                              "ius": [
                                {
                                  "name": "an.person_id",
                                  "bytes": 8
                                },
                                {
                                  "name": "ci.movie_id",
                                  "bytes": 8
                                },
                                {
                                  "name": "ci.person_id",
                                  "bytes": 8
                                },
                                {
                                  "name": "ci.role_id",
                                  "bytes": 8
                                },
                                {
                                  "name": "mc.movie_id",
                                  "bytes": 8
                                },
                                {
                                  "name": "mc.company_id",
                                  "bytes": 8
                                },
                                {
                                  "name": "t.title",
                                  "bytes": 8
                                },
                                {
                                  "name": "t.id",
                                  "bytes": 8
                                }
                              ]
                            },
                            {
                              "Node Type": "Index Scan",
                              "Parent Relationship": "Inner",
                              "Parallel Aware": false,
                              "Async Capable": false,
                              "Scan Direction": "Forward",
                              "Index Name": "company_name_pkey",
                              "Relation Name": "company_name",
                              "Schema": "public",
                              "Alias": "cn",
                              "Startup Cost": 0.42,
                              "Total Cost": 1.29,
                              "Plan Rows": 1,
                              "Plan Width": 4,
                              "Actual Startup Time": 0.002,
                              "Actual Total Time": 0.002,
                              "Actual Rows": 1.0,
                              "Actual Loops": 275,
                              "Disabled": false,
                              "Output": [
                                "cn.id",
                                "cn.name",
                                "cn.country_code",
                                "cn.imdb_id",
                                "cn.name_pcode_nf",
                                "cn.name_pcode_sf",
                                "cn.md5sum"
                              ],
                              "Index Cond": "(cn.id = mc.company_id)",
                              "Rows Removed by Index Recheck": 0,
                              "Filter": "((cn.country_code)::text = '[us]'::text)",
                              "Rows Removed by Filter": 0,
                              "Index Searches": 275,
                              "Shared Hit Blocks": 1099,
                              "Shared Read Blocks": 1,
                              "Shared Dirtied Blocks": 0,
                              "Shared Written Blocks": 0,
                              "Local Hit Blocks": 0,
                              "Local Read Blocks": 0,
                              "Local Dirtied Blocks": 0,
                              "Local Written Blocks": 0,
                              "Temp Read Blocks": 0,
                              "Temp Written Blocks": 0,
                              "actual_scan_in_card": 234997,
                              "actual_funnel_counts": [
                                234997,
                                84843
                              ],
                              "component_selectivity": {
                                "compare_selectivity": 0.3610386515572539
                              },
                              "ius": [
                                {
                                  "name": "cn.id",
                                  "bytes": 8
                                },
                                {
                                  "name": "cn.name",
                                  "bytes": 8
                                },
                                {
                                  "name": "cn.country_code",
                                  "bytes": 8
                                },
                                {
                                  "name": "cn.imdb_id",
                                  "bytes": 8
                                },
                                {
                                  "name": "cn.name_pcode_nf",
                                  "bytes": 8
                                },
                                {
                                  "name": "cn.name_pcode_sf",
                                  "bytes": 8
                                },
                                {
                                  "name": "cn.md5sum",
                                  "bytes": 8
                                }
                              ]
                            }
                          ],
                          "ius": [
                            {
                              "name": "an.person_id",
                              "bytes": 8
                            },
                            {
                              "name": "ci.movie_id",
                              "bytes": 8
                            },
                            {
                              "name": "ci.person_id",
                              "bytes": 8
                            },
                            {
                              "name": "ci.role_id",
                              "bytes": 8
                            },
                            {
                              "name": "mc.movie_id",
                              "bytes": 8
                            },
                            {
                              "name": "t.title",
                              "bytes": 8
                            },
                            {
                              "name": "t.id",
                              "bytes": 8
                            }
                          ]
                        },
                        {
                          "Node Type": "Index Scan",
                          "Parent Relationship": "Inner",
                          "Parallel Aware": false,
                          "Async Capable": false,
                          "Scan Direction": "Forward",
                          "Index Name": "movie_id_movie_info",
                          "Relation Name": "movie_info",
                          "Schema": "public",
                          "Alias": "mi",
                          "Startup Cost": 0.43,
                          "Total Cost": 22.83,
                          "Plan Rows": 1,
                          "Plan Width": 8,
                          "Actual Startup Time": 0.005,
                          "Actual Total Time": 0.029,
                          "Actual Rows": 1.0,
                          "Actual Loops": 275,
                          "Disabled": false,
                          "Output": [
                            "mi.id",
                            "mi.movie_id",
                            "mi.info_type_id",
                            "mi.info",
                            "mi.note"
                          ],
                          "Index Cond": "(mi.movie_id = ci.movie_id)",
                          "Rows Removed by Index Recheck": 0,
                          "Filter": "((mi.info ~~ 'Japan:%2007%'::text) OR (mi.info ~~ 'USA:%2008%'::text))",
                          "Rows Removed by Filter": 295,
                          "Index Searches": 275,
                          "Shared Hit Blocks": 6800,
                          "Shared Read Blocks": 5,
                          "Shared Dirtied Blocks": 0,
                          "Shared Written Blocks": 0,
                          "Local Hit Blocks": 0,
                          "Local Read Blocks": 0,
                          "Local Dirtied Blocks": 0,
                          "Local Written Blocks": 0,
                          "Temp Read Blocks": 0,
                          "Temp Written Blocks": 0,
                          "actual_scan_in_card": 14835720,
                          "actual_funnel_counts": [
                            14835720,
                            69478
                          ],
                          "component_selectivity": {
                            "expression_selectivity": 0.00468315659772495
                          },
                          "ius": [
                            {
                              "name": "mi.id",
                              "bytes": 8
                            },
                            {
                              "name": "mi.movie_id",
                              "bytes": 8
                            },
                            {
                              "name": "mi.info_type_id",
                              "bytes": 8
                            },
                            {
                              "name": "mi.info",
                              "bytes": 8
                            },
                            {
                              "name": "mi.note",
                              "bytes": 8
                            }
                          ]
                        }
                      ],
                      "ius": [
                        {
                          "name": "an.person_id",
                          "bytes": 8
                        },
                        {
                          "name": "ci.person_id",
                          "bytes": 8
                        },
                        {
                          "name": "ci.role_id",
                          "bytes": 8
                        },
                        {
                          "name": "mi.info_type_id",
                          "bytes": 8
                        },
                        {
                          "name": "t.title",
                          "bytes": 8
                        }
                      ]
                    },
                    {
                      "Node Type": "Index Scan",
                      "Parent Relationship": "Inner",
                      "Parallel Aware": false,
                      "Async Capable": false,
                      "Scan Direction": "Forward",
                      "Index Name": "info_type_pkey",
                      "Relation Name": "info_type",
                      "Schema": "public",
                      "Alias": "it",
                      "Startup Cost": 0.14,
                      "Total Cost": 0.16,
                      "Plan Rows": 1,
                      "Plan Width": 4,
                      "Actual Startup Time": 0.0,
                      "Actual Total Time": 0.0,
                      "Actual Rows": 1.0,
                      "Actual Loops": 275,
                      "Disabled": false,
                      "Output": [
                        "it.id",
                        "it.info"
                      ],
                      "Index Cond": "(it.id = mi.info_type_id)",
                      "Rows Removed by Index Recheck": 0,
                      "Filter": "((it.info)::text = 'release dates'::text)",
                      "Rows Removed by Filter": 0,
                      "Index Searches": 275,
                      "Shared Hit Blocks": 550,
                      "Shared Read Blocks": 0,
                      "Shared Dirtied Blocks": 0,
                      "Shared Written Blocks": 0,
                      "Local Hit Blocks": 0,
                      "Local Read Blocks": 0,
                      "Local Dirtied Blocks": 0,
                      "Local Written Blocks": 0,
                      "Temp Read Blocks": 0,
                      "Temp Written Blocks": 0,
                      "actual_scan_in_card": 113,
                      "actual_funnel_counts": [
                        113,
                        1
                      ],
                      "component_selectivity": {
                        "compare_selectivity": 0.008849557522123894
                      },
                      "ius": [
                        {
                          "name": "it.id",
                          "bytes": 8
                        },
                        {
                          "name": "it.info",
                          "bytes": 8
                        }
                      ]
                    }
                  ],
                  "ius": [
                    {
                      "name": "an.person_id",
                      "bytes": 8
                    },
                    {
                      "name": "ci.person_id",
                      "bytes": 8
                    },
                    {
                      "name": "ci.role_id",
                      "bytes": 8
                    },
                    {
                      "name": "t.title",
                      "bytes": 8
                    }
                  ]
                },
                {
                  "Node Type": "Index Scan",
                  "Parent Relationship": "Inner",
                  "Parallel Aware": false,
                  "Async Capable": false,
                  "Scan Direction": "Forward",
                  "Index Name": "name_pkey",
                  "Relation Name": "name",
                  "Schema": "public",
                  "Alias": "n",
                  "Startup Cost": 0.43,
                  "Total Cost": 1.57,
                  "Plan Rows": 1,
                  "Plan Width": 19,
                  "Actual Startup Time": 0.051,
                  "Actual Total Time": 0.051,
                  "Actual Rows": 0.05,
                  "Actual Loops": 275,
                  "Disabled": false,
                  "Output": [
                    "n.id",
                    "n.name",
                    "n.imdb_index",
                    "n.imdb_id",
                    "n.gender",
                    "n.name_pcode_cf",
                    "n.name_pcode_nf",
                    "n.surname_pcode",
                    "n.md5sum"
                  ],
                  "Index Cond": "(n.id = an.person_id)",
                  "Rows Removed by Index Recheck": 0,
                  "Filter": "((n.name ~~ '%Angel%'::text) AND ((n.gender)::text = 'f'::text))",
                  "Rows Removed by Filter": 1,
                  "Index Searches": 275,
                  "Shared Hit Blocks": 1038,
                  "Shared Read Blocks": 62,
                  "Shared Dirtied Blocks": 0,
                  "Shared Written Blocks": 0,
                  "Local Hit Blocks": 0,
                  "Local Read Blocks": 0,
                  "Local Dirtied Blocks": 0,
                  "Local Written Blocks": 0,
                  "Temp Read Blocks": 0,
                  "Temp Written Blocks": 0,
                  "actual_scan_in_card": 4167491,
                  "actual_funnel_counts": [
                    4167491,
                    12221,
                    5409
                  ],
                  "component_selectivity": {
                    "expression_selectivity": 0.00293245984214483,
                    "compare_selectivity": 0.44259880533507895
                  },
                  "ius": [
                    {
                      "name": "n.id",
                      "bytes": 8
                    },
                    {
                      "name": "n.name",
                      "bytes": 8
                    },
                    {
                      "name": "n.imdb_index",
                      "bytes": 8
                    },
                    {
                      "name": "n.imdb_id",
                      "bytes": 8
                    },
                    {
                      "name": "n.gender",
                      "bytes": 8
                    },
                    {
                      "name": "n.name_pcode_cf",
                      "bytes": 8
                    },
                    {
                      "name": "n.name_pcode_nf",
                      "bytes": 8
                    },
                    {
                      "name": "n.surname_pcode",
                      "bytes": 8
                    },
                    {
                      "name": "n.md5sum",
                      "bytes": 8
                    }
                  ]
                }
              ],
              "ius": [
                {
                  "name": "ci.role_id",
                  "bytes": 12
                },
                {
                  "name": "n.name",
                  "bytes": 12
                },
                {
                  "name": "t.title",
                  "bytes": 12
                }
              ]
            },
            {
              "Node Type": "Index Scan",
              "Parent Relationship": "Inner",
              "Parallel Aware": false,
              "Async Capable": false,
              "Scan Direction": "Forward",
              "Index Name": "role_type_pkey",
              "Relation Name": "role_type",
              "Schema": "public",
              "Alias": "rt",
              "Startup Cost": 0.15,
              "Total Cost": 0.17,
              "Plan Rows": 1,
              "Plan Width": 4,
              "Actual Startup Time": 0.002,
              "Actual Total Time": 0.002,
              "Actual Rows": 1.0,
              "Actual Loops": 15,
              "Disabled": false,
              "Output": [
                "rt.id",
                "rt.role"
              ],
              "Index Cond": "(rt.id = ci.role_id)",
              "Rows Removed by Index Recheck": 0,
              "Filter": "((rt.role)::text = 'actress'::text)",
              "Rows Removed by Filter": 0,
              "Index Searches": 15,
              "Shared Hit Blocks": 30,
              "Shared Read Blocks": 0,
              "Shared Dirtied Blocks": 0,
              "Shared Written Blocks": 0,
              "Local Hit Blocks": 0,
              "Local Read Blocks": 0,
              "Local Dirtied Blocks": 0,
              "Local Written Blocks": 0,
              "Temp Read Blocks": 0,
              "Temp Written Blocks": 0,
              "actual_scan_in_card": 12,
              "actual_funnel_counts": [
                12,
                1
              ],
              "component_selectivity": {
                "compare_selectivity": 0.08333333333333333
              },
              "ius": [
                {
                  "name": "rt.id",
                  "bytes": 8
                },
                {
                  "name": "rt.role",
                  "bytes": 8
                }
              ]
            }
          ],
          "ius": [
            {
              "name": "n.name",
              "bytes": 16
            },
            {
              "name": "t.title",
              "bytes": 16
            }
          ]
        }
      ],
      "ius": [
        {
          "name": "min(n.name)",
          "bytes": 32
        },
        {
          "name": "min(t.title)",
          "bytes": 32
        }
      ]
    },
    "Planning": {
      "Shared Hit Blocks": 143,
      "Shared Read Blocks": 29,
      "Shared Dirtied Blocks": 0,
      "Shared Written Blocks": 0,
      "Local Hit Blocks": 0,
      "Local Read Blocks": 0,
      "Local Dirtied Blocks": 0,
      "Local Written Blocks": 0,
      "Temp Read Blocks": 0,
      "Temp Written Blocks": 0
    },
    "Planning Time": 26.897,
    "Triggers": [],
    "Execution Time": 372.622
  }
]