[
  {
    "Plan": {
      "Node Type": "Aggregate",
      "Strategy": "Plain",
      "Partial Mode": "Finalize",
      "Parallel Aware": false,
      "Async Capable": false,
      "Startup Cost": 19614.36,
      "Total Cost": 19614.37,
      "Plan Rows": 1,
      "Plan Width": 68,
      "Actual Startup Time": 130.15,
      "Actual Total Time": 131.082,
      "Actual Rows": 1.0,
      "Actual Loops": 1,
      "Disabled": false,
      "Output": [
        "min(mc.note)",
        "min(t.title)",
        "min(t.production_year)"
      ],
      "Shared Hit Blocks": 1766,
      "Shared Read Blocks": 6276,
      "Shared Dirtied Blocks": 0,
      "Shared Written Blocks": 0,
      "Local Hit Blocks": 0,
      "Local Read Blocks": 0,
      "Local Dirtied Blocks": 0,
      "Local Written Blocks": 0,
      "Temp Read Blocks": 0,
      "Temp Written Blocks": 0,
      "Plans": [
        {
          "Node Type": "Gather",
          "Parent Relationship": "Outer",
          "Parallel Aware": false,
          "Async Capable": false,
          "Startup Cost": 19614.13,
          "Total Cost": 19614.34,
          "Plan Rows": 2,
          "Plan Width": 68,
          "Actual Startup Time": 129.722,
          "Actual Total Time": 131.076,
          "Actual Rows": 3.0,
          "Actual Loops": 1,
          "Disabled": false,
          "Output": [
            "(PARTIAL min(mc.note))",
            "(PARTIAL min(t.title))",
            "(PARTIAL min(t.production_year))"
          ],
          "Workers Planned": 2,
          "Workers Launched": 2,
          "Single Copy": false,
          "Shared Hit Blocks": 1766,
          "Shared Read Blocks": 6276,
          "Shared Dirtied Blocks": 0,
          "Shared Written Blocks": 0,
          "Local Hit Blocks": 0,
          "Local Read Blocks": 0,
          "Local Dirtied Blocks": 0,
          "Local Written Blocks": 0,
          "Temp Read Blocks": 0,
          "Temp Written Blocks": 0,
          "Plans": [
            {
              "Node Type": "Aggregate",
              "Strategy": "Plain",
              "Partial Mode": "Partial",
              "Parent Relationship": "Outer",
              "Parallel Aware": false,
              "Async Capable": false,
              "Startup Cost": 18614.13,
              "Total Cost": 18614.14,
              "Plan Rows": 1,
              "Plan Width": 68,
              "Actual Startup Time": 121.777,
              "Actual Total Time": 121.78,
              "Actual Rows": 1.0,
              "Actual Loops": 3,
              "Disabled": false,
              "Output": [
                "PARTIAL min(mc.note)",
                "PARTIAL min(t.title)",
                "PARTIAL min(t.production_year)"
              ],
              "Shared Hit Blocks": 1766,
              "Shared Read Blocks": 6276,
              "Shared Dirtied Blocks": 0,
              "Shared Written Blocks": 0,
              "Local Hit Blocks": 0,
              "Local Read Blocks": 0,
              "Local Dirtied Blocks": 0,
              "Local Written Blocks": 0,
              "Temp Read Blocks": 0,
              "Temp Written Blocks": 0,
              "Workers": [
                {
                  "Worker Number": 0,
                  "Actual Startup Time": 117.703,
                  "Actual Total Time": 117.705,
                  "Actual Rows": 1.0,
                  "Actual Loops": 1,
                  "Shared Hit Blocks": 624,
                  "Shared Read Blocks": 1762,
                  "Shared Dirtied Blocks": 0,
                  "Shared Written Blocks": 0,
                  "Local Hit Blocks": 0,
                  "Local Read Blocks": 0,
                  "Local Dirtied Blocks": 0,
                  "Local Written Blocks": 0,
                  "Temp Read Blocks": 0,
                  "Temp Written Blocks": 0
                },
                {
                  "Worker Number": 1,
                  "Actual Startup Time": 118.254,
                  "Actual Total Time": 118.259,
                  "Actual Rows": 1.0,
                  "Actual Loops": 1,
                  "Shared Hit Blocks": 566,
                  "Shared Read Blocks": 2210,
                  "Shared Dirtied Blocks": 0,
                  "Shared Written Blocks": 0,
                  "Local Hit Blocks": 0,
                  "Local Read Blocks": 0,
                  "Local Dirtied Blocks": 0,
                  "Local Written Blocks": 0,
                  "Temp Read Blocks": 0,
                  "Temp Written Blocks": 0
                }
              ],
              "Plans": [
                {
                  "Node Type": "Nested Loop",
                  "Parent Relationship": "Outer",
                  "Parallel Aware": false,
                  "Async Capable": false,
                  "Join Type": "Inner",
                  "Startup Cost": 22.21,
                  "Total Cost": 18613.81,
                  "Plan Rows": 43,
                  "Plan Width": 45,
                  "Actual Startup Time": 121.757,
                  "Actual Total Time": 121.775,
                  "Actual Rows": 1.33,
                  "Actual Loops": 3,
                  "Disabled": false,
                  "Output": [
                    "mc.note",
                    "t.title",
                    "t.production_year"
                  ],
                  "Inner Unique": true,
                  "Shared Hit Blocks": 1766,
                  "Shared Read Blocks": 6276,
                  "Shared Dirtied Blocks": 0,
                  "Shared Written Blocks": 0,
                  "Local Hit Blocks": 0,
                  "Local Read Blocks": 0,
                  "Local Dirtied Blocks": 0,
                  "Local Written Blocks": 0,
                  "Temp Read Blocks": 0,
                  "Temp Written Blocks": 0,
                  "Workers": [
                    {
                      "Worker Number": 0,
                      "Actual Startup Time": 117.652,
                      "Actual Total Time": 117.697,
                      "Actual Rows": 4.0,
                      "Actual Loops": 1,
                      "Shared Hit Blocks": 624,
                      "Shared Read Blocks": 1762,
                      "Shared Dirtied Blocks": 0,
                      "Shared Written Blocks": 0,
                      "Local Hit Blocks": 0,
                      "Local Read Blocks": 0,
                      "Local Dirtied Blocks": 0,
                      "Local Written Blocks": 0,
                      "Temp Read Blocks": 0,
                      "Temp Written Blocks": 0
                    },
                    {
                      "Worker Number": 1,
                      "Actual Startup Time": 118.25,
                      "Actual Total Time": 118.254,
                      "Actual Rows": 0.0,
                      "Actual Loops": 1,
                      "Shared Hit Blocks": 566,
                      "Shared Read Blocks": 2210,
                      "Shared Dirtied Blocks": 0,
                      "Shared Written Blocks": 0,
                      "Local Hit Blocks": 0,
                      "Local Read Blocks": 0,
                      "Local Dirtied Blocks": 0,
                      "Local Written Blocks": 0,
                      "Temp Read Blocks": 0,
                      "Temp Written Blocks": 0
                    }
                  ],
                  "Plans": [
                    {
                      "Node Type": "Hash Join",
                      "Parent Relationship": "Outer",
                      "Parallel Aware": false,
                      "Async Capable": false,
                      "Join Type": "Inner",
                      "Startup Cost": 21.78,
                      "Total Cost": 18567.63,
                      "Plan Rows": 79,
                      "Plan Width": 32,
                      "Actual Startup Time": 121.707,
                      "Actual Total Time": 121.749,
                      "Actual Rows": 1.67,
                      "Actual Loops": 3,
                      "Disabled": false,
                      "Output": [
                        "mc.note",
                        "mc.movie_id",
                        "mi_idx.movie_id"
                      ],
                      "Inner Unique": true,
                      "Hash Cond": "(mc.company_type_id = ct.id)",
                      "Shared Hit Blocks": 1745,
                      "Shared Read Blocks": 6276,
                      "Shared Dirtied Blocks": 0,
                      "Shared Written Blocks": 0,
                      "Local Hit Blocks": 0,
                      "Local Read Blocks": 0,
                      "Local Dirtied Blocks": 0,
                      "Local Written Blocks": 0,
                      "Temp Read Blocks": 0,
                      "Temp Written Blocks": 0,
                      "Workers": [
                        {
                          "Worker Number": 0,
                          "Actual Startup Time": 117.503,
                          "Actual Total Time": 117.618,
                          "Actual Rows": 5.0,
                          "Actual Loops": 1,
                          "Shared Hit Blocks": 603,
                          "Shared Read Blocks": 1762,
                          "Shared Dirtied Blocks": 0,
                          "Shared Written Blocks": 0,
                          "Local Hit Blocks": 0,
                          "Local Read Blocks": 0,
                          "Local Dirtied Blocks": 0,
                          "Local Written Blocks": 0,
                          "Temp Read Blocks": 0,
                          "Temp Written Blocks": 0
                        },
                        {
                          "Worker Number": 1,
                          "Actual Startup Time": 118.25,
                          "Actual Total Time": 118.254,
                          "Actual Rows": 0.0,
                          "Actual Loops": 1,
                          "Shared Hit Blocks": 566,
                          "Shared Read Blocks": 2210,
                          "Shared Dirtied Blocks": 0,
                          "Shared Written Blocks": 0,
                          "Local Hit Blocks": 0,
                          "Local Read Blocks": 0,
                          "Local Dirtied Blocks": 0,
                          "Local Written Blocks": 0,
                          "Temp Read Blocks": 0,
                          "Temp Written Blocks": 0
                        }
                      ],
                      "Plans": [
                        {
                          "Node Type": "Nested Loop",
                          "Parent Relationship": "Outer",
                          "Parallel Aware": false,
                          "Async Capable": false,
                          "Join Type": "Inner",
                          "Startup Cost": 2.86,
                          "Total Cost": 18511.82,
                          "Plan Rows": 13964,
                          "Plan Width": 36,
                          "Actual Startup Time": 121.644,
                          "Actual Total Time": 121.714,
                          "Actual Rows": 33.33,
                          "Actual Loops": 3,
                          "Disabled": false,
                          "Output": [
                            "mi_idx.movie_id",
                            "mc.note",
                            "mc.company_type_id",
                            "mc.movie_id"
                          ],
                          "Inner Unique": false,
                          "Shared Hit Blocks": 1744,
                          "Shared Read Blocks": 6276,
                          "Shared Dirtied Blocks": 0,
                          "Shared Written Blocks": 0,
                          "Local Hit Blocks": 0,
                          "Local Read Blocks": 0,
                          "Local Dirtied Blocks": 0,
                          "Local Written Blocks": 0,
                          "Temp Read Blocks": 0,
                          "Temp Written Blocks": 0,
                          "Workers": [
                            {
                              "Worker Number": 0,
                              "Actual Startup Time": 117.315,
                              "Actual Total Time": 117.52,
                              "Actual Rows": 100.0,
                              "Actual Loops": 1,
                              "Shared Hit Blocks": 602,
                              "Shared Read Blocks": 1762,
                              "Shared Dirtied Blocks": 0,
                              "Shared Written Blocks": 0,
                              "Local Hit Blocks": 0,
                              "Local Read Blocks": 0,
                              "Local Dirtied Blocks": 0,
                              "Local Written Blocks": 0,
                              "Temp Read Blocks": 0,
                              "Temp Written Blocks": 0
                            },
                            {
                              "Worker Number": 1,
                              "Actual Startup Time": 118.249,
                              "Actual Total Time": 118.251,
                              "Actual Rows": 0.0,
                              "Actual Loops": 1,
                              "Shared Hit Blocks": 566,
                              "Shared Read Blocks": 2210,
                              "Shared Dirtied Blocks": 0,
                              "Shared Written Blocks": 0,
                              "Local Hit Blocks": 0,
                              "Local Read Blocks": 0,
                              "Local Dirtied Blocks": 0,
                              "Local Written Blocks": 0,
                              "Temp Read Blocks": 0,
                              "Temp Written Blocks": 0
                            }
                          ],
                          "Plans": [
                            {
                              "Node Type": "Hash Join",
                              "Parent Relationship": "Outer",
                              "Parallel Aware": false,
                              "Async Capable": false,
                              "Join Type": "Inner",
                              "Startup Cost": 2.43,
                              "Total Cost": 15286.6,
                              "Plan Rows": 5089,
                              "Plan Width": 4,
                              "Actual Startup Time": 121.618,
                              "Actual Total Time": 121.623,
                              "Actual Rows": 3.33,
                              "Actual Loops": 3,
                              "Disabled": false,
                              "Output": [
                                "mi_idx.movie_id"
                              ],
                              "Inner Unique": true,
                              "Hash Cond": "(mi_idx.info_type_id = it.id)",
                              "Shared Hit Blocks": 1695,
                              "Shared Read Blocks": 6276,
                              "Shared Dirtied Blocks": 0,
                              "Shared Written Blocks": 0,
                              "Local Hit Blocks": 0,
                              "Local Read Blocks": 0,
                              "Local Dirtied Blocks": 0,
                              "Local Written Blocks": 0,
                              "Temp Read Blocks": 0,
                              "Temp Written Blocks": 0,
                              "Workers": [
                                {
                                  "Worker Number": 0,
                                  "Actual Startup Time": 117.238,
                                  "Actual Total Time": 117.246,
                                  "Actual Rows": 10.0,
                                  "Actual Loops": 1,
                                  "Shared Hit Blocks": 553,
                                  "Shared Read Blocks": 1762,
                                  "Shared Dirtied Blocks": 0,
                                  "Shared Written Blocks": 0,
                                  "Local Hit Blocks": 0,
                                  "Local Read Blocks": 0,
                                  "Local Dirtied Blocks": 0,
                                  "Local Written Blocks": 0,
                                  "Temp Read Blocks": 0,
                                  "Temp Written Blocks": 0
                                },
                                {
                                  "Worker Number": 1,
                                  "Actual Startup Time": 118.249,
                                  "Actual Total Time": 118.25,
                                  "Actual Rows": 0.0,
                                  "Actual Loops": 1,
                                  "Shared Hit Blocks": 566,
                                  "Shared Read Blocks": 2210,
                                  "Shared Dirtied Blocks": 0,
                                  "Shared Written Blocks": 0,
                                  "Local Hit Blocks": 0,
                                  "Local Read Blocks": 0,
                                  "Local Dirtied Blocks": 0,
                                  "Local Written Blocks": 0,
                                  "Temp Read Blocks": 0,
                                  "Temp Written Blocks": 0
                                }
                              ],
                              "Plans": [
                                {
                                  "Node Type": "Seq Scan",
                                  "Parent Relationship": "Outer",
                                  "Parallel Aware": true,
                                  "Async Capable": false,
                                  "Relation Name": "movie_info_idx",
                                  "Schema": "public",
                                  "Alias": "mi_idx",
                                  "Startup Cost": 0.0,
                                  "Total Cost": 13718.15,
                                  "Plan Rows": 575015,
                                  "Plan Width": 8,
                                  "Actual Startup Time": 8.156,
                                  "Actual Total Time": 91.685,
                                  "Actual Rows": 460011.67,
                                  "Actual Loops": 3,
                                  "Disabled": false,
                                  "Output": [
                                    "mi_idx.id",
                                    "mi_idx.movie_id",
                                    "mi_idx.info_type_id",
                                    "mi_idx.info",
                                    "mi_idx.note"
                                  ],
                                  "Shared Hit Blocks": 1692,
                                  "Shared Read Blocks": 6276,
                                  "Shared Dirtied Blocks": 0,
                                  "Shared Written Blocks": 0,
                                  "Local Hit Blocks": 0,
                                  "Local Read Blocks": 0,
                                  "Local Dirtied Blocks": 0,
                                  "Local Written Blocks": 0,
                                  "Temp Read Blocks": 0,
                                  "Temp Written Blocks": 0,
                                  "Workers": [
                                    {
                                      "Worker Number": 0,
                                      "Actual Startup Time": 23.808,
                                      "Actual Total Time": 101.965,
                                      "Actual Rows": 402159.0,
                                      "Actual Loops": 1,
                                      "Shared Hit Blocks": 552,
                                      "Shared Read Blocks": 1762,
                                      "Shared Dirtied Blocks": 0,
                                      "Shared Written Blocks": 0,
                                      "Local Hit Blocks": 0,
                                      "Local Read Blocks": 0,
                                      "Local Dirtied Blocks": 0,
                                      "Local Written Blocks": 0,
                                      "Temp Read Blocks": 0,
                                      "Temp Written Blocks": 0
                                    },
                                    {
                                      "Worker Number": 1,
                                      "Actual Startup Time": 0.581,
                                      "Actual Total Time": 84.161,
                                      "Actual Rows": 479547.0,
                                      "Actual Loops": 1,
                                      "Shared Hit Blocks": 565,
                                      "Shared Read Blocks": 2210,
                                      "Shared Dirtied Blocks": 0,
                                      "Shared Written Blocks": 0,
                                      "Local Hit Blocks": 0,
                                      "Local Read Blocks": 0,
                                      "Local Dirtied Blocks": 0,
                                      "Local Written Blocks": 0,
                                      "Temp Read Blocks": 0,
                                      "Temp Written Blocks": 0
                                    }
                                  ],
                                  "actual_scan_in_card": 1380035,
                                  "ius": [
                                    {
                                      "name": "mi_idx.id",
                                      "bytes": 8
                                    },
                                    {
                                      "name": "mi_idx.movie_id",
                                      "bytes": 8
                                    },
                                    {
                                      "name": "mi_idx.info_type_id",
                                      "bytes": 8
                                    },
                                    {
                                      "name": "mi_idx.info",
                                      "bytes": 8
                                    },
                                    {
                                      "name": "mi_idx.note",
                                      "bytes": 8
                                    }
                                  ]
                                },
                                {
                                  "Node Type": "Hash",
                                  "Parent Relationship": "Inner",
                                  "Parallel Aware": false,
                                  "Async Capable": false,
                                  "Startup Cost": 2.41,
                                  "Total Cost": 2.41,
                                  "Plan Rows": 1,
                                  "Plan Width": 4,
                                  "Actual Startup Time": 0.116,
                                  "Actual Total Time": 0.116,
                                  "Actual Rows": 1.0,
                                  "Actual Loops": 3,
                                  "Disabled": false,
                                  "Output": [
                                    "it.id"
                                  ],
                                  "Hash Buckets": 1024,
                                  "Original Hash Buckets": 1024,
                                  "Hash Batches": 1,
                                  "Original Hash Batches": 1,
                                  "Peak Memory Usage": 9,
                                  "Shared Hit Blocks": 3,
                                  "Shared Read Blocks": 0,
                                  "Shared Dirtied Blocks": 0,
                                  "Shared Written Blocks": 0,
                                  "Local Hit Blocks": 0,
                                  "Local Read Blocks": 0,
                                  "Local Dirtied Blocks": 0,
                                  "Local Written Blocks": 0,
                                  "Temp Read Blocks": 0,
                                  "Temp Written Blocks": 0,
                                  "Workers": [
                                    {
                                      "Worker Number": 0,
                                      "Actual Startup Time": 0.206,
                                      "Actual Total Time": 0.207,
                                      "Actual Rows": 1.0,
                                      "Actual Loops": 1,
                                      "Shared Hit Blocks": 1,
                                      "Shared Read Blocks": 0,
                                      "Shared Dirtied Blocks": 0,
                                      "Shared Written Blocks": 0,
                                      "Local Hit Blocks": 0,
                                      "Local Read Blocks": 0,
                                      "Local Dirtied Blocks": 0,
                                      "Local Written Blocks": 0,
                                      "Temp Read Blocks": 0,
                                      "Temp Written Blocks": 0
                                    },
                                    {
                                      "Worker Number": 1,
                                      "Actual Startup Time": 0.115,
                                      "Actual Total Time": 0.115,
                                      "Actual Rows": 1.0,
                                      "Actual Loops": 1,
                                      "Shared Hit Blocks": 1,
                                      "Shared Read Blocks": 0,
                                      "Shared Dirtied Blocks": 0,
                                      "Shared Written Blocks": 0,
                                      "Local Hit Blocks": 0,
                                      "Local Read Blocks": 0,
                                      "Local Dirtied Blocks": 0,
                                      "Local Written Blocks": 0,
                                      "Temp Read Blocks": 0,
                                      "Temp Written Blocks": 0
                                    }
                                  ],
                                  "Plans": [
                                    {
                                      "Node Type": "Seq Scan",
                                      "Parent Relationship": "Outer",
                                      "Parallel Aware": false,
                                      "Async Capable": false,
                                      "Relation Name": "info_type",
                                      "Schema": "public",
                                      "Alias": "it",
                                      "Startup Cost": 0.0,
                                      "Total Cost": 2.41,
                                      "Plan Rows": 1,
                                      "Plan Width": 4,
                                      "Actual Startup Time": 0.107,
                                      "Actual Total Time": 0.108,
                                      "Actual Rows": 1.0,
                                      "Actual Loops": 3,
                                      "Disabled": false,
                                      "Output": [
                                        "it.id"
                                      ],
                                      "Filter": "((it.info)::text = 'bottom 10 rank'::text)",
                                      "Rows Removed by Filter": 112,
                                      "Shared Hit Blocks": 3,
                                      "Shared Read Blocks": 0,
                                      "Shared Dirtied Blocks": 0,
                                      "Shared Written Blocks": 0,
                                      "Local Hit Blocks": 0,
                                      "Local Read Blocks": 0,
                                      "Local Dirtied Blocks": 0,
                                      "Local Written Blocks": 0,
                                      "Temp Read Blocks": 0,
                                      "Temp Written Blocks": 0,
                                      "Workers": [
                                        {
                                          "Worker Number": 0,
                                          "Actual Startup Time": 0.196,
                                          "Actual Total Time": 0.196,
                                          "Actual Rows": 1.0,
                                          "Actual Loops": 1,
                                          "Shared Hit Blocks": 1,
                                          "Shared Read Blocks": 0,
                                          "Shared Dirtied Blocks": 0,
                                          "Shared Written Blocks": 0,
                                          "Local Hit Blocks": 0,
                                          "Local Read Blocks": 0,
                                          "Local Dirtied Blocks": 0,
                                          "Local Written Blocks": 0,
                                          "Temp Read Blocks": 0,
                                          "Temp Written Blocks": 0
                                        },
                                        {
                                          "Worker Number": 1,
                                          "Actual Startup Time": 0.106,
                                          "Actual Total Time": 0.107,
                                          "Actual Rows": 1.0,
                                          "Actual Loops": 1,
                                          "Shared Hit Blocks": 1,
                                          "Shared Read Blocks": 0,
                                          "Shared Dirtied Blocks": 0,
                                          "Shared Written Blocks": 0,
                                          "Local Hit Blocks": 0,
                                          "Local Read Blocks": 0,
                                          "Local Dirtied Blocks": 0,
                                          "Local Written Blocks": 0,
                                          "Temp Read Blocks": 0,
                                          "Temp Written Blocks": 0
                                        }
                                      ],
                                      "actual_scan_in_card": 113,
                                      "actual_funnel_counts": [
                                        113,
                                        1
                                      ],
                                      "component_selectivity": {
                                        "compare_selectivity": 0.008849557522123894
                                      },
                                      "ius": [
                                        {
                                          "name": "it.id",
                                          "bytes": 8
                                        }
                                      ]
                                    }
                                  ],
                                  "ius": [
                                    {
                                      "name": "it.id",
                                      "bytes": 8
                                    }
                                  ]
                                }
                              ],
                              "ius": [
                                {
                                  "name": "mi_idx.movie_id",
                                  "bytes": 8
                                }
                              ]
                            },
                            {
                              "Node Type": "Index Scan",
                              "Parent Relationship": "Inner",
                              "Parallel Aware": false,
                              "Async Capable": false,
                              "Scan Direction": "Forward",
                              "Index Name": "movie_id_movie_companies",
                              "Relation Name": "movie_companies",
                              "Schema": "public",
                              "Alias": "mc",
                              "Startup Cost": 0.43,
                              "Total Cost": 0.6,
                              "Plan Rows": 3,
                              "Plan Width": 32,
                              "Actual Startup Time": 0.02,
                              "Actual Total Time": 0.026,
                              "Actual Rows": 10.0,
                              "Actual Loops": 10,
                              "Disabled": false,
                              "Output": [
                                "mc.id",
                                "mc.movie_id",
                                "mc.company_id",
                                "mc.company_type_id",
                                "mc.note"
                              ],
                              "Index Cond": "(mc.movie_id = mi_idx.movie_id)",
                              "Rows Removed by Index Recheck": 0,
                              "Filter": "(mc.note !~~ '%(as Metro-Goldwyn-Mayer Pictures)%'::text)",
                              "Rows Removed by Filter": 2,
                              "Index Searches": 10,
                              "Shared Hit Blocks": 49,
                              "Shared Read Blocks": 0,
                              "Shared Dirtied Blocks": 0,
                              "Shared Written Blocks": 0,
                              "Local Hit Blocks": 0,
                              "Local Read Blocks": 0,
                              "Local Dirtied Blocks": 0,
                              "Local Written Blocks": 0,
                              "Temp Read Blocks": 0,
                              "Temp Written Blocks": 0,
                              "Workers": [
                                {
                                  "Worker Number": 0,
                                  "Actual Startup Time": 0.02,
                                  "Actual Total Time": 0.026,
                                  "Actual Rows": 10.0,
                                  "Actual Loops": 10,
                                  "Shared Hit Blocks": 49,
                                  "Shared Read Blocks": 0,
                                  "Shared Dirtied Blocks": 0,
                                  "Shared Written Blocks": 0,
                                  "Local Hit Blocks": 0,
                                  "Local Read Blocks": 0,
                                  "Local Dirtied Blocks": 0,
                                  "Local Written Blocks": 0,
                                  "Temp Read Blocks": 0,
                                  "Temp Written Blocks": 0
                                }
                              ],
                              "actual_scan_in_card": 2609129,
                              "actual_funnel_counts": [
                                2609129,
                                1337088
                              ],
                              "component_selectivity": {
                                "expression_selectivity": 0.5124652709774028
                              },
                              "ius": [
                                {
                                  "name": "mc.id",
                                  "bytes": 8
                                },
                                {
                                  "name": "mc.movie_id",
                                  "bytes": 8
                                },
                                {
                                  "name": "mc.company_id",
                                  "bytes": 8
                                },
                                {
                                  "name": "mc.company_type_id",
                                  "bytes": 8
                                },
                                {
                                  "name": "mc.note",
                                  "bytes": 8
                                }
                              ]
                            }
                          ],
                          "ius": [
                            {
                              "name": "mi_idx.movie_id",
                              "bytes": 9
                            },
                            {
                              "name": "mc.note",
                              "bytes": 9
                            },
                            {
                              "name": "mc.company_type_id",
                              "bytes": 9
                            },
                            {
                              "name": "mc.movie_id",
                              "bytes": 9
                            }
                          ]
                        },
                        {
                          "Node Type": "Hash",
                          "Parent Relationship": "Inner",
                          "Parallel Aware": false,
                          "Async Capable": false,
                          "Startup Cost": 18.88,
                          "Total Cost": 18.88,
                          "Plan Rows": 4,
                          "Plan Width": 4,
                          "Actual Startup Time": 0.083,
                          "Actual Total Time": 0.084,
                          "Actual Rows": 1.0,
                          "Actual Loops": 1,
                          "Disabled": false,
                          "Output": [
                            "ct.id"
                          ],
                          "Hash Buckets": 1024,
                          "Original Hash Buckets": 1024,
                          "Hash Batches": 1,
                          "Original Hash Batches": 1,
                          "Peak Memory Usage": 9,
                          "Shared Hit Blocks": 1,
                          "Shared Read Blocks": 0,
                          "Shared Dirtied Blocks": 0,
                          "Shared Written Blocks": 0,
                          "Local Hit Blocks": 0,
                          "Local Read Blocks": 0,
                          "Local Dirtied Blocks": 0,
                          "Local Written Blocks": 0,
                          "Temp Read Blocks": 0,
                          "Temp Written Blocks": 0,
                          "Workers": [
                            {
                              "Worker Number": 0,
                              "Actual Startup Time": 0.083,
                              "Actual Total Time": 0.084,
                              "Actual Rows": 1.0,
                              "Actual Loops": 1,
                              "Shared Hit Blocks": 1,
                              "Shared Read Blocks": 0,
                              "Shared Dirtied Blocks": 0,
                              "Shared Written Blocks": 0,
                              "Local Hit Blocks": 0,
                              "Local Read Blocks": 0,
                              "Local Dirtied Blocks": 0,
                              "Local Written Blocks": 0,
                              "Temp Read Blocks": 0,
                              "Temp Written Blocks": 0
                            }
                          ],
                          "Plans": [
                            {
                              "Node Type": "Seq Scan",
                              "Parent Relationship": "Outer",
                              "Parallel Aware": false,
                              "Async Capable": false,
                              "Relation Name": "company_type",
                              "Schema": "public",
                              "Alias": "ct",
                              "Startup Cost": 0.0,
                              "Total Cost": 18.88,
                              "Plan Rows": 4,
                              "Plan Width": 4,
                              "Actual Startup Time": 0.065,
                              "Actual Total Time": 0.066,
                              "Actual Rows": 1.0,
                              "Actual Loops": 1,
                              "Disabled": false,
                              "Output": [
                                "ct.id"
                              ],
                              "Filter": "((ct.kind)::text = 'production companies'::text)",
                              "Rows Removed by Filter": 3,
                              "Shared Hit Blocks": 1,
                              "Shared Read Blocks": 0,
                              "Shared Dirtied Blocks": 0,
                              "Shared Written Blocks": 0,
                              "Local Hit Blocks": 0,
                              "Local Read Blocks": 0,
                              "Local Dirtied Blocks": 0,
                              "Local Written Blocks": 0,
                              "Temp Read Blocks": 0,
                              "Temp Written Blocks": 0,
                              "Workers": [
                                {
                                  "Worker Number": 0,
                                  "Actual Startup Time": 0.065,
                                  "Actual Total Time": 0.066,
                                  "Actual Rows": 1.0,
                                  "Actual Loops": 1,
                                  "Shared Hit Blocks": 1,
                                  "Shared Read Blocks": 0,
                                  "Shared Dirtied Blocks": 0,
                                  "Shared Written Blocks": 0,
                                  "Local Hit Blocks": 0,
                                  "Local Read Blocks": 0,
                                  "Local Dirtied Blocks": 0,
                                  "Local Written Blocks": 0,
                                  "Temp Read Blocks": 0,
                                  "Temp Written Blocks": 0
                                }
                              ],
                              "actual_scan_in_card": 4,
                              "actual_funnel_counts": [
                                4,
                                1
                              ],
                              "component_selectivity": {
                                "compare_selectivity": 0.25
                              },
                              "ius": [
                                {
                                  "name": "ct.id",
                                  "bytes": 8
                                }
                              ]
                            }
                          ],
                          "ius": [
                            {
                              "name": "ct.id",
                              "bytes": 8
                            }
                          ]
                        }
                      ],
                      "ius": [
                        {
                          "name": "mc.note",
                          "bytes": 10
                        },
                        {
                          "name": "mc.movie_id",
                          "bytes": 10
                        },
                        {
                          "name": "mi_idx.movie_id",
                          "bytes": 10
                        }
                      ]
                    },
                    {
                      "Node Type": "Index Scan",
                      "Parent Relationship": "Inner",
                      "Parallel Aware": false,
                      "Async Capable": false,
                      "Scan Direction": "Forward",
                      "Index Name": "title_pkey",
                      "Relation Name": "title",
                      "Schema": "public",
                      "Alias": "t",
                      "Startup Cost": 0.43,
                      "Total Cost": 0.58,
                      "Plan Rows": 1,
                      "Plan Width": 25,
                      "Actual Startup Time": 0.015,
                      "Actual Total Time": 0.015,
                      "Actual Rows": 0.8,
                      "Actual Loops": 5,
                      "Disabled": false,
                      "Output": [
                        "t.id",
                        "t.title",
                        "t.imdb_index",
                        "t.kind_id",
                        "t.production_year",
                        "t.imdb_id",
                        "t.phonetic_code",
                        "t.episode_of_id",
                        "t.season_nr",
                        "t.episode_nr",
                        "t.series_years",
                        "t.md5sum"
                      ],
                      "Index Cond": "(t.id = mc.movie_id)",
                      "Rows Removed by Index Recheck": 0,
                      "Filter": "(t.production_year > 2000)",
                      "Rows Removed by Filter": 0,
                      "Index Searches": 5,
                      "Shared Hit Blocks": 21,
                      "Shared Read Blocks": 0,
                      "Shared Dirtied Blocks": 0,
                      "Shared Written Blocks": 0,
                      "Local Hit Blocks": 0,
                      "Local Read Blocks": 0,
                      "Local Dirtied Blocks": 0,
                      "Local Written Blocks": 0,
                      "Temp Read Blocks": 0,
                      "Temp Written Blocks": 0,
                      "Workers": [
                        {
                          "Worker Number": 0,
                          "Actual Startup Time": 0.015,
                          "Actual Total Time": 0.015,
                          "Actual Rows": 0.8,
                          "Actual Loops": 5,
                          "Shared Hit Blocks": 21,
                          "Shared Read Blocks": 0,
                          "Shared Dirtied Blocks": 0,
                          "Shared Written Blocks": 0,
                          "Local Hit Blocks": 0,
                          "Local Read Blocks": 0,
                          "Local Dirtied Blocks": 0,
                          "Local Written Blocks": 0,
                          "Temp Read Blocks": 0,
                          "Temp Written Blocks": 0
                        }
                      ],
                      "actual_scan_in_card": 2528312,
                      "actual_funnel_counts": [
                        2528312,
                        1381453
                      ],
                      "component_selectivity": {
                        "compare_selectivity": 0.5463934039786229
                      },
                      "ius": [
                        {
                          "name": "t.id",
                          "bytes": 8
                        },
                        {
                          "name": "t.title",
                          "bytes": 8
                        },
                        {
                          "name": "t.imdb_index",
                          "bytes": 8
                        },
                        {
                          "name": "t.kind_id",
                          "bytes": 8
                        },
                        {
                          "name": "t.production_year",
                          "bytes": 8
                        },
                        {
                          "name": "t.imdb_id",
                          "bytes": 8
                        },
                        {
                          "name": "t.phonetic_code",
                          "bytes": 8
                        },
                        {
                          "name": "t.episode_of_id",
                          "bytes": 8
                        },
                        {
                          "name": "t.season_nr",
                          "bytes": 8
                        },
                        {
                          "name": "t.episode_nr",
                          "bytes": 8
                        },
                        {
                          "name": "t.series_years",
                          "bytes": 8
                        },
                        {
                          "name": "t.md5sum",
                          "bytes": 8
                        }
                      ]
                    }
                  ],
                  "ius": [
                    {
                      "name": "mc.note",
                      "bytes": 15
                    },
                    {
                      "name": "t.title",
                      "bytes": 15
                    },
                    {
                      "name": "t.production_year",
                      "bytes": 15
                    }
                  ]
                }
              ],
              "ius": [
                {
                  "name": "PARTIAL min(mc.note)",
                  "bytes": 22
                },
                {
                  "name": "PARTIAL min(t.title)",
                  "bytes": 22
                },
                {
                  "name": "PARTIAL min(t.production_year)",
                  "bytes": 22
                }
              ]
            }
          ],
          "ius": [
            {
              "name": "(PARTIAL min(mc.note))",
              "bytes": 22
            },
            {
              "name": "(PARTIAL min(t.title))",
              "bytes": 22
            },
            {
              "name": "(PARTIAL min(t.production_year))",
              "bytes": 22
            }
          ]
        }
      ],
      "ius": [
        {
          "name": "min(mc.note)",
          "bytes": 22
        },
        {
          "name": "min(t.title)",
          "bytes": 22
        },
        {
          "name": "min(t.production_year)",
          "bytes": 22
        }
      ]
    },
    "Planning": {
      "Shared Hit Blocks": 50,
      "Shared Read Blocks": 0,
      "Shared Dirtied Blocks": 0,
      "Shared Written Blocks": 0,
      "Local Hit Blocks": 0,
      "Local Read Blocks": 0,
      "Local Dirtied Blocks": 0,
      "Local Written Blocks": 0,
      "Temp Read Blocks": 0,
      "Temp Written Blocks": 0
    },
    "Planning Time": 2.301,
    "Triggers": [],
    "Execution Time": 131.177
  }
]