[
  {
    "Plan": {
      "Node Type": "Aggregate",
      "Strategy": "Plain",
      "Partial Mode": "Simple",
      "Parallel Aware": false,
      "Async Capable": false,
      "Startup Cost": 3856.06,
      "Total Cost": 3856.07,
      "Plan Rows": 1,
      "Plan Width": 64,
      "Actual Startup Time": 11080.599,
      "Actual Total Time": 11080.616,
      "Actual Rows": 1.0,
      "Actual Loops": 1,
      "Disabled": false,
      "Output": [
        "min((kt.kind)::text)",
        "min(t.title)"
      ],
      "Shared Hit Blocks": 129200,
      "Shared Read Blocks": 87904,
      "Shared Dirtied Blocks": 0,
      "Shared Written Blocks": 0,
      "Local Hit Blocks": 0,
      "Local Read Blocks": 0,
      "Local Dirtied Blocks": 0,
      "Local Written Blocks": 0,
      "Temp Read Blocks": 0,
      "Temp Written Blocks": 0,
      "Plans": [
        {
          "Node Type": "Nested Loop",
          "Parent Relationship": "Outer",
          "Parallel Aware": false,
          "Async Capable": false,
          "Join Type": "Inner",
          "Startup Cost": 21.95,
          "Total Cost": 3856.06,
          "Plan Rows": 1,
          "Plan Width": 65,
          "Actual Startup Time": 1419.918,
          "Actual Total Time": 11080.364,
          "Actual Rows": 628.0,
          "Actual Loops": 1,
          "Disabled": false,
          "Output": [
            "kt.kind",
            "t.title"
          ],
          "Inner Unique": true,
          "Shared Hit Blocks": 129200,
          "Shared Read Blocks": 87904,
          "Shared Dirtied Blocks": 0,
          "Shared Written Blocks": 0,
          "Local Hit Blocks": 0,
          "Local Read Blocks": 0,
          "Local Dirtied Blocks": 0,
          "Local Written Blocks": 0,
          "Temp Read Blocks": 0,
          "Temp Written Blocks": 0,
          "Plans": [
            {
              "Node Type": "Nested Loop",
              "Parent Relationship": "Outer",
              "Parallel Aware": false,
              "Async Capable": false,
              "Join Type": "Inner",
              "Startup Cost": 21.52,
              "Total Cost": 3855.62,
              "Plan Rows": 1,
              "Plan Width": 69,
              "Actual Startup Time": 1419.863,
              "Actual Total Time": 11040.583,
              "Actual Rows": 628.0,
              "Actual Loops": 1,
              "Disabled": false,
              "Output": [
                "mk.keyword_id",
                "t.title",
                "kt.kind"
              ],
              "Inner Unique": true,
              "Shared Hit Blocks": 127506,
              "Shared Read Blocks": 87713,
              "Shared Dirtied Blocks": 0,
              "Shared Written Blocks": 0,
              "Local Hit Blocks": 0,
              "Local Read Blocks": 0,
              "Local Dirtied Blocks": 0,
              "Local Written Blocks": 0,
              "Temp Read Blocks": 0,
              "Temp Written Blocks": 0,
              "Plans": [
                {
                  "Node Type": "Nested Loop",
                  "Parent Relationship": "Outer",
                  "Parallel Aware": false,
                  "Async Capable": false,
                  "Join Type": "Inner",
                  "Startup Cost": 21.38,
                  "Total Cost": 3855.32,
                  "Plan Rows": 1,
                  "Plan Width": 73,
                  "Actual Startup Time": 1419.835,
                  "Actual Total Time": 11039.043,
                  "Actual Rows": 628.0,
                  "Actual Loops": 1,
                  "Disabled": false,
                  "Output": [
                    "mi.info_type_id",
                    "mk.keyword_id",
                    "t.title",
                    "kt.kind"
                  ],
                  "Inner Unique": true,
                  "Shared Hit Blocks": 126251,
                  "Shared Read Blocks": 87712,
                  "Shared Dirtied Blocks": 0,
                  "Shared Written Blocks": 0,
                  "Local Hit Blocks": 0,
                  "Local Read Blocks": 0,
                  "Local Dirtied Blocks": 0,
                  "Local Written Blocks": 0,
                  "Temp Read Blocks": 0,
                  "Temp Written Blocks": 0,
                  "Plans": [
                    {
                      "Node Type": "Nested Loop",
                      "Parent Relationship": "Outer",
                      "Parallel Aware": false,
                      "Async Capable": false,
                      "Join Type": "Inner",
                      "Startup Cost": 21.23,
                      "Total Cost": 3855.16,
                      "Plan Rows": 1,
                      "Plan Width": 77,
                      "Actual Startup Time": 1419.608,
                      "Actual Total Time": 11037.422,
                      "Actual Rows": 628.0,
                      "Actual Loops": 1,
                      "Disabled": false,
                      "Output": [
                        "mc.company_type_id",
                        "mi.info_type_id",
                        "mk.keyword_id",
                        "t.title",
                        "kt.kind"
                      ],
                      "Inner Unique": true,
                      "Shared Hit Blocks": 124996,
                      "Shared Read Blocks": 87711,
                      "Shared Dirtied Blocks": 0,
                      "Shared Written Blocks": 0,
                      "Local Hit Blocks": 0,
                      "Local Read Blocks": 0,
                      "Local Dirtied Blocks": 0,
                      "Local Written Blocks": 0,
                      "Temp Read Blocks": 0,
                      "Temp Written Blocks": 0,
                      "Plans": [
                        {
                          "Node Type": "Nested Loop",
                          "Parent Relationship": "Outer",
                          "Parallel Aware": false,
                          "Async Capable": false,
                          "Join Type": "Inner",
                          "Startup Cost": 20.81,
                          "Total Cost": 3854.71,
                          "Plan Rows": 1,
                          "Plan Width": 81,
                          "Actual Startup Time": 1419.306,
                          "Actual Total Time": 11031.617,
                          "Actual Rows": 628.0,
                          "Actual Loops": 1,
                          "Disabled": false,
                          "Output": [
                            "mc.company_id",
                            "mc.company_type_id",
                            "mi.info_type_id",
                            "mk.keyword_id",
                            "t.title",
                            "kt.kind"
                          ],
                          "Inner Unique": false,
                          "Join Filter": "(mc.movie_id = t.id)",
                          "Rows Removed by Join Filter": 0,
                          "Shared Hit Blocks": 122496,
                          "Shared Read Blocks": 87699,
                          "Shared Dirtied Blocks": 0,
                          "Shared Written Blocks": 0,
                          "Local Hit Blocks": 0,
                          "Local Read Blocks": 0,
                          "Local Dirtied Blocks": 0,
                          "Local Written Blocks": 0,
                          "Temp Read Blocks": 0,
                          "Temp Written Blocks": 0,
                          "Plans": [
                            {
                              "Node Type": "Nested Loop",
                              "Parent Relationship": "Outer",
                              "Parallel Aware": false,
                              "Async Capable": false,
                              "Join Type": "Inner",
                              "Startup Cost": 20.38,
                              "Total Cost": 3854.11,
                              "Plan Rows": 1,
                              "Plan Width": 89,
                              "Actual Startup Time": 1415.361,
                              "Actual Total Time": 11022.669,
                              "Actual Rows": 625.0,
                              "Actual Loops": 1,
                              "Disabled": false,
                              "Output": [
                                "cc.movie_id",
                                "mi.movie_id",
                                "mi.info_type_id",
                                "mk.movie_id",
                                "mk.keyword_id",
                                "t.title",
                                "t.id",
                                "kt.kind"
                              ],
                              "Inner Unique": false,
                              "Shared Hit Blocks": 120004,
                              "Shared Read Blocks": 87688,
                              "Shared Dirtied Blocks": 0,
                              "Shared Written Blocks": 0,
                              "Local Hit Blocks": 0,
                              "Local Read Blocks": 0,
                              "Local Dirtied Blocks": 0,
                              "Local Written Blocks": 0,
                              "Temp Read Blocks": 0,
                              "Temp Written Blocks": 0,
                              "Plans": [
                                {
                                  "Node Type": "Nested Loop",
                                  "Parent Relationship": "Outer",
                                  "Parallel Aware": false,
                                  "Async Capable": false,
                                  "Join Type": "Inner",
                                  "Startup Cost": 19.95,
                                  "Total Cost": 3852.33,
                                  "Plan Rows": 1,
                                  "Plan Width": 81,
                                  "Actual Startup Time": 1413.858,
                                  "Actual Total Time": 11018.761,
                                  "Actual Rows": 6.0,
                                  "Actual Loops": 1,
                                  "Disabled": false,
                                  "Output": [
                                    "cc.movie_id",
                                    "mi.movie_id",
                                    "mi.info_type_id",
                                    "t.title",
                                    "t.id",
                                    "kt.kind"
                                  ],
                                  "Inner Unique": false,
                                  "Shared Hit Blocks": 119991,
                                  "Shared Read Blocks": 87673,
                                  "Shared Dirtied Blocks": 0,
                                  "Shared Written Blocks": 0,
                                  "Local Hit Blocks": 0,
                                  "Local Read Blocks": 0,
                                  "Local Dirtied Blocks": 0,
                                  "Local Written Blocks": 0,
                                  "Temp Read Blocks": 0,
                                  "Temp Written Blocks": 0,
                                  "Plans": [
                                    {
                                      "Node Type": "Nested Loop",
                                      "Parent Relationship": "Outer",
                                      "Parallel Aware": false,
                                      "Async Capable": false,
                                      "Join Type": "Inner",
                                      "Startup Cost": 19.52,
                                      "Total Cost": 3833.6,
                                      "Plan Rows": 10,
                                      "Plan Width": 73,
                                      "Actual Startup Time": 3.64,
                                      "Actual Total Time": 1941.48,
                                      "Actual Rows": 5053.0,
                                      "Actual Loops": 1,
                                      "Disabled": false,
                                      "Output": [
                                        "cc.movie_id",
                                        "t.title",
                                        "t.id",
                                        "kt.kind"
                                      ],
                                      "Inner Unique": true,
                                      "Shared Hit Blocks": 76529,
                                      "Shared Read Blocks": 22586,
                                      "Shared Dirtied Blocks": 0,
                                      "Shared Written Blocks": 0,
                                      "Local Hit Blocks": 0,
                                      "Local Read Blocks": 0,
                                      "Local Dirtied Blocks": 0,
                                      "Local Written Blocks": 0,
                                      "Temp Read Blocks": 0,
                                      "Temp Written Blocks": 0,
                                      "Plans": [
                                        {
                                          "Node Type": "Nested Loop",
                                          "Parent Relationship": "Outer",
                                          "Parallel Aware": false,
                                          "Async Capable": false,
                                          "Join Type": "Inner",
                                          "Startup Cost": 19.36,
                                          "Total Cost": 3819.22,
                                          "Plan Rows": 528,
                                          "Plan Width": 29,
                                          "Actual Startup Time": 3.27,
                                          "Actual Total Time": 1928.363,
                                          "Actual Rows": 6424.0,
                                          "Actual Loops": 1,
                                          "Disabled": false,
                                          "Output": [
                                            "cc.movie_id",
                                            "t.title",
                                            "t.kind_id",
                                            "t.id"
                                          ],
                                          "Inner Unique": true,
                                          "Shared Hit Blocks": 76520,
                                          "Shared Read Blocks": 22585,
                                          "Shared Dirtied Blocks": 0,
                                          "Shared Written Blocks": 0,
                                          "Local Hit Blocks": 0,
                                          "Local Read Blocks": 0,
                                          "Local Dirtied Blocks": 0,
                                          "Local Written Blocks": 0,
                                          "Temp Read Blocks": 0,
                                          "Temp Written Blocks": 0,
                                          "Plans": [
                                            {
                                              "Node Type": "Hash Join",
                                              "Parent Relationship": "Outer",
                                              "Parallel Aware": false,
                                              "Async Capable": false,
                                              "Join Type": "Inner",
                                              "Startup Cost": 18.93,
                                              "Total Cost": 2462.5,
                                              "Plan Rows": 761,
                                              "Plan Width": 4,
                                              "Actual Startup Time": 1.273,
                                              "Actual Total Time": 43.786,
                                              "Actual Rows": 24592.0,
                                              "Actual Loops": 1,
                                              "Disabled": false,
                                              "Output": [
                                                "cc.movie_id"
                                              ],
                                              "Inner Unique": true,
                                              "Hash Cond": "(cc.status_id = cct1.id)",
                                              "Shared Hit Blocks": 0,
                                              "Shared Read Blocks": 737,
                                              "Shared Dirtied Blocks": 0,
                                              "Shared Written Blocks": 0,
                                              "Local Hit Blocks": 0,
                                              "Local Read Blocks": 0,
                                              "Local Dirtied Blocks": 0,
                                              "Local Written Blocks": 0,
                                              "Temp Read Blocks": 0,
                                              "Temp Written Blocks": 0,
                                              "Plans": [
                                                {
                                                  "Node Type": "Seq Scan",
                                                  "Parent Relationship": "Outer",
                                                  "Parallel Aware": false,
                                                  "Async Capable": false,
                                                  "Relation Name": "complete_cast",
                                                  "Schema": "public",
                                                  "Alias": "cc",
                                                  "Startup Cost": 0.0,
                                                  "Total Cost": 2086.86,
                                                  "Plan Rows": 135086,
                                                  "Plan Width": 8,
                                                  "Actual Startup Time": 0.286,
                                                  "Actual Total Time": 15.634,
                                                  "Actual Rows": 135086.0,
                                                  "Actual Loops": 1,
                                                  "Disabled": false,
                                                  "Output": [
                                                    "cc.id",
                                                    "cc.movie_id",
                                                    "cc.subject_id",
                                                    "cc.status_id"
                                                  ],
                                                  "Shared Hit Blocks": 0,
                                                  "Shared Read Blocks": 736,
                                                  "Shared Dirtied Blocks": 0,
                                                  "Shared Written Blocks": 0,
                                                  "Local Hit Blocks": 0,
                                                  "Local Read Blocks": 0,
                                                  "Local Dirtied Blocks": 0,
                                                  "Local Written Blocks": 0,
                                                  "Temp Read Blocks": 0,
                                                  "Temp Written Blocks": 0,
                                                  "actual_scan_in_card": 135086,
                                                  "ius": [
                                                    {
                                                      "name": "cc.id",
                                                      "bytes": 8
                                                    },
                                                    {
                                                      "name": "cc.movie_id",
                                                      "bytes": 8
                                                    },
                                                    {
                                                      "name": "cc.subject_id",
                                                      "bytes": 8
                                                    },
                                                    {
                                                      "name": "cc.status_id",
                                                      "bytes": 8
                                                    }
                                                  ]
                                                },
                                                {
                                                  "Node Type": "Hash",
                                                  "Parent Relationship": "Inner",
                                                  "Parallel Aware": false,
                                                  "Async Capable": false,
                                                  "Startup Cost": 18.88,
                                                  "Total Cost": 18.88,
                                                  "Plan Rows": 4,
                                                  "Plan Width": 4,
                                                  "Actual Startup Time": 0.969,
                                                  "Actual Total Time": 0.97,
                                                  "Actual Rows": 1.0,
                                                  "Actual Loops": 1,
                                                  "Disabled": false,
                                                  "Output": [
                                                    "cct1.id"
                                                  ],
                                                  "Hash Buckets": 1024,
                                                  "Original Hash Buckets": 1024,
                                                  "Hash Batches": 1,
                                                  "Original Hash Batches": 1,
                                                  "Peak Memory Usage": 9,
                                                  "Shared Hit Blocks": 0,
                                                  "Shared Read Blocks": 1,
                                                  "Shared Dirtied Blocks": 0,
                                                  "Shared Written Blocks": 0,
                                                  "Local Hit Blocks": 0,
                                                  "Local Read Blocks": 0,
                                                  "Local Dirtied Blocks": 0,
                                                  "Local Written Blocks": 0,
                                                  "Temp Read Blocks": 0,
                                                  "Temp Written Blocks": 0,
                                                  "Plans": [
                                                    {
                                                      "Node Type": "Seq Scan",
                                                      "Parent Relationship": "Outer",
                                                      "Parallel Aware": false,
                                                      "Async Capable": false,
                                                      "Relation Name": "comp_cast_type",
                                                      "Schema": "public",
                                                      "Alias": "cct1",
                                                      "Startup Cost": 0.0,
                                                      "Total Cost": 18.88,
                                                      "Plan Rows": 4,
                                                      "Plan Width": 4,
                                                      "Actual Startup Time": 0.781,
                                                      "Actual Total Time": 0.781,
                                                      "Actual Rows": 1.0,
                                                      "Actual Loops": 1,
                                                      "Disabled": false,
                                                      "Output": [
                                                        "cct1.id"
                                                      ],
                                                      "Filter": "((cct1.kind)::text = 'complete+verified'::text)",
                                                      "Rows Removed by Filter": 3,
                                                      "Shared Hit Blocks": 0,
                                                      "Shared Read Blocks": 1,
                                                      "Shared Dirtied Blocks": 0,
                                                      "Shared Written Blocks": 0,
                                                      "Local Hit Blocks": 0,
                                                      "Local Read Blocks": 0,
                                                      "Local Dirtied Blocks": 0,
                                                      "Local Written Blocks": 0,
                                                      "Temp Read Blocks": 0,
                                                      "Temp Written Blocks": 0,
                                                      "actual_scan_in_card": 4,
                                                      "actual_funnel_counts": [
                                                        4,
                                                        1
                                                      ],
                                                      "component_selectivity": {
                                                        "compare_selectivity": 0.25
                                                      },
                                                      "ius": [
                                                        {
                                                          "name": "cct1.id",
                                                          "bytes": 8
                                                        }
                                                      ]
                                                    }
                                                  ],
                                                  "ius": [
                                                    {
                                                      "name": "cct1.id",
                                                      "bytes": 8
                                                    }
                                                  ]
                                                }
                                              ],
                                              "ius": [
                                                {
                                                  "name": "cc.movie_id",
                                                  "bytes": 8
                                                }
                                              ]
                                            },
                                            {
                                              "Node Type": "Index Scan",
                                              "Parent Relationship": "Inner",
                                              "Parallel Aware": false,
                                              "Async Capable": false,
                                              "Scan Direction": "Forward",
                                              "Index Name": "title_pkey",
                                              "Relation Name": "title",
                                              "Schema": "public",
                                              "Alias": "t",
                                              "Startup Cost": 0.43,
                                              "Total Cost": 1.78,
                                              "Plan Rows": 1,
                                              "Plan Width": 25,
                                              "Actual Startup Time": 0.076,
                                              "Actual Total Time": 0.076,
                                              "Actual Rows": 0.26,
                                              "Actual Loops": 24592,
                                              "Disabled": false,
                                              "Output": [
                                                "t.id",
                                                "t.title",
                                                "t.imdb_index",
                                                "t.kind_id",
                                                "t.production_year",
                                                "t.imdb_id",
                                                "t.phonetic_code",
                                                "t.episode_of_id",
                                                "t.season_nr",
                                                "t.episode_nr",
                                                "t.series_years",
                                                "t.md5sum"
                                              ],
                                              "Index Cond": "(t.id = cc.movie_id)",
                                              "Rows Removed by Index Recheck": 0,
                                              "Filter": "(t.production_year > 1990)",
                                              "Rows Removed by Filter": 1,
                                              "Index Searches": 24592,
                                              "Shared Hit Blocks": 76520,
                                              "Shared Read Blocks": 21848,
                                              "Shared Dirtied Blocks": 0,
                                              "Shared Written Blocks": 0,
                                              "Local Hit Blocks": 0,
                                              "Local Read Blocks": 0,
                                              "Local Dirtied Blocks": 0,
                                              "Local Written Blocks": 0,
                                              "Temp Read Blocks": 0,
                                              "Temp Written Blocks": 0,
                                              "actual_scan_in_card": 2528312,
                                              "actual_funnel_counts": [
                                                2528312,
                                                1749032
                                              ],
                                              "component_selectivity": {
                                                "compare_selectivity": 0.6917785463186505
                                              },
                                              "ius": [
                                                {
                                                  "name": "t.id",
                                                  "bytes": 8
                                                },
                                                {
                                                  "name": "t.title",
                                                  "bytes": 8
                                                },
                                                {
                                                  "name": "t.imdb_index",
                                                  "bytes": 8
                                                },
                                                {
                                                  "name": "t.kind_id",
                                                  "bytes": 8
                                                },
                                                {
                                                  "name": "t.production_year",
                                                  "bytes": 8
                                                },
                                                {
                                                  "name": "t.imdb_id",
                                                  "bytes": 8
                                                },
                                                {
                                                  "name": "t.phonetic_code",
                                                  "bytes": 8
                                                },
                                                {
                                                  "name": "t.episode_of_id",
                                                  "bytes": 8
                                                },
                                                {
                                                  "name": "t.season_nr",
                                                  "bytes": 8
                                                },
                                                {
                                                  "name": "t.episode_nr",
                                                  "bytes": 8
                                                },
                                                {
                                                  "name": "t.series_years",
                                                  "bytes": 8
                                                },
                                                {
                                                  "name": "t.md5sum",
                                                  "bytes": 8
                                                }
                                              ]
                                            }
                                          ],
                                          "ius": [
                                            {
                                              "name": "cc.movie_id",
                                              "bytes": 8
                                            },
                                            {
                                              "name": "t.title",
                                              "bytes": 8
                                            },
                                            {
                                              "name": "t.kind_id",
                                              "bytes": 8
                                            },
                                            {
                                              "name": "t.id",
                                              "bytes": 8
                                            }
                                          ]
                                        },
                                        {
                                          "Node Type": "Memoize",
                                          "Parent Relationship": "Inner",
                                          "Parallel Aware": false,
                                          "Async Capable": false,
                                          "Startup Cost": 0.16,
                                          "Total Cost": 0.18,
                                          "Plan Rows": 1,
                                          "Plan Width": 52,
                                          "Actual Startup Time": 0.001,
                                          "Actual Total Time": 0.001,
                                          "Actual Rows": 0.79,
                                          "Actual Loops": 6424,
                                          "Disabled": false,
                                          "Output": [
                                            "kt.kind",
                                            "kt.id"
                                          ],
                                          "Cache Key": "t.kind_id",
                                          "Cache Mode": "logical",
                                          "Cache Hits": 6419,
                                          "Cache Misses": 5,
                                          "Cache Evictions": 0,
                                          "Cache Overflows": 0,
                                          "Peak Memory Usage": 1,
                                          "Shared Hit Blocks": 9,
                                          "Shared Read Blocks": 1,
                                          "Shared Dirtied Blocks": 0,
                                          "Shared Written Blocks": 0,
                                          "Local Hit Blocks": 0,
                                          "Local Read Blocks": 0,
                                          "Local Dirtied Blocks": 0,
                                          "Local Written Blocks": 0,
                                          "Temp Read Blocks": 0,
                                          "Temp Written Blocks": 0,
                                          "Plans": [
                                            {
                                              "Node Type": "Index Scan",
                                              "Parent Relationship": "Outer",
                                              "Parallel Aware": false,
                                              "Async Capable": false,
                                              "Scan Direction": "Forward",
                                              "Index Name": "kind_type_pkey",
                                              "Relation Name": "kind_type",
                                              "Schema": "public",
                                              "Alias": "kt",
                                              "Startup Cost": 0.15,
                                              "Total Cost": 0.17,
                                              "Plan Rows": 1,
                                              "Plan Width": 52,
                                              "Actual Startup Time": 0.077,
                                              "Actual Total Time": 0.077,
                                              "Actual Rows": 0.6,
                                              "Actual Loops": 5,
                                              "Disabled": false,
                                              "Output": [
                                                "kt.kind",
                                                "kt.id"
                                              ],
                                              "Index Cond": "(kt.id = t.kind_id)",
                                              "Rows Removed by Index Recheck": 0,
                                              "Filter": "((kt.kind)::text = ANY ('{movie,\"tv movie\",\"video movie\",\"video game\"}'::text[]))",
                                              "Rows Removed by Filter": 0,
                                              "Index Searches": 5,
                                              "Shared Hit Blocks": 9,
                                              "Shared Read Blocks": 1,
                                              "Shared Dirtied Blocks": 0,
                                              "Shared Written Blocks": 0,
                                              "Local Hit Blocks": 0,
                                              "Local Read Blocks": 0,
                                              "Local Dirtied Blocks": 0,
                                              "Local Written Blocks": 0,
                                              "Temp Read Blocks": 0,
                                              "Temp Written Blocks": 0,
                                              "actual_scan_in_card": 7,
                                              "actual_funnel_counts": [
                                                7,
                                                4
                                              ],
                                              "component_selectivity": {
                                                "compare_selectivity": 0.5714285714285714
                                              },
                                              "ius": [
                                                {
                                                  "name": "kt.kind",
                                                  "bytes": 8
                                                },
                                                {
                                                  "name": "kt.id",
                                                  "bytes": 8
                                                }
                                              ]
                                            }
                                          ],
                                          "ius": [
                                            {
                                              "name": "kt.kind",
                                              "bytes": 26
                                            },
                                            {
                                              "name": "kt.id",
                                              "bytes": 26
                                            }
                                          ]
                                        }
                                      ],
                                      "ius": [
                                        {
                                          "name": "cc.movie_id",
                                          "bytes": 18
                                        },
                                        {
                                          "name": "t.title",
                                          "bytes": 18
                                        },
                                        {
                                          "name": "t.id",
                                          "bytes": 18
                                        },
                                        {
                                          "name": "kt.kind",
                                          "bytes": 18
                                        }
                                      ]
                                    },
                                    {
                                      "Node Type": "Index Scan",
                                      "Parent Relationship": "Inner",
                                      "Parallel Aware": false,
                                      "Async Capable": false,
                                      "Scan Direction": "Forward",
                                      "Index Name": "movie_id_movie_info",
                                      "Relation Name": "movie_info",
                                      "Schema": "public",
                                      "Alias": "mi",
                                      "Startup Cost": 0.43,
                                      "Total Cost": 1.86,
                                      "Plan Rows": 1,
                                      "Plan Width": 8,
                                      "Actual Startup Time": 1.795,
                                      "Actual Total Time": 1.795,
                                      "Actual Rows": 0.0,
                                      "Actual Loops": 5053,
                                      "Disabled": false,
                                      "Output": [
                                        "mi.id",
                                        "mi.movie_id",
                                        "mi.info_type_id",
                                        "mi.info",
                                        "mi.note"
                                      ],
                                      "Index Cond": "(mi.movie_id = t.id)",
                                      "Rows Removed by Index Recheck": 0,
                                      "Filter": "((mi.note ~~ '%internet%'::text) AND ((mi.info ~~ 'USA:% 199%'::text) OR (mi.info ~~ 'USA:% 200%'::text)))",
                                      "Rows Removed by Filter": 123,
                                      "Index Searches": 5053,
                                      "Shared Hit Blocks": 43462,
                                      "Shared Read Blocks": 65087,
                                      "Shared Dirtied Blocks": 0,
                                      "Shared Written Blocks": 0,
                                      "Local Hit Blocks": 0,
                                      "Local Read Blocks": 0,
                                      "Local Dirtied Blocks": 0,
                                      "Local Written Blocks": 0,
                                      "Temp Read Blocks": 0,
                                      "Temp Written Blocks": 0,
                                      "actual_scan_in_card": 14835720,
                                      "actual_funnel_counts": [
                                        14835720,
                                        10810,
                                        1783
                                      ],
                                      "component_selectivity": {
                                        "expression_selectivity": 0.00072864680649136,
                                        "expression_selectivity_2": 0.16493987049028677
                                      },
                                      "ius": [
                                        {
                                          "name": "mi.id",
                                          "bytes": 8
                                        },
                                        {
                                          "name": "mi.movie_id",
                                          "bytes": 8
                                        },
                                        {
                                          "name": "mi.info_type_id",
                                          "bytes": 8
                                        },
                                        {
                                          "name": "mi.info",
                                          "bytes": 8
                                        },
                                        {
                                          "name": "mi.note",
                                          "bytes": 8
                                        }
                                      ]
                                    }
                                  ],
                                  "ius": [
                                    {
                                      "name": "cc.movie_id",
                                      "bytes": 13
                                    },
                                    {
                                      "name": "mi.movie_id",
                                      "bytes": 13
                                    },
                                    {
                                      "name": "mi.info_type_id",
                                      "bytes": 13
                                    },
                                    {
                                      "name": "t.title",
                                      "bytes": 13
                                    },
                                    {
                                      "name": "t.id",
                                      "bytes": 13
                                    },
                                    {
                                      "name": "kt.kind",
                                      "bytes": 13
                                    }
                                  ]
                                },
                                {
                                  "Node Type": "Index Scan",
                                  "Parent Relationship": "Inner",
                                  "Parallel Aware": false,
                                  "Async Capable": false,
                                  "Scan Direction": "Forward",
                                  "Index Name": "movie_id_movie_keyword",
                                  "Relation Name": "movie_keyword",
                                  "Schema": "public",
                                  "Alias": "mk",
                                  "Startup Cost": 0.43,
                                  "Total Cost": 1.31,
                                  "Plan Rows": 46,
                                  "Plan Width": 8,
                                  "Actual Startup Time": 0.567,
                                  "Actual Total Time": 0.61,
                                  "Actual Rows": 104.17,
                                  "Actual Loops": 6,
                                  "Disabled": false,
                                  "Output": [
                                    "mk.id",
                                    "mk.movie_id",
                                    "mk.keyword_id"
                                  ],
                                  "Index Cond": "(mk.movie_id = t.id)",
                                  "Rows Removed by Index Recheck": 0,
                                  "Index Searches": 6,
                                  "Shared Hit Blocks": 13,
                                  "Shared Read Blocks": 15,
                                  "Shared Dirtied Blocks": 0,
                                  "Shared Written Blocks": 0,
                                  "Local Hit Blocks": 0,
                                  "Local Read Blocks": 0,
                                  "Local Dirtied Blocks": 0,
                                  "Local Written Blocks": 0,
                                  "Temp Read Blocks": 0,
                                  "Temp Written Blocks": 0,
                                  "actual_scan_in_card": 4523930,
                                  "ius": [
                                    {
                                      "name": "mk.id",
                                      "bytes": 8
                                    },
                                    {
                                      "name": "mk.movie_id",
                                      "bytes": 8
                                    },
                                    {
                                      "name": "mk.keyword_id",
                                      "bytes": 8
                                    }
                                  ]
                                }
                              ],
                              "ius": [
                                {
                                  "name": "cc.movie_id",
                                  "bytes": 11
                                },
                                {
                                  "name": "mi.movie_id",
                                  "bytes": 11
                                },
                                {
                                  "name": "mi.info_type_id",
                                  "bytes": 11
                                },
                                {
                                  "name": "mk.movie_id",
                                  "bytes": 11
                                },
                                {
                                  "name": "mk.keyword_id",
                                  "bytes": 11
                                },
                                {
                                  "name": "t.title",
                                  "bytes": 11
                                },
                                {
                                  "name": "t.id",
                                  "bytes": 11
                                },
                                {
                                  "name": "kt.kind",
                                  "bytes": 11
                                }
                              ]
                            },
                            {
                              "Node Type": "Index Scan",
                              "Parent Relationship": "Inner",
                              "Parallel Aware": false,
                              "Async Capable": false,
                              "Scan Direction": "Forward",
                              "Index Name": "movie_id_movie_companies",
                              "Relation Name": "movie_companies",
                              "Schema": "public",
                              "Alias": "mc",
                              "Startup Cost": 0.43,
                              "Total Cost": 0.54,
                              "Plan Rows": 5,
                              "Plan Width": 12,
                              "Actual Startup Time": 0.013,
                              "Actual Total Time": 0.013,
                              "Actual Rows": 1.0,
                              "Actual Loops": 625,
                              "Disabled": false,
                              "Output": [
                                "mc.id",
                                "mc.movie_id",
                                "mc.company_id",
                                "mc.company_type_id",
                                "mc.note"
                              ],
                              "Index Cond": "(mc.movie_id = mk.movie_id)",
                              "Rows Removed by Index Recheck": 0,
                              "Index Searches": 625,
                              "Shared Hit Blocks": 2492,
                              "Shared Read Blocks": 11,
                              "Shared Dirtied Blocks": 0,
                              "Shared Written Blocks": 0,
                              "Local Hit Blocks": 0,
                              "Local Read Blocks": 0,
                              "Local Dirtied Blocks": 0,
                              "Local Written Blocks": 0,
                              "Temp Read Blocks": 0,
                              "Temp Written Blocks": 0,
                              "actual_scan_in_card": 2609129,
                              "ius": [
                                {
                                  "name": "mc.id",
                                  "bytes": 8
                                },
                                {
                                  "name": "mc.movie_id",
                                  "bytes": 8
                                },
                                {
                                  "name": "mc.company_id",
                                  "bytes": 8
                                },
                                {
                                  "name": "mc.company_type_id",
                                  "bytes": 8
                                },
                                {
                                  "name": "mc.note",
                                  "bytes": 8
                                }
                              ]
                            }
                          ],
                          "ius": [
                            {
                              "name": "mc.company_id",
                              "bytes": 13
                            },
                            {
                              "name": "mc.company_type_id",
                              "bytes": 13
                            },
                            {
                              "name": "mi.info_type_id",
                              "bytes": 13
                            },
                            {
                              "name": "mk.keyword_id",
                              "bytes": 13
                            },
                            {
                              "name": "t.title",
                              "bytes": 13
                            },
                            {
                              "name": "kt.kind",
                              "bytes": 13
                            }
                          ]
                        },
                        {
                          "Node Type": "Index Scan",
                          "Parent Relationship": "Inner",
                          "Parallel Aware": false,
                          "Async Capable": false,
                          "Scan Direction": "Forward",
                          "Index Name": "company_name_pkey",
                          "Relation Name": "company_name",
                          "Schema": "public",
                          "Alias": "cn",
                          "Startup Cost": 0.42,
                          "Total Cost": 0.45,
                          "Plan Rows": 1,
                          "Plan Width": 4,
                          "Actual Startup Time": 0.008,
                          "Actual Total Time": 0.008,
                          "Actual Rows": 1.0,
                          "Actual Loops": 628,
                          "Disabled": false,
                          "Output": [
                            "cn.id",
                            "cn.name",
                            "cn.country_code",
                            "cn.imdb_id",
                            "cn.name_pcode_nf",
                            "cn.name_pcode_sf",
                            "cn.md5sum"
                          ],
                          "Index Cond": "(cn.id = mc.company_id)",
                          "Rows Removed by Index Recheck": 0,
                          "Filter": "((cn.country_code)::text = '[us]'::text)",
                          "Rows Removed by Filter": 0,
                          "Index Searches": 628,
                          "Shared Hit Blocks": 2500,
                          "Shared Read Blocks": 12,
                          "Shared Dirtied Blocks": 0,
                          "Shared Written Blocks": 0,
                          "Local Hit Blocks": 0,
                          "Local Read Blocks": 0,
                          "Local Dirtied Blocks": 0,
                          "Local Written Blocks": 0,
                          "Temp Read Blocks": 0,
                          "Temp Written Blocks": 0,
                          "actual_scan_in_card": 234997,
                          "actual_funnel_counts": [
                            234997,
                            84843
                          ],
                          "component_selectivity": {
                            "compare_selectivity": 0.3610386515572539
                          },
                          "ius": [
                            {
                              "name": "cn.id",
                              "bytes": 8
                            },
                            {
                              "name": "cn.name",
                              "bytes": 8
                            },
                            {
                              "name": "cn.country_code",
                              "bytes": 8
                            },
                            {
                              "name": "cn.imdb_id",
                              "bytes": 8
                            },
                            {
                              "name": "cn.name_pcode_nf",
                              "bytes": 8
                            },
                            {
                              "name": "cn.name_pcode_sf",
                              "bytes": 8
                            },
                            {
                              "name": "cn.md5sum",
                              "bytes": 8
                            }
                          ]
                        }
                      ],
                      "ius": [
                        {
                          "name": "mc.company_type_id",
                          "bytes": 15
                        },
                        {
                          "name": "mi.info_type_id",
                          "bytes": 15
                        },
                        {
                          "name": "mk.keyword_id",
                          "bytes": 15
                        },
                        {
                          "name": "t.title",
                          "bytes": 15
                        },
                        {
                          "name": "kt.kind",
                          "bytes": 15
                        }
                      ]
                    },
                    {
                      "Node Type": "Index Only Scan",
                      "Parent Relationship": "Inner",
                      "Parallel Aware": false,
                      "Async Capable": false,
                      "Scan Direction": "Forward",
                      "Index Name": "company_type_pkey",
                      "Relation Name": "company_type",
                      "Schema": "public",
                      "Alias": "ct",
                      "Startup Cost": 0.15,
                      "Total Cost": 0.17,
                      "Plan Rows": 1,
                      "Plan Width": 4,
                      "Actual Startup Time": 0.002,
                      "Actual Total Time": 0.002,
                      "Actual Rows": 1.0,
                      "Actual Loops": 628,
                      "Disabled": false,
                      "Output": [
                        "ct.id"
                      ],
                      "Index Cond": "(ct.id = mc.company_type_id)",
                      "Rows Removed by Index Recheck": 0,
                      "Heap Fetches": 628,
                      "Index Searches": 628,
                      "Shared Hit Blocks": 1255,
                      "Shared Read Blocks": 1,
                      "Shared Dirtied Blocks": 0,
                      "Shared Written Blocks": 0,
                      "Local Hit Blocks": 0,
                      "Local Read Blocks": 0,
                      "Local Dirtied Blocks": 0,
                      "Local Written Blocks": 0,
                      "Temp Read Blocks": 0,
                      "Temp Written Blocks": 0,
                      "actual_scan_in_card": 4,
                      "ius": [
                        {
                          "name": "ct.id",
                          "bytes": 8
                        }
                      ]
                    }
                  ],
                  "ius": [
                    {
                      "name": "mi.info_type_id",
                      "bytes": 18
                    },
                    {
                      "name": "mk.keyword_id",
                      "bytes": 18
                    },
                    {
                      "name": "t.title",
                      "bytes": 18
                    },
                    {
                      "name": "kt.kind",
                      "bytes": 18
                    }
                  ]
                },
                {
                  "Node Type": "Index Scan",
                  "Parent Relationship": "Inner",
                  "Parallel Aware": false,
                  "Async Capable": false,
                  "Scan Direction": "Forward",
                  "Index Name": "info_type_pkey",
                  "Relation Name": "info_type",
                  "Schema": "public",
                  "Alias": "it1",
                  "Startup Cost": 0.14,
                  "Total Cost": 0.22,
                  "Plan Rows": 1,
                  "Plan Width": 4,
                  "Actual Startup Time": 0.002,
                  "Actual Total Time": 0.002,
                  "Actual Rows": 1.0,
                  "Actual Loops": 628,
                  "Disabled": false,
                  "Output": [
                    "it1.id",
                    "it1.info"
                  ],
                  "Index Cond": "(it1.id = mi.info_type_id)",
                  "Rows Removed by Index Recheck": 0,
                  "Filter": "((it1.info)::text = 'release dates'::text)",
                  "Rows Removed by Filter": 0,
                  "Index Searches": 628,
                  "Shared Hit Blocks": 1255,
                  "Shared Read Blocks": 1,
                  "Shared Dirtied Blocks": 0,
                  "Shared Written Blocks": 0,
                  "Local Hit Blocks": 0,
                  "Local Read Blocks": 0,
                  "Local Dirtied Blocks": 0,
                  "Local Written Blocks": 0,
                  "Temp Read Blocks": 0,
                  "Temp Written Blocks": 0,
                  "actual_scan_in_card": 113,
                  "actual_funnel_counts": [
                    113,
                    1
                  ],
                  "component_selectivity": {
                    "compare_selectivity": 0.008849557522123894
                  },
                  "ius": [
                    {
                      "name": "it1.id",
                      "bytes": 8
                    },
                    {
                      "name": "it1.info",
                      "bytes": 8
                    }
                  ]
                }
              ],
              "ius": [
                {
                  "name": "mk.keyword_id",
                  "bytes": 23
                },
                {
                  "name": "t.title",
                  "bytes": 23
                },
                {
                  "name": "kt.kind",
                  "bytes": 23
                }
              ]
            },
            {
              "Node Type": "Index Only Scan",
              "Parent Relationship": "Inner",
              "Parallel Aware": false,
              "Async Capable": false,
              "Scan Direction": "Forward",
              "Index Name": "keyword_pkey",
              "Relation Name": "keyword",
              "Schema": "public",
              "Alias": "k",
              "Startup Cost": 0.42,
              "Total Cost": 0.44,
              "Plan Rows": 1,
              "Plan Width": 4,
              "Actual Startup Time": 0.063,
              "Actual Total Time": 0.063,
              "Actual Rows": 1.0,
              "Actual Loops": 628,
              "Disabled": false,
              "Output": [
                "k.id"
              ],
              "Index Cond": "(k.id = mk.keyword_id)",
              "Rows Removed by Index Recheck": 0,
              "Heap Fetches": 0,
              "Index Searches": 628,
              "Shared Hit Blocks": 1694,
              "Shared Read Blocks": 191,
              "Shared Dirtied Blocks": 0,
              "Shared Written Blocks": 0,
              "Local Hit Blocks": 0,
              "Local Read Blocks": 0,
              "Local Dirtied Blocks": 0,
              "Local Written Blocks": 0,
              "Temp Read Blocks": 0,
              "Temp Written Blocks": 0,
              "actual_scan_in_card": 134170,
              "ius": [
                {
                  "name": "k.id",
                  "bytes": 8
                }
              ]
            }
          ],
          "ius": [
            {
              "name": "kt.kind",
              "bytes": 32
            },
            {
              "name": "t.title",
              "bytes": 32
            }
          ]
        }
      ],
      "ius": [
        {
          "name": "min((kt.kind)::text)",
          "bytes": 32
        },
        {
          "name": "min(t.title)",
          "bytes": 32
        }
      ]
    },
    "Planning": {
      "Shared Hit Blocks": 160,
      "Shared Read Blocks": 36,
      "Shared Dirtied Blocks": 0,
      "Shared Written Blocks": 0,
      "Local Hit Blocks": 0,
      "Local Read Blocks": 0,
      "Local Dirtied Blocks": 0,
      "Local Written Blocks": 0,
      "Temp Read Blocks": 0,
      "Temp Written Blocks": 0
    },
    "Planning Time": 28.227,
    "Triggers": [],
    "Execution Time": 11081.002
  }
]