[
  {
    "Plan": {
      "Node Type": "Aggregate",
      "Strategy": "Plain",
      "Partial Mode": "Simple",
      "Parallel Aware": false,
      "Async Capable": false,
      "Startup Cost": 6637.65,
      "Total Cost": 6637.66,
      "Plan Rows": 1,
      "Plan Width": 96,
      "Actual Startup Time": 13035.74,
      "Actual Total Time": 13035.746,
      "Actual Rows": 1.0,
      "Actual Loops": 1,
      "Disabled": false,
      "Output": [
        "min(chn.name)",
        "min(n.name)",
        "min(t.title)"
      ],
      "Shared Hit Blocks": 651712,
      "Shared Read Blocks": 51630,
      "Shared Dirtied Blocks": 0,
      "Shared Written Blocks": 0,
      "Local Hit Blocks": 0,
      "Local Read Blocks": 0,
      "Local Dirtied Blocks": 0,
      "Local Written Blocks": 0,
      "Temp Read Blocks": 0,
      "Temp Written Blocks": 0,
      "Plans": [
        {
          "Node Type": "Nested Loop",
          "Parent Relationship": "Outer",
          "Parallel Aware": false,
          "Async Capable": false,
          "Join Type": "Inner",
          "Startup Cost": 10.24,
          "Total Cost": 6637.65,
          "Plan Rows": 1,
          "Plan Width": 48,
          "Actual Startup Time": 1584.387,
          "Actual Total Time": 13035.341,
          "Actual Rows": 275.0,
          "Actual Loops": 1,
          "Disabled": false,
          "Output": [
            "chn.name",
            "n.name",
            "t.title"
          ],
          "Inner Unique": false,
          "Join Filter": "(an.person_id = n.id)",
          "Rows Removed by Join Filter": 0,
          "Shared Hit Blocks": 651712,
          "Shared Read Blocks": 51630,
          "Shared Dirtied Blocks": 0,
          "Shared Written Blocks": 0,
          "Local Hit Blocks": 0,
          "Local Read Blocks": 0,
          "Local Dirtied Blocks": 0,
          "Local Written Blocks": 0,
          "Temp Read Blocks": 0,
          "Temp Written Blocks": 0,
          "Plans": [
            {
              "Node Type": "Nested Loop",
              "Parent Relationship": "Outer",
              "Parallel Aware": false,
              "Async Capable": false,
              "Join Type": "Inner",
              "Startup Cost": 9.82,
              "Total Cost": 6636.62,
              "Plan Rows": 1,
              "Plan Width": 56,
              "Actual Startup Time": 530.37,
              "Actual Total Time": 13032.116,
              "Actual Rows": 141.0,
              "Actual Loops": 1,
              "Disabled": false,
              "Output": [
                "t.title",
                "ci.person_id",
                "n.name",
                "n.id",
                "chn.name"
              ],
              "Inner Unique": true,
              "Shared Hit Blocks": 651301,
              "Shared Read Blocks": 51617,
              "Shared Dirtied Blocks": 0,
              "Shared Written Blocks": 0,
              "Local Hit Blocks": 0,
              "Local Read Blocks": 0,
              "Local Dirtied Blocks": 0,
              "Local Written Blocks": 0,
              "Temp Read Blocks": 0,
              "Temp Written Blocks": 0,
              "Plans": [
                {
                  "Node Type": "Nested Loop",
                  "Parent Relationship": "Outer",
                  "Parallel Aware": false,
                  "Async Capable": false,
                  "Join Type": "Inner",
                  "Startup Cost": 9.39,
                  "Total Cost": 6634.89,
                  "Plan Rows": 1,
                  "Plan Width": 44,
                  "Actual Startup Time": 529.419,
                  "Actual Total Time": 13010.794,
                  "Actual Rows": 143.0,
                  "Actual Loops": 1,
                  "Disabled": false,
                  "Output": [
                    "t.title",
                    "ci.person_id",
                    "ci.person_role_id",
                    "n.name",
                    "n.id"
                  ],
                  "Inner Unique": true,
                  "Shared Hit Blocks": 650794,
                  "Shared Read Blocks": 51560,
                  "Shared Dirtied Blocks": 0,
                  "Shared Written Blocks": 0,
                  "Local Hit Blocks": 0,
                  "Local Read Blocks": 0,
                  "Local Dirtied Blocks": 0,
                  "Local Written Blocks": 0,
                  "Temp Read Blocks": 0,
                  "Temp Written Blocks": 0,
                  "Plans": [
                    {
                      "Node Type": "Nested Loop",
                      "Parent Relationship": "Outer",
                      "Parallel Aware": false,
                      "Async Capable": false,
                      "Join Type": "Inner",
                      "Startup Cost": 8.96,
                      "Total Cost": 6633.04,
                      "Plan Rows": 1,
                      "Plan Width": 25,
                      "Actual Startup Time": 34.447,
                      "Actual Total Time": 12843.555,
                      "Actual Rows": 2778.0,
                      "Actual Loops": 1,
                      "Disabled": false,
                      "Output": [
                        "t.title",
                        "ci.person_id",
                        "ci.person_role_id"
                      ],
                      "Inner Unique": true,
                      "Join Filter": "(ci.role_id = rt.id)",
                      "Rows Removed by Join Filter": 10980,
                      "Shared Hit Blocks": 640222,
                      "Shared Read Blocks": 51020,
                      "Shared Dirtied Blocks": 0,
                      "Shared Written Blocks": 0,
                      "Local Hit Blocks": 0,
                      "Local Read Blocks": 0,
                      "Local Dirtied Blocks": 0,
                      "Local Written Blocks": 0,
                      "Temp Read Blocks": 0,
                      "Temp Written Blocks": 0,
                      "Plans": [
                        {
                          "Node Type": "Nested Loop",
                          "Parent Relationship": "Outer",
                          "Parallel Aware": false,
                          "Async Capable": false,
                          "Join Type": "Inner",
                          "Startup Cost": 8.96,
                          "Total Cost": 6614.12,
                          "Plan Rows": 1,
                          "Plan Width": 29,
                          "Actual Startup Time": 33.48,
                          "Actual Total Time": 12806.277,
                          "Actual Rows": 13758.0,
                          "Actual Loops": 1,
                          "Disabled": false,
                          "Output": [
                            "t.title",
                            "ci.person_id",
                            "ci.role_id",
                            "ci.person_role_id"
                          ],
                          "Inner Unique": false,
                          "Join Filter": "(ci.movie_id = t.id)",
                          "Rows Removed by Join Filter": 0,
                          "Shared Hit Blocks": 626465,
                          "Shared Read Blocks": 51019,
                          "Shared Dirtied Blocks": 0,
                          "Shared Written Blocks": 0,
                          "Local Hit Blocks": 0,
                          "Local Read Blocks": 0,
                          "Local Dirtied Blocks": 0,
                          "Local Written Blocks": 0,
                          "Temp Read Blocks": 0,
                          "Temp Written Blocks": 0,
                          "Plans": [
                            {
                              "Node Type": "Nested Loop",
                              "Parent Relationship": "Outer",
                              "Parallel Aware": false,
                              "Async Capable": false,
                              "Join Type": "Inner",
                              "Startup Cost": 8.52,
                              "Total Cost": 6583.35,
                              "Plan Rows": 1,
                              "Plan Width": 33,
                              "Actual Startup Time": 8.242,
                              "Actual Total Time": 4519.472,
                              "Actual Rows": 3406.0,
                              "Actual Loops": 1,
                              "Disabled": false,
                              "Output": [
                                "t.title",
                                "t.id",
                                "mk.movie_id",
                                "mc.movie_id",
                                "mi.movie_id"
                              ],
                              "Inner Unique": false,
                              "Join Filter": "(it.id = mi.info_type_id)",
                              "Rows Removed by Join Filter": 0,
                              "Shared Hit Blocks": 75201,
                              "Shared Read Blocks": 28772,
                              "Shared Dirtied Blocks": 0,
                              "Shared Written Blocks": 0,
                              "Local Hit Blocks": 0,
                              "Local Read Blocks": 0,
                              "Local Dirtied Blocks": 0,
                              "Local Written Blocks": 0,
                              "Temp Read Blocks": 0,
                              "Temp Written Blocks": 0,
                              "Plans": [
                                {
                                  "Node Type": "Seq Scan",
                                  "Parent Relationship": "Outer",
                                  "Parallel Aware": false,
                                  "Async Capable": false,
                                  "Relation Name": "info_type",
                                  "Schema": "public",
                                  "Alias": "it",
                                  "Startup Cost": 0.0,
                                  "Total Cost": 2.41,
                                  "Plan Rows": 1,
                                  "Plan Width": 4,
                                  "Actual Startup Time": 0.027,
                                  "Actual Total Time": 0.049,
                                  "Actual Rows": 1.0,
                                  "Actual Loops": 1,
                                  "Disabled": false,
                                  "Output": [
                                    "it.id",
                                    "it.info"
                                  ],
                                  "Filter": "((it.info)::text = 'release dates'::text)",
                                  "Rows Removed by Filter": 112,
                                  "Shared Hit Blocks": 1,
                                  "Shared Read Blocks": 0,
                                  "Shared Dirtied Blocks": 0,
                                  "Shared Written Blocks": 0,
                                  "Local Hit Blocks": 0,
                                  "Local Read Blocks": 0,
                                  "Local Dirtied Blocks": 0,
                                  "Local Written Blocks": 0,
                                  "Temp Read Blocks": 0,
                                  "Temp Written Blocks": 0,
                                  "actual_scan_in_card": 113,
                                  "actual_funnel_counts": [
                                    113,
                                    1
                                  ],
                                  "component_selectivity": {
                                    "compare_selectivity": 0.008849557522123894
                                  },
                                  "ius": [
                                    {
                                      "name": "it.id",
                                      "bytes": 8
                                    },
                                    {
                                      "name": "it.info",
                                      "bytes": 8
                                    }
                                  ]
                                },
                                {
                                  "Node Type": "Nested Loop",
                                  "Parent Relationship": "Inner",
                                  "Parallel Aware": false,
                                  "Async Capable": false,
                                  "Join Type": "Inner",
                                  "Startup Cost": 8.52,
                                  "Total Cost": 6580.92,
                                  "Plan Rows": 1,
                                  "Plan Width": 37,
                                  "Actual Startup Time": 8.213,
                                  "Actual Total Time": 4518.415,
                                  "Actual Rows": 3406.0,
                                  "Actual Loops": 1,
                                  "Disabled": false,
                                  "Output": [
                                    "t.title",
                                    "t.id",
                                    "mk.movie_id",
                                    "mc.movie_id",
                                    "mi.movie_id",
                                    "mi.info_type_id"
                                  ],
                                  "Inner Unique": false,
                                  "Join Filter": "(mi.movie_id = t.id)",
                                  "Rows Removed by Join Filter": 0,
                                  "Shared Hit Blocks": 75200,
                                  "Shared Read Blocks": 28772,
                                  "Shared Dirtied Blocks": 0,
                                  "Shared Written Blocks": 0,
                                  "Local Hit Blocks": 0,
                                  "Local Read Blocks": 0,
                                  "Local Dirtied Blocks": 0,
                                  "Local Written Blocks": 0,
                                  "Temp Read Blocks": 0,
                                  "Temp Written Blocks": 0,
                                  "Plans": [
                                    {
                                      "Node Type": "Nested Loop",
                                      "Parent Relationship": "Outer",
                                      "Parallel Aware": false,
                                      "Async Capable": false,
                                      "Join Type": "Inner",
                                      "Startup Cost": 8.08,
                                      "Total Cost": 6441.12,
                                      "Plan Rows": 5,
                                      "Plan Width": 29,
                                      "Actual Startup Time": 7.158,
                                      "Actual Total Time": 3352.521,
                                      "Actual Rows": 1576.0,
                                      "Actual Loops": 1,
                                      "Disabled": false,
                                      "Output": [
                                        "t.title",
                                        "t.id",
                                        "mk.movie_id",
                                        "mc.movie_id"
                                      ],
                                      "Inner Unique": true,
                                      "Shared Hit Blocks": 47630,
                                      "Shared Read Blocks": 24215,
                                      "Shared Dirtied Blocks": 0,
                                      "Shared Written Blocks": 0,
                                      "Local Hit Blocks": 0,
                                      "Local Read Blocks": 0,
                                      "Local Dirtied Blocks": 0,
                                      "Local Written Blocks": 0,
                                      "Temp Read Blocks": 0,
                                      "Temp Written Blocks": 0,
                                      "Plans": [
                                        {
                                          "Node Type": "Nested Loop",
                                          "Parent Relationship": "Outer",
                                          "Parallel Aware": false,
                                          "Async Capable": false,
                                          "Join Type": "Inner",
                                          "Startup Cost": 7.66,
                                          "Total Cost": 6418.95,
                                          "Plan Rows": 15,
                                          "Plan Width": 33,
                                          "Actual Startup Time": 6.966,
                                          "Actual Total Time": 2976.105,
                                          "Actual Rows": 5566.0,
                                          "Actual Loops": 1,
                                          "Disabled": false,
                                          "Output": [
                                            "t.title",
                                            "t.id",
                                            "mk.movie_id",
                                            "mc.movie_id",
                                            "mc.company_id"
                                          ],
                                          "Inner Unique": false,
                                          "Join Filter": "(mc.movie_id = t.id)",
                                          "Rows Removed by Join Filter": 0,
                                          "Shared Hit Blocks": 27276,
                                          "Shared Read Blocks": 22305,
                                          "Shared Dirtied Blocks": 0,
                                          "Shared Written Blocks": 0,
                                          "Local Hit Blocks": 0,
                                          "Local Read Blocks": 0,
                                          "Local Dirtied Blocks": 0,
                                          "Local Written Blocks": 0,
                                          "Temp Read Blocks": 0,
                                          "Temp Written Blocks": 0,
                                          "Plans": [
                                            {
                                              "Node Type": "Nested Loop",
                                              "Parent Relationship": "Outer",
                                              "Parallel Aware": false,
                                              "Async Capable": false,
                                              "Join Type": "Inner",
                                              "Startup Cost": 7.23,
                                              "Total Cost": 6367.37,
                                              "Plan Rows": 15,
                                              "Plan Width": 25,
                                              "Actual Startup Time": 6.66,
                                              "Actual Total Time": 2718.233,
                                              "Actual Rows": 495.0,
                                              "Actual Loops": 1,
                                              "Disabled": false,
                                              "Output": [
                                                "t.title",
                                                "t.id",
                                                "mk.movie_id"
                                              ],
                                              "Inner Unique": true,
                                              "Shared Hit Blocks": 26147,
                                              "Shared Read Blocks": 21106,
                                              "Shared Dirtied Blocks": 0,
                                              "Shared Written Blocks": 0,
                                              "Local Hit Blocks": 0,
                                              "Local Read Blocks": 0,
                                              "Local Dirtied Blocks": 0,
                                              "Local Written Blocks": 0,
                                              "Temp Read Blocks": 0,
                                              "Temp Written Blocks": 0,
                                              "Plans": [
                                                {
                                                  "Node Type": "Nested Loop",
                                                  "Parent Relationship": "Outer",
                                                  "Parallel Aware": false,
                                                  "Async Capable": false,
                                                  "Join Type": "Inner",
                                                  "Startup Cost": 6.8,
                                                  "Total Cost": 6205.51,
                                                  "Plan Rows": 101,
                                                  "Plan Width": 4,
                                                  "Actual Startup Time": 3.786,
                                                  "Actual Total Time": 115.181,
                                                  "Actual Rows": 9696.0,
                                                  "Actual Loops": 1,
                                                  "Disabled": false,
                                                  "Output": [
                                                    "mk.movie_id"
                                                  ],
                                                  "Inner Unique": false,
                                                  "Shared Hit Blocks": 4,
                                                  "Shared Read Blocks": 8465,
                                                  "Shared Dirtied Blocks": 0,
                                                  "Shared Written Blocks": 0,
                                                  "Local Hit Blocks": 0,
                                                  "Local Read Blocks": 0,
                                                  "Local Dirtied Blocks": 0,
                                                  "Local Written Blocks": 0,
                                                  "Temp Read Blocks": 0,
                                                  "Temp Written Blocks": 0,
                                                  "Plans": [
                                                    {
                                                      "Node Type": "Seq Scan",
                                                      "Parent Relationship": "Outer",
                                                      "Parallel Aware": false,
                                                      "Async Capable": false,
                                                      "Relation Name": "keyword",
                                                      "Schema": "public",
                                                      "Alias": "k",
                                                      "Startup Cost": 0.0,
                                                      "Total Cost": 2852.84,
                                                      "Plan Rows": 3,
                                                      "Plan Width": 4,
                                                      "Actual Startup Time": 0.01,
                                                      "Actual Total Time": 21.102,
                                                      "Actual Rows": 3.0,
                                                      "Actual Loops": 1,
                                                      "Disabled": false,
                                                      "Output": [
                                                        "k.id",
                                                        "k.keyword",
                                                        "k.phonetic_code"
                                                      ],
                                                      "Filter": "(k.keyword = ANY ('{hero,martial-arts,hand-to-hand-combat}'::text[]))",
                                                      "Rows Removed by Filter": 134167,
                                                      "Shared Hit Blocks": 2,
                                                      "Shared Read Blocks": 1006,
                                                      "Shared Dirtied Blocks": 0,
                                                      "Shared Written Blocks": 0,
                                                      "Local Hit Blocks": 0,
                                                      "Local Read Blocks": 0,
                                                      "Local Dirtied Blocks": 0,
                                                      "Local Written Blocks": 0,
                                                      "Temp Read Blocks": 0,
                                                      "Temp Written Blocks": 0,
                                                      "actual_scan_in_card": 134170,
                                                      "actual_funnel_counts": [
                                                        134170,
                                                        3
                                                      ],
                                                      "component_selectivity": {
                                                        "compare_selectivity": 2.2359692926883804e-05
                                                      },
                                                      "ius": [
                                                        {
                                                          "name": "k.id",
                                                          "bytes": 8
                                                        },
                                                        {
                                                          "name": "k.keyword",
                                                          "bytes": 8
                                                        },
                                                        {
                                                          "name": "k.phonetic_code",
                                                          "bytes": 8
                                                        }
                                                      ]
                                                    },
                                                    {
                                                      "Node Type": "Bitmap Heap Scan",
                                                      "Parent Relationship": "Inner",
                                                      "Parallel Aware": false,
                                                      "Async Capable": false,
                                                      "Relation Name": "movie_keyword",
                                                      "Schema": "public",
                                                      "Alias": "mk",
                                                      "Startup Cost": 6.8,
                                                      "Total Cost": 1114.5,
                                                      "Plan Rows": 306,
                                                      "Plan Width": 8,
                                                      "Actual Startup Time": 4.472,
                                                      "Actual Total Time": 30.503,
                                                      "Actual Rows": 3232.0,
                                                      "Actual Loops": 3,
                                                      "Disabled": false,
                                                      "Output": [
                                                        "mk.id",
                                                        "mk.movie_id",
                                                        "mk.keyword_id"
                                                      ],
                                                      "Recheck Cond": "(k.id = mk.keyword_id)",
                                                      "Rows Removed by Index Recheck": 0,
                                                      "Exact Heap Blocks": 7446,
                                                      "Lossy Heap Blocks": 0,
                                                      "Shared Hit Blocks": 2,
                                                      "Shared Read Blocks": 7459,
                                                      "Shared Dirtied Blocks": 0,
                                                      "Shared Written Blocks": 0,
                                                      "Local Hit Blocks": 0,
                                                      "Local Read Blocks": 0,
                                                      "Local Dirtied Blocks": 0,
                                                      "Local Written Blocks": 0,
                                                      "Temp Read Blocks": 0,
                                                      "Temp Written Blocks": 0,
                                                      "Plans": [
                                                        {
                                                          "Node Type": "Bitmap Index Scan",
                                                          "Parent Relationship": "Outer",
                                                          "Parallel Aware": false,
                                                          "Async Capable": false,
                                                          "Index Name": "keyword_id_movie_keyword",
                                                          "Startup Cost": 0.0,
                                                          "Total Cost": 6.73,
                                                          "Plan Rows": 306,
                                                          "Plan Width": 0,
                                                          "Actual Startup Time": 3.773,
                                                          "Actual Total Time": 3.773,
                                                          "Actual Rows": 3232.0,
                                                          "Actual Loops": 3,
                                                          "Disabled": false,
                                                          "Index Cond": "(mk.keyword_id = k.id)",
                                                          "Index Searches": 3,
                                                          "Shared Hit Blocks": 2,
                                                          "Shared Read Blocks": 13,
                                                          "Shared Dirtied Blocks": 0,
                                                          "Shared Written Blocks": 0,
                                                          "Local Hit Blocks": 0,
                                                          "Local Read Blocks": 0,
                                                          "Local Dirtied Blocks": 0,
                                                          "Local Written Blocks": 0,
                                                          "Temp Read Blocks": 0,
                                                          "Temp Written Blocks": 0,
                                                          "ius": []
                                                        }
                                                      ],
                                                      "ius": [
                                                        {
                                                          "name": "mk.id",
                                                          "bytes": 8
                                                        },
                                                        {
                                                          "name": "mk.movie_id",
                                                          "bytes": 8
                                                        },
                                                        {
                                                          "name": "mk.keyword_id",
                                                          "bytes": 8
                                                        }
                                                      ]
                                                    }
                                                  ],
                                                  "ius": [
                                                    {
                                                      "name": "mk.movie_id",
                                                      "bytes": 8
                                                    }
                                                  ]
                                                },
                                                {
                                                  "Node Type": "Index Scan",
                                                  "Parent Relationship": "Inner",
                                                  "Parallel Aware": false,
                                                  "Async Capable": false,
                                                  "Scan Direction": "Forward",
                                                  "Index Name": "title_pkey",
                                                  "Relation Name": "title",
                                                  "Schema": "public",
                                                  "Alias": "t",
                                                  "Startup Cost": 0.43,
                                                  "Total Cost": 1.6,
                                                  "Plan Rows": 1,
                                                  "Plan Width": 21,
                                                  "Actual Startup Time": 0.268,
                                                  "Actual Total Time": 0.268,
                                                  "Actual Rows": 0.05,
                                                  "Actual Loops": 9696,
                                                  "Disabled": false,
                                                  "Output": [
                                                    "t.id",
                                                    "t.title",
                                                    "t.imdb_index",
                                                    "t.kind_id",
                                                    "t.production_year",
                                                    "t.imdb_id",
                                                    "t.phonetic_code",
                                                    "t.episode_of_id",
                                                    "t.season_nr",
                                                    "t.episode_nr",
                                                    "t.series_years",
                                                    "t.md5sum"
                                                  ],
                                                  "Index Cond": "(t.id = mk.movie_id)",
                                                  "Rows Removed by Index Recheck": 0,
                                                  "Filter": "(t.production_year > 2010)",
                                                  "Rows Removed by Filter": 1,
                                                  "Index Searches": 9696,
                                                  "Shared Hit Blocks": 26143,
                                                  "Shared Read Blocks": 12641,
                                                  "Shared Dirtied Blocks": 0,
                                                  "Shared Written Blocks": 0,
                                                  "Local Hit Blocks": 0,
                                                  "Local Read Blocks": 0,
                                                  "Local Dirtied Blocks": 0,
                                                  "Local Written Blocks": 0,
                                                  "Temp Read Blocks": 0,
                                                  "Temp Written Blocks": 0,
                                                  "actual_scan_in_card": 2528312,
                                                  "actual_funnel_counts": [
                                                    2528312,
                                                    391666
                                                  ],
                                                  "component_selectivity": {
                                                    "compare_selectivity": 0.15491205199358307
                                                  },
                                                  "ius": [
                                                    {
                                                      "name": "t.id",
                                                      "bytes": 8
                                                    },
                                                    {
                                                      "name": "t.title",
                                                      "bytes": 8
                                                    },
                                                    {
                                                      "name": "t.imdb_index",
                                                      "bytes": 8
                                                    },
                                                    {
                                                      "name": "t.kind_id",
                                                      "bytes": 8
                                                    },
                                                    {
                                                      "name": "t.production_year",
                                                      "bytes": 8
                                                    },
                                                    {
                                                      "name": "t.imdb_id",
                                                      "bytes": 8
                                                    },
                                                    {
                                                      "name": "t.phonetic_code",
                                                      "bytes": 8
                                                    },
                                                    {
                                                      "name": "t.episode_of_id",
                                                      "bytes": 8
                                                    },
                                                    {
                                                      "name": "t.season_nr",
                                                      "bytes": 8
                                                    },
                                                    {
                                                      "name": "t.episode_nr",
                                                      "bytes": 8
                                                    },
                                                    {
                                                      "name": "t.series_years",
                                                      "bytes": 8
                                                    },
                                                    {
                                                      "name": "t.md5sum",
                                                      "bytes": 8
                                                    }
                                                  ]
                                                }
                                              ],
                                              "ius": [
                                                {
                                                  "name": "t.title",
                                                  "bytes": 8
                                                },
                                                {
                                                  "name": "t.id",
                                                  "bytes": 8
                                                },
                                                {
                                                  "name": "mk.movie_id",
                                                  "bytes": 8
                                                }
                                              ]
                                            },
                                            {
                                              "Node Type": "Index Scan",
                                              "Parent Relationship": "Inner",
                                              "Parallel Aware": false,
                                              "Async Capable": false,
                                              "Scan Direction": "Forward",
                                              "Index Name": "movie_id_movie_companies",
                                              "Relation Name": "movie_companies",
                                              "Schema": "public",
                                              "Alias": "mc",
                                              "Startup Cost": 0.43,
                                              "Total Cost": 3.38,
                                              "Plan Rows": 5,
                                              "Plan Width": 8,
                                              "Actual Startup Time": 0.434,
                                              "Actual Total Time": 0.514,
                                              "Actual Rows": 11.24,
                                              "Actual Loops": 495,
                                              "Disabled": false,
                                              "Output": [
                                                "mc.id",
                                                "mc.movie_id",
                                                "mc.company_id",
                                                "mc.company_type_id",
                                                "mc.note"
                                              ],
                                              "Index Cond": "(mc.movie_id = mk.movie_id)",
                                              "Rows Removed by Index Recheck": 0,
                                              "Index Searches": 495,
                                              "Shared Hit Blocks": 1129,
                                              "Shared Read Blocks": 1199,
                                              "Shared Dirtied Blocks": 0,
                                              "Shared Written Blocks": 0,
                                              "Local Hit Blocks": 0,
                                              "Local Read Blocks": 0,
                                              "Local Dirtied Blocks": 0,
                                              "Local Written Blocks": 0,
                                              "Temp Read Blocks": 0,
                                              "Temp Written Blocks": 0,
                                              "actual_scan_in_card": 2609129,
                                              "ius": [
                                                {
                                                  "name": "mc.id",
                                                  "bytes": 8
                                                },
                                                {
                                                  "name": "mc.movie_id",
                                                  "bytes": 8
                                                },
                                                {
                                                  "name": "mc.company_id",
                                                  "bytes": 8
                                                },
                                                {
                                                  "name": "mc.company_type_id",
                                                  "bytes": 8
                                                },
                                                {
                                                  "name": "mc.note",
                                                  "bytes": 8
                                                }
                                              ]
                                            }
                                          ],
                                          "ius": [
                                            {
                                              "name": "t.title",
                                              "bytes": 8
                                            },
                                            {
                                              "name": "t.id",
                                              "bytes": 8
                                            },
                                            {
                                              "name": "mk.movie_id",
                                              "bytes": 8
                                            },
                                            {
                                              "name": "mc.movie_id",
                                              "bytes": 8
                                            },
                                            {
                                              "name": "mc.company_id",
                                              "bytes": 8
                                            }
                                          ]
                                        },
                                        {
                                          "Node Type": "Index Scan",
                                          "Parent Relationship": "Inner",
                                          "Parallel Aware": false,
                                          "Async Capable": false,
                                          "Scan Direction": "Forward",
                                          "Index Name": "company_name_pkey",
                                          "Relation Name": "company_name",
                                          "Schema": "public",
                                          "Alias": "cn",
                                          "Startup Cost": 0.42,
                                          "Total Cost": 1.48,
                                          "Plan Rows": 1,
                                          "Plan Width": 4,
                                          "Actual Startup Time": 0.067,
                                          "Actual Total Time": 0.067,
                                          "Actual Rows": 0.28,
                                          "Actual Loops": 5566,
                                          "Disabled": false,
                                          "Output": [
                                            "cn.id",
                                            "cn.name",
                                            "cn.country_code",
                                            "cn.imdb_id",
                                            "cn.name_pcode_nf",
                                            "cn.name_pcode_sf",
                                            "cn.md5sum"
                                          ],
                                          "Index Cond": "(cn.id = mc.company_id)",
                                          "Rows Removed by Index Recheck": 0,
                                          "Filter": "((cn.country_code)::text = '[us]'::text)",
                                          "Rows Removed by Filter": 1,
                                          "Index Searches": 5566,
                                          "Shared Hit Blocks": 20354,
                                          "Shared Read Blocks": 1910,
                                          "Shared Dirtied Blocks": 0,
                                          "Shared Written Blocks": 0,
                                          "Local Hit Blocks": 0,
                                          "Local Read Blocks": 0,
                                          "Local Dirtied Blocks": 0,
                                          "Local Written Blocks": 0,
                                          "Temp Read Blocks": 0,
                                          "Temp Written Blocks": 0,
                                          "actual_scan_in_card": 234997,
                                          "actual_funnel_counts": [
                                            234997,
                                            84843
                                          ],
                                          "component_selectivity": {
                                            "compare_selectivity": 0.3610386515572539
                                          },
                                          "ius": [
                                            {
                                              "name": "cn.id",
                                              "bytes": 8
                                            },
                                            {
                                              "name": "cn.name",
                                              "bytes": 8
                                            },
                                            {
                                              "name": "cn.country_code",
                                              "bytes": 8
                                            },
                                            {
                                              "name": "cn.imdb_id",
                                              "bytes": 8
                                            },
                                            {
                                              "name": "cn.name_pcode_nf",
                                              "bytes": 8
                                            },
                                            {
                                              "name": "cn.name_pcode_sf",
                                              "bytes": 8
                                            },
                                            {
                                              "name": "cn.md5sum",
                                              "bytes": 8
                                            }
                                          ]
                                        }
                                      ],
                                      "ius": [
                                        {
                                          "name": "t.title",
                                          "bytes": 8
                                        },
                                        {
                                          "name": "t.id",
                                          "bytes": 8
                                        },
                                        {
                                          "name": "mk.movie_id",
                                          "bytes": 8
                                        },
                                        {
                                          "name": "mc.movie_id",
                                          "bytes": 8
                                        }
                                      ]
                                    },
                                    {
                                      "Node Type": "Index Scan",
                                      "Parent Relationship": "Inner",
                                      "Parallel Aware": false,
                                      "Async Capable": false,
                                      "Scan Direction": "Forward",
                                      "Index Name": "movie_id_movie_info",
                                      "Relation Name": "movie_info",
                                      "Schema": "public",
                                      "Alias": "mi",
                                      "Startup Cost": 0.43,
                                      "Total Cost": 27.95,
                                      "Plan Rows": 1,
                                      "Plan Width": 8,
                                      "Actual Startup Time": 0.401,
                                      "Actual Total Time": 0.738,
                                      "Actual Rows": 2.16,
                                      "Actual Loops": 1576,
                                      "Disabled": false,
                                      "Output": [
                                        "mi.id",
                                        "mi.movie_id",
                                        "mi.info_type_id",
                                        "mi.info",
                                        "mi.note"
                                      ],
                                      "Index Cond": "(mi.movie_id = mk.movie_id)",
                                      "Rows Removed by Index Recheck": 0,
                                      "Filter": "((mi.info ~~ 'Japan:%201%'::text) OR (mi.info ~~ 'USA:%201%'::text))",
                                      "Rows Removed by Filter": 131,
                                      "Index Searches": 1576,
                                      "Shared Hit Blocks": 27570,
                                      "Shared Read Blocks": 4557,
                                      "Shared Dirtied Blocks": 0,
                                      "Shared Written Blocks": 0,
                                      "Local Hit Blocks": 0,
                                      "Local Read Blocks": 0,
                                      "Local Dirtied Blocks": 0,
                                      "Local Written Blocks": 0,
                                      "Temp Read Blocks": 0,
                                      "Temp Written Blocks": 0,
                                      "actual_scan_in_card": 14835720,
                                      "actual_funnel_counts": [
                                        14835720,
                                        301247
                                      ],
                                      "component_selectivity": {
                                        "expression_selectivity": 0.020305519381600624
                                      },
                                      "ius": [
                                        {
                                          "name": "mi.id",
                                          "bytes": 8
                                        },
                                        {
                                          "name": "mi.movie_id",
                                          "bytes": 8
                                        },
                                        {
                                          "name": "mi.info_type_id",
                                          "bytes": 8
                                        },
                                        {
                                          "name": "mi.info",
                                          "bytes": 8
                                        },
                                        {
                                          "name": "mi.note",
                                          "bytes": 8
                                        }
                                      ]
                                    }
                                  ],
                                  "ius": [
                                    {
                                      "name": "t.title",
                                      "bytes": 8
                                    },
                                    {
                                      "name": "t.id",
                                      "bytes": 8
                                    },
                                    {
                                      "name": "mk.movie_id",
                                      "bytes": 8
                                    },
                                    {
                                      "name": "mc.movie_id",
                                      "bytes": 8
                                    },
                                    {
                                      "name": "mi.movie_id",
                                      "bytes": 8
                                    },
                                    {
                                      "name": "mi.info_type_id",
                                      "bytes": 8
                                    }
                                  ]
                                }
                              ],
                              "ius": [
                                {
                                  "name": "t.title",
                                  "bytes": 8
                                },
                                {
                                  "name": "t.id",
                                  "bytes": 8
                                },
                                {
                                  "name": "mk.movie_id",
                                  "bytes": 8
                                },
                                {
                                  "name": "mc.movie_id",
                                  "bytes": 8
                                },
                                {
                                  "name": "mi.movie_id",
                                  "bytes": 8
                                }
                              ]
                            },
                            {
                              "Node Type": "Index Scan",
                              "Parent Relationship": "Inner",
                              "Parallel Aware": false,
                              "Async Capable": false,
                              "Scan Direction": "Forward",
                              "Index Name": "movie_id_cast_info",
                              "Relation Name": "cast_info",
                              "Schema": "public",
                              "Alias": "ci",
                              "Startup Cost": 0.44,
                              "Total Cost": 30.76,
                              "Plan Rows": 1,
                              "Plan Width": 16,
                              "Actual Startup Time": 1.727,
                              "Actual Total Time": 2.432,
                              "Actual Rows": 4.04,
                              "Actual Loops": 3406,
                              "Disabled": false,
                              "Output": [
                                "ci.id",
                                "ci.person_id",
                                "ci.movie_id",
                                "ci.person_role_id",
                                "ci.note",
                                "ci.nr_order",
                                "ci.role_id"
                              ],
                              "Index Cond": "(ci.movie_id = mk.movie_id)",
                              "Rows Removed by Index Recheck": 0,
                              "Filter": "(ci.note = ANY ('{(voice),\"(voice: Japanese version)\",\"(voice) (uncredited)\",\"(voice: English version)\"}'::text[]))",
                              "Rows Removed by Filter": 169,
                              "Index Searches": 3406,
                              "Shared Hit Blocks": 551264,
                              "Shared Read Blocks": 22247,
                              "Shared Dirtied Blocks": 0,
                              "Shared Written Blocks": 0,
                              "Local Hit Blocks": 0,
                              "Local Read Blocks": 0,
                              "Local Dirtied Blocks": 0,
                              "Local Written Blocks": 0,
                              "Temp Read Blocks": 0,
                              "Temp Written Blocks": 0,
                              "actual_scan_in_card": 36244344,
                              "actual_funnel_counts": [
                                36244344,
                                867477
                              ],
                              "component_selectivity": {
                                "compare_selectivity": 0.023934134385216077
                              },
                              "ius": [
                                {
                                  "name": "ci.id",
                                  "bytes": 8
                                },
                                {
                                  "name": "ci.person_id",
                                  "bytes": 8
                                },
                                {
                                  "name": "ci.movie_id",
                                  "bytes": 8
                                },
                                {
                                  "name": "ci.person_role_id",
                                  "bytes": 8
                                },
                                {
                                  "name": "ci.note",
                                  "bytes": 8
                                },
                                {
                                  "name": "ci.nr_order",
                                  "bytes": 8
                                },
                                {
                                  "name": "ci.role_id",
                                  "bytes": 8
                                }
                              ]
                            }
                          ],
                          "ius": [
                            {
                              "name": "t.title",
                              "bytes": 8
                            },
                            {
                              "name": "ci.person_id",
                              "bytes": 8
                            },
                            {
                              "name": "ci.role_id",
                              "bytes": 8
                            },
                            {
                              "name": "ci.person_role_id",
                              "bytes": 8
                            }
                          ]
                        },
                        {
                          "Node Type": "Seq Scan",
                          "Parent Relationship": "Inner",
                          "Parallel Aware": false,
                          "Async Capable": false,
                          "Relation Name": "role_type",
                          "Schema": "public",
                          "Alias": "rt",
                          "Startup Cost": 0.0,
                          "Total Cost": 18.88,
                          "Plan Rows": 4,
                          "Plan Width": 4,
                          "Actual Startup Time": 0.001,
                          "Actual Total Time": 0.001,
                          "Actual Rows": 1.0,
                          "Actual Loops": 13758,
                          "Disabled": false,
                          "Output": [
                            "rt.id",
                            "rt.role"
                          ],
                          "Filter": "((rt.role)::text = 'actress'::text)",
                          "Rows Removed by Filter": 9,
                          "Shared Hit Blocks": 13757,
                          "Shared Read Blocks": 1,
                          "Shared Dirtied Blocks": 0,
                          "Shared Written Blocks": 0,
                          "Local Hit Blocks": 0,
                          "Local Read Blocks": 0,
                          "Local Dirtied Blocks": 0,
                          "Local Written Blocks": 0,
                          "Temp Read Blocks": 0,
                          "Temp Written Blocks": 0,
                          "actual_scan_in_card": 12,
                          "actual_funnel_counts": [
                            12,
                            1
                          ],
                          "component_selectivity": {
                            "compare_selectivity": 0.08333333333333333
                          },
                          "ius": [
                            {
                              "name": "rt.id",
                              "bytes": 8
                            },
                            {
                              "name": "rt.role",
                              "bytes": 8
                            }
                          ]
                        }
                      ],
                      "ius": [
                        {
                          "name": "t.title",
                          "bytes": 8
                        },
                        {
                          "name": "ci.person_id",
                          "bytes": 8
                        },
                        {
                          "name": "ci.person_role_id",
                          "bytes": 8
                        }
                      ]
                    },
                    {
                      "Node Type": "Index Scan",
                      "Parent Relationship": "Inner",
                      "Parallel Aware": false,
                      "Async Capable": false,
                      "Scan Direction": "Forward",
                      "Index Name": "name_pkey",
                      "Relation Name": "name",
                      "Schema": "public",
                      "Alias": "n",
                      "Startup Cost": 0.43,
                      "Total Cost": 1.84,
                      "Plan Rows": 1,
                      "Plan Width": 19,
                      "Actual Startup Time": 0.06,
                      "Actual Total Time": 0.06,
                      "Actual Rows": 0.05,
                      "Actual Loops": 2778,
                      "Disabled": false,
                      "Output": [
                        "n.id",
                        "n.name",
                        "n.imdb_index",
                        "n.imdb_id",
                        "n.gender",
                        "n.name_pcode_cf",
                        "n.name_pcode_nf",
                        "n.surname_pcode",
                        "n.md5sum"
                      ],
                      "Index Cond": "(n.id = ci.person_id)",
                      "Rows Removed by Index Recheck": 0,
                      "Filter": "((n.name ~~ '%An%'::text) AND ((n.gender)::text = 'f'::text))",
                      "Rows Removed by Filter": 1,
                      "Index Searches": 2778,
                      "Shared Hit Blocks": 10572,
                      "Shared Read Blocks": 540,
                      "Shared Dirtied Blocks": 0,
                      "Shared Written Blocks": 0,
                      "Local Hit Blocks": 0,
                      "Local Read Blocks": 0,
                      "Local Dirtied Blocks": 0,
                      "Local Written Blocks": 0,
                      "Temp Read Blocks": 0,
                      "Temp Written Blocks": 0,
                      "actual_scan_in_card": 4167491,
                      "actual_funnel_counts": [
                        4167491,
                        163621,
                        50011
                      ],
                      "component_selectivity": {
                        "expression_selectivity": 0.03926127254983874,
                        "compare_selectivity": 0.30565147505515794
                      },
                      "ius": [
                        {
                          "name": "n.id",
                          "bytes": 8
                        },
                        {
                          "name": "n.name",
                          "bytes": 8
                        },
                        {
                          "name": "n.imdb_index",
                          "bytes": 8
                        },
                        {
                          "name": "n.imdb_id",
                          "bytes": 8
                        },
                        {
                          "name": "n.gender",
                          "bytes": 8
                        },
                        {
                          "name": "n.name_pcode_cf",
                          "bytes": 8
                        },
                        {
                          "name": "n.name_pcode_nf",
                          "bytes": 8
                        },
                        {
                          "name": "n.surname_pcode",
                          "bytes": 8
                        },
                        {
                          "name": "n.md5sum",
                          "bytes": 8
                        }
                      ]
                    }
                  ],
                  "ius": [
                    {
                      "name": "t.title",
                      "bytes": 8
                    },
                    {
                      "name": "ci.person_id",
                      "bytes": 8
                    },
                    {
                      "name": "ci.person_role_id",
                      "bytes": 8
                    },
                    {
                      "name": "n.name",
                      "bytes": 8
                    },
                    {
                      "name": "n.id",
                      "bytes": 8
                    }
                  ]
                },
                {
                  "Node Type": "Index Scan",
                  "Parent Relationship": "Inner",
                  "Parallel Aware": false,
                  "Async Capable": false,
                  "Scan Direction": "Forward",
                  "Index Name": "char_name_pkey",
                  "Relation Name": "char_name",
                  "Schema": "public",
                  "Alias": "chn",
                  "Startup Cost": 0.43,
                  "Total Cost": 1.74,
                  "Plan Rows": 1,
                  "Plan Width": 20,
                  "Actual Startup Time": 0.148,
                  "Actual Total Time": 0.148,
                  "Actual Rows": 0.99,
                  "Actual Loops": 143,
                  "Disabled": false,
                  "Output": [
                    "chn.id",
                    "chn.name",
                    "chn.imdb_index",
                    "chn.imdb_id",
                    "chn.name_pcode_nf",
                    "chn.surname_pcode",
                    "chn.md5sum"
                  ],
                  "Index Cond": "(chn.id = ci.person_role_id)",
                  "Rows Removed by Index Recheck": 0,
                  "Index Searches": 141,
                  "Shared Hit Blocks": 507,
                  "Shared Read Blocks": 57,
                  "Shared Dirtied Blocks": 0,
                  "Shared Written Blocks": 0,
                  "Local Hit Blocks": 0,
                  "Local Read Blocks": 0,
                  "Local Dirtied Blocks": 0,
                  "Local Written Blocks": 0,
                  "Temp Read Blocks": 0,
                  "Temp Written Blocks": 0,
                  "actual_scan_in_card": 3140339,
                  "ius": [
                    {
                      "name": "chn.id",
                      "bytes": 8
                    },
                    {
                      "name": "chn.name",
                      "bytes": 8
                    },
                    {
                      "name": "chn.imdb_index",
                      "bytes": 8
                    },
                    {
                      "name": "chn.imdb_id",
                      "bytes": 8
                    },
                    {
                      "name": "chn.name_pcode_nf",
                      "bytes": 8
                    },
                    {
                      "name": "chn.surname_pcode",
                      "bytes": 8
                    },
                    {
                      "name": "chn.md5sum",
                      "bytes": 8
                    }
                  ]
                }
              ],
              "ius": [
                {
                  "name": "t.title",
                  "bytes": 11
                },
                {
                  "name": "ci.person_id",
                  "bytes": 11
                },
                {
                  "name": "n.name",
                  "bytes": 11
                },
                {
                  "name": "n.id",
                  "bytes": 11
                },
                {
                  "name": "chn.name",
                  "bytes": 11
                }
              ]
            },
            {
              "Node Type": "Index Only Scan",
              "Parent Relationship": "Inner",
              "Parallel Aware": false,
              "Async Capable": false,
              "Scan Direction": "Forward",
              "Index Name": "person_id_aka_name",
              "Relation Name": "aka_name",
              "Schema": "public",
              "Alias": "an",
              "Startup Cost": 0.42,
              "Total Cost": 1.0,
              "Plan Rows": 2,
              "Plan Width": 4,
              "Actual Startup Time": 0.021,
              "Actual Total Time": 0.021,
              "Actual Rows": 1.95,
              "Actual Loops": 141,
              "Disabled": false,
              "Output": [
                "an.person_id"
              ],
              "Index Cond": "(an.person_id = ci.person_id)",
              "Rows Removed by Index Recheck": 0,
              "Heap Fetches": 0,
              "Index Searches": 141,
              "Shared Hit Blocks": 411,
              "Shared Read Blocks": 13,
              "Shared Dirtied Blocks": 0,
              "Shared Written Blocks": 0,
              "Local Hit Blocks": 0,
              "Local Read Blocks": 0,
              "Local Dirtied Blocks": 0,
              "Local Written Blocks": 0,
              "Temp Read Blocks": 0,
              "Temp Written Blocks": 0,
              "actual_scan_in_card": 901343,
              "ius": [
                {
                  "name": "an.person_id",
                  "bytes": 8
                }
              ]
            }
          ],
          "ius": [
            {
              "name": "chn.name",
              "bytes": 16
            },
            {
              "name": "n.name",
              "bytes": 16
            },
            {
              "name": "t.title",
              "bytes": 16
            }
          ]
        }
      ],
      "ius": [
        {
          "name": "min(chn.name)",
          "bytes": 32
        },
        {
          "name": "min(n.name)",
          "bytes": 32
        },
        {
          "name": "min(t.title)",
          "bytes": 32
        }
      ]
    },
    "Planning": {
      "Shared Hit Blocks": 182,
      "Shared Read Blocks": 70,
      "Shared Dirtied Blocks": 0,
      "Shared Written Blocks": 0,
      "Local Hit Blocks": 0,
      "Local Read Blocks": 0,
      "Local Dirtied Blocks": 0,
      "Local Written Blocks": 0,
      "Temp Read Blocks": 0,
      "Temp Written Blocks": 0
    },
    "Planning Time": 96.874,
    "Triggers": [],
    "Execution Time": 13036.099
  }
]