[
  {
    "Plan": {
      "Node Type": "Aggregate",
      "Strategy": "Plain",
      "Partial Mode": "Simple",
      "Parallel Aware": false,
      "Async Capable": false,
      "Startup Cost": 6547.58,
      "Total Cost": 6547.59,
      "Plan Rows": 1,
      "Plan Width": 96,
      "Actual Startup Time": 199.962,
      "Actual Total Time": 200.009,
      "Actual Rows": 1.0,
      "Actual Loops": 1,
      "Disabled": false,
      "Output": [
        "min(chn.name)",
        "min(n.name)",
        "min(t.title)"
      ],
      "Shared Hit Blocks": 2983,
      "Shared Read Blocks": 2746,
      "Shared Dirtied Blocks": 0,
      "Shared Written Blocks": 0,
      "Local Hit Blocks": 0,
      "Local Read Blocks": 0,
      "Local Dirtied Blocks": 0,
      "Local Written Blocks": 0,
      "Temp Read Blocks": 0,
      "Temp Written Blocks": 0,
      "Plans": [
        {
          "Node Type": "Nested Loop",
          "Parent Relationship": "Outer",
          "Parallel Aware": false,
          "Async Capable": false,
          "Join Type": "Inner",
          "Startup Cost": 1004.17,
          "Total Cost": 6547.58,
          "Plan Rows": 1,
          "Plan Width": 48,
          "Actual Startup Time": 125.113,
          "Actual Total Time": 199.991,
          "Actual Rows": 45.0,
          "Actual Loops": 1,
          "Disabled": false,
          "Output": [
            "chn.name",
            "n.name",
            "t.title"
          ],
          "Inner Unique": false,
          "Join Filter": "(an.person_id = n.id)",
          "Rows Removed by Join Filter": 0,
          "Shared Hit Blocks": 2983,
          "Shared Read Blocks": 2746,
          "Shared Dirtied Blocks": 0,
          "Shared Written Blocks": 0,
          "Local Hit Blocks": 0,
          "Local Read Blocks": 0,
          "Local Dirtied Blocks": 0,
          "Local Written Blocks": 0,
          "Temp Read Blocks": 0,
          "Temp Written Blocks": 0,
          "Plans": [
            {
              "Node Type": "Nested Loop",
              "Parent Relationship": "Outer",
              "Parallel Aware": false,
              "Async Capable": false,
              "Join Type": "Inner",
              "Startup Cost": 1003.75,
              "Total Cost": 6546.55,
              "Plan Rows": 1,
              "Plan Width": 56,
              "Actual Startup Time": 124.614,
              "Actual Total Time": 199.461,
              "Actual Rows": 9.0,
              "Actual Loops": 1,
              "Disabled": false,
              "Output": [
                "chn.name",
                "n.name",
                "n.id",
                "t.title",
                "ci.person_id"
              ],
              "Inner Unique": true,
              "Shared Hit Blocks": 2957,
              "Shared Read Blocks": 2744,
              "Shared Dirtied Blocks": 0,
              "Shared Written Blocks": 0,
              "Local Hit Blocks": 0,
              "Local Read Blocks": 0,
              "Local Dirtied Blocks": 0,
              "Local Written Blocks": 0,
              "Temp Read Blocks": 0,
              "Temp Written Blocks": 0,
              "Plans": [
                {
                  "Node Type": "Nested Loop",
                  "Parent Relationship": "Outer",
                  "Parallel Aware": false,
                  "Async Capable": false,
                  "Join Type": "Inner",
                  "Startup Cost": 1003.32,
                  "Total Cost": 6544.82,
                  "Plan Rows": 1,
                  "Plan Width": 44,
                  "Actual Startup Time": 124.208,
                  "Actual Total Time": 199.03,
                  "Actual Rows": 9.0,
                  "Actual Loops": 1,
                  "Disabled": false,
                  "Output": [
                    "n.name",
                    "n.id",
                    "t.title",
                    "ci.person_id",
                    "ci.person_role_id"
                  ],
                  "Inner Unique": true,
                  "Shared Hit Blocks": 2924,
                  "Shared Read Blocks": 2741,
                  "Shared Dirtied Blocks": 0,
                  "Shared Written Blocks": 0,
                  "Local Hit Blocks": 0,
                  "Local Read Blocks": 0,
                  "Local Dirtied Blocks": 0,
                  "Local Written Blocks": 0,
                  "Temp Read Blocks": 0,
                  "Temp Written Blocks": 0,
                  "Plans": [
                    {
                      "Node Type": "Nested Loop",
                      "Parent Relationship": "Outer",
                      "Parallel Aware": false,
                      "Async Capable": false,
                      "Join Type": "Inner",
                      "Startup Cost": 1002.89,
                      "Total Cost": 6542.97,
                      "Plan Rows": 1,
                      "Plan Width": 25,
                      "Actual Startup Time": 121.413,
                      "Actual Total Time": 192.391,
                      "Actual Rows": 62.0,
                      "Actual Loops": 1,
                      "Disabled": false,
                      "Output": [
                        "t.title",
                        "ci.person_id",
                        "ci.person_role_id"
                      ],
                      "Inner Unique": true,
                      "Shared Hit Blocks": 2706,
                      "Shared Read Blocks": 2711,
                      "Shared Dirtied Blocks": 0,
                      "Shared Written Blocks": 0,
                      "Local Hit Blocks": 0,
                      "Local Read Blocks": 0,
                      "Local Dirtied Blocks": 0,
                      "Local Written Blocks": 0,
                      "Temp Read Blocks": 0,
                      "Temp Written Blocks": 0,
                      "Plans": [
                        {
                          "Node Type": "Nested Loop",
                          "Parent Relationship": "Outer",
                          "Parallel Aware": false,
                          "Async Capable": false,
                          "Join Type": "Inner",
                          "Startup Cost": 1002.74,
                          "Total Cost": 6542.24,
                          "Plan Rows": 1,
                          "Plan Width": 29,
                          "Actual Startup Time": 58.231,
                          "Actual Total Time": 191.901,
                          "Actual Rows": 244.0,
                          "Actual Loops": 1,
                          "Disabled": false,
                          "Output": [
                            "t.title",
                            "ci.person_id",
                            "ci.role_id",
                            "ci.person_role_id"
                          ],
                          "Inner Unique": false,
                          "Join Filter": "(ci.movie_id = t.id)",
                          "Rows Removed by Join Filter": 0,
                          "Shared Hit Blocks": 2219,
                          "Shared Read Blocks": 2710,
                          "Shared Dirtied Blocks": 0,
                          "Shared Written Blocks": 0,
                          "Local Hit Blocks": 0,
                          "Local Read Blocks": 0,
                          "Local Dirtied Blocks": 0,
                          "Local Written Blocks": 0,
                          "Temp Read Blocks": 0,
                          "Temp Written Blocks": 0,
                          "Plans": [
                            {
                              "Node Type": "Nested Loop",
                              "Parent Relationship": "Outer",
                              "Parallel Aware": false,
                              "Async Capable": false,
                              "Join Type": "Inner",
                              "Startup Cost": 1002.3,
                              "Total Cost": 6511.46,
                              "Plan Rows": 1,
                              "Plan Width": 33,
                              "Actual Startup Time": 57.031,
                              "Actual Total Time": 83.595,
                              "Actual Rows": 9.0,
                              "Actual Loops": 1,
                              "Disabled": false,
                              "Output": [
                                "mc.movie_id",
                                "t.title",
                                "t.id",
                                "mk.movie_id",
                                "mi.movie_id"
                              ],
                              "Inner Unique": true,
                              "Shared Hit Blocks": 1346,
                              "Shared Read Blocks": 2527,
                              "Shared Dirtied Blocks": 0,
                              "Shared Written Blocks": 0,
                              "Local Hit Blocks": 0,
                              "Local Read Blocks": 0,
                              "Local Dirtied Blocks": 0,
                              "Local Written Blocks": 0,
                              "Temp Read Blocks": 0,
                              "Temp Written Blocks": 0,
                              "Plans": [
                                {
                                  "Node Type": "Nested Loop",
                                  "Parent Relationship": "Outer",
                                  "Parallel Aware": false,
                                  "Async Capable": false,
                                  "Join Type": "Inner",
                                  "Startup Cost": 1002.16,
                                  "Total Cost": 6511.28,
                                  "Plan Rows": 1,
                                  "Plan Width": 37,
                                  "Actual Startup Time": 57.012,
                                  "Actual Total Time": 83.555,
                                  "Actual Rows": 9.0,
                                  "Actual Loops": 1,
                                  "Disabled": false,
                                  "Output": [
                                    "mc.movie_id",
                                    "t.title",
                                    "t.id",
                                    "mk.movie_id",
                                    "mi.movie_id",
                                    "mi.info_type_id"
                                  ],
                                  "Inner Unique": false,
                                  "Join Filter": "(mi.movie_id = t.id)",
                                  "Rows Removed by Join Filter": 0,
                                  "Shared Hit Blocks": 1328,
                                  "Shared Read Blocks": 2527,
                                  "Shared Dirtied Blocks": 0,
                                  "Shared Written Blocks": 0,
                                  "Local Hit Blocks": 0,
                                  "Local Read Blocks": 0,
                                  "Local Dirtied Blocks": 0,
                                  "Local Written Blocks": 0,
                                  "Temp Read Blocks": 0,
                                  "Temp Written Blocks": 0,
                                  "Plans": [
                                    {
                                      "Node Type": "Gather",
                                      "Parent Relationship": "Outer",
                                      "Parallel Aware": false,
                                      "Async Capable": false,
                                      "Startup Cost": 1001.72,
                                      "Total Cost": 6483.32,
                                      "Plan Rows": 1,
                                      "Plan Width": 29,
                                      "Actual Startup Time": 33.45,
                                      "Actual Total Time": 72.58,
                                      "Actual Rows": 6.0,
                                      "Actual Loops": 1,
                                      "Disabled": false,
                                      "Output": [
                                        "mc.movie_id",
                                        "t.title",
                                        "t.id",
                                        "mk.movie_id"
                                      ],
                                      "Workers Planned": 1,
                                      "Workers Launched": 1,
                                      "Single Copy": false,
                                      "Shared Hit Blocks": 1276,
                                      "Shared Read Blocks": 2488,
                                      "Shared Dirtied Blocks": 0,
                                      "Shared Written Blocks": 0,
                                      "Local Hit Blocks": 0,
                                      "Local Read Blocks": 0,
                                      "Local Dirtied Blocks": 0,
                                      "Local Written Blocks": 0,
                                      "Temp Read Blocks": 0,
                                      "Temp Written Blocks": 0,
                                      "Plans": [
                                        {
                                          "Node Type": "Nested Loop",
                                          "Parent Relationship": "Outer",
                                          "Parallel Aware": false,
                                          "Async Capable": false,
                                          "Join Type": "Inner",
                                          "Startup Cost": 1.72,
                                          "Total Cost": 5483.22,
                                          "Plan Rows": 1,
                                          "Plan Width": 29,
                                          "Actual Startup Time": 31.802,
                                          "Actual Total Time": 51.345,
                                          "Actual Rows": 3.0,
                                          "Actual Loops": 2,
                                          "Disabled": false,
                                          "Output": [
                                            "mc.movie_id",
                                            "t.title",
                                            "t.id",
                                            "mk.movie_id"
                                          ],
                                          "Inner Unique": true,
                                          "Shared Hit Blocks": 1276,
                                          "Shared Read Blocks": 2488,
                                          "Shared Dirtied Blocks": 0,
                                          "Shared Written Blocks": 0,
                                          "Local Hit Blocks": 0,
                                          "Local Read Blocks": 0,
                                          "Local Dirtied Blocks": 0,
                                          "Local Written Blocks": 0,
                                          "Temp Read Blocks": 0,
                                          "Temp Written Blocks": 0,
                                          "Workers": [
                                            {
                                              "Worker Number": 0,
                                              "Actual Startup Time": 30.383,
                                              "Actual Total Time": 30.384,
                                              "Actual Rows": 0.0,
                                              "Actual Loops": 1,
                                              "Shared Hit Blocks": 797,
                                              "Shared Read Blocks": 1567,
                                              "Shared Dirtied Blocks": 0,
                                              "Shared Written Blocks": 0,
                                              "Local Hit Blocks": 0,
                                              "Local Read Blocks": 0,
                                              "Local Dirtied Blocks": 0,
                                              "Local Written Blocks": 0,
                                              "Temp Read Blocks": 0,
                                              "Temp Written Blocks": 0
                                            }
                                          ],
                                          "Plans": [
                                            {
                                              "Node Type": "Nested Loop",
                                              "Parent Relationship": "Outer",
                                              "Parallel Aware": false,
                                              "Async Capable": false,
                                              "Join Type": "Inner",
                                              "Startup Cost": 1.29,
                                              "Total Cost": 5481.73,
                                              "Plan Rows": 1,
                                              "Plan Width": 33,
                                              "Actual Startup Time": 31.092,
                                              "Actual Total Time": 45.154,
                                              "Actual Rows": 41.5,
                                              "Actual Loops": 2,
                                              "Disabled": false,
                                              "Output": [
                                                "mc.movie_id",
                                                "t.title",
                                                "t.id",
                                                "mk.movie_id",
                                                "mk.keyword_id"
                                              ],
                                              "Inner Unique": false,
                                              "Join Filter": "(mk.movie_id = t.id)",
                                              "Rows Removed by Join Filter": 0,
                                              "Shared Hit Blocks": 1131,
                                              "Shared Read Blocks": 2397,
                                              "Shared Dirtied Blocks": 0,
                                              "Shared Written Blocks": 0,
                                              "Local Hit Blocks": 0,
                                              "Local Read Blocks": 0,
                                              "Local Dirtied Blocks": 0,
                                              "Local Written Blocks": 0,
                                              "Temp Read Blocks": 0,
                                              "Temp Written Blocks": 0,
                                              "Workers": [
                                                {
                                                  "Worker Number": 0,
                                                  "Actual Startup Time": 30.383,
                                                  "Actual Total Time": 30.384,
                                                  "Actual Rows": 0.0,
                                                  "Actual Loops": 1,
                                                  "Shared Hit Blocks": 797,
                                                  "Shared Read Blocks": 1567,
                                                  "Shared Dirtied Blocks": 0,
                                                  "Shared Written Blocks": 0,
                                                  "Local Hit Blocks": 0,
                                                  "Local Read Blocks": 0,
                                                  "Local Dirtied Blocks": 0,
                                                  "Local Written Blocks": 0,
                                                  "Temp Read Blocks": 0,
                                                  "Temp Written Blocks": 0
                                                }
                                              ],
                                              "Plans": [
                                                {
                                                  "Node Type": "Nested Loop",
                                                  "Parent Relationship": "Outer",
                                                  "Parallel Aware": false,
                                                  "Async Capable": false,
                                                  "Join Type": "Inner",
                                                  "Startup Cost": 0.86,
                                                  "Total Cost": 5478.75,
                                                  "Plan Rows": 1,
                                                  "Plan Width": 25,
                                                  "Actual Startup Time": 30.701,
                                                  "Actual Total Time": 44.179,
                                                  "Actual Rows": 2.0,
                                                  "Actual Loops": 2,
                                                  "Disabled": false,
                                                  "Output": [
                                                    "mc.movie_id",
                                                    "t.title",
                                                    "t.id"
                                                  ],
                                                  "Inner Unique": true,
                                                  "Shared Hit Blocks": 1121,
                                                  "Shared Read Blocks": 2390,
                                                  "Shared Dirtied Blocks": 0,
                                                  "Shared Written Blocks": 0,
                                                  "Local Hit Blocks": 0,
                                                  "Local Read Blocks": 0,
                                                  "Local Dirtied Blocks": 0,
                                                  "Local Written Blocks": 0,
                                                  "Temp Read Blocks": 0,
                                                  "Temp Written Blocks": 0,
                                                  "Workers": [
                                                    {
                                                      "Worker Number": 0,
                                                      "Actual Startup Time": 30.383,
                                                      "Actual Total Time": 30.384,
                                                      "Actual Rows": 0.0,
                                                      "Actual Loops": 1,
                                                      "Shared Hit Blocks": 797,
                                                      "Shared Read Blocks": 1567,
                                                      "Shared Dirtied Blocks": 0,
                                                      "Shared Written Blocks": 0,
                                                      "Local Hit Blocks": 0,
                                                      "Local Read Blocks": 0,
                                                      "Local Dirtied Blocks": 0,
                                                      "Local Written Blocks": 0,
                                                      "Temp Read Blocks": 0,
                                                      "Temp Written Blocks": 0
                                                    }
                                                  ],
                                                  "Plans": [
                                                    {
                                                      "Node Type": "Nested Loop",
                                                      "Parent Relationship": "Outer",
                                                      "Parallel Aware": false,
                                                      "Async Capable": false,
                                                      "Join Type": "Inner",
                                                      "Startup Cost": 0.43,
                                                      "Total Cost": 5468.94,
                                                      "Plan Rows": 6,
                                                      "Plan Width": 4,
                                                      "Actual Startup Time": 25.291,
                                                      "Actual Total Time": 28.95,
                                                      "Actual Rows": 49.5,
                                                      "Actual Loops": 2,
                                                      "Disabled": false,
                                                      "Output": [
                                                        "mc.movie_id"
                                                      ],
                                                      "Inner Unique": false,
                                                      "Shared Hit Blocks": 897,
                                                      "Shared Read Blocks": 2218,
                                                      "Shared Dirtied Blocks": 0,
                                                      "Shared Written Blocks": 0,
                                                      "Local Hit Blocks": 0,
                                                      "Local Read Blocks": 0,
                                                      "Local Dirtied Blocks": 0,
                                                      "Local Written Blocks": 0,
                                                      "Temp Read Blocks": 0,
                                                      "Temp Written Blocks": 0,
                                                      "Workers": [
                                                        {
                                                          "Worker Number": 0,
                                                          "Actual Startup Time": 30.383,
                                                          "Actual Total Time": 30.383,
                                                          "Actual Rows": 0.0,
                                                          "Actual Loops": 1,
                                                          "Shared Hit Blocks": 797,
                                                          "Shared Read Blocks": 1567,
                                                          "Shared Dirtied Blocks": 0,
                                                          "Shared Written Blocks": 0,
                                                          "Local Hit Blocks": 0,
                                                          "Local Read Blocks": 0,
                                                          "Local Dirtied Blocks": 0,
                                                          "Local Written Blocks": 0,
                                                          "Temp Read Blocks": 0,
                                                          "Temp Written Blocks": 0
                                                        }
                                                      ],
                                                      "Plans": [
                                                        {
                                                          "Node Type": "Seq Scan",
                                                          "Parent Relationship": "Outer",
                                                          "Parallel Aware": true,
                                                          "Async Capable": false,
                                                          "Relation Name": "company_name",
                                                          "Schema": "public",
                                                          "Alias": "cn",
                                                          "Startup Cost": 0.0,
                                                          "Total Cost": 5113.5,
                                                          "Plan Rows": 1,
                                                          "Plan Width": 4,
                                                          "Actual Startup Time": 24.778,
                                                          "Actual Total Time": 24.971,
                                                          "Actual Rows": 0.5,
                                                          "Actual Loops": 2,
                                                          "Disabled": false,
                                                          "Output": [
                                                            "cn.id",
                                                            "cn.name",
                                                            "cn.country_code",
                                                            "cn.imdb_id",
                                                            "cn.name_pcode_nf",
                                                            "cn.name_pcode_sf",
                                                            "cn.md5sum"
                                                          ],
                                                          "Filter": "(((cn.country_code)::text = '[us]'::text) AND (cn.name = 'DreamWorks Animation'::text))",
                                                          "Rows Removed by Filter": 117498,
                                                          "Shared Hit Blocks": 896,
                                                          "Shared Read Blocks": 2144,
                                                          "Shared Dirtied Blocks": 0,
                                                          "Shared Written Blocks": 0,
                                                          "Local Hit Blocks": 0,
                                                          "Local Read Blocks": 0,
                                                          "Local Dirtied Blocks": 0,
                                                          "Local Written Blocks": 0,
                                                          "Temp Read Blocks": 0,
                                                          "Temp Written Blocks": 0,
                                                          "Workers": [
                                                            {
                                                              "Worker Number": 0,
                                                              "Actual Startup Time": 30.382,
                                                              "Actual Total Time": 30.383,
                                                              "Actual Rows": 0.0,
                                                              "Actual Loops": 1,
                                                              "Shared Hit Blocks": 797,
                                                              "Shared Read Blocks": 1567,
                                                              "Shared Dirtied Blocks": 0,
                                                              "Shared Written Blocks": 0,
                                                              "Local Hit Blocks": 0,
                                                              "Local Read Blocks": 0,
                                                              "Local Dirtied Blocks": 0,
                                                              "Local Written Blocks": 0,
                                                              "Temp Read Blocks": 0,
                                                              "Temp Written Blocks": 0
                                                            }
                                                          ],
                                                          "actual_scan_in_card": 234997,
                                                          "actual_funnel_counts": [
                                                            234997,
                                                            84843,
                                                            1
                                                          ],
                                                          "component_selectivity": {
                                                            "compare_selectivity": 0.3610386515572539,
                                                            "compare_selectivity_2": 1.1786476197211319e-05
                                                          },
                                                          "ius": [
                                                            {
                                                              "name": "cn.id",
                                                              "bytes": 8
                                                            },
                                                            {
                                                              "name": "cn.name",
                                                              "bytes": 8
                                                            },
                                                            {
                                                              "name": "cn.country_code",
                                                              "bytes": 8
                                                            },
                                                            {
                                                              "name": "cn.imdb_id",
                                                              "bytes": 8
                                                            },
                                                            {
                                                              "name": "cn.name_pcode_nf",
                                                              "bytes": 8
                                                            },
                                                            {
                                                              "name": "cn.name_pcode_sf",
                                                              "bytes": 8
                                                            },
                                                            {
                                                              "name": "cn.md5sum",
                                                              "bytes": 8
                                                            }
                                                          ]
                                                        },
                                                        {
                                                          "Node Type": "Index Scan",
                                                          "Parent Relationship": "Inner",
                                                          "Parallel Aware": false,
                                                          "Async Capable": false,
                                                          "Scan Direction": "Forward",
                                                          "Index Name": "company_id_movie_companies",
                                                          "Relation Name": "movie_companies",
                                                          "Schema": "public",
                                                          "Alias": "mc",
                                                          "Startup Cost": 0.43,
                                                          "Total Cost": 354.11,
                                                          "Plan Rows": 133,
                                                          "Plan Width": 8,
                                                          "Actual Startup Time": 1.021,
                                                          "Actual Total Time": 7.937,
                                                          "Actual Rows": 99.0,
                                                          "Actual Loops": 1,
                                                          "Disabled": false,
                                                          "Output": [
                                                            "mc.id",
                                                            "mc.movie_id",
                                                            "mc.company_id",
                                                            "mc.company_type_id",
                                                            "mc.note"
                                                          ],
                                                          "Index Cond": "(mc.company_id = cn.id)",
                                                          "Rows Removed by Index Recheck": 0,
                                                          "Index Searches": 1,
                                                          "Shared Hit Blocks": 1,
                                                          "Shared Read Blocks": 74,
                                                          "Shared Dirtied Blocks": 0,
                                                          "Shared Written Blocks": 0,
                                                          "Local Hit Blocks": 0,
                                                          "Local Read Blocks": 0,
                                                          "Local Dirtied Blocks": 0,
                                                          "Local Written Blocks": 0,
                                                          "Temp Read Blocks": 0,
                                                          "Temp Written Blocks": 0,
                                                          "Workers": [],
                                                          "actual_scan_in_card": 2609129,
                                                          "ius": [
                                                            {
                                                              "name": "mc.id",
                                                              "bytes": 8
                                                            },
                                                            {
                                                              "name": "mc.movie_id",
                                                              "bytes": 8
                                                            },
                                                            {
                                                              "name": "mc.company_id",
                                                              "bytes": 8
                                                            },
                                                            {
                                                              "name": "mc.company_type_id",
                                                              "bytes": 8
                                                            },
                                                            {
                                                              "name": "mc.note",
                                                              "bytes": 8
                                                            }
                                                          ]
                                                        }
                                                      ],
                                                      "ius": [
                                                        {
                                                          "name": "mc.movie_id",
                                                          "bytes": 8
                                                        }
                                                      ]
                                                    },
                                                    {
                                                      "Node Type": "Index Scan",
                                                      "Parent Relationship": "Inner",
                                                      "Parallel Aware": false,
                                                      "Async Capable": false,
                                                      "Scan Direction": "Forward",
                                                      "Index Name": "title_pkey",
                                                      "Relation Name": "title",
                                                      "Schema": "public",
                                                      "Alias": "t",
                                                      "Startup Cost": 0.43,
                                                      "Total Cost": 1.62,
                                                      "Plan Rows": 1,
                                                      "Plan Width": 21,
                                                      "Actual Startup Time": 0.307,
                                                      "Actual Total Time": 0.307,
                                                      "Actual Rows": 0.04,
                                                      "Actual Loops": 99,
                                                      "Disabled": false,
                                                      "Output": [
                                                        "t.id",
                                                        "t.title",
                                                        "t.imdb_index",
                                                        "t.kind_id",
                                                        "t.production_year",
                                                        "t.imdb_id",
                                                        "t.phonetic_code",
                                                        "t.episode_of_id",
                                                        "t.season_nr",
                                                        "t.episode_nr",
                                                        "t.series_years",
                                                        "t.md5sum"
                                                      ],
                                                      "Index Cond": "(t.id = mc.movie_id)",
                                                      "Rows Removed by Index Recheck": 0,
                                                      "Filter": "((t.production_year > 2010) AND (t.title ~~ 'Kung Fu Panda%'::text))",
                                                      "Rows Removed by Filter": 1,
                                                      "Index Searches": 99,
                                                      "Shared Hit Blocks": 224,
                                                      "Shared Read Blocks": 172,
                                                      "Shared Dirtied Blocks": 0,
                                                      "Shared Written Blocks": 0,
                                                      "Local Hit Blocks": 0,
                                                      "Local Read Blocks": 0,
                                                      "Local Dirtied Blocks": 0,
                                                      "Local Written Blocks": 0,
                                                      "Temp Read Blocks": 0,
                                                      "Temp Written Blocks": 0,
                                                      "Workers": [],
                                                      "actual_scan_in_card": 2528312,
                                                      "actual_funnel_counts": [
                                                        2528312,
                                                        391666,
                                                        8
                                                      ],
                                                      "component_selectivity": {
                                                        "compare_selectivity": 0.15491205199358307,
                                                        "expression_selectivity": 2.0425566681815627e-05
                                                      },
                                                      "ius": [
                                                        {
                                                          "name": "t.id",
                                                          "bytes": 8
                                                        },
                                                        {
                                                          "name": "t.title",
                                                          "bytes": 8
                                                        },
                                                        {
                                                          "name": "t.imdb_index",
                                                          "bytes": 8
                                                        },
                                                        {
                                                          "name": "t.kind_id",
                                                          "bytes": 8
                                                        },
                                                        {
                                                          "name": "t.production_year",
                                                          "bytes": 8
                                                        },
                                                        {
                                                          "name": "t.imdb_id",
                                                          "bytes": 8
                                                        },
                                                        {
                                                          "name": "t.phonetic_code",
                                                          "bytes": 8
                                                        },
                                                        {
                                                          "name": "t.episode_of_id",
                                                          "bytes": 8
                                                        },
                                                        {
                                                          "name": "t.season_nr",
                                                          "bytes": 8
                                                        },
                                                        {
                                                          "name": "t.episode_nr",
                                                          "bytes": 8
                                                        },
                                                        {
                                                          "name": "t.series_years",
                                                          "bytes": 8
                                                        },
                                                        {
                                                          "name": "t.md5sum",
                                                          "bytes": 8
                                                        }
                                                      ]
                                                    }
                                                  ],
                                                  "ius": [
                                                    {
                                                      "name": "mc.movie_id",
                                                      "bytes": 8
                                                    },
                                                    {
                                                      "name": "t.title",
                                                      "bytes": 8
                                                    },
                                                    {
                                                      "name": "t.id",
                                                      "bytes": 8
                                                    }
                                                  ]
                                                },
                                                {
                                                  "Node Type": "Index Scan",
                                                  "Parent Relationship": "Inner",
                                                  "Parallel Aware": false,
                                                  "Async Capable": false,
                                                  "Scan Direction": "Forward",
                                                  "Index Name": "movie_id_movie_keyword",
                                                  "Relation Name": "movie_keyword",
                                                  "Schema": "public",
                                                  "Alias": "mk",
                                                  "Startup Cost": 0.43,
                                                  "Total Cost": 2.41,
                                                  "Plan Rows": 46,
                                                  "Plan Width": 8,
                                                  "Actual Startup Time": 0.426,
                                                  "Actual Total Time": 0.483,
                                                  "Actual Rows": 20.75,
                                                  "Actual Loops": 4,
                                                  "Disabled": false,
                                                  "Output": [
                                                    "mk.id",
                                                    "mk.movie_id",
                                                    "mk.keyword_id"
                                                  ],
                                                  "Index Cond": "(mk.movie_id = mc.movie_id)",
                                                  "Rows Removed by Index Recheck": 0,
                                                  "Index Searches": 4,
                                                  "Shared Hit Blocks": 10,
                                                  "Shared Read Blocks": 7,
                                                  "Shared Dirtied Blocks": 0,
                                                  "Shared Written Blocks": 0,
                                                  "Local Hit Blocks": 0,
                                                  "Local Read Blocks": 0,
                                                  "Local Dirtied Blocks": 0,
                                                  "Local Written Blocks": 0,
                                                  "Temp Read Blocks": 0,
                                                  "Temp Written Blocks": 0,
                                                  "Workers": [],
                                                  "actual_scan_in_card": 4523930,
                                                  "ius": [
                                                    {
                                                      "name": "mk.id",
                                                      "bytes": 8
                                                    },
                                                    {
                                                      "name": "mk.movie_id",
                                                      "bytes": 8
                                                    },
                                                    {
                                                      "name": "mk.keyword_id",
                                                      "bytes": 8
                                                    }
                                                  ]
                                                }
                                              ],
                                              "ius": [
                                                {
                                                  "name": "mc.movie_id",
                                                  "bytes": 8
                                                },
                                                {
                                                  "name": "t.title",
                                                  "bytes": 8
                                                },
                                                {
                                                  "name": "t.id",
                                                  "bytes": 8
                                                },
                                                {
                                                  "name": "mk.movie_id",
                                                  "bytes": 8
                                                },
                                                {
                                                  "name": "mk.keyword_id",
                                                  "bytes": 8
                                                }
                                              ]
                                            },
                                            {
                                              "Node Type": "Memoize",
                                              "Parent Relationship": "Inner",
                                              "Parallel Aware": false,
                                              "Async Capable": false,
                                              "Startup Cost": 0.43,
                                              "Total Cost": 1.47,
                                              "Plan Rows": 1,
                                              "Plan Width": 4,
                                              "Actual Startup Time": 0.149,
                                              "Actual Total Time": 0.149,
                                              "Actual Rows": 0.07,
                                              "Actual Loops": 83,
                                              "Disabled": false,
                                              "Output": [
                                                "k.id"
                                              ],
                                              "Cache Key": "mk.keyword_id",
                                              "Cache Mode": "logical",
                                              "Cache Hits": 24,
                                              "Cache Misses": 59,
                                              "Cache Evictions": 0,
                                              "Cache Overflows": 0,
                                              "Peak Memory Usage": 4,
                                              "Shared Hit Blocks": 145,
                                              "Shared Read Blocks": 91,
                                              "Shared Dirtied Blocks": 0,
                                              "Shared Written Blocks": 0,
                                              "Local Hit Blocks": 0,
                                              "Local Read Blocks": 0,
                                              "Local Dirtied Blocks": 0,
                                              "Local Written Blocks": 0,
                                              "Temp Read Blocks": 0,
                                              "Temp Written Blocks": 0,
                                              "Workers": [],
                                              "Plans": [
                                                {
                                                  "Node Type": "Index Scan",
                                                  "Parent Relationship": "Outer",
                                                  "Parallel Aware": false,
                                                  "Async Capable": false,
                                                  "Scan Direction": "Forward",
                                                  "Index Name": "keyword_pkey",
                                                  "Relation Name": "keyword",
                                                  "Schema": "public",
                                                  "Alias": "k",
                                                  "Startup Cost": 0.42,
                                                  "Total Cost": 1.46,
                                                  "Plan Rows": 1,
                                                  "Plan Width": 4,
                                                  "Actual Startup Time": 0.197,
                                                  "Actual Total Time": 0.197,
                                                  "Actual Rows": 0.03,
                                                  "Actual Loops": 59,
                                                  "Disabled": false,
                                                  "Output": [
                                                    "k.id"
                                                  ],
                                                  "Index Cond": "(k.id = mk.keyword_id)",
                                                  "Rows Removed by Index Recheck": 0,
                                                  "Filter": "(k.keyword = ANY ('{hero,martial-arts,hand-to-hand-combat,computer-animated-movie}'::text[]))",
                                                  "Rows Removed by Filter": 1,
                                                  "Index Searches": 59,
                                                  "Shared Hit Blocks": 145,
                                                  "Shared Read Blocks": 91,
                                                  "Shared Dirtied Blocks": 0,
                                                  "Shared Written Blocks": 0,
                                                  "Local Hit Blocks": 0,
                                                  "Local Read Blocks": 0,
                                                  "Local Dirtied Blocks": 0,
                                                  "Local Written Blocks": 0,
                                                  "Temp Read Blocks": 0,
                                                  "Temp Written Blocks": 0,
                                                  "Workers": [],
                                                  "actual_scan_in_card": 134170,
                                                  "actual_funnel_counts": [
                                                    134170,
                                                    3
                                                  ],
                                                  "component_selectivity": {
                                                    "compare_selectivity": 2.2359692926883804e-05
                                                  },
                                                  "ius": [
                                                    {
                                                      "name": "k.id",
                                                      "bytes": 8
                                                    }
                                                  ]
                                                }
                                              ],
                                              "ius": [
                                                {
                                                  "name": "k.id",
                                                  "bytes": 8
                                                }
                                              ]
                                            }
                                          ],
                                          "ius": [
                                            {
                                              "name": "mc.movie_id",
                                              "bytes": 8
                                            },
                                            {
                                              "name": "t.title",
                                              "bytes": 8
                                            },
                                            {
                                              "name": "t.id",
                                              "bytes": 8
                                            },
                                            {
                                              "name": "mk.movie_id",
                                              "bytes": 8
                                            }
                                          ]
                                        }
                                      ],
                                      "ius": [
                                        {
                                          "name": "mc.movie_id",
                                          "bytes": 8
                                        },
                                        {
                                          "name": "t.title",
                                          "bytes": 8
                                        },
                                        {
                                          "name": "t.id",
                                          "bytes": 8
                                        },
                                        {
                                          "name": "mk.movie_id",
                                          "bytes": 8
                                        }
                                      ]
                                    },
                                    {
                                      "Node Type": "Index Scan",
                                      "Parent Relationship": "Inner",
                                      "Parallel Aware": false,
                                      "Async Capable": false,
                                      "Scan Direction": "Forward",
                                      "Index Name": "movie_id_movie_info",
                                      "Relation Name": "movie_info",
                                      "Schema": "public",
                                      "Alias": "mi",
                                      "Startup Cost": 0.43,
                                      "Total Cost": 27.95,
                                      "Plan Rows": 1,
                                      "Plan Width": 8,
                                      "Actual Startup Time": 0.813,
                                      "Actual Total Time": 1.828,
                                      "Actual Rows": 1.5,
                                      "Actual Loops": 6,
                                      "Disabled": false,
                                      "Output": [
                                        "mi.id",
                                        "mi.movie_id",
                                        "mi.info_type_id",
                                        "mi.info",
                                        "mi.note"
                                      ],
                                      "Index Cond": "(mi.movie_id = mk.movie_id)",
                                      "Rows Removed by Index Recheck": 0,
                                      "Filter": "((mi.info ~~ 'Japan:%201%'::text) OR (mi.info ~~ 'USA:%201%'::text))",
                                      "Rows Removed by Filter": 89,
                                      "Index Searches": 6,
                                      "Shared Hit Blocks": 52,
                                      "Shared Read Blocks": 39,
                                      "Shared Dirtied Blocks": 0,
                                      "Shared Written Blocks": 0,
                                      "Local Hit Blocks": 0,
                                      "Local Read Blocks": 0,
                                      "Local Dirtied Blocks": 0,
                                      "Local Written Blocks": 0,
                                      "Temp Read Blocks": 0,
                                      "Temp Written Blocks": 0,
                                      "actual_scan_in_card": 14835720,
                                      "actual_funnel_counts": [
                                        14835720,
                                        301247
                                      ],
                                      "component_selectivity": {
                                        "expression_selectivity": 0.020305519381600624
                                      },
                                      "ius": [
                                        {
                                          "name": "mi.id",
                                          "bytes": 8
                                        },
                                        {
                                          "name": "mi.movie_id",
                                          "bytes": 8
                                        },
                                        {
                                          "name": "mi.info_type_id",
                                          "bytes": 8
                                        },
                                        {
                                          "name": "mi.info",
                                          "bytes": 8
                                        },
                                        {
                                          "name": "mi.note",
                                          "bytes": 8
                                        }
                                      ]
                                    }
                                  ],
                                  "ius": [
                                    {
                                      "name": "mc.movie_id",
                                      "bytes": 8
                                    },
                                    {
                                      "name": "t.title",
                                      "bytes": 8
                                    },
                                    {
                                      "name": "t.id",
                                      "bytes": 8
                                    },
                                    {
                                      "name": "mk.movie_id",
                                      "bytes": 8
                                    },
                                    {
                                      "name": "mi.movie_id",
                                      "bytes": 8
                                    },
                                    {
                                      "name": "mi.info_type_id",
                                      "bytes": 8
                                    }
                                  ]
                                },
                                {
                                  "Node Type": "Index Scan",
                                  "Parent Relationship": "Inner",
                                  "Parallel Aware": false,
                                  "Async Capable": false,
                                  "Scan Direction": "Forward",
                                  "Index Name": "info_type_pkey",
                                  "Relation Name": "info_type",
                                  "Schema": "public",
                                  "Alias": "it",
                                  "Startup Cost": 0.14,
                                  "Total Cost": 0.16,
                                  "Plan Rows": 1,
                                  "Plan Width": 4,
                                  "Actual Startup Time": 0.004,
                                  "Actual Total Time": 0.004,
                                  "Actual Rows": 1.0,
                                  "Actual Loops": 9,
                                  "Disabled": false,
                                  "Output": [
                                    "it.id",
                                    "it.info"
                                  ],
                                  "Index Cond": "(it.id = mi.info_type_id)",
                                  "Rows Removed by Index Recheck": 0,
                                  "Filter": "((it.info)::text = 'release dates'::text)",
                                  "Rows Removed by Filter": 0,
                                  "Index Searches": 9,
                                  "Shared Hit Blocks": 18,
                                  "Shared Read Blocks": 0,
                                  "Shared Dirtied Blocks": 0,
                                  "Shared Written Blocks": 0,
                                  "Local Hit Blocks": 0,
                                  "Local Read Blocks": 0,
                                  "Local Dirtied Blocks": 0,
                                  "Local Written Blocks": 0,
                                  "Temp Read Blocks": 0,
                                  "Temp Written Blocks": 0,
                                  "actual_scan_in_card": 113,
                                  "actual_funnel_counts": [
                                    113,
                                    1
                                  ],
                                  "component_selectivity": {
                                    "compare_selectivity": 0.008849557522123894
                                  },
                                  "ius": [
                                    {
                                      "name": "it.id",
                                      "bytes": 8
                                    },
                                    {
                                      "name": "it.info",
                                      "bytes": 8
                                    }
                                  ]
                                }
                              ],
                              "ius": [
                                {
                                  "name": "mc.movie_id",
                                  "bytes": 8
                                },
                                {
                                  "name": "t.title",
                                  "bytes": 8
                                },
                                {
                                  "name": "t.id",
                                  "bytes": 8
                                },
                                {
                                  "name": "mk.movie_id",
                                  "bytes": 8
                                },
                                {
                                  "name": "mi.movie_id",
                                  "bytes": 8
                                }
                              ]
                            },
                            {
                              "Node Type": "Index Scan",
                              "Parent Relationship": "Inner",
                              "Parallel Aware": false,
                              "Async Capable": false,
                              "Scan Direction": "Forward",
                              "Index Name": "movie_id_cast_info",
                              "Relation Name": "cast_info",
                              "Schema": "public",
                              "Alias": "ci",
                              "Startup Cost": 0.44,
                              "Total Cost": 30.76,
                              "Plan Rows": 1,
                              "Plan Width": 16,
                              "Actual Startup Time": 0.152,
                              "Actual Total Time": 12.029,
                              "Actual Rows": 27.11,
                              "Actual Loops": 9,
                              "Disabled": false,
                              "Output": [
                                "ci.id",
                                "ci.person_id",
                                "ci.movie_id",
                                "ci.person_role_id",
                                "ci.note",
                                "ci.nr_order",
                                "ci.role_id"
                              ],
                              "Index Cond": "(ci.movie_id = mk.movie_id)",
                              "Rows Removed by Index Recheck": 0,
                              "Filter": "(ci.note = ANY ('{(voice),\"(voice: Japanese version)\",\"(voice) (uncredited)\",\"(voice: English version)\"}'::text[]))",
                              "Rows Removed by Filter": 91,
                              "Index Searches": 9,
                              "Shared Hit Blocks": 873,
                              "Shared Read Blocks": 183,
                              "Shared Dirtied Blocks": 0,
                              "Shared Written Blocks": 0,
                              "Local Hit Blocks": 0,
                              "Local Read Blocks": 0,
                              "Local Dirtied Blocks": 0,
                              "Local Written Blocks": 0,
                              "Temp Read Blocks": 0,
                              "Temp Written Blocks": 0,
                              "actual_scan_in_card": 36244344,
                              "actual_funnel_counts": [
                                36244344,
                                867477
                              ],
                              "component_selectivity": {
                                "compare_selectivity": 0.023934134385216077
                              },
                              "ius": [
                                {
                                  "name": "ci.id",
                                  "bytes": 8
                                },
                                {
                                  "name": "ci.person_id",
                                  "bytes": 8
                                },
                                {
                                  "name": "ci.movie_id",
                                  "bytes": 8
                                },
                                {
                                  "name": "ci.person_role_id",
                                  "bytes": 8
                                },
                                {
                                  "name": "ci.note",
                                  "bytes": 8
                                },
                                {
                                  "name": "ci.nr_order",
                                  "bytes": 8
                                },
                                {
                                  "name": "ci.role_id",
                                  "bytes": 8
                                }
                              ]
                            }
                          ],
                          "ius": [
                            {
                              "name": "t.title",
                              "bytes": 8
                            },
                            {
                              "name": "ci.person_id",
                              "bytes": 8
                            },
                            {
                              "name": "ci.role_id",
                              "bytes": 8
                            },
                            {
                              "name": "ci.person_role_id",
                              "bytes": 8
                            }
                          ]
                        },
                        {
                          "Node Type": "Index Scan",
                          "Parent Relationship": "Inner",
                          "Parallel Aware": false,
                          "Async Capable": false,
                          "Scan Direction": "Forward",
                          "Index Name": "role_type_pkey",
                          "Relation Name": "role_type",
                          "Schema": "public",
                          "Alias": "rt",
                          "Startup Cost": 0.15,
                          "Total Cost": 0.57,
                          "Plan Rows": 1,
                          "Plan Width": 4,
                          "Actual Startup Time": 0.002,
                          "Actual Total Time": 0.002,
                          "Actual Rows": 0.25,
                          "Actual Loops": 244,
                          "Disabled": false,
                          "Output": [
                            "rt.id",
                            "rt.role"
                          ],
                          "Index Cond": "(rt.id = ci.role_id)",
                          "Rows Removed by Index Recheck": 0,
                          "Filter": "((rt.role)::text = 'actress'::text)",
                          "Rows Removed by Filter": 1,
                          "Index Searches": 244,
                          "Shared Hit Blocks": 487,
                          "Shared Read Blocks": 1,
                          "Shared Dirtied Blocks": 0,
                          "Shared Written Blocks": 0,
                          "Local Hit Blocks": 0,
                          "Local Read Blocks": 0,
                          "Local Dirtied Blocks": 0,
                          "Local Written Blocks": 0,
                          "Temp Read Blocks": 0,
                          "Temp Written Blocks": 0,
                          "actual_scan_in_card": 12,
                          "actual_funnel_counts": [
                            12,
                            1
                          ],
                          "component_selectivity": {
                            "compare_selectivity": 0.08333333333333333
                          },
                          "ius": [
                            {
                              "name": "rt.id",
                              "bytes": 8
                            },
                            {
                              "name": "rt.role",
                              "bytes": 8
                            }
                          ]
                        }
                      ],
                      "ius": [
                        {
                          "name": "t.title",
                          "bytes": 8
                        },
                        {
                          "name": "ci.person_id",
                          "bytes": 8
                        },
                        {
                          "name": "ci.person_role_id",
                          "bytes": 8
                        }
                      ]
                    },
                    {
                      "Node Type": "Index Scan",
                      "Parent Relationship": "Inner",
                      "Parallel Aware": false,
                      "Async Capable": false,
                      "Scan Direction": "Forward",
                      "Index Name": "name_pkey",
                      "Relation Name": "name",
                      "Schema": "public",
                      "Alias": "n",
                      "Startup Cost": 0.43,
                      "Total Cost": 1.84,
                      "Plan Rows": 1,
                      "Plan Width": 19,
                      "Actual Startup Time": 0.107,
                      "Actual Total Time": 0.107,
                      "Actual Rows": 0.15,
                      "Actual Loops": 62,
                      "Disabled": false,
                      "Output": [
                        "n.id",
                        "n.name",
                        "n.imdb_index",
                        "n.imdb_id",
                        "n.gender",
                        "n.name_pcode_cf",
                        "n.name_pcode_nf",
                        "n.surname_pcode",
                        "n.md5sum"
                      ],
                      "Index Cond": "(n.id = ci.person_id)",
                      "Rows Removed by Index Recheck": 0,
                      "Filter": "((n.name ~~ '%An%'::text) AND ((n.gender)::text = 'f'::text))",
                      "Rows Removed by Filter": 1,
                      "Index Searches": 62,
                      "Shared Hit Blocks": 218,
                      "Shared Read Blocks": 30,
                      "Shared Dirtied Blocks": 0,
                      "Shared Written Blocks": 0,
                      "Local Hit Blocks": 0,
                      "Local Read Blocks": 0,
                      "Local Dirtied Blocks": 0,
                      "Local Written Blocks": 0,
                      "Temp Read Blocks": 0,
                      "Temp Written Blocks": 0,
                      "actual_scan_in_card": 4167491,
                      "actual_funnel_counts": [
                        4167491,
                        163621,
                        50011
                      ],
                      "component_selectivity": {
                        "expression_selectivity": 0.03926127254983874,
                        "compare_selectivity": 0.30565147505515794
                      },
                      "ius": [
                        {
                          "name": "n.id",
                          "bytes": 8
                        },
                        {
                          "name": "n.name",
                          "bytes": 8
                        },
                        {
                          "name": "n.imdb_index",
                          "bytes": 8
                        },
                        {
                          "name": "n.imdb_id",
                          "bytes": 8
                        },
                        {
                          "name": "n.gender",
                          "bytes": 8
                        },
                        {
                          "name": "n.name_pcode_cf",
                          "bytes": 8
                        },
                        {
                          "name": "n.name_pcode_nf",
                          "bytes": 8
                        },
                        {
                          "name": "n.surname_pcode",
                          "bytes": 8
                        },
                        {
                          "name": "n.md5sum",
                          "bytes": 8
                        }
                      ]
                    }
                  ],
                  "ius": [
                    {
                      "name": "n.name",
                      "bytes": 8
                    },
                    {
                      "name": "n.id",
                      "bytes": 8
                    },
                    {
                      "name": "t.title",
                      "bytes": 8
                    },
                    {
                      "name": "ci.person_id",
                      "bytes": 8
                    },
                    {
                      "name": "ci.person_role_id",
                      "bytes": 8
                    }
                  ]
                },
                {
                  "Node Type": "Index Scan",
                  "Parent Relationship": "Inner",
                  "Parallel Aware": false,
                  "Async Capable": false,
                  "Scan Direction": "Forward",
                  "Index Name": "char_name_pkey",
                  "Relation Name": "char_name",
                  "Schema": "public",
                  "Alias": "chn",
                  "Startup Cost": 0.43,
                  "Total Cost": 1.74,
                  "Plan Rows": 1,
                  "Plan Width": 20,
                  "Actual Startup Time": 0.047,
                  "Actual Total Time": 0.047,
                  "Actual Rows": 1.0,
                  "Actual Loops": 9,
                  "Disabled": false,
                  "Output": [
                    "chn.id",
                    "chn.name",
                    "chn.imdb_index",
                    "chn.imdb_id",
                    "chn.name_pcode_nf",
                    "chn.surname_pcode",
                    "chn.md5sum"
                  ],
                  "Index Cond": "(chn.id = ci.person_role_id)",
                  "Rows Removed by Index Recheck": 0,
                  "Index Searches": 9,
                  "Shared Hit Blocks": 33,
                  "Shared Read Blocks": 3,
                  "Shared Dirtied Blocks": 0,
                  "Shared Written Blocks": 0,
                  "Local Hit Blocks": 0,
                  "Local Read Blocks": 0,
                  "Local Dirtied Blocks": 0,
                  "Local Written Blocks": 0,
                  "Temp Read Blocks": 0,
                  "Temp Written Blocks": 0,
                  "actual_scan_in_card": 3140339,
                  "ius": [
                    {
                      "name": "chn.id",
                      "bytes": 8
                    },
                    {
                      "name": "chn.name",
                      "bytes": 8
                    },
                    {
                      "name": "chn.imdb_index",
                      "bytes": 8
                    },
                    {
                      "name": "chn.imdb_id",
                      "bytes": 8
                    },
                    {
                      "name": "chn.name_pcode_nf",
                      "bytes": 8
                    },
                    {
                      "name": "chn.surname_pcode",
                      "bytes": 8
                    },
                    {
                      "name": "chn.md5sum",
                      "bytes": 8
                    }
                  ]
                }
              ],
              "ius": [
                {
                  "name": "chn.name",
                  "bytes": 11
                },
                {
                  "name": "n.name",
                  "bytes": 11
                },
                {
                  "name": "n.id",
                  "bytes": 11
                },
                {
                  "name": "t.title",
                  "bytes": 11
                },
                {
                  "name": "ci.person_id",
                  "bytes": 11
                }
              ]
            },
            {
              "Node Type": "Index Only Scan",
              "Parent Relationship": "Inner",
              "Parallel Aware": false,
              "Async Capable": false,
              "Scan Direction": "Forward",
              "Index Name": "person_id_aka_name",
              "Relation Name": "aka_name",
              "Schema": "public",
              "Alias": "an",
              "Startup Cost": 0.42,
              "Total Cost": 1.0,
              "Plan Rows": 2,
              "Plan Width": 4,
              "Actual Startup Time": 0.058,
              "Actual Total Time": 0.058,
              "Actual Rows": 5.0,
              "Actual Loops": 9,
              "Disabled": false,
              "Output": [
                "an.person_id"
              ],
              "Index Cond": "(an.person_id = ci.person_id)",
              "Rows Removed by Index Recheck": 0,
              "Heap Fetches": 0,
              "Index Searches": 9,
              "Shared Hit Blocks": 26,
              "Shared Read Blocks": 2,
              "Shared Dirtied Blocks": 0,
              "Shared Written Blocks": 0,
              "Local Hit Blocks": 0,
              "Local Read Blocks": 0,
              "Local Dirtied Blocks": 0,
              "Local Written Blocks": 0,
              "Temp Read Blocks": 0,
              "Temp Written Blocks": 0,
              "actual_scan_in_card": 901343,
              "ius": [
                {
                  "name": "an.person_id",
                  "bytes": 8
                }
              ]
            }
          ],
          "ius": [
            {
              "name": "chn.name",
              "bytes": 16
            },
            {
              "name": "n.name",
              "bytes": 16
            },
            {
              "name": "t.title",
              "bytes": 16
            }
          ]
        }
      ],
      "ius": [
        {
          "name": "min(chn.name)",
          "bytes": 32
        },
        {
          "name": "min(n.name)",
          "bytes": 32
        },
        {
          "name": "min(t.title)",
          "bytes": 32
        }
      ]
    },
    "Planning": {
      "Shared Hit Blocks": 172,
      "Shared Read Blocks": 80,
      "Shared Dirtied Blocks": 0,
      "Shared Written Blocks": 0,
      "Local Hit Blocks": 0,
      "Local Read Blocks": 0,
      "Local Dirtied Blocks": 0,
      "Local Written Blocks": 0,
      "Temp Read Blocks": 0,
      "Temp Written Blocks": 0
    },
    "Planning Time": 247.402,
    "Triggers": [],
    "Execution Time": 200.236
  }
]