[
  {
    "Plan": {
      "Node Type": "Aggregate",
      "Strategy": "Plain",
      "Partial Mode": "Simple",
      "Parallel Aware": false,
      "Async Capable": false,
      "Startup Cost": 307.36,
      "Total Cost": 307.37,
      "Plan Rows": 1,
      "Plan Width": 96,
      "Actual Startup Time": 234.159,
      "Actual Total Time": 234.161,
      "Actual Rows": 1.0,
      "Actual Loops": 1,
      "Disabled": false,
      "Output": [
        "min(cn.name)",
        "min((lt.link)::text)",
        "min(t.title)"
      ],
      "Shared Hit Blocks": 44854,
      "Shared Read Blocks": 487,
      "Shared Dirtied Blocks": 0,
      "Shared Written Blocks": 0,
      "Local Hit Blocks": 0,
      "Local Read Blocks": 0,
      "Local Dirtied Blocks": 0,
      "Local Written Blocks": 0,
      "Temp Read Blocks": 0,
      "Temp Written Blocks": 0,
      "Plans": [
        {
          "Node Type": "Nested Loop",
          "Parent Relationship": "Outer",
          "Parallel Aware": false,
          "Async Capable": false,
          "Join Type": "Inner",
          "Startup Cost": 30.28,
          "Total Cost": 307.35,
          "Plan Rows": 1,
          "Plan Width": 118,
          "Actual Startup Time": 42.419,
          "Actual Total Time": 234.114,
          "Actual Rows": 477.0,
          "Actual Loops": 1,
          "Disabled": false,
          "Output": [
            "cn.name",
            "lt.link",
            "t.title"
          ],
          "Inner Unique": true,
          "Shared Hit Blocks": 44854,
          "Shared Read Blocks": 487,
          "Shared Dirtied Blocks": 0,
          "Shared Written Blocks": 0,
          "Local Hit Blocks": 0,
          "Local Read Blocks": 0,
          "Local Dirtied Blocks": 0,
          "Local Written Blocks": 0,
          "Temp Read Blocks": 0,
          "Temp Written Blocks": 0,
          "Plans": [
            {
              "Node Type": "Nested Loop",
              "Parent Relationship": "Outer",
              "Parallel Aware": false,
              "Async Capable": false,
              "Join Type": "Inner",
              "Startup Cost": 29.86,
              "Total Cost": 287.03,
              "Plan Rows": 46,
              "Plan Width": 122,
              "Actual Startup Time": 41.791,
              "Actual Total Time": 228.918,
              "Actual Rows": 6483.0,
              "Actual Loops": 1,
              "Disabled": false,
              "Output": [
                "cn.name",
                "lt.link",
                "t.title",
                "mk.keyword_id"
              ],
              "Inner Unique": false,
              "Join Filter": "(mk.movie_id = ml.movie_id)",
              "Rows Removed by Join Filter": 0,
              "Shared Hit Blocks": 18922,
              "Shared Read Blocks": 487,
              "Shared Dirtied Blocks": 0,
              "Shared Written Blocks": 0,
              "Local Hit Blocks": 0,
              "Local Read Blocks": 0,
              "Local Dirtied Blocks": 0,
              "Local Written Blocks": 0,
              "Temp Read Blocks": 0,
              "Temp Written Blocks": 0,
              "Plans": [
                {
                  "Node Type": "Nested Loop",
                  "Parent Relationship": "Outer",
                  "Parallel Aware": false,
                  "Async Capable": false,
                  "Join Type": "Inner",
                  "Startup Cost": 29.42,
                  "Total Cost": 285.11,
                  "Plan Rows": 1,
                  "Plan Width": 138,
                  "Actual Startup Time": 40.668,
                  "Actual Total Time": 226.178,
                  "Actual Rows": 705.0,
                  "Actual Loops": 1,
                  "Disabled": false,
                  "Output": [
                    "cn.name",
                    "lt.link",
                    "ml.movie_id",
                    "cc.movie_id",
                    "t.title",
                    "t.id",
                    "mc.movie_id",
                    "mi.movie_id"
                  ],
                  "Inner Unique": false,
                  "Join Filter": "(mi.movie_id = ml.movie_id)",
                  "Rows Removed by Join Filter": 0,
                  "Shared Hit Blocks": 16107,
                  "Shared Read Blocks": 482,
                  "Shared Dirtied Blocks": 0,
                  "Shared Written Blocks": 0,
                  "Local Hit Blocks": 0,
                  "Local Read Blocks": 0,
                  "Local Dirtied Blocks": 0,
                  "Local Written Blocks": 0,
                  "Temp Read Blocks": 0,
                  "Temp Written Blocks": 0,
                  "Plans": [
                    {
                      "Node Type": "Nested Loop",
                      "Parent Relationship": "Outer",
                      "Parallel Aware": false,
                      "Async Capable": false,
                      "Join Type": "Inner",
                      "Startup Cost": 28.99,
                      "Total Cost": 283.17,
                      "Plan Rows": 1,
                      "Plan Width": 134,
                      "Actual Startup Time": 7.273,
                      "Actual Total Time": 206.398,
                      "Actual Rows": 269.0,
                      "Actual Loops": 1,
                      "Disabled": false,
                      "Output": [
                        "cn.name",
                        "lt.link",
                        "ml.movie_id",
                        "cc.movie_id",
                        "t.title",
                        "t.id",
                        "mc.movie_id"
                      ],
                      "Inner Unique": true,
                      "Shared Hit Blocks": 11899,
                      "Shared Read Blocks": 405,
                      "Shared Dirtied Blocks": 0,
                      "Shared Written Blocks": 0,
                      "Local Hit Blocks": 0,
                      "Local Read Blocks": 0,
                      "Local Dirtied Blocks": 0,
                      "Local Written Blocks": 0,
                      "Temp Read Blocks": 0,
                      "Temp Written Blocks": 0,
                      "Plans": [
                        {
                          "Node Type": "Nested Loop",
                          "Parent Relationship": "Outer",
                          "Parallel Aware": false,
                          "Async Capable": false,
                          "Join Type": "Inner",
                          "Startup Cost": 28.57,
                          "Total Cost": 282.71,
                          "Plan Rows": 1,
                          "Plan Width": 119,
                          "Actual Startup Time": 6.122,
                          "Actual Total Time": 95.755,
                          "Actual Rows": 691.0,
                          "Actual Loops": 1,
                          "Disabled": false,
                          "Output": [
                            "lt.link",
                            "ml.movie_id",
                            "cc.movie_id",
                            "t.title",
                            "t.id",
                            "mc.movie_id",
                            "mc.company_id"
                          ],
                          "Inner Unique": true,
                          "Shared Hit Blocks": 9225,
                          "Shared Read Blocks": 315,
                          "Shared Dirtied Blocks": 0,
                          "Shared Written Blocks": 0,
                          "Local Hit Blocks": 0,
                          "Local Read Blocks": 0,
                          "Local Dirtied Blocks": 0,
                          "Local Written Blocks": 0,
                          "Temp Read Blocks": 0,
                          "Temp Written Blocks": 0,
                          "Plans": [
                            {
                              "Node Type": "Nested Loop",
                              "Parent Relationship": "Outer",
                              "Parallel Aware": false,
                              "Async Capable": false,
                              "Join Type": "Inner",
                              "Startup Cost": 28.41,
                              "Total Cost": 282.25,
                              "Plan Rows": 3,
                              "Plan Width": 123,
                              "Actual Startup Time": 5.401,
                              "Actual Total Time": 94.868,
                              "Actual Rows": 780.0,
                              "Actual Loops": 1,
                              "Disabled": false,
                              "Output": [
                                "lt.link",
                                "ml.movie_id",
                                "cc.movie_id",
                                "t.title",
                                "t.id",
                                "mc.movie_id",
                                "mc.company_type_id",
                                "mc.company_id"
                              ],
                              "Inner Unique": false,
                              "Join Filter": "(mc.movie_id = ml.movie_id)",
                              "Rows Removed by Join Filter": 0,
                              "Shared Hit Blocks": 9223,
                              "Shared Read Blocks": 313,
                              "Shared Dirtied Blocks": 0,
                              "Shared Written Blocks": 0,
                              "Local Hit Blocks": 0,
                              "Local Read Blocks": 0,
                              "Local Dirtied Blocks": 0,
                              "Local Written Blocks": 0,
                              "Temp Read Blocks": 0,
                              "Temp Written Blocks": 0,
                              "Plans": [
                                {
                                  "Node Type": "Nested Loop",
                                  "Parent Relationship": "Outer",
                                  "Parallel Aware": false,
                                  "Async Capable": false,
                                  "Join Type": "Inner",
                                  "Startup Cost": 27.98,
                                  "Total Cost": 281.58,
                                  "Plan Rows": 1,
                                  "Plan Width": 111,
                                  "Actual Startup Time": 3.744,
                                  "Actual Total Time": 39.302,
                                  "Actual Rows": 179.0,
                                  "Actual Loops": 1,
                                  "Disabled": false,
                                  "Output": [
                                    "lt.link",
                                    "ml.movie_id",
                                    "cc.movie_id",
                                    "t.title",
                                    "t.id"
                                  ],
                                  "Inner Unique": true,
                                  "Join Filter": "(ml.movie_id = t.id)",
                                  "Rows Removed by Join Filter": 0,
                                  "Shared Hit Blocks": 8457,
                                  "Shared Read Blocks": 215,
                                  "Shared Dirtied Blocks": 0,
                                  "Shared Written Blocks": 0,
                                  "Local Hit Blocks": 0,
                                  "Local Read Blocks": 0,
                                  "Local Dirtied Blocks": 0,
                                  "Local Written Blocks": 0,
                                  "Temp Read Blocks": 0,
                                  "Temp Written Blocks": 0,
                                  "Plans": [
                                    {
                                      "Node Type": "Nested Loop",
                                      "Parent Relationship": "Outer",
                                      "Parallel Aware": false,
                                      "Async Capable": false,
                                      "Join Type": "Inner",
                                      "Startup Cost": 27.55,
                                      "Total Cost": 279.78,
                                      "Plan Rows": 1,
                                      "Plan Width": 90,
                                      "Actual Startup Time": 2.377,
                                      "Actual Total Time": 7.137,
                                      "Actual Rows": 189.0,
                                      "Actual Loops": 1,
                                      "Disabled": false,
                                      "Output": [
                                        "lt.link",
                                        "ml.movie_id",
                                        "cc.movie_id"
                                      ],
                                      "Inner Unique": true,
                                      "Shared Hit Blocks": 7790,
                                      "Shared Read Blocks": 126,
                                      "Shared Dirtied Blocks": 0,
                                      "Shared Written Blocks": 0,
                                      "Local Hit Blocks": 0,
                                      "Local Read Blocks": 0,
                                      "Local Dirtied Blocks": 0,
                                      "Local Written Blocks": 0,
                                      "Temp Read Blocks": 0,
                                      "Temp Written Blocks": 0,
                                      "Plans": [
                                        {
                                          "Node Type": "Nested Loop",
                                          "Parent Relationship": "Outer",
                                          "Parallel Aware": false,
                                          "Async Capable": false,
                                          "Join Type": "Inner",
                                          "Startup Cost": 27.4,
                                          "Total Cost": 279.6,
                                          "Plan Rows": 1,
                                          "Plan Width": 94,
                                          "Actual Startup Time": 2.376,
                                          "Actual Total Time": 6.993,
                                          "Actual Rows": 257.0,
                                          "Actual Loops": 1,
                                          "Disabled": false,
                                          "Output": [
                                            "lt.link",
                                            "ml.movie_id",
                                            "cc.movie_id",
                                            "cc.status_id"
                                          ],
                                          "Inner Unique": true,
                                          "Shared Hit Blocks": 7276,
                                          "Shared Read Blocks": 126,
                                          "Shared Dirtied Blocks": 0,
                                          "Shared Written Blocks": 0,
                                          "Local Hit Blocks": 0,
                                          "Local Read Blocks": 0,
                                          "Local Dirtied Blocks": 0,
                                          "Local Written Blocks": 0,
                                          "Temp Read Blocks": 0,
                                          "Temp Written Blocks": 0,
                                          "Plans": [
                                            {
                                              "Node Type": "Nested Loop",
                                              "Parent Relationship": "Outer",
                                              "Parallel Aware": false,
                                              "Async Capable": false,
                                              "Join Type": "Inner",
                                              "Startup Cost": 27.24,
                                              "Total Cost": 277.43,
                                              "Plan Rows": 67,
                                              "Plan Width": 98,
                                              "Actual Startup Time": 2.37,
                                              "Actual Total Time": 6.927,
                                              "Actual Rows": 257.0,
                                              "Actual Loops": 1,
                                              "Disabled": false,
                                              "Output": [
                                                "lt.link",
                                                "ml.movie_id",
                                                "cc.movie_id",
                                                "cc.subject_id",
                                                "cc.status_id"
                                              ],
                                              "Inner Unique": false,
                                              "Shared Hit Blocks": 7272,
                                              "Shared Read Blocks": 126,
                                              "Shared Dirtied Blocks": 0,
                                              "Shared Written Blocks": 0,
                                              "Local Hit Blocks": 0,
                                              "Local Read Blocks": 0,
                                              "Local Dirtied Blocks": 0,
                                              "Local Written Blocks": 0,
                                              "Temp Read Blocks": 0,
                                              "Temp Written Blocks": 0,
                                              "Plans": [
                                                {
                                                  "Node Type": "Nested Loop",
                                                  "Parent Relationship": "Outer",
                                                  "Parallel Aware": false,
                                                  "Async Capable": false,
                                                  "Join Type": "Inner",
                                                  "Startup Cost": 26.82,
                                                  "Total Cost": 250.88,
                                                  "Plan Rows": 42,
                                                  "Plan Width": 86,
                                                  "Actual Startup Time": 1.178,
                                                  "Actual Total Time": 3.108,
                                                  "Actual Rows": 2315.0,
                                                  "Actual Loops": 1,
                                                  "Disabled": false,
                                                  "Output": [
                                                    "lt.link",
                                                    "ml.movie_id"
                                                  ],
                                                  "Inner Unique": false,
                                                  "Shared Hit Blocks": 86,
                                                  "Shared Read Blocks": 110,
                                                  "Shared Dirtied Blocks": 0,
                                                  "Shared Written Blocks": 0,
                                                  "Local Hit Blocks": 0,
                                                  "Local Read Blocks": 0,
                                                  "Local Dirtied Blocks": 0,
                                                  "Local Written Blocks": 0,
                                                  "Temp Read Blocks": 0,
                                                  "Temp Written Blocks": 0,
                                                  "Plans": [
                                                    {
                                                      "Node Type": "Seq Scan",
                                                      "Parent Relationship": "Outer",
                                                      "Parallel Aware": false,
                                                      "Async Capable": false,
                                                      "Relation Name": "link_type",
                                                      "Schema": "public",
                                                      "Alias": "lt",
                                                      "Startup Cost": 0.0,
                                                      "Total Cost": 18.88,
                                                      "Plan Rows": 1,
                                                      "Plan Width": 86,
                                                      "Actual Startup Time": 0.355,
                                                      "Actual Total Time": 0.359,
                                                      "Actual Rows": 2.0,
                                                      "Actual Loops": 1,
                                                      "Disabled": false,
                                                      "Output": [
                                                        "lt.id",
                                                        "lt.link"
                                                      ],
                                                      "Filter": "((lt.link)::text ~~ '%follow%'::text)",
                                                      "Rows Removed by Filter": 16,
                                                      "Shared Hit Blocks": 0,
                                                      "Shared Read Blocks": 1,
                                                      "Shared Dirtied Blocks": 0,
                                                      "Shared Written Blocks": 0,
                                                      "Local Hit Blocks": 0,
                                                      "Local Read Blocks": 0,
                                                      "Local Dirtied Blocks": 0,
                                                      "Local Written Blocks": 0,
                                                      "Temp Read Blocks": 0,
                                                      "Temp Written Blocks": 0,
                                                      "actual_scan_in_card": 18,
                                                      "actual_funnel_counts": [
                                                        18,
                                                        2
                                                      ],
                                                      "component_selectivity": {
                                                        "expression_selectivity": 0.1111111111111111
                                                      },
                                                      "ius": [
                                                        {
                                                          "name": "lt.id",
                                                          "bytes": 8
                                                        },
                                                        {
                                                          "name": "lt.link",
                                                          "bytes": 8
                                                        }
                                                      ]
                                                    },
                                                    {
                                                      "Node Type": "Bitmap Heap Scan",
                                                      "Parent Relationship": "Inner",
                                                      "Parallel Aware": false,
                                                      "Async Capable": false,
                                                      "Relation Name": "movie_link",
                                                      "Schema": "public",
                                                      "Alias": "ml",
                                                      "Startup Cost": 26.82,
                                                      "Total Cost": 213.26,
                                                      "Plan Rows": 1875,
                                                      "Plan Width": 8,
                                                      "Actual Startup Time": 0.506,
                                                      "Actual Total Time": 1.309,
                                                      "Actual Rows": 1157.5,
                                                      "Actual Loops": 2,
                                                      "Disabled": false,
                                                      "Output": [
                                                        "ml.id",
                                                        "ml.movie_id",
                                                        "ml.linked_movie_id",
                                                        "ml.link_type_id"
                                                      ],
                                                      "Recheck Cond": "(lt.id = ml.link_type_id)",
                                                      "Rows Removed by Index Recheck": 0,
                                                      "Exact Heap Blocks": 191,
                                                      "Lossy Heap Blocks": 0,
                                                      "Shared Hit Blocks": 86,
                                                      "Shared Read Blocks": 109,
                                                      "Shared Dirtied Blocks": 0,
                                                      "Shared Written Blocks": 0,
                                                      "Local Hit Blocks": 0,
                                                      "Local Read Blocks": 0,
                                                      "Local Dirtied Blocks": 0,
                                                      "Local Written Blocks": 0,
                                                      "Temp Read Blocks": 0,
                                                      "Temp Written Blocks": 0,
                                                      "Plans": [
                                                        {
                                                          "Node Type": "Bitmap Index Scan",
                                                          "Parent Relationship": "Outer",
                                                          "Parallel Aware": false,
                                                          "Async Capable": false,
                                                          "Index Name": "link_type_id_movie_link",
                                                          "Startup Cost": 0.0,
                                                          "Total Cost": 26.35,
                                                          "Plan Rows": 1875,
                                                          "Plan Width": 0,
                                                          "Actual Startup Time": 0.332,
                                                          "Actual Total Time": 0.332,
                                                          "Actual Rows": 1157.5,
                                                          "Actual Loops": 2,
                                                          "Disabled": false,
                                                          "Index Cond": "(ml.link_type_id = lt.id)",
                                                          "Index Searches": 2,
                                                          "Shared Hit Blocks": 1,
                                                          "Shared Read Blocks": 3,
                                                          "Shared Dirtied Blocks": 0,
                                                          "Shared Written Blocks": 0,
                                                          "Local Hit Blocks": 0,
                                                          "Local Read Blocks": 0,
                                                          "Local Dirtied Blocks": 0,
                                                          "Local Written Blocks": 0,
                                                          "Temp Read Blocks": 0,
                                                          "Temp Written Blocks": 0,
                                                          "ius": []
                                                        }
                                                      ],
                                                      "ius": [
                                                        {
                                                          "name": "ml.id",
                                                          "bytes": 8
                                                        },
                                                        {
                                                          "name": "ml.movie_id",
                                                          "bytes": 8
                                                        },
                                                        {
                                                          "name": "ml.linked_movie_id",
                                                          "bytes": 8
                                                        },
                                                        {
                                                          "name": "ml.link_type_id",
                                                          "bytes": 8
                                                        }
                                                      ]
                                                    }
                                                  ],
                                                  "ius": [
                                                    {
                                                      "name": "lt.link",
                                                      "bytes": 43
                                                    },
                                                    {
                                                      "name": "ml.movie_id",
                                                      "bytes": 43
                                                    }
                                                  ]
                                                },
                                                {
                                                  "Node Type": "Index Scan",
                                                  "Parent Relationship": "Inner",
                                                  "Parallel Aware": false,
                                                  "Async Capable": false,
                                                  "Scan Direction": "Forward",
                                                  "Index Name": "movie_id_complete_cast",
                                                  "Relation Name": "complete_cast",
                                                  "Schema": "public",
                                                  "Alias": "cc",
                                                  "Startup Cost": 0.42,
                                                  "Total Cost": 0.61,
                                                  "Plan Rows": 2,
                                                  "Plan Width": 12,
                                                  "Actual Startup Time": 0.002,
                                                  "Actual Total Time": 0.002,
                                                  "Actual Rows": 0.11,
                                                  "Actual Loops": 2315,
                                                  "Disabled": false,
                                                  "Output": [
                                                    "cc.id",
                                                    "cc.movie_id",
                                                    "cc.subject_id",
                                                    "cc.status_id"
                                                  ],
                                                  "Index Cond": "(cc.movie_id = ml.movie_id)",
                                                  "Rows Removed by Index Recheck": 0,
                                                  "Index Searches": 2315,
                                                  "Shared Hit Blocks": 7186,
                                                  "Shared Read Blocks": 16,
                                                  "Shared Dirtied Blocks": 0,
                                                  "Shared Written Blocks": 0,
                                                  "Local Hit Blocks": 0,
                                                  "Local Read Blocks": 0,
                                                  "Local Dirtied Blocks": 0,
                                                  "Local Written Blocks": 0,
                                                  "Temp Read Blocks": 0,
                                                  "Temp Written Blocks": 0,
                                                  "actual_scan_in_card": 135086,
                                                  "ius": [
                                                    {
                                                      "name": "cc.id",
                                                      "bytes": 8
                                                    },
                                                    {
                                                      "name": "cc.movie_id",
                                                      "bytes": 8
                                                    },
                                                    {
                                                      "name": "cc.subject_id",
                                                      "bytes": 8
                                                    },
                                                    {
                                                      "name": "cc.status_id",
                                                      "bytes": 8
                                                    }
                                                  ]
                                                }
                                              ],
                                              "ius": [
                                                {
                                                  "name": "lt.link",
                                                  "bytes": 19
                                                },
                                                {
                                                  "name": "ml.movie_id",
                                                  "bytes": 19
                                                },
                                                {
                                                  "name": "cc.movie_id",
                                                  "bytes": 19
                                                },
                                                {
                                                  "name": "cc.subject_id",
                                                  "bytes": 19
                                                },
                                                {
                                                  "name": "cc.status_id",
                                                  "bytes": 19
                                                }
                                              ]
                                            },
                                            {
                                              "Node Type": "Memoize",
                                              "Parent Relationship": "Inner",
                                              "Parallel Aware": false,
                                              "Async Capable": false,
                                              "Startup Cost": 0.16,
                                              "Total Cost": 0.18,
                                              "Plan Rows": 1,
                                              "Plan Width": 4,
                                              "Actual Startup Time": 0.0,
                                              "Actual Total Time": 0.0,
                                              "Actual Rows": 1.0,
                                              "Actual Loops": 257,
                                              "Disabled": false,
                                              "Output": [
                                                "cct1.id"
                                              ],
                                              "Cache Key": "cc.subject_id",
                                              "Cache Mode": "logical",
                                              "Cache Hits": 255,
                                              "Cache Misses": 2,
                                              "Cache Evictions": 0,
                                              "Cache Overflows": 0,
                                              "Peak Memory Usage": 1,
                                              "Shared Hit Blocks": 4,
                                              "Shared Read Blocks": 0,
                                              "Shared Dirtied Blocks": 0,
                                              "Shared Written Blocks": 0,
                                              "Local Hit Blocks": 0,
                                              "Local Read Blocks": 0,
                                              "Local Dirtied Blocks": 0,
                                              "Local Written Blocks": 0,
                                              "Temp Read Blocks": 0,
                                              "Temp Written Blocks": 0,
                                              "Plans": [
                                                {
                                                  "Node Type": "Index Scan",
                                                  "Parent Relationship": "Outer",
                                                  "Parallel Aware": false,
                                                  "Async Capable": false,
                                                  "Scan Direction": "Forward",
                                                  "Index Name": "comp_cast_type_pkey",
                                                  "Relation Name": "comp_cast_type",
                                                  "Schema": "public",
                                                  "Alias": "cct1",
                                                  "Startup Cost": 0.15,
                                                  "Total Cost": 0.17,
                                                  "Plan Rows": 1,
                                                  "Plan Width": 4,
                                                  "Actual Startup Time": 0.002,
                                                  "Actual Total Time": 0.002,
                                                  "Actual Rows": 1.0,
                                                  "Actual Loops": 2,
                                                  "Disabled": false,
                                                  "Output": [
                                                    "cct1.id"
                                                  ],
                                                  "Index Cond": "(cct1.id = cc.subject_id)",
                                                  "Rows Removed by Index Recheck": 0,
                                                  "Filter": "((cct1.kind)::text = ANY ('{cast,crew}'::text[]))",
                                                  "Rows Removed by Filter": 0,
                                                  "Index Searches": 2,
                                                  "Shared Hit Blocks": 4,
                                                  "Shared Read Blocks": 0,
                                                  "Shared Dirtied Blocks": 0,
                                                  "Shared Written Blocks": 0,
                                                  "Local Hit Blocks": 0,
                                                  "Local Read Blocks": 0,
                                                  "Local Dirtied Blocks": 0,
                                                  "Local Written Blocks": 0,
                                                  "Temp Read Blocks": 0,
                                                  "Temp Written Blocks": 0,
                                                  "actual_scan_in_card": 4,
                                                  "actual_funnel_counts": [
                                                    4,
                                                    2
                                                  ],
                                                  "component_selectivity": {
                                                    "compare_selectivity": 0.5
                                                  },
                                                  "ius": [
                                                    {
                                                      "name": "cct1.id",
                                                      "bytes": 8
                                                    }
                                                  ]
                                                }
                                              ],
                                              "ius": [
                                                {
                                                  "name": "cct1.id",
                                                  "bytes": 8
                                                }
                                              ]
                                            }
                                          ],
                                          "ius": [
                                            {
                                              "name": "lt.link",
                                              "bytes": 23
                                            },
                                            {
                                              "name": "ml.movie_id",
                                              "bytes": 23
                                            },
                                            {
                                              "name": "cc.movie_id",
                                              "bytes": 23
                                            },
                                            {
                                              "name": "cc.status_id",
                                              "bytes": 23
                                            }
                                          ]
                                        },
                                        {
                                          "Node Type": "Index Scan",
                                          "Parent Relationship": "Inner",
                                          "Parallel Aware": false,
                                          "Async Capable": false,
                                          "Scan Direction": "Forward",
                                          "Index Name": "comp_cast_type_pkey",
                                          "Relation Name": "comp_cast_type",
                                          "Schema": "public",
                                          "Alias": "cct2",
                                          "Startup Cost": 0.15,
                                          "Total Cost": 0.17,
                                          "Plan Rows": 1,
                                          "Plan Width": 4,
                                          "Actual Startup Time": 0.0,
                                          "Actual Total Time": 0.0,
                                          "Actual Rows": 0.74,
                                          "Actual Loops": 257,
                                          "Disabled": false,
                                          "Output": [
                                            "cct2.id",
                                            "cct2.kind"
                                          ],
                                          "Index Cond": "(cct2.id = cc.status_id)",
                                          "Rows Removed by Index Recheck": 0,
                                          "Filter": "((cct2.kind)::text = 'complete'::text)",
                                          "Rows Removed by Filter": 0,
                                          "Index Searches": 257,
                                          "Shared Hit Blocks": 514,
                                          "Shared Read Blocks": 0,
                                          "Shared Dirtied Blocks": 0,
                                          "Shared Written Blocks": 0,
                                          "Local Hit Blocks": 0,
                                          "Local Read Blocks": 0,
                                          "Local Dirtied Blocks": 0,
                                          "Local Written Blocks": 0,
                                          "Temp Read Blocks": 0,
                                          "Temp Written Blocks": 0,
                                          "actual_scan_in_card": 4,
                                          "actual_funnel_counts": [
                                            4,
                                            1
                                          ],
                                          "component_selectivity": {
                                            "compare_selectivity": 0.25
                                          },
                                          "ius": [
                                            {
                                              "name": "cct2.id",
                                              "bytes": 8
                                            },
                                            {
                                              "name": "cct2.kind",
                                              "bytes": 8
                                            }
                                          ]
                                        }
                                      ],
                                      "ius": [
                                        {
                                          "name": "lt.link",
                                          "bytes": 30
                                        },
                                        {
                                          "name": "ml.movie_id",
                                          "bytes": 30
                                        },
                                        {
                                          "name": "cc.movie_id",
                                          "bytes": 30
                                        }
                                      ]
                                    },
                                    {
                                      "Node Type": "Index Scan",
                                      "Parent Relationship": "Inner",
                                      "Parallel Aware": false,
                                      "Async Capable": false,
                                      "Scan Direction": "Forward",
                                      "Index Name": "title_pkey",
                                      "Relation Name": "title",
                                      "Schema": "public",
                                      "Alias": "t",
                                      "Startup Cost": 0.43,
                                      "Total Cost": 1.79,
                                      "Plan Rows": 1,
                                      "Plan Width": 21,
                                      "Actual Startup Time": 0.17,
                                      "Actual Total Time": 0.17,
                                      "Actual Rows": 0.95,
                                      "Actual Loops": 189,
                                      "Disabled": false,
                                      "Output": [
                                        "t.id",
                                        "t.title",
                                        "t.imdb_index",
                                        "t.kind_id",
                                        "t.production_year",
                                        "t.imdb_id",
                                        "t.phonetic_code",
                                        "t.episode_of_id",
                                        "t.season_nr",
                                        "t.episode_nr",
                                        "t.series_years",
                                        "t.md5sum"
                                      ],
                                      "Index Cond": "(t.id = cc.movie_id)",
                                      "Rows Removed by Index Recheck": 0,
                                      "Filter": "((t.production_year >= 1950) AND (t.production_year <= 2000))",
                                      "Rows Removed by Filter": 0,
                                      "Index Searches": 189,
                                      "Shared Hit Blocks": 667,
                                      "Shared Read Blocks": 89,
                                      "Shared Dirtied Blocks": 0,
                                      "Shared Written Blocks": 0,
                                      "Local Hit Blocks": 0,
                                      "Local Read Blocks": 0,
                                      "Local Dirtied Blocks": 0,
                                      "Local Written Blocks": 0,
                                      "Temp Read Blocks": 0,
                                      "Temp Written Blocks": 0,
                                      "actual_scan_in_card": 2528312,
                                      "actual_funnel_counts": [
                                        2528312,
                                        2292034,
                                        910581
                                      ],
                                      "component_selectivity": {
                                        "compare_selectivity": 0.9065471350054898,
                                        "compare_selectivity_2": 0.39728075587011363
                                      },
                                      "ius": [
                                        {
                                          "name": "t.id",
                                          "bytes": 8
                                        },
                                        {
                                          "name": "t.title",
                                          "bytes": 8
                                        },
                                        {
                                          "name": "t.imdb_index",
                                          "bytes": 8
                                        },
                                        {
                                          "name": "t.kind_id",
                                          "bytes": 8
                                        },
                                        {
                                          "name": "t.production_year",
                                          "bytes": 8
                                        },
                                        {
                                          "name": "t.imdb_id",
                                          "bytes": 8
                                        },
                                        {
                                          "name": "t.phonetic_code",
                                          "bytes": 8
                                        },
                                        {
                                          "name": "t.episode_of_id",
                                          "bytes": 8
                                        },
                                        {
                                          "name": "t.season_nr",
                                          "bytes": 8
                                        },
                                        {
                                          "name": "t.episode_nr",
                                          "bytes": 8
                                        },
                                        {
                                          "name": "t.series_years",
                                          "bytes": 8
                                        },
                                        {
                                          "name": "t.md5sum",
                                          "bytes": 8
                                        }
                                      ]
                                    }
                                  ],
                                  "ius": [
                                    {
                                      "name": "lt.link",
                                      "bytes": 22
                                    },
                                    {
                                      "name": "ml.movie_id",
                                      "bytes": 22
                                    },
                                    {
                                      "name": "cc.movie_id",
                                      "bytes": 22
                                    },
                                    {
                                      "name": "t.title",
                                      "bytes": 22
                                    },
                                    {
                                      "name": "t.id",
                                      "bytes": 22
                                    }
                                  ]
                                },
                                {
                                  "Node Type": "Index Scan",
                                  "Parent Relationship": "Inner",
                                  "Parallel Aware": false,
                                  "Async Capable": false,
                                  "Scan Direction": "Forward",
                                  "Index Name": "movie_id_movie_companies",
                                  "Relation Name": "movie_companies",
                                  "Schema": "public",
                                  "Alias": "mc",
                                  "Startup Cost": 0.43,
                                  "Total Cost": 0.63,
                                  "Plan Rows": 3,
                                  "Plan Width": 12,
                                  "Actual Startup Time": 0.299,
                                  "Actual Total Time": 0.31,
                                  "Actual Rows": 4.36,
                                  "Actual Loops": 179,
                                  "Disabled": false,
                                  "Output": [
                                    "mc.id",
                                    "mc.movie_id",
                                    "mc.company_id",
                                    "mc.company_type_id",
                                    "mc.note"
                                  ],
                                  "Index Cond": "(mc.movie_id = t.id)",
                                  "Rows Removed by Index Recheck": 0,
                                  "Filter": "(mc.note IS NULL)",
                                  "Rows Removed by Filter": 2,
                                  "Index Searches": 179,
                                  "Shared Hit Blocks": 766,
                                  "Shared Read Blocks": 98,
                                  "Shared Dirtied Blocks": 0,
                                  "Shared Written Blocks": 0,
                                  "Local Hit Blocks": 0,
                                  "Local Read Blocks": 0,
                                  "Local Dirtied Blocks": 0,
                                  "Local Written Blocks": 0,
                                  "Temp Read Blocks": 0,
                                  "Temp Written Blocks": 0,
                                  "actual_scan_in_card": 2609129,
                                  "actual_funnel_counts": [
                                    2609129,
                                    1271989
                                  ],
                                  "component_selectivity": {
                                    "compare_selectivity": 0.4875147989999728
                                  },
                                  "ius": [
                                    {
                                      "name": "mc.id",
                                      "bytes": 8
                                    },
                                    {
                                      "name": "mc.movie_id",
                                      "bytes": 8
                                    },
                                    {
                                      "name": "mc.company_id",
                                      "bytes": 8
                                    },
                                    {
                                      "name": "mc.company_type_id",
                                      "bytes": 8
                                    },
                                    {
                                      "name": "mc.note",
                                      "bytes": 8
                                    }
                                  ]
                                }
                              ],
                              "ius": [
                                {
                                  "name": "lt.link",
                                  "bytes": 15
                                },
                                {
                                  "name": "ml.movie_id",
                                  "bytes": 15
                                },
                                {
                                  "name": "cc.movie_id",
                                  "bytes": 15
                                },
                                {
                                  "name": "t.title",
                                  "bytes": 15
                                },
                                {
                                  "name": "t.id",
                                  "bytes": 15
                                },
                                {
                                  "name": "mc.movie_id",
                                  "bytes": 15
                                },
                                {
                                  "name": "mc.company_type_id",
                                  "bytes": 15
                                },
                                {
                                  "name": "mc.company_id",
                                  "bytes": 15
                                }
                              ]
                            },
                            {
                              "Node Type": "Memoize",
                              "Parent Relationship": "Inner",
                              "Parallel Aware": false,
                              "Async Capable": false,
                              "Startup Cost": 0.16,
                              "Total Cost": 0.18,
                              "Plan Rows": 1,
                              "Plan Width": 4,
                              "Actual Startup Time": 0.001,
                              "Actual Total Time": 0.001,
                              "Actual Rows": 0.89,
                              "Actual Loops": 780,
                              "Disabled": false,
                              "Output": [
                                "ct.id"
                              ],
                              "Cache Key": "mc.company_type_id",
                              "Cache Mode": "logical",
                              "Cache Hits": 778,
                              "Cache Misses": 2,
                              "Cache Evictions": 0,
                              "Cache Overflows": 0,
                              "Peak Memory Usage": 1,
                              "Shared Hit Blocks": 2,
                              "Shared Read Blocks": 2,
                              "Shared Dirtied Blocks": 0,
                              "Shared Written Blocks": 0,
                              "Local Hit Blocks": 0,
                              "Local Read Blocks": 0,
                              "Local Dirtied Blocks": 0,
                              "Local Written Blocks": 0,
                              "Temp Read Blocks": 0,
                              "Temp Written Blocks": 0,
                              "Plans": [
                                {
                                  "Node Type": "Index Scan",
                                  "Parent Relationship": "Outer",
                                  "Parallel Aware": false,
                                  "Async Capable": false,
                                  "Scan Direction": "Forward",
                                  "Index Name": "company_type_pkey",
                                  "Relation Name": "company_type",
                                  "Schema": "public",
                                  "Alias": "ct",
                                  "Startup Cost": 0.15,
                                  "Total Cost": 0.17,
                                  "Plan Rows": 1,
                                  "Plan Width": 4,
                                  "Actual Startup Time": 0.36,
                                  "Actual Total Time": 0.36,
                                  "Actual Rows": 0.5,
                                  "Actual Loops": 2,
                                  "Disabled": false,
                                  "Output": [
                                    "ct.id"
                                  ],
                                  "Index Cond": "(ct.id = mc.company_type_id)",
                                  "Rows Removed by Index Recheck": 0,
                                  "Filter": "((ct.kind)::text = 'production companies'::text)",
                                  "Rows Removed by Filter": 0,
                                  "Index Searches": 2,
                                  "Shared Hit Blocks": 2,
                                  "Shared Read Blocks": 2,
                                  "Shared Dirtied Blocks": 0,
                                  "Shared Written Blocks": 0,
                                  "Local Hit Blocks": 0,
                                  "Local Read Blocks": 0,
                                  "Local Dirtied Blocks": 0,
                                  "Local Written Blocks": 0,
                                  "Temp Read Blocks": 0,
                                  "Temp Written Blocks": 0,
                                  "actual_scan_in_card": 4,
                                  "actual_funnel_counts": [
                                    4,
                                    1
                                  ],
                                  "component_selectivity": {
                                    "compare_selectivity": 0.25
                                  },
                                  "ius": [
                                    {
                                      "name": "ct.id",
                                      "bytes": 8
                                    }
                                  ]
                                }
                              ],
                              "ius": [
                                {
                                  "name": "ct.id",
                                  "bytes": 8
                                }
                              ]
                            }
                          ],
                          "ius": [
                            {
                              "name": "lt.link",
                              "bytes": 17
                            },
                            {
                              "name": "ml.movie_id",
                              "bytes": 17
                            },
                            {
                              "name": "cc.movie_id",
                              "bytes": 17
                            },
                            {
                              "name": "t.title",
                              "bytes": 17
                            },
                            {
                              "name": "t.id",
                              "bytes": 17
                            },
                            {
                              "name": "mc.movie_id",
                              "bytes": 17
                            },
                            {
                              "name": "mc.company_id",
                              "bytes": 17
                            }
                          ]
                        },
                        {
                          "Node Type": "Index Scan",
                          "Parent Relationship": "Inner",
                          "Parallel Aware": false,
                          "Async Capable": false,
                          "Scan Direction": "Forward",
                          "Index Name": "company_name_pkey",
                          "Relation Name": "company_name",
                          "Schema": "public",
                          "Alias": "cn",
                          "Startup Cost": 0.42,
                          "Total Cost": 0.46,
                          "Plan Rows": 1,
                          "Plan Width": 23,
                          "Actual Startup Time": 0.16,
                          "Actual Total Time": 0.16,
                          "Actual Rows": 0.39,
                          "Actual Loops": 691,
                          "Disabled": false,
                          "Output": [
                            "cn.id",
                            "cn.name",
                            "cn.country_code",
                            "cn.imdb_id",
                            "cn.name_pcode_nf",
                            "cn.name_pcode_sf",
                            "cn.md5sum"
                          ],
                          "Index Cond": "(cn.id = mc.company_id)",
                          "Rows Removed by Index Recheck": 0,
                          "Filter": "(((cn.country_code)::text <> '[pl]'::text) AND ((cn.name ~~ '%Film%'::text) OR (cn.name ~~ '%Warner%'::text)))",
                          "Rows Removed by Filter": 1,
                          "Index Searches": 691,
                          "Shared Hit Blocks": 2674,
                          "Shared Read Blocks": 90,
                          "Shared Dirtied Blocks": 0,
                          "Shared Written Blocks": 0,
                          "Local Hit Blocks": 0,
                          "Local Read Blocks": 0,
                          "Local Dirtied Blocks": 0,
                          "Local Written Blocks": 0,
                          "Temp Read Blocks": 0,
                          "Temp Written Blocks": 0,
                          "actual_scan_in_card": 234997,
                          "actual_funnel_counts": [
                            234997,
                            210031,
                            48302
                          ],
                          "component_selectivity": {
                            "compare_selectivity": 0.8937603458767559,
                            "expression_selectivity": 0.22997557503416163
                          },
                          "ius": [
                            {
                              "name": "cn.id",
                              "bytes": 8
                            },
                            {
                              "name": "cn.name",
                              "bytes": 8
                            },
                            {
                              "name": "cn.country_code",
                              "bytes": 8
                            },
                            {
                              "name": "cn.imdb_id",
                              "bytes": 8
                            },
                            {
                              "name": "cn.name_pcode_nf",
                              "bytes": 8
                            },
                            {
                              "name": "cn.name_pcode_sf",
                              "bytes": 8
                            },
                            {
                              "name": "cn.md5sum",
                              "bytes": 8
                            }
                          ]
                        }
                      ],
                      "ius": [
                        {
                          "name": "cn.name",
                          "bytes": 19
                        },
                        {
                          "name": "lt.link",
                          "bytes": 19
                        },
                        {
                          "name": "ml.movie_id",
                          "bytes": 19
                        },
                        {
                          "name": "cc.movie_id",
                          "bytes": 19
                        },
                        {
                          "name": "t.title",
                          "bytes": 19
                        },
                        {
                          "name": "t.id",
                          "bytes": 19
                        },
                        {
                          "name": "mc.movie_id",
                          "bytes": 19
                        }
                      ]
                    },
                    {
                      "Node Type": "Index Scan",
                      "Parent Relationship": "Inner",
                      "Parallel Aware": false,
                      "Async Capable": false,
                      "Scan Direction": "Forward",
                      "Index Name": "movie_id_movie_info",
                      "Relation Name": "movie_info",
                      "Schema": "public",
                      "Alias": "mi",
                      "Startup Cost": 0.43,
                      "Total Cost": 1.92,
                      "Plan Rows": 1,
                      "Plan Width": 4,
                      "Actual Startup Time": 0.07,
                      "Actual Total Time": 0.073,
                      "Actual Rows": 2.62,
                      "Actual Loops": 269,
                      "Disabled": false,
                      "Output": [
                        "mi.id",
                        "mi.movie_id",
                        "mi.info_type_id",
                        "mi.info",
                        "mi.note"
                      ],
                      "Index Cond": "(mi.movie_id = mc.movie_id)",
                      "Rows Removed by Index Recheck": 0,
                      "Filter": "(mi.info = ANY ('{Sweden,Germany,Swedish,German}'::text[]))",
                      "Rows Removed by Filter": 23,
                      "Index Searches": 269,
                      "Shared Hit Blocks": 4208,
                      "Shared Read Blocks": 77,
                      "Shared Dirtied Blocks": 0,
                      "Shared Written Blocks": 0,
                      "Local Hit Blocks": 0,
                      "Local Read Blocks": 0,
                      "Local Dirtied Blocks": 0,
                      "Local Written Blocks": 0,
                      "Temp Read Blocks": 0,
                      "Temp Written Blocks": 0,
                      "actual_scan_in_card": 14835720,
                      "actual_funnel_counts": [
                        14835720,
                        134239
                      ],
                      "component_selectivity": {
                        "compare_selectivity": 0.009048364353061396
                      },
                      "ius": [
                        {
                          "name": "mi.id",
                          "bytes": 8
                        },
                        {
                          "name": "mi.movie_id",
                          "bytes": 8
                        },
                        {
                          "name": "mi.info_type_id",
                          "bytes": 8
                        },
                        {
                          "name": "mi.info",
                          "bytes": 8
                        },
                        {
                          "name": "mi.note",
                          "bytes": 8
                        }
                      ]
                    }
                  ],
                  "ius": [
                    {
                      "name": "cn.name",
                      "bytes": 17
                    },
                    {
                      "name": "lt.link",
                      "bytes": 17
                    },
                    {
                      "name": "ml.movie_id",
                      "bytes": 17
                    },
                    {
                      "name": "cc.movie_id",
                      "bytes": 17
                    },
                    {
                      "name": "t.title",
                      "bytes": 17
                    },
                    {
                      "name": "t.id",
                      "bytes": 17
                    },
                    {
                      "name": "mc.movie_id",
                      "bytes": 17
                    },
                    {
                      "name": "mi.movie_id",
                      "bytes": 17
                    }
                  ]
                },
                {
                  "Node Type": "Index Scan",
                  "Parent Relationship": "Inner",
                  "Parallel Aware": false,
                  "Async Capable": false,
                  "Scan Direction": "Forward",
                  "Index Name": "movie_id_movie_keyword",
                  "Relation Name": "movie_keyword",
                  "Schema": "public",
                  "Alias": "mk",
                  "Startup Cost": 0.43,
                  "Total Cost": 1.34,
                  "Plan Rows": 46,
                  "Plan Width": 8,
                  "Actual Startup Time": 0.003,
                  "Actual Total Time": 0.003,
                  "Actual Rows": 9.2,
                  "Actual Loops": 705,
                  "Disabled": false,
                  "Output": [
                    "mk.id",
                    "mk.movie_id",
                    "mk.keyword_id"
                  ],
                  "Index Cond": "(mk.movie_id = mc.movie_id)",
                  "Rows Removed by Index Recheck": 0,
                  "Index Searches": 705,
                  "Shared Hit Blocks": 2815,
                  "Shared Read Blocks": 5,
                  "Shared Dirtied Blocks": 0,
                  "Shared Written Blocks": 0,
                  "Local Hit Blocks": 0,
                  "Local Read Blocks": 0,
                  "Local Dirtied Blocks": 0,
                  "Local Written Blocks": 0,
                  "Temp Read Blocks": 0,
                  "Temp Written Blocks": 0,
                  "actual_scan_in_card": 4523930,
                  "ius": [
                    {
                      "name": "mk.id",
                      "bytes": 8
                    },
                    {
                      "name": "mk.movie_id",
                      "bytes": 8
                    },
                    {
                      "name": "mk.keyword_id",
                      "bytes": 8
                    }
                  ]
                }
              ],
              "ius": [
                {
                  "name": "cn.name",
                  "bytes": 30
                },
                {
                  "name": "lt.link",
                  "bytes": 30
                },
                {
                  "name": "t.title",
                  "bytes": 30
                },
                {
                  "name": "mk.keyword_id",
                  "bytes": 30
                }
              ]
            },
            {
              "Node Type": "Index Scan",
              "Parent Relationship": "Inner",
              "Parallel Aware": false,
              "Async Capable": false,
              "Scan Direction": "Forward",
              "Index Name": "keyword_pkey",
              "Relation Name": "keyword",
              "Schema": "public",
              "Alias": "k",
              "Startup Cost": 0.42,
              "Total Cost": 0.44,
              "Plan Rows": 1,
              "Plan Width": 4,
              "Actual Startup Time": 0.001,
              "Actual Total Time": 0.001,
              "Actual Rows": 0.07,
              "Actual Loops": 6483,
              "Disabled": false,
              "Output": [
                "k.id",
                "k.keyword",
                "k.phonetic_code"
              ],
              "Index Cond": "(k.id = mk.keyword_id)",
              "Rows Removed by Index Recheck": 0,
              "Filter": "(k.keyword = 'sequel'::text)",
              "Rows Removed by Filter": 1,
              "Index Searches": 6483,
              "Shared Hit Blocks": 25932,
              "Shared Read Blocks": 0,
              "Shared Dirtied Blocks": 0,
              "Shared Written Blocks": 0,
              "Local Hit Blocks": 0,
              "Local Read Blocks": 0,
              "Local Dirtied Blocks": 0,
              "Local Written Blocks": 0,
              "Temp Read Blocks": 0,
              "Temp Written Blocks": 0,
              "actual_scan_in_card": 134170,
              "actual_funnel_counts": [
                134170,
                1
              ],
              "component_selectivity": {
                "compare_selectivity": 7.453230975627935e-06
              },
              "ius": [
                {
                  "name": "k.id",
                  "bytes": 8
                },
                {
                  "name": "k.keyword",
                  "bytes": 8
                },
                {
                  "name": "k.phonetic_code",
                  "bytes": 8
                }
              ]
            }
          ],
          "ius": [
            {
              "name": "cn.name",
              "bytes": 39
            },
            {
              "name": "lt.link",
              "bytes": 39
            },
            {
              "name": "t.title",
              "bytes": 39
            }
          ]
        }
      ],
      "ius": [
        {
          "name": "min(cn.name)",
          "bytes": 32
        },
        {
          "name": "min((lt.link)::text)",
          "bytes": 32
        },
        {
          "name": "min(t.title)",
          "bytes": 32
        }
      ]
    },
    "Planning": {
      "Shared Hit Blocks": 197,
      "Shared Read Blocks": 45,
      "Shared Dirtied Blocks": 0,
      "Shared Written Blocks": 0,
      "Local Hit Blocks": 0,
      "Local Read Blocks": 0,
      "Local Dirtied Blocks": 0,
      "Local Written Blocks": 0,
      "Temp Read Blocks": 0,
      "Temp Written Blocks": 0
    },
    "Planning Time": 46.963,
    "Triggers": [],
    "Execution Time": 234.205
  }
]