[
  {
    "Plan": {
      "Node Type": "Aggregate",
      "Strategy": "Plain",
      "Partial Mode": "Simple",
      "Parallel Aware": false,
      "Async Capable": false,
      "Startup Cost": 3188.08,
      "Total Cost": 3188.09,
      "Plan Rows": 1,
      "Plan Width": 96,
      "Actual Startup Time": 8124.552,
      "Actual Total Time": 8124.581,
      "Actual Rows": 1.0,
      "Actual Loops": 1,
      "Disabled": false,
      "Output": [
        "min(cn.name)",
        "min(mi_idx.info)",
        "min(t.title)"
      ],
      "Shared Hit Blocks": 611809,
      "Shared Read Blocks": 58539,
      "Shared Dirtied Blocks": 0,
      "Shared Written Blocks": 0,
      "Local Hit Blocks": 0,
      "Local Read Blocks": 0,
      "Local Dirtied Blocks": 0,
      "Local Written Blocks": 0,
      "Temp Read Blocks": 0,
      "Temp Written Blocks": 0,
      "Plans": [
        {
          "Node Type": "Nested Loop",
          "Parent Relationship": "Outer",
          "Parallel Aware": false,
          "Async Capable": false,
          "Join Type": "Inner",
          "Startup Cost": 22.56,
          "Total Cost": 3188.08,
          "Plan Rows": 1,
          "Plan Width": 41,
          "Actual Startup Time": 344.491,
          "Actual Total Time": 8123.315,
          "Actual Rows": 4803.0,
          "Actual Loops": 1,
          "Disabled": false,
          "Output": [
            "cn.name",
            "mi_idx.info",
            "t.title"
          ],
          "Inner Unique": true,
          "Shared Hit Blocks": 611809,
          "Shared Read Blocks": 58539,
          "Shared Dirtied Blocks": 0,
          "Shared Written Blocks": 0,
          "Local Hit Blocks": 0,
          "Local Read Blocks": 0,
          "Local Dirtied Blocks": 0,
          "Local Written Blocks": 0,
          "Temp Read Blocks": 0,
          "Temp Written Blocks": 0,
          "Plans": [
            {
              "Node Type": "Nested Loop",
              "Parent Relationship": "Outer",
              "Parallel Aware": false,
              "Async Capable": false,
              "Join Type": "Inner",
              "Startup Cost": 22.41,
              "Total Cost": 3187.91,
              "Plan Rows": 1,
              "Plan Width": 45,
              "Actual Startup Time": 344.298,
              "Actual Total Time": 8116.631,
              "Actual Rows": 4803.0,
              "Actual Loops": 1,
              "Disabled": false,
              "Output": [
                "cn.name",
                "mi_idx.info",
                "t.title",
                "mc.company_type_id"
              ],
              "Inner Unique": true,
              "Shared Hit Blocks": 602204,
              "Shared Read Blocks": 58538,
              "Shared Dirtied Blocks": 0,
              "Shared Written Blocks": 0,
              "Local Hit Blocks": 0,
              "Local Read Blocks": 0,
              "Local Dirtied Blocks": 0,
              "Local Written Blocks": 0,
              "Temp Read Blocks": 0,
              "Temp Written Blocks": 0,
              "Plans": [
                {
                  "Node Type": "Nested Loop",
                  "Parent Relationship": "Outer",
                  "Parallel Aware": false,
                  "Async Capable": false,
                  "Join Type": "Inner",
                  "Startup Cost": 21.99,
                  "Total Cost": 3187.36,
                  "Plan Rows": 1,
                  "Plan Width": 30,
                  "Actual Startup Time": 343.954,
                  "Actual Total Time": 8022.876,
                  "Actual Rows": 4955.0,
                  "Actual Loops": 1,
                  "Disabled": false,
                  "Output": [
                    "mi_idx.info",
                    "t.title",
                    "mc.company_type_id",
                    "mc.company_id"
                  ],
                  "Inner Unique": false,
                  "Join Filter": "(mc.movie_id = t.id)",
                  "Rows Removed by Join Filter": 0,
                  "Shared Hit Blocks": 582844,
                  "Shared Read Blocks": 58078,
                  "Shared Dirtied Blocks": 0,
                  "Shared Written Blocks": 0,
                  "Local Hit Blocks": 0,
                  "Local Read Blocks": 0,
                  "Local Dirtied Blocks": 0,
                  "Local Written Blocks": 0,
                  "Temp Read Blocks": 0,
                  "Temp Written Blocks": 0,
                  "Plans": [
                    {
                      "Node Type": "Nested Loop",
                      "Parent Relationship": "Outer",
                      "Parallel Aware": false,
                      "Async Capable": false,
                      "Join Type": "Inner",
                      "Startup Cost": 21.56,
                      "Total Cost": 3186.79,
                      "Plan Rows": 1,
                      "Plan Width": 42,
                      "Actual Startup Time": 241.488,
                      "Actual Total Time": 7922.434,
                      "Actual Rows": 432.0,
                      "Actual Loops": 1,
                      "Disabled": false,
                      "Output": [
                        "cc.movie_id",
                        "mi_idx.info",
                        "mi_idx.movie_id",
                        "t.title",
                        "t.id",
                        "mi.movie_id",
                        "mk.movie_id"
                      ],
                      "Inner Unique": true,
                      "Shared Hit Blocks": 581217,
                      "Shared Read Blocks": 57466,
                      "Shared Dirtied Blocks": 0,
                      "Shared Written Blocks": 0,
                      "Local Hit Blocks": 0,
                      "Local Read Blocks": 0,
                      "Local Dirtied Blocks": 0,
                      "Local Written Blocks": 0,
                      "Temp Read Blocks": 0,
                      "Temp Written Blocks": 0,
                      "Plans": [
                        {
                          "Node Type": "Nested Loop",
                          "Parent Relationship": "Outer",
                          "Parallel Aware": false,
                          "Async Capable": false,
                          "Join Type": "Inner",
                          "Startup Cost": 21.14,
                          "Total Cost": 3185.89,
                          "Plan Rows": 2,
                          "Plan Width": 46,
                          "Actual Startup Time": 20.623,
                          "Actual Total Time": 7539.998,
                          "Actual Rows": 65625.0,
                          "Actual Loops": 1,
                          "Disabled": false,
                          "Output": [
                            "cc.movie_id",
                            "mi_idx.info",
                            "mi_idx.movie_id",
                            "t.title",
                            "t.id",
                            "mi.movie_id",
                            "mk.movie_id",
                            "mk.keyword_id"
                          ],
                          "Inner Unique": false,
                          "Shared Hit Blocks": 319807,
                          "Shared Read Blocks": 56376,
                          "Shared Dirtied Blocks": 0,
                          "Shared Written Blocks": 0,
                          "Local Hit Blocks": 0,
                          "Local Read Blocks": 0,
                          "Local Dirtied Blocks": 0,
                          "Local Written Blocks": 0,
                          "Temp Read Blocks": 0,
                          "Temp Written Blocks": 0,
                          "Plans": [
                            {
                              "Node Type": "Nested Loop",
                              "Parent Relationship": "Outer",
                              "Parallel Aware": false,
                              "Async Capable": false,
                              "Join Type": "Inner",
                              "Startup Cost": 20.7,
                              "Total Cost": 3184.09,
                              "Plan Rows": 1,
                              "Plan Width": 38,
                              "Actual Startup Time": 10.916,
                              "Actual Total Time": 6958.884,
                              "Actual Rows": 3479.0,
                              "Actual Loops": 1,
                              "Disabled": false,
                              "Output": [
                                "cc.movie_id",
                                "mi_idx.info",
                                "mi_idx.movie_id",
                                "t.title",
                                "t.id",
                                "mi.movie_id"
                              ],
                              "Inner Unique": true,
                              "Shared Hit Blocks": 309179,
                              "Shared Read Blocks": 54273,
                              "Shared Dirtied Blocks": 0,
                              "Shared Written Blocks": 0,
                              "Local Hit Blocks": 0,
                              "Local Read Blocks": 0,
                              "Local Dirtied Blocks": 0,
                              "Local Written Blocks": 0,
                              "Temp Read Blocks": 0,
                              "Temp Written Blocks": 0,
                              "Plans": [
                                {
                                  "Node Type": "Nested Loop",
                                  "Parent Relationship": "Outer",
                                  "Parallel Aware": false,
                                  "Async Capable": false,
                                  "Join Type": "Inner",
                                  "Startup Cost": 20.56,
                                  "Total Cost": 3183.91,
                                  "Plan Rows": 1,
                                  "Plan Width": 42,
                                  "Actual Startup Time": 10.903,
                                  "Actual Total Time": 6943.728,
                                  "Actual Rows": 3838.0,
                                  "Actual Loops": 1,
                                  "Disabled": false,
                                  "Output": [
                                    "cc.movie_id",
                                    "mi_idx.info",
                                    "mi_idx.movie_id",
                                    "t.title",
                                    "t.id",
                                    "mi.movie_id",
                                    "mi.info_type_id"
                                  ],
                                  "Inner Unique": false,
                                  "Shared Hit Blocks": 301503,
                                  "Shared Read Blocks": 54273,
                                  "Shared Dirtied Blocks": 0,
                                  "Shared Written Blocks": 0,
                                  "Local Hit Blocks": 0,
                                  "Local Read Blocks": 0,
                                  "Local Dirtied Blocks": 0,
                                  "Local Written Blocks": 0,
                                  "Temp Read Blocks": 0,
                                  "Temp Written Blocks": 0,
                                  "Plans": [
                                    {
                                      "Node Type": "Nested Loop",
                                      "Parent Relationship": "Outer",
                                      "Parallel Aware": false,
                                      "Async Capable": false,
                                      "Join Type": "Inner",
                                      "Startup Cost": 20.1,
                                      "Total Cost": 3181.99,
                                      "Plan Rows": 1,
                                      "Plan Width": 34,
                                      "Actual Startup Time": 8.785,
                                      "Actual Total Time": 2237.679,
                                      "Actual Rows": 5740.0,
                                      "Actual Loops": 1,
                                      "Disabled": false,
                                      "Output": [
                                        "cc.movie_id",
                                        "mi_idx.info",
                                        "mi_idx.movie_id",
                                        "t.title",
                                        "t.id"
                                      ],
                                      "Inner Unique": true,
                                      "Shared Hit Blocks": 257150,
                                      "Shared Read Blocks": 32737,
                                      "Shared Dirtied Blocks": 0,
                                      "Shared Written Blocks": 0,
                                      "Local Hit Blocks": 0,
                                      "Local Read Blocks": 0,
                                      "Local Dirtied Blocks": 0,
                                      "Local Written Blocks": 0,
                                      "Temp Read Blocks": 0,
                                      "Temp Written Blocks": 0,
                                      "Plans": [
                                        {
                                          "Node Type": "Nested Loop",
                                          "Parent Relationship": "Outer",
                                          "Parallel Aware": false,
                                          "Async Capable": false,
                                          "Join Type": "Inner",
                                          "Startup Cost": 19.94,
                                          "Total Cost": 3180.62,
                                          "Plan Rows": 11,
                                          "Plan Width": 38,
                                          "Actual Startup Time": 8.19,
                                          "Actual Total Time": 2231.729,
                                          "Actual Rows": 6418.0,
                                          "Actual Loops": 1,
                                          "Disabled": false,
                                          "Output": [
                                            "cc.movie_id",
                                            "mi_idx.info",
                                            "mi_idx.movie_id",
                                            "t.title",
                                            "t.kind_id",
                                            "t.id"
                                          ],
                                          "Inner Unique": true,
                                          "Shared Hit Blocks": 257140,
                                          "Shared Read Blocks": 32735,
                                          "Shared Dirtied Blocks": 0,
                                          "Shared Written Blocks": 0,
                                          "Local Hit Blocks": 0,
                                          "Local Read Blocks": 0,
                                          "Local Dirtied Blocks": 0,
                                          "Local Written Blocks": 0,
                                          "Temp Read Blocks": 0,
                                          "Temp Written Blocks": 0,
                                          "Plans": [
                                            {
                                              "Node Type": "Nested Loop",
                                              "Parent Relationship": "Outer",
                                              "Parallel Aware": false,
                                              "Async Capable": false,
                                              "Join Type": "Inner",
                                              "Startup Cost": 19.51,
                                              "Total Cost": 3168.94,
                                              "Plan Rows": 20,
                                              "Plan Width": 13,
                                              "Actual Startup Time": 7.251,
                                              "Actual Total Time": 1215.041,
                                              "Actual Rows": 26861.0,
                                              "Actual Loops": 1,
                                              "Disabled": false,
                                              "Output": [
                                                "cc.movie_id",
                                                "mi_idx.info",
                                                "mi_idx.movie_id"
                                              ],
                                              "Inner Unique": true,
                                              "Shared Hit Blocks": 171837,
                                              "Shared Read Blocks": 10594,
                                              "Shared Dirtied Blocks": 0,
                                              "Shared Written Blocks": 0,
                                              "Local Hit Blocks": 0,
                                              "Local Read Blocks": 0,
                                              "Local Dirtied Blocks": 0,
                                              "Local Written Blocks": 0,
                                              "Temp Read Blocks": 0,
                                              "Temp Written Blocks": 0,
                                              "Plans": [
                                                {
                                                  "Node Type": "Nested Loop",
                                                  "Parent Relationship": "Outer",
                                                  "Parallel Aware": false,
                                                  "Async Capable": false,
                                                  "Join Type": "Inner",
                                                  "Startup Cost": 19.35,
                                                  "Total Cost": 3167.95,
                                                  "Plan Rows": 20,
                                                  "Plan Width": 17,
                                                  "Actual Startup Time": 6.996,
                                                  "Actual Total Time": 1191.422,
                                                  "Actual Rows": 33339.0,
                                                  "Actual Loops": 1,
                                                  "Disabled": false,
                                                  "Output": [
                                                    "cc.movie_id",
                                                    "cc.status_id",
                                                    "mi_idx.info",
                                                    "mi_idx.movie_id"
                                                  ],
                                                  "Inner Unique": false,
                                                  "Join Filter": "(it2.id = mi_idx.info_type_id)",
                                                  "Rows Removed by Join Filter": 65069,
                                                  "Shared Hit Blocks": 171833,
                                                  "Shared Read Blocks": 10594,
                                                  "Shared Dirtied Blocks": 0,
                                                  "Shared Written Blocks": 0,
                                                  "Local Hit Blocks": 0,
                                                  "Local Read Blocks": 0,
                                                  "Local Dirtied Blocks": 0,
                                                  "Local Written Blocks": 0,
                                                  "Temp Read Blocks": 0,
                                                  "Temp Written Blocks": 0,
                                                  "Plans": [
                                                    {
                                                      "Node Type": "Seq Scan",
                                                      "Parent Relationship": "Outer",
                                                      "Parallel Aware": false,
                                                      "Async Capable": false,
                                                      "Relation Name": "info_type",
                                                      "Schema": "public",
                                                      "Alias": "it2",
                                                      "Startup Cost": 0.0,
                                                      "Total Cost": 2.41,
                                                      "Plan Rows": 1,
                                                      "Plan Width": 4,
                                                      "Actual Startup Time": 0.012,
                                                      "Actual Total Time": 0.019,
                                                      "Actual Rows": 1.0,
                                                      "Actual Loops": 1,
                                                      "Disabled": false,
                                                      "Output": [
                                                        "it2.id",
                                                        "it2.info"
                                                      ],
                                                      "Filter": "((it2.info)::text = 'rating'::text)",
                                                      "Rows Removed by Filter": 112,
                                                      "Shared Hit Blocks": 1,
                                                      "Shared Read Blocks": 0,
                                                      "Shared Dirtied Blocks": 0,
                                                      "Shared Written Blocks": 0,
                                                      "Local Hit Blocks": 0,
                                                      "Local Read Blocks": 0,
                                                      "Local Dirtied Blocks": 0,
                                                      "Local Written Blocks": 0,
                                                      "Temp Read Blocks": 0,
                                                      "Temp Written Blocks": 0,
                                                      "actual_scan_in_card": 113,
                                                      "actual_funnel_counts": [
                                                        113,
                                                        1
                                                      ],
                                                      "component_selectivity": {
                                                        "compare_selectivity": 0.008849557522123894
                                                      },
                                                      "ius": [
                                                        {
                                                          "name": "it2.id",
                                                          "bytes": 8
                                                        },
                                                        {
                                                          "name": "it2.info",
                                                          "bytes": 8
                                                        }
                                                      ]
                                                    },
                                                    {
                                                      "Node Type": "Nested Loop",
                                                      "Parent Relationship": "Inner",
                                                      "Parallel Aware": false,
                                                      "Async Capable": false,
                                                      "Join Type": "Inner",
                                                      "Startup Cost": 19.35,
                                                      "Total Cost": 3137.92,
                                                      "Plan Rows": 2209,
                                                      "Plan Width": 21,
                                                      "Actual Startup Time": 6.981,
                                                      "Actual Total Time": 1180.403,
                                                      "Actual Rows": 98408.0,
                                                      "Actual Loops": 1,
                                                      "Disabled": false,
                                                      "Output": [
                                                        "cc.movie_id",
                                                        "cc.status_id",
                                                        "mi_idx.info",
                                                        "mi_idx.movie_id",
                                                        "mi_idx.info_type_id"
                                                      ],
                                                      "Inner Unique": false,
                                                      "Shared Hit Blocks": 171832,
                                                      "Shared Read Blocks": 10594,
                                                      "Shared Dirtied Blocks": 0,
                                                      "Shared Written Blocks": 0,
                                                      "Local Hit Blocks": 0,
                                                      "Local Read Blocks": 0,
                                                      "Local Dirtied Blocks": 0,
                                                      "Local Written Blocks": 0,
                                                      "Temp Read Blocks": 0,
                                                      "Temp Written Blocks": 0,
                                                      "Plans": [
                                                        {
                                                          "Node Type": "Hash Join",
                                                          "Parent Relationship": "Outer",
                                                          "Parallel Aware": false,
                                                          "Async Capable": false,
                                                          "Join Type": "Inner",
                                                          "Startup Cost": 18.93,
                                                          "Total Cost": 2462.5,
                                                          "Plan Rows": 761,
                                                          "Plan Width": 8,
                                                          "Actual Startup Time": 6.15,
                                                          "Actual Total Time": 35.615,
                                                          "Actual Rows": 49145.0,
                                                          "Actual Loops": 1,
                                                          "Disabled": false,
                                                          "Output": [
                                                            "cc.movie_id",
                                                            "cc.status_id"
                                                          ],
                                                          "Inner Unique": true,
                                                          "Hash Cond": "(cc.subject_id = cct1.id)",
                                                          "Shared Hit Blocks": 24,
                                                          "Shared Read Blocks": 713,
                                                          "Shared Dirtied Blocks": 0,
                                                          "Shared Written Blocks": 0,
                                                          "Local Hit Blocks": 0,
                                                          "Local Read Blocks": 0,
                                                          "Local Dirtied Blocks": 0,
                                                          "Local Written Blocks": 0,
                                                          "Temp Read Blocks": 0,
                                                          "Temp Written Blocks": 0,
                                                          "Plans": [
                                                            {
                                                              "Node Type": "Seq Scan",
                                                              "Parent Relationship": "Outer",
                                                              "Parallel Aware": false,
                                                              "Async Capable": false,
                                                              "Relation Name": "complete_cast",
                                                              "Schema": "public",
                                                              "Alias": "cc",
                                                              "Startup Cost": 0.0,
                                                              "Total Cost": 2086.86,
                                                              "Plan Rows": 135086,
                                                              "Plan Width": 12,
                                                              "Actual Startup Time": 0.216,
                                                              "Actual Total Time": 9.363,
                                                              "Actual Rows": 135086.0,
                                                              "Actual Loops": 1,
                                                              "Disabled": false,
                                                              "Output": [
                                                                "cc.id",
                                                                "cc.movie_id",
                                                                "cc.subject_id",
                                                                "cc.status_id"
                                                              ],
                                                              "Shared Hit Blocks": 23,
                                                              "Shared Read Blocks": 713,
                                                              "Shared Dirtied Blocks": 0,
                                                              "Shared Written Blocks": 0,
                                                              "Local Hit Blocks": 0,
                                                              "Local Read Blocks": 0,
                                                              "Local Dirtied Blocks": 0,
                                                              "Local Written Blocks": 0,
                                                              "Temp Read Blocks": 0,
                                                              "Temp Written Blocks": 0,
                                                              "actual_scan_in_card": 135086,
                                                              "ius": [
                                                                {
                                                                  "name": "cc.id",
                                                                  "bytes": 8
                                                                },
                                                                {
                                                                  "name": "cc.movie_id",
                                                                  "bytes": 8
                                                                },
                                                                {
                                                                  "name": "cc.subject_id",
                                                                  "bytes": 8
                                                                },
                                                                {
                                                                  "name": "cc.status_id",
                                                                  "bytes": 8
                                                                }
                                                              ]
                                                            },
                                                            {
                                                              "Node Type": "Hash",
                                                              "Parent Relationship": "Inner",
                                                              "Parallel Aware": false,
                                                              "Async Capable": false,
                                                              "Startup Cost": 18.88,
                                                              "Total Cost": 18.88,
                                                              "Plan Rows": 4,
                                                              "Plan Width": 4,
                                                              "Actual Startup Time": 0.008,
                                                              "Actual Total Time": 0.013,
                                                              "Actual Rows": 1.0,
                                                              "Actual Loops": 1,
                                                              "Disabled": false,
                                                              "Output": [
                                                                "cct1.id"
                                                              ],
                                                              "Hash Buckets": 1024,
                                                              "Original Hash Buckets": 1024,
                                                              "Hash Batches": 1,
                                                              "Original Hash Batches": 1,
                                                              "Peak Memory Usage": 9,
                                                              "Shared Hit Blocks": 1,
                                                              "Shared Read Blocks": 0,
                                                              "Shared Dirtied Blocks": 0,
                                                              "Shared Written Blocks": 0,
                                                              "Local Hit Blocks": 0,
                                                              "Local Read Blocks": 0,
                                                              "Local Dirtied Blocks": 0,
                                                              "Local Written Blocks": 0,
                                                              "Temp Read Blocks": 0,
                                                              "Temp Written Blocks": 0,
                                                              "Plans": [
                                                                {
                                                                  "Node Type": "Seq Scan",
                                                                  "Parent Relationship": "Outer",
                                                                  "Parallel Aware": false,
                                                                  "Async Capable": false,
                                                                  "Relation Name": "comp_cast_type",
                                                                  "Schema": "public",
                                                                  "Alias": "cct1",
                                                                  "Startup Cost": 0.0,
                                                                  "Total Cost": 18.88,
                                                                  "Plan Rows": 4,
                                                                  "Plan Width": 4,
                                                                  "Actual Startup Time": 0.005,
                                                                  "Actual Total Time": 0.005,
                                                                  "Actual Rows": 1.0,
                                                                  "Actual Loops": 1,
                                                                  "Disabled": false,
                                                                  "Output": [
                                                                    "cct1.id"
                                                                  ],
                                                                  "Filter": "((cct1.kind)::text = 'crew'::text)",
                                                                  "Rows Removed by Filter": 3,
                                                                  "Shared Hit Blocks": 1,
                                                                  "Shared Read Blocks": 0,
                                                                  "Shared Dirtied Blocks": 0,
                                                                  "Shared Written Blocks": 0,
                                                                  "Local Hit Blocks": 0,
                                                                  "Local Read Blocks": 0,
                                                                  "Local Dirtied Blocks": 0,
                                                                  "Local Written Blocks": 0,
                                                                  "Temp Read Blocks": 0,
                                                                  "Temp Written Blocks": 0,
                                                                  "actual_scan_in_card": 4,
                                                                  "actual_funnel_counts": [
                                                                    4,
                                                                    1
                                                                  ],
                                                                  "component_selectivity": {
                                                                    "compare_selectivity": 0.25
                                                                  },
                                                                  "ius": [
                                                                    {
                                                                      "name": "cct1.id",
                                                                      "bytes": 8
                                                                    }
                                                                  ]
                                                                }
                                                              ],
                                                              "ius": [
                                                                {
                                                                  "name": "cct1.id",
                                                                  "bytes": 8
                                                                }
                                                              ]
                                                            }
                                                          ],
                                                          "ius": [
                                                            {
                                                              "name": "cc.movie_id",
                                                              "bytes": 8
                                                            },
                                                            {
                                                              "name": "cc.status_id",
                                                              "bytes": 8
                                                            }
                                                          ]
                                                        },
                                                        {
                                                          "Node Type": "Index Scan",
                                                          "Parent Relationship": "Inner",
                                                          "Parallel Aware": false,
                                                          "Async Capable": false,
                                                          "Scan Direction": "Forward",
                                                          "Index Name": "movie_id_movie_info_idx",
                                                          "Relation Name": "movie_info_idx",
                                                          "Schema": "public",
                                                          "Alias": "mi_idx",
                                                          "Startup Cost": 0.43,
                                                          "Total Cost": 0.86,
                                                          "Plan Rows": 3,
                                                          "Plan Width": 13,
                                                          "Actual Startup Time": 0.022,
                                                          "Actual Total Time": 0.023,
                                                          "Actual Rows": 2.0,
                                                          "Actual Loops": 49145,
                                                          "Disabled": false,
                                                          "Output": [
                                                            "mi_idx.id",
                                                            "mi_idx.movie_id",
                                                            "mi_idx.info_type_id",
                                                            "mi_idx.info",
                                                            "mi_idx.note"
                                                          ],
                                                          "Index Cond": "(mi_idx.movie_id = cc.movie_id)",
                                                          "Rows Removed by Index Recheck": 0,
                                                          "Filter": "(mi_idx.info < '8.5'::text)",
                                                          "Rows Removed by Filter": 0,
                                                          "Index Searches": 49145,
                                                          "Shared Hit Blocks": 171808,
                                                          "Shared Read Blocks": 9881,
                                                          "Shared Dirtied Blocks": 0,
                                                          "Shared Written Blocks": 0,
                                                          "Local Hit Blocks": 0,
                                                          "Local Read Blocks": 0,
                                                          "Local Dirtied Blocks": 0,
                                                          "Local Written Blocks": 0,
                                                          "Temp Read Blocks": 0,
                                                          "Temp Written Blocks": 0,
                                                          "actual_scan_in_card": 1380035,
                                                          "actual_funnel_counts": [
                                                            1380035,
                                                            1337634
                                                          ],
                                                          "component_selectivity": {
                                                            "compare_selectivity": 0.9692754169278316
                                                          },
                                                          "ius": [
                                                            {
                                                              "name": "mi_idx.id",
                                                              "bytes": 8
                                                            },
                                                            {
                                                              "name": "mi_idx.movie_id",
                                                              "bytes": 8
                                                            },
                                                            {
                                                              "name": "mi_idx.info_type_id",
                                                              "bytes": 8
                                                            },
                                                            {
                                                              "name": "mi_idx.info",
                                                              "bytes": 8
                                                            },
                                                            {
                                                              "name": "mi_idx.note",
                                                              "bytes": 8
                                                            }
                                                          ]
                                                        }
                                                      ],
                                                      "ius": [
                                                        {
                                                          "name": "cc.movie_id",
                                                          "bytes": 8
                                                        },
                                                        {
                                                          "name": "cc.status_id",
                                                          "bytes": 8
                                                        },
                                                        {
                                                          "name": "mi_idx.info",
                                                          "bytes": 8
                                                        },
                                                        {
                                                          "name": "mi_idx.movie_id",
                                                          "bytes": 8
                                                        },
                                                        {
                                                          "name": "mi_idx.info_type_id",
                                                          "bytes": 8
                                                        }
                                                      ]
                                                    }
                                                  ],
                                                  "ius": [
                                                    {
                                                      "name": "cc.movie_id",
                                                      "bytes": 8
                                                    },
                                                    {
                                                      "name": "cc.status_id",
                                                      "bytes": 8
                                                    },
                                                    {
                                                      "name": "mi_idx.info",
                                                      "bytes": 8
                                                    },
                                                    {
                                                      "name": "mi_idx.movie_id",
                                                      "bytes": 8
                                                    }
                                                  ]
                                                },
                                                {
                                                  "Node Type": "Memoize",
                                                  "Parent Relationship": "Inner",
                                                  "Parallel Aware": false,
                                                  "Async Capable": false,
                                                  "Startup Cost": 0.16,
                                                  "Total Cost": 0.18,
                                                  "Plan Rows": 1,
                                                  "Plan Width": 4,
                                                  "Actual Startup Time": 0.0,
                                                  "Actual Total Time": 0.0,
                                                  "Actual Rows": 0.81,
                                                  "Actual Loops": 33339,
                                                  "Disabled": false,
                                                  "Output": [
                                                    "cct2.id"
                                                  ],
                                                  "Cache Key": "cc.status_id",
                                                  "Cache Mode": "logical",
                                                  "Cache Hits": 33337,
                                                  "Cache Misses": 2,
                                                  "Cache Evictions": 0,
                                                  "Cache Overflows": 0,
                                                  "Peak Memory Usage": 1,
                                                  "Shared Hit Blocks": 4,
                                                  "Shared Read Blocks": 0,
                                                  "Shared Dirtied Blocks": 0,
                                                  "Shared Written Blocks": 0,
                                                  "Local Hit Blocks": 0,
                                                  "Local Read Blocks": 0,
                                                  "Local Dirtied Blocks": 0,
                                                  "Local Written Blocks": 0,
                                                  "Temp Read Blocks": 0,
                                                  "Temp Written Blocks": 0,
                                                  "Plans": [
                                                    {
                                                      "Node Type": "Index Scan",
                                                      "Parent Relationship": "Outer",
                                                      "Parallel Aware": false,
                                                      "Async Capable": false,
                                                      "Scan Direction": "Forward",
                                                      "Index Name": "comp_cast_type_pkey",
                                                      "Relation Name": "comp_cast_type",
                                                      "Schema": "public",
                                                      "Alias": "cct2",
                                                      "Startup Cost": 0.15,
                                                      "Total Cost": 0.17,
                                                      "Plan Rows": 1,
                                                      "Plan Width": 4,
                                                      "Actual Startup Time": 0.126,
                                                      "Actual Total Time": 0.126,
                                                      "Actual Rows": 0.5,
                                                      "Actual Loops": 2,
                                                      "Disabled": false,
                                                      "Output": [
                                                        "cct2.id"
                                                      ],
                                                      "Index Cond": "(cct2.id = cc.status_id)",
                                                      "Rows Removed by Index Recheck": 0,
                                                      "Filter": "((cct2.kind)::text <> 'complete+verified'::text)",
                                                      "Rows Removed by Filter": 0,
                                                      "Index Searches": 2,
                                                      "Shared Hit Blocks": 4,
                                                      "Shared Read Blocks": 0,
                                                      "Shared Dirtied Blocks": 0,
                                                      "Shared Written Blocks": 0,
                                                      "Local Hit Blocks": 0,
                                                      "Local Read Blocks": 0,
                                                      "Local Dirtied Blocks": 0,
                                                      "Local Written Blocks": 0,
                                                      "Temp Read Blocks": 0,
                                                      "Temp Written Blocks": 0,
                                                      "actual_scan_in_card": 4,
                                                      "actual_funnel_counts": [
                                                        4,
                                                        3
                                                      ],
                                                      "component_selectivity": {
                                                        "compare_selectivity": 0.75
                                                      },
                                                      "ius": [
                                                        {
                                                          "name": "cct2.id",
                                                          "bytes": 8
                                                        }
                                                      ]
                                                    }
                                                  ],
                                                  "ius": [
                                                    {
                                                      "name": "cct2.id",
                                                      "bytes": 8
                                                    }
                                                  ]
                                                }
                                              ],
                                              "ius": [
                                                {
                                                  "name": "cc.movie_id",
                                                  "bytes": 8
                                                },
                                                {
                                                  "name": "mi_idx.info",
                                                  "bytes": 8
                                                },
                                                {
                                                  "name": "mi_idx.movie_id",
                                                  "bytes": 8
                                                }
                                              ]
                                            },
                                            {
                                              "Node Type": "Index Scan",
                                              "Parent Relationship": "Inner",
                                              "Parallel Aware": false,
                                              "Async Capable": false,
                                              "Scan Direction": "Forward",
                                              "Index Name": "title_pkey",
                                              "Relation Name": "title",
                                              "Schema": "public",
                                              "Alias": "t",
                                              "Startup Cost": 0.43,
                                              "Total Cost": 0.58,
                                              "Plan Rows": 1,
                                              "Plan Width": 25,
                                              "Actual Startup Time": 0.038,
                                              "Actual Total Time": 0.038,
                                              "Actual Rows": 0.24,
                                              "Actual Loops": 26861,
                                              "Disabled": false,
                                              "Output": [
                                                "t.id",
                                                "t.title",
                                                "t.imdb_index",
                                                "t.kind_id",
                                                "t.production_year",
                                                "t.imdb_id",
                                                "t.phonetic_code",
                                                "t.episode_of_id",
                                                "t.season_nr",
                                                "t.episode_nr",
                                                "t.series_years",
                                                "t.md5sum"
                                              ],
                                              "Index Cond": "(t.id = mi_idx.movie_id)",
                                              "Rows Removed by Index Recheck": 0,
                                              "Filter": "(t.production_year > 2000)",
                                              "Rows Removed by Filter": 1,
                                              "Index Searches": 26861,
                                              "Shared Hit Blocks": 85303,
                                              "Shared Read Blocks": 22141,
                                              "Shared Dirtied Blocks": 0,
                                              "Shared Written Blocks": 0,
                                              "Local Hit Blocks": 0,
                                              "Local Read Blocks": 0,
                                              "Local Dirtied Blocks": 0,
                                              "Local Written Blocks": 0,
                                              "Temp Read Blocks": 0,
                                              "Temp Written Blocks": 0,
                                              "actual_scan_in_card": 2528312,
                                              "actual_funnel_counts": [
                                                2528312,
                                                1381453
                                              ],
                                              "component_selectivity": {
                                                "compare_selectivity": 0.5463934039786229
                                              },
                                              "ius": [
                                                {
                                                  "name": "t.id",
                                                  "bytes": 8
                                                },
                                                {
                                                  "name": "t.title",
                                                  "bytes": 8
                                                },
                                                {
                                                  "name": "t.imdb_index",
                                                  "bytes": 8
                                                },
                                                {
                                                  "name": "t.kind_id",
                                                  "bytes": 8
                                                },
                                                {
                                                  "name": "t.production_year",
                                                  "bytes": 8
                                                },
                                                {
                                                  "name": "t.imdb_id",
                                                  "bytes": 8
                                                },
                                                {
                                                  "name": "t.phonetic_code",
                                                  "bytes": 8
                                                },
                                                {
                                                  "name": "t.episode_of_id",
                                                  "bytes": 8
                                                },
                                                {
                                                  "name": "t.season_nr",
                                                  "bytes": 8
                                                },
                                                {
                                                  "name": "t.episode_nr",
                                                  "bytes": 8
                                                },
                                                {
                                                  "name": "t.series_years",
                                                  "bytes": 8
                                                },
                                                {
                                                  "name": "t.md5sum",
                                                  "bytes": 8
                                                }
                                              ]
                                            }
                                          ],
                                          "ius": [
                                            {
                                              "name": "cc.movie_id",
                                              "bytes": 8
                                            },
                                            {
                                              "name": "mi_idx.info",
                                              "bytes": 8
                                            },
                                            {
                                              "name": "mi_idx.movie_id",
                                              "bytes": 8
                                            },
                                            {
                                              "name": "t.title",
                                              "bytes": 8
                                            },
                                            {
                                              "name": "t.kind_id",
                                              "bytes": 8
                                            },
                                            {
                                              "name": "t.id",
                                              "bytes": 8
                                            }
                                          ]
                                        },
                                        {
                                          "Node Type": "Memoize",
                                          "Parent Relationship": "Inner",
                                          "Parallel Aware": false,
                                          "Async Capable": false,
                                          "Startup Cost": 0.16,
                                          "Total Cost": 0.18,
                                          "Plan Rows": 1,
                                          "Plan Width": 4,
                                          "Actual Startup Time": 0.0,
                                          "Actual Total Time": 0.0,
                                          "Actual Rows": 0.89,
                                          "Actual Loops": 6418,
                                          "Disabled": false,
                                          "Output": [
                                            "kt.id"
                                          ],
                                          "Cache Key": "t.kind_id",
                                          "Cache Mode": "logical",
                                          "Cache Hits": 6412,
                                          "Cache Misses": 6,
                                          "Cache Evictions": 0,
                                          "Cache Overflows": 0,
                                          "Peak Memory Usage": 1,
                                          "Shared Hit Blocks": 10,
                                          "Shared Read Blocks": 2,
                                          "Shared Dirtied Blocks": 0,
                                          "Shared Written Blocks": 0,
                                          "Local Hit Blocks": 0,
                                          "Local Read Blocks": 0,
                                          "Local Dirtied Blocks": 0,
                                          "Local Written Blocks": 0,
                                          "Temp Read Blocks": 0,
                                          "Temp Written Blocks": 0,
                                          "Plans": [
                                            {
                                              "Node Type": "Index Scan",
                                              "Parent Relationship": "Outer",
                                              "Parallel Aware": false,
                                              "Async Capable": false,
                                              "Scan Direction": "Forward",
                                              "Index Name": "kind_type_pkey",
                                              "Relation Name": "kind_type",
                                              "Schema": "public",
                                              "Alias": "kt",
                                              "Startup Cost": 0.15,
                                              "Total Cost": 0.17,
                                              "Plan Rows": 1,
                                              "Plan Width": 4,
                                              "Actual Startup Time": 0.052,
                                              "Actual Total Time": 0.052,
                                              "Actual Rows": 0.33,
                                              "Actual Loops": 6,
                                              "Disabled": false,
                                              "Output": [
                                                "kt.id"
                                              ],
                                              "Index Cond": "(kt.id = t.kind_id)",
                                              "Rows Removed by Index Recheck": 0,
                                              "Filter": "((kt.kind)::text = ANY ('{movie,episode}'::text[]))",
                                              "Rows Removed by Filter": 1,
                                              "Index Searches": 6,
                                              "Shared Hit Blocks": 10,
                                              "Shared Read Blocks": 2,
                                              "Shared Dirtied Blocks": 0,
                                              "Shared Written Blocks": 0,
                                              "Local Hit Blocks": 0,
                                              "Local Read Blocks": 0,
                                              "Local Dirtied Blocks": 0,
                                              "Local Written Blocks": 0,
                                              "Temp Read Blocks": 0,
                                              "Temp Written Blocks": 0,
                                              "actual_scan_in_card": 7,
                                              "actual_funnel_counts": [
                                                7,
                                                2
                                              ],
                                              "component_selectivity": {
                                                "compare_selectivity": 0.2857142857142857
                                              },
                                              "ius": [
                                                {
                                                  "name": "kt.id",
                                                  "bytes": 8
                                                }
                                              ]
                                            }
                                          ],
                                          "ius": [
                                            {
                                              "name": "kt.id",
                                              "bytes": 8
                                            }
                                          ]
                                        }
                                      ],
                                      "ius": [
                                        {
                                          "name": "cc.movie_id",
                                          "bytes": 8
                                        },
                                        {
                                          "name": "mi_idx.info",
                                          "bytes": 8
                                        },
                                        {
                                          "name": "mi_idx.movie_id",
                                          "bytes": 8
                                        },
                                        {
                                          "name": "t.title",
                                          "bytes": 8
                                        },
                                        {
                                          "name": "t.id",
                                          "bytes": 8
                                        }
                                      ]
                                    },
                                    {
                                      "Node Type": "Index Scan",
                                      "Parent Relationship": "Inner",
                                      "Parallel Aware": false,
                                      "Async Capable": false,
                                      "Scan Direction": "Forward",
                                      "Index Name": "movie_id_movie_info",
                                      "Relation Name": "movie_info",
                                      "Schema": "public",
                                      "Alias": "mi",
                                      "Startup Cost": 0.46,
                                      "Total Cost": 1.9,
                                      "Plan Rows": 2,
                                      "Plan Width": 8,
                                      "Actual Startup Time": 0.747,
                                      "Actual Total Time": 0.819,
                                      "Actual Rows": 0.67,
                                      "Actual Loops": 5740,
                                      "Disabled": false,
                                      "Output": [
                                        "mi.id",
                                        "mi.movie_id",
                                        "mi.info_type_id",
                                        "mi.info",
                                        "mi.note"
                                      ],
                                      "Index Cond": "(mi.movie_id = t.id)",
                                      "Rows Removed by Index Recheck": 0,
                                      "Filter": "(mi.info = ANY ('{Sweden,Norway,Germany,Denmark,Swedish,Danish,Norwegian,German,USA,American}'::text[]))",
                                      "Rows Removed by Filter": 25,
                                      "Index Searches": 5740,
                                      "Shared Hit Blocks": 44353,
                                      "Shared Read Blocks": 21536,
                                      "Shared Dirtied Blocks": 0,
                                      "Shared Written Blocks": 0,
                                      "Local Hit Blocks": 0,
                                      "Local Read Blocks": 0,
                                      "Local Dirtied Blocks": 0,
                                      "Local Written Blocks": 0,
                                      "Temp Read Blocks": 0,
                                      "Temp Written Blocks": 0,
                                      "actual_scan_in_card": 14835720,
                                      "actual_funnel_counts": [
                                        14835720,
                                        716210
                                      ],
                                      "component_selectivity": {
                                        "compare_selectivity": 0.04827605266208853
                                      },
                                      "ius": [
                                        {
                                          "name": "mi.id",
                                          "bytes": 8
                                        },
                                        {
                                          "name": "mi.movie_id",
                                          "bytes": 8
                                        },
                                        {
                                          "name": "mi.info_type_id",
                                          "bytes": 8
                                        },
                                        {
                                          "name": "mi.info",
                                          "bytes": 8
                                        },
                                        {
                                          "name": "mi.note",
                                          "bytes": 8
                                        }
                                      ]
                                    }
                                  ],
                                  "ius": [
                                    {
                                      "name": "cc.movie_id",
                                      "bytes": 8
                                    },
                                    {
                                      "name": "mi_idx.info",
                                      "bytes": 8
                                    },
                                    {
                                      "name": "mi_idx.movie_id",
                                      "bytes": 8
                                    },
                                    {
                                      "name": "t.title",
                                      "bytes": 8
                                    },
                                    {
                                      "name": "t.id",
                                      "bytes": 8
                                    },
                                    {
                                      "name": "mi.movie_id",
                                      "bytes": 8
                                    },
                                    {
                                      "name": "mi.info_type_id",
                                      "bytes": 8
                                    }
                                  ]
                                },
                                {
                                  "Node Type": "Index Scan",
                                  "Parent Relationship": "Inner",
                                  "Parallel Aware": false,
                                  "Async Capable": false,
                                  "Scan Direction": "Forward",
                                  "Index Name": "info_type_pkey",
                                  "Relation Name": "info_type",
                                  "Schema": "public",
                                  "Alias": "it1",
                                  "Startup Cost": 0.14,
                                  "Total Cost": 0.16,
                                  "Plan Rows": 1,
                                  "Plan Width": 4,
                                  "Actual Startup Time": 0.002,
                                  "Actual Total Time": 0.002,
                                  "Actual Rows": 0.91,
                                  "Actual Loops": 3838,
                                  "Disabled": false,
                                  "Output": [
                                    "it1.id",
                                    "it1.info"
                                  ],
                                  "Index Cond": "(it1.id = mi.info_type_id)",
                                  "Rows Removed by Index Recheck": 0,
                                  "Filter": "((it1.info)::text = 'countries'::text)",
                                  "Rows Removed by Filter": 0,
                                  "Index Searches": 3838,
                                  "Shared Hit Blocks": 7676,
                                  "Shared Read Blocks": 0,
                                  "Shared Dirtied Blocks": 0,
                                  "Shared Written Blocks": 0,
                                  "Local Hit Blocks": 0,
                                  "Local Read Blocks": 0,
                                  "Local Dirtied Blocks": 0,
                                  "Local Written Blocks": 0,
                                  "Temp Read Blocks": 0,
                                  "Temp Written Blocks": 0,
                                  "actual_scan_in_card": 113,
                                  "actual_funnel_counts": [
                                    113,
                                    1
                                  ],
                                  "component_selectivity": {
                                    "compare_selectivity": 0.008849557522123894
                                  },
                                  "ius": [
                                    {
                                      "name": "it1.id",
                                      "bytes": 8
                                    },
                                    {
                                      "name": "it1.info",
                                      "bytes": 8
                                    }
                                  ]
                                }
                              ],
                              "ius": [
                                {
                                  "name": "cc.movie_id",
                                  "bytes": 8
                                },
                                {
                                  "name": "mi_idx.info",
                                  "bytes": 8
                                },
                                {
                                  "name": "mi_idx.movie_id",
                                  "bytes": 8
                                },
                                {
                                  "name": "t.title",
                                  "bytes": 8
                                },
                                {
                                  "name": "t.id",
                                  "bytes": 8
                                },
                                {
                                  "name": "mi.movie_id",
                                  "bytes": 8
                                }
                              ]
                            },
                            {
                              "Node Type": "Index Scan",
                              "Parent Relationship": "Inner",
                              "Parallel Aware": false,
                              "Async Capable": false,
                              "Scan Direction": "Forward",
                              "Index Name": "movie_id_movie_keyword",
                              "Relation Name": "movie_keyword",
                              "Schema": "public",
                              "Alias": "mk",
                              "Startup Cost": 0.43,
                              "Total Cost": 1.33,
                              "Plan Rows": 46,
                              "Plan Width": 8,
                              "Actual Startup Time": 0.148,
                              "Actual Total Time": 0.163,
                              "Actual Rows": 18.86,
                              "Actual Loops": 3479,
                              "Disabled": false,
                              "Output": [
                                "mk.id",
                                "mk.movie_id",
                                "mk.keyword_id"
                              ],
                              "Index Cond": "(mk.movie_id = t.id)",
                              "Rows Removed by Index Recheck": 0,
                              "Index Searches": 3479,
                              "Shared Hit Blocks": 10628,
                              "Shared Read Blocks": 2103,
                              "Shared Dirtied Blocks": 0,
                              "Shared Written Blocks": 0,
                              "Local Hit Blocks": 0,
                              "Local Read Blocks": 0,
                              "Local Dirtied Blocks": 0,
                              "Local Written Blocks": 0,
                              "Temp Read Blocks": 0,
                              "Temp Written Blocks": 0,
                              "actual_scan_in_card": 4523930,
                              "ius": [
                                {
                                  "name": "mk.id",
                                  "bytes": 8
                                },
                                {
                                  "name": "mk.movie_id",
                                  "bytes": 8
                                },
                                {
                                  "name": "mk.keyword_id",
                                  "bytes": 8
                                }
                              ]
                            }
                          ],
                          "ius": [
                            {
                              "name": "cc.movie_id",
                              "bytes": 8
                            },
                            {
                              "name": "mi_idx.info",
                              "bytes": 8
                            },
                            {
                              "name": "mi_idx.movie_id",
                              "bytes": 8
                            },
                            {
                              "name": "t.title",
                              "bytes": 8
                            },
                            {
                              "name": "t.id",
                              "bytes": 8
                            },
                            {
                              "name": "mi.movie_id",
                              "bytes": 8
                            },
                            {
                              "name": "mk.movie_id",
                              "bytes": 8
                            },
                            {
                              "name": "mk.keyword_id",
                              "bytes": 8
                            }
                          ]
                        },
                        {
                          "Node Type": "Index Scan",
                          "Parent Relationship": "Inner",
                          "Parallel Aware": false,
                          "Async Capable": false,
                          "Scan Direction": "Forward",
                          "Index Name": "keyword_pkey",
                          "Relation Name": "keyword",
                          "Schema": "public",
                          "Alias": "k",
                          "Startup Cost": 0.42,
                          "Total Cost": 0.44,
                          "Plan Rows": 1,
                          "Plan Width": 4,
                          "Actual Startup Time": 0.006,
                          "Actual Total Time": 0.006,
                          "Actual Rows": 0.01,
                          "Actual Loops": 65625,
                          "Disabled": false,
                          "Output": [
                            "k.id",
                            "k.keyword",
                            "k.phonetic_code"
                          ],
                          "Index Cond": "(k.id = mk.keyword_id)",
                          "Rows Removed by Index Recheck": 0,
                          "Filter": "(k.keyword = ANY ('{murder,murder-in-title,blood,violence}'::text[]))",
                          "Rows Removed by Filter": 1,
                          "Index Searches": 65625,
                          "Shared Hit Blocks": 261410,
                          "Shared Read Blocks": 1090,
                          "Shared Dirtied Blocks": 0,
                          "Shared Written Blocks": 0,
                          "Local Hit Blocks": 0,
                          "Local Read Blocks": 0,
                          "Local Dirtied Blocks": 0,
                          "Local Written Blocks": 0,
                          "Temp Read Blocks": 0,
                          "Temp Written Blocks": 0,
                          "actual_scan_in_card": 134170,
                          "actual_funnel_counts": [
                            134170,
                            3
                          ],
                          "component_selectivity": {
                            "compare_selectivity": 2.2359692926883804e-05
                          },
                          "ius": [
                            {
                              "name": "k.id",
                              "bytes": 8
                            },
                            {
                              "name": "k.keyword",
                              "bytes": 8
                            },
                            {
                              "name": "k.phonetic_code",
                              "bytes": 8
                            }
                          ]
                        }
                      ],
                      "ius": [
                        {
                          "name": "cc.movie_id",
                          "bytes": 8
                        },
                        {
                          "name": "mi_idx.info",
                          "bytes": 8
                        },
                        {
                          "name": "mi_idx.movie_id",
                          "bytes": 8
                        },
                        {
                          "name": "t.title",
                          "bytes": 8
                        },
                        {
                          "name": "t.id",
                          "bytes": 8
                        },
                        {
                          "name": "mi.movie_id",
                          "bytes": 8
                        },
                        {
                          "name": "mk.movie_id",
                          "bytes": 8
                        }
                      ]
                    },
                    {
                      "Node Type": "Index Scan",
                      "Parent Relationship": "Inner",
                      "Parallel Aware": false,
                      "Async Capable": false,
                      "Scan Direction": "Forward",
                      "Index Name": "movie_id_movie_companies",
                      "Relation Name": "movie_companies",
                      "Schema": "public",
                      "Alias": "mc",
                      "Startup Cost": 0.43,
                      "Total Cost": 0.57,
                      "Plan Rows": 1,
                      "Plan Width": 12,
                      "Actual Startup Time": 0.214,
                      "Actual Total Time": 0.23,
                      "Actual Rows": 11.47,
                      "Actual Loops": 432,
                      "Disabled": false,
                      "Output": [
                        "mc.id",
                        "mc.movie_id",
                        "mc.company_id",
                        "mc.company_type_id",
                        "mc.note"
                      ],
                      "Index Cond": "(mc.movie_id = mk.movie_id)",
                      "Rows Removed by Index Recheck": 0,
                      "Filter": "((mc.note !~~ '%(USA)%'::text) AND (mc.note ~~ '%(200%)%'::text))",
                      "Rows Removed by Filter": 10,
                      "Index Searches": 432,
                      "Shared Hit Blocks": 1627,
                      "Shared Read Blocks": 612,
                      "Shared Dirtied Blocks": 0,
                      "Shared Written Blocks": 0,
                      "Local Hit Blocks": 0,
                      "Local Read Blocks": 0,
                      "Local Dirtied Blocks": 0,
                      "Local Written Blocks": 0,
                      "Temp Read Blocks": 0,
                      "Temp Written Blocks": 0,
                      "actual_scan_in_card": 2609129,
                      "actual_funnel_counts": [
                        2609129,
                        849321,
                        303271
                      ],
                      "component_selectivity": {
                        "expression_selectivity": 0.32551897587279127,
                        "expression_selectivity_2": 0.3570746513979991
                      },
                      "ius": [
                        {
                          "name": "mc.id",
                          "bytes": 8
                        },
                        {
                          "name": "mc.movie_id",
                          "bytes": 8
                        },
                        {
                          "name": "mc.company_id",
                          "bytes": 8
                        },
                        {
                          "name": "mc.company_type_id",
                          "bytes": 8
                        },
                        {
                          "name": "mc.note",
                          "bytes": 8
                        }
                      ]
                    }
                  ],
                  "ius": [
                    {
                      "name": "mi_idx.info",
                      "bytes": 8
                    },
                    {
                      "name": "t.title",
                      "bytes": 8
                    },
                    {
                      "name": "mc.company_type_id",
                      "bytes": 8
                    },
                    {
                      "name": "mc.company_id",
                      "bytes": 8
                    }
                  ]
                },
                {
                  "Node Type": "Index Scan",
                  "Parent Relationship": "Inner",
                  "Parallel Aware": false,
                  "Async Capable": false,
                  "Scan Direction": "Forward",
                  "Index Name": "company_name_pkey",
                  "Relation Name": "company_name",
                  "Schema": "public",
                  "Alias": "cn",
                  "Startup Cost": 0.42,
                  "Total Cost": 0.55,
                  "Plan Rows": 1,
                  "Plan Width": 23,
                  "Actual Startup Time": 0.019,
                  "Actual Total Time": 0.019,
                  "Actual Rows": 0.97,
                  "Actual Loops": 4955,
                  "Disabled": false,
                  "Output": [
                    "cn.id",
                    "cn.name",
                    "cn.country_code",
                    "cn.imdb_id",
                    "cn.name_pcode_nf",
                    "cn.name_pcode_sf",
                    "cn.md5sum"
                  ],
                  "Index Cond": "(cn.id = mc.company_id)",
                  "Rows Removed by Index Recheck": 0,
                  "Filter": "((cn.country_code)::text <> '[us]'::text)",
                  "Rows Removed by Filter": 0,
                  "Index Searches": 4955,
                  "Shared Hit Blocks": 19360,
                  "Shared Read Blocks": 460,
                  "Shared Dirtied Blocks": 0,
                  "Shared Written Blocks": 0,
                  "Local Hit Blocks": 0,
                  "Local Read Blocks": 0,
                  "Local Dirtied Blocks": 0,
                  "Local Written Blocks": 0,
                  "Temp Read Blocks": 0,
                  "Temp Written Blocks": 0,
                  "actual_scan_in_card": 234997,
                  "actual_funnel_counts": [
                    234997,
                    126230
                  ],
                  "component_selectivity": {
                    "compare_selectivity": 0.5371557934782146
                  },
                  "ius": [
                    {
                      "name": "cn.id",
                      "bytes": 8
                    },
                    {
                      "name": "cn.name",
                      "bytes": 8
                    },
                    {
                      "name": "cn.country_code",
                      "bytes": 8
                    },
                    {
                      "name": "cn.imdb_id",
                      "bytes": 8
                    },
                    {
                      "name": "cn.name_pcode_nf",
                      "bytes": 8
                    },
                    {
                      "name": "cn.name_pcode_sf",
                      "bytes": 8
                    },
                    {
                      "name": "cn.md5sum",
                      "bytes": 8
                    }
                  ]
                }
              ],
              "ius": [
                {
                  "name": "cn.name",
                  "bytes": 11
                },
                {
                  "name": "mi_idx.info",
                  "bytes": 11
                },
                {
                  "name": "t.title",
                  "bytes": 11
                },
                {
                  "name": "mc.company_type_id",
                  "bytes": 11
                }
              ]
            },
            {
              "Node Type": "Index Only Scan",
              "Parent Relationship": "Inner",
              "Parallel Aware": false,
              "Async Capable": false,
              "Scan Direction": "Forward",
              "Index Name": "company_type_pkey",
              "Relation Name": "company_type",
              "Schema": "public",
              "Alias": "ct",
              "Startup Cost": 0.15,
              "Total Cost": 0.17,
              "Plan Rows": 1,
              "Plan Width": 4,
              "Actual Startup Time": 0.001,
              "Actual Total Time": 0.001,
              "Actual Rows": 1.0,
              "Actual Loops": 4803,
              "Disabled": false,
              "Output": [
                "ct.id"
              ],
              "Index Cond": "(ct.id = mc.company_type_id)",
              "Rows Removed by Index Recheck": 0,
              "Heap Fetches": 4803,
              "Index Searches": 4803,
              "Shared Hit Blocks": 9605,
              "Shared Read Blocks": 1,
              "Shared Dirtied Blocks": 0,
              "Shared Written Blocks": 0,
              "Local Hit Blocks": 0,
              "Local Read Blocks": 0,
              "Local Dirtied Blocks": 0,
              "Local Written Blocks": 0,
              "Temp Read Blocks": 0,
              "Temp Written Blocks": 0,
              "actual_scan_in_card": 4,
              "ius": [
                {
                  "name": "ct.id",
                  "bytes": 8
                }
              ]
            }
          ],
          "ius": [
            {
              "name": "cn.name",
              "bytes": 13
            },
            {
              "name": "mi_idx.info",
              "bytes": 13
            },
            {
              "name": "t.title",
              "bytes": 13
            }
          ]
        }
      ],
      "ius": [
        {
          "name": "min(cn.name)",
          "bytes": 32
        },
        {
          "name": "min(mi_idx.info)",
          "bytes": 32
        },
        {
          "name": "min(t.title)",
          "bytes": 32
        }
      ]
    },
    "Planning": {
      "Shared Hit Blocks": 254,
      "Shared Read Blocks": 24,
      "Shared Dirtied Blocks": 0,
      "Shared Written Blocks": 0,
      "Local Hit Blocks": 0,
      "Local Read Blocks": 0,
      "Local Dirtied Blocks": 0,
      "Local Written Blocks": 0,
      "Temp Read Blocks": 0,
      "Temp Written Blocks": 0
    },
    "Planning Time": 49.742,
    "Triggers": [],
    "Execution Time": 8124.978
  }
]