[
  {
    "Plan": {
      "Node Type": "Aggregate",
      "Strategy": "Plain",
      "Partial Mode": "Simple",
      "Parallel Aware": false,
      "Async Capable": false,
      "Startup Cost": 3144.13,
      "Total Cost": 3144.14,
      "Plan Rows": 1,
      "Plan Width": 96,
      "Actual Startup Time": 8743.719,
      "Actual Total Time": 8743.733,
      "Actual Rows": 1.0,
      "Actual Loops": 1,
      "Disabled": false,
      "Output": [
        "min(cn.name)",
        "min(mi_idx.info)",
        "min(t.title)"
      ],
      "Shared Hit Blocks": 527971,
      "Shared Read Blocks": 54615,
      "Shared Dirtied Blocks": 0,
      "Shared Written Blocks": 0,
      "Local Hit Blocks": 0,
      "Local Read Blocks": 0,
      "Local Dirtied Blocks": 0,
      "Local Written Blocks": 0,
      "Temp Read Blocks": 0,
      "Temp Written Blocks": 0,
      "Plans": [
        {
          "Node Type": "Nested Loop",
          "Parent Relationship": "Outer",
          "Parallel Aware": false,
          "Async Capable": false,
          "Join Type": "Inner",
          "Startup Cost": 22.52,
          "Total Cost": 3144.12,
          "Plan Rows": 1,
          "Plan Width": 41,
          "Actual Startup Time": 1994.012,
          "Actual Total Time": 8743.638,
          "Actual Rows": 148.0,
          "Actual Loops": 1,
          "Disabled": false,
          "Output": [
            "cn.name",
            "mi_idx.info",
            "t.title"
          ],
          "Inner Unique": true,
          "Shared Hit Blocks": 527971,
          "Shared Read Blocks": 54615,
          "Shared Dirtied Blocks": 0,
          "Shared Written Blocks": 0,
          "Local Hit Blocks": 0,
          "Local Read Blocks": 0,
          "Local Dirtied Blocks": 0,
          "Local Written Blocks": 0,
          "Temp Read Blocks": 0,
          "Temp Written Blocks": 0,
          "Plans": [
            {
              "Node Type": "Nested Loop",
              "Parent Relationship": "Outer",
              "Parallel Aware": false,
              "Async Capable": false,
              "Join Type": "Inner",
              "Startup Cost": 22.37,
              "Total Cost": 3143.96,
              "Plan Rows": 1,
              "Plan Width": 45,
              "Actual Startup Time": 1993.794,
              "Actual Total Time": 8743.158,
              "Actual Rows": 148.0,
              "Actual Loops": 1,
              "Disabled": false,
              "Output": [
                "mi_idx.info",
                "mc.company_type_id",
                "cn.name",
                "t.title"
              ],
              "Inner Unique": true,
              "Shared Hit Blocks": 527676,
              "Shared Read Blocks": 54614,
              "Shared Dirtied Blocks": 0,
              "Shared Written Blocks": 0,
              "Local Hit Blocks": 0,
              "Local Read Blocks": 0,
              "Local Dirtied Blocks": 0,
              "Local Written Blocks": 0,
              "Temp Read Blocks": 0,
              "Temp Written Blocks": 0,
              "Plans": [
                {
                  "Node Type": "Nested Loop",
                  "Parent Relationship": "Outer",
                  "Parallel Aware": false,
                  "Async Capable": false,
                  "Join Type": "Inner",
                  "Startup Cost": 21.95,
                  "Total Cost": 3143.06,
                  "Plan Rows": 2,
                  "Plan Width": 49,
                  "Actual Startup Time": 1987.805,
                  "Actual Total Time": 8617.5,
                  "Actual Rows": 15989.0,
                  "Actual Loops": 1,
                  "Disabled": false,
                  "Output": [
                    "mi_idx.info",
                    "mc.company_type_id",
                    "cn.name",
                    "t.title",
                    "mk.keyword_id"
                  ],
                  "Inner Unique": false,
                  "Shared Hit Blocks": 464278,
                  "Shared Read Blocks": 54056,
                  "Shared Dirtied Blocks": 0,
                  "Shared Written Blocks": 0,
                  "Local Hit Blocks": 0,
                  "Local Read Blocks": 0,
                  "Local Dirtied Blocks": 0,
                  "Local Written Blocks": 0,
                  "Temp Read Blocks": 0,
                  "Temp Written Blocks": 0,
                  "Plans": [
                    {
                      "Node Type": "Nested Loop",
                      "Parent Relationship": "Outer",
                      "Parallel Aware": false,
                      "Async Capable": false,
                      "Join Type": "Inner",
                      "Startup Cost": 21.52,
                      "Total Cost": 3141.23,
                      "Plan Rows": 1,
                      "Plan Width": 65,
                      "Actual Startup Time": 17.806,
                      "Actual Total Time": 8603.182,
                      "Actual Rows": 165.0,
                      "Actual Loops": 1,
                      "Disabled": false,
                      "Output": [
                        "cc.movie_id",
                        "mi_idx.info",
                        "mi_idx.movie_id",
                        "mc.movie_id",
                        "mc.company_type_id",
                        "mi.movie_id",
                        "cn.name",
                        "t.title",
                        "t.id"
                      ],
                      "Inner Unique": true,
                      "Shared Hit Blocks": 463580,
                      "Shared Read Blocks": 54015,
                      "Shared Dirtied Blocks": 0,
                      "Shared Written Blocks": 0,
                      "Local Hit Blocks": 0,
                      "Local Read Blocks": 0,
                      "Local Dirtied Blocks": 0,
                      "Local Written Blocks": 0,
                      "Temp Read Blocks": 0,
                      "Temp Written Blocks": 0,
                      "Plans": [
                        {
                          "Node Type": "Nested Loop",
                          "Parent Relationship": "Outer",
                          "Parallel Aware": false,
                          "Async Capable": false,
                          "Join Type": "Inner",
                          "Startup Cost": 21.37,
                          "Total Cost": 3141.06,
                          "Plan Rows": 1,
                          "Plan Width": 69,
                          "Actual Startup Time": 17.595,
                          "Actual Total Time": 8602.408,
                          "Actual Rows": 172.0,
                          "Actual Loops": 1,
                          "Disabled": false,
                          "Output": [
                            "cc.movie_id",
                            "mi_idx.info",
                            "mi_idx.movie_id",
                            "mc.movie_id",
                            "mc.company_type_id",
                            "mi.movie_id",
                            "cn.name",
                            "t.title",
                            "t.kind_id",
                            "t.id"
                          ],
                          "Inner Unique": true,
                          "Join Filter": "(mi.movie_id = t.id)",
                          "Rows Removed by Join Filter": 0,
                          "Shared Hit Blocks": 463238,
                          "Shared Read Blocks": 54013,
                          "Shared Dirtied Blocks": 0,
                          "Shared Written Blocks": 0,
                          "Local Hit Blocks": 0,
                          "Local Read Blocks": 0,
                          "Local Dirtied Blocks": 0,
                          "Local Written Blocks": 0,
                          "Temp Read Blocks": 0,
                          "Temp Written Blocks": 0,
                          "Plans": [
                            {
                              "Node Type": "Nested Loop",
                              "Parent Relationship": "Outer",
                              "Parallel Aware": false,
                              "Async Capable": false,
                              "Join Type": "Inner",
                              "Startup Cost": 20.94,
                              "Total Cost": 3140.01,
                              "Plan Rows": 1,
                              "Plan Width": 44,
                              "Actual Startup Time": 17.22,
                              "Actual Total Time": 8546.804,
                              "Actual Rows": 1132.0,
                              "Actual Loops": 1,
                              "Disabled": false,
                              "Output": [
                                "cc.movie_id",
                                "mi_idx.info",
                                "mi_idx.movie_id",
                                "mc.movie_id",
                                "mc.company_type_id",
                                "mi.movie_id",
                                "cn.name"
                              ],
                              "Inner Unique": true,
                              "Shared Hit Blocks": 459010,
                              "Shared Read Blocks": 53713,
                              "Shared Dirtied Blocks": 0,
                              "Shared Written Blocks": 0,
                              "Local Hit Blocks": 0,
                              "Local Read Blocks": 0,
                              "Local Dirtied Blocks": 0,
                              "Local Written Blocks": 0,
                              "Temp Read Blocks": 0,
                              "Temp Written Blocks": 0,
                              "Plans": [
                                {
                                  "Node Type": "Nested Loop",
                                  "Parent Relationship": "Outer",
                                  "Parallel Aware": false,
                                  "Async Capable": false,
                                  "Join Type": "Inner",
                                  "Startup Cost": 20.52,
                                  "Total Cost": 3139.46,
                                  "Plan Rows": 1,
                                  "Plan Width": 29,
                                  "Actual Startup Time": 16.961,
                                  "Actual Total Time": 8445.853,
                                  "Actual Rows": 1157.0,
                                  "Actual Loops": 1,
                                  "Disabled": false,
                                  "Output": [
                                    "cc.movie_id",
                                    "mi_idx.info",
                                    "mi_idx.movie_id",
                                    "mc.movie_id",
                                    "mc.company_type_id",
                                    "mc.company_id",
                                    "mi.movie_id"
                                  ],
                                  "Inner Unique": true,
                                  "Shared Hit Blocks": 454865,
                                  "Shared Read Blocks": 53230,
                                  "Shared Dirtied Blocks": 0,
                                  "Shared Written Blocks": 0,
                                  "Local Hit Blocks": 0,
                                  "Local Read Blocks": 0,
                                  "Local Dirtied Blocks": 0,
                                  "Local Written Blocks": 0,
                                  "Temp Read Blocks": 0,
                                  "Temp Written Blocks": 0,
                                  "Plans": [
                                    {
                                      "Node Type": "Nested Loop",
                                      "Parent Relationship": "Outer",
                                      "Parallel Aware": false,
                                      "Async Capable": false,
                                      "Join Type": "Inner",
                                      "Startup Cost": 20.38,
                                      "Total Cost": 3139.28,
                                      "Plan Rows": 1,
                                      "Plan Width": 33,
                                      "Actual Startup Time": 16.945,
                                      "Actual Total Time": 8440.476,
                                      "Actual Rows": 2389.0,
                                      "Actual Loops": 1,
                                      "Disabled": false,
                                      "Output": [
                                        "cc.movie_id",
                                        "mi_idx.info",
                                        "mi_idx.movie_id",
                                        "mc.movie_id",
                                        "mc.company_type_id",
                                        "mc.company_id",
                                        "mi.movie_id",
                                        "mi.info_type_id"
                                      ],
                                      "Inner Unique": false,
                                      "Shared Hit Blocks": 450087,
                                      "Shared Read Blocks": 53230,
                                      "Shared Dirtied Blocks": 0,
                                      "Shared Written Blocks": 0,
                                      "Local Hit Blocks": 0,
                                      "Local Read Blocks": 0,
                                      "Local Dirtied Blocks": 0,
                                      "Local Written Blocks": 0,
                                      "Temp Read Blocks": 0,
                                      "Temp Written Blocks": 0,
                                      "Plans": [
                                        {
                                          "Node Type": "Nested Loop",
                                          "Parent Relationship": "Outer",
                                          "Parallel Aware": false,
                                          "Async Capable": false,
                                          "Join Type": "Inner",
                                          "Startup Cost": 19.94,
                                          "Total Cost": 3135.48,
                                          "Plan Rows": 1,
                                          "Plan Width": 25,
                                          "Actual Startup Time": 6.632,
                                          "Actual Total Time": 1941.136,
                                          "Actual Rows": 12474.0,
                                          "Actual Loops": 1,
                                          "Disabled": false,
                                          "Output": [
                                            "cc.movie_id",
                                            "mi_idx.info",
                                            "mi_idx.movie_id",
                                            "mc.movie_id",
                                            "mc.company_type_id",
                                            "mc.company_id"
                                          ],
                                          "Inner Unique": false,
                                          "Shared Hit Blocks": 229535,
                                          "Shared Read Blocks": 22275,
                                          "Shared Dirtied Blocks": 0,
                                          "Shared Written Blocks": 0,
                                          "Local Hit Blocks": 0,
                                          "Local Read Blocks": 0,
                                          "Local Dirtied Blocks": 0,
                                          "Local Written Blocks": 0,
                                          "Temp Read Blocks": 0,
                                          "Temp Written Blocks": 0,
                                          "Plans": [
                                            {
                                              "Node Type": "Nested Loop",
                                              "Parent Relationship": "Outer",
                                              "Parallel Aware": false,
                                              "Async Capable": false,
                                              "Join Type": "Inner",
                                              "Startup Cost": 19.51,
                                              "Total Cost": 3131.94,
                                              "Plan Rows": 4,
                                              "Plan Width": 13,
                                              "Actual Startup Time": 6.085,
                                              "Actual Total Time": 948.068,
                                              "Actual Rows": 14835.0,
                                              "Actual Loops": 1,
                                              "Disabled": false,
                                              "Output": [
                                                "cc.movie_id",
                                                "mi_idx.info",
                                                "mi_idx.movie_id"
                                              ],
                                              "Inner Unique": true,
                                              "Shared Hit Blocks": 171809,
                                              "Shared Read Blocks": 10622,
                                              "Shared Dirtied Blocks": 0,
                                              "Shared Written Blocks": 0,
                                              "Local Hit Blocks": 0,
                                              "Local Read Blocks": 0,
                                              "Local Dirtied Blocks": 0,
                                              "Local Written Blocks": 0,
                                              "Temp Read Blocks": 0,
                                              "Temp Written Blocks": 0,
                                              "Plans": [
                                                {
                                                  "Node Type": "Nested Loop",
                                                  "Parent Relationship": "Outer",
                                                  "Parallel Aware": false,
                                                  "Async Capable": false,
                                                  "Join Type": "Inner",
                                                  "Startup Cost": 19.35,
                                                  "Total Cost": 3131.41,
                                                  "Plan Rows": 4,
                                                  "Plan Width": 17,
                                                  "Actual Startup Time": 5.872,
                                                  "Actual Total Time": 933.76,
                                                  "Actual Rows": 18297.0,
                                                  "Actual Loops": 1,
                                                  "Disabled": false,
                                                  "Output": [
                                                    "cc.movie_id",
                                                    "cc.status_id",
                                                    "mi_idx.info",
                                                    "mi_idx.movie_id"
                                                  ],
                                                  "Inner Unique": false,
                                                  "Join Filter": "(it2.id = mi_idx.info_type_id)",
                                                  "Rows Removed by Join Filter": 7422,
                                                  "Shared Hit Blocks": 171806,
                                                  "Shared Read Blocks": 10621,
                                                  "Shared Dirtied Blocks": 0,
                                                  "Shared Written Blocks": 0,
                                                  "Local Hit Blocks": 0,
                                                  "Local Read Blocks": 0,
                                                  "Local Dirtied Blocks": 0,
                                                  "Local Written Blocks": 0,
                                                  "Temp Read Blocks": 0,
                                                  "Temp Written Blocks": 0,
                                                  "Plans": [
                                                    {
                                                      "Node Type": "Seq Scan",
                                                      "Parent Relationship": "Outer",
                                                      "Parallel Aware": false,
                                                      "Async Capable": false,
                                                      "Relation Name": "info_type",
                                                      "Schema": "public",
                                                      "Alias": "it2",
                                                      "Startup Cost": 0.0,
                                                      "Total Cost": 2.41,
                                                      "Plan Rows": 1,
                                                      "Plan Width": 4,
                                                      "Actual Startup Time": 0.018,
                                                      "Actual Total Time": 0.021,
                                                      "Actual Rows": 1.0,
                                                      "Actual Loops": 1,
                                                      "Disabled": false,
                                                      "Output": [
                                                        "it2.id",
                                                        "it2.info"
                                                      ],
                                                      "Filter": "((it2.info)::text = 'rating'::text)",
                                                      "Rows Removed by Filter": 112,
                                                      "Shared Hit Blocks": 1,
                                                      "Shared Read Blocks": 0,
                                                      "Shared Dirtied Blocks": 0,
                                                      "Shared Written Blocks": 0,
                                                      "Local Hit Blocks": 0,
                                                      "Local Read Blocks": 0,
                                                      "Local Dirtied Blocks": 0,
                                                      "Local Written Blocks": 0,
                                                      "Temp Read Blocks": 0,
                                                      "Temp Written Blocks": 0,
                                                      "actual_scan_in_card": 113,
                                                      "actual_funnel_counts": [
                                                        113,
                                                        1
                                                      ],
                                                      "component_selectivity": {
                                                        "compare_selectivity": 0.008849557522123894
                                                      },
                                                      "ius": [
                                                        {
                                                          "name": "it2.id",
                                                          "bytes": 8
                                                        },
                                                        {
                                                          "name": "it2.info",
                                                          "bytes": 8
                                                        }
                                                      ]
                                                    },
                                                    {
                                                      "Node Type": "Nested Loop",
                                                      "Parent Relationship": "Inner",
                                                      "Parallel Aware": false,
                                                      "Async Capable": false,
                                                      "Join Type": "Inner",
                                                      "Startup Cost": 19.35,
                                                      "Total Cost": 3122.7,
                                                      "Plan Rows": 504,
                                                      "Plan Width": 21,
                                                      "Actual Startup Time": 5.853,
                                                      "Actual Total Time": 929.339,
                                                      "Actual Rows": 25719.0,
                                                      "Actual Loops": 1,
                                                      "Disabled": false,
                                                      "Output": [
                                                        "cc.movie_id",
                                                        "cc.status_id",
                                                        "mi_idx.info",
                                                        "mi_idx.movie_id",
                                                        "mi_idx.info_type_id"
                                                      ],
                                                      "Inner Unique": false,
                                                      "Shared Hit Blocks": 171805,
                                                      "Shared Read Blocks": 10621,
                                                      "Shared Dirtied Blocks": 0,
                                                      "Shared Written Blocks": 0,
                                                      "Local Hit Blocks": 0,
                                                      "Local Read Blocks": 0,
                                                      "Local Dirtied Blocks": 0,
                                                      "Local Written Blocks": 0,
                                                      "Temp Read Blocks": 0,
                                                      "Temp Written Blocks": 0,
                                                      "Plans": [
                                                        {
                                                          "Node Type": "Hash Join",
                                                          "Parent Relationship": "Outer",
                                                          "Parallel Aware": false,
                                                          "Async Capable": false,
                                                          "Join Type": "Inner",
                                                          "Startup Cost": 18.93,
                                                          "Total Cost": 2462.5,
                                                          "Plan Rows": 761,
                                                          "Plan Width": 8,
                                                          "Actual Startup Time": 5.744,
                                                          "Actual Total Time": 30.442,
                                                          "Actual Rows": 49145.0,
                                                          "Actual Loops": 1,
                                                          "Disabled": false,
                                                          "Output": [
                                                            "cc.movie_id",
                                                            "cc.status_id"
                                                          ],
                                                          "Inner Unique": true,
                                                          "Hash Cond": "(cc.subject_id = cct1.id)",
                                                          "Shared Hit Blocks": 1,
                                                          "Shared Read Blocks": 736,
                                                          "Shared Dirtied Blocks": 0,
                                                          "Shared Written Blocks": 0,
                                                          "Local Hit Blocks": 0,
                                                          "Local Read Blocks": 0,
                                                          "Local Dirtied Blocks": 0,
                                                          "Local Written Blocks": 0,
                                                          "Temp Read Blocks": 0,
                                                          "Temp Written Blocks": 0,
                                                          "Plans": [
                                                            {
                                                              "Node Type": "Seq Scan",
                                                              "Parent Relationship": "Outer",
                                                              "Parallel Aware": false,
                                                              "Async Capable": false,
                                                              "Relation Name": "complete_cast",
                                                              "Schema": "public",
                                                              "Alias": "cc",
                                                              "Startup Cost": 0.0,
                                                              "Total Cost": 2086.86,
                                                              "Plan Rows": 135086,
                                                              "Plan Width": 12,
                                                              "Actual Startup Time": 0.302,
                                                              "Actual Total Time": 11.472,
                                                              "Actual Rows": 135086.0,
                                                              "Actual Loops": 1,
                                                              "Disabled": false,
                                                              "Output": [
                                                                "cc.id",
                                                                "cc.movie_id",
                                                                "cc.subject_id",
                                                                "cc.status_id"
                                                              ],
                                                              "Shared Hit Blocks": 0,
                                                              "Shared Read Blocks": 736,
                                                              "Shared Dirtied Blocks": 0,
                                                              "Shared Written Blocks": 0,
                                                              "Local Hit Blocks": 0,
                                                              "Local Read Blocks": 0,
                                                              "Local Dirtied Blocks": 0,
                                                              "Local Written Blocks": 0,
                                                              "Temp Read Blocks": 0,
                                                              "Temp Written Blocks": 0,
                                                              "actual_scan_in_card": 135086,
                                                              "ius": [
                                                                {
                                                                  "name": "cc.id",
                                                                  "bytes": 8
                                                                },
                                                                {
                                                                  "name": "cc.movie_id",
                                                                  "bytes": 8
                                                                },
                                                                {
                                                                  "name": "cc.subject_id",
                                                                  "bytes": 8
                                                                },
                                                                {
                                                                  "name": "cc.status_id",
                                                                  "bytes": 8
                                                                }
                                                              ]
                                                            },
                                                            {
                                                              "Node Type": "Hash",
                                                              "Parent Relationship": "Inner",
                                                              "Parallel Aware": false,
                                                              "Async Capable": false,
                                                              "Startup Cost": 18.88,
                                                              "Total Cost": 18.88,
                                                              "Plan Rows": 4,
                                                              "Plan Width": 4,
                                                              "Actual Startup Time": 0.009,
                                                              "Actual Total Time": 0.009,
                                                              "Actual Rows": 1.0,
                                                              "Actual Loops": 1,
                                                              "Disabled": false,
                                                              "Output": [
                                                                "cct1.id"
                                                              ],
                                                              "Hash Buckets": 1024,
                                                              "Original Hash Buckets": 1024,
                                                              "Hash Batches": 1,
                                                              "Original Hash Batches": 1,
                                                              "Peak Memory Usage": 9,
                                                              "Shared Hit Blocks": 1,
                                                              "Shared Read Blocks": 0,
                                                              "Shared Dirtied Blocks": 0,
                                                              "Shared Written Blocks": 0,
                                                              "Local Hit Blocks": 0,
                                                              "Local Read Blocks": 0,
                                                              "Local Dirtied Blocks": 0,
                                                              "Local Written Blocks": 0,
                                                              "Temp Read Blocks": 0,
                                                              "Temp Written Blocks": 0,
                                                              "Plans": [
                                                                {
                                                                  "Node Type": "Seq Scan",
                                                                  "Parent Relationship": "Outer",
                                                                  "Parallel Aware": false,
                                                                  "Async Capable": false,
                                                                  "Relation Name": "comp_cast_type",
                                                                  "Schema": "public",
                                                                  "Alias": "cct1",
                                                                  "Startup Cost": 0.0,
                                                                  "Total Cost": 18.88,
                                                                  "Plan Rows": 4,
                                                                  "Plan Width": 4,
                                                                  "Actual Startup Time": 0.007,
                                                                  "Actual Total Time": 0.008,
                                                                  "Actual Rows": 1.0,
                                                                  "Actual Loops": 1,
                                                                  "Disabled": false,
                                                                  "Output": [
                                                                    "cct1.id"
                                                                  ],
                                                                  "Filter": "((cct1.kind)::text = 'crew'::text)",
                                                                  "Rows Removed by Filter": 3,
                                                                  "Shared Hit Blocks": 1,
                                                                  "Shared Read Blocks": 0,
                                                                  "Shared Dirtied Blocks": 0,
                                                                  "Shared Written Blocks": 0,
                                                                  "Local Hit Blocks": 0,
                                                                  "Local Read Blocks": 0,
                                                                  "Local Dirtied Blocks": 0,
                                                                  "Local Written Blocks": 0,
                                                                  "Temp Read Blocks": 0,
                                                                  "Temp Written Blocks": 0,
                                                                  "actual_scan_in_card": 4,
                                                                  "actual_funnel_counts": [
                                                                    4,
                                                                    1
                                                                  ],
                                                                  "component_selectivity": {
                                                                    "compare_selectivity": 0.25
                                                                  },
                                                                  "ius": [
                                                                    {
                                                                      "name": "cct1.id",
                                                                      "bytes": 8
                                                                    }
                                                                  ]
                                                                }
                                                              ],
                                                              "ius": [
                                                                {
                                                                  "name": "cct1.id",
                                                                  "bytes": 8
                                                                }
                                                              ]
                                                            }
                                                          ],
                                                          "ius": [
                                                            {
                                                              "name": "cc.movie_id",
                                                              "bytes": 8
                                                            },
                                                            {
                                                              "name": "cc.status_id",
                                                              "bytes": 8
                                                            }
                                                          ]
                                                        },
                                                        {
                                                          "Node Type": "Index Scan",
                                                          "Parent Relationship": "Inner",
                                                          "Parallel Aware": false,
                                                          "Async Capable": false,
                                                          "Scan Direction": "Forward",
                                                          "Index Name": "movie_id_movie_info_idx",
                                                          "Relation Name": "movie_info_idx",
                                                          "Schema": "public",
                                                          "Alias": "mi_idx",
                                                          "Startup Cost": 0.43,
                                                          "Total Cost": 0.86,
                                                          "Plan Rows": 1,
                                                          "Plan Width": 13,
                                                          "Actual Startup Time": 0.018,
                                                          "Actual Total Time": 0.018,
                                                          "Actual Rows": 0.52,
                                                          "Actual Loops": 49145,
                                                          "Disabled": false,
                                                          "Output": [
                                                            "mi_idx.id",
                                                            "mi_idx.movie_id",
                                                            "mi_idx.info_type_id",
                                                            "mi_idx.info",
                                                            "mi_idx.note"
                                                          ],
                                                          "Index Cond": "(mi_idx.movie_id = cc.movie_id)",
                                                          "Rows Removed by Index Recheck": 0,
                                                          "Filter": "(mi_idx.info > '6.5'::text)",
                                                          "Rows Removed by Filter": 2,
                                                          "Index Searches": 49145,
                                                          "Shared Hit Blocks": 171804,
                                                          "Shared Read Blocks": 9885,
                                                          "Shared Dirtied Blocks": 0,
                                                          "Shared Written Blocks": 0,
                                                          "Local Hit Blocks": 0,
                                                          "Local Read Blocks": 0,
                                                          "Local Dirtied Blocks": 0,
                                                          "Local Written Blocks": 0,
                                                          "Temp Read Blocks": 0,
                                                          "Temp Written Blocks": 0,
                                                          "actual_scan_in_card": 1380035,
                                                          "actual_funnel_counts": [
                                                            1380035,
                                                            308267
                                                          ],
                                                          "component_selectivity": {
                                                            "compare_selectivity": 0.22337621871909047
                                                          },
                                                          "ius": [
                                                            {
                                                              "name": "mi_idx.id",
                                                              "bytes": 8
                                                            },
                                                            {
                                                              "name": "mi_idx.movie_id",
                                                              "bytes": 8
                                                            },
                                                            {
                                                              "name": "mi_idx.info_type_id",
                                                              "bytes": 8
                                                            },
                                                            {
                                                              "name": "mi_idx.info",
                                                              "bytes": 8
                                                            },
                                                            {
                                                              "name": "mi_idx.note",
                                                              "bytes": 8
                                                            }
                                                          ]
                                                        }
                                                      ],
                                                      "ius": [
                                                        {
                                                          "name": "cc.movie_id",
                                                          "bytes": 8
                                                        },
                                                        {
                                                          "name": "cc.status_id",
                                                          "bytes": 8
                                                        },
                                                        {
                                                          "name": "mi_idx.info",
                                                          "bytes": 8
                                                        },
                                                        {
                                                          "name": "mi_idx.movie_id",
                                                          "bytes": 8
                                                        },
                                                        {
                                                          "name": "mi_idx.info_type_id",
                                                          "bytes": 8
                                                        }
                                                      ]
                                                    }
                                                  ],
                                                  "ius": [
                                                    {
                                                      "name": "cc.movie_id",
                                                      "bytes": 8
                                                    },
                                                    {
                                                      "name": "cc.status_id",
                                                      "bytes": 8
                                                    },
                                                    {
                                                      "name": "mi_idx.info",
                                                      "bytes": 8
                                                    },
                                                    {
                                                      "name": "mi_idx.movie_id",
                                                      "bytes": 8
                                                    }
                                                  ]
                                                },
                                                {
                                                  "Node Type": "Memoize",
                                                  "Parent Relationship": "Inner",
                                                  "Parallel Aware": false,
                                                  "Async Capable": false,
                                                  "Startup Cost": 0.16,
                                                  "Total Cost": 0.18,
                                                  "Plan Rows": 1,
                                                  "Plan Width": 4,
                                                  "Actual Startup Time": 0.0,
                                                  "Actual Total Time": 0.0,
                                                  "Actual Rows": 0.81,
                                                  "Actual Loops": 18297,
                                                  "Disabled": false,
                                                  "Output": [
                                                    "cct2.id"
                                                  ],
                                                  "Cache Key": "cc.status_id",
                                                  "Cache Mode": "logical",
                                                  "Cache Hits": 18295,
                                                  "Cache Misses": 2,
                                                  "Cache Evictions": 0,
                                                  "Cache Overflows": 0,
                                                  "Peak Memory Usage": 1,
                                                  "Shared Hit Blocks": 3,
                                                  "Shared Read Blocks": 1,
                                                  "Shared Dirtied Blocks": 0,
                                                  "Shared Written Blocks": 0,
                                                  "Local Hit Blocks": 0,
                                                  "Local Read Blocks": 0,
                                                  "Local Dirtied Blocks": 0,
                                                  "Local Written Blocks": 0,
                                                  "Temp Read Blocks": 0,
                                                  "Temp Written Blocks": 0,
                                                  "Plans": [
                                                    {
                                                      "Node Type": "Index Scan",
                                                      "Parent Relationship": "Outer",
                                                      "Parallel Aware": false,
                                                      "Async Capable": false,
                                                      "Scan Direction": "Forward",
                                                      "Index Name": "comp_cast_type_pkey",
                                                      "Relation Name": "comp_cast_type",
                                                      "Schema": "public",
                                                      "Alias": "cct2",
                                                      "Startup Cost": 0.15,
                                                      "Total Cost": 0.17,
                                                      "Plan Rows": 1,
                                                      "Plan Width": 4,
                                                      "Actual Startup Time": 0.104,
                                                      "Actual Total Time": 0.104,
                                                      "Actual Rows": 0.5,
                                                      "Actual Loops": 2,
                                                      "Disabled": false,
                                                      "Output": [
                                                        "cct2.id"
                                                      ],
                                                      "Index Cond": "(cct2.id = cc.status_id)",
                                                      "Rows Removed by Index Recheck": 0,
                                                      "Filter": "((cct2.kind)::text <> 'complete+verified'::text)",
                                                      "Rows Removed by Filter": 0,
                                                      "Index Searches": 2,
                                                      "Shared Hit Blocks": 3,
                                                      "Shared Read Blocks": 1,
                                                      "Shared Dirtied Blocks": 0,
                                                      "Shared Written Blocks": 0,
                                                      "Local Hit Blocks": 0,
                                                      "Local Read Blocks": 0,
                                                      "Local Dirtied Blocks": 0,
                                                      "Local Written Blocks": 0,
                                                      "Temp Read Blocks": 0,
                                                      "Temp Written Blocks": 0,
                                                      "actual_scan_in_card": 4,
                                                      "actual_funnel_counts": [
                                                        4,
                                                        3
                                                      ],
                                                      "component_selectivity": {
                                                        "compare_selectivity": 0.75
                                                      },
                                                      "ius": [
                                                        {
                                                          "name": "cct2.id",
                                                          "bytes": 8
                                                        }
                                                      ]
                                                    }
                                                  ],
                                                  "ius": [
                                                    {
                                                      "name": "cct2.id",
                                                      "bytes": 8
                                                    }
                                                  ]
                                                }
                                              ],
                                              "ius": [
                                                {
                                                  "name": "cc.movie_id",
                                                  "bytes": 8
                                                },
                                                {
                                                  "name": "mi_idx.info",
                                                  "bytes": 8
                                                },
                                                {
                                                  "name": "mi_idx.movie_id",
                                                  "bytes": 8
                                                }
                                              ]
                                            },
                                            {
                                              "Node Type": "Index Scan",
                                              "Parent Relationship": "Inner",
                                              "Parallel Aware": false,
                                              "Async Capable": false,
                                              "Scan Direction": "Forward",
                                              "Index Name": "movie_id_movie_companies",
                                              "Relation Name": "movie_companies",
                                              "Schema": "public",
                                              "Alias": "mc",
                                              "Startup Cost": 0.43,
                                              "Total Cost": 0.88,
                                              "Plan Rows": 1,
                                              "Plan Width": 12,
                                              "Actual Startup Time": 0.064,
                                              "Actual Total Time": 0.066,
                                              "Actual Rows": 0.84,
                                              "Actual Loops": 14835,
                                              "Disabled": false,
                                              "Output": [
                                                "mc.id",
                                                "mc.movie_id",
                                                "mc.company_id",
                                                "mc.company_type_id",
                                                "mc.note"
                                              ],
                                              "Index Cond": "(mc.movie_id = mi_idx.movie_id)",
                                              "Rows Removed by Index Recheck": 0,
                                              "Filter": "((mc.note !~~ '%(USA)%'::text) AND (mc.note ~~ '%(200%)%'::text))",
                                              "Rows Removed by Filter": 4,
                                              "Index Searches": 14835,
                                              "Shared Hit Blocks": 57726,
                                              "Shared Read Blocks": 11653,
                                              "Shared Dirtied Blocks": 0,
                                              "Shared Written Blocks": 0,
                                              "Local Hit Blocks": 0,
                                              "Local Read Blocks": 0,
                                              "Local Dirtied Blocks": 0,
                                              "Local Written Blocks": 0,
                                              "Temp Read Blocks": 0,
                                              "Temp Written Blocks": 0,
                                              "actual_scan_in_card": 2609129,
                                              "actual_funnel_counts": [
                                                2609129,
                                                849321,
                                                303271
                                              ],
                                              "component_selectivity": {
                                                "expression_selectivity": 0.32551897587279127,
                                                "expression_selectivity_2": 0.3570746513979991
                                              },
                                              "ius": [
                                                {
                                                  "name": "mc.id",
                                                  "bytes": 8
                                                },
                                                {
                                                  "name": "mc.movie_id",
                                                  "bytes": 8
                                                },
                                                {
                                                  "name": "mc.company_id",
                                                  "bytes": 8
                                                },
                                                {
                                                  "name": "mc.company_type_id",
                                                  "bytes": 8
                                                },
                                                {
                                                  "name": "mc.note",
                                                  "bytes": 8
                                                }
                                              ]
                                            }
                                          ],
                                          "ius": [
                                            {
                                              "name": "cc.movie_id",
                                              "bytes": 8
                                            },
                                            {
                                              "name": "mi_idx.info",
                                              "bytes": 8
                                            },
                                            {
                                              "name": "mi_idx.movie_id",
                                              "bytes": 8
                                            },
                                            {
                                              "name": "mc.movie_id",
                                              "bytes": 8
                                            },
                                            {
                                              "name": "mc.company_type_id",
                                              "bytes": 8
                                            },
                                            {
                                              "name": "mc.company_id",
                                              "bytes": 8
                                            }
                                          ]
                                        },
                                        {
                                          "Node Type": "Index Scan",
                                          "Parent Relationship": "Inner",
                                          "Parallel Aware": false,
                                          "Async Capable": false,
                                          "Scan Direction": "Forward",
                                          "Index Name": "movie_id_movie_info",
                                          "Relation Name": "movie_info",
                                          "Schema": "public",
                                          "Alias": "mi",
                                          "Startup Cost": 0.43,
                                          "Total Cost": 3.79,
                                          "Plan Rows": 1,
                                          "Plan Width": 8,
                                          "Actual Startup Time": 0.475,
                                          "Actual Total Time": 0.52,
                                          "Actual Rows": 0.19,
                                          "Actual Loops": 12474,
                                          "Disabled": false,
                                          "Output": [
                                            "mi.id",
                                            "mi.movie_id",
                                            "mi.info_type_id",
                                            "mi.info",
                                            "mi.note"
                                          ],
                                          "Index Cond": "(mi.movie_id = mi_idx.movie_id)",
                                          "Rows Removed by Index Recheck": 0,
                                          "Filter": "(mi.info = ANY ('{Sweden,Germany,Swedish,German}'::text[]))",
                                          "Rows Removed by Filter": 127,
                                          "Index Searches": 12474,
                                          "Shared Hit Blocks": 220552,
                                          "Shared Read Blocks": 30955,
                                          "Shared Dirtied Blocks": 0,
                                          "Shared Written Blocks": 0,
                                          "Local Hit Blocks": 0,
                                          "Local Read Blocks": 0,
                                          "Local Dirtied Blocks": 0,
                                          "Local Written Blocks": 0,
                                          "Temp Read Blocks": 0,
                                          "Temp Written Blocks": 0,
                                          "actual_scan_in_card": 14835720,
                                          "actual_funnel_counts": [
                                            14835720,
                                            134239
                                          ],
                                          "component_selectivity": {
                                            "compare_selectivity": 0.009048364353061396
                                          },
                                          "ius": [
                                            {
                                              "name": "mi.id",
                                              "bytes": 8
                                            },
                                            {
                                              "name": "mi.movie_id",
                                              "bytes": 8
                                            },
                                            {
                                              "name": "mi.info_type_id",
                                              "bytes": 8
                                            },
                                            {
                                              "name": "mi.info",
                                              "bytes": 8
                                            },
                                            {
                                              "name": "mi.note",
                                              "bytes": 8
                                            }
                                          ]
                                        }
                                      ],
                                      "ius": [
                                        {
                                          "name": "cc.movie_id",
                                          "bytes": 8
                                        },
                                        {
                                          "name": "mi_idx.info",
                                          "bytes": 8
                                        },
                                        {
                                          "name": "mi_idx.movie_id",
                                          "bytes": 8
                                        },
                                        {
                                          "name": "mc.movie_id",
                                          "bytes": 8
                                        },
                                        {
                                          "name": "mc.company_type_id",
                                          "bytes": 8
                                        },
                                        {
                                          "name": "mc.company_id",
                                          "bytes": 8
                                        },
                                        {
                                          "name": "mi.movie_id",
                                          "bytes": 8
                                        },
                                        {
                                          "name": "mi.info_type_id",
                                          "bytes": 8
                                        }
                                      ]
                                    },
                                    {
                                      "Node Type": "Index Scan",
                                      "Parent Relationship": "Inner",
                                      "Parallel Aware": false,
                                      "Async Capable": false,
                                      "Scan Direction": "Forward",
                                      "Index Name": "info_type_pkey",
                                      "Relation Name": "info_type",
                                      "Schema": "public",
                                      "Alias": "it1",
                                      "Startup Cost": 0.14,
                                      "Total Cost": 0.16,
                                      "Plan Rows": 1,
                                      "Plan Width": 4,
                                      "Actual Startup Time": 0.002,
                                      "Actual Total Time": 0.002,
                                      "Actual Rows": 0.48,
                                      "Actual Loops": 2389,
                                      "Disabled": false,
                                      "Output": [
                                        "it1.id",
                                        "it1.info"
                                      ],
                                      "Index Cond": "(it1.id = mi.info_type_id)",
                                      "Rows Removed by Index Recheck": 0,
                                      "Filter": "((it1.info)::text = 'countries'::text)",
                                      "Rows Removed by Filter": 1,
                                      "Index Searches": 2389,
                                      "Shared Hit Blocks": 4778,
                                      "Shared Read Blocks": 0,
                                      "Shared Dirtied Blocks": 0,
                                      "Shared Written Blocks": 0,
                                      "Local Hit Blocks": 0,
                                      "Local Read Blocks": 0,
                                      "Local Dirtied Blocks": 0,
                                      "Local Written Blocks": 0,
                                      "Temp Read Blocks": 0,
                                      "Temp Written Blocks": 0,
                                      "actual_scan_in_card": 113,
                                      "actual_funnel_counts": [
                                        113,
                                        1
                                      ],
                                      "component_selectivity": {
                                        "compare_selectivity": 0.008849557522123894
                                      },
                                      "ius": [
                                        {
                                          "name": "it1.id",
                                          "bytes": 8
                                        },
                                        {
                                          "name": "it1.info",
                                          "bytes": 8
                                        }
                                      ]
                                    }
                                  ],
                                  "ius": [
                                    {
                                      "name": "cc.movie_id",
                                      "bytes": 8
                                    },
                                    {
                                      "name": "mi_idx.info",
                                      "bytes": 8
                                    },
                                    {
                                      "name": "mi_idx.movie_id",
                                      "bytes": 8
                                    },
                                    {
                                      "name": "mc.movie_id",
                                      "bytes": 8
                                    },
                                    {
                                      "name": "mc.company_type_id",
                                      "bytes": 8
                                    },
                                    {
                                      "name": "mc.company_id",
                                      "bytes": 8
                                    },
                                    {
                                      "name": "mi.movie_id",
                                      "bytes": 8
                                    }
                                  ]
                                },
                                {
                                  "Node Type": "Index Scan",
                                  "Parent Relationship": "Inner",
                                  "Parallel Aware": false,
                                  "Async Capable": false,
                                  "Scan Direction": "Forward",
                                  "Index Name": "company_name_pkey",
                                  "Relation Name": "company_name",
                                  "Schema": "public",
                                  "Alias": "cn",
                                  "Startup Cost": 0.42,
                                  "Total Cost": 0.55,
                                  "Plan Rows": 1,
                                  "Plan Width": 23,
                                  "Actual Startup Time": 0.087,
                                  "Actual Total Time": 0.087,
                                  "Actual Rows": 0.98,
                                  "Actual Loops": 1157,
                                  "Disabled": false,
                                  "Output": [
                                    "cn.id",
                                    "cn.name",
                                    "cn.country_code",
                                    "cn.imdb_id",
                                    "cn.name_pcode_nf",
                                    "cn.name_pcode_sf",
                                    "cn.md5sum"
                                  ],
                                  "Index Cond": "(cn.id = mc.company_id)",
                                  "Rows Removed by Index Recheck": 0,
                                  "Filter": "((cn.country_code)::text <> '[us]'::text)",
                                  "Rows Removed by Filter": 0,
                                  "Index Searches": 1157,
                                  "Shared Hit Blocks": 4145,
                                  "Shared Read Blocks": 483,
                                  "Shared Dirtied Blocks": 0,
                                  "Shared Written Blocks": 0,
                                  "Local Hit Blocks": 0,
                                  "Local Read Blocks": 0,
                                  "Local Dirtied Blocks": 0,
                                  "Local Written Blocks": 0,
                                  "Temp Read Blocks": 0,
                                  "Temp Written Blocks": 0,
                                  "actual_scan_in_card": 234997,
                                  "actual_funnel_counts": [
                                    234997,
                                    126230
                                  ],
                                  "component_selectivity": {
                                    "compare_selectivity": 0.5371557934782146
                                  },
                                  "ius": [
                                    {
                                      "name": "cn.id",
                                      "bytes": 8
                                    },
                                    {
                                      "name": "cn.name",
                                      "bytes": 8
                                    },
                                    {
                                      "name": "cn.country_code",
                                      "bytes": 8
                                    },
                                    {
                                      "name": "cn.imdb_id",
                                      "bytes": 8
                                    },
                                    {
                                      "name": "cn.name_pcode_nf",
                                      "bytes": 8
                                    },
                                    {
                                      "name": "cn.name_pcode_sf",
                                      "bytes": 8
                                    },
                                    {
                                      "name": "cn.md5sum",
                                      "bytes": 8
                                    }
                                  ]
                                }
                              ],
                              "ius": [
                                {
                                  "name": "cc.movie_id",
                                  "bytes": 8
                                },
                                {
                                  "name": "mi_idx.info",
                                  "bytes": 8
                                },
                                {
                                  "name": "mi_idx.movie_id",
                                  "bytes": 8
                                },
                                {
                                  "name": "mc.movie_id",
                                  "bytes": 8
                                },
                                {
                                  "name": "mc.company_type_id",
                                  "bytes": 8
                                },
                                {
                                  "name": "mi.movie_id",
                                  "bytes": 8
                                },
                                {
                                  "name": "cn.name",
                                  "bytes": 8
                                }
                              ]
                            },
                            {
                              "Node Type": "Index Scan",
                              "Parent Relationship": "Inner",
                              "Parallel Aware": false,
                              "Async Capable": false,
                              "Scan Direction": "Forward",
                              "Index Name": "title_pkey",
                              "Relation Name": "title",
                              "Schema": "public",
                              "Alias": "t",
                              "Startup Cost": 0.43,
                              "Total Cost": 1.04,
                              "Plan Rows": 1,
                              "Plan Width": 25,
                              "Actual Startup Time": 0.049,
                              "Actual Total Time": 0.049,
                              "Actual Rows": 0.15,
                              "Actual Loops": 1132,
                              "Disabled": false,
                              "Output": [
                                "t.id",
                                "t.title",
                                "t.imdb_index",
                                "t.kind_id",
                                "t.production_year",
                                "t.imdb_id",
                                "t.phonetic_code",
                                "t.episode_of_id",
                                "t.season_nr",
                                "t.episode_nr",
                                "t.series_years",
                                "t.md5sum"
                              ],
                              "Index Cond": "(t.id = mi_idx.movie_id)",
                              "Rows Removed by Index Recheck": 0,
                              "Filter": "(t.production_year > 2005)",
                              "Rows Removed by Filter": 1,
                              "Index Searches": 1132,
                              "Shared Hit Blocks": 4228,
                              "Shared Read Blocks": 300,
                              "Shared Dirtied Blocks": 0,
                              "Shared Written Blocks": 0,
                              "Local Hit Blocks": 0,
                              "Local Read Blocks": 0,
                              "Local Dirtied Blocks": 0,
                              "Local Written Blocks": 0,
                              "Temp Read Blocks": 0,
                              "Temp Written Blocks": 0,
                              "actual_scan_in_card": 2528312,
                              "actual_funnel_counts": [
                                2528312,
                                1012920
                              ],
                              "component_selectivity": {
                                "compare_selectivity": 0.4006309347896937
                              },
                              "ius": [
                                {
                                  "name": "t.id",
                                  "bytes": 8
                                },
                                {
                                  "name": "t.title",
                                  "bytes": 8
                                },
                                {
                                  "name": "t.imdb_index",
                                  "bytes": 8
                                },
                                {
                                  "name": "t.kind_id",
                                  "bytes": 8
                                },
                                {
                                  "name": "t.production_year",
                                  "bytes": 8
                                },
                                {
                                  "name": "t.imdb_id",
                                  "bytes": 8
                                },
                                {
                                  "name": "t.phonetic_code",
                                  "bytes": 8
                                },
                                {
                                  "name": "t.episode_of_id",
                                  "bytes": 8
                                },
                                {
                                  "name": "t.season_nr",
                                  "bytes": 8
                                },
                                {
                                  "name": "t.episode_nr",
                                  "bytes": 8
                                },
                                {
                                  "name": "t.series_years",
                                  "bytes": 8
                                },
                                {
                                  "name": "t.md5sum",
                                  "bytes": 8
                                }
                              ]
                            }
                          ],
                          "ius": [
                            {
                              "name": "cc.movie_id",
                              "bytes": 8
                            },
                            {
                              "name": "mi_idx.info",
                              "bytes": 8
                            },
                            {
                              "name": "mi_idx.movie_id",
                              "bytes": 8
                            },
                            {
                              "name": "mc.movie_id",
                              "bytes": 8
                            },
                            {
                              "name": "mc.company_type_id",
                              "bytes": 8
                            },
                            {
                              "name": "mi.movie_id",
                              "bytes": 8
                            },
                            {
                              "name": "cn.name",
                              "bytes": 8
                            },
                            {
                              "name": "t.title",
                              "bytes": 8
                            },
                            {
                              "name": "t.kind_id",
                              "bytes": 8
                            },
                            {
                              "name": "t.id",
                              "bytes": 8
                            }
                          ]
                        },
                        {
                          "Node Type": "Index Scan",
                          "Parent Relationship": "Inner",
                          "Parallel Aware": false,
                          "Async Capable": false,
                          "Scan Direction": "Forward",
                          "Index Name": "kind_type_pkey",
                          "Relation Name": "kind_type",
                          "Schema": "public",
                          "Alias": "kt",
                          "Startup Cost": 0.15,
                          "Total Cost": 0.17,
                          "Plan Rows": 1,
                          "Plan Width": 4,
                          "Actual Startup Time": 0.004,
                          "Actual Total Time": 0.004,
                          "Actual Rows": 0.96,
                          "Actual Loops": 172,
                          "Disabled": false,
                          "Output": [
                            "kt.id",
                            "kt.kind"
                          ],
                          "Index Cond": "(kt.id = t.kind_id)",
                          "Rows Removed by Index Recheck": 0,
                          "Filter": "((kt.kind)::text = ANY ('{movie,episode}'::text[]))",
                          "Rows Removed by Filter": 0,
                          "Index Searches": 172,
                          "Shared Hit Blocks": 342,
                          "Shared Read Blocks": 2,
                          "Shared Dirtied Blocks": 0,
                          "Shared Written Blocks": 0,
                          "Local Hit Blocks": 0,
                          "Local Read Blocks": 0,
                          "Local Dirtied Blocks": 0,
                          "Local Written Blocks": 0,
                          "Temp Read Blocks": 0,
                          "Temp Written Blocks": 0,
                          "actual_scan_in_card": 7,
                          "actual_funnel_counts": [
                            7,
                            2
                          ],
                          "component_selectivity": {
                            "compare_selectivity": 0.2857142857142857
                          },
                          "ius": [
                            {
                              "name": "kt.id",
                              "bytes": 8
                            },
                            {
                              "name": "kt.kind",
                              "bytes": 8
                            }
                          ]
                        }
                      ],
                      "ius": [
                        {
                          "name": "cc.movie_id",
                          "bytes": 8
                        },
                        {
                          "name": "mi_idx.info",
                          "bytes": 8
                        },
                        {
                          "name": "mi_idx.movie_id",
                          "bytes": 8
                        },
                        {
                          "name": "mc.movie_id",
                          "bytes": 8
                        },
                        {
                          "name": "mc.company_type_id",
                          "bytes": 8
                        },
                        {
                          "name": "mi.movie_id",
                          "bytes": 8
                        },
                        {
                          "name": "cn.name",
                          "bytes": 8
                        },
                        {
                          "name": "t.title",
                          "bytes": 8
                        },
                        {
                          "name": "t.id",
                          "bytes": 8
                        }
                      ]
                    },
                    {
                      "Node Type": "Index Scan",
                      "Parent Relationship": "Inner",
                      "Parallel Aware": false,
                      "Async Capable": false,
                      "Scan Direction": "Forward",
                      "Index Name": "movie_id_movie_keyword",
                      "Relation Name": "movie_keyword",
                      "Schema": "public",
                      "Alias": "mk",
                      "Startup Cost": 0.43,
                      "Total Cost": 1.37,
                      "Plan Rows": 46,
                      "Plan Width": 8,
                      "Actual Startup Time": 0.063,
                      "Actual Total Time": 0.075,
                      "Actual Rows": 96.9,
                      "Actual Loops": 165,
                      "Disabled": false,
                      "Output": [
                        "mk.id",
                        "mk.movie_id",
                        "mk.keyword_id"
                      ],
                      "Index Cond": "(mk.movie_id = t.id)",
                      "Rows Removed by Index Recheck": 0,
                      "Index Searches": 165,
                      "Shared Hit Blocks": 698,
                      "Shared Read Blocks": 41,
                      "Shared Dirtied Blocks": 0,
                      "Shared Written Blocks": 0,
                      "Local Hit Blocks": 0,
                      "Local Read Blocks": 0,
                      "Local Dirtied Blocks": 0,
                      "Local Written Blocks": 0,
                      "Temp Read Blocks": 0,
                      "Temp Written Blocks": 0,
                      "actual_scan_in_card": 4523930,
                      "ius": [
                        {
                          "name": "mk.id",
                          "bytes": 8
                        },
                        {
                          "name": "mk.movie_id",
                          "bytes": 8
                        },
                        {
                          "name": "mk.keyword_id",
                          "bytes": 8
                        }
                      ]
                    }
                  ],
                  "ius": [
                    {
                      "name": "mi_idx.info",
                      "bytes": 9
                    },
                    {
                      "name": "mc.company_type_id",
                      "bytes": 9
                    },
                    {
                      "name": "cn.name",
                      "bytes": 9
                    },
                    {
                      "name": "t.title",
                      "bytes": 9
                    },
                    {
                      "name": "mk.keyword_id",
                      "bytes": 9
                    }
                  ]
                },
                {
                  "Node Type": "Index Scan",
                  "Parent Relationship": "Inner",
                  "Parallel Aware": false,
                  "Async Capable": false,
                  "Scan Direction": "Forward",
                  "Index Name": "keyword_pkey",
                  "Relation Name": "keyword",
                  "Schema": "public",
                  "Alias": "k",
                  "Startup Cost": 0.42,
                  "Total Cost": 0.44,
                  "Plan Rows": 1,
                  "Plan Width": 4,
                  "Actual Startup Time": 0.008,
                  "Actual Total Time": 0.008,
                  "Actual Rows": 0.01,
                  "Actual Loops": 15989,
                  "Disabled": false,
                  "Output": [
                    "k.id",
                    "k.keyword",
                    "k.phonetic_code"
                  ],
                  "Index Cond": "(k.id = mk.keyword_id)",
                  "Rows Removed by Index Recheck": 0,
                  "Filter": "(k.keyword = ANY ('{murder,murder-in-title,blood,violence}'::text[]))",
                  "Rows Removed by Filter": 1,
                  "Index Searches": 15989,
                  "Shared Hit Blocks": 63398,
                  "Shared Read Blocks": 558,
                  "Shared Dirtied Blocks": 0,
                  "Shared Written Blocks": 0,
                  "Local Hit Blocks": 0,
                  "Local Read Blocks": 0,
                  "Local Dirtied Blocks": 0,
                  "Local Written Blocks": 0,
                  "Temp Read Blocks": 0,
                  "Temp Written Blocks": 0,
                  "actual_scan_in_card": 134170,
                  "actual_funnel_counts": [
                    134170,
                    3
                  ],
                  "component_selectivity": {
                    "compare_selectivity": 2.2359692926883804e-05
                  },
                  "ius": [
                    {
                      "name": "k.id",
                      "bytes": 8
                    },
                    {
                      "name": "k.keyword",
                      "bytes": 8
                    },
                    {
                      "name": "k.phonetic_code",
                      "bytes": 8
                    }
                  ]
                }
              ],
              "ius": [
                {
                  "name": "mi_idx.info",
                  "bytes": 11
                },
                {
                  "name": "mc.company_type_id",
                  "bytes": 11
                },
                {
                  "name": "cn.name",
                  "bytes": 11
                },
                {
                  "name": "t.title",
                  "bytes": 11
                }
              ]
            },
            {
              "Node Type": "Index Only Scan",
              "Parent Relationship": "Inner",
              "Parallel Aware": false,
              "Async Capable": false,
              "Scan Direction": "Forward",
              "Index Name": "company_type_pkey",
              "Relation Name": "company_type",
              "Schema": "public",
              "Alias": "ct",
              "Startup Cost": 0.15,
              "Total Cost": 0.17,
              "Plan Rows": 1,
              "Plan Width": 4,
              "Actual Startup Time": 0.002,
              "Actual Total Time": 0.002,
              "Actual Rows": 1.0,
              "Actual Loops": 148,
              "Disabled": false,
              "Output": [
                "ct.id"
              ],
              "Index Cond": "(ct.id = mc.company_type_id)",
              "Rows Removed by Index Recheck": 0,
              "Heap Fetches": 148,
              "Index Searches": 148,
              "Shared Hit Blocks": 295,
              "Shared Read Blocks": 1,
              "Shared Dirtied Blocks": 0,
              "Shared Written Blocks": 0,
              "Local Hit Blocks": 0,
              "Local Read Blocks": 0,
              "Local Dirtied Blocks": 0,
              "Local Written Blocks": 0,
              "Temp Read Blocks": 0,
              "Temp Written Blocks": 0,
              "actual_scan_in_card": 4,
              "ius": [
                {
                  "name": "ct.id",
                  "bytes": 8
                }
              ]
            }
          ],
          "ius": [
            {
              "name": "cn.name",
              "bytes": 13
            },
            {
              "name": "mi_idx.info",
              "bytes": 13
            },
            {
              "name": "t.title",
              "bytes": 13
            }
          ]
        }
      ],
      "ius": [
        {
          "name": "min(cn.name)",
          "bytes": 32
        },
        {
          "name": "min(mi_idx.info)",
          "bytes": 32
        },
        {
          "name": "min(t.title)",
          "bytes": 32
        }
      ]
    },
    "Planning": {
      "Shared Hit Blocks": 241,
      "Shared Read Blocks": 37,
      "Shared Dirtied Blocks": 0,
      "Shared Written Blocks": 0,
      "Local Hit Blocks": 0,
      "Local Read Blocks": 0,
      "Local Dirtied Blocks": 0,
      "Local Written Blocks": 0,
      "Temp Read Blocks": 0,
      "Temp Written Blocks": 0
    },
    "Planning Time": 53.083,
    "Triggers": [],
    "Execution Time": 8743.996
  }
]