[
  {
    "Plan": {
      "Node Type": "Aggregate",
      "Strategy": "Plain",
      "Partial Mode": "Simple",
      "Parallel Aware": false,
      "Async Capable": false,
      "Startup Cost": 2619.38,
      "Total Cost": 2619.39,
      "Plan Rows": 1,
      "Plan Width": 96,
      "Actual Startup Time": 832.691,
      "Actual Total Time": 832.699,
      "Actual Rows": 1.0,
      "Actual Loops": 1,
      "Disabled": false,
      "Output": [
        "min(chn.name)",
        "min(n.name)",
        "min(t.title)"
      ],
      "Shared Hit Blocks": 62362,
      "Shared Read Blocks": 15953,
      "Shared Dirtied Blocks": 0,
      "Shared Written Blocks": 0,
      "Local Hit Blocks": 0,
      "Local Read Blocks": 0,
      "Local Dirtied Blocks": 0,
      "Local Written Blocks": 0,
      "Temp Read Blocks": 0,
      "Temp Written Blocks": 0,
      "Plans": [
        {
          "Node Type": "Nested Loop",
          "Parent Relationship": "Outer",
          "Parallel Aware": false,
          "Async Capable": false,
          "Join Type": "Inner",
          "Startup Cost": 24.26,
          "Total Cost": 2619.38,
          "Plan Rows": 1,
          "Plan Width": 48,
          "Actual Startup Time": 487.179,
          "Actual Total Time": 832.539,
          "Actual Rows": 1620.0,
          "Actual Loops": 1,
          "Disabled": false,
          "Output": [
            "chn.name",
            "n.name",
            "t.title"
          ],
          "Inner Unique": false,
          "Join Filter": "(an.person_id = n.id)",
          "Rows Removed by Join Filter": 0,
          "Shared Hit Blocks": 62362,
          "Shared Read Blocks": 15953,
          "Shared Dirtied Blocks": 0,
          "Shared Written Blocks": 0,
          "Local Hit Blocks": 0,
          "Local Read Blocks": 0,
          "Local Dirtied Blocks": 0,
          "Local Written Blocks": 0,
          "Temp Read Blocks": 0,
          "Temp Written Blocks": 0,
          "Plans": [
            {
              "Node Type": "Nested Loop",
              "Parent Relationship": "Outer",
              "Parallel Aware": false,
              "Async Capable": false,
              "Join Type": "Inner",
              "Startup Cost": 23.84,
              "Total Cost": 2618.08,
              "Plan Rows": 1,
              "Plan Width": 60,
              "Actual Startup Time": 486.754,
              "Actual Total Time": 831.657,
              "Actual Rows": 540.0,
              "Actual Loops": 1,
              "Disabled": false,
              "Output": [
                "n.name",
                "n.id",
                "chn.name",
                "t.title",
                "ci.person_id",
                "pi.person_id"
              ],
              "Inner Unique": true,
              "Shared Hit Blocks": 60743,
              "Shared Read Blocks": 15951,
              "Shared Dirtied Blocks": 0,
              "Shared Written Blocks": 0,
              "Local Hit Blocks": 0,
              "Local Read Blocks": 0,
              "Local Dirtied Blocks": 0,
              "Local Written Blocks": 0,
              "Temp Read Blocks": 0,
              "Temp Written Blocks": 0,
              "Plans": [
                {
                  "Node Type": "Nested Loop",
                  "Parent Relationship": "Outer",
                  "Parallel Aware": false,
                  "Async Capable": false,
                  "Join Type": "Inner",
                  "Startup Cost": 23.7,
                  "Total Cost": 2617.9,
                  "Plan Rows": 1,
                  "Plan Width": 64,
                  "Actual Startup Time": 486.543,
                  "Actual Total Time": 830.949,
                  "Actual Rows": 1630.0,
                  "Actual Loops": 1,
                  "Disabled": false,
                  "Output": [
                    "n.name",
                    "n.id",
                    "chn.name",
                    "t.title",
                    "ci.person_id",
                    "pi.person_id",
                    "pi.info_type_id"
                  ],
                  "Inner Unique": false,
                  "Join Filter": "(n.id = pi.person_id)",
                  "Rows Removed by Join Filter": 0,
                  "Shared Hit Blocks": 57483,
                  "Shared Read Blocks": 15951,
                  "Shared Dirtied Blocks": 0,
                  "Shared Written Blocks": 0,
                  "Local Hit Blocks": 0,
                  "Local Read Blocks": 0,
                  "Local Dirtied Blocks": 0,
                  "Local Written Blocks": 0,
                  "Temp Read Blocks": 0,
                  "Temp Written Blocks": 0,
                  "Plans": [
                    {
                      "Node Type": "Nested Loop",
                      "Parent Relationship": "Outer",
                      "Parallel Aware": false,
                      "Async Capable": false,
                      "Join Type": "Inner",
                      "Startup Cost": 23.27,
                      "Total Cost": 2598.29,
                      "Plan Rows": 1,
                      "Plan Width": 56,
                      "Actual Startup Time": 484.952,
                      "Actual Total Time": 828.16,
                      "Actual Rows": 10.0,
                      "Actual Loops": 1,
                      "Disabled": false,
                      "Output": [
                        "n.name",
                        "n.id",
                        "chn.name",
                        "t.title",
                        "ci.person_id"
                      ],
                      "Inner Unique": true,
                      "Shared Hit Blocks": 57374,
                      "Shared Read Blocks": 15940,
                      "Shared Dirtied Blocks": 0,
                      "Shared Written Blocks": 0,
                      "Local Hit Blocks": 0,
                      "Local Read Blocks": 0,
                      "Local Dirtied Blocks": 0,
                      "Local Written Blocks": 0,
                      "Temp Read Blocks": 0,
                      "Temp Written Blocks": 0,
                      "Plans": [
                        {
                          "Node Type": "Nested Loop",
                          "Parent Relationship": "Outer",
                          "Parallel Aware": false,
                          "Async Capable": false,
                          "Join Type": "Inner",
                          "Startup Cost": 23.12,
                          "Total Cost": 2598.11,
                          "Plan Rows": 1,
                          "Plan Width": 60,
                          "Actual Startup Time": 484.942,
                          "Actual Total Time": 828.142,
                          "Actual Rows": 10.0,
                          "Actual Loops": 1,
                          "Disabled": false,
                          "Output": [
                            "n.name",
                            "n.id",
                            "chn.name",
                            "t.title",
                            "ci.person_id",
                            "mi.info_type_id"
                          ],
                          "Inner Unique": false,
                          "Join Filter": "(mi.movie_id = t.id)",
                          "Rows Removed by Join Filter": 0,
                          "Shared Hit Blocks": 57354,
                          "Shared Read Blocks": 15940,
                          "Shared Dirtied Blocks": 0,
                          "Shared Written Blocks": 0,
                          "Local Hit Blocks": 0,
                          "Local Read Blocks": 0,
                          "Local Dirtied Blocks": 0,
                          "Local Written Blocks": 0,
                          "Temp Read Blocks": 0,
                          "Temp Written Blocks": 0,
                          "Plans": [
                            {
                              "Node Type": "Nested Loop",
                              "Parent Relationship": "Outer",
                              "Parallel Aware": false,
                              "Async Capable": false,
                              "Join Type": "Inner",
                              "Startup Cost": 22.69,
                              "Total Cost": 2559.85,
                              "Plan Rows": 1,
                              "Plan Width": 76,
                              "Actual Startup Time": 482.899,
                              "Actual Total Time": 822.095,
                              "Actual Rows": 5.0,
                              "Actual Loops": 1,
                              "Disabled": false,
                              "Output": [
                                "n.name",
                                "n.id",
                                "chn.name",
                                "t.title",
                                "t.id",
                                "cc.movie_id",
                                "ci.movie_id",
                                "ci.person_id",
                                "mk.movie_id",
                                "mc.movie_id"
                              ],
                              "Inner Unique": true,
                              "Shared Hit Blocks": 57217,
                              "Shared Read Blocks": 15907,
                              "Shared Dirtied Blocks": 0,
                              "Shared Written Blocks": 0,
                              "Local Hit Blocks": 0,
                              "Local Read Blocks": 0,
                              "Local Dirtied Blocks": 0,
                              "Local Written Blocks": 0,
                              "Temp Read Blocks": 0,
                              "Temp Written Blocks": 0,
                              "Plans": [
                                {
                                  "Node Type": "Nested Loop",
                                  "Parent Relationship": "Outer",
                                  "Parallel Aware": false,
                                  "Async Capable": false,
                                  "Join Type": "Inner",
                                  "Startup Cost": 22.27,
                                  "Total Cost": 2557.82,
                                  "Plan Rows": 1,
                                  "Plan Width": 80,
                                  "Actual Startup Time": 482.881,
                                  "Actual Total Time": 818.593,
                                  "Actual Rows": 22.0,
                                  "Actual Loops": 1,
                                  "Disabled": false,
                                  "Output": [
                                    "n.name",
                                    "n.id",
                                    "chn.name",
                                    "t.title",
                                    "t.id",
                                    "cc.movie_id",
                                    "ci.movie_id",
                                    "ci.person_id",
                                    "mk.movie_id",
                                    "mc.movie_id",
                                    "mc.company_id"
                                  ],
                                  "Inner Unique": false,
                                  "Join Filter": "(mc.movie_id = t.id)",
                                  "Rows Removed by Join Filter": 0,
                                  "Shared Hit Blocks": 57151,
                                  "Shared Read Blocks": 15885,
                                  "Shared Dirtied Blocks": 0,
                                  "Shared Written Blocks": 0,
                                  "Local Hit Blocks": 0,
                                  "Local Read Blocks": 0,
                                  "Local Dirtied Blocks": 0,
                                  "Local Written Blocks": 0,
                                  "Temp Read Blocks": 0,
                                  "Temp Written Blocks": 0,
                                  "Plans": [
                                    {
                                      "Node Type": "Nested Loop",
                                      "Parent Relationship": "Outer",
                                      "Parallel Aware": false,
                                      "Async Capable": false,
                                      "Join Type": "Inner",
                                      "Startup Cost": 21.84,
                                      "Total Cost": 2552.98,
                                      "Plan Rows": 1,
                                      "Plan Width": 72,
                                      "Actual Startup Time": 482.578,
                                      "Actual Total Time": 818.276,
                                      "Actual Rows": 1.0,
                                      "Actual Loops": 1,
                                      "Disabled": false,
                                      "Output": [
                                        "n.name",
                                        "n.id",
                                        "chn.name",
                                        "t.title",
                                        "t.id",
                                        "cc.movie_id",
                                        "ci.movie_id",
                                        "ci.person_id",
                                        "mk.movie_id"
                                      ],
                                      "Inner Unique": true,
                                      "Shared Hit Blocks": 57150,
                                      "Shared Read Blocks": 15881,
                                      "Shared Dirtied Blocks": 0,
                                      "Shared Written Blocks": 0,
                                      "Local Hit Blocks": 0,
                                      "Local Read Blocks": 0,
                                      "Local Dirtied Blocks": 0,
                                      "Local Written Blocks": 0,
                                      "Temp Read Blocks": 0,
                                      "Temp Written Blocks": 0,
                                      "Plans": [
                                        {
                                          "Node Type": "Nested Loop",
                                          "Parent Relationship": "Outer",
                                          "Parallel Aware": false,
                                          "Async Capable": false,
                                          "Join Type": "Inner",
                                          "Startup Cost": 21.41,
                                          "Total Cost": 2548.9,
                                          "Plan Rows": 2,
                                          "Plan Width": 76,
                                          "Actual Startup Time": 479.35,
                                          "Actual Total Time": 809.677,
                                          "Actual Rows": 108.0,
                                          "Actual Loops": 1,
                                          "Disabled": false,
                                          "Output": [
                                            "n.name",
                                            "n.id",
                                            "chn.name",
                                            "t.title",
                                            "t.id",
                                            "cc.movie_id",
                                            "ci.movie_id",
                                            "ci.person_id",
                                            "mk.movie_id",
                                            "mk.keyword_id"
                                          ],
                                          "Inner Unique": false,
                                          "Join Filter": "(mk.movie_id = t.id)",
                                          "Rows Removed by Join Filter": 0,
                                          "Shared Hit Blocks": 56768,
                                          "Shared Read Blocks": 15831,
                                          "Shared Dirtied Blocks": 0,
                                          "Shared Written Blocks": 0,
                                          "Local Hit Blocks": 0,
                                          "Local Read Blocks": 0,
                                          "Local Dirtied Blocks": 0,
                                          "Local Written Blocks": 0,
                                          "Temp Read Blocks": 0,
                                          "Temp Written Blocks": 0,
                                          "Plans": [
                                            {
                                              "Node Type": "Nested Loop",
                                              "Parent Relationship": "Outer",
                                              "Parallel Aware": false,
                                              "Async Capable": false,
                                              "Join Type": "Inner",
                                              "Startup Cost": 20.98,
                                              "Total Cost": 2545.33,
                                              "Plan Rows": 1,
                                              "Plan Width": 68,
                                              "Actual Startup Time": 478.224,
                                              "Actual Total Time": 808.531,
                                              "Actual Rows": 1.0,
                                              "Actual Loops": 1,
                                              "Disabled": false,
                                              "Output": [
                                                "n.name",
                                                "n.id",
                                                "chn.name",
                                                "t.title",
                                                "t.id",
                                                "cc.movie_id",
                                                "ci.movie_id",
                                                "ci.person_id"
                                              ],
                                              "Inner Unique": true,
                                              "Shared Hit Blocks": 56767,
                                              "Shared Read Blocks": 15828,
                                              "Shared Dirtied Blocks": 0,
                                              "Shared Written Blocks": 0,
                                              "Local Hit Blocks": 0,
                                              "Local Read Blocks": 0,
                                              "Local Dirtied Blocks": 0,
                                              "Local Written Blocks": 0,
                                              "Temp Read Blocks": 0,
                                              "Temp Written Blocks": 0,
                                              "Plans": [
                                                {
                                                  "Node Type": "Nested Loop",
                                                  "Parent Relationship": "Outer",
                                                  "Parallel Aware": false,
                                                  "Async Capable": false,
                                                  "Join Type": "Inner",
                                                  "Startup Cost": 20.55,
                                                  "Total Cost": 2542.99,
                                                  "Plan Rows": 1,
                                                  "Plan Width": 49,
                                                  "Actual Startup Time": 476.957,
                                                  "Actual Total Time": 807.263,
                                                  "Actual Rows": 1.0,
                                                  "Actual Loops": 1,
                                                  "Disabled": false,
                                                  "Output": [
                                                    "chn.name",
                                                    "t.title",
                                                    "t.id",
                                                    "cc.movie_id",
                                                    "ci.movie_id",
                                                    "ci.person_id"
                                                  ],
                                                  "Inner Unique": true,
                                                  "Shared Hit Blocks": 56766,
                                                  "Shared Read Blocks": 15825,
                                                  "Shared Dirtied Blocks": 0,
                                                  "Shared Written Blocks": 0,
                                                  "Local Hit Blocks": 0,
                                                  "Local Read Blocks": 0,
                                                  "Local Dirtied Blocks": 0,
                                                  "Local Written Blocks": 0,
                                                  "Temp Read Blocks": 0,
                                                  "Temp Written Blocks": 0,
                                                  "Plans": [
                                                    {
                                                      "Node Type": "Nested Loop",
                                                      "Parent Relationship": "Outer",
                                                      "Parallel Aware": false,
                                                      "Async Capable": false,
                                                      "Join Type": "Inner",
                                                      "Startup Cost": 20.12,
                                                      "Total Cost": 2538.92,
                                                      "Plan Rows": 1,
                                                      "Plan Width": 37,
                                                      "Actual Startup Time": 476.27,
                                                      "Actual Total Time": 800.487,
                                                      "Actual Rows": 11.0,
                                                      "Actual Loops": 1,
                                                      "Disabled": false,
                                                      "Output": [
                                                        "t.title",
                                                        "t.id",
                                                        "cc.movie_id",
                                                        "ci.movie_id",
                                                        "ci.person_id",
                                                        "ci.person_role_id"
                                                      ],
                                                      "Inner Unique": true,
                                                      "Shared Hit Blocks": 56753,
                                                      "Shared Read Blocks": 15794,
                                                      "Shared Dirtied Blocks": 0,
                                                      "Shared Written Blocks": 0,
                                                      "Local Hit Blocks": 0,
                                                      "Local Read Blocks": 0,
                                                      "Local Dirtied Blocks": 0,
                                                      "Local Written Blocks": 0,
                                                      "Temp Read Blocks": 0,
                                                      "Temp Written Blocks": 0,
                                                      "Plans": [
                                                        {
                                                          "Node Type": "Nested Loop",
                                                          "Parent Relationship": "Outer",
                                                          "Parallel Aware": false,
                                                          "Async Capable": false,
                                                          "Join Type": "Inner",
                                                          "Startup Cost": 19.97,
                                                          "Total Cost": 2538.18,
                                                          "Plan Rows": 1,
                                                          "Plan Width": 41,
                                                          "Actual Startup Time": 471.675,
                                                          "Actual Total Time": 800.144,
                                                          "Actual Rows": 38.0,
                                                          "Actual Loops": 1,
                                                          "Disabled": false,
                                                          "Output": [
                                                            "t.title",
                                                            "t.id",
                                                            "cc.movie_id",
                                                            "ci.movie_id",
                                                            "ci.person_id",
                                                            "ci.role_id",
                                                            "ci.person_role_id"
                                                          ],
                                                          "Inner Unique": false,
                                                          "Join Filter": "(ci.movie_id = t.id)",
                                                          "Rows Removed by Join Filter": 0,
                                                          "Shared Hit Blocks": 56679,
                                                          "Shared Read Blocks": 15792,
                                                          "Shared Dirtied Blocks": 0,
                                                          "Shared Written Blocks": 0,
                                                          "Local Hit Blocks": 0,
                                                          "Local Read Blocks": 0,
                                                          "Local Dirtied Blocks": 0,
                                                          "Local Written Blocks": 0,
                                                          "Temp Read Blocks": 0,
                                                          "Temp Written Blocks": 0,
                                                          "Plans": [
                                                            {
                                                              "Node Type": "Nested Loop",
                                                              "Parent Relationship": "Outer",
                                                              "Parallel Aware": false,
                                                              "Async Capable": false,
                                                              "Join Type": "Inner",
                                                              "Startup Cost": 19.53,
                                                              "Total Cost": 2494.56,
                                                              "Plan Rows": 1,
                                                              "Plan Width": 25,
                                                              "Actual Startup Time": 469.04,
                                                              "Actual Total Time": 746.112,
                                                              "Actual Rows": 1.0,
                                                              "Actual Loops": 1,
                                                              "Disabled": false,
                                                              "Output": [
                                                                "t.title",
                                                                "t.id",
                                                                "cc.movie_id"
                                                              ],
                                                              "Inner Unique": true,
                                                              "Shared Hit Blocks": 56678,
                                                              "Shared Read Blocks": 15579,
                                                              "Shared Dirtied Blocks": 0,
                                                              "Shared Written Blocks": 0,
                                                              "Local Hit Blocks": 0,
                                                              "Local Read Blocks": 0,
                                                              "Local Dirtied Blocks": 0,
                                                              "Local Written Blocks": 0,
                                                              "Temp Read Blocks": 0,
                                                              "Temp Written Blocks": 0,
                                                              "Plans": [
                                                                {
                                                                  "Node Type": "Nested Loop",
                                                                  "Parent Relationship": "Outer",
                                                                  "Parallel Aware": false,
                                                                  "Async Capable": false,
                                                                  "Join Type": "Inner",
                                                                  "Startup Cost": 19.09,
                                                                  "Total Cost": 2483.22,
                                                                  "Plan Rows": 4,
                                                                  "Plan Width": 4,
                                                                  "Actual Startup Time": 0.308,
                                                                  "Actual Total Time": 31.515,
                                                                  "Actual Rows": 17879.0,
                                                                  "Actual Loops": 1,
                                                                  "Disabled": false,
                                                                  "Output": [
                                                                    "cc.movie_id"
                                                                  ],
                                                                  "Inner Unique": true,
                                                                  "Shared Hit Blocks": 3,
                                                                  "Shared Read Blocks": 738,
                                                                  "Shared Dirtied Blocks": 0,
                                                                  "Shared Written Blocks": 0,
                                                                  "Local Hit Blocks": 0,
                                                                  "Local Read Blocks": 0,
                                                                  "Local Dirtied Blocks": 0,
                                                                  "Local Written Blocks": 0,
                                                                  "Temp Read Blocks": 0,
                                                                  "Temp Written Blocks": 0,
                                                                  "Plans": [
                                                                    {
                                                                      "Node Type": "Hash Join",
                                                                      "Parent Relationship": "Outer",
                                                                      "Parallel Aware": false,
                                                                      "Async Capable": false,
                                                                      "Join Type": "Inner",
                                                                      "Startup Cost": 18.93,
                                                                      "Total Cost": 2462.5,
                                                                      "Plan Rows": 761,
                                                                      "Plan Width": 8,
                                                                      "Actual Startup Time": 0.075,
                                                                      "Actual Total Time": 23.502,
                                                                      "Actual Rows": 24592.0,
                                                                      "Actual Loops": 1,
                                                                      "Disabled": false,
                                                                      "Output": [
                                                                        "cc.movie_id",
                                                                        "cc.subject_id"
                                                                      ],
                                                                      "Inner Unique": true,
                                                                      "Hash Cond": "(cc.status_id = cct2.id)",
                                                                      "Shared Hit Blocks": 1,
                                                                      "Shared Read Blocks": 736,
                                                                      "Shared Dirtied Blocks": 0,
                                                                      "Shared Written Blocks": 0,
                                                                      "Local Hit Blocks": 0,
                                                                      "Local Read Blocks": 0,
                                                                      "Local Dirtied Blocks": 0,
                                                                      "Local Written Blocks": 0,
                                                                      "Temp Read Blocks": 0,
                                                                      "Temp Written Blocks": 0,
                                                                      "Plans": [
                                                                        {
                                                                          "Node Type": "Seq Scan",
                                                                          "Parent Relationship": "Outer",
                                                                          "Parallel Aware": false,
                                                                          "Async Capable": false,
                                                                          "Relation Name": "complete_cast",
                                                                          "Schema": "public",
                                                                          "Alias": "cc",
                                                                          "Startup Cost": 0.0,
                                                                          "Total Cost": 2086.86,
                                                                          "Plan Rows": 135086,
                                                                          "Plan Width": 12,
                                                                          "Actual Startup Time": 0.058,
                                                                          "Actual Total Time": 8.695,
                                                                          "Actual Rows": 135086.0,
                                                                          "Actual Loops": 1,
                                                                          "Disabled": false,
                                                                          "Output": [
                                                                            "cc.id",
                                                                            "cc.movie_id",
                                                                            "cc.subject_id",
                                                                            "cc.status_id"
                                                                          ],
                                                                          "Shared Hit Blocks": 0,
                                                                          "Shared Read Blocks": 736,
                                                                          "Shared Dirtied Blocks": 0,
                                                                          "Shared Written Blocks": 0,
                                                                          "Local Hit Blocks": 0,
                                                                          "Local Read Blocks": 0,
                                                                          "Local Dirtied Blocks": 0,
                                                                          "Local Written Blocks": 0,
                                                                          "Temp Read Blocks": 0,
                                                                          "Temp Written Blocks": 0,
                                                                          "actual_scan_in_card": 135086,
                                                                          "ius": [
                                                                            {
                                                                              "name": "cc.id",
                                                                              "bytes": 8
                                                                            },
                                                                            {
                                                                              "name": "cc.movie_id",
                                                                              "bytes": 8
                                                                            },
                                                                            {
                                                                              "name": "cc.subject_id",
                                                                              "bytes": 8
                                                                            },
                                                                            {
                                                                              "name": "cc.status_id",
                                                                              "bytes": 8
                                                                            }
                                                                          ]
                                                                        },
                                                                        {
                                                                          "Node Type": "Hash",
                                                                          "Parent Relationship": "Inner",
                                                                          "Parallel Aware": false,
                                                                          "Async Capable": false,
                                                                          "Startup Cost": 18.88,
                                                                          "Total Cost": 18.88,
                                                                          "Plan Rows": 4,
                                                                          "Plan Width": 4,
                                                                          "Actual Startup Time": 0.013,
                                                                          "Actual Total Time": 0.013,
                                                                          "Actual Rows": 1.0,
                                                                          "Actual Loops": 1,
                                                                          "Disabled": false,
                                                                          "Output": [
                                                                            "cct2.id"
                                                                          ],
                                                                          "Hash Buckets": 1024,
                                                                          "Original Hash Buckets": 1024,
                                                                          "Hash Batches": 1,
                                                                          "Original Hash Batches": 1,
                                                                          "Peak Memory Usage": 9,
                                                                          "Shared Hit Blocks": 1,
                                                                          "Shared Read Blocks": 0,
                                                                          "Shared Dirtied Blocks": 0,
                                                                          "Shared Written Blocks": 0,
                                                                          "Local Hit Blocks": 0,
                                                                          "Local Read Blocks": 0,
                                                                          "Local Dirtied Blocks": 0,
                                                                          "Local Written Blocks": 0,
                                                                          "Temp Read Blocks": 0,
                                                                          "Temp Written Blocks": 0,
                                                                          "Plans": [
                                                                            {
                                                                              "Node Type": "Seq Scan",
                                                                              "Parent Relationship": "Outer",
                                                                              "Parallel Aware": false,
                                                                              "Async Capable": false,
                                                                              "Relation Name": "comp_cast_type",
                                                                              "Schema": "public",
                                                                              "Alias": "cct2",
                                                                              "Startup Cost": 0.0,
                                                                              "Total Cost": 18.88,
                                                                              "Plan Rows": 4,
                                                                              "Plan Width": 4,
                                                                              "Actual Startup Time": 0.011,
                                                                              "Actual Total Time": 0.011,
                                                                              "Actual Rows": 1.0,
                                                                              "Actual Loops": 1,
                                                                              "Disabled": false,
                                                                              "Output": [
                                                                                "cct2.id"
                                                                              ],
                                                                              "Filter": "((cct2.kind)::text = 'complete+verified'::text)",
                                                                              "Rows Removed by Filter": 3,
                                                                              "Shared Hit Blocks": 1,
                                                                              "Shared Read Blocks": 0,
                                                                              "Shared Dirtied Blocks": 0,
                                                                              "Shared Written Blocks": 0,
                                                                              "Local Hit Blocks": 0,
                                                                              "Local Read Blocks": 0,
                                                                              "Local Dirtied Blocks": 0,
                                                                              "Local Written Blocks": 0,
                                                                              "Temp Read Blocks": 0,
                                                                              "Temp Written Blocks": 0,
                                                                              "actual_scan_in_card": 4,
                                                                              "actual_funnel_counts": [
                                                                                4,
                                                                                1
                                                                              ],
                                                                              "component_selectivity": {
                                                                                "compare_selectivity": 0.25
                                                                              },
                                                                              "ius": [
                                                                                {
                                                                                  "name": "cct2.id",
                                                                                  "bytes": 8
                                                                                }
                                                                              ]
                                                                            }
                                                                          ],
                                                                          "ius": [
                                                                            {
                                                                              "name": "cct2.id",
                                                                              "bytes": 8
                                                                            }
                                                                          ]
                                                                        }
                                                                      ],
                                                                      "ius": [
                                                                        {
                                                                          "name": "cc.movie_id",
                                                                          "bytes": 8
                                                                        },
                                                                        {
                                                                          "name": "cc.subject_id",
                                                                          "bytes": 8
                                                                        }
                                                                      ]
                                                                    },
                                                                    {
                                                                      "Node Type": "Memoize",
                                                                      "Parent Relationship": "Inner",
                                                                      "Parallel Aware": false,
                                                                      "Async Capable": false,
                                                                      "Startup Cost": 0.16,
                                                                      "Total Cost": 0.58,
                                                                      "Plan Rows": 1,
                                                                      "Plan Width": 4,
                                                                      "Actual Startup Time": 0.0,
                                                                      "Actual Total Time": 0.0,
                                                                      "Actual Rows": 0.73,
                                                                      "Actual Loops": 24592,
                                                                      "Disabled": false,
                                                                      "Output": [
                                                                        "cct1.id"
                                                                      ],
                                                                      "Cache Key": "cc.subject_id",
                                                                      "Cache Mode": "logical",
                                                                      "Cache Hits": 24590,
                                                                      "Cache Misses": 2,
                                                                      "Cache Evictions": 0,
                                                                      "Cache Overflows": 0,
                                                                      "Peak Memory Usage": 1,
                                                                      "Shared Hit Blocks": 2,
                                                                      "Shared Read Blocks": 2,
                                                                      "Shared Dirtied Blocks": 0,
                                                                      "Shared Written Blocks": 0,
                                                                      "Local Hit Blocks": 0,
                                                                      "Local Read Blocks": 0,
                                                                      "Local Dirtied Blocks": 0,
                                                                      "Local Written Blocks": 0,
                                                                      "Temp Read Blocks": 0,
                                                                      "Temp Written Blocks": 0,
                                                                      "Plans": [
                                                                        {
                                                                          "Node Type": "Index Scan",
                                                                          "Parent Relationship": "Outer",
                                                                          "Parallel Aware": false,
                                                                          "Async Capable": false,
                                                                          "Scan Direction": "Forward",
                                                                          "Index Name": "comp_cast_type_pkey",
                                                                          "Relation Name": "comp_cast_type",
                                                                          "Schema": "public",
                                                                          "Alias": "cct1",
                                                                          "Startup Cost": 0.15,
                                                                          "Total Cost": 0.57,
                                                                          "Plan Rows": 1,
                                                                          "Plan Width": 4,
                                                                          "Actual Startup Time": 0.121,
                                                                          "Actual Total Time": 0.121,
                                                                          "Actual Rows": 0.5,
                                                                          "Actual Loops": 2,
                                                                          "Disabled": false,
                                                                          "Output": [
                                                                            "cct1.id"
                                                                          ],
                                                                          "Index Cond": "(cct1.id = cc.subject_id)",
                                                                          "Rows Removed by Index Recheck": 0,
                                                                          "Filter": "((cct1.kind)::text = 'cast'::text)",
                                                                          "Rows Removed by Filter": 0,
                                                                          "Index Searches": 2,
                                                                          "Shared Hit Blocks": 2,
                                                                          "Shared Read Blocks": 2,
                                                                          "Shared Dirtied Blocks": 0,
                                                                          "Shared Written Blocks": 0,
                                                                          "Local Hit Blocks": 0,
                                                                          "Local Read Blocks": 0,
                                                                          "Local Dirtied Blocks": 0,
                                                                          "Local Written Blocks": 0,
                                                                          "Temp Read Blocks": 0,
                                                                          "Temp Written Blocks": 0,
                                                                          "actual_scan_in_card": 4,
                                                                          "actual_funnel_counts": [
                                                                            4,
                                                                            1
                                                                          ],
                                                                          "component_selectivity": {
                                                                            "compare_selectivity": 0.25
                                                                          },
                                                                          "ius": [
                                                                            {
                                                                              "name": "cct1.id",
                                                                              "bytes": 8
                                                                            }
                                                                          ]
                                                                        }
                                                                      ],
                                                                      "ius": [
                                                                        {
                                                                          "name": "cct1.id",
                                                                          "bytes": 8
                                                                        }
                                                                      ]
                                                                    }
                                                                  ],
                                                                  "ius": [
                                                                    {
                                                                      "name": "cc.movie_id",
                                                                      "bytes": 8
                                                                    }
                                                                  ]
                                                                },
                                                                {
                                                                  "Node Type": "Memoize",
                                                                  "Parent Relationship": "Inner",
                                                                  "Parallel Aware": false,
                                                                  "Async Capable": false,
                                                                  "Startup Cost": 0.44,
                                                                  "Total Cost": 2.82,
                                                                  "Plan Rows": 1,
                                                                  "Plan Width": 21,
                                                                  "Actual Startup Time": 0.04,
                                                                  "Actual Total Time": 0.04,
                                                                  "Actual Rows": 0.0,
                                                                  "Actual Loops": 17879,
                                                                  "Disabled": false,
                                                                  "Output": [
                                                                    "t.title",
                                                                    "t.id"
                                                                  ],
                                                                  "Cache Key": "cc.movie_id",
                                                                  "Cache Mode": "logical",
                                                                  "Cache Hits": 0,
                                                                  "Cache Misses": 17879,
                                                                  "Cache Evictions": 0,
                                                                  "Cache Overflows": 0,
                                                                  "Peak Memory Usage": 1188,
                                                                  "Shared Hit Blocks": 56675,
                                                                  "Shared Read Blocks": 14841,
                                                                  "Shared Dirtied Blocks": 0,
                                                                  "Shared Written Blocks": 0,
                                                                  "Local Hit Blocks": 0,
                                                                  "Local Read Blocks": 0,
                                                                  "Local Dirtied Blocks": 0,
                                                                  "Local Written Blocks": 0,
                                                                  "Temp Read Blocks": 0,
                                                                  "Temp Written Blocks": 0,
                                                                  "Plans": [
                                                                    {
                                                                      "Node Type": "Index Scan",
                                                                      "Parent Relationship": "Outer",
                                                                      "Parallel Aware": false,
                                                                      "Async Capable": false,
                                                                      "Scan Direction": "Forward",
                                                                      "Index Name": "title_pkey",
                                                                      "Relation Name": "title",
                                                                      "Schema": "public",
                                                                      "Alias": "t",
                                                                      "Startup Cost": 0.43,
                                                                      "Total Cost": 2.81,
                                                                      "Plan Rows": 1,
                                                                      "Plan Width": 21,
                                                                      "Actual Startup Time": 0.039,
                                                                      "Actual Total Time": 0.039,
                                                                      "Actual Rows": 0.0,
                                                                      "Actual Loops": 17879,
                                                                      "Disabled": false,
                                                                      "Output": [
                                                                        "t.title",
                                                                        "t.id"
                                                                      ],
                                                                      "Index Cond": "(t.id = cc.movie_id)",
                                                                      "Rows Removed by Index Recheck": 0,
                                                                      "Filter": "((t.production_year >= 2000) AND (t.production_year <= 2010) AND (t.title = 'Shrek 2'::text))",
                                                                      "Rows Removed by Filter": 1,
                                                                      "Index Searches": 17879,
                                                                      "Shared Hit Blocks": 56675,
                                                                      "Shared Read Blocks": 14841,
                                                                      "Shared Dirtied Blocks": 0,
                                                                      "Shared Written Blocks": 0,
                                                                      "Local Hit Blocks": 0,
                                                                      "Local Read Blocks": 0,
                                                                      "Local Dirtied Blocks": 0,
                                                                      "Local Written Blocks": 0,
                                                                      "Temp Read Blocks": 0,
                                                                      "Temp Written Blocks": 0,
                                                                      "actual_scan_in_card": 2528312,
                                                                      "actual_funnel_counts": [
                                                                        2528312,
                                                                        1434466,
                                                                        1042800,
                                                                        3
                                                                      ],
                                                                      "component_selectivity": {
                                                                        "compare_selectivity": 0.567361148465854,
                                                                        "compare_selectivity_2": 0.7269604159317823,
                                                                        "compare_selectivity_3": 2.8768699654775603e-06
                                                                      },
                                                                      "ius": [
                                                                        {
                                                                          "name": "t.title",
                                                                          "bytes": 8
                                                                        },
                                                                        {
                                                                          "name": "t.id",
                                                                          "bytes": 8
                                                                        }
                                                                      ]
                                                                    }
                                                                  ],
                                                                  "ius": [
                                                                    {
                                                                      "name": "t.title",
                                                                      "bytes": 10
                                                                    },
                                                                    {
                                                                      "name": "t.id",
                                                                      "bytes": 10
                                                                    }
                                                                  ]
                                                                }
                                                              ],
                                                              "ius": [
                                                                {
                                                                  "name": "t.title",
                                                                  "bytes": 8
                                                                },
                                                                {
                                                                  "name": "t.id",
                                                                  "bytes": 8
                                                                },
                                                                {
                                                                  "name": "cc.movie_id",
                                                                  "bytes": 8
                                                                }
                                                              ]
                                                            },
                                                            {
                                                              "Node Type": "Index Scan",
                                                              "Parent Relationship": "Inner",
                                                              "Parallel Aware": false,
                                                              "Async Capable": false,
                                                              "Scan Direction": "Forward",
                                                              "Index Name": "movie_id_cast_info",
                                                              "Relation Name": "cast_info",
                                                              "Schema": "public",
                                                              "Alias": "ci",
                                                              "Startup Cost": 0.44,
                                                              "Total Cost": 43.61,
                                                              "Plan Rows": 1,
                                                              "Plan Width": 16,
                                                              "Actual Startup Time": 2.633,
                                                              "Actual Total Time": 54.025,
                                                              "Actual Rows": 38.0,
                                                              "Actual Loops": 1,
                                                              "Disabled": false,
                                                              "Output": [
                                                                "ci.id",
                                                                "ci.person_id",
                                                                "ci.movie_id",
                                                                "ci.person_role_id",
                                                                "ci.note",
                                                                "ci.nr_order",
                                                                "ci.role_id"
                                                              ],
                                                              "Index Cond": "(ci.movie_id = cc.movie_id)",
                                                              "Rows Removed by Index Recheck": 0,
                                                              "Filter": "(ci.note = ANY ('{(voice),\"(voice) (uncredited)\",\"(voice: English version)\"}'::text[]))",
                                                              "Rows Removed by Filter": 191,
                                                              "Index Searches": 1,
                                                              "Shared Hit Blocks": 1,
                                                              "Shared Read Blocks": 213,
                                                              "Shared Dirtied Blocks": 0,
                                                              "Shared Written Blocks": 0,
                                                              "Local Hit Blocks": 0,
                                                              "Local Read Blocks": 0,
                                                              "Local Dirtied Blocks": 0,
                                                              "Local Written Blocks": 0,
                                                              "Temp Read Blocks": 0,
                                                              "Temp Written Blocks": 0,
                                                              "actual_scan_in_card": 36244344,
                                                              "actual_funnel_counts": [
                                                                36244344,
                                                                836701
                                                              ],
                                                              "component_selectivity": {
                                                                "compare_selectivity": 0.023085008794751533
                                                              },
                                                              "ius": [
                                                                {
                                                                  "name": "ci.id",
                                                                  "bytes": 8
                                                                },
                                                                {
                                                                  "name": "ci.person_id",
                                                                  "bytes": 8
                                                                },
                                                                {
                                                                  "name": "ci.movie_id",
                                                                  "bytes": 8
                                                                },
                                                                {
                                                                  "name": "ci.person_role_id",
                                                                  "bytes": 8
                                                                },
                                                                {
                                                                  "name": "ci.note",
                                                                  "bytes": 8
                                                                },
                                                                {
                                                                  "name": "ci.nr_order",
                                                                  "bytes": 8
                                                                },
                                                                {
                                                                  "name": "ci.role_id",
                                                                  "bytes": 8
                                                                }
                                                              ]
                                                            }
                                                          ],
                                                          "ius": [
                                                            {
                                                              "name": "t.title",
                                                              "bytes": 8
                                                            },
                                                            {
                                                              "name": "t.id",
                                                              "bytes": 8
                                                            },
                                                            {
                                                              "name": "cc.movie_id",
                                                              "bytes": 8
                                                            },
                                                            {
                                                              "name": "ci.movie_id",
                                                              "bytes": 8
                                                            },
                                                            {
                                                              "name": "ci.person_id",
                                                              "bytes": 8
                                                            },
                                                            {
                                                              "name": "ci.role_id",
                                                              "bytes": 8
                                                            },
                                                            {
                                                              "name": "ci.person_role_id",
                                                              "bytes": 8
                                                            }
                                                          ]
                                                        },
                                                        {
                                                          "Node Type": "Index Scan",
                                                          "Parent Relationship": "Inner",
                                                          "Parallel Aware": false,
                                                          "Async Capable": false,
                                                          "Scan Direction": "Forward",
                                                          "Index Name": "role_type_pkey",
                                                          "Relation Name": "role_type",
                                                          "Schema": "public",
                                                          "Alias": "rt",
                                                          "Startup Cost": 0.15,
                                                          "Total Cost": 0.57,
                                                          "Plan Rows": 1,
                                                          "Plan Width": 4,
                                                          "Actual Startup Time": 0.009,
                                                          "Actual Total Time": 0.009,
                                                          "Actual Rows": 0.29,
                                                          "Actual Loops": 38,
                                                          "Disabled": false,
                                                          "Output": [
                                                            "rt.id",
                                                            "rt.role"
                                                          ],
                                                          "Index Cond": "(rt.id = ci.role_id)",
                                                          "Rows Removed by Index Recheck": 0,
                                                          "Filter": "((rt.role)::text = 'actress'::text)",
                                                          "Rows Removed by Filter": 1,
                                                          "Index Searches": 38,
                                                          "Shared Hit Blocks": 74,
                                                          "Shared Read Blocks": 2,
                                                          "Shared Dirtied Blocks": 0,
                                                          "Shared Written Blocks": 0,
                                                          "Local Hit Blocks": 0,
                                                          "Local Read Blocks": 0,
                                                          "Local Dirtied Blocks": 0,
                                                          "Local Written Blocks": 0,
                                                          "Temp Read Blocks": 0,
                                                          "Temp Written Blocks": 0,
                                                          "actual_scan_in_card": 12,
                                                          "actual_funnel_counts": [
                                                            12,
                                                            1
                                                          ],
                                                          "component_selectivity": {
                                                            "compare_selectivity": 0.08333333333333333
                                                          },
                                                          "ius": [
                                                            {
                                                              "name": "rt.id",
                                                              "bytes": 8
                                                            },
                                                            {
                                                              "name": "rt.role",
                                                              "bytes": 8
                                                            }
                                                          ]
                                                        }
                                                      ],
                                                      "ius": [
                                                        {
                                                          "name": "t.title",
                                                          "bytes": 8
                                                        },
                                                        {
                                                          "name": "t.id",
                                                          "bytes": 8
                                                        },
                                                        {
                                                          "name": "cc.movie_id",
                                                          "bytes": 8
                                                        },
                                                        {
                                                          "name": "ci.movie_id",
                                                          "bytes": 8
                                                        },
                                                        {
                                                          "name": "ci.person_id",
                                                          "bytes": 8
                                                        },
                                                        {
                                                          "name": "ci.person_role_id",
                                                          "bytes": 8
                                                        }
                                                      ]
                                                    },
                                                    {
                                                      "Node Type": "Index Scan",
                                                      "Parent Relationship": "Inner",
                                                      "Parallel Aware": false,
                                                      "Async Capable": false,
                                                      "Scan Direction": "Forward",
                                                      "Index Name": "char_name_pkey",
                                                      "Relation Name": "char_name",
                                                      "Schema": "public",
                                                      "Alias": "chn",
                                                      "Startup Cost": 0.43,
                                                      "Total Cost": 2.25,
                                                      "Plan Rows": 1,
                                                      "Plan Width": 20,
                                                      "Actual Startup Time": 0.616,
                                                      "Actual Total Time": 0.616,
                                                      "Actual Rows": 0.09,
                                                      "Actual Loops": 11,
                                                      "Disabled": false,
                                                      "Output": [
                                                        "chn.id",
                                                        "chn.name",
                                                        "chn.imdb_index",
                                                        "chn.imdb_id",
                                                        "chn.name_pcode_nf",
                                                        "chn.surname_pcode",
                                                        "chn.md5sum"
                                                      ],
                                                      "Index Cond": "(chn.id = ci.person_role_id)",
                                                      "Rows Removed by Index Recheck": 0,
                                                      "Filter": "(chn.name = 'Queen'::text)",
                                                      "Rows Removed by Filter": 1,
                                                      "Index Searches": 11,
                                                      "Shared Hit Blocks": 13,
                                                      "Shared Read Blocks": 31,
                                                      "Shared Dirtied Blocks": 0,
                                                      "Shared Written Blocks": 0,
                                                      "Local Hit Blocks": 0,
                                                      "Local Read Blocks": 0,
                                                      "Local Dirtied Blocks": 0,
                                                      "Local Written Blocks": 0,
                                                      "Temp Read Blocks": 0,
                                                      "Temp Written Blocks": 0,
                                                      "actual_scan_in_card": 3140339,
                                                      "actual_funnel_counts": [
                                                        3140339,
                                                        1
                                                      ],
                                                      "component_selectivity": {
                                                        "compare_selectivity": 3.184369585576589e-07
                                                      },
                                                      "ius": [
                                                        {
                                                          "name": "chn.id",
                                                          "bytes": 8
                                                        },
                                                        {
                                                          "name": "chn.name",
                                                          "bytes": 8
                                                        },
                                                        {
                                                          "name": "chn.imdb_index",
                                                          "bytes": 8
                                                        },
                                                        {
                                                          "name": "chn.imdb_id",
                                                          "bytes": 8
                                                        },
                                                        {
                                                          "name": "chn.name_pcode_nf",
                                                          "bytes": 8
                                                        },
                                                        {
                                                          "name": "chn.surname_pcode",
                                                          "bytes": 8
                                                        },
                                                        {
                                                          "name": "chn.md5sum",
                                                          "bytes": 8
                                                        }
                                                      ]
                                                    }
                                                  ],
                                                  "ius": [
                                                    {
                                                      "name": "chn.name",
                                                      "bytes": 8
                                                    },
                                                    {
                                                      "name": "t.title",
                                                      "bytes": 8
                                                    },
                                                    {
                                                      "name": "t.id",
                                                      "bytes": 8
                                                    },
                                                    {
                                                      "name": "cc.movie_id",
                                                      "bytes": 8
                                                    },
                                                    {
                                                      "name": "ci.movie_id",
                                                      "bytes": 8
                                                    },
                                                    {
                                                      "name": "ci.person_id",
                                                      "bytes": 8
                                                    }
                                                  ]
                                                },
                                                {
                                                  "Node Type": "Index Scan",
                                                  "Parent Relationship": "Inner",
                                                  "Parallel Aware": false,
                                                  "Async Capable": false,
                                                  "Scan Direction": "Forward",
                                                  "Index Name": "name_pkey",
                                                  "Relation Name": "name",
                                                  "Schema": "public",
                                                  "Alias": "n",
                                                  "Startup Cost": 0.43,
                                                  "Total Cost": 2.34,
                                                  "Plan Rows": 1,
                                                  "Plan Width": 19,
                                                  "Actual Startup Time": 1.266,
                                                  "Actual Total Time": 1.266,
                                                  "Actual Rows": 1.0,
                                                  "Actual Loops": 1,
                                                  "Disabled": false,
                                                  "Output": [
                                                    "n.id",
                                                    "n.name",
                                                    "n.imdb_index",
                                                    "n.imdb_id",
                                                    "n.gender",
                                                    "n.name_pcode_cf",
                                                    "n.name_pcode_nf",
                                                    "n.surname_pcode",
                                                    "n.md5sum"
                                                  ],
                                                  "Index Cond": "(n.id = ci.person_id)",
                                                  "Rows Removed by Index Recheck": 0,
                                                  "Filter": "((n.name ~~ '%An%'::text) AND ((n.gender)::text = 'f'::text))",
                                                  "Rows Removed by Filter": 0,
                                                  "Index Searches": 1,
                                                  "Shared Hit Blocks": 1,
                                                  "Shared Read Blocks": 3,
                                                  "Shared Dirtied Blocks": 0,
                                                  "Shared Written Blocks": 0,
                                                  "Local Hit Blocks": 0,
                                                  "Local Read Blocks": 0,
                                                  "Local Dirtied Blocks": 0,
                                                  "Local Written Blocks": 0,
                                                  "Temp Read Blocks": 0,
                                                  "Temp Written Blocks": 0,
                                                  "actual_scan_in_card": 4167491,
                                                  "actual_funnel_counts": [
                                                    4167491,
                                                    163621,
                                                    50011
                                                  ],
                                                  "component_selectivity": {
                                                    "expression_selectivity": 0.03926127254983874,
                                                    "compare_selectivity": 0.30565147505515794
                                                  },
                                                  "ius": [
                                                    {
                                                      "name": "n.id",
                                                      "bytes": 8
                                                    },
                                                    {
                                                      "name": "n.name",
                                                      "bytes": 8
                                                    },
                                                    {
                                                      "name": "n.imdb_index",
                                                      "bytes": 8
                                                    },
                                                    {
                                                      "name": "n.imdb_id",
                                                      "bytes": 8
                                                    },
                                                    {
                                                      "name": "n.gender",
                                                      "bytes": 8
                                                    },
                                                    {
                                                      "name": "n.name_pcode_cf",
                                                      "bytes": 8
                                                    },
                                                    {
                                                      "name": "n.name_pcode_nf",
                                                      "bytes": 8
                                                    },
                                                    {
                                                      "name": "n.surname_pcode",
                                                      "bytes": 8
                                                    },
                                                    {
                                                      "name": "n.md5sum",
                                                      "bytes": 8
                                                    }
                                                  ]
                                                }
                                              ],
                                              "ius": [
                                                {
                                                  "name": "n.name",
                                                  "bytes": 8
                                                },
                                                {
                                                  "name": "n.id",
                                                  "bytes": 8
                                                },
                                                {
                                                  "name": "chn.name",
                                                  "bytes": 8
                                                },
                                                {
                                                  "name": "t.title",
                                                  "bytes": 8
                                                },
                                                {
                                                  "name": "t.id",
                                                  "bytes": 8
                                                },
                                                {
                                                  "name": "cc.movie_id",
                                                  "bytes": 8
                                                },
                                                {
                                                  "name": "ci.movie_id",
                                                  "bytes": 8
                                                },
                                                {
                                                  "name": "ci.person_id",
                                                  "bytes": 8
                                                }
                                              ]
                                            },
                                            {
                                              "Node Type": "Index Scan",
                                              "Parent Relationship": "Inner",
                                              "Parallel Aware": false,
                                              "Async Capable": false,
                                              "Scan Direction": "Forward",
                                              "Index Name": "movie_id_movie_keyword",
                                              "Relation Name": "movie_keyword",
                                              "Schema": "public",
                                              "Alias": "mk",
                                              "Startup Cost": 0.43,
                                              "Total Cost": 3.0,
                                              "Plan Rows": 46,
                                              "Plan Width": 8,
                                              "Actual Startup Time": 1.122,
                                              "Actual Total Time": 1.131,
                                              "Actual Rows": 108.0,
                                              "Actual Loops": 1,
                                              "Disabled": false,
                                              "Output": [
                                                "mk.id",
                                                "mk.movie_id",
                                                "mk.keyword_id"
                                              ],
                                              "Index Cond": "(mk.movie_id = ci.movie_id)",
                                              "Rows Removed by Index Recheck": 0,
                                              "Index Searches": 1,
                                              "Shared Hit Blocks": 1,
                                              "Shared Read Blocks": 3,
                                              "Shared Dirtied Blocks": 0,
                                              "Shared Written Blocks": 0,
                                              "Local Hit Blocks": 0,
                                              "Local Read Blocks": 0,
                                              "Local Dirtied Blocks": 0,
                                              "Local Written Blocks": 0,
                                              "Temp Read Blocks": 0,
                                              "Temp Written Blocks": 0,
                                              "actual_scan_in_card": 4523930,
                                              "ius": [
                                                {
                                                  "name": "mk.id",
                                                  "bytes": 8
                                                },
                                                {
                                                  "name": "mk.movie_id",
                                                  "bytes": 8
                                                },
                                                {
                                                  "name": "mk.keyword_id",
                                                  "bytes": 8
                                                }
                                              ]
                                            }
                                          ],
                                          "ius": [
                                            {
                                              "name": "n.name",
                                              "bytes": 8
                                            },
                                            {
                                              "name": "n.id",
                                              "bytes": 8
                                            },
                                            {
                                              "name": "chn.name",
                                              "bytes": 8
                                            },
                                            {
                                              "name": "t.title",
                                              "bytes": 8
                                            },
                                            {
                                              "name": "t.id",
                                              "bytes": 8
                                            },
                                            {
                                              "name": "cc.movie_id",
                                              "bytes": 8
                                            },
                                            {
                                              "name": "ci.movie_id",
                                              "bytes": 8
                                            },
                                            {
                                              "name": "ci.person_id",
                                              "bytes": 8
                                            },
                                            {
                                              "name": "mk.movie_id",
                                              "bytes": 8
                                            },
                                            {
                                              "name": "mk.keyword_id",
                                              "bytes": 8
                                            }
                                          ]
                                        },
                                        {
                                          "Node Type": "Memoize",
                                          "Parent Relationship": "Inner",
                                          "Parallel Aware": false,
                                          "Async Capable": false,
                                          "Startup Cost": 0.43,
                                          "Total Cost": 2.03,
                                          "Plan Rows": 1,
                                          "Plan Width": 4,
                                          "Actual Startup Time": 0.079,
                                          "Actual Total Time": 0.079,
                                          "Actual Rows": 0.01,
                                          "Actual Loops": 108,
                                          "Disabled": false,
                                          "Output": [
                                            "k.id"
                                          ],
                                          "Cache Key": "mk.keyword_id",
                                          "Cache Mode": "logical",
                                          "Cache Hits": 0,
                                          "Cache Misses": 108,
                                          "Cache Evictions": 0,
                                          "Cache Overflows": 0,
                                          "Peak Memory Usage": 8,
                                          "Shared Hit Blocks": 382,
                                          "Shared Read Blocks": 50,
                                          "Shared Dirtied Blocks": 0,
                                          "Shared Written Blocks": 0,
                                          "Local Hit Blocks": 0,
                                          "Local Read Blocks": 0,
                                          "Local Dirtied Blocks": 0,
                                          "Local Written Blocks": 0,
                                          "Temp Read Blocks": 0,
                                          "Temp Written Blocks": 0,
                                          "Plans": [
                                            {
                                              "Node Type": "Index Scan",
                                              "Parent Relationship": "Outer",
                                              "Parallel Aware": false,
                                              "Async Capable": false,
                                              "Scan Direction": "Forward",
                                              "Index Name": "keyword_pkey",
                                              "Relation Name": "keyword",
                                              "Schema": "public",
                                              "Alias": "k",
                                              "Startup Cost": 0.42,
                                              "Total Cost": 2.02,
                                              "Plan Rows": 1,
                                              "Plan Width": 4,
                                              "Actual Startup Time": 0.078,
                                              "Actual Total Time": 0.078,
                                              "Actual Rows": 0.01,
                                              "Actual Loops": 108,
                                              "Disabled": false,
                                              "Output": [
                                                "k.id"
                                              ],
                                              "Index Cond": "(k.id = mk.keyword_id)",
                                              "Rows Removed by Index Recheck": 0,
                                              "Filter": "(k.keyword = 'computer-animation'::text)",
                                              "Rows Removed by Filter": 1,
                                              "Index Searches": 108,
                                              "Shared Hit Blocks": 382,
                                              "Shared Read Blocks": 50,
                                              "Shared Dirtied Blocks": 0,
                                              "Shared Written Blocks": 0,
                                              "Local Hit Blocks": 0,
                                              "Local Read Blocks": 0,
                                              "Local Dirtied Blocks": 0,
                                              "Local Written Blocks": 0,
                                              "Temp Read Blocks": 0,
                                              "Temp Written Blocks": 0,
                                              "actual_scan_in_card": 134170,
                                              "actual_funnel_counts": [
                                                134170,
                                                1
                                              ],
                                              "component_selectivity": {
                                                "compare_selectivity": 7.453230975627935e-06
                                              },
                                              "ius": [
                                                {
                                                  "name": "k.id",
                                                  "bytes": 8
                                                }
                                              ]
                                            }
                                          ],
                                          "ius": [
                                            {
                                              "name": "k.id",
                                              "bytes": 8
                                            }
                                          ]
                                        }
                                      ],
                                      "ius": [
                                        {
                                          "name": "n.name",
                                          "bytes": 8
                                        },
                                        {
                                          "name": "n.id",
                                          "bytes": 8
                                        },
                                        {
                                          "name": "chn.name",
                                          "bytes": 8
                                        },
                                        {
                                          "name": "t.title",
                                          "bytes": 8
                                        },
                                        {
                                          "name": "t.id",
                                          "bytes": 8
                                        },
                                        {
                                          "name": "cc.movie_id",
                                          "bytes": 8
                                        },
                                        {
                                          "name": "ci.movie_id",
                                          "bytes": 8
                                        },
                                        {
                                          "name": "ci.person_id",
                                          "bytes": 8
                                        },
                                        {
                                          "name": "mk.movie_id",
                                          "bytes": 8
                                        }
                                      ]
                                    },
                                    {
                                      "Node Type": "Index Scan",
                                      "Parent Relationship": "Inner",
                                      "Parallel Aware": false,
                                      "Async Capable": false,
                                      "Scan Direction": "Forward",
                                      "Index Name": "movie_id_movie_companies",
                                      "Relation Name": "movie_companies",
                                      "Schema": "public",
                                      "Alias": "mc",
                                      "Startup Cost": 0.43,
                                      "Total Cost": 4.78,
                                      "Plan Rows": 5,
                                      "Plan Width": 8,
                                      "Actual Startup Time": 0.301,
                                      "Actual Total Time": 0.312,
                                      "Actual Rows": 22.0,
                                      "Actual Loops": 1,
                                      "Disabled": false,
                                      "Output": [
                                        "mc.id",
                                        "mc.movie_id",
                                        "mc.company_id",
                                        "mc.company_type_id",
                                        "mc.note"
                                      ],
                                      "Index Cond": "(mc.movie_id = mk.movie_id)",
                                      "Rows Removed by Index Recheck": 0,
                                      "Index Searches": 1,
                                      "Shared Hit Blocks": 1,
                                      "Shared Read Blocks": 4,
                                      "Shared Dirtied Blocks": 0,
                                      "Shared Written Blocks": 0,
                                      "Local Hit Blocks": 0,
                                      "Local Read Blocks": 0,
                                      "Local Dirtied Blocks": 0,
                                      "Local Written Blocks": 0,
                                      "Temp Read Blocks": 0,
                                      "Temp Written Blocks": 0,
                                      "actual_scan_in_card": 2609129,
                                      "ius": [
                                        {
                                          "name": "mc.id",
                                          "bytes": 8
                                        },
                                        {
                                          "name": "mc.movie_id",
                                          "bytes": 8
                                        },
                                        {
                                          "name": "mc.company_id",
                                          "bytes": 8
                                        },
                                        {
                                          "name": "mc.company_type_id",
                                          "bytes": 8
                                        },
                                        {
                                          "name": "mc.note",
                                          "bytes": 8
                                        }
                                      ]
                                    }
                                  ],
                                  "ius": [
                                    {
                                      "name": "n.name",
                                      "bytes": 8
                                    },
                                    {
                                      "name": "n.id",
                                      "bytes": 8
                                    },
                                    {
                                      "name": "chn.name",
                                      "bytes": 8
                                    },
                                    {
                                      "name": "t.title",
                                      "bytes": 8
                                    },
                                    {
                                      "name": "t.id",
                                      "bytes": 8
                                    },
                                    {
                                      "name": "cc.movie_id",
                                      "bytes": 8
                                    },
                                    {
                                      "name": "ci.movie_id",
                                      "bytes": 8
                                    },
                                    {
                                      "name": "ci.person_id",
                                      "bytes": 8
                                    },
                                    {
                                      "name": "mk.movie_id",
                                      "bytes": 8
                                    },
                                    {
                                      "name": "mc.movie_id",
                                      "bytes": 8
                                    },
                                    {
                                      "name": "mc.company_id",
                                      "bytes": 8
                                    }
                                  ]
                                },
                                {
                                  "Node Type": "Index Scan",
                                  "Parent Relationship": "Inner",
                                  "Parallel Aware": false,
                                  "Async Capable": false,
                                  "Scan Direction": "Forward",
                                  "Index Name": "company_name_pkey",
                                  "Relation Name": "company_name",
                                  "Schema": "public",
                                  "Alias": "cn",
                                  "Startup Cost": 0.42,
                                  "Total Cost": 2.03,
                                  "Plan Rows": 1,
                                  "Plan Width": 4,
                                  "Actual Startup Time": 0.159,
                                  "Actual Total Time": 0.159,
                                  "Actual Rows": 0.23,
                                  "Actual Loops": 22,
                                  "Disabled": false,
                                  "Output": [
                                    "cn.id",
                                    "cn.name",
                                    "cn.country_code",
                                    "cn.imdb_id",
                                    "cn.name_pcode_nf",
                                    "cn.name_pcode_sf",
                                    "cn.md5sum"
                                  ],
                                  "Index Cond": "(cn.id = mc.company_id)",
                                  "Rows Removed by Index Recheck": 0,
                                  "Filter": "((cn.country_code)::text = '[us]'::text)",
                                  "Rows Removed by Filter": 1,
                                  "Index Searches": 22,
                                  "Shared Hit Blocks": 66,
                                  "Shared Read Blocks": 22,
                                  "Shared Dirtied Blocks": 0,
                                  "Shared Written Blocks": 0,
                                  "Local Hit Blocks": 0,
                                  "Local Read Blocks": 0,
                                  "Local Dirtied Blocks": 0,
                                  "Local Written Blocks": 0,
                                  "Temp Read Blocks": 0,
                                  "Temp Written Blocks": 0,
                                  "actual_scan_in_card": 234997,
                                  "actual_funnel_counts": [
                                    234997,
                                    84843
                                  ],
                                  "component_selectivity": {
                                    "compare_selectivity": 0.3610386515572539
                                  },
                                  "ius": [
                                    {
                                      "name": "cn.id",
                                      "bytes": 8
                                    },
                                    {
                                      "name": "cn.name",
                                      "bytes": 8
                                    },
                                    {
                                      "name": "cn.country_code",
                                      "bytes": 8
                                    },
                                    {
                                      "name": "cn.imdb_id",
                                      "bytes": 8
                                    },
                                    {
                                      "name": "cn.name_pcode_nf",
                                      "bytes": 8
                                    },
                                    {
                                      "name": "cn.name_pcode_sf",
                                      "bytes": 8
                                    },
                                    {
                                      "name": "cn.md5sum",
                                      "bytes": 8
                                    }
                                  ]
                                }
                              ],
                              "ius": [
                                {
                                  "name": "n.name",
                                  "bytes": 8
                                },
                                {
                                  "name": "n.id",
                                  "bytes": 8
                                },
                                {
                                  "name": "chn.name",
                                  "bytes": 8
                                },
                                {
                                  "name": "t.title",
                                  "bytes": 8
                                },
                                {
                                  "name": "t.id",
                                  "bytes": 8
                                },
                                {
                                  "name": "cc.movie_id",
                                  "bytes": 8
                                },
                                {
                                  "name": "ci.movie_id",
                                  "bytes": 8
                                },
                                {
                                  "name": "ci.person_id",
                                  "bytes": 8
                                },
                                {
                                  "name": "mk.movie_id",
                                  "bytes": 8
                                },
                                {
                                  "name": "mc.movie_id",
                                  "bytes": 8
                                }
                              ]
                            },
                            {
                              "Node Type": "Index Scan",
                              "Parent Relationship": "Inner",
                              "Parallel Aware": false,
                              "Async Capable": false,
                              "Scan Direction": "Forward",
                              "Index Name": "movie_id_movie_info",
                              "Relation Name": "movie_info",
                              "Schema": "public",
                              "Alias": "mi",
                              "Startup Cost": 0.43,
                              "Total Cost": 38.24,
                              "Plan Rows": 1,
                              "Plan Width": 8,
                              "Actual Startup Time": 0.413,
                              "Actual Total Time": 1.208,
                              "Actual Rows": 2.0,
                              "Actual Loops": 5,
                              "Disabled": false,
                              "Output": [
                                "mi.id",
                                "mi.movie_id",
                                "mi.info_type_id",
                                "mi.info",
                                "mi.note"
                              ],
                              "Index Cond": "(mi.movie_id = mk.movie_id)",
                              "Rows Removed by Index Recheck": 0,
                              "Filter": "((mi.info ~~ 'Japan:%200%'::text) OR (mi.info ~~ 'USA:%200%'::text))",
                              "Rows Removed by Filter": 455,
                              "Index Searches": 5,
                              "Shared Hit Blocks": 137,
                              "Shared Read Blocks": 33,
                              "Shared Dirtied Blocks": 0,
                              "Shared Written Blocks": 0,
                              "Local Hit Blocks": 0,
                              "Local Read Blocks": 0,
                              "Local Dirtied Blocks": 0,
                              "Local Written Blocks": 0,
                              "Temp Read Blocks": 0,
                              "Temp Written Blocks": 0,
                              "actual_scan_in_card": 14835720,
                              "actual_funnel_counts": [
                                14835720,
                                451104
                              ],
                              "component_selectivity": {
                                "expression_selectivity": 0.030406613228073864
                              },
                              "ius": [
                                {
                                  "name": "mi.id",
                                  "bytes": 8
                                },
                                {
                                  "name": "mi.movie_id",
                                  "bytes": 8
                                },
                                {
                                  "name": "mi.info_type_id",
                                  "bytes": 8
                                },
                                {
                                  "name": "mi.info",
                                  "bytes": 8
                                },
                                {
                                  "name": "mi.note",
                                  "bytes": 8
                                }
                              ]
                            }
                          ],
                          "ius": [
                            {
                              "name": "n.name",
                              "bytes": 10
                            },
                            {
                              "name": "n.id",
                              "bytes": 10
                            },
                            {
                              "name": "chn.name",
                              "bytes": 10
                            },
                            {
                              "name": "t.title",
                              "bytes": 10
                            },
                            {
                              "name": "ci.person_id",
                              "bytes": 10
                            },
                            {
                              "name": "mi.info_type_id",
                              "bytes": 10
                            }
                          ]
                        },
                        {
                          "Node Type": "Index Scan",
                          "Parent Relationship": "Inner",
                          "Parallel Aware": false,
                          "Async Capable": false,
                          "Scan Direction": "Forward",
                          "Index Name": "info_type_pkey",
                          "Relation Name": "info_type",
                          "Schema": "public",
                          "Alias": "it",
                          "Startup Cost": 0.14,
                          "Total Cost": 0.16,
                          "Plan Rows": 1,
                          "Plan Width": 4,
                          "Actual Startup Time": 0.001,
                          "Actual Total Time": 0.001,
                          "Actual Rows": 1.0,
                          "Actual Loops": 10,
                          "Disabled": false,
                          "Output": [
                            "it.id",
                            "it.info"
                          ],
                          "Index Cond": "(it.id = mi.info_type_id)",
                          "Rows Removed by Index Recheck": 0,
                          "Filter": "((it.info)::text = 'release dates'::text)",
                          "Rows Removed by Filter": 0,
                          "Index Searches": 10,
                          "Shared Hit Blocks": 20,
                          "Shared Read Blocks": 0,
                          "Shared Dirtied Blocks": 0,
                          "Shared Written Blocks": 0,
                          "Local Hit Blocks": 0,
                          "Local Read Blocks": 0,
                          "Local Dirtied Blocks": 0,
                          "Local Written Blocks": 0,
                          "Temp Read Blocks": 0,
                          "Temp Written Blocks": 0,
                          "actual_scan_in_card": 113,
                          "actual_funnel_counts": [
                            113,
                            1
                          ],
                          "component_selectivity": {
                            "compare_selectivity": 0.008849557522123894
                          },
                          "ius": [
                            {
                              "name": "it.id",
                              "bytes": 8
                            },
                            {
                              "name": "it.info",
                              "bytes": 8
                            }
                          ]
                        }
                      ],
                      "ius": [
                        {
                          "name": "n.name",
                          "bytes": 11
                        },
                        {
                          "name": "n.id",
                          "bytes": 11
                        },
                        {
                          "name": "chn.name",
                          "bytes": 11
                        },
                        {
                          "name": "t.title",
                          "bytes": 11
                        },
                        {
                          "name": "ci.person_id",
                          "bytes": 11
                        }
                      ]
                    },
                    {
                      "Node Type": "Index Scan",
                      "Parent Relationship": "Inner",
                      "Parallel Aware": false,
                      "Async Capable": false,
                      "Scan Direction": "Forward",
                      "Index Name": "person_id_person_info",
                      "Relation Name": "person_info",
                      "Schema": "public",
                      "Alias": "pi",
                      "Startup Cost": 0.43,
                      "Total Cost": 19.3,
                      "Plan Rows": 25,
                      "Plan Width": 8,
                      "Actual Startup Time": 0.16,
                      "Actual Total Time": 0.266,
                      "Actual Rows": 163.0,
                      "Actual Loops": 10,
                      "Disabled": false,
                      "Output": [
                        "pi.id",
                        "pi.person_id",
                        "pi.info_type_id",
                        "pi.info",
                        "pi.note"
                      ],
                      "Index Cond": "(pi.person_id = ci.person_id)",
                      "Rows Removed by Index Recheck": 0,
                      "Index Searches": 10,
                      "Shared Hit Blocks": 109,
                      "Shared Read Blocks": 11,
                      "Shared Dirtied Blocks": 0,
                      "Shared Written Blocks": 0,
                      "Local Hit Blocks": 0,
                      "Local Read Blocks": 0,
                      "Local Dirtied Blocks": 0,
                      "Local Written Blocks": 0,
                      "Temp Read Blocks": 0,
                      "Temp Written Blocks": 0,
                      "actual_scan_in_card": 2963664,
                      "ius": [
                        {
                          "name": "pi.id",
                          "bytes": 8
                        },
                        {
                          "name": "pi.person_id",
                          "bytes": 8
                        },
                        {
                          "name": "pi.info_type_id",
                          "bytes": 8
                        },
                        {
                          "name": "pi.info",
                          "bytes": 8
                        },
                        {
                          "name": "pi.note",
                          "bytes": 8
                        }
                      ]
                    }
                  ],
                  "ius": [
                    {
                      "name": "n.name",
                      "bytes": 9
                    },
                    {
                      "name": "n.id",
                      "bytes": 9
                    },
                    {
                      "name": "chn.name",
                      "bytes": 9
                    },
                    {
                      "name": "t.title",
                      "bytes": 9
                    },
                    {
                      "name": "ci.person_id",
                      "bytes": 9
                    },
                    {
                      "name": "pi.person_id",
                      "bytes": 9
                    },
                    {
                      "name": "pi.info_type_id",
                      "bytes": 9
                    }
                  ]
                },
                {
                  "Node Type": "Index Scan",
                  "Parent Relationship": "Inner",
                  "Parallel Aware": false,
                  "Async Capable": false,
                  "Scan Direction": "Forward",
                  "Index Name": "info_type_pkey",
                  "Relation Name": "info_type",
                  "Schema": "public",
                  "Alias": "it3",
                  "Startup Cost": 0.14,
                  "Total Cost": 0.16,
                  "Plan Rows": 1,
                  "Plan Width": 4,
                  "Actual Startup Time": 0.0,
                  "Actual Total Time": 0.0,
                  "Actual Rows": 0.33,
                  "Actual Loops": 1630,
                  "Disabled": false,
                  "Output": [
                    "it3.id",
                    "it3.info"
                  ],
                  "Index Cond": "(it3.id = pi.info_type_id)",
                  "Rows Removed by Index Recheck": 0,
                  "Filter": "((it3.info)::text = 'trivia'::text)",
                  "Rows Removed by Filter": 1,
                  "Index Searches": 1630,
                  "Shared Hit Blocks": 3260,
                  "Shared Read Blocks": 0,
                  "Shared Dirtied Blocks": 0,
                  "Shared Written Blocks": 0,
                  "Local Hit Blocks": 0,
                  "Local Read Blocks": 0,
                  "Local Dirtied Blocks": 0,
                  "Local Written Blocks": 0,
                  "Temp Read Blocks": 0,
                  "Temp Written Blocks": 0,
                  "actual_scan_in_card": 113,
                  "actual_funnel_counts": [
                    113,
                    1
                  ],
                  "component_selectivity": {
                    "compare_selectivity": 0.008849557522123894
                  },
                  "ius": [
                    {
                      "name": "it3.id",
                      "bytes": 8
                    },
                    {
                      "name": "it3.info",
                      "bytes": 8
                    }
                  ]
                }
              ],
              "ius": [
                {
                  "name": "n.name",
                  "bytes": 10
                },
                {
                  "name": "n.id",
                  "bytes": 10
                },
                {
                  "name": "chn.name",
                  "bytes": 10
                },
                {
                  "name": "t.title",
                  "bytes": 10
                },
                {
                  "name": "ci.person_id",
                  "bytes": 10
                },
                {
                  "name": "pi.person_id",
                  "bytes": 10
                }
              ]
            },
            {
              "Node Type": "Index Only Scan",
              "Parent Relationship": "Inner",
              "Parallel Aware": false,
              "Async Capable": false,
              "Scan Direction": "Forward",
              "Index Name": "person_id_aka_name",
              "Relation Name": "aka_name",
              "Schema": "public",
              "Alias": "an",
              "Startup Cost": 0.42,
              "Total Cost": 1.27,
              "Plan Rows": 2,
              "Plan Width": 4,
              "Actual Startup Time": 0.001,
              "Actual Total Time": 0.001,
              "Actual Rows": 3.0,
              "Actual Loops": 540,
              "Disabled": false,
              "Output": [
                "an.person_id"
              ],
              "Index Cond": "(an.person_id = pi.person_id)",
              "Rows Removed by Index Recheck": 0,
              "Heap Fetches": 0,
              "Index Searches": 540,
              "Shared Hit Blocks": 1619,
              "Shared Read Blocks": 2,
              "Shared Dirtied Blocks": 0,
              "Shared Written Blocks": 0,
              "Local Hit Blocks": 0,
              "Local Read Blocks": 0,
              "Local Dirtied Blocks": 0,
              "Local Written Blocks": 0,
              "Temp Read Blocks": 0,
              "Temp Written Blocks": 0,
              "actual_scan_in_card": 901343,
              "ius": [
                {
                  "name": "an.person_id",
                  "bytes": 8
                }
              ]
            }
          ],
          "ius": [
            {
              "name": "chn.name",
              "bytes": 16
            },
            {
              "name": "n.name",
              "bytes": 16
            },
            {
              "name": "t.title",
              "bytes": 16
            }
          ]
        }
      ],
      "ius": [
        {
          "name": "min(chn.name)",
          "bytes": 32
        },
        {
          "name": "min(n.name)",
          "bytes": 32
        },
        {
          "name": "min(t.title)",
          "bytes": 32
        }
      ]
    },
    "Planning": {
      "Shared Hit Blocks": 295,
      "Shared Read Blocks": 81,
      "Shared Dirtied Blocks": 0,
      "Shared Written Blocks": 0,
      "Local Hit Blocks": 0,
      "Local Read Blocks": 0,
      "Local Dirtied Blocks": 0,
      "Local Written Blocks": 0,
      "Temp Read Blocks": 0,
      "Temp Written Blocks": 0
    },
    "Planning Time": 71.704,
    "Triggers": [],
    "Execution Time": 832.868
  }
]