[
  {
    "Plan": {
      "Node Type": "Aggregate",
      "Strategy": "Plain",
      "Partial Mode": "Simple",
      "Parallel Aware": false,
      "Async Capable": false,
      "Startup Cost": 9606.52,
      "Total Cost": 9606.53,
      "Plan Rows": 1,
      "Plan Width": 128,
      "Actual Startup Time": 11030.898,
      "Actual Total Time": 11031.115,
      "Actual Rows": 1.0,
      "Actual Loops": 1,
      "Disabled": false,
      "Output": [
        "min(mi.info)",
        "min(mi_idx.info)",
        "min(n.name)",
        "min(t.title)"
      ],
      "Shared Hit Blocks": 3202436,
      "Shared Read Blocks": 215055,
      "Shared Dirtied Blocks": 0,
      "Shared Written Blocks": 0,
      "Local Hit Blocks": 0,
      "Local Read Blocks": 0,
      "Local Dirtied Blocks": 0,
      "Local Written Blocks": 0,
      "Temp Read Blocks": 0,
      "Temp Written Blocks": 0,
      "Plans": [
        {
          "Node Type": "Nested Loop",
          "Parent Relationship": "Outer",
          "Parallel Aware": false,
          "Async Capable": false,
          "Join Type": "Inner",
          "Startup Cost": 1012.8,
          "Total Cost": 9606.51,
          "Plan Rows": 1,
          "Plan Width": 79,
          "Actual Startup Time": 726.566,
          "Actual Total Time": 11030.27,
          "Actual Rows": 1273.0,
          "Actual Loops": 1,
          "Disabled": false,
          "Output": [
            "mi.info",
            "mi_idx.info",
            "n.name",
            "t.title"
          ],
          "Inner Unique": true,
          "Join Filter": "(mi.movie_id = t.id)",
          "Rows Removed by Join Filter": 0,
          "Shared Hit Blocks": 3202436,
          "Shared Read Blocks": 215055,
          "Shared Dirtied Blocks": 0,
          "Shared Written Blocks": 0,
          "Local Hit Blocks": 0,
          "Local Read Blocks": 0,
          "Local Dirtied Blocks": 0,
          "Local Written Blocks": 0,
          "Temp Read Blocks": 0,
          "Temp Written Blocks": 0,
          "Plans": [
            {
              "Node Type": "Nested Loop",
              "Parent Relationship": "Outer",
              "Parallel Aware": false,
              "Async Capable": false,
              "Join Type": "Inner",
              "Startup Cost": 1012.37,
              "Total Cost": 9605.38,
              "Plan Rows": 1,
              "Plan Width": 82,
              "Actual Startup Time": 724.96,
              "Actual Total Time": 10928.451,
              "Actual Rows": 1273.0,
              "Actual Loops": 1,
              "Disabled": false,
              "Output": [
                "ci.movie_id",
                "mc.movie_id",
                "mi.info",
                "mi.movie_id",
                "mi_idx.info",
                "mi_idx.movie_id",
                "mk.movie_id",
                "n.name"
              ],
              "Inner Unique": true,
              "Shared Hit Blocks": 3197786,
              "Shared Read Blocks": 214613,
              "Shared Dirtied Blocks": 0,
              "Shared Written Blocks": 0,
              "Local Hit Blocks": 0,
              "Local Read Blocks": 0,
              "Local Dirtied Blocks": 0,
              "Local Written Blocks": 0,
              "Temp Read Blocks": 0,
              "Temp Written Blocks": 0,
              "Plans": [
                {
                  "Node Type": "Nested Loop",
                  "Parent Relationship": "Outer",
                  "Parallel Aware": false,
                  "Async Capable": false,
                  "Join Type": "Inner",
                  "Startup Cost": 1011.94,
                  "Total Cost": 9604.04,
                  "Plan Rows": 1,
                  "Plan Width": 71,
                  "Actual Startup Time": 680.555,
                  "Actual Total Time": 10732.099,
                  "Actual Rows": 1556.0,
                  "Actual Loops": 1,
                  "Disabled": false,
                  "Output": [
                    "ci.movie_id",
                    "ci.person_id",
                    "mc.movie_id",
                    "mi.info",
                    "mi.movie_id",
                    "mi_idx.info",
                    "mi_idx.movie_id",
                    "mk.movie_id"
                  ],
                  "Inner Unique": true,
                  "Shared Hit Blocks": 3192466,
                  "Shared Read Blocks": 213709,
                  "Shared Dirtied Blocks": 0,
                  "Shared Written Blocks": 0,
                  "Local Hit Blocks": 0,
                  "Local Read Blocks": 0,
                  "Local Dirtied Blocks": 0,
                  "Local Written Blocks": 0,
                  "Temp Read Blocks": 0,
                  "Temp Written Blocks": 0,
                  "Plans": [
                    {
                      "Node Type": "Nested Loop",
                      "Parent Relationship": "Outer",
                      "Parallel Aware": false,
                      "Async Capable": false,
                      "Join Type": "Inner",
                      "Startup Cost": 1011.8,
                      "Total Cost": 9603.86,
                      "Plan Rows": 1,
                      "Plan Width": 75,
                      "Actual Startup Time": 679.716,
                      "Actual Total Time": 10728.852,
                      "Actual Rows": 1616.0,
                      "Actual Loops": 1,
                      "Disabled": false,
                      "Output": [
                        "ci.movie_id",
                        "ci.person_id",
                        "mc.movie_id",
                        "mi.info",
                        "mi.movie_id",
                        "mi.info_type_id",
                        "mi_idx.info",
                        "mi_idx.movie_id",
                        "mk.movie_id"
                      ],
                      "Inner Unique": false,
                      "Join Filter": "(mi.movie_id = mi_idx.movie_id)",
                      "Rows Removed by Join Filter": 0,
                      "Shared Hit Blocks": 3189234,
                      "Shared Read Blocks": 213709,
                      "Shared Dirtied Blocks": 0,
                      "Shared Written Blocks": 0,
                      "Local Hit Blocks": 0,
                      "Local Read Blocks": 0,
                      "Local Dirtied Blocks": 0,
                      "Local Written Blocks": 0,
                      "Temp Read Blocks": 0,
                      "Temp Written Blocks": 0,
                      "Plans": [
                        {
                          "Node Type": "Nested Loop",
                          "Parent Relationship": "Outer",
                          "Parallel Aware": false,
                          "Async Capable": false,
                          "Join Type": "Inner",
                          "Startup Cost": 1011.37,
                          "Total Cost": 9585.15,
                          "Plan Rows": 1,
                          "Plan Width": 25,
                          "Actual Startup Time": 229.035,
                          "Actual Total Time": 9370.02,
                          "Actual Rows": 1471.0,
                          "Actual Loops": 1,
                          "Disabled": false,
                          "Output": [
                            "ci.movie_id",
                            "ci.person_id",
                            "mc.movie_id",
                            "mi_idx.info",
                            "mi_idx.movie_id",
                            "mk.movie_id"
                          ],
                          "Inner Unique": false,
                          "Join Filter": "(ci.movie_id = mi_idx.movie_id)",
                          "Rows Removed by Join Filter": 0,
                          "Shared Hit Blocks": 3160985,
                          "Shared Read Blocks": 206915,
                          "Shared Dirtied Blocks": 0,
                          "Shared Written Blocks": 0,
                          "Local Hit Blocks": 0,
                          "Local Read Blocks": 0,
                          "Local Dirtied Blocks": 0,
                          "Local Written Blocks": 0,
                          "Temp Read Blocks": 0,
                          "Temp Written Blocks": 0,
                          "Plans": [
                            {
                              "Node Type": "Gather",
                              "Parent Relationship": "Outer",
                              "Parallel Aware": false,
                              "Async Capable": false,
                              "Startup Cost": 1010.93,
                              "Total Cost": 9562.33,
                              "Plan Rows": 1,
                              "Plan Width": 17,
                              "Actual Startup Time": 223.029,
                              "Actual Total Time": 1426.868,
                              "Actual Rows": 1547.0,
                              "Actual Loops": 1,
                              "Disabled": false,
                              "Output": [
                                "mc.movie_id",
                                "mi_idx.info",
                                "mi_idx.movie_id",
                                "mk.movie_id"
                              ],
                              "Workers Planned": 2,
                              "Workers Launched": 2,
                              "Single Copy": false,
                              "Shared Hit Blocks": 3030576,
                              "Shared Read Blocks": 153256,
                              "Shared Dirtied Blocks": 0,
                              "Shared Written Blocks": 0,
                              "Local Hit Blocks": 0,
                              "Local Read Blocks": 0,
                              "Local Dirtied Blocks": 0,
                              "Local Written Blocks": 0,
                              "Temp Read Blocks": 0,
                              "Temp Written Blocks": 0,
                              "Plans": [
                                {
                                  "Node Type": "Nested Loop",
                                  "Parent Relationship": "Outer",
                                  "Parallel Aware": false,
                                  "Async Capable": false,
                                  "Join Type": "Inner",
                                  "Startup Cost": 10.93,
                                  "Total Cost": 8562.23,
                                  "Plan Rows": 1,
                                  "Plan Width": 17,
                                  "Actual Startup Time": 155.482,
                                  "Actual Total Time": 3234.552,
                                  "Actual Rows": 515.67,
                                  "Actual Loops": 3,
                                  "Disabled": false,
                                  "Output": [
                                    "mc.movie_id",
                                    "mi_idx.info",
                                    "mi_idx.movie_id",
                                    "mk.movie_id"
                                  ],
                                  "Inner Unique": true,
                                  "Shared Hit Blocks": 3030576,
                                  "Shared Read Blocks": 153256,
                                  "Shared Dirtied Blocks": 0,
                                  "Shared Written Blocks": 0,
                                  "Local Hit Blocks": 0,
                                  "Local Read Blocks": 0,
                                  "Local Dirtied Blocks": 0,
                                  "Local Written Blocks": 0,
                                  "Temp Read Blocks": 0,
                                  "Temp Written Blocks": 0,
                                  "Workers": [
                                    {
                                      "Worker Number": 0,
                                      "Actual Startup Time": 85.284,
                                      "Actual Total Time": 3563.837,
                                      "Actual Rows": 281.0,
                                      "Actual Loops": 1,
                                      "Shared Hit Blocks": 899268,
                                      "Shared Read Blocks": 42425,
                                      "Shared Dirtied Blocks": 0,
                                      "Shared Written Blocks": 0,
                                      "Local Hit Blocks": 0,
                                      "Local Read Blocks": 0,
                                      "Local Dirtied Blocks": 0,
                                      "Local Written Blocks": 0,
                                      "Temp Read Blocks": 0,
                                      "Temp Written Blocks": 0
                                    },
                                    {
                                      "Worker Number": 1,
                                      "Actual Startup Time": 158.307,
                                      "Actual Total Time": 4713.933,
                                      "Actual Rows": 964.0,
                                      "Actual Loops": 1,
                                      "Shared Hit Blocks": 1421411,
                                      "Shared Read Blocks": 75897,
                                      "Shared Dirtied Blocks": 0,
                                      "Shared Written Blocks": 0,
                                      "Local Hit Blocks": 0,
                                      "Local Read Blocks": 0,
                                      "Local Dirtied Blocks": 0,
                                      "Local Written Blocks": 0,
                                      "Temp Read Blocks": 0,
                                      "Temp Written Blocks": 0
                                    }
                                  ],
                                  "Plans": [
                                    {
                                      "Node Type": "Nested Loop",
                                      "Parent Relationship": "Outer",
                                      "Parallel Aware": false,
                                      "Async Capable": false,
                                      "Join Type": "Inner",
                                      "Startup Cost": 10.51,
                                      "Total Cost": 8548.44,
                                      "Plan Rows": 14,
                                      "Plan Width": 21,
                                      "Actual Startup Time": 10.993,
                                      "Actual Total Time": 2564.344,
                                      "Actual Rows": 199418.67,
                                      "Actual Loops": 3,
                                      "Disabled": false,
                                      "Output": [
                                        "mi_idx.info",
                                        "mi_idx.movie_id",
                                        "mc.movie_id",
                                        "mc.company_id",
                                        "mk.movie_id"
                                      ],
                                      "Inner Unique": false,
                                      "Join Filter": "(mc.movie_id = mi_idx.movie_id)",
                                      "Rows Removed by Join Filter": 0,
                                      "Shared Hit Blocks": 651453,
                                      "Shared Read Blocks": 139353,
                                      "Shared Dirtied Blocks": 0,
                                      "Shared Written Blocks": 0,
                                      "Local Hit Blocks": 0,
                                      "Local Read Blocks": 0,
                                      "Local Dirtied Blocks": 0,
                                      "Local Written Blocks": 0,
                                      "Temp Read Blocks": 0,
                                      "Temp Written Blocks": 0,
                                      "Workers": [
                                        {
                                          "Worker Number": 0,
                                          "Actual Startup Time": 12.566,
                                          "Actual Total Time": 2963.788,
                                          "Actual Rows": 150542.0,
                                          "Actual Loops": 1,
                                          "Shared Hit Blocks": 300148,
                                          "Shared Read Blocks": 39376,
                                          "Shared Dirtied Blocks": 0,
                                          "Shared Written Blocks": 0,
                                          "Local Hit Blocks": 0,
                                          "Local Read Blocks": 0,
                                          "Local Dirtied Blocks": 0,
                                          "Local Written Blocks": 0,
                                          "Temp Read Blocks": 0,
                                          "Temp Written Blocks": 0
                                        },
                                        {
                                          "Worker Number": 1,
                                          "Actual Startup Time": 8.136,
                                          "Actual Total Time": 3838.958,
                                          "Actual Rows": 303631.0,
                                          "Actual Loops": 1,
                                          "Shared Hit Blocks": 212618,
                                          "Shared Read Blocks": 70165,
                                          "Shared Dirtied Blocks": 0,
                                          "Shared Written Blocks": 0,
                                          "Local Hit Blocks": 0,
                                          "Local Read Blocks": 0,
                                          "Local Dirtied Blocks": 0,
                                          "Local Written Blocks": 0,
                                          "Temp Read Blocks": 0,
                                          "Temp Written Blocks": 0
                                        }
                                      ],
                                      "Plans": [
                                        {
                                          "Node Type": "Hash Join",
                                          "Parent Relationship": "Outer",
                                          "Parallel Aware": false,
                                          "Async Capable": false,
                                          "Join Type": "Inner",
                                          "Startup Cost": 10.08,
                                          "Total Cost": 8544.06,
                                          "Plan Rows": 2,
                                          "Plan Width": 13,
                                          "Actual Startup Time": 9.936,
                                          "Actual Total Time": 653.766,
                                          "Actual Rows": 21233.67,
                                          "Actual Loops": 3,
                                          "Disabled": false,
                                          "Output": [
                                            "mi_idx.info",
                                            "mi_idx.movie_id",
                                            "mk.movie_id"
                                          ],
                                          "Inner Unique": true,
                                          "Hash Cond": "(mi_idx.info_type_id = it2.id)",
                                          "Shared Hit Blocks": 400634,
                                          "Shared Read Blocks": 79975,
                                          "Shared Dirtied Blocks": 0,
                                          "Shared Written Blocks": 0,
                                          "Local Hit Blocks": 0,
                                          "Local Read Blocks": 0,
                                          "Local Dirtied Blocks": 0,
                                          "Local Written Blocks": 0,
                                          "Temp Read Blocks": 0,
                                          "Temp Written Blocks": 0,
                                          "Workers": [
                                            {
                                              "Worker Number": 0,
                                              "Actual Startup Time": 11.872,
                                              "Actual Total Time": 767.921,
                                              "Actual Rows": 19738.0,
                                              "Actual Loops": 1,
                                              "Shared Hit Blocks": 221954,
                                              "Shared Read Blocks": 23158,
                                              "Shared Dirtied Blocks": 0,
                                              "Shared Written Blocks": 0,
                                              "Local Hit Blocks": 0,
                                              "Local Read Blocks": 0,
                                              "Local Dirtied Blocks": 0,
                                              "Local Written Blocks": 0,
                                              "Temp Read Blocks": 0,
                                              "Temp Written Blocks": 0
                                            },
                                            {
                                              "Worker Number": 1,
                                              "Actual Startup Time": 7.184,
                                              "Actual Total Time": 925.891,
                                              "Actual Rows": 27497.0,
                                              "Actual Loops": 1,
                                              "Shared Hit Blocks": 108051,
                                              "Shared Read Blocks": 39420,
                                              "Shared Dirtied Blocks": 0,
                                              "Shared Written Blocks": 0,
                                              "Local Hit Blocks": 0,
                                              "Local Read Blocks": 0,
                                              "Local Dirtied Blocks": 0,
                                              "Local Written Blocks": 0,
                                              "Temp Read Blocks": 0,
                                              "Temp Written Blocks": 0
                                            }
                                          ],
                                          "Plans": [
                                            {
                                              "Node Type": "Nested Loop",
                                              "Parent Relationship": "Outer",
                                              "Parallel Aware": false,
                                              "Async Capable": false,
                                              "Join Type": "Inner",
                                              "Startup Cost": 7.65,
                                              "Total Cost": 8540.83,
                                              "Plan Rows": 294,
                                              "Plan Width": 17,
                                              "Actual Startup Time": 9.872,
                                              "Actual Total Time": 647.194,
                                              "Actual Rows": 63896.33,
                                              "Actual Loops": 3,
                                              "Disabled": false,
                                              "Output": [
                                                "mk.movie_id",
                                                "mi_idx.info",
                                                "mi_idx.movie_id",
                                                "mi_idx.info_type_id"
                                              ],
                                              "Inner Unique": false,
                                              "Shared Hit Blocks": 400591,
                                              "Shared Read Blocks": 79975,
                                              "Shared Dirtied Blocks": 0,
                                              "Shared Written Blocks": 0,
                                              "Local Hit Blocks": 0,
                                              "Local Read Blocks": 0,
                                              "Local Dirtied Blocks": 0,
                                              "Local Written Blocks": 0,
                                              "Temp Read Blocks": 0,
                                              "Temp Written Blocks": 0,
                                              "Workers": [
                                                {
                                                  "Worker Number": 0,
                                                  "Actual Startup Time": 11.788,
                                                  "Actual Total Time": 761.326,
                                                  "Actual Rows": 59302.0,
                                                  "Actual Loops": 1,
                                                  "Shared Hit Blocks": 221933,
                                                  "Shared Read Blocks": 23158,
                                                  "Shared Dirtied Blocks": 0,
                                                  "Shared Written Blocks": 0,
                                                  "Local Hit Blocks": 0,
                                                  "Local Read Blocks": 0,
                                                  "Local Dirtied Blocks": 0,
                                                  "Local Written Blocks": 0,
                                                  "Temp Read Blocks": 0,
                                                  "Temp Written Blocks": 0
                                                },
                                                {
                                                  "Worker Number": 1,
                                                  "Actual Startup Time": 7.109,
                                                  "Actual Total Time": 917.254,
                                                  "Actual Rows": 82850.0,
                                                  "Actual Loops": 1,
                                                  "Shared Hit Blocks": 108030,
                                                  "Shared Read Blocks": 39420,
                                                  "Shared Dirtied Blocks": 0,
                                                  "Shared Written Blocks": 0,
                                                  "Local Hit Blocks": 0,
                                                  "Local Read Blocks": 0,
                                                  "Local Dirtied Blocks": 0,
                                                  "Local Written Blocks": 0,
                                                  "Temp Read Blocks": 0,
                                                  "Temp Written Blocks": 0
                                                }
                                              ],
                                              "Plans": [
                                                {
                                                  "Node Type": "Nested Loop",
                                                  "Parent Relationship": "Outer",
                                                  "Parallel Aware": false,
                                                  "Async Capable": false,
                                                  "Join Type": "Inner",
                                                  "Startup Cost": 7.22,
                                                  "Total Cost": 8432.43,
                                                  "Plan Rows": 98,
                                                  "Plan Width": 4,
                                                  "Actual Startup Time": 9.468,
                                                  "Actual Total Time": 144.893,
                                                  "Actual Rows": 25571.33,
                                                  "Actual Loops": 3,
                                                  "Disabled": false,
                                                  "Output": [
                                                    "mk.movie_id"
                                                  ],
                                                  "Inner Unique": false,
                                                  "Shared Hit Blocks": 137636,
                                                  "Shared Read Blocks": 47967,
                                                  "Shared Dirtied Blocks": 0,
                                                  "Shared Written Blocks": 0,
                                                  "Local Hit Blocks": 0,
                                                  "Local Read Blocks": 0,
                                                  "Local Dirtied Blocks": 0,
                                                  "Local Written Blocks": 0,
                                                  "Temp Read Blocks": 0,
                                                  "Temp Written Blocks": 0,
                                                  "Workers": [
                                                    {
                                                      "Worker Number": 0,
                                                      "Actual Startup Time": 11.228,
                                                      "Actual Total Time": 242.393,
                                                      "Actual Rows": 25914.0,
                                                      "Actual Loops": 1,
                                                      "Shared Hit Blocks": 133053,
                                                      "Shared Read Blocks": 14322,
                                                      "Shared Dirtied Blocks": 0,
                                                      "Shared Written Blocks": 0,
                                                      "Local Hit Blocks": 0,
                                                      "Local Read Blocks": 0,
                                                      "Local Dirtied Blocks": 0,
                                                      "Local Written Blocks": 0,
                                                      "Temp Read Blocks": 0,
                                                      "Temp Written Blocks": 0
                                                    },
                                                    {
                                                      "Worker Number": 1,
                                                      "Actual Startup Time": 6.695,
                                                      "Actual Total Time": 146.602,
                                                      "Actual Rows": 31272.0,
                                                      "Actual Loops": 1,
                                                      "Shared Hit Blocks": 3104,
                                                      "Shared Read Blocks": 22428,
                                                      "Shared Dirtied Blocks": 0,
                                                      "Shared Written Blocks": 0,
                                                      "Local Hit Blocks": 0,
                                                      "Local Read Blocks": 0,
                                                      "Local Dirtied Blocks": 0,
                                                      "Local Written Blocks": 0,
                                                      "Temp Read Blocks": 0,
                                                      "Temp Written Blocks": 0
                                                    }
                                                  ],
                                                  "Plans": [
                                                    {
                                                      "Node Type": "Index Scan",
                                                      "Parent Relationship": "Outer",
                                                      "Parallel Aware": true,
                                                      "Async Capable": false,
                                                      "Scan Direction": "Forward",
                                                      "Index Name": "keyword_pkey",
                                                      "Relation Name": "keyword",
                                                      "Schema": "public",
                                                      "Alias": "k",
                                                      "Startup Cost": 0.42,
                                                      "Total Cost": 5153.33,
                                                      "Plan Rows": 3,
                                                      "Plan Width": 4,
                                                      "Actual Startup Time": 0.435,
                                                      "Actual Total Time": 48.93,
                                                      "Actual Rows": 2.33,
                                                      "Actual Loops": 3,
                                                      "Disabled": false,
                                                      "Output": [
                                                        "k.id",
                                                        "k.keyword",
                                                        "k.phonetic_code"
                                                      ],
                                                      "Filter": "(k.keyword = ANY ('{murder,violence,blood,gore,death,female-nudity,hospital}'::text[]))",
                                                      "Rows Removed by Filter": 44721,
                                                      "Index Searches": 1,
                                                      "Shared Hit Blocks": 131009,
                                                      "Shared Read Blocks": 1612,
                                                      "Shared Dirtied Blocks": 0,
                                                      "Shared Written Blocks": 0,
                                                      "Local Hit Blocks": 0,
                                                      "Local Read Blocks": 0,
                                                      "Local Dirtied Blocks": 0,
                                                      "Local Written Blocks": 0,
                                                      "Temp Read Blocks": 0,
                                                      "Temp Written Blocks": 0,
                                                      "Workers": [
                                                        {
                                                          "Worker Number": 0,
                                                          "Actual Startup Time": 0.308,
                                                          "Actual Total Time": 144.33,
                                                          "Actual Rows": 2.0,
                                                          "Actual Loops": 1,
                                                          "Shared Hit Blocks": 130272,
                                                          "Shared Read Blocks": 1481,
                                                          "Shared Dirtied Blocks": 0,
                                                          "Shared Written Blocks": 0,
                                                          "Local Hit Blocks": 0,
                                                          "Local Read Blocks": 0,
                                                          "Local Dirtied Blocks": 0,
                                                          "Local Written Blocks": 0,
                                                          "Temp Read Blocks": 0,
                                                          "Temp Written Blocks": 0
                                                        },
                                                        {
                                                          "Worker Number": 1,
                                                          "Actual Startup Time": 0.872,
                                                          "Actual Total Time": 2.099,
                                                          "Actual Rows": 4.0,
                                                          "Actual Loops": 1,
                                                          "Shared Hit Blocks": 506,
                                                          "Shared Read Blocks": 73,
                                                          "Shared Dirtied Blocks": 0,
                                                          "Shared Written Blocks": 0,
                                                          "Local Hit Blocks": 0,
                                                          "Local Read Blocks": 0,
                                                          "Local Dirtied Blocks": 0,
                                                          "Local Written Blocks": 0,
                                                          "Temp Read Blocks": 0,
                                                          "Temp Written Blocks": 0
                                                        }
                                                      ],
                                                      "actual_scan_in_card": 134170,
                                                      "actual_funnel_counts": [
                                                        134170,
                                                        7
                                                      ],
                                                      "component_selectivity": {
                                                        "compare_selectivity": 5.2172616829395546e-05
                                                      },
                                                      "ius": [
                                                        {
                                                          "name": "k.id",
                                                          "bytes": 8
                                                        },
                                                        {
                                                          "name": "k.keyword",
                                                          "bytes": 8
                                                        },
                                                        {
                                                          "name": "k.phonetic_code",
                                                          "bytes": 8
                                                        }
                                                      ]
                                                    },
                                                    {
                                                      "Node Type": "Bitmap Heap Scan",
                                                      "Parent Relationship": "Inner",
                                                      "Parallel Aware": false,
                                                      "Async Capable": false,
                                                      "Relation Name": "movie_keyword",
                                                      "Schema": "public",
                                                      "Alias": "mk",
                                                      "Startup Cost": 6.8,
                                                      "Total Cost": 1089.97,
                                                      "Plan Rows": 306,
                                                      "Plan Width": 8,
                                                      "Actual Startup Time": 7.777,
                                                      "Actual Total Time": 40.329,
                                                      "Actual Rows": 10959.14,
                                                      "Actual Loops": 7,
                                                      "Disabled": false,
                                                      "Output": [
                                                        "mk.id",
                                                        "mk.movie_id",
                                                        "mk.keyword_id"
                                                      ],
                                                      "Recheck Cond": "(k.id = mk.keyword_id)",
                                                      "Rows Removed by Index Recheck": 0,
                                                      "Exact Heap Blocks": 12389,
                                                      "Lossy Heap Blocks": 0,
                                                      "Shared Hit Blocks": 6627,
                                                      "Shared Read Blocks": 46355,
                                                      "Shared Dirtied Blocks": 0,
                                                      "Shared Written Blocks": 0,
                                                      "Local Hit Blocks": 0,
                                                      "Local Read Blocks": 0,
                                                      "Local Dirtied Blocks": 0,
                                                      "Local Written Blocks": 0,
                                                      "Temp Read Blocks": 0,
                                                      "Temp Written Blocks": 0,
                                                      "Workers": [
                                                        {
                                                          "Worker Number": 0,
                                                          "Actual Startup Time": 7.541,
                                                          "Actual Total Time": 48.109,
                                                          "Actual Rows": 12957.0,
                                                          "Actual Loops": 2,
                                                          "Shared Hit Blocks": 2781,
                                                          "Shared Read Blocks": 12841,
                                                          "Shared Dirtied Blocks": 0,
                                                          "Shared Written Blocks": 0,
                                                          "Local Hit Blocks": 0,
                                                          "Local Read Blocks": 0,
                                                          "Local Dirtied Blocks": 0,
                                                          "Local Written Blocks": 0,
                                                          "Temp Read Blocks": 0,
                                                          "Temp Written Blocks": 0
                                                        },
                                                        {
                                                          "Worker Number": 1,
                                                          "Actual Startup Time": 7.25,
                                                          "Actual Total Time": 35.542,
                                                          "Actual Rows": 7818.0,
                                                          "Actual Loops": 4,
                                                          "Shared Hit Blocks": 2598,
                                                          "Shared Read Blocks": 22355,
                                                          "Shared Dirtied Blocks": 0,
                                                          "Shared Written Blocks": 0,
                                                          "Local Hit Blocks": 0,
                                                          "Local Read Blocks": 0,
                                                          "Local Dirtied Blocks": 0,
                                                          "Local Written Blocks": 0,
                                                          "Temp Read Blocks": 0,
                                                          "Temp Written Blocks": 0
                                                        }
                                                      ],
                                                      "Plans": [
                                                        {
                                                          "Node Type": "Bitmap Index Scan",
                                                          "Parent Relationship": "Outer",
                                                          "Parallel Aware": false,
                                                          "Async Capable": false,
                                                          "Index Name": "keyword_id_movie_keyword",
                                                          "Startup Cost": 0.0,
                                                          "Total Cost": 6.73,
                                                          "Plan Rows": 306,
                                                          "Plan Width": 0,
                                                          "Actual Startup Time": 6.984,
                                                          "Actual Total Time": 6.985,
                                                          "Actual Rows": 10959.14,
                                                          "Actual Loops": 7,
                                                          "Disabled": false,
                                                          "Index Cond": "(mk.keyword_id = k.id)",
                                                          "Index Searches": 7,
                                                          "Shared Hit Blocks": 6,
                                                          "Shared Read Blocks": 75,
                                                          "Shared Dirtied Blocks": 0,
                                                          "Shared Written Blocks": 0,
                                                          "Local Hit Blocks": 0,
                                                          "Local Read Blocks": 0,
                                                          "Local Dirtied Blocks": 0,
                                                          "Local Written Blocks": 0,
                                                          "Temp Read Blocks": 0,
                                                          "Temp Written Blocks": 0,
                                                          "Workers": [
                                                            {
                                                              "Worker Number": 0,
                                                              "Actual Startup Time": 6.469,
                                                              "Actual Total Time": 6.469,
                                                              "Actual Rows": 12957.0,
                                                              "Actual Loops": 2,
                                                              "Shared Hit Blocks": 2,
                                                              "Shared Read Blocks": 25,
                                                              "Shared Dirtied Blocks": 0,
                                                              "Shared Written Blocks": 0,
                                                              "Local Hit Blocks": 0,
                                                              "Local Read Blocks": 0,
                                                              "Local Dirtied Blocks": 0,
                                                              "Local Written Blocks": 0,
                                                              "Temp Read Blocks": 0,
                                                              "Temp Written Blocks": 0
                                                            },
                                                            {
                                                              "Worker Number": 1,
                                                              "Actual Startup Time": 6.702,
                                                              "Actual Total Time": 6.702,
                                                              "Actual Rows": 7818.0,
                                                              "Actual Loops": 4,
                                                              "Shared Hit Blocks": 2,
                                                              "Shared Read Blocks": 34,
                                                              "Shared Dirtied Blocks": 0,
                                                              "Shared Written Blocks": 0,
                                                              "Local Hit Blocks": 0,
                                                              "Local Read Blocks": 0,
                                                              "Local Dirtied Blocks": 0,
                                                              "Local Written Blocks": 0,
                                                              "Temp Read Blocks": 0,
                                                              "Temp Written Blocks": 0
                                                            }
                                                          ],
                                                          "ius": []
                                                        }
                                                      ],
                                                      "ius": [
                                                        {
                                                          "name": "mk.id",
                                                          "bytes": 8
                                                        },
                                                        {
                                                          "name": "mk.movie_id",
                                                          "bytes": 8
                                                        },
                                                        {
                                                          "name": "mk.keyword_id",
                                                          "bytes": 8
                                                        }
                                                      ]
                                                    }
                                                  ],
                                                  "ius": [
                                                    {
                                                      "name": "mk.movie_id",
                                                      "bytes": 8
                                                    }
                                                  ]
                                                },
                                                {
                                                  "Node Type": "Index Scan",
                                                  "Parent Relationship": "Inner",
                                                  "Parallel Aware": false,
                                                  "Async Capable": false,
                                                  "Scan Direction": "Forward",
                                                  "Index Name": "movie_id_movie_info_idx",
                                                  "Relation Name": "movie_info_idx",
                                                  "Schema": "public",
                                                  "Alias": "mi_idx",
                                                  "Startup Cost": 0.43,
                                                  "Total Cost": 1.08,
                                                  "Plan Rows": 3,
                                                  "Plan Width": 13,
                                                  "Actual Startup Time": 0.019,
                                                  "Actual Total Time": 0.019,
                                                  "Actual Rows": 2.5,
                                                  "Actual Loops": 76714,
                                                  "Disabled": false,
                                                  "Output": [
                                                    "mi_idx.id",
                                                    "mi_idx.movie_id",
                                                    "mi_idx.info_type_id",
                                                    "mi_idx.info",
                                                    "mi_idx.note"
                                                  ],
                                                  "Index Cond": "(mi_idx.movie_id = mk.movie_id)",
                                                  "Rows Removed by Index Recheck": 0,
                                                  "Index Searches": 76714,
                                                  "Shared Hit Blocks": 262955,
                                                  "Shared Read Blocks": 32008,
                                                  "Shared Dirtied Blocks": 0,
                                                  "Shared Written Blocks": 0,
                                                  "Local Hit Blocks": 0,
                                                  "Local Read Blocks": 0,
                                                  "Local Dirtied Blocks": 0,
                                                  "Local Written Blocks": 0,
                                                  "Temp Read Blocks": 0,
                                                  "Temp Written Blocks": 0,
                                                  "Workers": [
                                                    {
                                                      "Worker Number": 0,
                                                      "Actual Startup Time": 0.019,
                                                      "Actual Total Time": 0.02,
                                                      "Actual Rows": 2.29,
                                                      "Actual Loops": 25914,
                                                      "Shared Hit Blocks": 88880,
                                                      "Shared Read Blocks": 8836,
                                                      "Shared Dirtied Blocks": 0,
                                                      "Shared Written Blocks": 0,
                                                      "Local Hit Blocks": 0,
                                                      "Local Read Blocks": 0,
                                                      "Local Dirtied Blocks": 0,
                                                      "Local Written Blocks": 0,
                                                      "Temp Read Blocks": 0,
                                                      "Temp Written Blocks": 0
                                                    },
                                                    {
                                                      "Worker Number": 1,
                                                      "Actual Startup Time": 0.024,
                                                      "Actual Total Time": 0.024,
                                                      "Actual Rows": 2.65,
                                                      "Actual Loops": 31272,
                                                      "Shared Hit Blocks": 104926,
                                                      "Shared Read Blocks": 16992,
                                                      "Shared Dirtied Blocks": 0,
                                                      "Shared Written Blocks": 0,
                                                      "Local Hit Blocks": 0,
                                                      "Local Read Blocks": 0,
                                                      "Local Dirtied Blocks": 0,
                                                      "Local Written Blocks": 0,
                                                      "Temp Read Blocks": 0,
                                                      "Temp Written Blocks": 0
                                                    }
                                                  ],
                                                  "actual_scan_in_card": 1380035,
                                                  "ius": [
                                                    {
                                                      "name": "mi_idx.id",
                                                      "bytes": 8
                                                    },
                                                    {
                                                      "name": "mi_idx.movie_id",
                                                      "bytes": 8
                                                    },
                                                    {
                                                      "name": "mi_idx.info_type_id",
                                                      "bytes": 8
                                                    },
                                                    {
                                                      "name": "mi_idx.info",
                                                      "bytes": 8
                                                    },
                                                    {
                                                      "name": "mi_idx.note",
                                                      "bytes": 8
                                                    }
                                                  ]
                                                }
                                              ],
                                              "ius": [
                                                {
                                                  "name": "mk.movie_id",
                                                  "bytes": 8
                                                },
                                                {
                                                  "name": "mi_idx.info",
                                                  "bytes": 8
                                                },
                                                {
                                                  "name": "mi_idx.movie_id",
                                                  "bytes": 8
                                                },
                                                {
                                                  "name": "mi_idx.info_type_id",
                                                  "bytes": 8
                                                }
                                              ]
                                            },
                                            {
                                              "Node Type": "Hash",
                                              "Parent Relationship": "Inner",
                                              "Parallel Aware": false,
                                              "Async Capable": false,
                                              "Startup Cost": 2.41,
                                              "Total Cost": 2.41,
                                              "Plan Rows": 1,
                                              "Plan Width": 4,
                                              "Actual Startup Time": 0.057,
                                              "Actual Total Time": 0.06,
                                              "Actual Rows": 1.0,
                                              "Actual Loops": 3,
                                              "Disabled": false,
                                              "Output": [
                                                "it2.id"
                                              ],
                                              "Hash Buckets": 1024,
                                              "Original Hash Buckets": 1024,
                                              "Hash Batches": 1,
                                              "Original Hash Batches": 1,
                                              "Peak Memory Usage": 9,
                                              "Shared Hit Blocks": 43,
                                              "Shared Read Blocks": 0,
                                              "Shared Dirtied Blocks": 0,
                                              "Shared Written Blocks": 0,
                                              "Local Hit Blocks": 0,
                                              "Local Read Blocks": 0,
                                              "Local Dirtied Blocks": 0,
                                              "Local Written Blocks": 0,
                                              "Temp Read Blocks": 0,
                                              "Temp Written Blocks": 0,
                                              "Workers": [
                                                {
                                                  "Worker Number": 0,
                                                  "Actual Startup Time": 0.078,
                                                  "Actual Total Time": 0.086,
                                                  "Actual Rows": 1.0,
                                                  "Actual Loops": 1,
                                                  "Shared Hit Blocks": 21,
                                                  "Shared Read Blocks": 0,
                                                  "Shared Dirtied Blocks": 0,
                                                  "Shared Written Blocks": 0,
                                                  "Local Hit Blocks": 0,
                                                  "Local Read Blocks": 0,
                                                  "Local Dirtied Blocks": 0,
                                                  "Local Written Blocks": 0,
                                                  "Temp Read Blocks": 0,
                                                  "Temp Written Blocks": 0
                                                },
                                                {
                                                  "Worker Number": 1,
                                                  "Actual Startup Time": 0.072,
                                                  "Actual Total Time": 0.072,
                                                  "Actual Rows": 1.0,
                                                  "Actual Loops": 1,
                                                  "Shared Hit Blocks": 21,
                                                  "Shared Read Blocks": 0,
                                                  "Shared Dirtied Blocks": 0,
                                                  "Shared Written Blocks": 0,
                                                  "Local Hit Blocks": 0,
                                                  "Local Read Blocks": 0,
                                                  "Local Dirtied Blocks": 0,
                                                  "Local Written Blocks": 0,
                                                  "Temp Read Blocks": 0,
                                                  "Temp Written Blocks": 0
                                                }
                                              ],
                                              "Plans": [
                                                {
                                                  "Node Type": "Seq Scan",
                                                  "Parent Relationship": "Outer",
                                                  "Parallel Aware": false,
                                                  "Async Capable": false,
                                                  "Relation Name": "info_type",
                                                  "Schema": "public",
                                                  "Alias": "it2",
                                                  "Startup Cost": 0.0,
                                                  "Total Cost": 2.41,
                                                  "Plan Rows": 1,
                                                  "Plan Width": 4,
                                                  "Actual Startup Time": 0.054,
                                                  "Actual Total Time": 0.057,
                                                  "Actual Rows": 1.0,
                                                  "Actual Loops": 3,
                                                  "Disabled": false,
                                                  "Output": [
                                                    "it2.id"
                                                  ],
                                                  "Filter": "((it2.info)::text = 'votes'::text)",
                                                  "Rows Removed by Filter": 112,
                                                  "Shared Hit Blocks": 43,
                                                  "Shared Read Blocks": 0,
                                                  "Shared Dirtied Blocks": 0,
                                                  "Shared Written Blocks": 0,
                                                  "Local Hit Blocks": 0,
                                                  "Local Read Blocks": 0,
                                                  "Local Dirtied Blocks": 0,
                                                  "Local Written Blocks": 0,
                                                  "Temp Read Blocks": 0,
                                                  "Temp Written Blocks": 0,
                                                  "Workers": [
                                                    {
                                                      "Worker Number": 0,
                                                      "Actual Startup Time": 0.075,
                                                      "Actual Total Time": 0.083,
                                                      "Actual Rows": 1.0,
                                                      "Actual Loops": 1,
                                                      "Shared Hit Blocks": 21,
                                                      "Shared Read Blocks": 0,
                                                      "Shared Dirtied Blocks": 0,
                                                      "Shared Written Blocks": 0,
                                                      "Local Hit Blocks": 0,
                                                      "Local Read Blocks": 0,
                                                      "Local Dirtied Blocks": 0,
                                                      "Local Written Blocks": 0,
                                                      "Temp Read Blocks": 0,
                                                      "Temp Written Blocks": 0
                                                    },
                                                    {
                                                      "Worker Number": 1,
                                                      "Actual Startup Time": 0.069,
                                                      "Actual Total Time": 0.069,
                                                      "Actual Rows": 1.0,
                                                      "Actual Loops": 1,
                                                      "Shared Hit Blocks": 21,
                                                      "Shared Read Blocks": 0,
                                                      "Shared Dirtied Blocks": 0,
                                                      "Shared Written Blocks": 0,
                                                      "Local Hit Blocks": 0,
                                                      "Local Read Blocks": 0,
                                                      "Local Dirtied Blocks": 0,
                                                      "Local Written Blocks": 0,
                                                      "Temp Read Blocks": 0,
                                                      "Temp Written Blocks": 0
                                                    }
                                                  ],
                                                  "actual_scan_in_card": 113,
                                                  "actual_funnel_counts": [
                                                    113,
                                                    1
                                                  ],
                                                  "component_selectivity": {
                                                    "compare_selectivity": 0.008849557522123894
                                                  },
                                                  "ius": [
                                                    {
                                                      "name": "it2.id",
                                                      "bytes": 8
                                                    }
                                                  ]
                                                }
                                              ],
                                              "ius": [
                                                {
                                                  "name": "it2.id",
                                                  "bytes": 8
                                                }
                                              ]
                                            }
                                          ],
                                          "ius": [
                                            {
                                              "name": "mi_idx.info",
                                              "bytes": 8
                                            },
                                            {
                                              "name": "mi_idx.movie_id",
                                              "bytes": 8
                                            },
                                            {
                                              "name": "mk.movie_id",
                                              "bytes": 8
                                            }
                                          ]
                                        },
                                        {
                                          "Node Type": "Index Scan",
                                          "Parent Relationship": "Inner",
                                          "Parallel Aware": false,
                                          "Async Capable": false,
                                          "Scan Direction": "Forward",
                                          "Index Name": "movie_id_movie_companies",
                                          "Relation Name": "movie_companies",
                                          "Schema": "public",
                                          "Alias": "mc",
                                          "Startup Cost": 0.43,
                                          "Total Cost": 2.13,
                                          "Plan Rows": 5,
                                          "Plan Width": 8,
                                          "Actual Startup Time": 0.059,
                                          "Actual Total Time": 0.089,
                                          "Actual Rows": 9.39,
                                          "Actual Loops": 63701,
                                          "Disabled": false,
                                          "Output": [
                                            "mc.id",
                                            "mc.movie_id",
                                            "mc.company_id",
                                            "mc.company_type_id",
                                            "mc.note"
                                          ],
                                          "Index Cond": "(mc.movie_id = mk.movie_id)",
                                          "Rows Removed by Index Recheck": 0,
                                          "Index Searches": 63701,
                                          "Shared Hit Blocks": 250819,
                                          "Shared Read Blocks": 59378,
                                          "Shared Dirtied Blocks": 0,
                                          "Shared Written Blocks": 0,
                                          "Local Hit Blocks": 0,
                                          "Local Read Blocks": 0,
                                          "Local Dirtied Blocks": 0,
                                          "Local Written Blocks": 0,
                                          "Temp Read Blocks": 0,
                                          "Temp Written Blocks": 0,
                                          "Workers": [
                                            {
                                              "Worker Number": 0,
                                              "Actual Startup Time": 0.073,
                                              "Actual Total Time": 0.11,
                                              "Actual Rows": 7.63,
                                              "Actual Loops": 19738,
                                              "Shared Hit Blocks": 78194,
                                              "Shared Read Blocks": 16218,
                                              "Shared Dirtied Blocks": 0,
                                              "Shared Written Blocks": 0,
                                              "Local Hit Blocks": 0,
                                              "Local Read Blocks": 0,
                                              "Local Dirtied Blocks": 0,
                                              "Local Written Blocks": 0,
                                              "Temp Read Blocks": 0,
                                              "Temp Written Blocks": 0
                                            },
                                            {
                                              "Worker Number": 1,
                                              "Actual Startup Time": 0.07,
                                              "Actual Total Time": 0.105,
                                              "Actual Rows": 11.04,
                                              "Actual Loops": 27497,
                                              "Shared Hit Blocks": 104567,
                                              "Shared Read Blocks": 30745,
                                              "Shared Dirtied Blocks": 0,
                                              "Shared Written Blocks": 0,
                                              "Local Hit Blocks": 0,
                                              "Local Read Blocks": 0,
                                              "Local Dirtied Blocks": 0,
                                              "Local Written Blocks": 0,
                                              "Temp Read Blocks": 0,
                                              "Temp Written Blocks": 0
                                            }
                                          ],
                                          "actual_scan_in_card": 2609129,
                                          "ius": [
                                            {
                                              "name": "mc.id",
                                              "bytes": 8
                                            },
                                            {
                                              "name": "mc.movie_id",
                                              "bytes": 8
                                            },
                                            {
                                              "name": "mc.company_id",
                                              "bytes": 8
                                            },
                                            {
                                              "name": "mc.company_type_id",
                                              "bytes": 8
                                            },
                                            {
                                              "name": "mc.note",
                                              "bytes": 8
                                            }
                                          ]
                                        }
                                      ],
                                      "ius": [
                                        {
                                          "name": "mi_idx.info",
                                          "bytes": 8
                                        },
                                        {
                                          "name": "mi_idx.movie_id",
                                          "bytes": 8
                                        },
                                        {
                                          "name": "mc.movie_id",
                                          "bytes": 8
                                        },
                                        {
                                          "name": "mc.company_id",
                                          "bytes": 8
                                        },
                                        {
                                          "name": "mk.movie_id",
                                          "bytes": 8
                                        }
                                      ]
                                    },
                                    {
                                      "Node Type": "Index Scan",
                                      "Parent Relationship": "Inner",
                                      "Parallel Aware": false,
                                      "Async Capable": false,
                                      "Scan Direction": "Forward",
                                      "Index Name": "company_name_pkey",
                                      "Relation Name": "company_name",
                                      "Schema": "public",
                                      "Alias": "cn",
                                      "Startup Cost": 0.42,
                                      "Total Cost": 0.98,
                                      "Plan Rows": 1,
                                      "Plan Width": 4,
                                      "Actual Startup Time": 0.003,
                                      "Actual Total Time": 0.003,
                                      "Actual Rows": 0.0,
                                      "Actual Loops": 598256,
                                      "Disabled": false,
                                      "Output": [
                                        "cn.id",
                                        "cn.name",
                                        "cn.country_code",
                                        "cn.imdb_id",
                                        "cn.name_pcode_nf",
                                        "cn.name_pcode_sf",
                                        "cn.md5sum"
                                      ],
                                      "Index Cond": "(cn.id = mc.company_id)",
                                      "Rows Removed by Index Recheck": 0,
                                      "Filter": "(cn.name ~~ 'Lionsgate%'::text)",
                                      "Rows Removed by Filter": 1,
                                      "Index Searches": 598256,
                                      "Shared Hit Blocks": 2379123,
                                      "Shared Read Blocks": 13903,
                                      "Shared Dirtied Blocks": 0,
                                      "Shared Written Blocks": 0,
                                      "Local Hit Blocks": 0,
                                      "Local Read Blocks": 0,
                                      "Local Dirtied Blocks": 0,
                                      "Local Written Blocks": 0,
                                      "Temp Read Blocks": 0,
                                      "Temp Written Blocks": 0,
                                      "Workers": [
                                        {
                                          "Worker Number": 0,
                                          "Actual Startup Time": 0.004,
                                          "Actual Total Time": 0.004,
                                          "Actual Rows": 0.0,
                                          "Actual Loops": 150542,
                                          "Shared Hit Blocks": 599120,
                                          "Shared Read Blocks": 3049,
                                          "Shared Dirtied Blocks": 0,
                                          "Shared Written Blocks": 0,
                                          "Local Hit Blocks": 0,
                                          "Local Read Blocks": 0,
                                          "Local Dirtied Blocks": 0,
                                          "Local Written Blocks": 0,
                                          "Temp Read Blocks": 0,
                                          "Temp Written Blocks": 0
                                        },
                                        {
                                          "Worker Number": 1,
                                          "Actual Startup Time": 0.003,
                                          "Actual Total Time": 0.003,
                                          "Actual Rows": 0.0,
                                          "Actual Loops": 303631,
                                          "Shared Hit Blocks": 1208793,
                                          "Shared Read Blocks": 5732,
                                          "Shared Dirtied Blocks": 0,
                                          "Shared Written Blocks": 0,
                                          "Local Hit Blocks": 0,
                                          "Local Read Blocks": 0,
                                          "Local Dirtied Blocks": 0,
                                          "Local Written Blocks": 0,
                                          "Temp Read Blocks": 0,
                                          "Temp Written Blocks": 0
                                        }
                                      ],
                                      "actual_scan_in_card": 234997,
                                      "actual_funnel_counts": [
                                        234997,
                                        10
                                      ],
                                      "component_selectivity": {
                                        "expression_selectivity": 4.255373472852845e-05
                                      },
                                      "ius": [
                                        {
                                          "name": "cn.id",
                                          "bytes": 8
                                        },
                                        {
                                          "name": "cn.name",
                                          "bytes": 8
                                        },
                                        {
                                          "name": "cn.country_code",
                                          "bytes": 8
                                        },
                                        {
                                          "name": "cn.imdb_id",
                                          "bytes": 8
                                        },
                                        {
                                          "name": "cn.name_pcode_nf",
                                          "bytes": 8
                                        },
                                        {
                                          "name": "cn.name_pcode_sf",
                                          "bytes": 8
                                        },
                                        {
                                          "name": "cn.md5sum",
                                          "bytes": 8
                                        }
                                      ]
                                    }
                                  ],
                                  "ius": [
                                    {
                                      "name": "mc.movie_id",
                                      "bytes": 8
                                    },
                                    {
                                      "name": "mi_idx.info",
                                      "bytes": 8
                                    },
                                    {
                                      "name": "mi_idx.movie_id",
                                      "bytes": 8
                                    },
                                    {
                                      "name": "mk.movie_id",
                                      "bytes": 8
                                    }
                                  ]
                                }
                              ],
                              "ius": [
                                {
                                  "name": "mc.movie_id",
                                  "bytes": 8
                                },
                                {
                                  "name": "mi_idx.info",
                                  "bytes": 8
                                },
                                {
                                  "name": "mi_idx.movie_id",
                                  "bytes": 8
                                },
                                {
                                  "name": "mk.movie_id",
                                  "bytes": 8
                                }
                              ]
                            },
                            {
                              "Node Type": "Index Scan",
                              "Parent Relationship": "Inner",
                              "Parallel Aware": false,
                              "Async Capable": false,
                              "Scan Direction": "Forward",
                              "Index Name": "movie_id_cast_info",
                              "Relation Name": "cast_info",
                              "Schema": "public",
                              "Alias": "ci",
                              "Startup Cost": 0.44,
                              "Total Cost": 22.81,
                              "Plan Rows": 1,
                              "Plan Width": 8,
                              "Actual Startup Time": 3.861,
                              "Actual Total Time": 5.134,
                              "Actual Rows": 0.95,
                              "Actual Loops": 1547,
                              "Disabled": false,
                              "Output": [
                                "ci.id",
                                "ci.person_id",
                                "ci.movie_id",
                                "ci.person_role_id",
                                "ci.note",
                                "ci.nr_order",
                                "ci.role_id"
                              ],
                              "Index Cond": "(ci.movie_id = mk.movie_id)",
                              "Rows Removed by Index Recheck": 0,
                              "Filter": "(ci.note = ANY ('{(writer),\"(head writer)\",\"(written by)\",(story),\"(story editor)\"}'::text[]))",
                              "Rows Removed by Filter": 119,
                              "Index Searches": 1547,
                              "Shared Hit Blocks": 130409,
                              "Shared Read Blocks": 53659,
                              "Shared Dirtied Blocks": 0,
                              "Shared Written Blocks": 0,
                              "Local Hit Blocks": 0,
                              "Local Read Blocks": 0,
                              "Local Dirtied Blocks": 0,
                              "Local Written Blocks": 0,
                              "Temp Read Blocks": 0,
                              "Temp Written Blocks": 0,
                              "actual_scan_in_card": 36244344,
                              "actual_funnel_counts": [
                                36244344,
                                1244716
                              ],
                              "component_selectivity": {
                                "compare_selectivity": 0.03434235145765088
                              },
                              "ius": [
                                {
                                  "name": "ci.id",
                                  "bytes": 8
                                },
                                {
                                  "name": "ci.person_id",
                                  "bytes": 8
                                },
                                {
                                  "name": "ci.movie_id",
                                  "bytes": 8
                                },
                                {
                                  "name": "ci.person_role_id",
                                  "bytes": 8
                                },
                                {
                                  "name": "ci.note",
                                  "bytes": 8
                                },
                                {
                                  "name": "ci.nr_order",
                                  "bytes": 8
                                },
                                {
                                  "name": "ci.role_id",
                                  "bytes": 8
                                }
                              ]
                            }
                          ],
                          "ius": [
                            {
                              "name": "ci.movie_id",
                              "bytes": 8
                            },
                            {
                              "name": "ci.person_id",
                              "bytes": 8
                            },
                            {
                              "name": "mc.movie_id",
                              "bytes": 8
                            },
                            {
                              "name": "mi_idx.info",
                              "bytes": 8
                            },
                            {
                              "name": "mi_idx.movie_id",
                              "bytes": 8
                            },
                            {
                              "name": "mk.movie_id",
                              "bytes": 8
                            }
                          ]
                        },
                        {
                          "Node Type": "Index Scan",
                          "Parent Relationship": "Inner",
                          "Parallel Aware": false,
                          "Async Capable": false,
                          "Scan Direction": "Forward",
                          "Index Name": "movie_id_movie_info",
                          "Relation Name": "movie_info",
                          "Schema": "public",
                          "Alias": "mi",
                          "Startup Cost": 0.43,
                          "Total Cost": 18.69,
                          "Plan Rows": 1,
                          "Plan Width": 50,
                          "Actual Startup Time": 0.919,
                          "Actual Total Time": 0.923,
                          "Actual Rows": 1.1,
                          "Actual Loops": 1471,
                          "Disabled": false,
                          "Output": [
                            "mi.id",
                            "mi.movie_id",
                            "mi.info_type_id",
                            "mi.info",
                            "mi.note"
                          ],
                          "Index Cond": "(mi.movie_id = mk.movie_id)",
                          "Rows Removed by Index Recheck": 0,
                          "Filter": "(mi.info = ANY ('{Horror,Thriller}'::text[]))",
                          "Rows Removed by Filter": 173,
                          "Index Searches": 1471,
                          "Shared Hit Blocks": 28249,
                          "Shared Read Blocks": 6794,
                          "Shared Dirtied Blocks": 0,
                          "Shared Written Blocks": 0,
                          "Local Hit Blocks": 0,
                          "Local Read Blocks": 0,
                          "Local Dirtied Blocks": 0,
                          "Local Written Blocks": 0,
                          "Temp Read Blocks": 0,
                          "Temp Written Blocks": 0,
                          "actual_scan_in_card": 14835720,
                          "actual_funnel_counts": [
                            14835720,
                            73047
                          ],
                          "component_selectivity": {
                            "compare_selectivity": 0.0049237246321715425
                          },
                          "ius": [
                            {
                              "name": "mi.id",
                              "bytes": 8
                            },
                            {
                              "name": "mi.movie_id",
                              "bytes": 8
                            },
                            {
                              "name": "mi.info_type_id",
                              "bytes": 8
                            },
                            {
                              "name": "mi.info",
                              "bytes": 8
                            },
                            {
                              "name": "mi.note",
                              "bytes": 8
                            }
                          ]
                        }
                      ],
                      "ius": [
                        {
                          "name": "ci.movie_id",
                          "bytes": 8
                        },
                        {
                          "name": "ci.person_id",
                          "bytes": 8
                        },
                        {
                          "name": "mc.movie_id",
                          "bytes": 8
                        },
                        {
                          "name": "mi.info",
                          "bytes": 8
                        },
                        {
                          "name": "mi.movie_id",
                          "bytes": 8
                        },
                        {
                          "name": "mi.info_type_id",
                          "bytes": 8
                        },
                        {
                          "name": "mi_idx.info",
                          "bytes": 8
                        },
                        {
                          "name": "mi_idx.movie_id",
                          "bytes": 8
                        },
                        {
                          "name": "mk.movie_id",
                          "bytes": 8
                        }
                      ]
                    },
                    {
                      "Node Type": "Index Scan",
                      "Parent Relationship": "Inner",
                      "Parallel Aware": false,
                      "Async Capable": false,
                      "Scan Direction": "Forward",
                      "Index Name": "info_type_pkey",
                      "Relation Name": "info_type",
                      "Schema": "public",
                      "Alias": "it1",
                      "Startup Cost": 0.14,
                      "Total Cost": 0.16,
                      "Plan Rows": 1,
                      "Plan Width": 4,
                      "Actual Startup Time": 0.002,
                      "Actual Total Time": 0.002,
                      "Actual Rows": 0.96,
                      "Actual Loops": 1616,
                      "Disabled": false,
                      "Output": [
                        "it1.id",
                        "it1.info"
                      ],
                      "Index Cond": "(it1.id = mi.info_type_id)",
                      "Rows Removed by Index Recheck": 0,
                      "Filter": "((it1.info)::text = 'genres'::text)",
                      "Rows Removed by Filter": 0,
                      "Index Searches": 1616,
                      "Shared Hit Blocks": 3232,
                      "Shared Read Blocks": 0,
                      "Shared Dirtied Blocks": 0,
                      "Shared Written Blocks": 0,
                      "Local Hit Blocks": 0,
                      "Local Read Blocks": 0,
                      "Local Dirtied Blocks": 0,
                      "Local Written Blocks": 0,
                      "Temp Read Blocks": 0,
                      "Temp Written Blocks": 0,
                      "actual_scan_in_card": 113,
                      "actual_funnel_counts": [
                        113,
                        1
                      ],
                      "component_selectivity": {
                        "compare_selectivity": 0.008849557522123894
                      },
                      "ius": [
                        {
                          "name": "it1.id",
                          "bytes": 8
                        },
                        {
                          "name": "it1.info",
                          "bytes": 8
                        }
                      ]
                    }
                  ],
                  "ius": [
                    {
                      "name": "ci.movie_id",
                      "bytes": 8
                    },
                    {
                      "name": "ci.person_id",
                      "bytes": 8
                    },
                    {
                      "name": "mc.movie_id",
                      "bytes": 8
                    },
                    {
                      "name": "mi.info",
                      "bytes": 8
                    },
                    {
                      "name": "mi.movie_id",
                      "bytes": 8
                    },
                    {
                      "name": "mi_idx.info",
                      "bytes": 8
                    },
                    {
                      "name": "mi_idx.movie_id",
                      "bytes": 8
                    },
                    {
                      "name": "mk.movie_id",
                      "bytes": 8
                    }
                  ]
                },
                {
                  "Node Type": "Index Scan",
                  "Parent Relationship": "Inner",
                  "Parallel Aware": false,
                  "Async Capable": false,
                  "Scan Direction": "Forward",
                  "Index Name": "name_pkey",
                  "Relation Name": "name",
                  "Schema": "public",
                  "Alias": "n",
                  "Startup Cost": 0.43,
                  "Total Cost": 1.34,
                  "Plan Rows": 1,
                  "Plan Width": 19,
                  "Actual Startup Time": 0.126,
                  "Actual Total Time": 0.126,
                  "Actual Rows": 0.82,
                  "Actual Loops": 1556,
                  "Disabled": false,
                  "Output": [
                    "n.id",
                    "n.name",
                    "n.imdb_index",
                    "n.imdb_id",
                    "n.gender",
                    "n.name_pcode_cf",
                    "n.name_pcode_nf",
                    "n.surname_pcode",
                    "n.md5sum"
                  ],
                  "Index Cond": "(n.id = ci.person_id)",
                  "Rows Removed by Index Recheck": 0,
                  "Filter": "((n.gender)::text = 'm'::text)",
                  "Rows Removed by Filter": 0,
                  "Index Searches": 1556,
                  "Shared Hit Blocks": 5320,
                  "Shared Read Blocks": 904,
                  "Shared Dirtied Blocks": 0,
                  "Shared Written Blocks": 0,
                  "Local Hit Blocks": 0,
                  "Local Read Blocks": 0,
                  "Local Dirtied Blocks": 0,
                  "Local Written Blocks": 0,
                  "Temp Read Blocks": 0,
                  "Temp Written Blocks": 0,
                  "actual_scan_in_card": 4167491,
                  "actual_funnel_counts": [
                    4167491,
                    1739579
                  ],
                  "component_selectivity": {
                    "compare_selectivity": 0.4174163783437085
                  },
                  "ius": [
                    {
                      "name": "n.id",
                      "bytes": 8
                    },
                    {
                      "name": "n.name",
                      "bytes": 8
                    },
                    {
                      "name": "n.imdb_index",
                      "bytes": 8
                    },
                    {
                      "name": "n.imdb_id",
                      "bytes": 8
                    },
                    {
                      "name": "n.gender",
                      "bytes": 8
                    },
                    {
                      "name": "n.name_pcode_cf",
                      "bytes": 8
                    },
                    {
                      "name": "n.name_pcode_nf",
                      "bytes": 8
                    },
                    {
                      "name": "n.surname_pcode",
                      "bytes": 8
                    },
                    {
                      "name": "n.md5sum",
                      "bytes": 8
                    }
                  ]
                }
              ],
              "ius": [
                {
                  "name": "ci.movie_id",
                  "bytes": 10
                },
                {
                  "name": "mc.movie_id",
                  "bytes": 10
                },
                {
                  "name": "mi.info",
                  "bytes": 10
                },
                {
                  "name": "mi.movie_id",
                  "bytes": 10
                },
                {
                  "name": "mi_idx.info",
                  "bytes": 10
                },
                {
                  "name": "mi_idx.movie_id",
                  "bytes": 10
                },
                {
                  "name": "mk.movie_id",
                  "bytes": 10
                },
                {
                  "name": "n.name",
                  "bytes": 10
                }
              ]
            },
            {
              "Node Type": "Index Scan",
              "Parent Relationship": "Inner",
              "Parallel Aware": false,
              "Async Capable": false,
              "Scan Direction": "Forward",
              "Index Name": "title_pkey",
              "Relation Name": "title",
              "Schema": "public",
              "Alias": "t",
              "Startup Cost": 0.43,
              "Total Cost": 1.12,
              "Plan Rows": 1,
              "Plan Width": 21,
              "Actual Startup Time": 0.079,
              "Actual Total Time": 0.079,
              "Actual Rows": 1.0,
              "Actual Loops": 1273,
              "Disabled": false,
              "Output": [
                "t.id",
                "t.title",
                "t.imdb_index",
                "t.kind_id",
                "t.production_year",
                "t.imdb_id",
                "t.phonetic_code",
                "t.episode_of_id",
                "t.season_nr",
                "t.episode_nr",
                "t.series_years",
                "t.md5sum"
              ],
              "Index Cond": "(t.id = mk.movie_id)",
              "Rows Removed by Index Recheck": 0,
              "Index Searches": 1273,
              "Shared Hit Blocks": 4650,
              "Shared Read Blocks": 442,
              "Shared Dirtied Blocks": 0,
              "Shared Written Blocks": 0,
              "Local Hit Blocks": 0,
              "Local Read Blocks": 0,
              "Local Dirtied Blocks": 0,
              "Local Written Blocks": 0,
              "Temp Read Blocks": 0,
              "Temp Written Blocks": 0,
              "actual_scan_in_card": 2528312,
              "ius": [
                {
                  "name": "t.id",
                  "bytes": 8
                },
                {
                  "name": "t.title",
                  "bytes": 8
                },
                {
                  "name": "t.imdb_index",
                  "bytes": 8
                },
                {
                  "name": "t.kind_id",
                  "bytes": 8
                },
                {
                  "name": "t.production_year",
                  "bytes": 8
                },
                {
                  "name": "t.imdb_id",
                  "bytes": 8
                },
                {
                  "name": "t.phonetic_code",
                  "bytes": 8
                },
                {
                  "name": "t.episode_of_id",
                  "bytes": 8
                },
                {
                  "name": "t.season_nr",
                  "bytes": 8
                },
                {
                  "name": "t.episode_nr",
                  "bytes": 8
                },
                {
                  "name": "t.series_years",
                  "bytes": 8
                },
                {
                  "name": "t.md5sum",
                  "bytes": 8
                }
              ]
            }
          ],
          "ius": [
            {
              "name": "mi.info",
              "bytes": 19
            },
            {
              "name": "mi_idx.info",
              "bytes": 19
            },
            {
              "name": "n.name",
              "bytes": 19
            },
            {
              "name": "t.title",
              "bytes": 19
            }
          ]
        }
      ],
      "ius": [
        {
          "name": "min(mi.info)",
          "bytes": 32
        },
        {
          "name": "min(mi_idx.info)",
          "bytes": 32
        },
        {
          "name": "min(n.name)",
          "bytes": 32
        },
        {
          "name": "min(t.title)",
          "bytes": 32
        }
      ]
    },
    "Planning": {
      "Shared Hit Blocks": 239,
      "Shared Read Blocks": 51,
      "Shared Dirtied Blocks": 0,
      "Shared Written Blocks": 0,
      "Local Hit Blocks": 0,
      "Local Read Blocks": 0,
      "Local Dirtied Blocks": 0,
      "Local Written Blocks": 0,
      "Temp Read Blocks": 0,
      "Temp Written Blocks": 0
    },
    "Planning Time": 120.644,
    "Triggers": [],
    "Execution Time": 11032.087
  }
]