[
  {
    "Plan": {
      "Node Type": "Aggregate",
      "Strategy": "Plain",
      "Partial Mode": "Simple",
      "Parallel Aware": false,
      "Async Capable": false,
      "Startup Cost": 9599.1,
      "Total Cost": 9599.11,
      "Plan Rows": 1,
      "Plan Width": 128,
      "Actual Startup Time": 1484.347,
      "Actual Total Time": 1484.385,
      "Actual Rows": 1.0,
      "Actual Loops": 1,
      "Disabled": false,
      "Output": [
        "min(mi.info)",
        "min(mi_idx.info)",
        "min(n.name)",
        "min(t.title)"
      ],
      "Shared Hit Blocks": 421076,
      "Shared Read Blocks": 79477,
      "Shared Dirtied Blocks": 0,
      "Shared Written Blocks": 0,
      "Local Hit Blocks": 0,
      "Local Read Blocks": 0,
      "Local Dirtied Blocks": 0,
      "Local Written Blocks": 0,
      "Temp Read Blocks": 0,
      "Temp Written Blocks": 0,
      "Plans": [
        {
          "Node Type": "Nested Loop",
          "Parent Relationship": "Outer",
          "Parallel Aware": false,
          "Async Capable": false,
          "Join Type": "Inner",
          "Startup Cost": 1010.52,
          "Total Cost": 9599.09,
          "Plan Rows": 1,
          "Plan Width": 79,
          "Actual Startup Time": 904.78,
          "Actual Total Time": 1484.361,
          "Actual Rows": 84.0,
          "Actual Loops": 1,
          "Disabled": false,
          "Output": [
            "mi.info",
            "mi_idx.info",
            "n.name",
            "t.title"
          ],
          "Inner Unique": true,
          "Shared Hit Blocks": 421076,
          "Shared Read Blocks": 79477,
          "Shared Dirtied Blocks": 0,
          "Shared Written Blocks": 0,
          "Local Hit Blocks": 0,
          "Local Read Blocks": 0,
          "Local Dirtied Blocks": 0,
          "Local Written Blocks": 0,
          "Temp Read Blocks": 0,
          "Temp Written Blocks": 0,
          "Plans": [
            {
              "Node Type": "Nested Loop",
              "Parent Relationship": "Outer",
              "Parallel Aware": false,
              "Async Capable": false,
              "Join Type": "Inner",
              "Startup Cost": 1010.09,
              "Total Cost": 9597.75,
              "Plan Rows": 1,
              "Plan Width": 68,
              "Actual Startup Time": 904.259,
              "Actual Total Time": 1481.532,
              "Actual Rows": 84.0,
              "Actual Loops": 1,
              "Disabled": false,
              "Output": [
                "ci.person_id",
                "mi.info",
                "mi_idx.info",
                "t.title"
              ],
              "Inner Unique": true,
              "Shared Hit Blocks": 420768,
              "Shared Read Blocks": 79449,
              "Shared Dirtied Blocks": 0,
              "Shared Written Blocks": 0,
              "Local Hit Blocks": 0,
              "Local Read Blocks": 0,
              "Local Dirtied Blocks": 0,
              "Local Written Blocks": 0,
              "Temp Read Blocks": 0,
              "Temp Written Blocks": 0,
              "Plans": [
                {
                  "Node Type": "Nested Loop",
                  "Parent Relationship": "Outer",
                  "Parallel Aware": false,
                  "Async Capable": false,
                  "Join Type": "Inner",
                  "Startup Cost": 1009.95,
                  "Total Cost": 9597.57,
                  "Plan Rows": 1,
                  "Plan Width": 72,
                  "Actual Startup Time": 904.254,
                  "Actual Total Time": 1481.406,
                  "Actual Rows": 252.0,
                  "Actual Loops": 1,
                  "Disabled": false,
                  "Output": [
                    "ci.person_id",
                    "mi.info",
                    "mi_idx.info",
                    "mi_idx.info_type_id",
                    "t.title"
                  ],
                  "Inner Unique": false,
                  "Join Filter": "(mi_idx.movie_id = t.id)",
                  "Rows Removed by Join Filter": 0,
                  "Shared Hit Blocks": 420264,
                  "Shared Read Blocks": 79449,
                  "Shared Dirtied Blocks": 0,
                  "Shared Written Blocks": 0,
                  "Local Hit Blocks": 0,
                  "Local Read Blocks": 0,
                  "Local Dirtied Blocks": 0,
                  "Local Written Blocks": 0,
                  "Temp Read Blocks": 0,
                  "Temp Written Blocks": 0,
                  "Plans": [
                    {
                      "Node Type": "Nested Loop",
                      "Parent Relationship": "Outer",
                      "Parallel Aware": false,
                      "Async Capable": false,
                      "Join Type": "Inner",
                      "Startup Cost": 1009.52,
                      "Total Cost": 9596.45,
                      "Plan Rows": 1,
                      "Plan Width": 83,
                      "Actual Startup Time": 904.233,
                      "Actual Total Time": 1481.062,
                      "Actual Rows": 84.0,
                      "Actual Loops": 1,
                      "Disabled": false,
                      "Output": [
                        "ci.movie_id",
                        "ci.person_id",
                        "mc.movie_id",
                        "mi.info",
                        "mi.movie_id",
                        "mk.movie_id",
                        "t.title",
                        "t.id"
                      ],
                      "Inner Unique": true,
                      "Shared Hit Blocks": 419935,
                      "Shared Read Blocks": 79442,
                      "Shared Dirtied Blocks": 0,
                      "Shared Written Blocks": 0,
                      "Local Hit Blocks": 0,
                      "Local Read Blocks": 0,
                      "Local Dirtied Blocks": 0,
                      "Local Written Blocks": 0,
                      "Temp Read Blocks": 0,
                      "Temp Written Blocks": 0,
                      "Plans": [
                        {
                          "Node Type": "Nested Loop",
                          "Parent Relationship": "Outer",
                          "Parallel Aware": false,
                          "Async Capable": false,
                          "Join Type": "Inner",
                          "Startup Cost": 1009.38,
                          "Total Cost": 9596.27,
                          "Plan Rows": 1,
                          "Plan Width": 87,
                          "Actual Startup Time": 904.071,
                          "Actual Total Time": 1480.836,
                          "Actual Rows": 84.0,
                          "Actual Loops": 1,
                          "Disabled": false,
                          "Output": [
                            "ci.movie_id",
                            "ci.person_id",
                            "mc.movie_id",
                            "mi.info",
                            "mi.movie_id",
                            "mi.info_type_id",
                            "mk.movie_id",
                            "t.title",
                            "t.id"
                          ],
                          "Inner Unique": false,
                          "Join Filter": "(mi.movie_id = t.id)",
                          "Rows Removed by Join Filter": 0,
                          "Shared Hit Blocks": 419769,
                          "Shared Read Blocks": 79440,
                          "Shared Dirtied Blocks": 0,
                          "Shared Written Blocks": 0,
                          "Local Hit Blocks": 0,
                          "Local Read Blocks": 0,
                          "Local Dirtied Blocks": 0,
                          "Local Written Blocks": 0,
                          "Temp Read Blocks": 0,
                          "Temp Written Blocks": 0,
                          "Plans": [
                            {
                              "Node Type": "Nested Loop",
                              "Parent Relationship": "Outer",
                              "Parallel Aware": false,
                              "Async Capable": false,
                              "Join Type": "Inner",
                              "Startup Cost": 1008.94,
                              "Total Cost": 9577.57,
                              "Plan Rows": 1,
                              "Plan Width": 37,
                              "Actual Startup Time": 896.113,
                              "Actual Total Time": 1469.338,
                              "Actual Rows": 53.0,
                              "Actual Loops": 1,
                              "Disabled": false,
                              "Output": [
                                "ci.movie_id",
                                "ci.person_id",
                                "mc.movie_id",
                                "mk.movie_id",
                                "t.title",
                                "t.id"
                              ],
                              "Inner Unique": true,
                              "Shared Hit Blocks": 418348,
                              "Shared Read Blocks": 79341,
                              "Shared Dirtied Blocks": 0,
                              "Shared Written Blocks": 0,
                              "Local Hit Blocks": 0,
                              "Local Read Blocks": 0,
                              "Local Dirtied Blocks": 0,
                              "Local Written Blocks": 0,
                              "Temp Read Blocks": 0,
                              "Temp Written Blocks": 0,
                              "Plans": [
                                {
                                  "Node Type": "Nested Loop",
                                  "Parent Relationship": "Outer",
                                  "Parallel Aware": false,
                                  "Async Capable": false,
                                  "Join Type": "Inner",
                                  "Startup Cost": 1008.52,
                                  "Total Cost": 9568.7,
                                  "Plan Rows": 1,
                                  "Plan Width": 41,
                                  "Actual Startup Time": 895.318,
                                  "Actual Total Time": 1468.372,
                                  "Actual Rows": 119.0,
                                  "Actual Loops": 1,
                                  "Disabled": false,
                                  "Output": [
                                    "ci.movie_id",
                                    "ci.person_id",
                                    "mc.movie_id",
                                    "mc.company_id",
                                    "mk.movie_id",
                                    "t.title",
                                    "t.id"
                                  ],
                                  "Inner Unique": false,
                                  "Join Filter": "(mc.movie_id = t.id)",
                                  "Rows Removed by Join Filter": 0,
                                  "Shared Hit Blocks": 417890,
                                  "Shared Read Blocks": 79323,
                                  "Shared Dirtied Blocks": 0,
                                  "Shared Written Blocks": 0,
                                  "Local Hit Blocks": 0,
                                  "Local Read Blocks": 0,
                                  "Local Dirtied Blocks": 0,
                                  "Local Written Blocks": 0,
                                  "Temp Read Blocks": 0,
                                  "Temp Written Blocks": 0,
                                  "Plans": [
                                    {
                                      "Node Type": "Nested Loop",
                                      "Parent Relationship": "Outer",
                                      "Parallel Aware": false,
                                      "Async Capable": false,
                                      "Join Type": "Inner",
                                      "Startup Cost": 1008.09,
                                      "Total Cost": 9566.55,
                                      "Plan Rows": 1,
                                      "Plan Width": 33,
                                      "Actual Startup Time": 638.358,
                                      "Actual Total Time": 1466.329,
                                      "Actual Rows": 77.0,
                                      "Actual Loops": 1,
                                      "Disabled": false,
                                      "Output": [
                                        "ci.movie_id",
                                        "ci.person_id",
                                        "mk.movie_id",
                                        "t.title",
                                        "t.id"
                                      ],
                                      "Inner Unique": false,
                                      "Join Filter": "(ci.movie_id = t.id)",
                                      "Rows Removed by Join Filter": 0,
                                      "Shared Hit Blocks": 417540,
                                      "Shared Read Blocks": 79280,
                                      "Shared Dirtied Blocks": 0,
                                      "Shared Written Blocks": 0,
                                      "Local Hit Blocks": 0,
                                      "Local Read Blocks": 0,
                                      "Local Dirtied Blocks": 0,
                                      "Local Written Blocks": 0,
                                      "Temp Read Blocks": 0,
                                      "Temp Written Blocks": 0,
                                      "Plans": [
                                        {
                                          "Node Type": "Gather",
                                          "Parent Relationship": "Outer",
                                          "Parallel Aware": false,
                                          "Async Capable": false,
                                          "Startup Cost": 1007.65,
                                          "Total Cost": 9543.73,
                                          "Plan Rows": 1,
                                          "Plan Width": 25,
                                          "Actual Startup Time": 603.915,
                                          "Actual Total Time": 1312.543,
                                          "Actual Rows": 49.0,
                                          "Actual Loops": 1,
                                          "Disabled": false,
                                          "Output": [
                                            "mk.movie_id",
                                            "t.title",
                                            "t.id"
                                          ],
                                          "Workers Planned": 2,
                                          "Workers Launched": 2,
                                          "Single Copy": false,
                                          "Shared Hit Blocks": 415075,
                                          "Shared Read Blocks": 77612,
                                          "Shared Dirtied Blocks": 0,
                                          "Shared Written Blocks": 0,
                                          "Local Hit Blocks": 0,
                                          "Local Read Blocks": 0,
                                          "Local Dirtied Blocks": 0,
                                          "Local Written Blocks": 0,
                                          "Temp Read Blocks": 0,
                                          "Temp Written Blocks": 0,
                                          "Plans": [
                                            {
                                              "Node Type": "Nested Loop",
                                              "Parent Relationship": "Outer",
                                              "Parallel Aware": false,
                                              "Async Capable": false,
                                              "Join Type": "Inner",
                                              "Startup Cost": 7.65,
                                              "Total Cost": 8543.63,
                                              "Plan Rows": 1,
                                              "Plan Width": 25,
                                              "Actual Startup Time": 592.31,
                                              "Actual Total Time": 1282.439,
                                              "Actual Rows": 16.33,
                                              "Actual Loops": 3,
                                              "Disabled": false,
                                              "Output": [
                                                "mk.movie_id",
                                                "t.title",
                                                "t.id"
                                              ],
                                              "Inner Unique": true,
                                              "Shared Hit Blocks": 415075,
                                              "Shared Read Blocks": 77612,
                                              "Shared Dirtied Blocks": 0,
                                              "Shared Written Blocks": 0,
                                              "Local Hit Blocks": 0,
                                              "Local Read Blocks": 0,
                                              "Local Dirtied Blocks": 0,
                                              "Local Written Blocks": 0,
                                              "Temp Read Blocks": 0,
                                              "Temp Written Blocks": 0,
                                              "Workers": [
                                                {
                                                  "Worker Number": 0,
                                                  "Actual Startup Time": 634.313,
                                                  "Actual Total Time": 1300.75,
                                                  "Actual Rows": 8.0,
                                                  "Actual Loops": 1,
                                                  "Shared Hit Blocks": 100243,
                                                  "Shared Read Blocks": 19475,
                                                  "Shared Dirtied Blocks": 0,
                                                  "Shared Written Blocks": 0,
                                                  "Local Hit Blocks": 0,
                                                  "Local Read Blocks": 0,
                                                  "Local Dirtied Blocks": 0,
                                                  "Local Written Blocks": 0,
                                                  "Temp Read Blocks": 0,
                                                  "Temp Written Blocks": 0
                                                },
                                                {
                                                  "Worker Number": 1,
                                                  "Actual Startup Time": 538.866,
                                                  "Actual Total Time": 1444.897,
                                                  "Actual Rows": 33.0,
                                                  "Actual Loops": 1,
                                                  "Shared Hit Blocks": 105224,
                                                  "Shared Read Blocks": 45529,
                                                  "Shared Dirtied Blocks": 0,
                                                  "Shared Written Blocks": 0,
                                                  "Local Hit Blocks": 0,
                                                  "Local Read Blocks": 0,
                                                  "Local Dirtied Blocks": 0,
                                                  "Local Written Blocks": 0,
                                                  "Temp Read Blocks": 0,
                                                  "Temp Written Blocks": 0
                                                }
                                              ],
                                              "Plans": [
                                                {
                                                  "Node Type": "Nested Loop",
                                                  "Parent Relationship": "Outer",
                                                  "Parallel Aware": false,
                                                  "Async Capable": false,
                                                  "Join Type": "Inner",
                                                  "Startup Cost": 7.22,
                                                  "Total Cost": 8432.43,
                                                  "Plan Rows": 98,
                                                  "Plan Width": 4,
                                                  "Actual Startup Time": 7.662,
                                                  "Actual Total Time": 111.255,
                                                  "Actual Rows": 25571.33,
                                                  "Actual Loops": 3,
                                                  "Disabled": false,
                                                  "Output": [
                                                    "mk.movie_id"
                                                  ],
                                                  "Inner Unique": false,
                                                  "Shared Hit Blocks": 146695,
                                                  "Shared Read Blocks": 39134,
                                                  "Shared Dirtied Blocks": 0,
                                                  "Shared Written Blocks": 0,
                                                  "Local Hit Blocks": 0,
                                                  "Local Read Blocks": 0,
                                                  "Local Dirtied Blocks": 0,
                                                  "Local Written Blocks": 0,
                                                  "Temp Read Blocks": 0,
                                                  "Temp Written Blocks": 0,
                                                  "Workers": [
                                                    {
                                                      "Worker Number": 0,
                                                      "Actual Startup Time": 8.693,
                                                      "Actual Total Time": 88.758,
                                                      "Actual Rows": 25914.0,
                                                      "Actual Loops": 1,
                                                      "Shared Hit Blocks": 6566,
                                                      "Shared Read Blocks": 9495,
                                                      "Shared Dirtied Blocks": 0,
                                                      "Shared Written Blocks": 0,
                                                      "Local Hit Blocks": 0,
                                                      "Local Read Blocks": 0,
                                                      "Local Dirtied Blocks": 0,
                                                      "Local Written Blocks": 0,
                                                      "Temp Read Blocks": 0,
                                                      "Temp Written Blocks": 0
                                                    },
                                                    {
                                                      "Worker Number": 1,
                                                      "Actual Startup Time": 5.598,
                                                      "Actual Total Time": 96.901,
                                                      "Actual Rows": 31272.0,
                                                      "Actual Loops": 1,
                                                      "Shared Hit Blocks": 2869,
                                                      "Shared Read Blocks": 22795,
                                                      "Shared Dirtied Blocks": 0,
                                                      "Shared Written Blocks": 0,
                                                      "Local Hit Blocks": 0,
                                                      "Local Read Blocks": 0,
                                                      "Local Dirtied Blocks": 0,
                                                      "Local Written Blocks": 0,
                                                      "Temp Read Blocks": 0,
                                                      "Temp Written Blocks": 0
                                                    }
                                                  ],
                                                  "Plans": [
                                                    {
                                                      "Node Type": "Index Scan",
                                                      "Parent Relationship": "Outer",
                                                      "Parallel Aware": true,
                                                      "Async Capable": false,
                                                      "Scan Direction": "Forward",
                                                      "Index Name": "keyword_pkey",
                                                      "Relation Name": "keyword",
                                                      "Schema": "public",
                                                      "Alias": "k",
                                                      "Startup Cost": 0.42,
                                                      "Total Cost": 5153.33,
                                                      "Plan Rows": 3,
                                                      "Plan Width": 4,
                                                      "Actual Startup Time": 0.51,
                                                      "Actual Total Time": 26.7,
                                                      "Actual Rows": 2.33,
                                                      "Actual Loops": 3,
                                                      "Disabled": false,
                                                      "Output": [
                                                        "k.id",
                                                        "k.keyword",
                                                        "k.phonetic_code"
                                                      ],
                                                      "Filter": "(k.keyword = ANY ('{murder,violence,blood,gore,death,female-nudity,hospital}'::text[]))",
                                                      "Rows Removed by Filter": 44721,
                                                      "Index Searches": 1,
                                                      "Shared Hit Blocks": 131141,
                                                      "Shared Read Blocks": 1480,
                                                      "Shared Dirtied Blocks": 0,
                                                      "Shared Written Blocks": 0,
                                                      "Local Hit Blocks": 0,
                                                      "Local Read Blocks": 0,
                                                      "Local Dirtied Blocks": 0,
                                                      "Local Written Blocks": 0,
                                                      "Temp Read Blocks": 0,
                                                      "Temp Written Blocks": 0,
                                                      "Workers": [
                                                        {
                                                          "Worker Number": 0,
                                                          "Actual Startup Time": 0.372,
                                                          "Actual Total Time": 1.291,
                                                          "Actual Rows": 2.0,
                                                          "Actual Loops": 1,
                                                          "Shared Hit Blocks": 245,
                                                          "Shared Read Blocks": 28,
                                                          "Shared Dirtied Blocks": 0,
                                                          "Shared Written Blocks": 0,
                                                          "Local Hit Blocks": 0,
                                                          "Local Read Blocks": 0,
                                                          "Local Dirtied Blocks": 0,
                                                          "Local Written Blocks": 0,
                                                          "Temp Read Blocks": 0,
                                                          "Temp Written Blocks": 0
                                                        },
                                                        {
                                                          "Worker Number": 1,
                                                          "Actual Startup Time": 0.955,
                                                          "Actual Total Time": 1.358,
                                                          "Actual Rows": 4.0,
                                                          "Actual Loops": 1,
                                                          "Shared Hit Blocks": 542,
                                                          "Shared Read Blocks": 37,
                                                          "Shared Dirtied Blocks": 0,
                                                          "Shared Written Blocks": 0,
                                                          "Local Hit Blocks": 0,
                                                          "Local Read Blocks": 0,
                                                          "Local Dirtied Blocks": 0,
                                                          "Local Written Blocks": 0,
                                                          "Temp Read Blocks": 0,
                                                          "Temp Written Blocks": 0
                                                        }
                                                      ],
                                                      "actual_scan_in_card": 134170,
                                                      "actual_funnel_counts": [
                                                        134170,
                                                        7
                                                      ],
                                                      "component_selectivity": {
                                                        "compare_selectivity": 5.2172616829395546e-05
                                                      },
                                                      "ius": [
                                                        {
                                                          "name": "k.id",
                                                          "bytes": 8
                                                        },
                                                        {
                                                          "name": "k.keyword",
                                                          "bytes": 8
                                                        },
                                                        {
                                                          "name": "k.phonetic_code",
                                                          "bytes": 8
                                                        }
                                                      ]
                                                    },
                                                    {
                                                      "Node Type": "Bitmap Heap Scan",
                                                      "Parent Relationship": "Inner",
                                                      "Parallel Aware": false,
                                                      "Async Capable": false,
                                                      "Relation Name": "movie_keyword",
                                                      "Schema": "public",
                                                      "Alias": "mk",
                                                      "Startup Cost": 6.8,
                                                      "Total Cost": 1089.97,
                                                      "Plan Rows": 306,
                                                      "Plan Width": 8,
                                                      "Actual Startup Time": 4.672,
                                                      "Actual Total Time": 35.496,
                                                      "Actual Rows": 10959.14,
                                                      "Actual Loops": 7,
                                                      "Disabled": false,
                                                      "Output": [
                                                        "mk.id",
                                                        "mk.movie_id",
                                                        "mk.keyword_id"
                                                      ],
                                                      "Recheck Cond": "(k.id = mk.keyword_id)",
                                                      "Rows Removed by Index Recheck": 0,
                                                      "Exact Heap Blocks": 12389,
                                                      "Lossy Heap Blocks": 0,
                                                      "Shared Hit Blocks": 15554,
                                                      "Shared Read Blocks": 37654,
                                                      "Shared Dirtied Blocks": 0,
                                                      "Shared Written Blocks": 0,
                                                      "Local Hit Blocks": 0,
                                                      "Local Read Blocks": 0,
                                                      "Local Dirtied Blocks": 0,
                                                      "Local Written Blocks": 0,
                                                      "Temp Read Blocks": 0,
                                                      "Temp Written Blocks": 0,
                                                      "Workers": [
                                                        {
                                                          "Worker Number": 0,
                                                          "Actual Startup Time": 5.736,
                                                          "Actual Total Time": 42.839,
                                                          "Actual Rows": 12957.0,
                                                          "Actual Loops": 2,
                                                          "Shared Hit Blocks": 6321,
                                                          "Shared Read Blocks": 9467,
                                                          "Shared Dirtied Blocks": 0,
                                                          "Shared Written Blocks": 0,
                                                          "Local Hit Blocks": 0,
                                                          "Local Read Blocks": 0,
                                                          "Local Dirtied Blocks": 0,
                                                          "Local Written Blocks": 0,
                                                          "Temp Read Blocks": 0,
                                                          "Temp Written Blocks": 0
                                                        },
                                                        {
                                                          "Worker Number": 1,
                                                          "Actual Startup Time": 3.185,
                                                          "Actual Total Time": 23.359,
                                                          "Actual Rows": 7818.0,
                                                          "Actual Loops": 4,
                                                          "Shared Hit Blocks": 2327,
                                                          "Shared Read Blocks": 22758,
                                                          "Shared Dirtied Blocks": 0,
                                                          "Shared Written Blocks": 0,
                                                          "Local Hit Blocks": 0,
                                                          "Local Read Blocks": 0,
                                                          "Local Dirtied Blocks": 0,
                                                          "Local Written Blocks": 0,
                                                          "Temp Read Blocks": 0,
                                                          "Temp Written Blocks": 0
                                                        }
                                                      ],
                                                      "Plans": [
                                                        {
                                                          "Node Type": "Bitmap Index Scan",
                                                          "Parent Relationship": "Outer",
                                                          "Parallel Aware": false,
                                                          "Async Capable": false,
                                                          "Index Name": "keyword_id_movie_keyword",
                                                          "Startup Cost": 0.0,
                                                          "Total Cost": 6.73,
                                                          "Plan Rows": 306,
                                                          "Plan Width": 0,
                                                          "Actual Startup Time": 3.783,
                                                          "Actual Total Time": 3.784,
                                                          "Actual Rows": 10959.14,
                                                          "Actual Loops": 7,
                                                          "Disabled": false,
                                                          "Index Cond": "(mk.keyword_id = k.id)",
                                                          "Index Searches": 7,
                                                          "Shared Hit Blocks": 8,
                                                          "Shared Read Blocks": 73,
                                                          "Shared Dirtied Blocks": 0,
                                                          "Shared Written Blocks": 0,
                                                          "Local Hit Blocks": 0,
                                                          "Local Read Blocks": 0,
                                                          "Local Dirtied Blocks": 0,
                                                          "Local Written Blocks": 0,
                                                          "Temp Read Blocks": 0,
                                                          "Temp Written Blocks": 0,
                                                          "Workers": [
                                                            {
                                                              "Worker Number": 0,
                                                              "Actual Startup Time": 4.668,
                                                              "Actual Total Time": 4.668,
                                                              "Actual Rows": 12957.0,
                                                              "Actual Loops": 2,
                                                              "Shared Hit Blocks": 2,
                                                              "Shared Read Blocks": 25,
                                                              "Shared Dirtied Blocks": 0,
                                                              "Shared Written Blocks": 0,
                                                              "Local Hit Blocks": 0,
                                                              "Local Read Blocks": 0,
                                                              "Local Dirtied Blocks": 0,
                                                              "Local Written Blocks": 0,
                                                              "Temp Read Blocks": 0,
                                                              "Temp Written Blocks": 0
                                                            },
                                                            {
                                                              "Worker Number": 1,
                                                              "Actual Startup Time": 2.618,
                                                              "Actual Total Time": 2.618,
                                                              "Actual Rows": 7818.0,
                                                              "Actual Loops": 4,
                                                              "Shared Hit Blocks": 4,
                                                              "Shared Read Blocks": 32,
                                                              "Shared Dirtied Blocks": 0,
                                                              "Shared Written Blocks": 0,
                                                              "Local Hit Blocks": 0,
                                                              "Local Read Blocks": 0,
                                                              "Local Dirtied Blocks": 0,
                                                              "Local Written Blocks": 0,
                                                              "Temp Read Blocks": 0,
                                                              "Temp Written Blocks": 0
                                                            }
                                                          ],
                                                          "ius": []
                                                        }
                                                      ],
                                                      "ius": [
                                                        {
                                                          "name": "mk.id",
                                                          "bytes": 8
                                                        },
                                                        {
                                                          "name": "mk.movie_id",
                                                          "bytes": 8
                                                        },
                                                        {
                                                          "name": "mk.keyword_id",
                                                          "bytes": 8
                                                        }
                                                      ]
                                                    }
                                                  ],
                                                  "ius": [
                                                    {
                                                      "name": "mk.movie_id",
                                                      "bytes": 8
                                                    }
                                                  ]
                                                },
                                                {
                                                  "Node Type": "Index Scan",
                                                  "Parent Relationship": "Inner",
                                                  "Parallel Aware": false,
                                                  "Async Capable": false,
                                                  "Scan Direction": "Forward",
                                                  "Index Name": "title_pkey",
                                                  "Relation Name": "title",
                                                  "Schema": "public",
                                                  "Alias": "t",
                                                  "Startup Cost": 0.43,
                                                  "Total Cost": 1.13,
                                                  "Plan Rows": 1,
                                                  "Plan Width": 21,
                                                  "Actual Startup Time": 0.046,
                                                  "Actual Total Time": 0.046,
                                                  "Actual Rows": 0.0,
                                                  "Actual Loops": 76714,
                                                  "Disabled": false,
                                                  "Output": [
                                                    "t.id",
                                                    "t.title",
                                                    "t.imdb_index",
                                                    "t.kind_id",
                                                    "t.production_year",
                                                    "t.imdb_id",
                                                    "t.phonetic_code",
                                                    "t.episode_of_id",
                                                    "t.season_nr",
                                                    "t.episode_nr",
                                                    "t.series_years",
                                                    "t.md5sum"
                                                  ],
                                                  "Index Cond": "(t.id = mk.movie_id)",
                                                  "Rows Removed by Index Recheck": 0,
                                                  "Filter": "((t.production_year > 2000) AND ((t.title ~~ '%Freddy%'::text) OR (t.title ~~ '%Jason%'::text) OR (t.title ~~ 'Saw%'::text)))",
                                                  "Rows Removed by Filter": 1,
                                                  "Index Searches": 76714,
                                                  "Shared Hit Blocks": 268380,
                                                  "Shared Read Blocks": 38478,
                                                  "Shared Dirtied Blocks": 0,
                                                  "Shared Written Blocks": 0,
                                                  "Local Hit Blocks": 0,
                                                  "Local Read Blocks": 0,
                                                  "Local Dirtied Blocks": 0,
                                                  "Local Written Blocks": 0,
                                                  "Temp Read Blocks": 0,
                                                  "Temp Written Blocks": 0,
                                                  "Workers": [
                                                    {
                                                      "Worker Number": 0,
                                                      "Actual Startup Time": 0.047,
                                                      "Actual Total Time": 0.047,
                                                      "Actual Rows": 0.0,
                                                      "Actual Loops": 25914,
                                                      "Shared Hit Blocks": 93677,
                                                      "Shared Read Blocks": 9980,
                                                      "Shared Dirtied Blocks": 0,
                                                      "Shared Written Blocks": 0,
                                                      "Local Hit Blocks": 0,
                                                      "Local Read Blocks": 0,
                                                      "Local Dirtied Blocks": 0,
                                                      "Local Written Blocks": 0,
                                                      "Temp Read Blocks": 0,
                                                      "Temp Written Blocks": 0
                                                    },
                                                    {
                                                      "Worker Number": 1,
                                                      "Actual Startup Time": 0.043,
                                                      "Actual Total Time": 0.043,
                                                      "Actual Rows": 0.0,
                                                      "Actual Loops": 31272,
                                                      "Shared Hit Blocks": 102355,
                                                      "Shared Read Blocks": 22734,
                                                      "Shared Dirtied Blocks": 0,
                                                      "Shared Written Blocks": 0,
                                                      "Local Hit Blocks": 0,
                                                      "Local Read Blocks": 0,
                                                      "Local Dirtied Blocks": 0,
                                                      "Local Written Blocks": 0,
                                                      "Temp Read Blocks": 0,
                                                      "Temp Written Blocks": 0
                                                    }
                                                  ],
                                                  "actual_scan_in_card": 2528312,
                                                  "actual_funnel_counts": [
                                                    2528312,
                                                    1381453,
                                                    533
                                                  ],
                                                  "component_selectivity": {
                                                    "compare_selectivity": 0.5463934039786229,
                                                    "expression_selectivity": 0.00038582564879152605
                                                  },
                                                  "ius": [
                                                    {
                                                      "name": "t.id",
                                                      "bytes": 8
                                                    },
                                                    {
                                                      "name": "t.title",
                                                      "bytes": 8
                                                    },
                                                    {
                                                      "name": "t.imdb_index",
                                                      "bytes": 8
                                                    },
                                                    {
                                                      "name": "t.kind_id",
                                                      "bytes": 8
                                                    },
                                                    {
                                                      "name": "t.production_year",
                                                      "bytes": 8
                                                    },
                                                    {
                                                      "name": "t.imdb_id",
                                                      "bytes": 8
                                                    },
                                                    {
                                                      "name": "t.phonetic_code",
                                                      "bytes": 8
                                                    },
                                                    {
                                                      "name": "t.episode_of_id",
                                                      "bytes": 8
                                                    },
                                                    {
                                                      "name": "t.season_nr",
                                                      "bytes": 8
                                                    },
                                                    {
                                                      "name": "t.episode_nr",
                                                      "bytes": 8
                                                    },
                                                    {
                                                      "name": "t.series_years",
                                                      "bytes": 8
                                                    },
                                                    {
                                                      "name": "t.md5sum",
                                                      "bytes": 8
                                                    }
                                                  ]
                                                }
                                              ],
                                              "ius": [
                                                {
                                                  "name": "mk.movie_id",
                                                  "bytes": 8
                                                },
                                                {
                                                  "name": "t.title",
                                                  "bytes": 8
                                                },
                                                {
                                                  "name": "t.id",
                                                  "bytes": 8
                                                }
                                              ]
                                            }
                                          ],
                                          "ius": [
                                            {
                                              "name": "mk.movie_id",
                                              "bytes": 8
                                            },
                                            {
                                              "name": "t.title",
                                              "bytes": 8
                                            },
                                            {
                                              "name": "t.id",
                                              "bytes": 8
                                            }
                                          ]
                                        },
                                        {
                                          "Node Type": "Index Scan",
                                          "Parent Relationship": "Inner",
                                          "Parallel Aware": false,
                                          "Async Capable": false,
                                          "Scan Direction": "Forward",
                                          "Index Name": "movie_id_cast_info",
                                          "Relation Name": "cast_info",
                                          "Schema": "public",
                                          "Alias": "ci",
                                          "Startup Cost": 0.44,
                                          "Total Cost": 22.81,
                                          "Plan Rows": 1,
                                          "Plan Width": 8,
                                          "Actual Startup Time": 2.29,
                                          "Actual Total Time": 3.138,
                                          "Actual Rows": 1.57,
                                          "Actual Loops": 49,
                                          "Disabled": false,
                                          "Output": [
                                            "ci.id",
                                            "ci.person_id",
                                            "ci.movie_id",
                                            "ci.person_role_id",
                                            "ci.note",
                                            "ci.nr_order",
                                            "ci.role_id"
                                          ],
                                          "Index Cond": "(ci.movie_id = mk.movie_id)",
                                          "Rows Removed by Index Recheck": 0,
                                          "Filter": "(ci.note = ANY ('{(writer),\"(head writer)\",\"(written by)\",(story),\"(story editor)\"}'::text[]))",
                                          "Rows Removed by Filter": 82,
                                          "Index Searches": 49,
                                          "Shared Hit Blocks": 2465,
                                          "Shared Read Blocks": 1668,
                                          "Shared Dirtied Blocks": 0,
                                          "Shared Written Blocks": 0,
                                          "Local Hit Blocks": 0,
                                          "Local Read Blocks": 0,
                                          "Local Dirtied Blocks": 0,
                                          "Local Written Blocks": 0,
                                          "Temp Read Blocks": 0,
                                          "Temp Written Blocks": 0,
                                          "actual_scan_in_card": 36244344,
                                          "actual_funnel_counts": [
                                            36244344,
                                            1244716
                                          ],
                                          "component_selectivity": {
                                            "compare_selectivity": 0.03434235145765088
                                          },
                                          "ius": [
                                            {
                                              "name": "ci.id",
                                              "bytes": 8
                                            },
                                            {
                                              "name": "ci.person_id",
                                              "bytes": 8
                                            },
                                            {
                                              "name": "ci.movie_id",
                                              "bytes": 8
                                            },
                                            {
                                              "name": "ci.person_role_id",
                                              "bytes": 8
                                            },
                                            {
                                              "name": "ci.note",
                                              "bytes": 8
                                            },
                                            {
                                              "name": "ci.nr_order",
                                              "bytes": 8
                                            },
                                            {
                                              "name": "ci.role_id",
                                              "bytes": 8
                                            }
                                          ]
                                        }
                                      ],
                                      "ius": [
                                        {
                                          "name": "ci.movie_id",
                                          "bytes": 8
                                        },
                                        {
                                          "name": "ci.person_id",
                                          "bytes": 8
                                        },
                                        {
                                          "name": "mk.movie_id",
                                          "bytes": 8
                                        },
                                        {
                                          "name": "t.title",
                                          "bytes": 8
                                        },
                                        {
                                          "name": "t.id",
                                          "bytes": 8
                                        }
                                      ]
                                    },
                                    {
                                      "Node Type": "Index Scan",
                                      "Parent Relationship": "Inner",
                                      "Parallel Aware": false,
                                      "Async Capable": false,
                                      "Scan Direction": "Forward",
                                      "Index Name": "movie_id_movie_companies",
                                      "Relation Name": "movie_companies",
                                      "Schema": "public",
                                      "Alias": "mc",
                                      "Startup Cost": 0.43,
                                      "Total Cost": 2.14,
                                      "Plan Rows": 1,
                                      "Plan Width": 8,
                                      "Actual Startup Time": 0.024,
                                      "Actual Total Time": 0.026,
                                      "Actual Rows": 1.55,
                                      "Actual Loops": 77,
                                      "Disabled": false,
                                      "Output": [
                                        "mc.id",
                                        "mc.movie_id",
                                        "mc.company_id",
                                        "mc.company_type_id",
                                        "mc.note"
                                      ],
                                      "Index Cond": "(mc.movie_id = mk.movie_id)",
                                      "Rows Removed by Index Recheck": 0,
                                      "Filter": "(mc.note ~~ '%(Blu-ray)%'::text)",
                                      "Rows Removed by Filter": 24,
                                      "Index Searches": 77,
                                      "Shared Hit Blocks": 350,
                                      "Shared Read Blocks": 43,
                                      "Shared Dirtied Blocks": 0,
                                      "Shared Written Blocks": 0,
                                      "Local Hit Blocks": 0,
                                      "Local Read Blocks": 0,
                                      "Local Dirtied Blocks": 0,
                                      "Local Written Blocks": 0,
                                      "Temp Read Blocks": 0,
                                      "Temp Written Blocks": 0,
                                      "actual_scan_in_card": 2609129,
                                      "actual_funnel_counts": [
                                        2609129,
                                        7963
                                      ],
                                      "component_selectivity": {
                                        "expression_selectivity": 0.0030519763491954595
                                      },
                                      "ius": [
                                        {
                                          "name": "mc.id",
                                          "bytes": 8
                                        },
                                        {
                                          "name": "mc.movie_id",
                                          "bytes": 8
                                        },
                                        {
                                          "name": "mc.company_id",
                                          "bytes": 8
                                        },
                                        {
                                          "name": "mc.company_type_id",
                                          "bytes": 8
                                        },
                                        {
                                          "name": "mc.note",
                                          "bytes": 8
                                        }
                                      ]
                                    }
                                  ],
                                  "ius": [
                                    {
                                      "name": "ci.movie_id",
                                      "bytes": 8
                                    },
                                    {
                                      "name": "ci.person_id",
                                      "bytes": 8
                                    },
                                    {
                                      "name": "mc.movie_id",
                                      "bytes": 8
                                    },
                                    {
                                      "name": "mc.company_id",
                                      "bytes": 8
                                    },
                                    {
                                      "name": "mk.movie_id",
                                      "bytes": 8
                                    },
                                    {
                                      "name": "t.title",
                                      "bytes": 8
                                    },
                                    {
                                      "name": "t.id",
                                      "bytes": 8
                                    }
                                  ]
                                },
                                {
                                  "Node Type": "Index Scan",
                                  "Parent Relationship": "Inner",
                                  "Parallel Aware": false,
                                  "Async Capable": false,
                                  "Scan Direction": "Forward",
                                  "Index Name": "company_name_pkey",
                                  "Relation Name": "company_name",
                                  "Schema": "public",
                                  "Alias": "cn",
                                  "Startup Cost": 0.42,
                                  "Total Cost": 8.22,
                                  "Plan Rows": 1,
                                  "Plan Width": 4,
                                  "Actual Startup Time": 0.008,
                                  "Actual Total Time": 0.008,
                                  "Actual Rows": 0.45,
                                  "Actual Loops": 119,
                                  "Disabled": false,
                                  "Output": [
                                    "cn.id",
                                    "cn.name",
                                    "cn.country_code",
                                    "cn.imdb_id",
                                    "cn.name_pcode_nf",
                                    "cn.name_pcode_sf",
                                    "cn.md5sum"
                                  ],
                                  "Index Cond": "(cn.id = mc.company_id)",
                                  "Rows Removed by Index Recheck": 0,
                                  "Filter": "(cn.name ~~ 'Lionsgate%'::text)",
                                  "Rows Removed by Filter": 1,
                                  "Index Searches": 119,
                                  "Shared Hit Blocks": 458,
                                  "Shared Read Blocks": 18,
                                  "Shared Dirtied Blocks": 0,
                                  "Shared Written Blocks": 0,
                                  "Local Hit Blocks": 0,
                                  "Local Read Blocks": 0,
                                  "Local Dirtied Blocks": 0,
                                  "Local Written Blocks": 0,
                                  "Temp Read Blocks": 0,
                                  "Temp Written Blocks": 0,
                                  "actual_scan_in_card": 234997,
                                  "actual_funnel_counts": [
                                    234997,
                                    10
                                  ],
                                  "component_selectivity": {
                                    "expression_selectivity": 4.255373472852845e-05
                                  },
                                  "ius": [
                                    {
                                      "name": "cn.id",
                                      "bytes": 8
                                    },
                                    {
                                      "name": "cn.name",
                                      "bytes": 8
                                    },
                                    {
                                      "name": "cn.country_code",
                                      "bytes": 8
                                    },
                                    {
                                      "name": "cn.imdb_id",
                                      "bytes": 8
                                    },
                                    {
                                      "name": "cn.name_pcode_nf",
                                      "bytes": 8
                                    },
                                    {
                                      "name": "cn.name_pcode_sf",
                                      "bytes": 8
                                    },
                                    {
                                      "name": "cn.md5sum",
                                      "bytes": 8
                                    }
                                  ]
                                }
                              ],
                              "ius": [
                                {
                                  "name": "ci.movie_id",
                                  "bytes": 8
                                },
                                {
                                  "name": "ci.person_id",
                                  "bytes": 8
                                },
                                {
                                  "name": "mc.movie_id",
                                  "bytes": 8
                                },
                                {
                                  "name": "mk.movie_id",
                                  "bytes": 8
                                },
                                {
                                  "name": "t.title",
                                  "bytes": 8
                                },
                                {
                                  "name": "t.id",
                                  "bytes": 8
                                }
                              ]
                            },
                            {
                              "Node Type": "Index Scan",
                              "Parent Relationship": "Inner",
                              "Parallel Aware": false,
                              "Async Capable": false,
                              "Scan Direction": "Forward",
                              "Index Name": "movie_id_movie_info",
                              "Relation Name": "movie_info",
                              "Schema": "public",
                              "Alias": "mi",
                              "Startup Cost": 0.43,
                              "Total Cost": 18.69,
                              "Plan Rows": 1,
                              "Plan Width": 50,
                              "Actual Startup Time": 0.216,
                              "Actual Total Time": 0.217,
                              "Actual Rows": 1.58,
                              "Actual Loops": 53,
                              "Disabled": false,
                              "Output": [
                                "mi.id",
                                "mi.movie_id",
                                "mi.info_type_id",
                                "mi.info",
                                "mi.note"
                              ],
                              "Index Cond": "(mi.movie_id = mk.movie_id)",
                              "Rows Removed by Index Recheck": 0,
                              "Filter": "(mi.info = ANY ('{Horror,Thriller}'::text[]))",
                              "Rows Removed by Filter": 292,
                              "Index Searches": 53,
                              "Shared Hit Blocks": 1421,
                              "Shared Read Blocks": 99,
                              "Shared Dirtied Blocks": 0,
                              "Shared Written Blocks": 0,
                              "Local Hit Blocks": 0,
                              "Local Read Blocks": 0,
                              "Local Dirtied Blocks": 0,
                              "Local Written Blocks": 0,
                              "Temp Read Blocks": 0,
                              "Temp Written Blocks": 0,
                              "actual_scan_in_card": 14835720,
                              "actual_funnel_counts": [
                                14835720,
                                73047
                              ],
                              "component_selectivity": {
                                "compare_selectivity": 0.0049237246321715425
                              },
                              "ius": [
                                {
                                  "name": "mi.id",
                                  "bytes": 8
                                },
                                {
                                  "name": "mi.movie_id",
                                  "bytes": 8
                                },
                                {
                                  "name": "mi.info_type_id",
                                  "bytes": 8
                                },
                                {
                                  "name": "mi.info",
                                  "bytes": 8
                                },
                                {
                                  "name": "mi.note",
                                  "bytes": 8
                                }
                              ]
                            }
                          ],
                          "ius": [
                            {
                              "name": "ci.movie_id",
                              "bytes": 9
                            },
                            {
                              "name": "ci.person_id",
                              "bytes": 9
                            },
                            {
                              "name": "mc.movie_id",
                              "bytes": 9
                            },
                            {
                              "name": "mi.info",
                              "bytes": 9
                            },
                            {
                              "name": "mi.movie_id",
                              "bytes": 9
                            },
                            {
                              "name": "mi.info_type_id",
                              "bytes": 9
                            },
                            {
                              "name": "mk.movie_id",
                              "bytes": 9
                            },
                            {
                              "name": "t.title",
                              "bytes": 9
                            },
                            {
                              "name": "t.id",
                              "bytes": 9
                            }
                          ]
                        },
                        {
                          "Node Type": "Index Scan",
                          "Parent Relationship": "Inner",
                          "Parallel Aware": false,
                          "Async Capable": false,
                          "Scan Direction": "Forward",
                          "Index Name": "info_type_pkey",
                          "Relation Name": "info_type",
                          "Schema": "public",
                          "Alias": "it1",
                          "Startup Cost": 0.14,
                          "Total Cost": 0.16,
                          "Plan Rows": 1,
                          "Plan Width": 4,
                          "Actual Startup Time": 0.002,
                          "Actual Total Time": 0.002,
                          "Actual Rows": 1.0,
                          "Actual Loops": 84,
                          "Disabled": false,
                          "Output": [
                            "it1.id",
                            "it1.info"
                          ],
                          "Index Cond": "(it1.id = mi.info_type_id)",
                          "Rows Removed by Index Recheck": 0,
                          "Filter": "((it1.info)::text = 'genres'::text)",
                          "Rows Removed by Filter": 0,
                          "Index Searches": 84,
                          "Shared Hit Blocks": 166,
                          "Shared Read Blocks": 2,
                          "Shared Dirtied Blocks": 0,
                          "Shared Written Blocks": 0,
                          "Local Hit Blocks": 0,
                          "Local Read Blocks": 0,
                          "Local Dirtied Blocks": 0,
                          "Local Written Blocks": 0,
                          "Temp Read Blocks": 0,
                          "Temp Written Blocks": 0,
                          "actual_scan_in_card": 113,
                          "actual_funnel_counts": [
                            113,
                            1
                          ],
                          "component_selectivity": {
                            "compare_selectivity": 0.008849557522123894
                          },
                          "ius": [
                            {
                              "name": "it1.id",
                              "bytes": 8
                            },
                            {
                              "name": "it1.info",
                              "bytes": 8
                            }
                          ]
                        }
                      ],
                      "ius": [
                        {
                          "name": "ci.movie_id",
                          "bytes": 10
                        },
                        {
                          "name": "ci.person_id",
                          "bytes": 10
                        },
                        {
                          "name": "mc.movie_id",
                          "bytes": 10
                        },
                        {
                          "name": "mi.info",
                          "bytes": 10
                        },
                        {
                          "name": "mi.movie_id",
                          "bytes": 10
                        },
                        {
                          "name": "mk.movie_id",
                          "bytes": 10
                        },
                        {
                          "name": "t.title",
                          "bytes": 10
                        },
                        {
                          "name": "t.id",
                          "bytes": 10
                        }
                      ]
                    },
                    {
                      "Node Type": "Index Scan",
                      "Parent Relationship": "Inner",
                      "Parallel Aware": false,
                      "Async Capable": false,
                      "Scan Direction": "Forward",
                      "Index Name": "movie_id_movie_info_idx",
                      "Relation Name": "movie_info_idx",
                      "Schema": "public",
                      "Alias": "mi_idx",
                      "Startup Cost": 0.43,
                      "Total Cost": 1.08,
                      "Plan Rows": 3,
                      "Plan Width": 13,
                      "Actual Startup Time": 0.004,
                      "Actual Total Time": 0.004,
                      "Actual Rows": 3.0,
                      "Actual Loops": 84,
                      "Disabled": false,
                      "Output": [
                        "mi_idx.id",
                        "mi_idx.movie_id",
                        "mi_idx.info_type_id",
                        "mi_idx.info",
                        "mi_idx.note"
                      ],
                      "Index Cond": "(mi_idx.movie_id = mk.movie_id)",
                      "Rows Removed by Index Recheck": 0,
                      "Index Searches": 84,
                      "Shared Hit Blocks": 329,
                      "Shared Read Blocks": 7,
                      "Shared Dirtied Blocks": 0,
                      "Shared Written Blocks": 0,
                      "Local Hit Blocks": 0,
                      "Local Read Blocks": 0,
                      "Local Dirtied Blocks": 0,
                      "Local Written Blocks": 0,
                      "Temp Read Blocks": 0,
                      "Temp Written Blocks": 0,
                      "actual_scan_in_card": 1380035,
                      "ius": [
                        {
                          "name": "mi_idx.id",
                          "bytes": 8
                        },
                        {
                          "name": "mi_idx.movie_id",
                          "bytes": 8
                        },
                        {
                          "name": "mi_idx.info_type_id",
                          "bytes": 8
                        },
                        {
                          "name": "mi_idx.info",
                          "bytes": 8
                        },
                        {
                          "name": "mi_idx.note",
                          "bytes": 8
                        }
                      ]
                    }
                  ],
                  "ius": [
                    {
                      "name": "ci.person_id",
                      "bytes": 14
                    },
                    {
                      "name": "mi.info",
                      "bytes": 14
                    },
                    {
                      "name": "mi_idx.info",
                      "bytes": 14
                    },
                    {
                      "name": "mi_idx.info_type_id",
                      "bytes": 14
                    },
                    {
                      "name": "t.title",
                      "bytes": 14
                    }
                  ]
                },
                {
                  "Node Type": "Index Scan",
                  "Parent Relationship": "Inner",
                  "Parallel Aware": false,
                  "Async Capable": false,
                  "Scan Direction": "Forward",
                  "Index Name": "info_type_pkey",
                  "Relation Name": "info_type",
                  "Schema": "public",
                  "Alias": "it2",
                  "Startup Cost": 0.14,
                  "Total Cost": 0.16,
                  "Plan Rows": 1,
                  "Plan Width": 4,
                  "Actual Startup Time": 0.0,
                  "Actual Total Time": 0.0,
                  "Actual Rows": 0.33,
                  "Actual Loops": 252,
                  "Disabled": false,
                  "Output": [
                    "it2.id",
                    "it2.info"
                  ],
                  "Index Cond": "(it2.id = mi_idx.info_type_id)",
                  "Rows Removed by Index Recheck": 0,
                  "Filter": "((it2.info)::text = 'votes'::text)",
                  "Rows Removed by Filter": 1,
                  "Index Searches": 252,
                  "Shared Hit Blocks": 504,
                  "Shared Read Blocks": 0,
                  "Shared Dirtied Blocks": 0,
                  "Shared Written Blocks": 0,
                  "Local Hit Blocks": 0,
                  "Local Read Blocks": 0,
                  "Local Dirtied Blocks": 0,
                  "Local Written Blocks": 0,
                  "Temp Read Blocks": 0,
                  "Temp Written Blocks": 0,
                  "actual_scan_in_card": 113,
                  "actual_funnel_counts": [
                    113,
                    1
                  ],
                  "component_selectivity": {
                    "compare_selectivity": 0.008849557522123894
                  },
                  "ius": [
                    {
                      "name": "it2.id",
                      "bytes": 8
                    },
                    {
                      "name": "it2.info",
                      "bytes": 8
                    }
                  ]
                }
              ],
              "ius": [
                {
                  "name": "ci.person_id",
                  "bytes": 17
                },
                {
                  "name": "mi.info",
                  "bytes": 17
                },
                {
                  "name": "mi_idx.info",
                  "bytes": 17
                },
                {
                  "name": "t.title",
                  "bytes": 17
                }
              ]
            },
            {
              "Node Type": "Index Scan",
              "Parent Relationship": "Inner",
              "Parallel Aware": false,
              "Async Capable": false,
              "Scan Direction": "Forward",
              "Index Name": "name_pkey",
              "Relation Name": "name",
              "Schema": "public",
              "Alias": "n",
              "Startup Cost": 0.43,
              "Total Cost": 1.34,
              "Plan Rows": 1,
              "Plan Width": 19,
              "Actual Startup Time": 0.033,
              "Actual Total Time": 0.033,
              "Actual Rows": 1.0,
              "Actual Loops": 84,
              "Disabled": false,
              "Output": [
                "n.id",
                "n.name",
                "n.imdb_index",
                "n.imdb_id",
                "n.gender",
                "n.name_pcode_cf",
                "n.name_pcode_nf",
                "n.surname_pcode",
                "n.md5sum"
              ],
              "Index Cond": "(n.id = ci.person_id)",
              "Rows Removed by Index Recheck": 0,
              "Filter": "((n.gender)::text = 'm'::text)",
              "Rows Removed by Filter": 0,
              "Index Searches": 84,
              "Shared Hit Blocks": 308,
              "Shared Read Blocks": 28,
              "Shared Dirtied Blocks": 0,
              "Shared Written Blocks": 0,
              "Local Hit Blocks": 0,
              "Local Read Blocks": 0,
              "Local Dirtied Blocks": 0,
              "Local Written Blocks": 0,
              "Temp Read Blocks": 0,
              "Temp Written Blocks": 0,
              "actual_scan_in_card": 4167491,
              "actual_funnel_counts": [
                4167491,
                1739579
              ],
              "component_selectivity": {
                "compare_selectivity": 0.4174163783437085
              },
              "ius": [
                {
                  "name": "n.id",
                  "bytes": 8
                },
                {
                  "name": "n.name",
                  "bytes": 8
                },
                {
                  "name": "n.imdb_index",
                  "bytes": 8
                },
                {
                  "name": "n.imdb_id",
                  "bytes": 8
                },
                {
                  "name": "n.gender",
                  "bytes": 8
                },
                {
                  "name": "n.name_pcode_cf",
                  "bytes": 8
                },
                {
                  "name": "n.name_pcode_nf",
                  "bytes": 8
                },
                {
                  "name": "n.surname_pcode",
                  "bytes": 8
                },
                {
                  "name": "n.md5sum",
                  "bytes": 8
                }
              ]
            }
          ],
          "ius": [
            {
              "name": "mi.info",
              "bytes": 19
            },
            {
              "name": "mi_idx.info",
              "bytes": 19
            },
            {
              "name": "n.name",
              "bytes": 19
            },
            {
              "name": "t.title",
              "bytes": 19
            }
          ]
        }
      ],
      "ius": [
        {
          "name": "min(mi.info)",
          "bytes": 32
        },
        {
          "name": "min(mi_idx.info)",
          "bytes": 32
        },
        {
          "name": "min(n.name)",
          "bytes": 32
        },
        {
          "name": "min(t.title)",
          "bytes": 32
        }
      ]
    },
    "Planning": {
      "Shared Hit Blocks": 234,
      "Shared Read Blocks": 56,
      "Shared Dirtied Blocks": 0,
      "Shared Written Blocks": 0,
      "Local Hit Blocks": 0,
      "Local Read Blocks": 0,
      "Local Dirtied Blocks": 0,
      "Local Written Blocks": 0,
      "Temp Read Blocks": 0,
      "Temp Written Blocks": 0
    },
    "Planning Time": 39.518,
    "Triggers": [],
    "Execution Time": 1484.505
  }
]