[
  {
    "Plan": {
      "Node Type": "Aggregate",
      "Strategy": "Plain",
      "Partial Mode": "Simple",
      "Parallel Aware": false,
      "Async Capable": false,
      "Startup Cost": 359.1,
      "Total Cost": 359.11,
      "Plan Rows": 1,
      "Plan Width": 192,
      "Actual Startup Time": 267.541,
      "Actual Total Time": 267.544,
      "Actual Rows": 1.0,
      "Actual Loops": 1,
      "Disabled": false,
      "Output": [
        "min(cn1.name)",
        "min(cn2.name)",
        "min(mi_idx1.info)",
        "min(mi_idx2.info)",
        "min(t1.title)",
        "min(t2.title)"
      ],
      "Shared Hit Blocks": 105818,
      "Shared Read Blocks": 1878,
      "Shared Dirtied Blocks": 0,
      "Shared Written Blocks": 0,
      "Local Hit Blocks": 0,
      "Local Read Blocks": 0,
      "Local Dirtied Blocks": 0,
      "Local Written Blocks": 0,
      "Temp Read Blocks": 0,
      "Temp Written Blocks": 0,
      "Plans": [
        {
          "Node Type": "Nested Loop",
          "Parent Relationship": "Outer",
          "Parallel Aware": false,
          "Async Capable": false,
          "Join Type": "Inner",
          "Startup Cost": 30.83,
          "Total Cost": 359.09,
          "Plan Rows": 1,
          "Plan Width": 82,
          "Actual Startup Time": 24.75,
          "Actual Total Time": 267.536,
          "Actual Rows": 4.0,
          "Actual Loops": 1,
          "Disabled": false,
          "Output": [
            "cn1.name",
            "cn2.name",
            "mi_idx1.info",
            "mi_idx2.info",
            "t1.title",
            "t2.title"
          ],
          "Inner Unique": true,
          "Shared Hit Blocks": 105818,
          "Shared Read Blocks": 1878,
          "Shared Dirtied Blocks": 0,
          "Shared Written Blocks": 0,
          "Local Hit Blocks": 0,
          "Local Read Blocks": 0,
          "Local Dirtied Blocks": 0,
          "Local Written Blocks": 0,
          "Temp Read Blocks": 0,
          "Temp Written Blocks": 0,
          "Plans": [
            {
              "Node Type": "Nested Loop",
              "Parent Relationship": "Outer",
              "Parallel Aware": false,
              "Async Capable": false,
              "Join Type": "Inner",
              "Startup Cost": 30.41,
              "Total Cost": 358.64,
              "Plan Rows": 1,
              "Plan Width": 67,
              "Actual Startup Time": 24.747,
              "Actual Total Time": 267.528,
              "Actual Rows": 4.0,
              "Actual Loops": 1,
              "Disabled": false,
              "Output": [
                "cn1.name",
                "mi_idx1.info",
                "mc2.company_id",
                "mi_idx2.info",
                "t2.title",
                "t1.title"
              ],
              "Inner Unique": true,
              "Shared Hit Blocks": 105802,
              "Shared Read Blocks": 1878,
              "Shared Dirtied Blocks": 0,
              "Shared Written Blocks": 0,
              "Local Hit Blocks": 0,
              "Local Read Blocks": 0,
              "Local Dirtied Blocks": 0,
              "Local Written Blocks": 0,
              "Temp Read Blocks": 0,
              "Temp Written Blocks": 0,
              "Plans": [
                {
                  "Node Type": "Nested Loop",
                  "Parent Relationship": "Outer",
                  "Parallel Aware": false,
                  "Async Capable": false,
                  "Join Type": "Inner",
                  "Startup Cost": 30.27,
                  "Total Cost": 358.46,
                  "Plan Rows": 1,
                  "Plan Width": 71,
                  "Actual Startup Time": 24.731,
                  "Actual Total Time": 267.52,
                  "Actual Rows": 8.0,
                  "Actual Loops": 1,
                  "Disabled": false,
                  "Output": [
                    "cn1.name",
                    "mi_idx1.info",
                    "mc2.company_id",
                    "mi_idx2.info",
                    "mi_idx2.info_type_id",
                    "t2.title",
                    "t1.title"
                  ],
                  "Inner Unique": true,
                  "Shared Hit Blocks": 105786,
                  "Shared Read Blocks": 1878,
                  "Shared Dirtied Blocks": 0,
                  "Shared Written Blocks": 0,
                  "Local Hit Blocks": 0,
                  "Local Read Blocks": 0,
                  "Local Dirtied Blocks": 0,
                  "Local Written Blocks": 0,
                  "Temp Read Blocks": 0,
                  "Temp Written Blocks": 0,
                  "Plans": [
                    {
                      "Node Type": "Nested Loop",
                      "Parent Relationship": "Outer",
                      "Parallel Aware": false,
                      "Async Capable": false,
                      "Join Type": "Inner",
                      "Startup Cost": 30.12,
                      "Total Cost": 358.28,
                      "Plan Rows": 1,
                      "Plan Width": 75,
                      "Actual Startup Time": 24.728,
                      "Actual Total Time": 267.492,
                      "Actual Rows": 42.0,
                      "Actual Loops": 1,
                      "Disabled": false,
                      "Output": [
                        "cn1.name",
                        "mi_idx1.info",
                        "mc2.company_id",
                        "mi_idx2.info",
                        "mi_idx2.info_type_id",
                        "t2.title",
                        "t2.kind_id",
                        "t1.title"
                      ],
                      "Inner Unique": true,
                      "Shared Hit Blocks": 105702,
                      "Shared Read Blocks": 1878,
                      "Shared Dirtied Blocks": 0,
                      "Shared Written Blocks": 0,
                      "Local Hit Blocks": 0,
                      "Local Read Blocks": 0,
                      "Local Dirtied Blocks": 0,
                      "Local Written Blocks": 0,
                      "Temp Read Blocks": 0,
                      "Temp Written Blocks": 0,
                      "Plans": [
                        {
                          "Node Type": "Nested Loop",
                          "Parent Relationship": "Outer",
                          "Parallel Aware": false,
                          "Async Capable": false,
                          "Join Type": "Inner",
                          "Startup Cost": 29.7,
                          "Total Cost": 357.84,
                          "Plan Rows": 1,
                          "Plan Width": 60,
                          "Actual Startup Time": 14.683,
                          "Actual Total Time": 265.216,
                          "Actual Rows": 1272.0,
                          "Actual Loops": 1,
                          "Disabled": false,
                          "Output": [
                            "mi_idx1.info",
                            "mc2.company_id",
                            "mi_idx2.info",
                            "mi_idx2.info_type_id",
                            "t2.title",
                            "t2.kind_id",
                            "t1.title",
                            "mc1.company_id"
                          ],
                          "Inner Unique": false,
                          "Shared Hit Blocks": 100619,
                          "Shared Read Blocks": 1873,
                          "Shared Dirtied Blocks": 0,
                          "Shared Written Blocks": 0,
                          "Local Hit Blocks": 0,
                          "Local Read Blocks": 0,
                          "Local Dirtied Blocks": 0,
                          "Local Written Blocks": 0,
                          "Temp Read Blocks": 0,
                          "Temp Written Blocks": 0,
                          "Plans": [
                            {
                              "Node Type": "Nested Loop",
                              "Parent Relationship": "Outer",
                              "Parallel Aware": false,
                              "Async Capable": false,
                              "Join Type": "Inner",
                              "Startup Cost": 29.27,
                              "Total Cost": 357.23,
                              "Plan Rows": 1,
                              "Plan Width": 68,
                              "Actual Startup Time": 14.681,
                              "Actual Total Time": 264.813,
                              "Actual Rows": 173.0,
                              "Actual Loops": 1,
                              "Disabled": false,
                              "Output": [
                                "ml.movie_id",
                                "mi_idx1.info",
                                "mi_idx1.movie_id",
                                "mc2.company_id",
                                "mi_idx2.info",
                                "mi_idx2.info_type_id",
                                "t2.title",
                                "t2.kind_id",
                                "t1.title",
                                "t1.id"
                              ],
                              "Inner Unique": true,
                              "Shared Hit Blocks": 99782,
                              "Shared Read Blocks": 1873,
                              "Shared Dirtied Blocks": 0,
                              "Shared Written Blocks": 0,
                              "Local Hit Blocks": 0,
                              "Local Read Blocks": 0,
                              "Local Dirtied Blocks": 0,
                              "Local Written Blocks": 0,
                              "Temp Read Blocks": 0,
                              "Temp Written Blocks": 0,
                              "Plans": [
                                {
                                  "Node Type": "Nested Loop",
                                  "Parent Relationship": "Outer",
                                  "Parallel Aware": false,
                                  "Async Capable": false,
                                  "Join Type": "Inner",
                                  "Startup Cost": 29.12,
                                  "Total Cost": 357.05,
                                  "Plan Rows": 1,
                                  "Plan Width": 72,
                                  "Actual Startup Time": 14.673,
                                  "Actual Total Time": 264.672,
                                  "Actual Rows": 173.0,
                                  "Actual Loops": 1,
                                  "Disabled": false,
                                  "Output": [
                                    "ml.movie_id",
                                    "mi_idx1.info",
                                    "mi_idx1.movie_id",
                                    "mc2.company_id",
                                    "mi_idx2.info",
                                    "mi_idx2.info_type_id",
                                    "t2.title",
                                    "t2.kind_id",
                                    "t1.title",
                                    "t1.id",
                                    "t1.kind_id"
                                  ],
                                  "Inner Unique": true,
                                  "Join Filter": "(ml.movie_id = t1.id)",
                                  "Rows Removed by Join Filter": 0,
                                  "Shared Hit Blocks": 99436,
                                  "Shared Read Blocks": 1873,
                                  "Shared Dirtied Blocks": 0,
                                  "Shared Written Blocks": 0,
                                  "Local Hit Blocks": 0,
                                  "Local Read Blocks": 0,
                                  "Local Dirtied Blocks": 0,
                                  "Local Written Blocks": 0,
                                  "Temp Read Blocks": 0,
                                  "Temp Written Blocks": 0,
                                  "Plans": [
                                    {
                                      "Node Type": "Nested Loop",
                                      "Parent Relationship": "Outer",
                                      "Parallel Aware": false,
                                      "Async Capable": false,
                                      "Join Type": "Inner",
                                      "Startup Cost": 28.69,
                                      "Total Cost": 356.46,
                                      "Plan Rows": 1,
                                      "Plan Width": 47,
                                      "Actual Startup Time": 14.669,
                                      "Actual Total Time": 263.993,
                                      "Actual Rows": 173.0,
                                      "Actual Loops": 1,
                                      "Disabled": false,
                                      "Output": [
                                        "ml.movie_id",
                                        "mi_idx1.info",
                                        "mi_idx1.movie_id",
                                        "mc2.company_id",
                                        "mi_idx2.info",
                                        "mi_idx2.info_type_id",
                                        "t2.title",
                                        "t2.kind_id"
                                      ],
                                      "Inner Unique": true,
                                      "Join Filter": "(ml.linked_movie_id = t2.id)",
                                      "Rows Removed by Join Filter": 0,
                                      "Shared Hit Blocks": 98754,
                                      "Shared Read Blocks": 1863,
                                      "Shared Dirtied Blocks": 0,
                                      "Shared Written Blocks": 0,
                                      "Local Hit Blocks": 0,
                                      "Local Read Blocks": 0,
                                      "Local Dirtied Blocks": 0,
                                      "Local Written Blocks": 0,
                                      "Temp Read Blocks": 0,
                                      "Temp Written Blocks": 0,
                                      "Plans": [
                                        {
                                          "Node Type": "Nested Loop",
                                          "Parent Relationship": "Outer",
                                          "Parallel Aware": false,
                                          "Async Capable": false,
                                          "Join Type": "Inner",
                                          "Startup Cost": 28.26,
                                          "Total Cost": 352.74,
                                          "Plan Rows": 7,
                                          "Plan Width": 38,
                                          "Actual Startup Time": 2.261,
                                          "Actual Total Time": 251.148,
                                          "Actual Rows": 11868.0,
                                          "Actual Loops": 1,
                                          "Disabled": false,
                                          "Output": [
                                            "ml.movie_id",
                                            "ml.linked_movie_id",
                                            "mi_idx1.info",
                                            "mi_idx1.movie_id",
                                            "mc2.company_id",
                                            "mc2.movie_id",
                                            "mi_idx2.info",
                                            "mi_idx2.info_type_id",
                                            "mi_idx2.movie_id"
                                          ],
                                          "Inner Unique": false,
                                          "Join Filter": "(mi_idx2.movie_id = ml.linked_movie_id)",
                                          "Rows Removed by Join Filter": 0,
                                          "Shared Hit Blocks": 51287,
                                          "Shared Read Blocks": 1858,
                                          "Shared Dirtied Blocks": 0,
                                          "Shared Written Blocks": 0,
                                          "Local Hit Blocks": 0,
                                          "Local Read Blocks": 0,
                                          "Local Dirtied Blocks": 0,
                                          "Local Written Blocks": 0,
                                          "Temp Read Blocks": 0,
                                          "Temp Written Blocks": 0,
                                          "Plans": [
                                            {
                                              "Node Type": "Nested Loop",
                                              "Parent Relationship": "Outer",
                                              "Parallel Aware": false,
                                              "Async Capable": false,
                                              "Join Type": "Inner",
                                              "Startup Cost": 27.83,
                                              "Total Cost": 350.15,
                                              "Plan Rows": 5,
                                              "Plan Width": 25,
                                              "Actual Startup Time": 1.807,
                                              "Actual Total Time": 152.851,
                                              "Actual Rows": 8624.0,
                                              "Actual Loops": 1,
                                              "Disabled": false,
                                              "Output": [
                                                "ml.movie_id",
                                                "ml.linked_movie_id",
                                                "mi_idx1.info",
                                                "mi_idx1.movie_id",
                                                "mc2.company_id",
                                                "mc2.movie_id"
                                              ],
                                              "Inner Unique": false,
                                              "Shared Hit Blocks": 17551,
                                              "Shared Read Blocks": 1214,
                                              "Shared Dirtied Blocks": 0,
                                              "Shared Written Blocks": 0,
                                              "Local Hit Blocks": 0,
                                              "Local Read Blocks": 0,
                                              "Local Dirtied Blocks": 0,
                                              "Local Written Blocks": 0,
                                              "Temp Read Blocks": 0,
                                              "Temp Written Blocks": 0,
                                              "Plans": [
                                                {
                                                  "Node Type": "Nested Loop",
                                                  "Parent Relationship": "Outer",
                                                  "Parallel Aware": false,
                                                  "Async Capable": false,
                                                  "Join Type": "Inner",
                                                  "Startup Cost": 27.4,
                                                  "Total Cost": 346.24,
                                                  "Plan Rows": 1,
                                                  "Plan Width": 17,
                                                  "Actual Startup Time": 0.537,
                                                  "Actual Total Time": 5.625,
                                                  "Actual Rows": 2064.0,
                                                  "Actual Loops": 1,
                                                  "Disabled": false,
                                                  "Output": [
                                                    "ml.movie_id",
                                                    "ml.linked_movie_id",
                                                    "mi_idx1.info",
                                                    "mi_idx1.movie_id"
                                                  ],
                                                  "Inner Unique": true,
                                                  "Shared Hit Blocks": 9208,
                                                  "Shared Read Blocks": 3,
                                                  "Shared Dirtied Blocks": 0,
                                                  "Shared Written Blocks": 0,
                                                  "Local Hit Blocks": 0,
                                                  "Local Read Blocks": 0,
                                                  "Local Dirtied Blocks": 0,
                                                  "Local Written Blocks": 0,
                                                  "Temp Read Blocks": 0,
                                                  "Temp Written Blocks": 0,
                                                  "Plans": [
                                                    {
                                                      "Node Type": "Nested Loop",
                                                      "Parent Relationship": "Outer",
                                                      "Parallel Aware": false,
                                                      "Async Capable": false,
                                                      "Join Type": "Inner",
                                                      "Startup Cost": 27.25,
                                                      "Total Cost": 342.29,
                                                      "Plan Rows": 126,
                                                      "Plan Width": 21,
                                                      "Actual Startup Time": 0.53,
                                                      "Actual Total Time": 4.525,
                                                      "Actual Rows": 6192.0,
                                                      "Actual Loops": 1,
                                                      "Disabled": false,
                                                      "Output": [
                                                        "ml.movie_id",
                                                        "ml.linked_movie_id",
                                                        "mi_idx1.info",
                                                        "mi_idx1.info_type_id",
                                                        "mi_idx1.movie_id"
                                                      ],
                                                      "Inner Unique": false,
                                                      "Shared Hit Blocks": 9202,
                                                      "Shared Read Blocks": 3,
                                                      "Shared Dirtied Blocks": 0,
                                                      "Shared Written Blocks": 0,
                                                      "Local Hit Blocks": 0,
                                                      "Local Read Blocks": 0,
                                                      "Local Dirtied Blocks": 0,
                                                      "Local Written Blocks": 0,
                                                      "Temp Read Blocks": 0,
                                                      "Temp Written Blocks": 0,
                                                      "Plans": [
                                                        {
                                                          "Node Type": "Nested Loop",
                                                          "Parent Relationship": "Outer",
                                                          "Parallel Aware": false,
                                                          "Async Capable": false,
                                                          "Join Type": "Inner",
                                                          "Startup Cost": 26.82,
                                                          "Total Cost": 250.88,
                                                          "Plan Rows": 42,
                                                          "Plan Width": 8,
                                                          "Actual Startup Time": 0.522,
                                                          "Actual Total Time": 1.26,
                                                          "Actual Rows": 2315.0,
                                                          "Actual Loops": 1,
                                                          "Disabled": false,
                                                          "Output": [
                                                            "ml.movie_id",
                                                            "ml.linked_movie_id"
                                                          ],
                                                          "Inner Unique": false,
                                                          "Shared Hit Blocks": 193,
                                                          "Shared Read Blocks": 3,
                                                          "Shared Dirtied Blocks": 0,
                                                          "Shared Written Blocks": 0,
                                                          "Local Hit Blocks": 0,
                                                          "Local Read Blocks": 0,
                                                          "Local Dirtied Blocks": 0,
                                                          "Local Written Blocks": 0,
                                                          "Temp Read Blocks": 0,
                                                          "Temp Written Blocks": 0,
                                                          "Plans": [
                                                            {
                                                              "Node Type": "Seq Scan",
                                                              "Parent Relationship": "Outer",
                                                              "Parallel Aware": false,
                                                              "Async Capable": false,
                                                              "Relation Name": "link_type",
                                                              "Schema": "public",
                                                              "Alias": "lt",
                                                              "Startup Cost": 0.0,
                                                              "Total Cost": 18.88,
                                                              "Plan Rows": 1,
                                                              "Plan Width": 4,
                                                              "Actual Startup Time": 0.013,
                                                              "Actual Total Time": 0.021,
                                                              "Actual Rows": 2.0,
                                                              "Actual Loops": 1,
                                                              "Disabled": false,
                                                              "Output": [
                                                                "lt.id",
                                                                "lt.link"
                                                              ],
                                                              "Filter": "((lt.link)::text ~~ '%follow%'::text)",
                                                              "Rows Removed by Filter": 16,
                                                              "Shared Hit Blocks": 1,
                                                              "Shared Read Blocks": 0,
                                                              "Shared Dirtied Blocks": 0,
                                                              "Shared Written Blocks": 0,
                                                              "Local Hit Blocks": 0,
                                                              "Local Read Blocks": 0,
                                                              "Local Dirtied Blocks": 0,
                                                              "Local Written Blocks": 0,
                                                              "Temp Read Blocks": 0,
                                                              "Temp Written Blocks": 0,
                                                              "actual_scan_in_card": 18,
                                                              "actual_funnel_counts": [
                                                                18,
                                                                2
                                                              ],
                                                              "component_selectivity": {
                                                                "expression_selectivity": 0.1111111111111111
                                                              },
                                                              "ius": [
                                                                {
                                                                  "name": "lt.id",
                                                                  "bytes": 8
                                                                },
                                                                {
                                                                  "name": "lt.link",
                                                                  "bytes": 8
                                                                }
                                                              ]
                                                            },
                                                            {
                                                              "Node Type": "Bitmap Heap Scan",
                                                              "Parent Relationship": "Inner",
                                                              "Parallel Aware": false,
                                                              "Async Capable": false,
                                                              "Relation Name": "movie_link",
                                                              "Schema": "public",
                                                              "Alias": "ml",
                                                              "Startup Cost": 26.82,
                                                              "Total Cost": 213.26,
                                                              "Plan Rows": 1875,
                                                              "Plan Width": 12,
                                                              "Actual Startup Time": 0.361,
                                                              "Actual Total Time": 0.534,
                                                              "Actual Rows": 1157.5,
                                                              "Actual Loops": 2,
                                                              "Disabled": false,
                                                              "Output": [
                                                                "ml.id",
                                                                "ml.movie_id",
                                                                "ml.linked_movie_id",
                                                                "ml.link_type_id"
                                                              ],
                                                              "Recheck Cond": "(lt.id = ml.link_type_id)",
                                                              "Rows Removed by Index Recheck": 0,
                                                              "Exact Heap Blocks": 191,
                                                              "Lossy Heap Blocks": 0,
                                                              "Shared Hit Blocks": 192,
                                                              "Shared Read Blocks": 3,
                                                              "Shared Dirtied Blocks": 0,
                                                              "Shared Written Blocks": 0,
                                                              "Local Hit Blocks": 0,
                                                              "Local Read Blocks": 0,
                                                              "Local Dirtied Blocks": 0,
                                                              "Local Written Blocks": 0,
                                                              "Temp Read Blocks": 0,
                                                              "Temp Written Blocks": 0,
                                                              "Plans": [
                                                                {
                                                                  "Node Type": "Bitmap Index Scan",
                                                                  "Parent Relationship": "Outer",
                                                                  "Parallel Aware": false,
                                                                  "Async Capable": false,
                                                                  "Index Name": "link_type_id_movie_link",
                                                                  "Startup Cost": 0.0,
                                                                  "Total Cost": 26.35,
                                                                  "Plan Rows": 1875,
                                                                  "Plan Width": 0,
                                                                  "Actual Startup Time": 0.35,
                                                                  "Actual Total Time": 0.35,
                                                                  "Actual Rows": 1157.5,
                                                                  "Actual Loops": 2,
                                                                  "Disabled": false,
                                                                  "Index Cond": "(ml.link_type_id = lt.id)",
                                                                  "Index Searches": 2,
                                                                  "Shared Hit Blocks": 1,
                                                                  "Shared Read Blocks": 3,
                                                                  "Shared Dirtied Blocks": 0,
                                                                  "Shared Written Blocks": 0,
                                                                  "Local Hit Blocks": 0,
                                                                  "Local Read Blocks": 0,
                                                                  "Local Dirtied Blocks": 0,
                                                                  "Local Written Blocks": 0,
                                                                  "Temp Read Blocks": 0,
                                                                  "Temp Written Blocks": 0,
                                                                  "ius": []
                                                                }
                                                              ],
                                                              "ius": [
                                                                {
                                                                  "name": "ml.id",
                                                                  "bytes": 8
                                                                },
                                                                {
                                                                  "name": "ml.movie_id",
                                                                  "bytes": 8
                                                                },
                                                                {
                                                                  "name": "ml.linked_movie_id",
                                                                  "bytes": 8
                                                                },
                                                                {
                                                                  "name": "ml.link_type_id",
                                                                  "bytes": 8
                                                                }
                                                              ]
                                                            }
                                                          ],
                                                          "ius": [
                                                            {
                                                              "name": "ml.movie_id",
                                                              "bytes": 8
                                                            },
                                                            {
                                                              "name": "ml.linked_movie_id",
                                                              "bytes": 8
                                                            }
                                                          ]
                                                        },
                                                        {
                                                          "Node Type": "Index Scan",
                                                          "Parent Relationship": "Inner",
                                                          "Parallel Aware": false,
                                                          "Async Capable": false,
                                                          "Scan Direction": "Forward",
                                                          "Index Name": "movie_id_movie_info_idx",
                                                          "Relation Name": "movie_info_idx",
                                                          "Schema": "public",
                                                          "Alias": "mi_idx1",
                                                          "Startup Cost": 0.43,
                                                          "Total Cost": 2.15,
                                                          "Plan Rows": 3,
                                                          "Plan Width": 13,
                                                          "Actual Startup Time": 0.001,
                                                          "Actual Total Time": 0.001,
                                                          "Actual Rows": 2.67,
                                                          "Actual Loops": 2315,
                                                          "Disabled": false,
                                                          "Output": [
                                                            "mi_idx1.id",
                                                            "mi_idx1.movie_id",
                                                            "mi_idx1.info_type_id",
                                                            "mi_idx1.info",
                                                            "mi_idx1.note"
                                                          ],
                                                          "Index Cond": "(mi_idx1.movie_id = ml.movie_id)",
                                                          "Rows Removed by Index Recheck": 0,
                                                          "Index Searches": 2315,
                                                          "Shared Hit Blocks": 9009,
                                                          "Shared Read Blocks": 0,
                                                          "Shared Dirtied Blocks": 0,
                                                          "Shared Written Blocks": 0,
                                                          "Local Hit Blocks": 0,
                                                          "Local Read Blocks": 0,
                                                          "Local Dirtied Blocks": 0,
                                                          "Local Written Blocks": 0,
                                                          "Temp Read Blocks": 0,
                                                          "Temp Written Blocks": 0,
                                                          "actual_scan_in_card": 1380035,
                                                          "ius": [
                                                            {
                                                              "name": "mi_idx1.id",
                                                              "bytes": 8
                                                            },
                                                            {
                                                              "name": "mi_idx1.movie_id",
                                                              "bytes": 8
                                                            },
                                                            {
                                                              "name": "mi_idx1.info_type_id",
                                                              "bytes": 8
                                                            },
                                                            {
                                                              "name": "mi_idx1.info",
                                                              "bytes": 8
                                                            },
                                                            {
                                                              "name": "mi_idx1.note",
                                                              "bytes": 8
                                                            }
                                                          ]
                                                        }
                                                      ],
                                                      "ius": [
                                                        {
                                                          "name": "ml.movie_id",
                                                          "bytes": 8
                                                        },
                                                        {
                                                          "name": "ml.linked_movie_id",
                                                          "bytes": 8
                                                        },
                                                        {
                                                          "name": "mi_idx1.info",
                                                          "bytes": 8
                                                        },
                                                        {
                                                          "name": "mi_idx1.info_type_id",
                                                          "bytes": 8
                                                        },
                                                        {
                                                          "name": "mi_idx1.movie_id",
                                                          "bytes": 8
                                                        }
                                                      ]
                                                    },
                                                    {
                                                      "Node Type": "Memoize",
                                                      "Parent Relationship": "Inner",
                                                      "Parallel Aware": false,
                                                      "Async Capable": false,
                                                      "Startup Cost": 0.15,
                                                      "Total Cost": 0.17,
                                                      "Plan Rows": 1,
                                                      "Plan Width": 4,
                                                      "Actual Startup Time": 0.0,
                                                      "Actual Total Time": 0.0,
                                                      "Actual Rows": 0.33,
                                                      "Actual Loops": 6192,
                                                      "Disabled": false,
                                                      "Output": [
                                                        "it1.id"
                                                      ],
                                                      "Cache Key": "mi_idx1.info_type_id",
                                                      "Cache Mode": "logical",
                                                      "Cache Hits": 6189,
                                                      "Cache Misses": 3,
                                                      "Cache Evictions": 0,
                                                      "Cache Overflows": 0,
                                                      "Peak Memory Usage": 1,
                                                      "Shared Hit Blocks": 6,
                                                      "Shared Read Blocks": 0,
                                                      "Shared Dirtied Blocks": 0,
                                                      "Shared Written Blocks": 0,
                                                      "Local Hit Blocks": 0,
                                                      "Local Read Blocks": 0,
                                                      "Local Dirtied Blocks": 0,
                                                      "Local Written Blocks": 0,
                                                      "Temp Read Blocks": 0,
                                                      "Temp Written Blocks": 0,
                                                      "Plans": [
                                                        {
                                                          "Node Type": "Index Scan",
                                                          "Parent Relationship": "Outer",
                                                          "Parallel Aware": false,
                                                          "Async Capable": false,
                                                          "Scan Direction": "Forward",
                                                          "Index Name": "info_type_pkey",
                                                          "Relation Name": "info_type",
                                                          "Schema": "public",
                                                          "Alias": "it1",
                                                          "Startup Cost": 0.14,
                                                          "Total Cost": 0.16,
                                                          "Plan Rows": 1,
                                                          "Plan Width": 4,
                                                          "Actual Startup Time": 0.001,
                                                          "Actual Total Time": 0.001,
                                                          "Actual Rows": 0.33,
                                                          "Actual Loops": 3,
                                                          "Disabled": false,
                                                          "Output": [
                                                            "it1.id"
                                                          ],
                                                          "Index Cond": "(it1.id = mi_idx1.info_type_id)",
                                                          "Rows Removed by Index Recheck": 0,
                                                          "Filter": "((it1.info)::text = 'rating'::text)",
                                                          "Rows Removed by Filter": 1,
                                                          "Index Searches": 3,
                                                          "Shared Hit Blocks": 6,
                                                          "Shared Read Blocks": 0,
                                                          "Shared Dirtied Blocks": 0,
                                                          "Shared Written Blocks": 0,
                                                          "Local Hit Blocks": 0,
                                                          "Local Read Blocks": 0,
                                                          "Local Dirtied Blocks": 0,
                                                          "Local Written Blocks": 0,
                                                          "Temp Read Blocks": 0,
                                                          "Temp Written Blocks": 0,
                                                          "actual_scan_in_card": 113,
                                                          "actual_funnel_counts": [
                                                            113,
                                                            1
                                                          ],
                                                          "component_selectivity": {
                                                            "compare_selectivity": 0.008849557522123894
                                                          },
                                                          "ius": [
                                                            {
                                                              "name": "it1.id",
                                                              "bytes": 8
                                                            }
                                                          ]
                                                        }
                                                      ],
                                                      "ius": [
                                                        {
                                                          "name": "it1.id",
                                                          "bytes": 8
                                                        }
                                                      ]
                                                    }
                                                  ],
                                                  "ius": [
                                                    {
                                                      "name": "ml.movie_id",
                                                      "bytes": 8
                                                    },
                                                    {
                                                      "name": "ml.linked_movie_id",
                                                      "bytes": 8
                                                    },
                                                    {
                                                      "name": "mi_idx1.info",
                                                      "bytes": 8
                                                    },
                                                    {
                                                      "name": "mi_idx1.movie_id",
                                                      "bytes": 8
                                                    }
                                                  ]
                                                },
                                                {
                                                  "Node Type": "Index Scan",
                                                  "Parent Relationship": "Inner",
                                                  "Parallel Aware": false,
                                                  "Async Capable": false,
                                                  "Scan Direction": "Forward",
                                                  "Index Name": "movie_id_movie_companies",
                                                  "Relation Name": "movie_companies",
                                                  "Schema": "public",
                                                  "Alias": "mc2",
                                                  "Startup Cost": 0.43,
                                                  "Total Cost": 3.85,
                                                  "Plan Rows": 5,
                                                  "Plan Width": 8,
                                                  "Actual Startup Time": 0.07,
                                                  "Actual Total Time": 0.071,
                                                  "Actual Rows": 4.18,
                                                  "Actual Loops": 2064,
                                                  "Disabled": false,
                                                  "Output": [
                                                    "mc2.id",
                                                    "mc2.movie_id",
                                                    "mc2.company_id",
                                                    "mc2.company_type_id",
                                                    "mc2.note"
                                                  ],
                                                  "Index Cond": "(mc2.movie_id = ml.linked_movie_id)",
                                                  "Rows Removed by Index Recheck": 0,
                                                  "Index Searches": 2064,
                                                  "Shared Hit Blocks": 8343,
                                                  "Shared Read Blocks": 1211,
                                                  "Shared Dirtied Blocks": 0,
                                                  "Shared Written Blocks": 0,
                                                  "Local Hit Blocks": 0,
                                                  "Local Read Blocks": 0,
                                                  "Local Dirtied Blocks": 0,
                                                  "Local Written Blocks": 0,
                                                  "Temp Read Blocks": 0,
                                                  "Temp Written Blocks": 0,
                                                  "actual_scan_in_card": 2609129,
                                                  "ius": [
                                                    {
                                                      "name": "mc2.id",
                                                      "bytes": 8
                                                    },
                                                    {
                                                      "name": "mc2.movie_id",
                                                      "bytes": 8
                                                    },
                                                    {
                                                      "name": "mc2.company_id",
                                                      "bytes": 8
                                                    },
                                                    {
                                                      "name": "mc2.company_type_id",
                                                      "bytes": 8
                                                    },
                                                    {
                                                      "name": "mc2.note",
                                                      "bytes": 8
                                                    }
                                                  ]
                                                }
                                              ],
                                              "ius": [
                                                {
                                                  "name": "ml.movie_id",
                                                  "bytes": 8
                                                },
                                                {
                                                  "name": "ml.linked_movie_id",
                                                  "bytes": 8
                                                },
                                                {
                                                  "name": "mi_idx1.info",
                                                  "bytes": 8
                                                },
                                                {
                                                  "name": "mi_idx1.movie_id",
                                                  "bytes": 8
                                                },
                                                {
                                                  "name": "mc2.company_id",
                                                  "bytes": 8
                                                },
                                                {
                                                  "name": "mc2.movie_id",
                                                  "bytes": 8
                                                }
                                              ]
                                            },
                                            {
                                              "Node Type": "Index Scan",
                                              "Parent Relationship": "Inner",
                                              "Parallel Aware": false,
                                              "Async Capable": false,
                                              "Scan Direction": "Forward",
                                              "Index Name": "movie_id_movie_info_idx",
                                              "Relation Name": "movie_info_idx",
                                              "Schema": "public",
                                              "Alias": "mi_idx2",
                                              "Startup Cost": 0.43,
                                              "Total Cost": 0.51,
                                              "Plan Rows": 1,
                                              "Plan Width": 13,
                                              "Actual Startup Time": 0.011,
                                              "Actual Total Time": 0.011,
                                              "Actual Rows": 1.38,
                                              "Actual Loops": 8624,
                                              "Disabled": false,
                                              "Output": [
                                                "mi_idx2.id",
                                                "mi_idx2.movie_id",
                                                "mi_idx2.info_type_id",
                                                "mi_idx2.info",
                                                "mi_idx2.note"
                                              ],
                                              "Index Cond": "(mi_idx2.movie_id = mc2.movie_id)",
                                              "Rows Removed by Index Recheck": 0,
                                              "Filter": "(mi_idx2.info < '3.0'::text)",
                                              "Rows Removed by Filter": 2,
                                              "Index Searches": 8624,
                                              "Shared Hit Blocks": 33736,
                                              "Shared Read Blocks": 644,
                                              "Shared Dirtied Blocks": 0,
                                              "Shared Written Blocks": 0,
                                              "Local Hit Blocks": 0,
                                              "Local Read Blocks": 0,
                                              "Local Dirtied Blocks": 0,
                                              "Local Written Blocks": 0,
                                              "Temp Read Blocks": 0,
                                              "Temp Written Blocks": 0,
                                              "actual_scan_in_card": 1380035,
                                              "actual_funnel_counts": [
                                                1380035,
                                                674828
                                              ],
                                              "component_selectivity": {
                                                "compare_selectivity": 0.48899339509505196
                                              },
                                              "ius": [
                                                {
                                                  "name": "mi_idx2.id",
                                                  "bytes": 8
                                                },
                                                {
                                                  "name": "mi_idx2.movie_id",
                                                  "bytes": 8
                                                },
                                                {
                                                  "name": "mi_idx2.info_type_id",
                                                  "bytes": 8
                                                },
                                                {
                                                  "name": "mi_idx2.info",
                                                  "bytes": 8
                                                },
                                                {
                                                  "name": "mi_idx2.note",
                                                  "bytes": 8
                                                }
                                              ]
                                            }
                                          ],
                                          "ius": [
                                            {
                                              "name": "ml.movie_id",
                                              "bytes": 8
                                            },
                                            {
                                              "name": "ml.linked_movie_id",
                                              "bytes": 8
                                            },
                                            {
                                              "name": "mi_idx1.info",
                                              "bytes": 8
                                            },
                                            {
                                              "name": "mi_idx1.movie_id",
                                              "bytes": 8
                                            },
                                            {
                                              "name": "mc2.company_id",
                                              "bytes": 8
                                            },
                                            {
                                              "name": "mc2.movie_id",
                                              "bytes": 8
                                            },
                                            {
                                              "name": "mi_idx2.info",
                                              "bytes": 8
                                            },
                                            {
                                              "name": "mi_idx2.info_type_id",
                                              "bytes": 8
                                            },
                                            {
                                              "name": "mi_idx2.movie_id",
                                              "bytes": 8
                                            }
                                          ]
                                        },
                                        {
                                          "Node Type": "Index Scan",
                                          "Parent Relationship": "Inner",
                                          "Parallel Aware": false,
                                          "Async Capable": false,
                                          "Scan Direction": "Forward",
                                          "Index Name": "title_pkey",
                                          "Relation Name": "title",
                                          "Schema": "public",
                                          "Alias": "t2",
                                          "Startup Cost": 0.43,
                                          "Total Cost": 0.52,
                                          "Plan Rows": 1,
                                          "Plan Width": 25,
                                          "Actual Startup Time": 0.001,
                                          "Actual Total Time": 0.001,
                                          "Actual Rows": 0.01,
                                          "Actual Loops": 11868,
                                          "Disabled": false,
                                          "Output": [
                                            "t2.id",
                                            "t2.title",
                                            "t2.imdb_index",
                                            "t2.kind_id",
                                            "t2.production_year",
                                            "t2.imdb_id",
                                            "t2.phonetic_code",
                                            "t2.episode_of_id",
                                            "t2.season_nr",
                                            "t2.episode_nr",
                                            "t2.series_years",
                                            "t2.md5sum"
                                          ],
                                          "Index Cond": "(t2.id = mc2.movie_id)",
                                          "Rows Removed by Index Recheck": 0,
                                          "Filter": "(t2.production_year = 2007)",
                                          "Rows Removed by Filter": 1,
                                          "Index Searches": 11868,
                                          "Shared Hit Blocks": 47467,
                                          "Shared Read Blocks": 5,
                                          "Shared Dirtied Blocks": 0,
                                          "Shared Written Blocks": 0,
                                          "Local Hit Blocks": 0,
                                          "Local Read Blocks": 0,
                                          "Local Dirtied Blocks": 0,
                                          "Local Written Blocks": 0,
                                          "Temp Read Blocks": 0,
                                          "Temp Written Blocks": 0,
                                          "actual_scan_in_card": 2528312,
                                          "actual_funnel_counts": [
                                            2528312,
                                            119565
                                          ],
                                          "component_selectivity": {
                                            "compare_selectivity": 0.047290445166577544
                                          },
                                          "ius": [
                                            {
                                              "name": "t2.id",
                                              "bytes": 8
                                            },
                                            {
                                              "name": "t2.title",
                                              "bytes": 8
                                            },
                                            {
                                              "name": "t2.imdb_index",
                                              "bytes": 8
                                            },
                                            {
                                              "name": "t2.kind_id",
                                              "bytes": 8
                                            },
                                            {
                                              "name": "t2.production_year",
                                              "bytes": 8
                                            },
                                            {
                                              "name": "t2.imdb_id",
                                              "bytes": 8
                                            },
                                            {
                                              "name": "t2.phonetic_code",
                                              "bytes": 8
                                            },
                                            {
                                              "name": "t2.episode_of_id",
                                              "bytes": 8
                                            },
                                            {
                                              "name": "t2.season_nr",
                                              "bytes": 8
                                            },
                                            {
                                              "name": "t2.episode_nr",
                                              "bytes": 8
                                            },
                                            {
                                              "name": "t2.series_years",
                                              "bytes": 8
                                            },
                                            {
                                              "name": "t2.md5sum",
                                              "bytes": 8
                                            }
                                          ]
                                        }
                                      ],
                                      "ius": [
                                        {
                                          "name": "ml.movie_id",
                                          "bytes": 8
                                        },
                                        {
                                          "name": "mi_idx1.info",
                                          "bytes": 8
                                        },
                                        {
                                          "name": "mi_idx1.movie_id",
                                          "bytes": 8
                                        },
                                        {
                                          "name": "mc2.company_id",
                                          "bytes": 8
                                        },
                                        {
                                          "name": "mi_idx2.info",
                                          "bytes": 8
                                        },
                                        {
                                          "name": "mi_idx2.info_type_id",
                                          "bytes": 8
                                        },
                                        {
                                          "name": "t2.title",
                                          "bytes": 8
                                        },
                                        {
                                          "name": "t2.kind_id",
                                          "bytes": 8
                                        }
                                      ]
                                    },
                                    {
                                      "Node Type": "Index Scan",
                                      "Parent Relationship": "Inner",
                                      "Parallel Aware": false,
                                      "Async Capable": false,
                                      "Scan Direction": "Forward",
                                      "Index Name": "title_pkey",
                                      "Relation Name": "title",
                                      "Schema": "public",
                                      "Alias": "t1",
                                      "Startup Cost": 0.43,
                                      "Total Cost": 0.58,
                                      "Plan Rows": 1,
                                      "Plan Width": 25,
                                      "Actual Startup Time": 0.004,
                                      "Actual Total Time": 0.004,
                                      "Actual Rows": 1.0,
                                      "Actual Loops": 173,
                                      "Disabled": false,
                                      "Output": [
                                        "t1.id",
                                        "t1.title",
                                        "t1.imdb_index",
                                        "t1.kind_id",
                                        "t1.production_year",
                                        "t1.imdb_id",
                                        "t1.phonetic_code",
                                        "t1.episode_of_id",
                                        "t1.season_nr",
                                        "t1.episode_nr",
                                        "t1.series_years",
                                        "t1.md5sum"
                                      ],
                                      "Index Cond": "(t1.id = mi_idx1.movie_id)",
                                      "Rows Removed by Index Recheck": 0,
                                      "Index Searches": 173,
                                      "Shared Hit Blocks": 682,
                                      "Shared Read Blocks": 10,
                                      "Shared Dirtied Blocks": 0,
                                      "Shared Written Blocks": 0,
                                      "Local Hit Blocks": 0,
                                      "Local Read Blocks": 0,
                                      "Local Dirtied Blocks": 0,
                                      "Local Written Blocks": 0,
                                      "Temp Read Blocks": 0,
                                      "Temp Written Blocks": 0,
                                      "actual_scan_in_card": 2528312,
                                      "ius": [
                                        {
                                          "name": "t1.id",
                                          "bytes": 8
                                        },
                                        {
                                          "name": "t1.title",
                                          "bytes": 8
                                        },
                                        {
                                          "name": "t1.imdb_index",
                                          "bytes": 8
                                        },
                                        {
                                          "name": "t1.kind_id",
                                          "bytes": 8
                                        },
                                        {
                                          "name": "t1.production_year",
                                          "bytes": 8
                                        },
                                        {
                                          "name": "t1.imdb_id",
                                          "bytes": 8
                                        },
                                        {
                                          "name": "t1.phonetic_code",
                                          "bytes": 8
                                        },
                                        {
                                          "name": "t1.episode_of_id",
                                          "bytes": 8
                                        },
                                        {
                                          "name": "t1.season_nr",
                                          "bytes": 8
                                        },
                                        {
                                          "name": "t1.episode_nr",
                                          "bytes": 8
                                        },
                                        {
                                          "name": "t1.series_years",
                                          "bytes": 8
                                        },
                                        {
                                          "name": "t1.md5sum",
                                          "bytes": 8
                                        }
                                      ]
                                    }
                                  ],
                                  "ius": [
                                    {
                                      "name": "ml.movie_id",
                                      "bytes": 8
                                    },
                                    {
                                      "name": "mi_idx1.info",
                                      "bytes": 8
                                    },
                                    {
                                      "name": "mi_idx1.movie_id",
                                      "bytes": 8
                                    },
                                    {
                                      "name": "mc2.company_id",
                                      "bytes": 8
                                    },
                                    {
                                      "name": "mi_idx2.info",
                                      "bytes": 8
                                    },
                                    {
                                      "name": "mi_idx2.info_type_id",
                                      "bytes": 8
                                    },
                                    {
                                      "name": "t2.title",
                                      "bytes": 8
                                    },
                                    {
                                      "name": "t2.kind_id",
                                      "bytes": 8
                                    },
                                    {
                                      "name": "t1.title",
                                      "bytes": 8
                                    },
                                    {
                                      "name": "t1.id",
                                      "bytes": 8
                                    },
                                    {
                                      "name": "t1.kind_id",
                                      "bytes": 8
                                    }
                                  ]
                                },
                                {
                                  "Node Type": "Index Scan",
                                  "Parent Relationship": "Inner",
                                  "Parallel Aware": false,
                                  "Async Capable": false,
                                  "Scan Direction": "Forward",
                                  "Index Name": "kind_type_pkey",
                                  "Relation Name": "kind_type",
                                  "Schema": "public",
                                  "Alias": "kt1",
                                  "Startup Cost": 0.15,
                                  "Total Cost": 0.17,
                                  "Plan Rows": 1,
                                  "Plan Width": 4,
                                  "Actual Startup Time": 0.001,
                                  "Actual Total Time": 0.001,
                                  "Actual Rows": 1.0,
                                  "Actual Loops": 173,
                                  "Disabled": false,
                                  "Output": [
                                    "kt1.id",
                                    "kt1.kind"
                                  ],
                                  "Index Cond": "(kt1.id = t1.kind_id)",
                                  "Rows Removed by Index Recheck": 0,
                                  "Filter": "((kt1.kind)::text = 'tv series'::text)",
                                  "Rows Removed by Filter": 0,
                                  "Index Searches": 173,
                                  "Shared Hit Blocks": 346,
                                  "Shared Read Blocks": 0,
                                  "Shared Dirtied Blocks": 0,
                                  "Shared Written Blocks": 0,
                                  "Local Hit Blocks": 0,
                                  "Local Read Blocks": 0,
                                  "Local Dirtied Blocks": 0,
                                  "Local Written Blocks": 0,
                                  "Temp Read Blocks": 0,
                                  "Temp Written Blocks": 0,
                                  "actual_scan_in_card": 7,
                                  "actual_funnel_counts": [
                                    7,
                                    1
                                  ],
                                  "component_selectivity": {
                                    "compare_selectivity": 0.14285714285714285
                                  },
                                  "ius": [
                                    {
                                      "name": "kt1.id",
                                      "bytes": 8
                                    },
                                    {
                                      "name": "kt1.kind",
                                      "bytes": 8
                                    }
                                  ]
                                }
                              ],
                              "ius": [
                                {
                                  "name": "ml.movie_id",
                                  "bytes": 8
                                },
                                {
                                  "name": "mi_idx1.info",
                                  "bytes": 8
                                },
                                {
                                  "name": "mi_idx1.movie_id",
                                  "bytes": 8
                                },
                                {
                                  "name": "mc2.company_id",
                                  "bytes": 8
                                },
                                {
                                  "name": "mi_idx2.info",
                                  "bytes": 8
                                },
                                {
                                  "name": "mi_idx2.info_type_id",
                                  "bytes": 8
                                },
                                {
                                  "name": "t2.title",
                                  "bytes": 8
                                },
                                {
                                  "name": "t2.kind_id",
                                  "bytes": 8
                                },
                                {
                                  "name": "t1.title",
                                  "bytes": 8
                                },
                                {
                                  "name": "t1.id",
                                  "bytes": 8
                                }
                              ]
                            },
                            {
                              "Node Type": "Index Scan",
                              "Parent Relationship": "Inner",
                              "Parallel Aware": false,
                              "Async Capable": false,
                              "Scan Direction": "Forward",
                              "Index Name": "movie_id_movie_companies",
                              "Relation Name": "movie_companies",
                              "Schema": "public",
                              "Alias": "mc1",
                              "Startup Cost": 0.43,
                              "Total Cost": 0.56,
                              "Plan Rows": 5,
                              "Plan Width": 8,
                              "Actual Startup Time": 0.001,
                              "Actual Total Time": 0.002,
                              "Actual Rows": 7.35,
                              "Actual Loops": 173,
                              "Disabled": false,
                              "Output": [
                                "mc1.id",
                                "mc1.movie_id",
                                "mc1.company_id",
                                "mc1.company_type_id",
                                "mc1.note"
                              ],
                              "Index Cond": "(mc1.movie_id = t1.id)",
                              "Rows Removed by Index Recheck": 0,
                              "Index Searches": 173,
                              "Shared Hit Blocks": 837,
                              "Shared Read Blocks": 0,
                              "Shared Dirtied Blocks": 0,
                              "Shared Written Blocks": 0,
                              "Local Hit Blocks": 0,
                              "Local Read Blocks": 0,
                              "Local Dirtied Blocks": 0,
                              "Local Written Blocks": 0,
                              "Temp Read Blocks": 0,
                              "Temp Written Blocks": 0,
                              "actual_scan_in_card": 2609129,
                              "ius": [
                                {
                                  "name": "mc1.id",
                                  "bytes": 8
                                },
                                {
                                  "name": "mc1.movie_id",
                                  "bytes": 8
                                },
                                {
                                  "name": "mc1.company_id",
                                  "bytes": 8
                                },
                                {
                                  "name": "mc1.company_type_id",
                                  "bytes": 8
                                },
                                {
                                  "name": "mc1.note",
                                  "bytes": 8
                                }
                              ]
                            }
                          ],
                          "ius": [
                            {
                              "name": "mi_idx1.info",
                              "bytes": 8
                            },
                            {
                              "name": "mc2.company_id",
                              "bytes": 8
                            },
                            {
                              "name": "mi_idx2.info",
                              "bytes": 8
                            },
                            {
                              "name": "mi_idx2.info_type_id",
                              "bytes": 8
                            },
                            {
                              "name": "t2.title",
                              "bytes": 8
                            },
                            {
                              "name": "t2.kind_id",
                              "bytes": 8
                            },
                            {
                              "name": "t1.title",
                              "bytes": 8
                            },
                            {
                              "name": "mc1.company_id",
                              "bytes": 8
                            }
                          ]
                        },
                        {
                          "Node Type": "Index Scan",
                          "Parent Relationship": "Inner",
                          "Parallel Aware": false,
                          "Async Capable": false,
                          "Scan Direction": "Forward",
                          "Index Name": "company_name_pkey",
                          "Relation Name": "company_name",
                          "Schema": "public",
                          "Alias": "cn1",
                          "Startup Cost": 0.42,
                          "Total Cost": 0.45,
                          "Plan Rows": 1,
                          "Plan Width": 23,
                          "Actual Startup Time": 0.002,
                          "Actual Total Time": 0.002,
                          "Actual Rows": 0.03,
                          "Actual Loops": 1272,
                          "Disabled": false,
                          "Output": [
                            "cn1.id",
                            "cn1.name",
                            "cn1.country_code",
                            "cn1.imdb_id",
                            "cn1.name_pcode_nf",
                            "cn1.name_pcode_sf",
                            "cn1.md5sum"
                          ],
                          "Index Cond": "(cn1.id = mc1.company_id)",
                          "Rows Removed by Index Recheck": 0,
                          "Filter": "((cn1.country_code)::text = '[nl]'::text)",
                          "Rows Removed by Filter": 1,
                          "Index Searches": 1272,
                          "Shared Hit Blocks": 5083,
                          "Shared Read Blocks": 5,
                          "Shared Dirtied Blocks": 0,
                          "Shared Written Blocks": 0,
                          "Local Hit Blocks": 0,
                          "Local Read Blocks": 0,
                          "Local Dirtied Blocks": 0,
                          "Local Written Blocks": 0,
                          "Temp Read Blocks": 0,
                          "Temp Written Blocks": 0,
                          "actual_scan_in_card": 234997,
                          "actual_funnel_counts": [
                            234997,
                            2340
                          ],
                          "component_selectivity": {
                            "compare_selectivity": 0.009957573926475657
                          },
                          "ius": [
                            {
                              "name": "cn1.id",
                              "bytes": 8
                            },
                            {
                              "name": "cn1.name",
                              "bytes": 8
                            },
                            {
                              "name": "cn1.country_code",
                              "bytes": 8
                            },
                            {
                              "name": "cn1.imdb_id",
                              "bytes": 8
                            },
                            {
                              "name": "cn1.name_pcode_nf",
                              "bytes": 8
                            },
                            {
                              "name": "cn1.name_pcode_sf",
                              "bytes": 8
                            },
                            {
                              "name": "cn1.md5sum",
                              "bytes": 8
                            }
                          ]
                        }
                      ],
                      "ius": [
                        {
                          "name": "cn1.name",
                          "bytes": 9
                        },
                        {
                          "name": "mi_idx1.info",
                          "bytes": 9
                        },
                        {
                          "name": "mc2.company_id",
                          "bytes": 9
                        },
                        {
                          "name": "mi_idx2.info",
                          "bytes": 9
                        },
                        {
                          "name": "mi_idx2.info_type_id",
                          "bytes": 9
                        },
                        {
                          "name": "t2.title",
                          "bytes": 9
                        },
                        {
                          "name": "t2.kind_id",
                          "bytes": 9
                        },
                        {
                          "name": "t1.title",
                          "bytes": 9
                        }
                      ]
                    },
                    {
                      "Node Type": "Index Scan",
                      "Parent Relationship": "Inner",
                      "Parallel Aware": false,
                      "Async Capable": false,
                      "Scan Direction": "Forward",
                      "Index Name": "kind_type_pkey",
                      "Relation Name": "kind_type",
                      "Schema": "public",
                      "Alias": "kt2",
                      "Startup Cost": 0.15,
                      "Total Cost": 0.17,
                      "Plan Rows": 1,
                      "Plan Width": 4,
                      "Actual Startup Time": 0.0,
                      "Actual Total Time": 0.0,
                      "Actual Rows": 0.19,
                      "Actual Loops": 42,
                      "Disabled": false,
                      "Output": [
                        "kt2.id",
                        "kt2.kind"
                      ],
                      "Index Cond": "(kt2.id = t2.kind_id)",
                      "Rows Removed by Index Recheck": 0,
                      "Filter": "((kt2.kind)::text = 'tv series'::text)",
                      "Rows Removed by Filter": 1,
                      "Index Searches": 42,
                      "Shared Hit Blocks": 84,
                      "Shared Read Blocks": 0,
                      "Shared Dirtied Blocks": 0,
                      "Shared Written Blocks": 0,
                      "Local Hit Blocks": 0,
                      "Local Read Blocks": 0,
                      "Local Dirtied Blocks": 0,
                      "Local Written Blocks": 0,
                      "Temp Read Blocks": 0,
                      "Temp Written Blocks": 0,
                      "actual_scan_in_card": 7,
                      "actual_funnel_counts": [
                        7,
                        1
                      ],
                      "component_selectivity": {
                        "compare_selectivity": 0.14285714285714285
                      },
                      "ius": [
                        {
                          "name": "kt2.id",
                          "bytes": 8
                        },
                        {
                          "name": "kt2.kind",
                          "bytes": 8
                        }
                      ]
                    }
                  ],
                  "ius": [
                    {
                      "name": "cn1.name",
                      "bytes": 10
                    },
                    {
                      "name": "mi_idx1.info",
                      "bytes": 10
                    },
                    {
                      "name": "mc2.company_id",
                      "bytes": 10
                    },
                    {
                      "name": "mi_idx2.info",
                      "bytes": 10
                    },
                    {
                      "name": "mi_idx2.info_type_id",
                      "bytes": 10
                    },
                    {
                      "name": "t2.title",
                      "bytes": 10
                    },
                    {
                      "name": "t1.title",
                      "bytes": 10
                    }
                  ]
                },
                {
                  "Node Type": "Index Scan",
                  "Parent Relationship": "Inner",
                  "Parallel Aware": false,
                  "Async Capable": false,
                  "Scan Direction": "Forward",
                  "Index Name": "info_type_pkey",
                  "Relation Name": "info_type",
                  "Schema": "public",
                  "Alias": "it2",
                  "Startup Cost": 0.14,
                  "Total Cost": 0.16,
                  "Plan Rows": 1,
                  "Plan Width": 4,
                  "Actual Startup Time": 0.001,
                  "Actual Total Time": 0.001,
                  "Actual Rows": 0.5,
                  "Actual Loops": 8,
                  "Disabled": false,
                  "Output": [
                    "it2.id",
                    "it2.info"
                  ],
                  "Index Cond": "(it2.id = mi_idx2.info_type_id)",
                  "Rows Removed by Index Recheck": 0,
                  "Filter": "((it2.info)::text = 'rating'::text)",
                  "Rows Removed by Filter": 0,
                  "Index Searches": 8,
                  "Shared Hit Blocks": 16,
                  "Shared Read Blocks": 0,
                  "Shared Dirtied Blocks": 0,
                  "Shared Written Blocks": 0,
                  "Local Hit Blocks": 0,
                  "Local Read Blocks": 0,
                  "Local Dirtied Blocks": 0,
                  "Local Written Blocks": 0,
                  "Temp Read Blocks": 0,
                  "Temp Written Blocks": 0,
                  "actual_scan_in_card": 113,
                  "actual_funnel_counts": [
                    113,
                    1
                  ],
                  "component_selectivity": {
                    "compare_selectivity": 0.008849557522123894
                  },
                  "ius": [
                    {
                      "name": "it2.id",
                      "bytes": 8
                    },
                    {
                      "name": "it2.info",
                      "bytes": 8
                    }
                  ]
                }
              ],
              "ius": [
                {
                  "name": "cn1.name",
                  "bytes": 11
                },
                {
                  "name": "mi_idx1.info",
                  "bytes": 11
                },
                {
                  "name": "mc2.company_id",
                  "bytes": 11
                },
                {
                  "name": "mi_idx2.info",
                  "bytes": 11
                },
                {
                  "name": "t2.title",
                  "bytes": 11
                },
                {
                  "name": "t1.title",
                  "bytes": 11
                }
              ]
            },
            {
              "Node Type": "Index Scan",
              "Parent Relationship": "Inner",
              "Parallel Aware": false,
              "Async Capable": false,
              "Scan Direction": "Forward",
              "Index Name": "company_name_pkey",
              "Relation Name": "company_name",
              "Schema": "public",
              "Alias": "cn2",
              "Startup Cost": 0.42,
              "Total Cost": 0.44,
              "Plan Rows": 1,
              "Plan Width": 23,
              "Actual Startup Time": 0.001,
              "Actual Total Time": 0.001,
              "Actual Rows": 1.0,
              "Actual Loops": 4,
              "Disabled": false,
              "Output": [
                "cn2.id",
                "cn2.name",
                "cn2.country_code",
                "cn2.imdb_id",
                "cn2.name_pcode_nf",
                "cn2.name_pcode_sf",
                "cn2.md5sum"
              ],
              "Index Cond": "(cn2.id = mc2.company_id)",
              "Rows Removed by Index Recheck": 0,
              "Index Searches": 4,
              "Shared Hit Blocks": 16,
              "Shared Read Blocks": 0,
              "Shared Dirtied Blocks": 0,
              "Shared Written Blocks": 0,
              "Local Hit Blocks": 0,
              "Local Read Blocks": 0,
              "Local Dirtied Blocks": 0,
              "Local Written Blocks": 0,
              "Temp Read Blocks": 0,
              "Temp Written Blocks": 0,
              "actual_scan_in_card": 234997,
              "ius": [
                {
                  "name": "cn2.id",
                  "bytes": 8
                },
                {
                  "name": "cn2.name",
                  "bytes": 8
                },
                {
                  "name": "cn2.country_code",
                  "bytes": 8
                },
                {
                  "name": "cn2.imdb_id",
                  "bytes": 8
                },
                {
                  "name": "cn2.name_pcode_nf",
                  "bytes": 8
                },
                {
                  "name": "cn2.name_pcode_sf",
                  "bytes": 8
                },
                {
                  "name": "cn2.md5sum",
                  "bytes": 8
                }
              ]
            }
          ],
          "ius": [
            {
              "name": "cn1.name",
              "bytes": 13
            },
            {
              "name": "cn2.name",
              "bytes": 13
            },
            {
              "name": "mi_idx1.info",
              "bytes": 13
            },
            {
              "name": "mi_idx2.info",
              "bytes": 13
            },
            {
              "name": "t1.title",
              "bytes": 13
            },
            {
              "name": "t2.title",
              "bytes": 13
            }
          ]
        }
      ],
      "ius": [
        {
          "name": "min(cn1.name)",
          "bytes": 32
        },
        {
          "name": "min(cn2.name)",
          "bytes": 32
        },
        {
          "name": "min(mi_idx1.info)",
          "bytes": 32
        },
        {
          "name": "min(mi_idx2.info)",
          "bytes": 32
        },
        {
          "name": "min(t1.title)",
          "bytes": 32
        },
        {
          "name": "min(t2.title)",
          "bytes": 32
        }
      ]
    },
    "Planning": {
      "Shared Hit Blocks": 204,
      "Shared Read Blocks": 0,
      "Shared Dirtied Blocks": 0,
      "Shared Written Blocks": 0,
      "Local Hit Blocks": 0,
      "Local Read Blocks": 0,
      "Local Dirtied Blocks": 0,
      "Local Written Blocks": 0,
      "Temp Read Blocks": 0,
      "Temp Written Blocks": 0
    },
    "Planning Time": 44.194,
    "Triggers": [],
    "Execution Time": 267.61
  }
]