[
  {
    "Plan": {
      "Node Type": "Aggregate",
      "Strategy": "Plain",
      "Partial Mode": "Simple",
      "Parallel Aware": false,
      "Async Capable": false,
      "Startup Cost": 16747.32,
      "Total Cost": 16747.33,
      "Plan Rows": 1,
      "Plan Width": 32,
      "Actual Startup Time": 1106.661,
      "Actual Total Time": 1106.662,
      "Actual Rows": 1.0,
      "Actual Loops": 1,
      "Disabled": false,
      "Output": [
        "min(t.title)"
      ],
      "Shared Hit Blocks": 45779,
      "Shared Read Blocks": 20214,
      "Shared Dirtied Blocks": 0,
      "Shared Written Blocks": 0,
      "Local Hit Blocks": 0,
      "Local Read Blocks": 0,
      "Local Dirtied Blocks": 0,
      "Local Written Blocks": 0,
      "Temp Read Blocks": 0,
      "Temp Written Blocks": 0,
      "Plans": [
        {
          "Node Type": "Nested Loop",
          "Parent Relationship": "Outer",
          "Parallel Aware": false,
          "Async Capable": false,
          "Join Type": "Inner",
          "Startup Cost": 7.67,
          "Total Cost": 16747.32,
          "Plan Rows": 1,
          "Plan Width": 17,
          "Actual Startup Time": 102.113,
          "Actual Total Time": 1106.651,
          "Actual Rows": 5.0,
          "Actual Loops": 1,
          "Disabled": false,
          "Output": [
            "t.title"
          ],
          "Inner Unique": false,
          "Join Filter": "(mi.movie_id = t.id)",
          "Rows Removed by Join Filter": 0,
          "Shared Hit Blocks": 45779,
          "Shared Read Blocks": 20214,
          "Shared Dirtied Blocks": 0,
          "Shared Written Blocks": 0,
          "Local Hit Blocks": 0,
          "Local Read Blocks": 0,
          "Local Dirtied Blocks": 0,
          "Local Written Blocks": 0,
          "Temp Read Blocks": 0,
          "Temp Written Blocks": 0,
          "Plans": [
            {
              "Node Type": "Nested Loop",
              "Parent Relationship": "Outer",
              "Parallel Aware": false,
              "Async Capable": false,
              "Join Type": "Inner",
              "Startup Cost": 7.23,
              "Total Cost": 16652.62,
              "Plan Rows": 67,
              "Plan Width": 25,
              "Actual Startup Time": 28.557,
              "Actual Total Time": 454.618,
              "Actual Rows": 405.0,
              "Actual Loops": 1,
              "Disabled": false,
              "Output": [
                "mk.movie_id",
                "t.title",
                "t.id"
              ],
              "Inner Unique": true,
              "Shared Hit Blocks": 43143,
              "Shared Read Blocks": 16747,
              "Shared Dirtied Blocks": 0,
              "Shared Written Blocks": 0,
              "Local Hit Blocks": 0,
              "Local Read Blocks": 0,
              "Local Dirtied Blocks": 0,
              "Local Written Blocks": 0,
              "Temp Read Blocks": 0,
              "Temp Written Blocks": 0,
              "Plans": [
                {
                  "Node Type": "Nested Loop",
                  "Parent Relationship": "Outer",
                  "Parallel Aware": false,
                  "Async Capable": false,
                  "Join Type": "Inner",
                  "Startup Cost": 6.8,
                  "Total Cost": 16438.09,
                  "Plan Rows": 438,
                  "Plan Width": 4,
                  "Actual Startup Time": 8.051,
                  "Actual Total Time": 64.662,
                  "Actual Rows": 12951.0,
                  "Actual Loops": 1,
                  "Disabled": false,
                  "Output": [
                    "mk.movie_id"
                  ],
                  "Inner Unique": false,
                  "Shared Hit Blocks": 1135,
                  "Shared Read Blocks": 6951,
                  "Shared Dirtied Blocks": 0,
                  "Shared Written Blocks": 0,
                  "Local Hit Blocks": 0,
                  "Local Read Blocks": 0,
                  "Local Dirtied Blocks": 0,
                  "Local Written Blocks": 0,
                  "Temp Read Blocks": 0,
                  "Temp Written Blocks": 0,
                  "Plans": [
                    {
                      "Node Type": "Seq Scan",
                      "Parent Relationship": "Outer",
                      "Parallel Aware": false,
                      "Async Capable": false,
                      "Relation Name": "keyword",
                      "Schema": "public",
                      "Alias": "k",
                      "Startup Cost": 0.0,
                      "Total Cost": 2685.12,
                      "Plan Rows": 13,
                      "Plan Width": 4,
                      "Actual Startup Time": 0.488,
                      "Actual Total Time": 11.6,
                      "Actual Rows": 30.0,
                      "Actual Loops": 1,
                      "Disabled": false,
                      "Output": [
                        "k.id",
                        "k.keyword",
                        "k.phonetic_code"
                      ],
                      "Filter": "(k.keyword ~~ '%sequel%'::text)",
                      "Rows Removed by Filter": 134140,
                      "Shared Hit Blocks": 50,
                      "Shared Read Blocks": 958,
                      "Shared Dirtied Blocks": 0,
                      "Shared Written Blocks": 0,
                      "Local Hit Blocks": 0,
                      "Local Read Blocks": 0,
                      "Local Dirtied Blocks": 0,
                      "Local Written Blocks": 0,
                      "Temp Read Blocks": 0,
                      "Temp Written Blocks": 0,
                      "actual_scan_in_card": 134170,
                      "actual_funnel_counts": [
                        134170,
                        30
                      ],
                      "component_selectivity": {
                        "expression_selectivity": 0.00022359692926883805
                      },
                      "ius": [
                        {
                          "name": "k.id",
                          "bytes": 8
                        },
                        {
                          "name": "k.keyword",
                          "bytes": 8
                        },
                        {
                          "name": "k.phonetic_code",
                          "bytes": 8
                        }
                      ]
                    },
                    {
                      "Node Type": "Bitmap Heap Scan",
                      "Parent Relationship": "Inner",
                      "Parallel Aware": false,
                      "Async Capable": false,
                      "Relation Name": "movie_keyword",
                      "Schema": "public",
                      "Alias": "mk",
                      "Startup Cost": 6.8,
                      "Total Cost": 1054.86,
                      "Plan Rows": 306,
                      "Plan Width": 8,
                      "Actual Startup Time": 0.53,
                      "Actual Total Time": 1.729,
                      "Actual Rows": 431.7,
                      "Actual Loops": 30,
                      "Disabled": false,
                      "Output": [
                        "mk.id",
                        "mk.movie_id",
                        "mk.keyword_id"
                      ],
                      "Recheck Cond": "(k.id = mk.keyword_id)",
                      "Rows Removed by Index Recheck": 0,
                      "Exact Heap Blocks": 6979,
                      "Lossy Heap Blocks": 0,
                      "Shared Hit Blocks": 1085,
                      "Shared Read Blocks": 5993,
                      "Shared Dirtied Blocks": 0,
                      "Shared Written Blocks": 0,
                      "Local Hit Blocks": 0,
                      "Local Read Blocks": 0,
                      "Local Dirtied Blocks": 0,
                      "Local Written Blocks": 0,
                      "Temp Read Blocks": 0,
                      "Temp Written Blocks": 0,
                      "Plans": [
                        {
                          "Node Type": "Bitmap Index Scan",
                          "Parent Relationship": "Outer",
                          "Parallel Aware": false,
                          "Async Capable": false,
                          "Index Name": "keyword_id_movie_keyword",
                          "Startup Cost": 0.0,
                          "Total Cost": 6.73,
                          "Plan Rows": 306,
                          "Plan Width": 0,
                          "Actual Startup Time": 0.487,
                          "Actual Total Time": 0.487,
                          "Actual Rows": 431.7,
                          "Actual Loops": 30,
                          "Disabled": false,
                          "Index Cond": "(mk.keyword_id = k.id)",
                          "Index Searches": 30,
                          "Shared Hit Blocks": 57,
                          "Shared Read Blocks": 42,
                          "Shared Dirtied Blocks": 0,
                          "Shared Written Blocks": 0,
                          "Local Hit Blocks": 0,
                          "Local Read Blocks": 0,
                          "Local Dirtied Blocks": 0,
                          "Local Written Blocks": 0,
                          "Temp Read Blocks": 0,
                          "Temp Written Blocks": 0,
                          "ius": []
                        }
                      ],
                      "ius": [
                        {
                          "name": "mk.id",
                          "bytes": 8
                        },
                        {
                          "name": "mk.movie_id",
                          "bytes": 8
                        },
                        {
                          "name": "mk.keyword_id",
                          "bytes": 8
                        }
                      ]
                    }
                  ],
                  "ius": [
                    {
                      "name": "mk.movie_id",
                      "bytes": 8
                    }
                  ]
                },
                {
                  "Node Type": "Index Scan",
                  "Parent Relationship": "Inner",
                  "Parallel Aware": false,
                  "Async Capable": false,
                  "Scan Direction": "Forward",
                  "Index Name": "title_pkey",
                  "Relation Name": "title",
                  "Schema": "public",
                  "Alias": "t",
                  "Startup Cost": 0.43,
                  "Total Cost": 0.49,
                  "Plan Rows": 1,
                  "Plan Width": 21,
                  "Actual Startup Time": 0.03,
                  "Actual Total Time": 0.03,
                  "Actual Rows": 0.03,
                  "Actual Loops": 12951,
                  "Disabled": false,
                  "Output": [
                    "t.id",
                    "t.title",
                    "t.imdb_index",
                    "t.kind_id",
                    "t.production_year",
                    "t.imdb_id",
                    "t.phonetic_code",
                    "t.episode_of_id",
                    "t.season_nr",
                    "t.episode_nr",
                    "t.series_years",
                    "t.md5sum"
                  ],
                  "Index Cond": "(t.id = mk.movie_id)",
                  "Rows Removed by Index Recheck": 0,
                  "Filter": "(t.production_year > 2010)",
                  "Rows Removed by Filter": 1,
                  "Index Searches": 12951,
                  "Shared Hit Blocks": 42008,
                  "Shared Read Blocks": 9796,
                  "Shared Dirtied Blocks": 0,
                  "Shared Written Blocks": 0,
                  "Local Hit Blocks": 0,
                  "Local Read Blocks": 0,
                  "Local Dirtied Blocks": 0,
                  "Local Written Blocks": 0,
                  "Temp Read Blocks": 0,
                  "Temp Written Blocks": 0,
                  "actual_scan_in_card": 2528312,
                  "actual_funnel_counts": [
                    2528312,
                    391666
                  ],
                  "component_selectivity": {
                    "compare_selectivity": 0.15491205199358307
                  },
                  "ius": [
                    {
                      "name": "t.id",
                      "bytes": 8
                    },
                    {
                      "name": "t.title",
                      "bytes": 8
                    },
                    {
                      "name": "t.imdb_index",
                      "bytes": 8
                    },
                    {
                      "name": "t.kind_id",
                      "bytes": 8
                    },
                    {
                      "name": "t.production_year",
                      "bytes": 8
                    },
                    {
                      "name": "t.imdb_id",
                      "bytes": 8
                    },
                    {
                      "name": "t.phonetic_code",
                      "bytes": 8
                    },
                    {
                      "name": "t.episode_of_id",
                      "bytes": 8
                    },
                    {
                      "name": "t.season_nr",
                      "bytes": 8
                    },
                    {
                      "name": "t.episode_nr",
                      "bytes": 8
                    },
                    {
                      "name": "t.series_years",
                      "bytes": 8
                    },
                    {
                      "name": "t.md5sum",
                      "bytes": 8
                    }
                  ]
                }
              ],
              "ius": [
                {
                  "name": "mk.movie_id",
                  "bytes": 8
                },
                {
                  "name": "t.title",
                  "bytes": 8
                },
                {
                  "name": "t.id",
                  "bytes": 8
                }
              ]
            },
            {
              "Node Type": "Index Scan",
              "Parent Relationship": "Inner",
              "Parallel Aware": false,
              "Async Capable": false,
              "Scan Direction": "Forward",
              "Index Name": "movie_id_movie_info",
              "Relation Name": "movie_info",
              "Schema": "public",
              "Alias": "mi",
              "Startup Cost": 0.43,
              "Total Cost": 1.4,
              "Plan Rows": 1,
              "Plan Width": 4,
              "Actual Startup Time": 1.599,
              "Actual Total Time": 1.609,
              "Actual Rows": 0.01,
              "Actual Loops": 405,
              "Disabled": false,
              "Output": [
                "mi.id",
                "mi.movie_id",
                "mi.info_type_id",
                "mi.info",
                "mi.note"
              ],
              "Index Cond": "(mi.movie_id = mk.movie_id)",
              "Rows Removed by Index Recheck": 0,
              "Filter": "(mi.info = 'Bulgaria'::text)",
              "Rows Removed by Filter": 63,
              "Index Searches": 405,
              "Shared Hit Blocks": 2636,
              "Shared Read Blocks": 3467,
              "Shared Dirtied Blocks": 0,
              "Shared Written Blocks": 0,
              "Local Hit Blocks": 0,
              "Local Read Blocks": 0,
              "Local Dirtied Blocks": 0,
              "Local Written Blocks": 0,
              "Temp Read Blocks": 0,
              "Temp Written Blocks": 0,
              "actual_scan_in_card": 14835720,
              "actual_funnel_counts": [
                14835720,
                2287
              ],
              "component_selectivity": {
                "compare_selectivity": 0.00015415497191912492
              },
              "ius": [
                {
                  "name": "mi.id",
                  "bytes": 8
                },
                {
                  "name": "mi.movie_id",
                  "bytes": 8
                },
                {
                  "name": "mi.info_type_id",
                  "bytes": 8
                },
                {
                  "name": "mi.info",
                  "bytes": 8
                },
                {
                  "name": "mi.note",
                  "bytes": 8
                }
              ]
            }
          ],
          "ius": [
            {
              "name": "t.title",
              "bytes": 17
            }
          ]
        }
      ],
      "ius": [
        {
          "name": "min(t.title)",
          "bytes": 32
        }
      ]
    },
    "Planning": {
      "Shared Hit Blocks": 43,
      "Shared Read Blocks": 21,
      "Shared Dirtied Blocks": 0,
      "Shared Written Blocks": 0,
      "Local Hit Blocks": 0,
      "Local Read Blocks": 0,
      "Local Dirtied Blocks": 0,
      "Local Written Blocks": 0,
      "Temp Read Blocks": 0,
      "Temp Written Blocks": 0
    },
    "Planning Time": 3.399,
    "Triggers": [],
    "Execution Time": 1106.693
  }
]