[
  {
    "Plan": {
      "Node Type": "Aggregate",
      "Strategy": "Plain",
      "Partial Mode": "Simple",
      "Parallel Aware": false,
      "Async Capable": false,
      "Startup Cost": 17125.57,
      "Total Cost": 17125.58,
      "Plan Rows": 1,
      "Plan Width": 32,
      "Actual Startup Time": 5912.787,
      "Actual Total Time": 5912.788,
      "Actual Rows": 1.0,
      "Actual Loops": 1,
      "Disabled": false,
      "Output": [
        "min(t.title)"
      ],
      "Shared Hit Blocks": 102955,
      "Shared Read Blocks": 57220,
      "Shared Dirtied Blocks": 0,
      "Shared Written Blocks": 0,
      "Local Hit Blocks": 0,
      "Local Read Blocks": 0,
      "Local Dirtied Blocks": 0,
      "Local Written Blocks": 0,
      "Temp Read Blocks": 0,
      "Temp Written Blocks": 0,
      "Plans": [
        {
          "Node Type": "Nested Loop",
          "Parent Relationship": "Outer",
          "Parallel Aware": false,
          "Async Capable": false,
          "Join Type": "Inner",
          "Startup Cost": 7.69,
          "Total Cost": 17124.08,
          "Plan Rows": 595,
          "Plan Width": 17,
          "Actual Startup Time": 29.12,
          "Actual Total Time": 5910.892,
          "Actual Rows": 7250.0,
          "Actual Loops": 1,
          "Disabled": false,
          "Output": [
            "t.title"
          ],
          "Inner Unique": false,
          "Join Filter": "(mi.movie_id = t.id)",
          "Rows Removed by Join Filter": 0,
          "Shared Hit Blocks": 102955,
          "Shared Read Blocks": 57220,
          "Shared Dirtied Blocks": 0,
          "Shared Written Blocks": 0,
          "Local Hit Blocks": 0,
          "Local Read Blocks": 0,
          "Local Dirtied Blocks": 0,
          "Local Written Blocks": 0,
          "Temp Read Blocks": 0,
          "Temp Written Blocks": 0,
          "Plans": [
            {
              "Node Type": "Nested Loop",
              "Parent Relationship": "Outer",
              "Parallel Aware": false,
              "Async Capable": false,
              "Join Type": "Inner",
              "Startup Cost": 7.23,
              "Total Cost": 16652.62,
              "Plan Rows": 304,
              "Plan Width": 25,
              "Actual Startup Time": 4.676,
              "Actual Total Time": 346.567,
              "Actual Rows": 7874.0,
              "Actual Loops": 1,
              "Disabled": false,
              "Output": [
                "mk.movie_id",
                "t.title",
                "t.id"
              ],
              "Inner Unique": true,
              "Shared Hit Blocks": 40765,
              "Shared Read Blocks": 19125,
              "Shared Dirtied Blocks": 0,
              "Shared Written Blocks": 0,
              "Local Hit Blocks": 0,
              "Local Read Blocks": 0,
              "Local Dirtied Blocks": 0,
              "Local Written Blocks": 0,
              "Temp Read Blocks": 0,
              "Temp Written Blocks": 0,
              "Plans": [
                {
                  "Node Type": "Nested Loop",
                  "Parent Relationship": "Outer",
                  "Parallel Aware": false,
                  "Async Capable": false,
                  "Join Type": "Inner",
                  "Startup Cost": 6.8,
                  "Total Cost": 16438.09,
                  "Plan Rows": 438,
                  "Plan Width": 4,
                  "Actual Startup Time": 4.461,
                  "Actual Total Time": 92.25,
                  "Actual Rows": 12951.0,
                  "Actual Loops": 1,
                  "Disabled": false,
                  "Output": [
                    "mk.movie_id"
                  ],
                  "Inner Unique": false,
                  "Shared Hit Blocks": 497,
                  "Shared Read Blocks": 7589,
                  "Shared Dirtied Blocks": 0,
                  "Shared Written Blocks": 0,
                  "Local Hit Blocks": 0,
                  "Local Read Blocks": 0,
                  "Local Dirtied Blocks": 0,
                  "Local Written Blocks": 0,
                  "Temp Read Blocks": 0,
                  "Temp Written Blocks": 0,
                  "Plans": [
                    {
                      "Node Type": "Seq Scan",
                      "Parent Relationship": "Outer",
                      "Parallel Aware": false,
                      "Async Capable": false,
                      "Relation Name": "keyword",
                      "Schema": "public",
                      "Alias": "k",
                      "Startup Cost": 0.0,
                      "Total Cost": 2685.12,
                      "Plan Rows": 13,
                      "Plan Width": 4,
                      "Actual Startup Time": 0.481,
                      "Actual Total Time": 18.497,
                      "Actual Rows": 30.0,
                      "Actual Loops": 1,
                      "Disabled": false,
                      "Output": [
                        "k.id",
                        "k.keyword",
                        "k.phonetic_code"
                      ],
                      "Filter": "(k.keyword ~~ '%sequel%'::text)",
                      "Rows Removed by Filter": 134140,
                      "Shared Hit Blocks": 50,
                      "Shared Read Blocks": 958,
                      "Shared Dirtied Blocks": 0,
                      "Shared Written Blocks": 0,
                      "Local Hit Blocks": 0,
                      "Local Read Blocks": 0,
                      "Local Dirtied Blocks": 0,
                      "Local Written Blocks": 0,
                      "Temp Read Blocks": 0,
                      "Temp Written Blocks": 0,
                      "actual_scan_in_card": 134170,
                      "actual_funnel_counts": [
                        134170,
                        30
                      ],
                      "component_selectivity": {
                        "expression_selectivity": 0.00022359692926883805
                      },
                      "ius": [
                        {
                          "name": "k.id",
                          "bytes": 8
                        },
                        {
                          "name": "k.keyword",
                          "bytes": 8
                        },
                        {
                          "name": "k.phonetic_code",
                          "bytes": 8
                        }
                      ]
                    },
                    {
                      "Node Type": "Bitmap Heap Scan",
                      "Parent Relationship": "Inner",
                      "Parallel Aware": false,
                      "Async Capable": false,
                      "Relation Name": "movie_keyword",
                      "Schema": "public",
                      "Alias": "mk",
                      "Startup Cost": 6.8,
                      "Total Cost": 1054.86,
                      "Plan Rows": 306,
                      "Plan Width": 8,
                      "Actual Startup Time": 0.608,
                      "Actual Total Time": 2.393,
                      "Actual Rows": 431.7,
                      "Actual Loops": 30,
                      "Disabled": false,
                      "Output": [
                        "mk.id",
                        "mk.movie_id",
                        "mk.keyword_id"
                      ],
                      "Recheck Cond": "(k.id = mk.keyword_id)",
                      "Rows Removed by Index Recheck": 0,
                      "Exact Heap Blocks": 6979,
                      "Lossy Heap Blocks": 0,
                      "Shared Hit Blocks": 447,
                      "Shared Read Blocks": 6631,
                      "Shared Dirtied Blocks": 0,
                      "Shared Written Blocks": 0,
                      "Local Hit Blocks": 0,
                      "Local Read Blocks": 0,
                      "Local Dirtied Blocks": 0,
                      "Local Written Blocks": 0,
                      "Temp Read Blocks": 0,
                      "Temp Written Blocks": 0,
                      "Plans": [
                        {
                          "Node Type": "Bitmap Index Scan",
                          "Parent Relationship": "Outer",
                          "Parallel Aware": false,
                          "Async Capable": false,
                          "Index Name": "keyword_id_movie_keyword",
                          "Startup Cost": 0.0,
                          "Total Cost": 6.73,
                          "Plan Rows": 306,
                          "Plan Width": 0,
                          "Actual Startup Time": 0.525,
                          "Actual Total Time": 0.525,
                          "Actual Rows": 431.7,
                          "Actual Loops": 30,
                          "Disabled": false,
                          "Index Cond": "(mk.keyword_id = k.id)",
                          "Index Searches": 30,
                          "Shared Hit Blocks": 54,
                          "Shared Read Blocks": 45,
                          "Shared Dirtied Blocks": 0,
                          "Shared Written Blocks": 0,
                          "Local Hit Blocks": 0,
                          "Local Read Blocks": 0,
                          "Local Dirtied Blocks": 0,
                          "Local Written Blocks": 0,
                          "Temp Read Blocks": 0,
                          "Temp Written Blocks": 0,
                          "ius": []
                        }
                      ],
                      "ius": [
                        {
                          "name": "mk.id",
                          "bytes": 8
                        },
                        {
                          "name": "mk.movie_id",
                          "bytes": 8
                        },
                        {
                          "name": "mk.keyword_id",
                          "bytes": 8
                        }
                      ]
                    }
                  ],
                  "ius": [
                    {
                      "name": "mk.movie_id",
                      "bytes": 8
                    }
                  ]
                },
                {
                  "Node Type": "Index Scan",
                  "Parent Relationship": "Inner",
                  "Parallel Aware": false,
                  "Async Capable": false,
                  "Scan Direction": "Forward",
                  "Index Name": "title_pkey",
                  "Relation Name": "title",
                  "Schema": "public",
                  "Alias": "t",
                  "Startup Cost": 0.43,
                  "Total Cost": 0.49,
                  "Plan Rows": 1,
                  "Plan Width": 21,
                  "Actual Startup Time": 0.019,
                  "Actual Total Time": 0.019,
                  "Actual Rows": 0.61,
                  "Actual Loops": 12951,
                  "Disabled": false,
                  "Output": [
                    "t.id",
                    "t.title",
                    "t.imdb_index",
                    "t.kind_id",
                    "t.production_year",
                    "t.imdb_id",
                    "t.phonetic_code",
                    "t.episode_of_id",
                    "t.season_nr",
                    "t.episode_nr",
                    "t.series_years",
                    "t.md5sum"
                  ],
                  "Index Cond": "(t.id = mk.movie_id)",
                  "Rows Removed by Index Recheck": 0,
                  "Filter": "(t.production_year > 1990)",
                  "Rows Removed by Filter": 0,
                  "Index Searches": 12951,
                  "Shared Hit Blocks": 40268,
                  "Shared Read Blocks": 11536,
                  "Shared Dirtied Blocks": 0,
                  "Shared Written Blocks": 0,
                  "Local Hit Blocks": 0,
                  "Local Read Blocks": 0,
                  "Local Dirtied Blocks": 0,
                  "Local Written Blocks": 0,
                  "Temp Read Blocks": 0,
                  "Temp Written Blocks": 0,
                  "actual_scan_in_card": 2528312,
                  "actual_funnel_counts": [
                    2528312,
                    1749032
                  ],
                  "component_selectivity": {
                    "compare_selectivity": 0.6917785463186505
                  },
                  "ius": [
                    {
                      "name": "t.id",
                      "bytes": 8
                    },
                    {
                      "name": "t.title",
                      "bytes": 8
                    },
                    {
                      "name": "t.imdb_index",
                      "bytes": 8
                    },
                    {
                      "name": "t.kind_id",
                      "bytes": 8
                    },
                    {
                      "name": "t.production_year",
                      "bytes": 8
                    },
                    {
                      "name": "t.imdb_id",
                      "bytes": 8
                    },
                    {
                      "name": "t.phonetic_code",
                      "bytes": 8
                    },
                    {
                      "name": "t.episode_of_id",
                      "bytes": 8
                    },
                    {
                      "name": "t.season_nr",
                      "bytes": 8
                    },
                    {
                      "name": "t.episode_nr",
                      "bytes": 8
                    },
                    {
                      "name": "t.series_years",
                      "bytes": 8
                    },
                    {
                      "name": "t.md5sum",
                      "bytes": 8
                    }
                  ]
                }
              ],
              "ius": [
                {
                  "name": "mk.movie_id",
                  "bytes": 8
                },
                {
                  "name": "t.title",
                  "bytes": 8
                },
                {
                  "name": "t.id",
                  "bytes": 8
                }
              ]
            },
            {
              "Node Type": "Index Scan",
              "Parent Relationship": "Inner",
              "Parallel Aware": false,
              "Async Capable": false,
              "Scan Direction": "Forward",
              "Index Name": "movie_id_movie_info",
              "Relation Name": "movie_info",
              "Schema": "public",
              "Alias": "mi",
              "Startup Cost": 0.46,
              "Total Cost": 1.53,
              "Plan Rows": 2,
              "Plan Width": 4,
              "Actual Startup Time": 0.638,
              "Actual Total Time": 0.706,
              "Actual Rows": 0.92,
              "Actual Loops": 7874,
              "Disabled": false,
              "Output": [
                "mi.id",
                "mi.movie_id",
                "mi.info_type_id",
                "mi.info",
                "mi.note"
              ],
              "Index Cond": "(mi.movie_id = mk.movie_id)",
              "Rows Removed by Index Recheck": 0,
              "Filter": "(mi.info = ANY ('{Sweden,Norway,Germany,Denmark,Swedish,Denish,Norwegian,German,USA,American}'::text[]))",
              "Rows Removed by Filter": 35,
              "Index Searches": 7874,
              "Shared Hit Blocks": 62190,
              "Shared Read Blocks": 38095,
              "Shared Dirtied Blocks": 0,
              "Shared Written Blocks": 0,
              "Local Hit Blocks": 0,
              "Local Read Blocks": 0,
              "Local Dirtied Blocks": 0,
              "Local Written Blocks": 0,
              "Temp Read Blocks": 0,
              "Temp Written Blocks": 0,
              "actual_scan_in_card": 14835720,
              "actual_funnel_counts": [
                14835720,
                706674
              ],
              "component_selectivity": {
                "compare_selectivity": 0.0476332796790449
              },
              "ius": [
                {
                  "name": "mi.id",
                  "bytes": 8
                },
                {
                  "name": "mi.movie_id",
                  "bytes": 8
                },
                {
                  "name": "mi.info_type_id",
                  "bytes": 8
                },
                {
                  "name": "mi.info",
                  "bytes": 8
                },
                {
                  "name": "mi.note",
                  "bytes": 8
                }
              ]
            }
          ],
          "ius": [
            {
              "name": "t.title",
              "bytes": 17
            }
          ]
        }
      ],
      "ius": [
        {
          "name": "min(t.title)",
          "bytes": 32
        }
      ]
    },
    "Planning": {
      "Shared Hit Blocks": 46,
      "Shared Read Blocks": 21,
      "Shared Dirtied Blocks": 0,
      "Shared Written Blocks": 0,
      "Local Hit Blocks": 0,
      "Local Read Blocks": 0,
      "Local Dirtied Blocks": 0,
      "Local Written Blocks": 0,
      "Temp Read Blocks": 0,
      "Temp Written Blocks": 0
    },
    "Planning Time": 3.802,
    "Triggers": [],
    "Execution Time": 5912.811
  }
]