[
  {
    "Plan": {
      "Node Type": "Aggregate",
      "Strategy": "Plain",
      "Partial Mode": "Simple",
      "Parallel Aware": false,
      "Async Capable": false,
      "Startup Cost": 1911.79,
      "Total Cost": 1911.8,
      "Plan Rows": 1,
      "Plan Width": 64,
      "Actual Startup Time": 19141.38,
      "Actual Total Time": 19141.404,
      "Actual Rows": 1.0,
      "Actual Loops": 1,
      "Disabled": false,
      "Output": [
        "min(n.name)",
        "min(t.title)"
      ],
      "Shared Hit Blocks": 438851,
      "Shared Read Blocks": 185299,
      "Shared Dirtied Blocks": 0,
      "Shared Written Blocks": 0,
      "Local Hit Blocks": 0,
      "Local Read Blocks": 0,
      "Local Dirtied Blocks": 0,
      "Local Written Blocks": 0,
      "Temp Read Blocks": 0,
      "Temp Written Blocks": 0,
      "Plans": [
        {
          "Node Type": "Nested Loop",
          "Parent Relationship": "Outer",
          "Parallel Aware": false,
          "Async Capable": false,
          "Join Type": "Inner",
          "Startup Cost": 21.22,
          "Total Cost": 1911.78,
          "Plan Rows": 1,
          "Plan Width": 32,
          "Actual Startup Time": 1415.71,
          "Actual Total Time": 19141.349,
          "Actual Rows": 32.0,
          "Actual Loops": 1,
          "Disabled": false,
          "Output": [
            "n.name",
            "t.title"
          ],
          "Inner Unique": true,
          "Shared Hit Blocks": 438851,
          "Shared Read Blocks": 185299,
          "Shared Dirtied Blocks": 0,
          "Shared Written Blocks": 0,
          "Local Hit Blocks": 0,
          "Local Read Blocks": 0,
          "Local Dirtied Blocks": 0,
          "Local Written Blocks": 0,
          "Temp Read Blocks": 0,
          "Temp Written Blocks": 0,
          "Plans": [
            {
              "Node Type": "Nested Loop",
              "Parent Relationship": "Outer",
              "Parallel Aware": false,
              "Async Capable": false,
              "Join Type": "Inner",
              "Startup Cost": 21.08,
              "Total Cost": 1910.74,
              "Plan Rows": 1,
              "Plan Width": 36,
              "Actual Startup Time": 1415.329,
              "Actual Total Time": 19140.5,
              "Actual Rows": 32.0,
              "Actual Loops": 1,
              "Disabled": false,
              "Output": [
                "n.name",
                "pi.info_type_id",
                "t.title"
              ],
              "Inner Unique": false,
              "Join Filter": "(an.person_id = n.id)",
              "Rows Removed by Join Filter": 0,
              "Shared Hit Blocks": 438791,
              "Shared Read Blocks": 185295,
              "Shared Dirtied Blocks": 0,
              "Shared Written Blocks": 0,
              "Local Hit Blocks": 0,
              "Local Read Blocks": 0,
              "Local Dirtied Blocks": 0,
              "Local Written Blocks": 0,
              "Temp Read Blocks": 0,
              "Temp Written Blocks": 0,
              "Plans": [
                {
                  "Node Type": "Nested Loop",
                  "Parent Relationship": "Outer",
                  "Parallel Aware": false,
                  "Async Capable": false,
                  "Join Type": "Inner",
                  "Startup Cost": 20.66,
                  "Total Cost": 1910.25,
                  "Plan Rows": 1,
                  "Plan Width": 48,
                  "Actual Startup Time": 1414.828,
                  "Actual Total Time": 19132.946,
                  "Actual Rows": 14.0,
                  "Actual Loops": 1,
                  "Disabled": false,
                  "Output": [
                    "ci.person_id",
                    "n.name",
                    "n.id",
                    "pi.person_id",
                    "pi.info_type_id",
                    "t.title"
                  ],
                  "Inner Unique": false,
                  "Join Filter": "(n.id = pi.person_id)",
                  "Rows Removed by Join Filter": 0,
                  "Shared Hit Blocks": 438756,
                  "Shared Read Blocks": 185262,
                  "Shared Dirtied Blocks": 0,
                  "Shared Written Blocks": 0,
                  "Local Hit Blocks": 0,
                  "Local Read Blocks": 0,
                  "Local Dirtied Blocks": 0,
                  "Local Written Blocks": 0,
                  "Temp Read Blocks": 0,
                  "Temp Written Blocks": 0,
                  "Plans": [
                    {
                      "Node Type": "Nested Loop",
                      "Parent Relationship": "Outer",
                      "Parallel Aware": false,
                      "Async Capable": false,
                      "Join Type": "Inner",
                      "Startup Cost": 20.23,
                      "Total Cost": 1819.15,
                      "Plan Rows": 96,
                      "Plan Width": 40,
                      "Actual Startup Time": 5.394,
                      "Actual Total Time": 16970.45,
                      "Actual Rows": 17559.0,
                      "Actual Loops": 1,
                      "Disabled": false,
                      "Output": [
                        "ci.person_id",
                        "n.name",
                        "n.id",
                        "t.title"
                      ],
                      "Inner Unique": true,
                      "Shared Hit Blocks": 378531,
                      "Shared Read Blocks": 169838,
                      "Shared Dirtied Blocks": 0,
                      "Shared Written Blocks": 0,
                      "Local Hit Blocks": 0,
                      "Local Read Blocks": 0,
                      "Local Dirtied Blocks": 0,
                      "Local Written Blocks": 0,
                      "Temp Read Blocks": 0,
                      "Temp Written Blocks": 0,
                      "Plans": [
                        {
                          "Node Type": "Nested Loop",
                          "Parent Relationship": "Outer",
                          "Parallel Aware": false,
                          "Async Capable": false,
                          "Join Type": "Inner",
                          "Startup Cost": 19.8,
                          "Total Cost": 1428.53,
                          "Plan Rows": 835,
                          "Plan Width": 21,
                          "Actual Startup Time": 5.341,
                          "Actual Total Time": 10487.553,
                          "Actual Rows": 105262.0,
                          "Actual Loops": 1,
                          "Disabled": false,
                          "Output": [
                            "ci.person_id",
                            "t.title"
                          ],
                          "Inner Unique": false,
                          "Shared Hit Blocks": 52875,
                          "Shared Read Blocks": 74446,
                          "Shared Dirtied Blocks": 0,
                          "Shared Written Blocks": 0,
                          "Local Hit Blocks": 0,
                          "Local Read Blocks": 0,
                          "Local Dirtied Blocks": 0,
                          "Local Written Blocks": 0,
                          "Temp Read Blocks": 0,
                          "Temp Written Blocks": 0,
                          "Plans": [
                            {
                              "Node Type": "Nested Loop",
                              "Parent Relationship": "Outer",
                              "Parallel Aware": false,
                              "Async Capable": false,
                              "Join Type": "Inner",
                              "Startup Cost": 19.36,
                              "Total Cost": 1317.7,
                              "Plan Rows": 22,
                              "Plan Width": 25,
                              "Actual Startup Time": 4.502,
                              "Actual Total Time": 1307.879,
                              "Actual Rows": 1467.0,
                              "Actual Loops": 1,
                              "Disabled": false,
                              "Output": [
                                "ml.linked_movie_id",
                                "t.title",
                                "t.id"
                              ],
                              "Inner Unique": true,
                              "Shared Hit Blocks": 13241,
                              "Shared Read Blocks": 7667,
                              "Shared Dirtied Blocks": 0,
                              "Shared Written Blocks": 0,
                              "Local Hit Blocks": 0,
                              "Local Read Blocks": 0,
                              "Local Dirtied Blocks": 0,
                              "Local Written Blocks": 0,
                              "Temp Read Blocks": 0,
                              "Temp Written Blocks": 0,
                              "Plans": [
                                {
                                  "Node Type": "Hash Join",
                                  "Parent Relationship": "Outer",
                                  "Parallel Aware": false,
                                  "Async Capable": false,
                                  "Join Type": "Inner",
                                  "Startup Cost": 18.93,
                                  "Total Cost": 561.1,
                                  "Plan Rows": 169,
                                  "Plan Width": 4,
                                  "Actual Startup Time": 4.237,
                                  "Actual Total Time": 12.382,
                                  "Actual Rows": 5186.0,
                                  "Actual Loops": 1,
                                  "Disabled": false,
                                  "Output": [
                                    "ml.linked_movie_id"
                                  ],
                                  "Inner Unique": true,
                                  "Hash Cond": "(ml.link_type_id = lt.id)",
                                  "Shared Hit Blocks": 0,
                                  "Shared Read Blocks": 164,
                                  "Shared Dirtied Blocks": 0,
                                  "Shared Written Blocks": 0,
                                  "Local Hit Blocks": 0,
                                  "Local Read Blocks": 0,
                                  "Local Dirtied Blocks": 0,
                                  "Local Written Blocks": 0,
                                  "Temp Read Blocks": 0,
                                  "Temp Written Blocks": 0,
                                  "Plans": [
                                    {
                                      "Node Type": "Seq Scan",
                                      "Parent Relationship": "Outer",
                                      "Parallel Aware": false,
                                      "Async Capable": false,
                                      "Relation Name": "movie_link",
                                      "Schema": "public",
                                      "Alias": "ml",
                                      "Startup Cost": 0.0,
                                      "Total Cost": 462.97,
                                      "Plan Rows": 29997,
                                      "Plan Width": 8,
                                      "Actual Startup Time": 2.314,
                                      "Actual Total Time": 5.371,
                                      "Actual Rows": 29997.0,
                                      "Actual Loops": 1,
                                      "Disabled": false,
                                      "Output": [
                                        "ml.id",
                                        "ml.movie_id",
                                        "ml.linked_movie_id",
                                        "ml.link_type_id"
                                      ],
                                      "Shared Hit Blocks": 0,
                                      "Shared Read Blocks": 163,
                                      "Shared Dirtied Blocks": 0,
                                      "Shared Written Blocks": 0,
                                      "Local Hit Blocks": 0,
                                      "Local Read Blocks": 0,
                                      "Local Dirtied Blocks": 0,
                                      "Local Written Blocks": 0,
                                      "Temp Read Blocks": 0,
                                      "Temp Written Blocks": 0,
                                      "actual_scan_in_card": 29997,
                                      "ius": [
                                        {
                                          "name": "ml.id",
                                          "bytes": 8
                                        },
                                        {
                                          "name": "ml.movie_id",
                                          "bytes": 8
                                        },
                                        {
                                          "name": "ml.linked_movie_id",
                                          "bytes": 8
                                        },
                                        {
                                          "name": "ml.link_type_id",
                                          "bytes": 8
                                        }
                                      ]
                                    },
                                    {
                                      "Node Type": "Hash",
                                      "Parent Relationship": "Inner",
                                      "Parallel Aware": false,
                                      "Async Capable": false,
                                      "Startup Cost": 18.88,
                                      "Total Cost": 18.88,
                                      "Plan Rows": 4,
                                      "Plan Width": 4,
                                      "Actual Startup Time": 1.871,
                                      "Actual Total Time": 1.873,
                                      "Actual Rows": 1.0,
                                      "Actual Loops": 1,
                                      "Disabled": false,
                                      "Output": [
                                        "lt.id"
                                      ],
                                      "Hash Buckets": 1024,
                                      "Original Hash Buckets": 1024,
                                      "Hash Batches": 1,
                                      "Original Hash Batches": 1,
                                      "Peak Memory Usage": 9,
                                      "Shared Hit Blocks": 0,
                                      "Shared Read Blocks": 1,
                                      "Shared Dirtied Blocks": 0,
                                      "Shared Written Blocks": 0,
                                      "Local Hit Blocks": 0,
                                      "Local Read Blocks": 0,
                                      "Local Dirtied Blocks": 0,
                                      "Local Written Blocks": 0,
                                      "Temp Read Blocks": 0,
                                      "Temp Written Blocks": 0,
                                      "Plans": [
                                        {
                                          "Node Type": "Seq Scan",
                                          "Parent Relationship": "Outer",
                                          "Parallel Aware": false,
                                          "Async Capable": false,
                                          "Relation Name": "link_type",
                                          "Schema": "public",
                                          "Alias": "lt",
                                          "Startup Cost": 0.0,
                                          "Total Cost": 18.88,
                                          "Plan Rows": 4,
                                          "Plan Width": 4,
                                          "Actual Startup Time": 1.624,
                                          "Actual Total Time": 1.627,
                                          "Actual Rows": 1.0,
                                          "Actual Loops": 1,
                                          "Disabled": false,
                                          "Output": [
                                            "lt.id"
                                          ],
                                          "Filter": "((lt.link)::text = 'features'::text)",
                                          "Rows Removed by Filter": 17,
                                          "Shared Hit Blocks": 0,
                                          "Shared Read Blocks": 1,
                                          "Shared Dirtied Blocks": 0,
                                          "Shared Written Blocks": 0,
                                          "Local Hit Blocks": 0,
                                          "Local Read Blocks": 0,
                                          "Local Dirtied Blocks": 0,
                                          "Local Written Blocks": 0,
                                          "Temp Read Blocks": 0,
                                          "Temp Written Blocks": 0,
                                          "actual_scan_in_card": 18,
                                          "actual_funnel_counts": [
                                            18,
                                            1
                                          ],
                                          "component_selectivity": {
                                            "compare_selectivity": 0.05555555555555555
                                          },
                                          "ius": [
                                            {
                                              "name": "lt.id",
                                              "bytes": 8
                                            }
                                          ]
                                        }
                                      ],
                                      "ius": [
                                        {
                                          "name": "lt.id",
                                          "bytes": 8
                                        }
                                      ]
                                    }
                                  ],
                                  "ius": [
                                    {
                                      "name": "ml.linked_movie_id",
                                      "bytes": 8
                                    }
                                  ]
                                },
                                {
                                  "Node Type": "Index Scan",
                                  "Parent Relationship": "Inner",
                                  "Parallel Aware": false,
                                  "Async Capable": false,
                                  "Scan Direction": "Forward",
                                  "Index Name": "title_pkey",
                                  "Relation Name": "title",
                                  "Schema": "public",
                                  "Alias": "t",
                                  "Startup Cost": 0.43,
                                  "Total Cost": 4.48,
                                  "Plan Rows": 1,
                                  "Plan Width": 21,
                                  "Actual Startup Time": 0.249,
                                  "Actual Total Time": 0.249,
                                  "Actual Rows": 0.28,
                                  "Actual Loops": 5186,
                                  "Disabled": false,
                                  "Output": [
                                    "t.id",
                                    "t.title",
                                    "t.imdb_index",
                                    "t.kind_id",
                                    "t.production_year",
                                    "t.imdb_id",
                                    "t.phonetic_code",
                                    "t.episode_of_id",
                                    "t.season_nr",
                                    "t.episode_nr",
                                    "t.series_years",
                                    "t.md5sum"
                                  ],
                                  "Index Cond": "(t.id = ml.linked_movie_id)",
                                  "Rows Removed by Index Recheck": 0,
                                  "Filter": "((t.production_year >= 1980) AND (t.production_year <= 1995))",
                                  "Rows Removed by Filter": 1,
                                  "Index Searches": 5186,
                                  "Shared Hit Blocks": 13241,
                                  "Shared Read Blocks": 7503,
                                  "Shared Dirtied Blocks": 0,
                                  "Shared Written Blocks": 0,
                                  "Local Hit Blocks": 0,
                                  "Local Read Blocks": 0,
                                  "Local Dirtied Blocks": 0,
                                  "Local Written Blocks": 0,
                                  "Temp Read Blocks": 0,
                                  "Temp Written Blocks": 0,
                                  "actual_scan_in_card": 2528312,
                                  "actual_funnel_counts": [
                                    2528312,
                                    1947263,
                                    340186
                                  ],
                                  "component_selectivity": {
                                    "compare_selectivity": 0.7701830312081737,
                                    "compare_selectivity_2": 0.1746995654926941
                                  },
                                  "ius": [
                                    {
                                      "name": "t.id",
                                      "bytes": 8
                                    },
                                    {
                                      "name": "t.title",
                                      "bytes": 8
                                    },
                                    {
                                      "name": "t.imdb_index",
                                      "bytes": 8
                                    },
                                    {
                                      "name": "t.kind_id",
                                      "bytes": 8
                                    },
                                    {
                                      "name": "t.production_year",
                                      "bytes": 8
                                    },
                                    {
                                      "name": "t.imdb_id",
                                      "bytes": 8
                                    },
                                    {
                                      "name": "t.phonetic_code",
                                      "bytes": 8
                                    },
                                    {
                                      "name": "t.episode_of_id",
                                      "bytes": 8
                                    },
                                    {
                                      "name": "t.season_nr",
                                      "bytes": 8
                                    },
                                    {
                                      "name": "t.episode_nr",
                                      "bytes": 8
                                    },
                                    {
                                      "name": "t.series_years",
                                      "bytes": 8
                                    },
                                    {
                                      "name": "t.md5sum",
                                      "bytes": 8
                                    }
                                  ]
                                }
                              ],
                              "ius": [
                                {
                                  "name": "ml.linked_movie_id",
                                  "bytes": 8
                                },
                                {
                                  "name": "t.title",
                                  "bytes": 8
                                },
                                {
                                  "name": "t.id",
                                  "bytes": 8
                                }
                              ]
                            },
                            {
                              "Node Type": "Index Scan",
                              "Parent Relationship": "Inner",
                              "Parallel Aware": false,
                              "Async Capable": false,
                              "Scan Direction": "Forward",
                              "Index Name": "movie_id_cast_info",
                              "Relation Name": "cast_info",
                              "Schema": "public",
                              "Alias": "ci",
                              "Startup Cost": 0.44,
                              "Total Cost": 4.67,
                              "Plan Rows": 37,
                              "Plan Width": 8,
                              "Actual Startup Time": 0.363,
                              "Actual Total Time": 6.243,
                              "Actual Rows": 71.75,
                              "Actual Loops": 1467,
                              "Disabled": false,
                              "Output": [
                                "ci.id",
                                "ci.person_id",
                                "ci.movie_id",
                                "ci.person_role_id",
                                "ci.note",
                                "ci.nr_order",
                                "ci.role_id"
                              ],
                              "Index Cond": "(ci.movie_id = t.id)",
                              "Rows Removed by Index Recheck": 0,
                              "Index Searches": 1467,
                              "Shared Hit Blocks": 39634,
                              "Shared Read Blocks": 66779,
                              "Shared Dirtied Blocks": 0,
                              "Shared Written Blocks": 0,
                              "Local Hit Blocks": 0,
                              "Local Read Blocks": 0,
                              "Local Dirtied Blocks": 0,
                              "Local Written Blocks": 0,
                              "Temp Read Blocks": 0,
                              "Temp Written Blocks": 0,
                              "actual_scan_in_card": 36244344,
                              "ius": [
                                {
                                  "name": "ci.id",
                                  "bytes": 8
                                },
                                {
                                  "name": "ci.person_id",
                                  "bytes": 8
                                },
                                {
                                  "name": "ci.movie_id",
                                  "bytes": 8
                                },
                                {
                                  "name": "ci.person_role_id",
                                  "bytes": 8
                                },
                                {
                                  "name": "ci.note",
                                  "bytes": 8
                                },
                                {
                                  "name": "ci.nr_order",
                                  "bytes": 8
                                },
                                {
                                  "name": "ci.role_id",
                                  "bytes": 8
                                }
                              ]
                            }
                          ],
                          "ius": [
                            {
                              "name": "ci.person_id",
                              "bytes": 10
                            },
                            {
                              "name": "t.title",
                              "bytes": 10
                            }
                          ]
                        },
                        {
                          "Node Type": "Index Scan",
                          "Parent Relationship": "Inner",
                          "Parallel Aware": false,
                          "Async Capable": false,
                          "Scan Direction": "Forward",
                          "Index Name": "name_pkey",
                          "Relation Name": "name",
                          "Schema": "public",
                          "Alias": "n",
                          "Startup Cost": 0.43,
                          "Total Cost": 0.47,
                          "Plan Rows": 1,
                          "Plan Width": 19,
                          "Actual Startup Time": 0.061,
                          "Actual Total Time": 0.061,
                          "Actual Rows": 0.17,
                          "Actual Loops": 105262,
                          "Disabled": false,
                          "Output": [
                            "n.id",
                            "n.name",
                            "n.imdb_index",
                            "n.imdb_id",
                            "n.gender",
                            "n.name_pcode_cf",
                            "n.name_pcode_nf",
                            "n.surname_pcode",
                            "n.md5sum"
                          ],
                          "Index Cond": "(n.id = ci.person_id)",
                          "Rows Removed by Index Recheck": 0,
                          "Filter": "(((n.name_pcode_cf)::text >= 'A'::text) AND ((n.name_pcode_cf)::text <= 'F'::text) AND (((n.gender)::text = 'm'::text) OR (((n.gender)::text = 'f'::text) AND (n.name ~~ 'B%'::text))))",
                          "Rows Removed by Filter": 1,
                          "Index Searches": 105262,
                          "Shared Hit Blocks": 325656,
                          "Shared Read Blocks": 95392,
                          "Shared Dirtied Blocks": 0,
                          "Shared Written Blocks": 0,
                          "Local Hit Blocks": 0,
                          "Local Read Blocks": 0,
                          "Local Dirtied Blocks": 0,
                          "Local Written Blocks": 0,
                          "Temp Read Blocks": 0,
                          "Temp Written Blocks": 0,
                          "actual_scan_in_card": 4167491,
                          "actual_funnel_counts": [
                            4167491,
                            4167484,
                            1103278,
                            543291
                          ],
                          "component_selectivity": {
                            "compare_selectivity": 0.9999983203323054,
                            "compare_selectivity_2": 0.2647347896236674,
                            "compare_selectivity_3": 0.4924334573878932
                          },
                          "ius": [
                            {
                              "name": "n.id",
                              "bytes": 8
                            },
                            {
                              "name": "n.name",
                              "bytes": 8
                            },
                            {
                              "name": "n.imdb_index",
                              "bytes": 8
                            },
                            {
                              "name": "n.imdb_id",
                              "bytes": 8
                            },
                            {
                              "name": "n.gender",
                              "bytes": 8
                            },
                            {
                              "name": "n.name_pcode_cf",
                              "bytes": 8
                            },
                            {
                              "name": "n.name_pcode_nf",
                              "bytes": 8
                            },
                            {
                              "name": "n.surname_pcode",
                              "bytes": 8
                            },
                            {
                              "name": "n.md5sum",
                              "bytes": 8
                            }
                          ]
                        }
                      ],
                      "ius": [
                        {
                          "name": "ci.person_id",
                          "bytes": 10
                        },
                        {
                          "name": "n.name",
                          "bytes": 10
                        },
                        {
                          "name": "n.id",
                          "bytes": 10
                        },
                        {
                          "name": "t.title",
                          "bytes": 10
                        }
                      ]
                    },
                    {
                      "Node Type": "Index Scan",
                      "Parent Relationship": "Inner",
                      "Parallel Aware": false,
                      "Async Capable": false,
                      "Scan Direction": "Forward",
                      "Index Name": "person_id_person_info",
                      "Relation Name": "person_info",
                      "Schema": "public",
                      "Alias": "pi",
                      "Startup Cost": 0.43,
                      "Total Cost": 0.94,
                      "Plan Rows": 1,
                      "Plan Width": 8,
                      "Actual Startup Time": 0.123,
                      "Actual Total Time": 0.123,
                      "Actual Rows": 0.0,
                      "Actual Loops": 17559,
                      "Disabled": false,
                      "Output": [
                        "pi.id",
                        "pi.person_id",
                        "pi.info_type_id",
                        "pi.info",
                        "pi.note"
                      ],
                      "Index Cond": "(pi.person_id = ci.person_id)",
                      "Rows Removed by Index Recheck": 0,
                      "Filter": "(pi.note = 'Volker Boehm'::text)",
                      "Rows Removed by Filter": 20,
                      "Index Searches": 17559,
                      "Shared Hit Blocks": 60225,
                      "Shared Read Blocks": 15424,
                      "Shared Dirtied Blocks": 0,
                      "Shared Written Blocks": 0,
                      "Local Hit Blocks": 0,
                      "Local Read Blocks": 0,
                      "Local Dirtied Blocks": 0,
                      "Local Written Blocks": 0,
                      "Temp Read Blocks": 0,
                      "Temp Written Blocks": 0,
                      "actual_scan_in_card": 2963664,
                      "actual_funnel_counts": [
                        2963664,
                        64
                      ],
                      "component_selectivity": {
                        "compare_selectivity": 2.1594890648872477e-05
                      },
                      "ius": [
                        {
                          "name": "pi.id",
                          "bytes": 8
                        },
                        {
                          "name": "pi.person_id",
                          "bytes": 8
                        },
                        {
                          "name": "pi.info_type_id",
                          "bytes": 8
                        },
                        {
                          "name": "pi.info",
                          "bytes": 8
                        },
                        {
                          "name": "pi.note",
                          "bytes": 8
                        }
                      ]
                    }
                  ],
                  "ius": [
                    {
                      "name": "ci.person_id",
                      "bytes": 8
                    },
                    {
                      "name": "n.name",
                      "bytes": 8
                    },
                    {
                      "name": "n.id",
                      "bytes": 8
                    },
                    {
                      "name": "pi.person_id",
                      "bytes": 8
                    },
                    {
                      "name": "pi.info_type_id",
                      "bytes": 8
                    },
                    {
                      "name": "t.title",
                      "bytes": 8
                    }
                  ]
                },
                {
                  "Node Type": "Index Scan",
                  "Parent Relationship": "Inner",
                  "Parallel Aware": false,
                  "Async Capable": false,
                  "Scan Direction": "Forward",
                  "Index Name": "person_id_aka_name",
                  "Relation Name": "aka_name",
                  "Schema": "public",
                  "Alias": "an",
                  "Startup Cost": 0.42,
                  "Total Cost": 0.47,
                  "Plan Rows": 2,
                  "Plan Width": 4,
                  "Actual Startup Time": 0.4,
                  "Actual Total Time": 0.534,
                  "Actual Rows": 2.29,
                  "Actual Loops": 14,
                  "Disabled": false,
                  "Output": [
                    "an.id",
                    "an.person_id",
                    "an.name",
                    "an.imdb_index",
                    "an.name_pcode_cf",
                    "an.name_pcode_nf",
                    "an.surname_pcode",
                    "an.md5sum"
                  ],
                  "Index Cond": "(an.person_id = ci.person_id)",
                  "Rows Removed by Index Recheck": 0,
                  "Filter": "(an.name ~~ '%a%'::text)",
                  "Rows Removed by Filter": 1,
                  "Index Searches": 14,
                  "Shared Hit Blocks": 35,
                  "Shared Read Blocks": 33,
                  "Shared Dirtied Blocks": 0,
                  "Shared Written Blocks": 0,
                  "Local Hit Blocks": 0,
                  "Local Read Blocks": 0,
                  "Local Dirtied Blocks": 0,
                  "Local Written Blocks": 0,
                  "Temp Read Blocks": 0,
                  "Temp Written Blocks": 0,
                  "actual_scan_in_card": 901343,
                  "actual_funnel_counts": [
                    901343,
                    674692
                  ],
                  "component_selectivity": {
                    "expression_selectivity": 0.7485407885788207
                  },
                  "ius": [
                    {
                      "name": "an.id",
                      "bytes": 8
                    },
                    {
                      "name": "an.person_id",
                      "bytes": 8
                    },
                    {
                      "name": "an.name",
                      "bytes": 8
                    },
                    {
                      "name": "an.imdb_index",
                      "bytes": 8
                    },
                    {
                      "name": "an.name_pcode_cf",
                      "bytes": 8
                    },
                    {
                      "name": "an.name_pcode_nf",
                      "bytes": 8
                    },
                    {
                      "name": "an.surname_pcode",
                      "bytes": 8
                    },
                    {
                      "name": "an.md5sum",
                      "bytes": 8
                    }
                  ]
                }
              ],
              "ius": [
                {
                  "name": "n.name",
                  "bytes": 12
                },
                {
                  "name": "pi.info_type_id",
                  "bytes": 12
                },
                {
                  "name": "t.title",
                  "bytes": 12
                }
              ]
            },
            {
              "Node Type": "Index Scan",
              "Parent Relationship": "Inner",
              "Parallel Aware": false,
              "Async Capable": false,
              "Scan Direction": "Forward",
              "Index Name": "info_type_pkey",
              "Relation Name": "info_type",
              "Schema": "public",
              "Alias": "it",
              "Startup Cost": 0.14,
              "Total Cost": 0.59,
              "Plan Rows": 1,
              "Plan Width": 4,
              "Actual Startup Time": 0.024,
              "Actual Total Time": 0.024,
              "Actual Rows": 1.0,
              "Actual Loops": 32,
              "Disabled": false,
              "Output": [
                "it.id",
                "it.info"
              ],
              "Index Cond": "(it.id = pi.info_type_id)",
              "Rows Removed by Index Recheck": 0,
              "Filter": "((it.info)::text = 'mini biography'::text)",
              "Rows Removed by Filter": 0,
              "Index Searches": 32,
              "Shared Hit Blocks": 60,
              "Shared Read Blocks": 4,
              "Shared Dirtied Blocks": 0,
              "Shared Written Blocks": 0,
              "Local Hit Blocks": 0,
              "Local Read Blocks": 0,
              "Local Dirtied Blocks": 0,
              "Local Written Blocks": 0,
              "Temp Read Blocks": 0,
              "Temp Written Blocks": 0,
              "actual_scan_in_card": 113,
              "actual_funnel_counts": [
                113,
                1
              ],
              "component_selectivity": {
                "compare_selectivity": 0.008849557522123894
              },
              "ius": [
                {
                  "name": "it.id",
                  "bytes": 8
                },
                {
                  "name": "it.info",
                  "bytes": 8
                }
              ]
            }
          ],
          "ius": [
            {
              "name": "n.name",
              "bytes": 16
            },
            {
              "name": "t.title",
              "bytes": 16
            }
          ]
        }
      ],
      "ius": [
        {
          "name": "min(n.name)",
          "bytes": 32
        },
        {
          "name": "min(t.title)",
          "bytes": 32
        }
      ]
    },
    "Planning": {
      "Shared Hit Blocks": 257,
      "Shared Read Blocks": 61,
      "Shared Dirtied Blocks": 1,
      "Shared Written Blocks": 0,
      "Local Hit Blocks": 0,
      "Local Read Blocks": 0,
      "Local Dirtied Blocks": 0,
      "Local Written Blocks": 0,
      "Temp Read Blocks": 0,
      "Temp Written Blocks": 0
    },
    "Planning Time": 256.441,
    "Triggers": [],
    "Execution Time": 19141.679
  }
]