[
  {
    "Plan": {
      "Node Type": "Aggregate",
      "Strategy": "Plain",
      "Partial Mode": "Finalize",
      "Parallel Aware": false,
      "Async Capable": false,
      "Startup Cost": 122540.47,
      "Total Cost": 122540.48,
      "Plan Rows": 1,
      "Plan Width": 128,
      "Actual Startup Time": 2504.26,
      "Actual Total Time": 2505.94,
      "Actual Rows": 1.0,
      "Actual Loops": 1,
      "Disabled": false,
      "Output": [
        "min(an.name)",
        "min(chn.name)",
        "min(n.name)",
        "min(t.title)"
      ],
      "Shared Hit Blocks": 200431,
      "Shared Read Blocks": 83114,
      "Shared Dirtied Blocks": 0,
      "Shared Written Blocks": 0,
      "Local Hit Blocks": 0,
      "Local Read Blocks": 0,
      "Local Dirtied Blocks": 0,
      "Local Written Blocks": 0,
      "Temp Read Blocks": 0,
      "Temp Written Blocks": 0,
      "Plans": [
        {
          "Node Type": "Gather",
          "Parent Relationship": "Outer",
          "Parallel Aware": false,
          "Async Capable": false,
          "Startup Cost": 122540.24,
          "Total Cost": 122540.45,
          "Plan Rows": 2,
          "Plan Width": 128,
          "Actual Startup Time": 2499.079,
          "Actual Total Time": 2505.932,
          "Actual Rows": 3.0,
          "Actual Loops": 1,
          "Disabled": false,
          "Output": [
            "(PARTIAL min(an.name))",
            "(PARTIAL min(chn.name))",
            "(PARTIAL min(n.name))",
            "(PARTIAL min(t.title))"
          ],
          "Workers Planned": 2,
          "Workers Launched": 2,
          "Single Copy": false,
          "Shared Hit Blocks": 200431,
          "Shared Read Blocks": 83114,
          "Shared Dirtied Blocks": 0,
          "Shared Written Blocks": 0,
          "Local Hit Blocks": 0,
          "Local Read Blocks": 0,
          "Local Dirtied Blocks": 0,
          "Local Written Blocks": 0,
          "Temp Read Blocks": 0,
          "Temp Written Blocks": 0,
          "Plans": [
            {
              "Node Type": "Aggregate",
              "Strategy": "Plain",
              "Partial Mode": "Partial",
              "Parent Relationship": "Outer",
              "Parallel Aware": false,
              "Async Capable": false,
              "Startup Cost": 121540.24,
              "Total Cost": 121540.25,
              "Plan Rows": 1,
              "Plan Width": 128,
              "Actual Startup Time": 2497.499,
              "Actual Total Time": 2497.505,
              "Actual Rows": 1.0,
              "Actual Loops": 3,
              "Disabled": false,
              "Output": [
                "PARTIAL min(an.name)",
                "PARTIAL min(chn.name)",
                "PARTIAL min(n.name)",
                "PARTIAL min(t.title)"
              ],
              "Shared Hit Blocks": 200431,
              "Shared Read Blocks": 83114,
              "Shared Dirtied Blocks": 0,
              "Shared Written Blocks": 0,
              "Local Hit Blocks": 0,
              "Local Read Blocks": 0,
              "Local Dirtied Blocks": 0,
              "Local Written Blocks": 0,
              "Temp Read Blocks": 0,
              "Temp Written Blocks": 0,
              "Workers": [
                {
                  "Worker Number": 0,
                  "Actual Startup Time": 2499.552,
                  "Actual Total Time": 2499.554,
                  "Actual Rows": 1.0,
                  "Actual Loops": 1,
                  "Shared Hit Blocks": 65845,
                  "Shared Read Blocks": 27551,
                  "Shared Dirtied Blocks": 0,
                  "Shared Written Blocks": 0,
                  "Local Hit Blocks": 0,
                  "Local Read Blocks": 0,
                  "Local Dirtied Blocks": 0,
                  "Local Written Blocks": 0,
                  "Temp Read Blocks": 0,
                  "Temp Written Blocks": 0
                },
                {
                  "Worker Number": 1,
                  "Actual Startup Time": 2494.068,
                  "Actual Total Time": 2494.076,
                  "Actual Rows": 1.0,
                  "Actual Loops": 1,
                  "Shared Hit Blocks": 53253,
                  "Shared Read Blocks": 27887,
                  "Shared Dirtied Blocks": 0,
                  "Shared Written Blocks": 0,
                  "Local Hit Blocks": 0,
                  "Local Read Blocks": 0,
                  "Local Dirtied Blocks": 0,
                  "Local Written Blocks": 0,
                  "Temp Read Blocks": 0,
                  "Temp Written Blocks": 0
                }
              ],
              "Plans": [
                {
                  "Node Type": "Nested Loop",
                  "Parent Relationship": "Outer",
                  "Parallel Aware": false,
                  "Async Capable": false,
                  "Join Type": "Inner",
                  "Startup Cost": 81823.67,
                  "Total Cost": 121540.13,
                  "Plan Rows": 11,
                  "Plan Width": 64,
                  "Actual Startup Time": 443.241,
                  "Actual Total Time": 2496.796,
                  "Actual Rows": 2714.67,
                  "Actual Loops": 3,
                  "Disabled": false,
                  "Output": [
                    "an.name",
                    "chn.name",
                    "n.name",
                    "t.title"
                  ],
                  "Inner Unique": true,
                  "Join Filter": "(ci.movie_id = t.id)",
                  "Rows Removed by Join Filter": 0,
                  "Shared Hit Blocks": 200431,
                  "Shared Read Blocks": 83114,
                  "Shared Dirtied Blocks": 0,
                  "Shared Written Blocks": 0,
                  "Local Hit Blocks": 0,
                  "Local Read Blocks": 0,
                  "Local Dirtied Blocks": 0,
                  "Local Written Blocks": 0,
                  "Temp Read Blocks": 0,
                  "Temp Written Blocks": 0,
                  "Workers": [
                    {
                      "Worker Number": 0,
                      "Actual Startup Time": 442.321,
                      "Actual Total Time": 2499.011,
                      "Actual Rows": 2324.0,
                      "Actual Loops": 1,
                      "Shared Hit Blocks": 65845,
                      "Shared Read Blocks": 27551,
                      "Shared Dirtied Blocks": 0,
                      "Shared Written Blocks": 0,
                      "Local Hit Blocks": 0,
                      "Local Read Blocks": 0,
                      "Local Dirtied Blocks": 0,
                      "Local Written Blocks": 0,
                      "Temp Read Blocks": 0,
                      "Temp Written Blocks": 0
                    },
                    {
                      "Worker Number": 1,
                      "Actual Startup Time": 444.865,
                      "Actual Total Time": 2493.473,
                      "Actual Rows": 2187.0,
                      "Actual Loops": 1,
                      "Shared Hit Blocks": 53253,
                      "Shared Read Blocks": 27887,
                      "Shared Dirtied Blocks": 0,
                      "Shared Written Blocks": 0,
                      "Local Hit Blocks": 0,
                      "Local Read Blocks": 0,
                      "Local Dirtied Blocks": 0,
                      "Local Written Blocks": 0,
                      "Temp Read Blocks": 0,
                      "Temp Written Blocks": 0
                    }
                  ],
                  "Plans": [
                    {
                      "Node Type": "Nested Loop",
                      "Parent Relationship": "Outer",
                      "Parallel Aware": false,
                      "Async Capable": false,
                      "Join Type": "Inner",
                      "Startup Cost": 81823.24,
                      "Total Cost": 121534.31,
                      "Plan Rows": 11,
                      "Plan Width": 55,
                      "Actual Startup Time": 442.886,
                      "Actual Total Time": 2412.456,
                      "Actual Rows": 2714.67,
                      "Actual Loops": 3,
                      "Disabled": false,
                      "Output": [
                        "an.name",
                        "ci.movie_id",
                        "chn.name",
                        "mc.movie_id",
                        "n.name"
                      ],
                      "Inner Unique": true,
                      "Shared Hit Blocks": 169166,
                      "Shared Read Blocks": 81801,
                      "Shared Dirtied Blocks": 0,
                      "Shared Written Blocks": 0,
                      "Local Hit Blocks": 0,
                      "Local Read Blocks": 0,
                      "Local Dirtied Blocks": 0,
                      "Local Written Blocks": 0,
                      "Temp Read Blocks": 0,
                      "Temp Written Blocks": 0,
                      "Workers": [
                        {
                          "Worker Number": 0,
                          "Actual Startup Time": 441.885,
                          "Actual Total Time": 2447.203,
                          "Actual Rows": 2324.0,
                          "Actual Loops": 1,
                          "Shared Hit Blocks": 56868,
                          "Shared Read Blocks": 27231,
                          "Shared Dirtied Blocks": 0,
                          "Shared Written Blocks": 0,
                          "Local Hit Blocks": 0,
                          "Local Read Blocks": 0,
                          "Local Dirtied Blocks": 0,
                          "Local Written Blocks": 0,
                          "Temp Read Blocks": 0,
                          "Temp Written Blocks": 0
                        },
                        {
                          "Worker Number": 1,
                          "Actual Startup Time": 444.541,
                          "Actual Total Time": 2404.098,
                          "Actual Rows": 2187.0,
                          "Actual Loops": 1,
                          "Shared Hit Blocks": 44960,
                          "Shared Read Blocks": 27431,
                          "Shared Dirtied Blocks": 0,
                          "Shared Written Blocks": 0,
                          "Local Hit Blocks": 0,
                          "Local Read Blocks": 0,
                          "Local Dirtied Blocks": 0,
                          "Local Written Blocks": 0,
                          "Temp Read Blocks": 0,
                          "Temp Written Blocks": 0
                        }
                      ],
                      "Plans": [
                        {
                          "Node Type": "Nested Loop",
                          "Parent Relationship": "Outer",
                          "Parallel Aware": false,
                          "Async Capable": false,
                          "Join Type": "Inner",
                          "Startup Cost": 81822.82,
                          "Total Cost": 121520.93,
                          "Plan Rows": 30,
                          "Plan Width": 59,
                          "Actual Startup Time": 438.771,
                          "Actual Total Time": 2328.443,
                          "Actual Rows": 6115.0,
                          "Actual Loops": 3,
                          "Disabled": false,
                          "Output": [
                            "an.name",
                            "ci.movie_id",
                            "chn.name",
                            "mc.movie_id",
                            "mc.company_id",
                            "n.name"
                          ],
                          "Inner Unique": false,
                          "Shared Hit Blocks": 96365,
                          "Shared Read Blocks": 81220,
                          "Shared Dirtied Blocks": 0,
                          "Shared Written Blocks": 0,
                          "Local Hit Blocks": 0,
                          "Local Read Blocks": 0,
                          "Local Dirtied Blocks": 0,
                          "Local Written Blocks": 0,
                          "Temp Read Blocks": 0,
                          "Temp Written Blocks": 0,
                          "Workers": [
                            {
                              "Worker Number": 0,
                              "Actual Startup Time": 441.867,
                              "Actual Total Time": 2376.276,
                              "Actual Rows": 6251.0,
                              "Actual Loops": 1,
                              "Shared Hit Blocks": 32078,
                              "Shared Read Blocks": 27016,
                              "Shared Dirtied Blocks": 0,
                              "Shared Written Blocks": 0,
                              "Local Hit Blocks": 0,
                              "Local Read Blocks": 0,
                              "Local Dirtied Blocks": 0,
                              "Local Written Blocks": 0,
                              "Temp Read Blocks": 0,
                              "Temp Written Blocks": 0
                            },
                            {
                              "Worker Number": 1,
                              "Actual Startup Time": 432.221,
                              "Actual Total Time": 2336.344,
                              "Actual Rows": 4499.0,
                              "Actual Loops": 1,
                              "Shared Hit Blocks": 27108,
                              "Shared Read Blocks": 27286,
                              "Shared Dirtied Blocks": 0,
                              "Shared Written Blocks": 0,
                              "Local Hit Blocks": 0,
                              "Local Read Blocks": 0,
                              "Local Dirtied Blocks": 0,
                              "Local Written Blocks": 0,
                              "Temp Read Blocks": 0,
                              "Temp Written Blocks": 0
                            }
                          ],
                          "Plans": [
                            {
                              "Node Type": "Nested Loop",
                              "Parent Relationship": "Outer",
                              "Parallel Aware": false,
                              "Async Capable": false,
                              "Join Type": "Inner",
                              "Startup Cost": 81822.39,
                              "Total Cost": 121513.44,
                              "Plan Rows": 11,
                              "Plan Width": 51,
                              "Actual Startup Time": 438.108,
                              "Actual Total Time": 2173.018,
                              "Actual Rows": 2575.33,
                              "Actual Loops": 3,
                              "Disabled": false,
                              "Output": [
                                "an.name",
                                "ci.movie_id",
                                "chn.name",
                                "n.name"
                              ],
                              "Inner Unique": true,
                              "Shared Hit Blocks": 68455,
                              "Shared Read Blocks": 79237,
                              "Shared Dirtied Blocks": 0,
                              "Shared Written Blocks": 0,
                              "Local Hit Blocks": 0,
                              "Local Read Blocks": 0,
                              "Local Dirtied Blocks": 0,
                              "Local Written Blocks": 0,
                              "Temp Read Blocks": 0,
                              "Temp Written Blocks": 0,
                              "Workers": [
                                {
                                  "Worker Number": 0,
                                  "Actual Startup Time": 441.264,
                                  "Actual Total Time": 2215.039,
                                  "Actual Rows": 2398.0,
                                  "Actual Loops": 1,
                                  "Shared Hit Blocks": 23394,
                                  "Shared Read Blocks": 26406,
                                  "Shared Dirtied Blocks": 0,
                                  "Shared Written Blocks": 0,
                                  "Local Hit Blocks": 0,
                                  "Local Read Blocks": 0,
                                  "Local Dirtied Blocks": 0,
                                  "Local Written Blocks": 0,
                                  "Temp Read Blocks": 0,
                                  "Temp Written Blocks": 0
                                },
                                {
                                  "Worker Number": 1,
                                  "Actual Startup Time": 431.332,
                                  "Actual Total Time": 2219.54,
                                  "Actual Rows": 2189.0,
                                  "Actual Loops": 1,
                                  "Shared Hit Blocks": 19402,
                                  "Shared Read Blocks": 26708,
                                  "Shared Dirtied Blocks": 0,
                                  "Shared Written Blocks": 0,
                                  "Local Hit Blocks": 0,
                                  "Local Read Blocks": 0,
                                  "Local Dirtied Blocks": 0,
                                  "Local Written Blocks": 0,
                                  "Temp Read Blocks": 0,
                                  "Temp Written Blocks": 0
                                }
                              ],
                              "Plans": [
                                {
                                  "Node Type": "Hash Join",
                                  "Parent Relationship": "Outer",
                                  "Parallel Aware": false,
                                  "Async Capable": false,
                                  "Join Type": "Inner",
                                  "Startup Cost": 81821.96,
                                  "Total Cost": 121498.26,
                                  "Plan Rows": 23,
                                  "Plan Width": 39,
                                  "Actual Startup Time": 437.284,
                                  "Actual Total Time": 1957.716,
                                  "Actual Rows": 2734.67,
                                  "Actual Loops": 3,
                                  "Disabled": false,
                                  "Output": [
                                    "an.name",
                                    "ci.movie_id",
                                    "ci.person_role_id",
                                    "n.name"
                                  ],
                                  "Inner Unique": true,
                                  "Hash Cond": "(ci.role_id = rt.id)",
                                  "Shared Hit Blocks": 39189,
                                  "Shared Read Blocks": 77597,
                                  "Shared Dirtied Blocks": 0,
                                  "Shared Written Blocks": 0,
                                  "Local Hit Blocks": 0,
                                  "Local Read Blocks": 0,
                                  "Local Dirtied Blocks": 0,
                                  "Local Written Blocks": 0,
                                  "Temp Read Blocks": 0,
                                  "Temp Written Blocks": 0,
                                  "Workers": [
                                    {
                                      "Worker Number": 0,
                                      "Actual Startup Time": 440.759,
                                      "Actual Total Time": 2038.5,
                                      "Actual Rows": 2550.0,
                                      "Actual Loops": 1,
                                      "Shared Hit Blocks": 14256,
                                      "Shared Read Blocks": 25951,
                                      "Shared Dirtied Blocks": 0,
                                      "Shared Written Blocks": 0,
                                      "Local Hit Blocks": 0,
                                      "Local Read Blocks": 0,
                                      "Local Dirtied Blocks": 0,
                                      "Local Written Blocks": 0,
                                      "Temp Read Blocks": 0,
                                      "Temp Written Blocks": 0
                                    },
                                    {
                                      "Worker Number": 1,
                                      "Actual Startup Time": 430.222,
                                      "Actual Total Time": 2028.52,
                                      "Actual Rows": 2326.0,
                                      "Actual Loops": 1,
                                      "Shared Hit Blocks": 11146,
                                      "Shared Read Blocks": 26207,
                                      "Shared Dirtied Blocks": 0,
                                      "Shared Written Blocks": 0,
                                      "Local Hit Blocks": 0,
                                      "Local Read Blocks": 0,
                                      "Local Dirtied Blocks": 0,
                                      "Local Written Blocks": 0,
                                      "Temp Read Blocks": 0,
                                      "Temp Written Blocks": 0
                                    }
                                  ],
                                  "Plans": [
                                    {
                                      "Node Type": "Nested Loop",
                                      "Parent Relationship": "Outer",
                                      "Parallel Aware": false,
                                      "Async Capable": false,
                                      "Join Type": "Inner",
                                      "Startup Cost": 81803.03,
                                      "Total Cost": 121468.43,
                                      "Plan Rows": 4131,
                                      "Plan Width": 43,
                                      "Actual Startup Time": 437.243,
                                      "Actual Total Time": 1956.815,
                                      "Actual Rows": 2734.67,
                                      "Actual Loops": 3,
                                      "Disabled": false,
                                      "Output": [
                                        "an.name",
                                        "ci.movie_id",
                                        "ci.role_id",
                                        "ci.person_role_id",
                                        "n.name"
                                      ],
                                      "Inner Unique": false,
                                      "Join Filter": "(ci.person_id = n.id)",
                                      "Rows Removed by Join Filter": 0,
                                      "Shared Hit Blocks": 39186,
                                      "Shared Read Blocks": 77597,
                                      "Shared Dirtied Blocks": 0,
                                      "Shared Written Blocks": 0,
                                      "Local Hit Blocks": 0,
                                      "Local Read Blocks": 0,
                                      "Local Dirtied Blocks": 0,
                                      "Local Written Blocks": 0,
                                      "Temp Read Blocks": 0,
                                      "Temp Written Blocks": 0,
                                      "Workers": [
                                        {
                                          "Worker Number": 0,
                                          "Actual Startup Time": 440.705,
                                          "Actual Total Time": 2037.699,
                                          "Actual Rows": 2550.0,
                                          "Actual Loops": 1,
                                          "Shared Hit Blocks": 14255,
                                          "Shared Read Blocks": 25951,
                                          "Shared Dirtied Blocks": 0,
                                          "Shared Written Blocks": 0,
                                          "Local Hit Blocks": 0,
                                          "Local Read Blocks": 0,
                                          "Local Dirtied Blocks": 0,
                                          "Local Written Blocks": 0,
                                          "Temp Read Blocks": 0,
                                          "Temp Written Blocks": 0
                                        },
                                        {
                                          "Worker Number": 1,
                                          "Actual Startup Time": 430.177,
                                          "Actual Total Time": 2027.768,
                                          "Actual Rows": 2326.0,
                                          "Actual Loops": 1,
                                          "Shared Hit Blocks": 11145,
                                          "Shared Read Blocks": 26207,
                                          "Shared Dirtied Blocks": 0,
                                          "Shared Written Blocks": 0,
                                          "Local Hit Blocks": 0,
                                          "Local Read Blocks": 0,
                                          "Local Dirtied Blocks": 0,
                                          "Local Written Blocks": 0,
                                          "Temp Read Blocks": 0,
                                          "Temp Written Blocks": 0
                                        }
                                      ],
                                      "Plans": [
                                        {
                                          "Node Type": "Hash Join",
                                          "Parent Relationship": "Outer",
                                          "Parallel Aware": true,
                                          "Async Capable": false,
                                          "Join Type": "Inner",
                                          "Startup Cost": 81802.59,
                                          "Total Cost": 97960.03,
                                          "Plan Rows": 1753,
                                          "Plan Width": 39,
                                          "Actual Startup Time": 427.339,
                                          "Actual Total Time": 547.827,
                                          "Actual Rows": 3508.33,
                                          "Actual Loops": 3,
                                          "Disabled": false,
                                          "Output": [
                                            "an.name",
                                            "an.person_id",
                                            "n.name",
                                            "n.id"
                                          ],
                                          "Inner Unique": true,
                                          "Hash Cond": "(an.person_id = n.id)",
                                          "Shared Hit Blocks": 2161,
                                          "Shared Read Blocks": 64911,
                                          "Shared Dirtied Blocks": 0,
                                          "Shared Written Blocks": 0,
                                          "Local Hit Blocks": 0,
                                          "Local Read Blocks": 0,
                                          "Local Dirtied Blocks": 0,
                                          "Local Written Blocks": 0,
                                          "Temp Read Blocks": 0,
                                          "Temp Written Blocks": 0,
                                          "Workers": [
                                            {
                                              "Worker Number": 0,
                                              "Actual Startup Time": 425.838,
                                              "Actual Total Time": 562.526,
                                              "Actual Rows": 3772.0,
                                              "Actual Loops": 1,
                                              "Shared Hit Blocks": 815,
                                              "Shared Read Blocks": 21533,
                                              "Shared Dirtied Blocks": 0,
                                              "Shared Written Blocks": 0,
                                              "Local Hit Blocks": 0,
                                              "Local Read Blocks": 0,
                                              "Local Dirtied Blocks": 0,
                                              "Local Written Blocks": 0,
                                              "Temp Read Blocks": 0,
                                              "Temp Written Blocks": 0
                                            },
                                            {
                                              "Worker Number": 1,
                                              "Actual Startup Time": 425.885,
                                              "Actual Total Time": 549.499,
                                              "Actual Rows": 3147.0,
                                              "Actual Loops": 1,
                                              "Shared Hit Blocks": 630,
                                              "Shared Read Blocks": 21846,
                                              "Shared Dirtied Blocks": 0,
                                              "Shared Written Blocks": 0,
                                              "Local Hit Blocks": 0,
                                              "Local Read Blocks": 0,
                                              "Local Dirtied Blocks": 0,
                                              "Local Written Blocks": 0,
                                              "Temp Read Blocks": 0,
                                              "Temp Written Blocks": 0
                                            }
                                          ],
                                          "Plans": [
                                            {
                                              "Node Type": "Seq Scan",
                                              "Parent Relationship": "Outer",
                                              "Parallel Aware": true,
                                              "Async Capable": false,
                                              "Relation Name": "aka_name",
                                              "Schema": "public",
                                              "Alias": "an",
                                              "Startup Cost": 0.0,
                                              "Total Cost": 15171.6,
                                              "Plan Rows": 375560,
                                              "Plan Width": 20,
                                              "Actual Startup Time": 0.249,
                                              "Actual Total Time": 28.397,
                                              "Actual Rows": 300447.67,
                                              "Actual Loops": 3,
                                              "Disabled": false,
                                              "Output": [
                                                "an.id",
                                                "an.person_id",
                                                "an.name",
                                                "an.imdb_index",
                                                "an.name_pcode_cf",
                                                "an.name_pcode_nf",
                                                "an.surname_pcode",
                                                "an.md5sum"
                                              ],
                                              "Shared Hit Blocks": 31,
                                              "Shared Read Blocks": 11385,
                                              "Shared Dirtied Blocks": 0,
                                              "Shared Written Blocks": 0,
                                              "Local Hit Blocks": 0,
                                              "Local Read Blocks": 0,
                                              "Local Dirtied Blocks": 0,
                                              "Local Written Blocks": 0,
                                              "Temp Read Blocks": 0,
                                              "Temp Written Blocks": 0,
                                              "Workers": [
                                                {
                                                  "Worker Number": 0,
                                                  "Actual Startup Time": 0.238,
                                                  "Actual Total Time": 30.492,
                                                  "Actual Rows": 316071.0,
                                                  "Actual Loops": 1,
                                                  "Shared Hit Blocks": 6,
                                                  "Shared Read Blocks": 3993,
                                                  "Shared Dirtied Blocks": 0,
                                                  "Shared Written Blocks": 0,
                                                  "Local Hit Blocks": 0,
                                                  "Local Read Blocks": 0,
                                                  "Local Dirtied Blocks": 0,
                                                  "Local Written Blocks": 0,
                                                  "Temp Read Blocks": 0,
                                                  "Temp Written Blocks": 0
                                                },
                                                {
                                                  "Worker Number": 1,
                                                  "Actual Startup Time": 0.264,
                                                  "Actual Total Time": 31.314,
                                                  "Actual Rows": 316224.0,
                                                  "Actual Loops": 1,
                                                  "Shared Hit Blocks": 6,
                                                  "Shared Read Blocks": 4009,
                                                  "Shared Dirtied Blocks": 0,
                                                  "Shared Written Blocks": 0,
                                                  "Local Hit Blocks": 0,
                                                  "Local Read Blocks": 0,
                                                  "Local Dirtied Blocks": 0,
                                                  "Local Written Blocks": 0,
                                                  "Temp Read Blocks": 0,
                                                  "Temp Written Blocks": 0
                                                }
                                              ],
                                              "actual_scan_in_card": 901343,
                                              "ius": [
                                                {
                                                  "name": "an.id",
                                                  "bytes": 8
                                                },
                                                {
                                                  "name": "an.person_id",
                                                  "bytes": 8
                                                },
                                                {
                                                  "name": "an.name",
                                                  "bytes": 8
                                                },
                                                {
                                                  "name": "an.imdb_index",
                                                  "bytes": 8
                                                },
                                                {
                                                  "name": "an.name_pcode_cf",
                                                  "bytes": 8
                                                },
                                                {
                                                  "name": "an.name_pcode_nf",
                                                  "bytes": 8
                                                },
                                                {
                                                  "name": "an.surname_pcode",
                                                  "bytes": 8
                                                },
                                                {
                                                  "name": "an.md5sum",
                                                  "bytes": 8
                                                }
                                              ]
                                            },
                                            {
                                              "Node Type": "Hash",
                                              "Parent Relationship": "Inner",
                                              "Parallel Aware": true,
                                              "Async Capable": false,
                                              "Startup Cost": 81701.26,
                                              "Total Cost": 81701.26,
                                              "Plan Rows": 8107,
                                              "Plan Width": 19,
                                              "Actual Startup Time": 426.894,
                                              "Actual Total Time": 426.895,
                                              "Actual Rows": 16670.33,
                                              "Actual Loops": 3,
                                              "Disabled": false,
                                              "Output": [
                                                "n.name",
                                                "n.id"
                                              ],
                                              "Hash Buckets": 65536,
                                              "Original Hash Buckets": 32768,
                                              "Hash Batches": 1,
                                              "Original Hash Batches": 1,
                                              "Peak Memory Usage": 3552,
                                              "Shared Hit Blocks": 2130,
                                              "Shared Read Blocks": 53526,
                                              "Shared Dirtied Blocks": 0,
                                              "Shared Written Blocks": 0,
                                              "Local Hit Blocks": 0,
                                              "Local Read Blocks": 0,
                                              "Local Dirtied Blocks": 0,
                                              "Local Written Blocks": 0,
                                              "Temp Read Blocks": 0,
                                              "Temp Written Blocks": 0,
                                              "Workers": [
                                                {
                                                  "Worker Number": 0,
                                                  "Actual Startup Time": 425.454,
                                                  "Actual Total Time": 425.454,
                                                  "Actual Rows": 16553.0,
                                                  "Actual Loops": 1,
                                                  "Shared Hit Blocks": 809,
                                                  "Shared Read Blocks": 17540,
                                                  "Shared Dirtied Blocks": 0,
                                                  "Shared Written Blocks": 0,
                                                  "Local Hit Blocks": 0,
                                                  "Local Read Blocks": 0,
                                                  "Local Dirtied Blocks": 0,
                                                  "Local Written Blocks": 0,
                                                  "Temp Read Blocks": 0,
                                                  "Temp Written Blocks": 0
                                                },
                                                {
                                                  "Worker Number": 1,
                                                  "Actual Startup Time": 425.458,
                                                  "Actual Total Time": 425.458,
                                                  "Actual Rows": 17190.0,
                                                  "Actual Loops": 1,
                                                  "Shared Hit Blocks": 624,
                                                  "Shared Read Blocks": 17837,
                                                  "Shared Dirtied Blocks": 0,
                                                  "Shared Written Blocks": 0,
                                                  "Local Hit Blocks": 0,
                                                  "Local Read Blocks": 0,
                                                  "Local Dirtied Blocks": 0,
                                                  "Local Written Blocks": 0,
                                                  "Temp Read Blocks": 0,
                                                  "Temp Written Blocks": 0
                                                }
                                              ],
                                              "Plans": [
                                                {
                                                  "Node Type": "Seq Scan",
                                                  "Parent Relationship": "Outer",
                                                  "Parallel Aware": true,
                                                  "Async Capable": false,
                                                  "Relation Name": "name",
                                                  "Schema": "public",
                                                  "Alias": "n",
                                                  "Startup Cost": 0.0,
                                                  "Total Cost": 81701.26,
                                                  "Plan Rows": 8107,
                                                  "Plan Width": 19,
                                                  "Actual Startup Time": 196.855,
                                                  "Actual Total Time": 419.824,
                                                  "Actual Rows": 16670.33,
                                                  "Actual Loops": 3,
                                                  "Disabled": false,
                                                  "Output": [
                                                    "n.name",
                                                    "n.id"
                                                  ],
                                                  "Filter": "((n.name ~~ '%An%'::text) AND ((n.gender)::text = 'f'::text))",
                                                  "Rows Removed by Filter": 1372493,
                                                  "Shared Hit Blocks": 2130,
                                                  "Shared Read Blocks": 53526,
                                                  "Shared Dirtied Blocks": 0,
                                                  "Shared Written Blocks": 0,
                                                  "Local Hit Blocks": 0,
                                                  "Local Read Blocks": 0,
                                                  "Local Dirtied Blocks": 0,
                                                  "Local Written Blocks": 0,
                                                  "Temp Read Blocks": 0,
                                                  "Temp Written Blocks": 0,
                                                  "Workers": [
                                                    {
                                                      "Worker Number": 0,
                                                      "Actual Startup Time": 195.505,
                                                      "Actual Total Time": 417.679,
                                                      "Actual Rows": 16553.0,
                                                      "Actual Loops": 1,
                                                      "Shared Hit Blocks": 809,
                                                      "Shared Read Blocks": 17540,
                                                      "Shared Dirtied Blocks": 0,
                                                      "Shared Written Blocks": 0,
                                                      "Local Hit Blocks": 0,
                                                      "Local Read Blocks": 0,
                                                      "Local Dirtied Blocks": 0,
                                                      "Local Written Blocks": 0,
                                                      "Temp Read Blocks": 0,
                                                      "Temp Written Blocks": 0
                                                    },
                                                    {
                                                      "Worker Number": 1,
                                                      "Actual Startup Time": 195.55,
                                                      "Actual Total Time": 420.325,
                                                      "Actual Rows": 17190.0,
                                                      "Actual Loops": 1,
                                                      "Shared Hit Blocks": 624,
                                                      "Shared Read Blocks": 17837,
                                                      "Shared Dirtied Blocks": 0,
                                                      "Shared Written Blocks": 0,
                                                      "Local Hit Blocks": 0,
                                                      "Local Read Blocks": 0,
                                                      "Local Dirtied Blocks": 0,
                                                      "Local Written Blocks": 0,
                                                      "Temp Read Blocks": 0,
                                                      "Temp Written Blocks": 0
                                                    }
                                                  ],
                                                  "actual_scan_in_card": 4167491,
                                                  "actual_funnel_counts": [
                                                    4167491,
                                                    163621,
                                                    50011
                                                  ],
                                                  "component_selectivity": {
                                                    "expression_selectivity": 0.03926127254983874,
                                                    "compare_selectivity": 0.30565147505515794
                                                  },
                                                  "ius": [
                                                    {
                                                      "name": "n.name",
                                                      "bytes": 8
                                                    },
                                                    {
                                                      "name": "n.id",
                                                      "bytes": 8
                                                    }
                                                  ]
                                                }
                                              ],
                                              "ius": [
                                                {
                                                  "name": "n.name",
                                                  "bytes": 9
                                                },
                                                {
                                                  "name": "n.id",
                                                  "bytes": 9
                                                }
                                              ]
                                            }
                                          ],
                                          "ius": [
                                            {
                                              "name": "an.name",
                                              "bytes": 9
                                            },
                                            {
                                              "name": "an.person_id",
                                              "bytes": 9
                                            },
                                            {
                                              "name": "n.name",
                                              "bytes": 9
                                            },
                                            {
                                              "name": "n.id",
                                              "bytes": 9
                                            }
                                          ]
                                        },
                                        {
                                          "Node Type": "Index Scan",
                                          "Parent Relationship": "Inner",
                                          "Parallel Aware": false,
                                          "Async Capable": false,
                                          "Scan Direction": "Forward",
                                          "Index Name": "person_id_cast_info",
                                          "Relation Name": "cast_info",
                                          "Schema": "public",
                                          "Alias": "ci",
                                          "Startup Cost": 0.44,
                                          "Total Cost": 13.25,
                                          "Plan Rows": 13,
                                          "Plan Width": 16,
                                          "Actual Startup Time": 0.388,
                                          "Actual Total Time": 0.401,
                                          "Actual Rows": 0.78,
                                          "Actual Loops": 10525,
                                          "Disabled": false,
                                          "Output": [
                                            "ci.id",
                                            "ci.person_id",
                                            "ci.movie_id",
                                            "ci.person_role_id",
                                            "ci.note",
                                            "ci.nr_order",
                                            "ci.role_id"
                                          ],
                                          "Index Cond": "(ci.person_id = an.person_id)",
                                          "Rows Removed by Index Recheck": 0,
                                          "Filter": "(ci.note = ANY ('{(voice),\"(voice: Japanese version)\",\"(voice) (uncredited)\",\"(voice: English version)\"}'::text[]))",
                                          "Rows Removed by Filter": 44,
                                          "Index Searches": 10525,
                                          "Shared Hit Blocks": 37025,
                                          "Shared Read Blocks": 12686,
                                          "Shared Dirtied Blocks": 0,
                                          "Shared Written Blocks": 0,
                                          "Local Hit Blocks": 0,
                                          "Local Read Blocks": 0,
                                          "Local Dirtied Blocks": 0,
                                          "Local Written Blocks": 0,
                                          "Temp Read Blocks": 0,
                                          "Temp Written Blocks": 0,
                                          "Workers": [
                                            {
                                              "Worker Number": 0,
                                              "Actual Startup Time": 0.38,
                                              "Actual Total Time": 0.391,
                                              "Actual Rows": 0.68,
                                              "Actual Loops": 3772,
                                              "Shared Hit Blocks": 13440,
                                              "Shared Read Blocks": 4418,
                                              "Shared Dirtied Blocks": 0,
                                              "Shared Written Blocks": 0,
                                              "Local Hit Blocks": 0,
                                              "Local Read Blocks": 0,
                                              "Local Dirtied Blocks": 0,
                                              "Local Written Blocks": 0,
                                              "Temp Read Blocks": 0,
                                              "Temp Written Blocks": 0
                                            },
                                            {
                                              "Worker Number": 1,
                                              "Actual Startup Time": 0.453,
                                              "Actual Total Time": 0.469,
                                              "Actual Rows": 0.74,
                                              "Actual Loops": 3147,
                                              "Shared Hit Blocks": 10515,
                                              "Shared Read Blocks": 4361,
                                              "Shared Dirtied Blocks": 0,
                                              "Shared Written Blocks": 0,
                                              "Local Hit Blocks": 0,
                                              "Local Read Blocks": 0,
                                              "Local Dirtied Blocks": 0,
                                              "Local Written Blocks": 0,
                                              "Temp Read Blocks": 0,
                                              "Temp Written Blocks": 0
                                            }
                                          ],
                                          "actual_scan_in_card": 36244344,
                                          "actual_funnel_counts": [
                                            36244344,
                                            867477
                                          ],
                                          "component_selectivity": {
                                            "compare_selectivity": 0.023934134385216077
                                          },
                                          "ius": [
                                            {
                                              "name": "ci.id",
                                              "bytes": 8
                                            },
                                            {
                                              "name": "ci.person_id",
                                              "bytes": 8
                                            },
                                            {
                                              "name": "ci.movie_id",
                                              "bytes": 8
                                            },
                                            {
                                              "name": "ci.person_role_id",
                                              "bytes": 8
                                            },
                                            {
                                              "name": "ci.note",
                                              "bytes": 8
                                            },
                                            {
                                              "name": "ci.nr_order",
                                              "bytes": 8
                                            },
                                            {
                                              "name": "ci.role_id",
                                              "bytes": 8
                                            }
                                          ]
                                        }
                                      ],
                                      "ius": [
                                        {
                                          "name": "an.name",
                                          "bytes": 8
                                        },
                                        {
                                          "name": "ci.movie_id",
                                          "bytes": 8
                                        },
                                        {
                                          "name": "ci.role_id",
                                          "bytes": 8
                                        },
                                        {
                                          "name": "ci.person_role_id",
                                          "bytes": 8
                                        },
                                        {
                                          "name": "n.name",
                                          "bytes": 8
                                        }
                                      ]
                                    },
                                    {
                                      "Node Type": "Hash",
                                      "Parent Relationship": "Inner",
                                      "Parallel Aware": false,
                                      "Async Capable": false,
                                      "Startup Cost": 18.88,
                                      "Total Cost": 18.88,
                                      "Plan Rows": 4,
                                      "Plan Width": 4,
                                      "Actual Startup Time": 0.032,
                                      "Actual Total Time": 0.032,
                                      "Actual Rows": 1.0,
                                      "Actual Loops": 3,
                                      "Disabled": false,
                                      "Output": [
                                        "rt.id"
                                      ],
                                      "Hash Buckets": 1024,
                                      "Original Hash Buckets": 1024,
                                      "Hash Batches": 1,
                                      "Original Hash Batches": 1,
                                      "Peak Memory Usage": 9,
                                      "Shared Hit Blocks": 3,
                                      "Shared Read Blocks": 0,
                                      "Shared Dirtied Blocks": 0,
                                      "Shared Written Blocks": 0,
                                      "Local Hit Blocks": 0,
                                      "Local Read Blocks": 0,
                                      "Local Dirtied Blocks": 0,
                                      "Local Written Blocks": 0,
                                      "Temp Read Blocks": 0,
                                      "Temp Written Blocks": 0,
                                      "Workers": [
                                        {
                                          "Worker Number": 0,
                                          "Actual Startup Time": 0.047,
                                          "Actual Total Time": 0.048,
                                          "Actual Rows": 1.0,
                                          "Actual Loops": 1,
                                          "Shared Hit Blocks": 1,
                                          "Shared Read Blocks": 0,
                                          "Shared Dirtied Blocks": 0,
                                          "Shared Written Blocks": 0,
                                          "Local Hit Blocks": 0,
                                          "Local Read Blocks": 0,
                                          "Local Dirtied Blocks": 0,
                                          "Local Written Blocks": 0,
                                          "Temp Read Blocks": 0,
                                          "Temp Written Blocks": 0
                                        },
                                        {
                                          "Worker Number": 1,
                                          "Actual Startup Time": 0.04,
                                          "Actual Total Time": 0.04,
                                          "Actual Rows": 1.0,
                                          "Actual Loops": 1,
                                          "Shared Hit Blocks": 1,
                                          "Shared Read Blocks": 0,
                                          "Shared Dirtied Blocks": 0,
                                          "Shared Written Blocks": 0,
                                          "Local Hit Blocks": 0,
                                          "Local Read Blocks": 0,
                                          "Local Dirtied Blocks": 0,
                                          "Local Written Blocks": 0,
                                          "Temp Read Blocks": 0,
                                          "Temp Written Blocks": 0
                                        }
                                      ],
                                      "Plans": [
                                        {
                                          "Node Type": "Seq Scan",
                                          "Parent Relationship": "Outer",
                                          "Parallel Aware": false,
                                          "Async Capable": false,
                                          "Relation Name": "role_type",
                                          "Schema": "public",
                                          "Alias": "rt",
                                          "Startup Cost": 0.0,
                                          "Total Cost": 18.88,
                                          "Plan Rows": 4,
                                          "Plan Width": 4,
                                          "Actual Startup Time": 0.025,
                                          "Actual Total Time": 0.026,
                                          "Actual Rows": 1.0,
                                          "Actual Loops": 3,
                                          "Disabled": false,
                                          "Output": [
                                            "rt.id"
                                          ],
                                          "Filter": "((rt.role)::text = 'actress'::text)",
                                          "Rows Removed by Filter": 11,
                                          "Shared Hit Blocks": 3,
                                          "Shared Read Blocks": 0,
                                          "Shared Dirtied Blocks": 0,
                                          "Shared Written Blocks": 0,
                                          "Local Hit Blocks": 0,
                                          "Local Read Blocks": 0,
                                          "Local Dirtied Blocks": 0,
                                          "Local Written Blocks": 0,
                                          "Temp Read Blocks": 0,
                                          "Temp Written Blocks": 0,
                                          "Workers": [
                                            {
                                              "Worker Number": 0,
                                              "Actual Startup Time": 0.035,
                                              "Actual Total Time": 0.035,
                                              "Actual Rows": 1.0,
                                              "Actual Loops": 1,
                                              "Shared Hit Blocks": 1,
                                              "Shared Read Blocks": 0,
                                              "Shared Dirtied Blocks": 0,
                                              "Shared Written Blocks": 0,
                                              "Local Hit Blocks": 0,
                                              "Local Read Blocks": 0,
                                              "Local Dirtied Blocks": 0,
                                              "Local Written Blocks": 0,
                                              "Temp Read Blocks": 0,
                                              "Temp Written Blocks": 0
                                            },
                                            {
                                              "Worker Number": 1,
                                              "Actual Startup Time": 0.036,
                                              "Actual Total Time": 0.037,
                                              "Actual Rows": 1.0,
                                              "Actual Loops": 1,
                                              "Shared Hit Blocks": 1,
                                              "Shared Read Blocks": 0,
                                              "Shared Dirtied Blocks": 0,
                                              "Shared Written Blocks": 0,
                                              "Local Hit Blocks": 0,
                                              "Local Read Blocks": 0,
                                              "Local Dirtied Blocks": 0,
                                              "Local Written Blocks": 0,
                                              "Temp Read Blocks": 0,
                                              "Temp Written Blocks": 0
                                            }
                                          ],
                                          "actual_scan_in_card": 12,
                                          "actual_funnel_counts": [
                                            12,
                                            1
                                          ],
                                          "component_selectivity": {
                                            "compare_selectivity": 0.08333333333333333
                                          },
                                          "ius": [
                                            {
                                              "name": "rt.id",
                                              "bytes": 8
                                            }
                                          ]
                                        }
                                      ],
                                      "ius": [
                                        {
                                          "name": "rt.id",
                                          "bytes": 8
                                        }
                                      ]
                                    }
                                  ],
                                  "ius": [
                                    {
                                      "name": "an.name",
                                      "bytes": 9
                                    },
                                    {
                                      "name": "ci.movie_id",
                                      "bytes": 9
                                    },
                                    {
                                      "name": "ci.person_role_id",
                                      "bytes": 9
                                    },
                                    {
                                      "name": "n.name",
                                      "bytes": 9
                                    }
                                  ]
                                },
                                {
                                  "Node Type": "Index Scan",
                                  "Parent Relationship": "Inner",
                                  "Parallel Aware": false,
                                  "Async Capable": false,
                                  "Scan Direction": "Forward",
                                  "Index Name": "char_name_pkey",
                                  "Relation Name": "char_name",
                                  "Schema": "public",
                                  "Alias": "chn",
                                  "Startup Cost": 0.43,
                                  "Total Cost": 0.66,
                                  "Plan Rows": 1,
                                  "Plan Width": 20,
                                  "Actual Startup Time": 0.078,
                                  "Actual Total Time": 0.078,
                                  "Actual Rows": 0.94,
                                  "Actual Loops": 8204,
                                  "Disabled": false,
                                  "Output": [
                                    "chn.id",
                                    "chn.name",
                                    "chn.imdb_index",
                                    "chn.imdb_id",
                                    "chn.name_pcode_nf",
                                    "chn.surname_pcode",
                                    "chn.md5sum"
                                  ],
                                  "Index Cond": "(chn.id = ci.person_role_id)",
                                  "Rows Removed by Index Recheck": 0,
                                  "Index Searches": 7726,
                                  "Shared Hit Blocks": 29266,
                                  "Shared Read Blocks": 1640,
                                  "Shared Dirtied Blocks": 0,
                                  "Shared Written Blocks": 0,
                                  "Local Hit Blocks": 0,
                                  "Local Read Blocks": 0,
                                  "Local Dirtied Blocks": 0,
                                  "Local Written Blocks": 0,
                                  "Temp Read Blocks": 0,
                                  "Temp Written Blocks": 0,
                                  "Workers": [
                                    {
                                      "Worker Number": 0,
                                      "Actual Startup Time": 0.069,
                                      "Actual Total Time": 0.069,
                                      "Actual Rows": 0.94,
                                      "Actual Loops": 2550,
                                      "Shared Hit Blocks": 9138,
                                      "Shared Read Blocks": 455,
                                      "Shared Dirtied Blocks": 0,
                                      "Shared Written Blocks": 0,
                                      "Local Hit Blocks": 0,
                                      "Local Read Blocks": 0,
                                      "Local Dirtied Blocks": 0,
                                      "Local Written Blocks": 0,
                                      "Temp Read Blocks": 0,
                                      "Temp Written Blocks": 0
                                    },
                                    {
                                      "Worker Number": 1,
                                      "Actual Startup Time": 0.082,
                                      "Actual Total Time": 0.082,
                                      "Actual Rows": 0.94,
                                      "Actual Loops": 2326,
                                      "Shared Hit Blocks": 8256,
                                      "Shared Read Blocks": 501,
                                      "Shared Dirtied Blocks": 0,
                                      "Shared Written Blocks": 0,
                                      "Local Hit Blocks": 0,
                                      "Local Read Blocks": 0,
                                      "Local Dirtied Blocks": 0,
                                      "Local Written Blocks": 0,
                                      "Temp Read Blocks": 0,
                                      "Temp Written Blocks": 0
                                    }
                                  ],
                                  "actual_scan_in_card": 3140339,
                                  "ius": [
                                    {
                                      "name": "chn.id",
                                      "bytes": 8
                                    },
                                    {
                                      "name": "chn.name",
                                      "bytes": 8
                                    },
                                    {
                                      "name": "chn.imdb_index",
                                      "bytes": 8
                                    },
                                    {
                                      "name": "chn.imdb_id",
                                      "bytes": 8
                                    },
                                    {
                                      "name": "chn.name_pcode_nf",
                                      "bytes": 8
                                    },
                                    {
                                      "name": "chn.surname_pcode",
                                      "bytes": 8
                                    },
                                    {
                                      "name": "chn.md5sum",
                                      "bytes": 8
                                    }
                                  ]
                                }
                              ],
                              "ius": [
                                {
                                  "name": "an.name",
                                  "bytes": 12
                                },
                                {
                                  "name": "ci.movie_id",
                                  "bytes": 12
                                },
                                {
                                  "name": "chn.name",
                                  "bytes": 12
                                },
                                {
                                  "name": "n.name",
                                  "bytes": 12
                                }
                              ]
                            },
                            {
                              "Node Type": "Index Scan",
                              "Parent Relationship": "Inner",
                              "Parallel Aware": false,
                              "Async Capable": false,
                              "Scan Direction": "Forward",
                              "Index Name": "movie_id_movie_companies",
                              "Relation Name": "movie_companies",
                              "Schema": "public",
                              "Alias": "mc",
                              "Startup Cost": 0.43,
                              "Total Cost": 0.63,
                              "Plan Rows": 5,
                              "Plan Width": 8,
                              "Actual Startup Time": 0.054,
                              "Actual Total Time": 0.06,
                              "Actual Rows": 2.37,
                              "Actual Loops": 7726,
                              "Disabled": false,
                              "Output": [
                                "mc.id",
                                "mc.movie_id",
                                "mc.company_id",
                                "mc.company_type_id",
                                "mc.note"
                              ],
                              "Index Cond": "(mc.movie_id = ci.movie_id)",
                              "Rows Removed by Index Recheck": 0,
                              "Index Searches": 7726,
                              "Shared Hit Blocks": 27910,
                              "Shared Read Blocks": 1983,
                              "Shared Dirtied Blocks": 0,
                              "Shared Written Blocks": 0,
                              "Local Hit Blocks": 0,
                              "Local Read Blocks": 0,
                              "Local Dirtied Blocks": 0,
                              "Local Written Blocks": 0,
                              "Temp Read Blocks": 0,
                              "Temp Written Blocks": 0,
                              "Workers": [
                                {
                                  "Worker Number": 0,
                                  "Actual Startup Time": 0.063,
                                  "Actual Total Time": 0.067,
                                  "Actual Rows": 2.61,
                                  "Actual Loops": 2398,
                                  "Shared Hit Blocks": 8684,
                                  "Shared Read Blocks": 610,
                                  "Shared Dirtied Blocks": 0,
                                  "Shared Written Blocks": 0,
                                  "Local Hit Blocks": 0,
                                  "Local Read Blocks": 0,
                                  "Local Dirtied Blocks": 0,
                                  "Local Written Blocks": 0,
                                  "Temp Read Blocks": 0,
                                  "Temp Written Blocks": 0
                                },
                                {
                                  "Worker Number": 1,
                                  "Actual Startup Time": 0.047,
                                  "Actual Total Time": 0.053,
                                  "Actual Rows": 2.06,
                                  "Actual Loops": 2189,
                                  "Shared Hit Blocks": 7706,
                                  "Shared Read Blocks": 578,
                                  "Shared Dirtied Blocks": 0,
                                  "Shared Written Blocks": 0,
                                  "Local Hit Blocks": 0,
                                  "Local Read Blocks": 0,
                                  "Local Dirtied Blocks": 0,
                                  "Local Written Blocks": 0,
                                  "Temp Read Blocks": 0,
                                  "Temp Written Blocks": 0
                                }
                              ],
                              "actual_scan_in_card": 2609129,
                              "ius": [
                                {
                                  "name": "mc.id",
                                  "bytes": 8
                                },
                                {
                                  "name": "mc.movie_id",
                                  "bytes": 8
                                },
                                {
                                  "name": "mc.company_id",
                                  "bytes": 8
                                },
                                {
                                  "name": "mc.company_type_id",
                                  "bytes": 8
                                },
                                {
                                  "name": "mc.note",
                                  "bytes": 8
                                }
                              ]
                            }
                          ],
                          "ius": [
                            {
                              "name": "an.name",
                              "bytes": 9
                            },
                            {
                              "name": "ci.movie_id",
                              "bytes": 9
                            },
                            {
                              "name": "chn.name",
                              "bytes": 9
                            },
                            {
                              "name": "mc.movie_id",
                              "bytes": 9
                            },
                            {
                              "name": "mc.company_id",
                              "bytes": 9
                            },
                            {
                              "name": "n.name",
                              "bytes": 9
                            }
                          ]
                        },
                        {
                          "Node Type": "Index Scan",
                          "Parent Relationship": "Inner",
                          "Parallel Aware": false,
                          "Async Capable": false,
                          "Scan Direction": "Forward",
                          "Index Name": "company_name_pkey",
                          "Relation Name": "company_name",
                          "Schema": "public",
                          "Alias": "cn",
                          "Startup Cost": 0.42,
                          "Total Cost": 0.45,
                          "Plan Rows": 1,
                          "Plan Width": 4,
                          "Actual Startup Time": 0.013,
                          "Actual Total Time": 0.013,
                          "Actual Rows": 0.44,
                          "Actual Loops": 18345,
                          "Disabled": false,
                          "Output": [
                            "cn.id",
                            "cn.name",
                            "cn.country_code",
                            "cn.imdb_id",
                            "cn.name_pcode_nf",
                            "cn.name_pcode_sf",
                            "cn.md5sum"
                          ],
                          "Index Cond": "(cn.id = mc.company_id)",
                          "Rows Removed by Index Recheck": 0,
                          "Filter": "((cn.country_code)::text = '[us]'::text)",
                          "Rows Removed by Filter": 1,
                          "Index Searches": 18345,
                          "Shared Hit Blocks": 72801,
                          "Shared Read Blocks": 581,
                          "Shared Dirtied Blocks": 0,
                          "Shared Written Blocks": 0,
                          "Local Hit Blocks": 0,
                          "Local Read Blocks": 0,
                          "Local Dirtied Blocks": 0,
                          "Local Written Blocks": 0,
                          "Temp Read Blocks": 0,
                          "Temp Written Blocks": 0,
                          "Workers": [
                            {
                              "Worker Number": 0,
                              "Actual Startup Time": 0.011,
                              "Actual Total Time": 0.011,
                              "Actual Rows": 0.37,
                              "Actual Loops": 6251,
                              "Shared Hit Blocks": 24790,
                              "Shared Read Blocks": 215,
                              "Shared Dirtied Blocks": 0,
                              "Shared Written Blocks": 0,
                              "Local Hit Blocks": 0,
                              "Local Read Blocks": 0,
                              "Local Dirtied Blocks": 0,
                              "Local Written Blocks": 0,
                              "Temp Read Blocks": 0,
                              "Temp Written Blocks": 0
                            },
                            {
                              "Worker Number": 1,
                              "Actual Startup Time": 0.015,
                              "Actual Total Time": 0.015,
                              "Actual Rows": 0.49,
                              "Actual Loops": 4499,
                              "Shared Hit Blocks": 17852,
                              "Shared Read Blocks": 145,
                              "Shared Dirtied Blocks": 0,
                              "Shared Written Blocks": 0,
                              "Local Hit Blocks": 0,
                              "Local Read Blocks": 0,
                              "Local Dirtied Blocks": 0,
                              "Local Written Blocks": 0,
                              "Temp Read Blocks": 0,
                              "Temp Written Blocks": 0
                            }
                          ],
                          "actual_scan_in_card": 234997,
                          "actual_funnel_counts": [
                            234997,
                            84843
                          ],
                          "component_selectivity": {
                            "compare_selectivity": 0.3610386515572539
                          },
                          "ius": [
                            {
                              "name": "cn.id",
                              "bytes": 8
                            },
                            {
                              "name": "cn.name",
                              "bytes": 8
                            },
                            {
                              "name": "cn.country_code",
                              "bytes": 8
                            },
                            {
                              "name": "cn.imdb_id",
                              "bytes": 8
                            },
                            {
                              "name": "cn.name_pcode_nf",
                              "bytes": 8
                            },
                            {
                              "name": "cn.name_pcode_sf",
                              "bytes": 8
                            },
                            {
                              "name": "cn.md5sum",
                              "bytes": 8
                            }
                          ]
                        }
                      ],
                      "ius": [
                        {
                          "name": "an.name",
                          "bytes": 11
                        },
                        {
                          "name": "ci.movie_id",
                          "bytes": 11
                        },
                        {
                          "name": "chn.name",
                          "bytes": 11
                        },
                        {
                          "name": "mc.movie_id",
                          "bytes": 11
                        },
                        {
                          "name": "n.name",
                          "bytes": 11
                        }
                      ]
                    },
                    {
                      "Node Type": "Index Scan",
                      "Parent Relationship": "Inner",
                      "Parallel Aware": false,
                      "Async Capable": false,
                      "Scan Direction": "Forward",
                      "Index Name": "title_pkey",
                      "Relation Name": "title",
                      "Schema": "public",
                      "Alias": "t",
                      "Startup Cost": 0.43,
                      "Total Cost": 0.52,
                      "Plan Rows": 1,
                      "Plan Width": 21,
                      "Actual Startup Time": 0.03,
                      "Actual Total Time": 0.03,
                      "Actual Rows": 1.0,
                      "Actual Loops": 8144,
                      "Disabled": false,
                      "Output": [
                        "t.id",
                        "t.title",
                        "t.imdb_index",
                        "t.kind_id",
                        "t.production_year",
                        "t.imdb_id",
                        "t.phonetic_code",
                        "t.episode_of_id",
                        "t.season_nr",
                        "t.episode_nr",
                        "t.series_years",
                        "t.md5sum"
                      ],
                      "Index Cond": "(t.id = mc.movie_id)",
                      "Rows Removed by Index Recheck": 0,
                      "Index Searches": 8144,
                      "Shared Hit Blocks": 31265,
                      "Shared Read Blocks": 1313,
                      "Shared Dirtied Blocks": 0,
                      "Shared Written Blocks": 0,
                      "Local Hit Blocks": 0,
                      "Local Read Blocks": 0,
                      "Local Dirtied Blocks": 0,
                      "Local Written Blocks": 0,
                      "Temp Read Blocks": 0,
                      "Temp Written Blocks": 0,
                      "Workers": [
                        {
                          "Worker Number": 0,
                          "Actual Startup Time": 0.022,
                          "Actual Total Time": 0.022,
                          "Actual Rows": 1.0,
                          "Actual Loops": 2324,
                          "Shared Hit Blocks": 8977,
                          "Shared Read Blocks": 320,
                          "Shared Dirtied Blocks": 0,
                          "Shared Written Blocks": 0,
                          "Local Hit Blocks": 0,
                          "Local Read Blocks": 0,
                          "Local Dirtied Blocks": 0,
                          "Local Written Blocks": 0,
                          "Temp Read Blocks": 0,
                          "Temp Written Blocks": 0
                        },
                        {
                          "Worker Number": 1,
                          "Actual Startup Time": 0.04,
                          "Actual Total Time": 0.04,
                          "Actual Rows": 1.0,
                          "Actual Loops": 2187,
                          "Shared Hit Blocks": 8293,
                          "Shared Read Blocks": 456,
                          "Shared Dirtied Blocks": 0,
                          "Shared Written Blocks": 0,
                          "Local Hit Blocks": 0,
                          "Local Read Blocks": 0,
                          "Local Dirtied Blocks": 0,
                          "Local Written Blocks": 0,
                          "Temp Read Blocks": 0,
                          "Temp Written Blocks": 0
                        }
                      ],
                      "actual_scan_in_card": 2528312,
                      "ius": [
                        {
                          "name": "t.id",
                          "bytes": 8
                        },
                        {
                          "name": "t.title",
                          "bytes": 8
                        },
                        {
                          "name": "t.imdb_index",
                          "bytes": 8
                        },
                        {
                          "name": "t.kind_id",
                          "bytes": 8
                        },
                        {
                          "name": "t.production_year",
                          "bytes": 8
                        },
                        {
                          "name": "t.imdb_id",
                          "bytes": 8
                        },
                        {
                          "name": "t.phonetic_code",
                          "bytes": 8
                        },
                        {
                          "name": "t.episode_of_id",
                          "bytes": 8
                        },
                        {
                          "name": "t.season_nr",
                          "bytes": 8
                        },
                        {
                          "name": "t.episode_nr",
                          "bytes": 8
                        },
                        {
                          "name": "t.series_years",
                          "bytes": 8
                        },
                        {
                          "name": "t.md5sum",
                          "bytes": 8
                        }
                      ]
                    }
                  ],
                  "ius": [
                    {
                      "name": "an.name",
                      "bytes": 16
                    },
                    {
                      "name": "chn.name",
                      "bytes": 16
                    },
                    {
                      "name": "n.name",
                      "bytes": 16
                    },
                    {
                      "name": "t.title",
                      "bytes": 16
                    }
                  ]
                }
              ],
              "ius": [
                {
                  "name": "PARTIAL min(an.name)",
                  "bytes": 32
                },
                {
                  "name": "PARTIAL min(chn.name)",
                  "bytes": 32
                },
                {
                  "name": "PARTIAL min(n.name)",
                  "bytes": 32
                },
                {
                  "name": "PARTIAL min(t.title)",
                  "bytes": 32
                }
              ]
            }
          ],
          "ius": [
            {
              "name": "(PARTIAL min(an.name))",
              "bytes": 32
            },
            {
              "name": "(PARTIAL min(chn.name))",
              "bytes": 32
            },
            {
              "name": "(PARTIAL min(n.name))",
              "bytes": 32
            },
            {
              "name": "(PARTIAL min(t.title))",
              "bytes": 32
            }
          ]
        }
      ],
      "ius": [
        {
          "name": "min(an.name)",
          "bytes": 32
        },
        {
          "name": "min(chn.name)",
          "bytes": 32
        },
        {
          "name": "min(n.name)",
          "bytes": 32
        },
        {
          "name": "min(t.title)",
          "bytes": 32
        }
      ]
    },
    "Planning": {
      "Shared Hit Blocks": 120,
      "Shared Read Blocks": 0,
      "Shared Dirtied Blocks": 0,
      "Shared Written Blocks": 0,
      "Local Hit Blocks": 0,
      "Local Read Blocks": 0,
      "Local Dirtied Blocks": 0,
      "Local Written Blocks": 0,
      "Temp Read Blocks": 0,
      "Temp Written Blocks": 0
    },
    "Planning Time": 3.108,
    "Triggers": [],
    "Execution Time": 2506.1
  }
]