[
  {
    "Plan": {
      "Node Type": "Aggregate",
      "Strategy": "Plain",
      "Partial Mode": "Finalize",
      "Parallel Aware": false,
      "Async Capable": false,
      "Startup Cost": 42927.56,
      "Total Cost": 42927.57,
      "Plan Rows": 1,
      "Plan Width": 64,
      "Actual Startup Time": 554.575,
      "Actual Total Time": 555.646,
      "Actual Rows": 1.0,
      "Actual Loops": 1,
      "Disabled": false,
      "Output": [
        "min(chn.name)",
        "min(t.title)"
      ],
      "Shared Hit Blocks": 60498,
      "Shared Read Blocks": 56507,
      "Shared Dirtied Blocks": 0,
      "Shared Written Blocks": 0,
      "Local Hit Blocks": 0,
      "Local Read Blocks": 0,
      "Local Dirtied Blocks": 0,
      "Local Written Blocks": 0,
      "Temp Read Blocks": 0,
      "Temp Written Blocks": 0,
      "Plans": [
        {
          "Node Type": "Gather",
          "Parent Relationship": "Outer",
          "Parallel Aware": false,
          "Async Capable": false,
          "Startup Cost": 42927.34,
          "Total Cost": 42927.55,
          "Plan Rows": 2,
          "Plan Width": 64,
          "Actual Startup Time": 554.572,
          "Actual Total Time": 555.643,
          "Actual Rows": 3.0,
          "Actual Loops": 1,
          "Disabled": false,
          "Output": [
            "(PARTIAL min(chn.name))",
            "(PARTIAL min(t.title))"
          ],
          "Workers Planned": 2,
          "Workers Launched": 2,
          "Single Copy": false,
          "Shared Hit Blocks": 60498,
          "Shared Read Blocks": 56507,
          "Shared Dirtied Blocks": 0,
          "Shared Written Blocks": 0,
          "Local Hit Blocks": 0,
          "Local Read Blocks": 0,
          "Local Dirtied Blocks": 0,
          "Local Written Blocks": 0,
          "Temp Read Blocks": 0,
          "Temp Written Blocks": 0,
          "Plans": [
            {
              "Node Type": "Aggregate",
              "Strategy": "Plain",
              "Partial Mode": "Partial",
              "Parent Relationship": "Outer",
              "Parallel Aware": false,
              "Async Capable": false,
              "Startup Cost": 41927.34,
              "Total Cost": 41927.35,
              "Plan Rows": 1,
              "Plan Width": 64,
              "Actual Startup Time": 541.285,
              "Actual Total Time": 541.287,
              "Actual Rows": 1.0,
              "Actual Loops": 3,
              "Disabled": false,
              "Output": [
                "PARTIAL min(chn.name)",
                "PARTIAL min(t.title)"
              ],
              "Shared Hit Blocks": 60498,
              "Shared Read Blocks": 56507,
              "Shared Dirtied Blocks": 0,
              "Shared Written Blocks": 0,
              "Local Hit Blocks": 0,
              "Local Read Blocks": 0,
              "Local Dirtied Blocks": 0,
              "Local Written Blocks": 0,
              "Temp Read Blocks": 0,
              "Temp Written Blocks": 0,
              "Workers": [
                {
                  "Worker Number": 0,
                  "Actual Startup Time": 534.464,
                  "Actual Total Time": 534.466,
                  "Actual Rows": 1.0,
                  "Actual Loops": 1,
                  "Shared Hit Blocks": 20191,
                  "Shared Read Blocks": 17982,
                  "Shared Dirtied Blocks": 0,
                  "Shared Written Blocks": 0,
                  "Local Hit Blocks": 0,
                  "Local Read Blocks": 0,
                  "Local Dirtied Blocks": 0,
                  "Local Written Blocks": 0,
                  "Temp Read Blocks": 0,
                  "Temp Written Blocks": 0
                },
                {
                  "Worker Number": 1,
                  "Actual Startup Time": 534.973,
                  "Actual Total Time": 534.975,
                  "Actual Rows": 1.0,
                  "Actual Loops": 1,
                  "Shared Hit Blocks": 18554,
                  "Shared Read Blocks": 17132,
                  "Shared Dirtied Blocks": 0,
                  "Shared Written Blocks": 0,
                  "Local Hit Blocks": 0,
                  "Local Read Blocks": 0,
                  "Local Dirtied Blocks": 0,
                  "Local Written Blocks": 0,
                  "Temp Read Blocks": 0,
                  "Temp Written Blocks": 0
                }
              ],
              "Plans": [
                {
                  "Node Type": "Nested Loop",
                  "Parent Relationship": "Outer",
                  "Parallel Aware": false,
                  "Async Capable": false,
                  "Join Type": "Inner",
                  "Startup Cost": 4797.69,
                  "Total Cost": 41927.32,
                  "Plan Rows": 4,
                  "Plan Width": 33,
                  "Actual Startup Time": 541.282,
                  "Actual Total Time": 541.284,
                  "Actual Rows": 0.0,
                  "Actual Loops": 3,
                  "Disabled": false,
                  "Output": [
                    "chn.name",
                    "t.title"
                  ],
                  "Inner Unique": true,
                  "Shared Hit Blocks": 60498,
                  "Shared Read Blocks": 56507,
                  "Shared Dirtied Blocks": 0,
                  "Shared Written Blocks": 0,
                  "Local Hit Blocks": 0,
                  "Local Read Blocks": 0,
                  "Local Dirtied Blocks": 0,
                  "Local Written Blocks": 0,
                  "Temp Read Blocks": 0,
                  "Temp Written Blocks": 0,
                  "Workers": [
                    {
                      "Worker Number": 0,
                      "Actual Startup Time": 534.461,
                      "Actual Total Time": 534.463,
                      "Actual Rows": 0.0,
                      "Actual Loops": 1,
                      "Shared Hit Blocks": 20191,
                      "Shared Read Blocks": 17982,
                      "Shared Dirtied Blocks": 0,
                      "Shared Written Blocks": 0,
                      "Local Hit Blocks": 0,
                      "Local Read Blocks": 0,
                      "Local Dirtied Blocks": 0,
                      "Local Written Blocks": 0,
                      "Temp Read Blocks": 0,
                      "Temp Written Blocks": 0
                    },
                    {
                      "Worker Number": 1,
                      "Actual Startup Time": 534.971,
                      "Actual Total Time": 534.973,
                      "Actual Rows": 0.0,
                      "Actual Loops": 1,
                      "Shared Hit Blocks": 18554,
                      "Shared Read Blocks": 17132,
                      "Shared Dirtied Blocks": 0,
                      "Shared Written Blocks": 0,
                      "Local Hit Blocks": 0,
                      "Local Read Blocks": 0,
                      "Local Dirtied Blocks": 0,
                      "Local Written Blocks": 0,
                      "Temp Read Blocks": 0,
                      "Temp Written Blocks": 0
                    }
                  ],
                  "Plans": [
                    {
                      "Node Type": "Nested Loop",
                      "Parent Relationship": "Outer",
                      "Parallel Aware": false,
                      "Async Capable": false,
                      "Join Type": "Inner",
                      "Startup Cost": 4797.53,
                      "Total Cost": 41926.81,
                      "Plan Rows": 4,
                      "Plan Width": 37,
                      "Actual Startup Time": 541.282,
                      "Actual Total Time": 541.284,
                      "Actual Rows": 0.0,
                      "Actual Loops": 3,
                      "Disabled": false,
                      "Output": [
                        "chn.name",
                        "mc.company_type_id",
                        "t.title"
                      ],
                      "Inner Unique": true,
                      "Shared Hit Blocks": 60498,
                      "Shared Read Blocks": 56507,
                      "Shared Dirtied Blocks": 0,
                      "Shared Written Blocks": 0,
                      "Local Hit Blocks": 0,
                      "Local Read Blocks": 0,
                      "Local Dirtied Blocks": 0,
                      "Local Written Blocks": 0,
                      "Temp Read Blocks": 0,
                      "Temp Written Blocks": 0,
                      "Workers": [
                        {
                          "Worker Number": 0,
                          "Actual Startup Time": 534.461,
                          "Actual Total Time": 534.463,
                          "Actual Rows": 0.0,
                          "Actual Loops": 1,
                          "Shared Hit Blocks": 20191,
                          "Shared Read Blocks": 17982,
                          "Shared Dirtied Blocks": 0,
                          "Shared Written Blocks": 0,
                          "Local Hit Blocks": 0,
                          "Local Read Blocks": 0,
                          "Local Dirtied Blocks": 0,
                          "Local Written Blocks": 0,
                          "Temp Read Blocks": 0,
                          "Temp Written Blocks": 0
                        },
                        {
                          "Worker Number": 1,
                          "Actual Startup Time": 534.971,
                          "Actual Total Time": 534.973,
                          "Actual Rows": 0.0,
                          "Actual Loops": 1,
                          "Shared Hit Blocks": 18554,
                          "Shared Read Blocks": 17132,
                          "Shared Dirtied Blocks": 0,
                          "Shared Written Blocks": 0,
                          "Local Hit Blocks": 0,
                          "Local Read Blocks": 0,
                          "Local Dirtied Blocks": 0,
                          "Local Written Blocks": 0,
                          "Temp Read Blocks": 0,
                          "Temp Written Blocks": 0
                        }
                      ],
                      "Plans": [
                        {
                          "Node Type": "Hash Join",
                          "Parent Relationship": "Outer",
                          "Parallel Aware": false,
                          "Async Capable": false,
                          "Join Type": "Inner",
                          "Startup Cost": 4797.1,
                          "Total Cost": 41922.26,
                          "Plan Rows": 8,
                          "Plan Width": 25,
                          "Actual Startup Time": 541.282,
                          "Actual Total Time": 541.283,
                          "Actual Rows": 0.0,
                          "Actual Loops": 3,
                          "Disabled": false,
                          "Output": [
                            "ci.person_role_id",
                            "mc.company_type_id",
                            "t.title"
                          ],
                          "Inner Unique": true,
                          "Hash Cond": "(ci.role_id = rt.id)",
                          "Shared Hit Blocks": 60498,
                          "Shared Read Blocks": 56507,
                          "Shared Dirtied Blocks": 0,
                          "Shared Written Blocks": 0,
                          "Local Hit Blocks": 0,
                          "Local Read Blocks": 0,
                          "Local Dirtied Blocks": 0,
                          "Local Written Blocks": 0,
                          "Temp Read Blocks": 0,
                          "Temp Written Blocks": 0,
                          "Workers": [
                            {
                              "Worker Number": 0,
                              "Actual Startup Time": 534.46,
                              "Actual Total Time": 534.462,
                              "Actual Rows": 0.0,
                              "Actual Loops": 1,
                              "Shared Hit Blocks": 20191,
                              "Shared Read Blocks": 17982,
                              "Shared Dirtied Blocks": 0,
                              "Shared Written Blocks": 0,
                              "Local Hit Blocks": 0,
                              "Local Read Blocks": 0,
                              "Local Dirtied Blocks": 0,
                              "Local Written Blocks": 0,
                              "Temp Read Blocks": 0,
                              "Temp Written Blocks": 0
                            },
                            {
                              "Worker Number": 1,
                              "Actual Startup Time": 534.971,
                              "Actual Total Time": 534.972,
                              "Actual Rows": 0.0,
                              "Actual Loops": 1,
                              "Shared Hit Blocks": 18554,
                              "Shared Read Blocks": 17132,
                              "Shared Dirtied Blocks": 0,
                              "Shared Written Blocks": 0,
                              "Local Hit Blocks": 0,
                              "Local Read Blocks": 0,
                              "Local Dirtied Blocks": 0,
                              "Local Written Blocks": 0,
                              "Temp Read Blocks": 0,
                              "Temp Written Blocks": 0
                            }
                          ],
                          "Plans": [
                            {
                              "Node Type": "Nested Loop",
                              "Parent Relationship": "Outer",
                              "Parallel Aware": false,
                              "Async Capable": false,
                              "Join Type": "Inner",
                              "Startup Cost": 4778.18,
                              "Total Cost": 41899.48,
                              "Plan Rows": 1461,
                              "Plan Width": 29,
                              "Actual Startup Time": 14.655,
                              "Actual Total Time": 541.036,
                              "Actual Rows": 871.33,
                              "Actual Loops": 3,
                              "Disabled": false,
                              "Output": [
                                "ci.person_role_id",
                                "ci.role_id",
                                "mc.company_type_id",
                                "t.title"
                              ],
                              "Inner Unique": false,
                              "Join Filter": "(ci.movie_id = t.id)",
                              "Rows Removed by Join Filter": 0,
                              "Shared Hit Blocks": 60496,
                              "Shared Read Blocks": 56506,
                              "Shared Dirtied Blocks": 0,
                              "Shared Written Blocks": 0,
                              "Local Hit Blocks": 0,
                              "Local Read Blocks": 0,
                              "Local Dirtied Blocks": 0,
                              "Local Written Blocks": 0,
                              "Temp Read Blocks": 0,
                              "Temp Written Blocks": 0,
                              "Workers": [
                                {
                                  "Worker Number": 0,
                                  "Actual Startup Time": 8.949,
                                  "Actual Total Time": 534.3,
                                  "Actual Rows": 873.0,
                                  "Actual Loops": 1,
                                  "Shared Hit Blocks": 20190,
                                  "Shared Read Blocks": 17982,
                                  "Shared Dirtied Blocks": 0,
                                  "Shared Written Blocks": 0,
                                  "Local Hit Blocks": 0,
                                  "Local Read Blocks": 0,
                                  "Local Dirtied Blocks": 0,
                                  "Local Written Blocks": 0,
                                  "Temp Read Blocks": 0,
                                  "Temp Written Blocks": 0
                                },
                                {
                                  "Worker Number": 1,
                                  "Actual Startup Time": 9.444,
                                  "Actual Total Time": 534.838,
                                  "Actual Rows": 853.0,
                                  "Actual Loops": 1,
                                  "Shared Hit Blocks": 18553,
                                  "Shared Read Blocks": 17132,
                                  "Shared Dirtied Blocks": 0,
                                  "Shared Written Blocks": 0,
                                  "Local Hit Blocks": 0,
                                  "Local Read Blocks": 0,
                                  "Local Dirtied Blocks": 0,
                                  "Local Written Blocks": 0,
                                  "Temp Read Blocks": 0,
                                  "Temp Written Blocks": 0
                                }
                              ],
                              "Plans": [
                                {
                                  "Node Type": "Nested Loop",
                                  "Parent Relationship": "Outer",
                                  "Parallel Aware": false,
                                  "Async Capable": false,
                                  "Join Type": "Inner",
                                  "Startup Cost": 4777.74,
                                  "Total Cost": 40392.75,
                                  "Plan Rows": 904,
                                  "Plan Width": 29,
                                  "Actual Startup Time": 12.917,
                                  "Actual Total Time": 147.314,
                                  "Actual Rows": 419.67,
                                  "Actual Loops": 3,
                                  "Disabled": false,
                                  "Output": [
                                    "mc.movie_id",
                                    "mc.company_type_id",
                                    "t.title",
                                    "t.id"
                                  ],
                                  "Inner Unique": true,
                                  "Shared Hit Blocks": 25978,
                                  "Shared Read Blocks": 31048,
                                  "Shared Dirtied Blocks": 0,
                                  "Shared Written Blocks": 0,
                                  "Local Hit Blocks": 0,
                                  "Local Read Blocks": 0,
                                  "Local Dirtied Blocks": 0,
                                  "Local Written Blocks": 0,
                                  "Temp Read Blocks": 0,
                                  "Temp Written Blocks": 0,
                                  "Workers": [
                                    {
                                      "Worker Number": 0,
                                      "Actual Startup Time": 3.88,
                                      "Actual Total Time": 137.444,
                                      "Actual Rows": 398.0,
                                      "Actual Loops": 1,
                                      "Shared Hit Blocks": 8256,
                                      "Shared Read Blocks": 9594,
                                      "Shared Dirtied Blocks": 0,
                                      "Shared Written Blocks": 0,
                                      "Local Hit Blocks": 0,
                                      "Local Read Blocks": 0,
                                      "Local Dirtied Blocks": 0,
                                      "Local Written Blocks": 0,
                                      "Temp Read Blocks": 0,
                                      "Temp Written Blocks": 0
                                    },
                                    {
                                      "Worker Number": 1,
                                      "Actual Startup Time": 9.341,
                                      "Actual Total Time": 143.923,
                                      "Actual Rows": 401.0,
                                      "Actual Loops": 1,
                                      "Shared Hit Blocks": 8328,
                                      "Shared Read Blocks": 9060,
                                      "Shared Dirtied Blocks": 0,
                                      "Shared Written Blocks": 0,
                                      "Local Hit Blocks": 0,
                                      "Local Read Blocks": 0,
                                      "Local Dirtied Blocks": 0,
                                      "Local Written Blocks": 0,
                                      "Temp Read Blocks": 0,
                                      "Temp Written Blocks": 0
                                    }
                                  ],
                                  "Plans": [
                                    {
                                      "Node Type": "Hash Join",
                                      "Parent Relationship": "Outer",
                                      "Parallel Aware": true,
                                      "Async Capable": false,
                                      "Join Type": "Inner",
                                      "Startup Cost": 4777.31,
                                      "Total Cost": 37326.47,
                                      "Plan Rows": 5908,
                                      "Plan Width": 8,
                                      "Actual Startup Time": 10.478,
                                      "Actual Total Time": 79.905,
                                      "Actual Rows": 2930.0,
                                      "Actual Loops": 3,
                                      "Disabled": false,
                                      "Output": [
                                        "mc.movie_id",
                                        "mc.company_type_id"
                                      ],
                                      "Inner Unique": true,
                                      "Hash Cond": "(mc.company_id = cn.id)",
                                      "Shared Hit Blocks": 0,
                                      "Shared Read Blocks": 21864,
                                      "Shared Dirtied Blocks": 0,
                                      "Shared Written Blocks": 0,
                                      "Local Hit Blocks": 0,
                                      "Local Read Blocks": 0,
                                      "Local Dirtied Blocks": 0,
                                      "Local Written Blocks": 0,
                                      "Temp Read Blocks": 0,
                                      "Temp Written Blocks": 0,
                                      "Workers": [
                                        {
                                          "Worker Number": 0,
                                          "Actual Startup Time": 3.79,
                                          "Actual Total Time": 74.775,
                                          "Actual Rows": 2823.0,
                                          "Actual Loops": 1,
                                          "Shared Hit Blocks": 0,
                                          "Shared Read Blocks": 6557,
                                          "Shared Dirtied Blocks": 0,
                                          "Shared Written Blocks": 0,
                                          "Local Hit Blocks": 0,
                                          "Local Read Blocks": 0,
                                          "Local Dirtied Blocks": 0,
                                          "Local Written Blocks": 0,
                                          "Temp Read Blocks": 0,
                                          "Temp Written Blocks": 0
                                        },
                                        {
                                          "Worker Number": 1,
                                          "Actual Startup Time": 4.857,
                                          "Actual Total Time": 70.111,
                                          "Actual Rows": 2833.0,
                                          "Actual Loops": 1,
                                          "Shared Hit Blocks": 0,
                                          "Shared Read Blocks": 6055,
                                          "Shared Dirtied Blocks": 0,
                                          "Shared Written Blocks": 0,
                                          "Local Hit Blocks": 0,
                                          "Local Read Blocks": 0,
                                          "Local Dirtied Blocks": 0,
                                          "Local Written Blocks": 0,
                                          "Temp Read Blocks": 0,
                                          "Temp Written Blocks": 0
                                        }
                                      ],
                                      "Plans": [
                                        {
                                          "Node Type": "Seq Scan",
                                          "Parent Relationship": "Outer",
                                          "Parallel Aware": true,
                                          "Async Capable": false,
                                          "Relation Name": "movie_companies",
                                          "Schema": "public",
                                          "Alias": "mc",
                                          "Startup Cost": 0.0,
                                          "Total Cost": 29695.37,
                                          "Plan Rows": 1087137,
                                          "Plan Width": 12,
                                          "Actual Startup Time": 0.297,
                                          "Actual Total Time": 29.872,
                                          "Actual Rows": 869709.67,
                                          "Actual Loops": 3,
                                          "Disabled": false,
                                          "Output": [
                                            "mc.id",
                                            "mc.movie_id",
                                            "mc.company_id",
                                            "mc.company_type_id",
                                            "mc.note"
                                          ],
                                          "Shared Hit Blocks": 0,
                                          "Shared Read Blocks": 18824,
                                          "Shared Dirtied Blocks": 0,
                                          "Shared Written Blocks": 0,
                                          "Local Hit Blocks": 0,
                                          "Local Read Blocks": 0,
                                          "Local Dirtied Blocks": 0,
                                          "Local Written Blocks": 0,
                                          "Temp Read Blocks": 0,
                                          "Temp Written Blocks": 0,
                                          "Workers": [
                                            {
                                              "Worker Number": 0,
                                              "Actual Startup Time": 0.382,
                                              "Actual Total Time": 30.14,
                                              "Actual Rows": 895820.0,
                                              "Actual Loops": 1,
                                              "Shared Hit Blocks": 0,
                                              "Shared Read Blocks": 6402,
                                              "Shared Dirtied Blocks": 0,
                                              "Shared Written Blocks": 0,
                                              "Local Hit Blocks": 0,
                                              "Local Read Blocks": 0,
                                              "Local Dirtied Blocks": 0,
                                              "Local Written Blocks": 0,
                                              "Temp Read Blocks": 0,
                                              "Temp Written Blocks": 0
                                            },
                                            {
                                              "Worker Number": 1,
                                              "Actual Startup Time": 0.262,
                                              "Actual Total Time": 28.641,
                                              "Actual Rows": 815547.0,
                                              "Actual Loops": 1,
                                              "Shared Hit Blocks": 0,
                                              "Shared Read Blocks": 5831,
                                              "Shared Dirtied Blocks": 0,
                                              "Shared Written Blocks": 0,
                                              "Local Hit Blocks": 0,
                                              "Local Read Blocks": 0,
                                              "Local Dirtied Blocks": 0,
                                              "Local Written Blocks": 0,
                                              "Temp Read Blocks": 0,
                                              "Temp Written Blocks": 0
                                            }
                                          ]
                                        },
                                        {
                                          "Node Type": "Hash",
                                          "Parent Relationship": "Inner",
                                          "Parallel Aware": true,
                                          "Async Capable": false,
                                          "Startup Cost": 4767.92,
                                          "Total Cost": 4767.92,
                                          "Plan Rows": 751,
                                          "Plan Width": 4,
                                          "Actual Startup Time": 9.655,
                                          "Actual Total Time": 9.655,
                                          "Actual Rows": 453.67,
                                          "Actual Loops": 3,
                                          "Disabled": false,
                                          "Output": [
                                            "cn.id"
                                          ],
                                          "Hash Buckets": 2048,
                                          "Original Hash Buckets": 2048,
                                          "Hash Batches": 1,
                                          "Original Hash Batches": 1,
                                          "Peak Memory Usage": 144,
                                          "Shared Hit Blocks": 0,
                                          "Shared Read Blocks": 3040,
                                          "Shared Dirtied Blocks": 0,
                                          "Shared Written Blocks": 0,
                                          "Local Hit Blocks": 0,
                                          "Local Read Blocks": 0,
                                          "Local Dirtied Blocks": 0,
                                          "Local Written Blocks": 0,
                                          "Temp Read Blocks": 0,
                                          "Temp Written Blocks": 0,
                                          "Workers": [
                                            {
                                              "Worker Number": 0,
                                              "Actual Startup Time": 3.388,
                                              "Actual Total Time": 3.388,
                                              "Actual Rows": 79.0,
                                              "Actual Loops": 1,
                                              "Shared Hit Blocks": 0,
                                              "Shared Read Blocks": 155,
                                              "Shared Dirtied Blocks": 0,
                                              "Shared Written Blocks": 0,
                                              "Local Hit Blocks": 0,
                                              "Local Read Blocks": 0,
                                              "Local Dirtied Blocks": 0,
                                              "Local Written Blocks": 0,
                                              "Temp Read Blocks": 0,
                                              "Temp Written Blocks": 0
                                            },
                                            {
                                              "Worker Number": 1,
                                              "Actual Startup Time": 3.421,
                                              "Actual Total Time": 3.422,
                                              "Actual Rows": 67.0,
                                              "Actual Loops": 1,
                                              "Shared Hit Blocks": 0,
                                              "Shared Read Blocks": 224,
                                              "Shared Dirtied Blocks": 0,
                                              "Shared Written Blocks": 0,
                                              "Local Hit Blocks": 0,
                                              "Local Read Blocks": 0,
                                              "Local Dirtied Blocks": 0,
                                              "Local Written Blocks": 0,
                                              "Temp Read Blocks": 0,
                                              "Temp Written Blocks": 0
                                            }
                                          ],
                                          "Plans": [
                                            {
                                              "Node Type": "Seq Scan",
                                              "Parent Relationship": "Outer",
                                              "Parallel Aware": true,
                                              "Async Capable": false,
                                              "Relation Name": "company_name",
                                              "Schema": "public",
                                              "Alias": "cn",
                                              "Startup Cost": 0.0,
                                              "Total Cost": 4767.92,
                                              "Plan Rows": 751,
                                              "Plan Width": 4,
                                              "Actual Startup Time": 0.405,
                                              "Actual Total Time": 9.33,
                                              "Actual Rows": 453.67,
                                              "Actual Loops": 3,
                                              "Disabled": false,
                                              "Output": [
                                                "cn.id"
                                              ],
                                              "Filter": "((cn.country_code)::text = '[ru]'::text)",
                                              "Rows Removed by Filter": 77879,
                                              "Shared Hit Blocks": 0,
                                              "Shared Read Blocks": 3040,
                                              "Shared Dirtied Blocks": 0,
                                              "Shared Written Blocks": 0,
                                              "Local Hit Blocks": 0,
                                              "Local Read Blocks": 0,
                                              "Local Dirtied Blocks": 0,
                                              "Local Written Blocks": 0,
                                              "Temp Read Blocks": 0,
                                              "Temp Written Blocks": 0,
                                              "Workers": [
                                                {
                                                  "Worker Number": 0,
                                                  "Actual Startup Time": 0.513,
                                                  "Actual Total Time": 2.798,
                                                  "Actual Rows": 79.0,
                                                  "Actual Loops": 1,
                                                  "Shared Hit Blocks": 0,
                                                  "Shared Read Blocks": 155,
                                                  "Shared Dirtied Blocks": 0,
                                                  "Shared Written Blocks": 0,
                                                  "Local Hit Blocks": 0,
                                                  "Local Read Blocks": 0,
                                                  "Local Dirtied Blocks": 0,
                                                  "Local Written Blocks": 0,
                                                  "Temp Read Blocks": 0,
                                                  "Temp Written Blocks": 0
                                                },
                                                {
                                                  "Worker Number": 1,
                                                  "Actual Startup Time": 0.515,
                                                  "Actual Total Time": 3.383,
                                                  "Actual Rows": 67.0,
                                                  "Actual Loops": 1,
                                                  "Shared Hit Blocks": 0,
                                                  "Shared Read Blocks": 224,
                                                  "Shared Dirtied Blocks": 0,
                                                  "Shared Written Blocks": 0,
                                                  "Local Hit Blocks": 0,
                                                  "Local Read Blocks": 0,
                                                  "Local Dirtied Blocks": 0,
                                                  "Local Written Blocks": 0,
                                                  "Temp Read Blocks": 0,
                                                  "Temp Written Blocks": 0
                                                }
                                              ]
                                            }
                                          ]
                                        }
                                      ]
                                    },
                                    {
                                      "Node Type": "Index Scan",
                                      "Parent Relationship": "Inner",
                                      "Parallel Aware": false,
                                      "Async Capable": false,
                                      "Scan Direction": "Forward",
                                      "Index Name": "title_pkey",
                                      "Relation Name": "title",
                                      "Schema": "public",
                                      "Alias": "t",
                                      "Startup Cost": 0.43,
                                      "Total Cost": 0.52,
                                      "Plan Rows": 1,
                                      "Plan Width": 21,
                                      "Actual Startup Time": 0.023,
                                      "Actual Total Time": 0.023,
                                      "Actual Rows": 0.14,
                                      "Actual Loops": 8790,
                                      "Disabled": false,
                                      "Output": [
                                        "t.id",
                                        "t.title",
                                        "t.imdb_index",
                                        "t.kind_id",
                                        "t.production_year",
                                        "t.imdb_id",
                                        "t.phonetic_code",
                                        "t.episode_of_id",
                                        "t.season_nr",
                                        "t.episode_nr",
                                        "t.series_years",
                                        "t.md5sum"
                                      ],
                                      "Index Cond": "(t.id = mc.movie_id)",
                                      "Rows Removed by Index Recheck": 0,
                                      "Filter": "(t.production_year > 2010)",
                                      "Rows Removed by Filter": 1,
                                      "Index Searches": 8790,
                                      "Shared Hit Blocks": 25978,
                                      "Shared Read Blocks": 9184,
                                      "Shared Dirtied Blocks": 0,
                                      "Shared Written Blocks": 0,
                                      "Local Hit Blocks": 0,
                                      "Local Read Blocks": 0,
                                      "Local Dirtied Blocks": 0,
                                      "Local Written Blocks": 0,
                                      "Temp Read Blocks": 0,
                                      "Temp Written Blocks": 0,
                                      "Workers": [
                                        {
                                          "Worker Number": 0,
                                          "Actual Startup Time": 0.022,
                                          "Actual Total Time": 0.022,
                                          "Actual Rows": 0.14,
                                          "Actual Loops": 2823,
                                          "Shared Hit Blocks": 8256,
                                          "Shared Read Blocks": 3037,
                                          "Shared Dirtied Blocks": 0,
                                          "Shared Written Blocks": 0,
                                          "Local Hit Blocks": 0,
                                          "Local Read Blocks": 0,
                                          "Local Dirtied Blocks": 0,
                                          "Local Written Blocks": 0,
                                          "Temp Read Blocks": 0,
                                          "Temp Written Blocks": 0
                                        },
                                        {
                                          "Worker Number": 1,
                                          "Actual Startup Time": 0.026,
                                          "Actual Total Time": 0.026,
                                          "Actual Rows": 0.14,
                                          "Actual Loops": 2833,
                                          "Shared Hit Blocks": 8328,
                                          "Shared Read Blocks": 3005,
                                          "Shared Dirtied Blocks": 0,
                                          "Shared Written Blocks": 0,
                                          "Local Hit Blocks": 0,
                                          "Local Read Blocks": 0,
                                          "Local Dirtied Blocks": 0,
                                          "Local Written Blocks": 0,
                                          "Temp Read Blocks": 0,
                                          "Temp Written Blocks": 0
                                        }
                                      ]
                                    }
                                  ]
                                },
                                {
                                  "Node Type": "Index Scan",
                                  "Parent Relationship": "Inner",
                                  "Parallel Aware": false,
                                  "Async Capable": false,
                                  "Scan Direction": "Forward",
                                  "Index Name": "movie_id_cast_info",
                                  "Relation Name": "cast_info",
                                  "Schema": "public",
                                  "Alias": "ci",
                                  "Startup Cost": 0.44,
                                  "Total Cost": 1.64,
                                  "Plan Rows": 2,
                                  "Plan Width": 12,
                                  "Actual Startup Time": 0.618,
                                  "Actual Total Time": 0.938,
                                  "Actual Rows": 2.08,
                                  "Actual Loops": 1259,
                                  "Disabled": false,
                                  "Output": [
                                    "ci.id",
                                    "ci.person_id",
                                    "ci.movie_id",
                                    "ci.person_role_id",
                                    "ci.note",
                                    "ci.nr_order",
                                    "ci.role_id"
                                  ],
                                  "Index Cond": "(ci.movie_id = mc.movie_id)",
                                  "Rows Removed by Index Recheck": 0,
                                  "Filter": "(ci.note ~~ '%(producer)%'::text)",
                                  "Rows Removed by Filter": 44,
                                  "Index Searches": 1259,
                                  "Shared Hit Blocks": 34518,
                                  "Shared Read Blocks": 25458,
                                  "Shared Dirtied Blocks": 0,
                                  "Shared Written Blocks": 0,
                                  "Local Hit Blocks": 0,
                                  "Local Read Blocks": 0,
                                  "Local Dirtied Blocks": 0,
                                  "Local Written Blocks": 0,
                                  "Temp Read Blocks": 0,
                                  "Temp Written Blocks": 0,
                                  "Workers": [
                                    {
                                      "Worker Number": 0,
                                      "Actual Startup Time": 0.677,
                                      "Actual Total Time": 0.997,
                                      "Actual Rows": 2.19,
                                      "Actual Loops": 398,
                                      "Shared Hit Blocks": 11934,
                                      "Shared Read Blocks": 8388,
                                      "Shared Dirtied Blocks": 0,
                                      "Shared Written Blocks": 0,
                                      "Local Hit Blocks": 0,
                                      "Local Read Blocks": 0,
                                      "Local Dirtied Blocks": 0,
                                      "Local Written Blocks": 0,
                                      "Temp Read Blocks": 0,
                                      "Temp Written Blocks": 0
                                    },
                                    {
                                      "Worker Number": 1,
                                      "Actual Startup Time": 0.652,
                                      "Actual Total Time": 0.974,
                                      "Actual Rows": 2.13,
                                      "Actual Loops": 401,
                                      "Shared Hit Blocks": 10225,
                                      "Shared Read Blocks": 8072,
                                      "Shared Dirtied Blocks": 0,
                                      "Shared Written Blocks": 0,
                                      "Local Hit Blocks": 0,
                                      "Local Read Blocks": 0,
                                      "Local Dirtied Blocks": 0,
                                      "Local Written Blocks": 0,
                                      "Temp Read Blocks": 0,
                                      "Temp Written Blocks": 0
                                    }
                                  ]
                                }
                              ]
                            },
                            {
                              "Node Type": "Hash",
                              "Parent Relationship": "Inner",
                              "Parallel Aware": false,
                              "Async Capable": false,
                              "Startup Cost": 18.88,
                              "Total Cost": 18.88,
                              "Plan Rows": 4,
                              "Plan Width": 4,
                              "Actual Startup Time": 0.159,
                              "Actual Total Time": 0.159,
                              "Actual Rows": 1.0,
                              "Actual Loops": 3,
                              "Disabled": false,
                              "Output": [
                                "rt.id"
                              ],
                              "Hash Buckets": 1024,
                              "Original Hash Buckets": 1024,
                              "Hash Batches": 1,
                              "Original Hash Batches": 1,
                              "Peak Memory Usage": 9,
                              "Shared Hit Blocks": 2,
                              "Shared Read Blocks": 1,
                              "Shared Dirtied Blocks": 0,
                              "Shared Written Blocks": 0,
                              "Local Hit Blocks": 0,
                              "Local Read Blocks": 0,
                              "Local Dirtied Blocks": 0,
                              "Local Written Blocks": 0,
                              "Temp Read Blocks": 0,
                              "Temp Written Blocks": 0,
                              "Workers": [
                                {
                                  "Worker Number": 0,
                                  "Actual Startup Time": 0.073,
                                  "Actual Total Time": 0.073,
                                  "Actual Rows": 1.0,
                                  "Actual Loops": 1,
                                  "Shared Hit Blocks": 1,
                                  "Shared Read Blocks": 0,
                                  "Shared Dirtied Blocks": 0,
                                  "Shared Written Blocks": 0,
                                  "Local Hit Blocks": 0,
                                  "Local Read Blocks": 0,
                                  "Local Dirtied Blocks": 0,
                                  "Local Written Blocks": 0,
                                  "Temp Read Blocks": 0,
                                  "Temp Written Blocks": 0
                                },
                                {
                                  "Worker Number": 1,
                                  "Actual Startup Time": 0.046,
                                  "Actual Total Time": 0.046,
                                  "Actual Rows": 1.0,
                                  "Actual Loops": 1,
                                  "Shared Hit Blocks": 1,
                                  "Shared Read Blocks": 0,
                                  "Shared Dirtied Blocks": 0,
                                  "Shared Written Blocks": 0,
                                  "Local Hit Blocks": 0,
                                  "Local Read Blocks": 0,
                                  "Local Dirtied Blocks": 0,
                                  "Local Written Blocks": 0,
                                  "Temp Read Blocks": 0,
                                  "Temp Written Blocks": 0
                                }
                              ],
                              "Plans": [
                                {
                                  "Node Type": "Seq Scan",
                                  "Parent Relationship": "Outer",
                                  "Parallel Aware": false,
                                  "Async Capable": false,
                                  "Relation Name": "role_type",
                                  "Schema": "public",
                                  "Alias": "rt",
                                  "Startup Cost": 0.0,
                                  "Total Cost": 18.88,
                                  "Plan Rows": 4,
                                  "Plan Width": 4,
                                  "Actual Startup Time": 0.144,
                                  "Actual Total Time": 0.145,
                                  "Actual Rows": 1.0,
                                  "Actual Loops": 3,
                                  "Disabled": false,
                                  "Output": [
                                    "rt.id"
                                  ],
                                  "Filter": "((rt.role)::text = 'actor'::text)",
                                  "Rows Removed by Filter": 11,
                                  "Shared Hit Blocks": 2,
                                  "Shared Read Blocks": 1,
                                  "Shared Dirtied Blocks": 0,
                                  "Shared Written Blocks": 0,
                                  "Local Hit Blocks": 0,
                                  "Local Read Blocks": 0,
                                  "Local Dirtied Blocks": 0,
                                  "Local Written Blocks": 0,
                                  "Temp Read Blocks": 0,
                                  "Temp Written Blocks": 0,
                                  "Workers": [
                                    {
                                      "Worker Number": 0,
                                      "Actual Startup Time": 0.043,
                                      "Actual Total Time": 0.044,
                                      "Actual Rows": 1.0,
                                      "Actual Loops": 1,
                                      "Shared Hit Blocks": 1,
                                      "Shared Read Blocks": 0,
                                      "Shared Dirtied Blocks": 0,
                                      "Shared Written Blocks": 0,
                                      "Local Hit Blocks": 0,
                                      "Local Read Blocks": 0,
                                      "Local Dirtied Blocks": 0,
                                      "Local Written Blocks": 0,
                                      "Temp Read Blocks": 0,
                                      "Temp Written Blocks": 0
                                    },
                                    {
                                      "Worker Number": 1,
                                      "Actual Startup Time": 0.04,
                                      "Actual Total Time": 0.041,
                                      "Actual Rows": 1.0,
                                      "Actual Loops": 1,
                                      "Shared Hit Blocks": 1,
                                      "Shared Read Blocks": 0,
                                      "Shared Dirtied Blocks": 0,
                                      "Shared Written Blocks": 0,
                                      "Local Hit Blocks": 0,
                                      "Local Read Blocks": 0,
                                      "Local Dirtied Blocks": 0,
                                      "Local Written Blocks": 0,
                                      "Temp Read Blocks": 0,
                                      "Temp Written Blocks": 0
                                    }
                                  ]
                                }
                              ]
                            }
                          ]
                        },
                        {
                          "Node Type": "Index Scan",
                          "Parent Relationship": "Inner",
                          "Parallel Aware": false,
                          "Async Capable": false,
                          "Scan Direction": "Forward",
                          "Index Name": "char_name_pkey",
                          "Relation Name": "char_name",
                          "Schema": "public",
                          "Alias": "chn",
                          "Startup Cost": 0.43,
                          "Total Cost": 0.57,
                          "Plan Rows": 1,
                          "Plan Width": 20,
                          "Actual Startup Time": 0.0,
                          "Actual Total Time": 0.0,
                          "Actual Rows": 0,
                          "Actual Loops": 0,
                          "Disabled": false,
                          "Output": [
                            "chn.id",
                            "chn.name",
                            "chn.imdb_index",
                            "chn.imdb_id",
                            "chn.name_pcode_nf",
                            "chn.surname_pcode",
                            "chn.md5sum"
                          ],
                          "Index Cond": "(chn.id = ci.person_role_id)",
                          "Rows Removed by Index Recheck": 0,
                          "Index Searches": 0,
                          "Shared Hit Blocks": 0,
                          "Shared Read Blocks": 0,
                          "Shared Dirtied Blocks": 0,
                          "Shared Written Blocks": 0,
                          "Local Hit Blocks": 0,
                          "Local Read Blocks": 0,
                          "Local Dirtied Blocks": 0,
                          "Local Written Blocks": 0,
                          "Temp Read Blocks": 0,
                          "Temp Written Blocks": 0,
                          "Workers": []
                        }
                      ]
                    },
                    {
                      "Node Type": "Memoize",
                      "Parent Relationship": "Inner",
                      "Parallel Aware": false,
                      "Async Capable": false,
                      "Startup Cost": 0.16,
                      "Total Cost": 0.18,
                      "Plan Rows": 1,
                      "Plan Width": 4,
                      "Actual Startup Time": 0.0,
                      "Actual Total Time": 0.0,
                      "Actual Rows": 0,
                      "Actual Loops": 0,
                      "Disabled": false,
                      "Output": [
                        "ct.id"
                      ],
                      "Cache Key": "mc.company_type_id",
                      "Cache Mode": "logical",
                      "Shared Hit Blocks": 0,
                      "Shared Read Blocks": 0,
                      "Shared Dirtied Blocks": 0,
                      "Shared Written Blocks": 0,
                      "Local Hit Blocks": 0,
                      "Local Read Blocks": 0,
                      "Local Dirtied Blocks": 0,
                      "Local Written Blocks": 0,
                      "Temp Read Blocks": 0,
                      "Temp Written Blocks": 0,
                      "Workers": [],
                      "Plans": [
                        {
                          "Node Type": "Index Only Scan",
                          "Parent Relationship": "Outer",
                          "Parallel Aware": false,
                          "Async Capable": false,
                          "Scan Direction": "Forward",
                          "Index Name": "company_type_pkey",
                          "Relation Name": "company_type",
                          "Schema": "public",
                          "Alias": "ct",
                          "Startup Cost": 0.15,
                          "Total Cost": 0.17,
                          "Plan Rows": 1,
                          "Plan Width": 4,
                          "Actual Startup Time": 0.0,
                          "Actual Total Time": 0.0,
                          "Actual Rows": 0,
                          "Actual Loops": 0,
                          "Disabled": false,
                          "Output": [
                            "ct.id"
                          ],
                          "Index Cond": "(ct.id = mc.company_type_id)",
                          "Rows Removed by Index Recheck": 0,
                          "Heap Fetches": 0,
                          "Index Searches": 0,
                          "Shared Hit Blocks": 0,
                          "Shared Read Blocks": 0,
                          "Shared Dirtied Blocks": 0,
                          "Shared Written Blocks": 0,
                          "Local Hit Blocks": 0,
                          "Local Read Blocks": 0,
                          "Local Dirtied Blocks": 0,
                          "Local Written Blocks": 0,
                          "Temp Read Blocks": 0,
                          "Temp Written Blocks": 0,
                          "Workers": []
                        }
                      ]
                    }
                  ]
                }
              ]
            }
          ]
        }
      ]
    },
    "Planning": {
      "Shared Hit Blocks": 44,
      "Shared Read Blocks": 36,
      "Shared Dirtied Blocks": 0,
      "Shared Written Blocks": 0,
      "Local Hit Blocks": 0,
      "Local Read Blocks": 0,
      "Local Dirtied Blocks": 0,
      "Local Written Blocks": 0,
      "Temp Read Blocks": 0,
      "Temp Written Blocks": 0
    },
    "Planning Time": 9.973,
    "Triggers": [],
    "Execution Time": 555.69
  }
]