[
  {
    "Plan": {
      "Node Type": "Aggregate",
      "Strategy": "Plain",
      "Partial Mode": "Finalize",
      "Parallel Aware": false,
      "Async Capable": false,
      "Startup Cost": 587594.98,
      "Total Cost": 587594.99,
      "Plan Rows": 1,
      "Plan Width": 64,
      "Actual Startup Time": 95354.251,
      "Actual Total Time": 95535.188,
      "Actual Rows": 1.0,
      "Actual Loops": 1,
      "Disabled": false,
      "Output": [
        "min(chn.name)",
        "min(t.title)"
      ],
      "Shared Hit Blocks": 16526932,
      "Shared Read Blocks": 5643120,
      "Shared Dirtied Blocks": 0,
      "Shared Written Blocks": 0,
      "Local Hit Blocks": 0,
      "Local Read Blocks": 0,
      "Local Dirtied Blocks": 0,
      "Local Written Blocks": 0,
      "Temp Read Blocks": 12628,
      "Temp Written Blocks": 12700,
      "Plans": [
        {
          "Node Type": "Gather",
          "Parent Relationship": "Outer",
          "Parallel Aware": false,
          "Async Capable": false,
          "Startup Cost": 587594.76,
          "Total Cost": 587594.97,
          "Plan Rows": 2,
          "Plan Width": 64,
          "Actual Startup Time": 95354.208,
          "Actual Total Time": 95535.169,
          "Actual Rows": 3.0,
          "Actual Loops": 1,
          "Disabled": false,
          "Output": [
            "(PARTIAL min(chn.name))",
            "(PARTIAL min(t.title))"
          ],
          "Workers Planned": 2,
          "Workers Launched": 2,
          "Single Copy": false,
          "Shared Hit Blocks": 16526932,
          "Shared Read Blocks": 5643120,
          "Shared Dirtied Blocks": 0,
          "Shared Written Blocks": 0,
          "Local Hit Blocks": 0,
          "Local Read Blocks": 0,
          "Local Dirtied Blocks": 0,
          "Local Written Blocks": 0,
          "Temp Read Blocks": 12628,
          "Temp Written Blocks": 12700,
          "Plans": [
            {
              "Node Type": "Aggregate",
              "Strategy": "Plain",
              "Partial Mode": "Partial",
              "Parent Relationship": "Outer",
              "Parallel Aware": false,
              "Async Capable": false,
              "Startup Cost": 586594.76,
              "Total Cost": 586594.77,
              "Plan Rows": 1,
              "Plan Width": 64,
              "Actual Startup Time": 95194.731,
              "Actual Total Time": 95194.759,
              "Actual Rows": 1.0,
              "Actual Loops": 3,
              "Disabled": false,
              "Output": [
                "PARTIAL min(chn.name)",
                "PARTIAL min(t.title)"
              ],
              "Shared Hit Blocks": 16526932,
              "Shared Read Blocks": 5643120,
              "Shared Dirtied Blocks": 0,
              "Shared Written Blocks": 0,
              "Local Hit Blocks": 0,
              "Local Read Blocks": 0,
              "Local Dirtied Blocks": 0,
              "Local Written Blocks": 0,
              "Temp Read Blocks": 12628,
              "Temp Written Blocks": 12700,
              "Workers": [
                {
                  "Worker Number": 0,
                  "Actual Startup Time": 95093.157,
                  "Actual Total Time": 95093.181,
                  "Actual Rows": 1.0,
                  "Actual Loops": 1,
                  "Shared Hit Blocks": 5605850,
                  "Shared Read Blocks": 1901221,
                  "Shared Dirtied Blocks": 0,
                  "Shared Written Blocks": 0,
                  "Local Hit Blocks": 0,
                  "Local Read Blocks": 0,
                  "Local Dirtied Blocks": 0,
                  "Local Written Blocks": 0,
                  "Temp Read Blocks": 4584,
                  "Temp Written Blocks": 4280
                },
                {
                  "Worker Number": 1,
                  "Actual Startup Time": 95137.023,
                  "Actual Total Time": 95137.038,
                  "Actual Rows": 1.0,
                  "Actual Loops": 1,
                  "Shared Hit Blocks": 5421231,
                  "Shared Read Blocks": 1869421,
                  "Shared Dirtied Blocks": 0,
                  "Shared Written Blocks": 0,
                  "Local Hit Blocks": 0,
                  "Local Read Blocks": 0,
                  "Local Dirtied Blocks": 0,
                  "Local Written Blocks": 0,
                  "Temp Read Blocks": 4462,
                  "Temp Written Blocks": 4232
                }
              ],
              "Plans": [
                {
                  "Node Type": "Hash Join",
                  "Parent Relationship": "Outer",
                  "Parallel Aware": false,
                  "Async Capable": false,
                  "Join Type": "Inner",
                  "Startup Cost": 44425.27,
                  "Total Cost": 585543.02,
                  "Plan Rows": 210349,
                  "Plan Width": 33,
                  "Actual Startup Time": 37904.458,
                  "Actual Total Time": 95194.725,
                  "Actual Rows": 3.33,
                  "Actual Loops": 3,
                  "Disabled": false,
                  "Output": [
                    "chn.name",
                    "t.title"
                  ],
                  "Inner Unique": true,
                  "Hash Cond": "(ci.role_id = rt.id)",
                  "Shared Hit Blocks": 16526932,
                  "Shared Read Blocks": 5643120,
                  "Shared Dirtied Blocks": 0,
                  "Shared Written Blocks": 0,
                  "Local Hit Blocks": 0,
                  "Local Read Blocks": 0,
                  "Local Dirtied Blocks": 0,
                  "Local Written Blocks": 0,
                  "Temp Read Blocks": 12628,
                  "Temp Written Blocks": 12700,
                  "Workers": [
                    {
                      "Worker Number": 0,
                      "Actual Startup Time": 13700.468,
                      "Actual Total Time": 95093.158,
                      "Actual Rows": 2.0,
                      "Actual Loops": 1,
                      "Shared Hit Blocks": 5605850,
                      "Shared Read Blocks": 1901221,
                      "Shared Dirtied Blocks": 0,
                      "Shared Written Blocks": 0,
                      "Local Hit Blocks": 0,
                      "Local Read Blocks": 0,
                      "Local Dirtied Blocks": 0,
                      "Local Written Blocks": 0,
                      "Temp Read Blocks": 4584,
                      "Temp Written Blocks": 4280
                    },
                    {
                      "Worker Number": 1,
                      "Actual Startup Time": 36763.834,
                      "Actual Total Time": 95137.009,
                      "Actual Rows": 5.0,
                      "Actual Loops": 1,
                      "Shared Hit Blocks": 5421231,
                      "Shared Read Blocks": 1869421,
                      "Shared Dirtied Blocks": 0,
                      "Shared Written Blocks": 0,
                      "Local Hit Blocks": 0,
                      "Local Read Blocks": 0,
                      "Local Dirtied Blocks": 0,
                      "Local Written Blocks": 0,
                      "Temp Read Blocks": 4462,
                      "Temp Written Blocks": 4232
                    }
                  ],
                  "Plans": [
                    {
                      "Node Type": "Hash Join",
                      "Parent Relationship": "Outer",
                      "Parallel Aware": false,
                      "Async Capable": false,
                      "Join Type": "Inner",
                      "Startup Cost": 44399.3,
                      "Total Cost": 584961.58,
                      "Plan Rows": 210349,
                      "Plan Width": 37,
                      "Actual Startup Time": 37904.415,
                      "Actual Total Time": 95194.667,
                      "Actual Rows": 3.33,
                      "Actual Loops": 3,
                      "Disabled": false,
                      "Output": [
                        "chn.name",
                        "ci.role_id",
                        "t.title"
                      ],
                      "Inner Unique": true,
                      "Hash Cond": "(mc.company_type_id = ct.id)",
                      "Shared Hit Blocks": 16526930,
                      "Shared Read Blocks": 5643119,
                      "Shared Dirtied Blocks": 0,
                      "Shared Written Blocks": 0,
                      "Local Hit Blocks": 0,
                      "Local Read Blocks": 0,
                      "Local Dirtied Blocks": 0,
                      "Local Written Blocks": 0,
                      "Temp Read Blocks": 12628,
                      "Temp Written Blocks": 12700,
                      "Workers": [
                        {
                          "Worker Number": 0,
                          "Actual Startup Time": 13700.429,
                          "Actual Total Time": 95093.118,
                          "Actual Rows": 2.0,
                          "Actual Loops": 1,
                          "Shared Hit Blocks": 5605849,
                          "Shared Read Blocks": 1901221,
                          "Shared Dirtied Blocks": 0,
                          "Shared Written Blocks": 0,
                          "Local Hit Blocks": 0,
                          "Local Read Blocks": 0,
                          "Local Dirtied Blocks": 0,
                          "Local Written Blocks": 0,
                          "Temp Read Blocks": 4584,
                          "Temp Written Blocks": 4280
                        },
                        {
                          "Worker Number": 1,
                          "Actual Startup Time": 36763.797,
                          "Actual Total Time": 95136.968,
                          "Actual Rows": 5.0,
                          "Actual Loops": 1,
                          "Shared Hit Blocks": 5421230,
                          "Shared Read Blocks": 1869421,
                          "Shared Dirtied Blocks": 0,
                          "Shared Written Blocks": 0,
                          "Local Hit Blocks": 0,
                          "Local Read Blocks": 0,
                          "Local Dirtied Blocks": 0,
                          "Local Written Blocks": 0,
                          "Temp Read Blocks": 4462,
                          "Temp Written Blocks": 4232
                        }
                      ],
                      "Plans": [
                        {
                          "Node Type": "Nested Loop",
                          "Parent Relationship": "Outer",
                          "Parallel Aware": false,
                          "Async Capable": false,
                          "Join Type": "Inner",
                          "Startup Cost": 44373.32,
                          "Total Cost": 584380.15,
                          "Plan Rows": 210349,
                          "Plan Width": 41,
                          "Actual Startup Time": 37904.302,
                          "Actual Total Time": 95194.535,
                          "Actual Rows": 3.33,
                          "Actual Loops": 3,
                          "Disabled": false,
                          "Output": [
                            "chn.name",
                            "ci.role_id",
                            "mc.company_type_id",
                            "t.title"
                          ],
                          "Inner Unique": true,
                          "Shared Hit Blocks": 16526928,
                          "Shared Read Blocks": 5643118,
                          "Shared Dirtied Blocks": 0,
                          "Shared Written Blocks": 0,
                          "Local Hit Blocks": 0,
                          "Local Read Blocks": 0,
                          "Local Dirtied Blocks": 0,
                          "Local Written Blocks": 0,
                          "Temp Read Blocks": 12628,
                          "Temp Written Blocks": 12700,
                          "Workers": [
                            {
                              "Worker Number": 0,
                              "Actual Startup Time": 13700.389,
                              "Actual Total Time": 95093.072,
                              "Actual Rows": 2.0,
                              "Actual Loops": 1,
                              "Shared Hit Blocks": 5605848,
                              "Shared Read Blocks": 1901221,
                              "Shared Dirtied Blocks": 0,
                              "Shared Written Blocks": 0,
                              "Local Hit Blocks": 0,
                              "Local Read Blocks": 0,
                              "Local Dirtied Blocks": 0,
                              "Local Written Blocks": 0,
                              "Temp Read Blocks": 4584,
                              "Temp Written Blocks": 4280
                            },
                            {
                              "Worker Number": 1,
                              "Actual Startup Time": 36763.761,
                              "Actual Total Time": 95136.925,
                              "Actual Rows": 5.0,
                              "Actual Loops": 1,
                              "Shared Hit Blocks": 5421229,
                              "Shared Read Blocks": 1869421,
                              "Shared Dirtied Blocks": 0,
                              "Shared Written Blocks": 0,
                              "Local Hit Blocks": 0,
                              "Local Read Blocks": 0,
                              "Local Dirtied Blocks": 0,
                              "Local Written Blocks": 0,
                              "Temp Read Blocks": 4462,
                              "Temp Written Blocks": 4232
                            }
                          ],
                          "Plans": [
                            {
                              "Node Type": "Nested Loop",
                              "Parent Relationship": "Outer",
                              "Parallel Aware": false,
                              "Async Capable": false,
                              "Join Type": "Inner",
                              "Startup Cost": 44372.88,
                              "Total Cost": 560582.01,
                              "Plan Rows": 439448,
                              "Plan Width": 29,
                              "Actual Startup Time": 2472.621,
                              "Actual Total Time": 95129.887,
                              "Actual Rows": 260701.33,
                              "Actual Loops": 3,
                              "Disabled": false,
                              "Output": [
                                "ci.person_role_id",
                                "ci.role_id",
                                "mc.company_type_id",
                                "t.title"
                              ],
                              "Inner Unique": false,
                              "Join Filter": "(ci.movie_id = t.id)",
                              "Rows Removed by Join Filter": 0,
                              "Shared Hit Blocks": 16526926,
                              "Shared Read Blocks": 5643106,
                              "Shared Dirtied Blocks": 0,
                              "Shared Written Blocks": 0,
                              "Local Hit Blocks": 0,
                              "Local Read Blocks": 0,
                              "Local Dirtied Blocks": 0,
                              "Local Written Blocks": 0,
                              "Temp Read Blocks": 12628,
                              "Temp Written Blocks": 12700,
                              "Workers": [
                                {
                                  "Worker Number": 0,
                                  "Actual Startup Time": 2457.47,
                                  "Actual Total Time": 95028.881,
                                  "Actual Rows": 264941.0,
                                  "Actual Loops": 1,
                                  "Shared Hit Blocks": 5605848,
                                  "Shared Read Blocks": 1901216,
                                  "Shared Dirtied Blocks": 0,
                                  "Shared Written Blocks": 0,
                                  "Local Hit Blocks": 0,
                                  "Local Read Blocks": 0,
                                  "Local Dirtied Blocks": 0,
                                  "Local Written Blocks": 0,
                                  "Temp Read Blocks": 4584,
                                  "Temp Written Blocks": 4280
                                },
                                {
                                  "Worker Number": 1,
                                  "Actual Startup Time": 2492.544,
                                  "Actual Total Time": 95073.428,
                                  "Actual Rows": 258421.0,
                                  "Actual Loops": 1,
                                  "Shared Hit Blocks": 5421228,
                                  "Shared Read Blocks": 1869417,
                                  "Shared Dirtied Blocks": 0,
                                  "Shared Written Blocks": 0,
                                  "Local Hit Blocks": 0,
                                  "Local Read Blocks": 0,
                                  "Local Dirtied Blocks": 0,
                                  "Local Written Blocks": 0,
                                  "Temp Read Blocks": 4462,
                                  "Temp Written Blocks": 4232
                                }
                              ],
                              "Plans": [
                                {
                                  "Node Type": "Hash Join",
                                  "Parent Relationship": "Outer",
                                  "Parallel Aware": true,
                                  "Async Capable": false,
                                  "Join Type": "Inner",
                                  "Startup Cost": 44372.44,
                                  "Total Cost": 107516.16,
                                  "Plan Rows": 271829,
                                  "Plan Width": 29,
                                  "Actual Startup Time": 2426.65,
                                  "Actual Total Time": 2943.307,
                                  "Actual Rows": 198750.0,
                                  "Actual Loops": 3,
                                  "Disabled": false,
                                  "Output": [
                                    "mc.movie_id",
                                    "mc.company_type_id",
                                    "t.title",
                                    "t.id"
                                  ],
                                  "Inner Unique": false,
                                  "Hash Cond": "(t.id = mc.movie_id)",
                                  "Shared Hit Blocks": 2699,
                                  "Shared Read Blocks": 55173,
                                  "Shared Dirtied Blocks": 0,
                                  "Shared Written Blocks": 0,
                                  "Local Hit Blocks": 0,
                                  "Local Read Blocks": 0,
                                  "Local Dirtied Blocks": 0,
                                  "Local Written Blocks": 0,
                                  "Temp Read Blocks": 12628,
                                  "Temp Written Blocks": 12700,
                                  "Workers": [
                                    {
                                      "Worker Number": 0,
                                      "Actual Startup Time": 2429.998,
                                      "Actual Total Time": 2972.13,
                                      "Actual Rows": 201572.0,
                                      "Actual Loops": 1,
                                      "Shared Hit Blocks": 913,
                                      "Shared Read Blocks": 18339,
                                      "Shared Dirtied Blocks": 0,
                                      "Shared Written Blocks": 0,
                                      "Local Hit Blocks": 0,
                                      "Local Read Blocks": 0,
                                      "Local Dirtied Blocks": 0,
                                      "Local Written Blocks": 0,
                                      "Temp Read Blocks": 4584,
                                      "Temp Written Blocks": 4280
                                    },
                                    {
                                      "Worker Number": 1,
                                      "Actual Startup Time": 2430.211,
                                      "Actual Total Time": 2952.514,
                                      "Actual Rows": 196922.0,
                                      "Actual Loops": 1,
                                      "Shared Hit Blocks": 941,
                                      "Shared Read Blocks": 18061,
                                      "Shared Dirtied Blocks": 0,
                                      "Shared Written Blocks": 0,
                                      "Local Hit Blocks": 0,
                                      "Local Read Blocks": 0,
                                      "Local Dirtied Blocks": 0,
                                      "Local Written Blocks": 0,
                                      "Temp Read Blocks": 4462,
                                      "Temp Written Blocks": 4232
                                    }
                                  ],
                                  "Plans": [
                                    {
                                      "Node Type": "Seq Scan",
                                      "Parent Relationship": "Outer",
                                      "Parallel Aware": true,
                                      "Async Capable": false,
                                      "Relation Name": "title",
                                      "Schema": "public",
                                      "Alias": "t",
                                      "Startup Cost": 0.0,
                                      "Total Cost": 49177.56,
                                      "Plan Rows": 730545,
                                      "Plan Width": 21,
                                      "Actual Startup Time": 2.86,
                                      "Actual Total Time": 1826.498,
                                      "Actual Rows": 583010.67,
                                      "Actual Loops": 3,
                                      "Disabled": false,
                                      "Output": [
                                        "t.title",
                                        "t.id"
                                      ],
                                      "Filter": "(t.production_year > 1990)",
                                      "Rows Removed by Filter": 259760,
                                      "Shared Hit Blocks": 2417,
                                      "Shared Read Blocks": 33591,
                                      "Shared Dirtied Blocks": 0,
                                      "Shared Written Blocks": 0,
                                      "Local Hit Blocks": 0,
                                      "Local Read Blocks": 0,
                                      "Local Dirtied Blocks": 0,
                                      "Local Written Blocks": 0,
                                      "Temp Read Blocks": 0,
                                      "Temp Written Blocks": 0,
                                      "Workers": [
                                        {
                                          "Worker Number": 0,
                                          "Actual Startup Time": 3.55,
                                          "Actual Total Time": 1806.04,
                                          "Actual Rows": 589182.0,
                                          "Actual Loops": 1,
                                          "Shared Hit Blocks": 815,
                                          "Shared Read Blocks": 11304,
                                          "Shared Dirtied Blocks": 0,
                                          "Shared Written Blocks": 0,
                                          "Local Hit Blocks": 0,
                                          "Local Read Blocks": 0,
                                          "Local Dirtied Blocks": 0,
                                          "Local Written Blocks": 0,
                                          "Temp Read Blocks": 0,
                                          "Temp Written Blocks": 0
                                        },
                                        {
                                          "Worker Number": 1,
                                          "Actual Startup Time": 3.537,
                                          "Actual Total Time": 1839.815,
                                          "Actual Rows": 582129.0,
                                          "Actual Loops": 1,
                                          "Shared Hit Blocks": 846,
                                          "Shared Read Blocks": 11131,
                                          "Shared Dirtied Blocks": 0,
                                          "Shared Written Blocks": 0,
                                          "Local Hit Blocks": 0,
                                          "Local Read Blocks": 0,
                                          "Local Dirtied Blocks": 0,
                                          "Local Written Blocks": 0,
                                          "Temp Read Blocks": 0,
                                          "Temp Written Blocks": 0
                                        }
                                      ]
                                    },
                                    {
                                      "Node Type": "Hash",
                                      "Parent Relationship": "Inner",
                                      "Parallel Aware": true,
                                      "Async Capable": false,
                                      "Startup Cost": 37940.17,
                                      "Total Cost": 37940.17,
                                      "Plan Rows": 392022,
                                      "Plan Width": 8,
                                      "Actual Startup Time": 196.17,
                                      "Actual Total Time": 196.189,
                                      "Actual Rows": 384599.33,
                                      "Actual Loops": 3,
                                      "Disabled": false,
                                      "Output": [
                                        "mc.movie_id",
                                        "mc.company_type_id"
                                      ],
                                      "Hash Buckets": 262144,
                                      "Original Hash Buckets": 262144,
                                      "Hash Batches": 8,
                                      "Original Hash Batches": 8,
                                      "Peak Memory Usage": 7712,
                                      "Shared Hit Blocks": 282,
                                      "Shared Read Blocks": 21582,
                                      "Shared Dirtied Blocks": 0,
                                      "Shared Written Blocks": 0,
                                      "Local Hit Blocks": 0,
                                      "Local Read Blocks": 0,
                                      "Local Dirtied Blocks": 0,
                                      "Local Written Blocks": 0,
                                      "Temp Read Blocks": 0,
                                      "Temp Written Blocks": 3492,
                                      "Workers": [
                                        {
                                          "Worker Number": 0,
                                          "Actual Startup Time": 195.152,
                                          "Actual Total Time": 195.169,
                                          "Actual Rows": 387328.0,
                                          "Actual Loops": 1,
                                          "Shared Hit Blocks": 98,
                                          "Shared Read Blocks": 7035,
                                          "Shared Dirtied Blocks": 0,
                                          "Shared Written Blocks": 0,
                                          "Local Hit Blocks": 0,
                                          "Local Read Blocks": 0,
                                          "Local Dirtied Blocks": 0,
                                          "Local Written Blocks": 0,
                                          "Temp Read Blocks": 0,
                                          "Temp Written Blocks": 1176
                                        },
                                        {
                                          "Worker Number": 1,
                                          "Actual Startup Time": 195.18,
                                          "Actual Total Time": 195.187,
                                          "Actual Rows": 383981.0,
                                          "Actual Loops": 1,
                                          "Shared Hit Blocks": 95,
                                          "Shared Read Blocks": 6930,
                                          "Shared Dirtied Blocks": 0,
                                          "Shared Written Blocks": 0,
                                          "Local Hit Blocks": 0,
                                          "Local Read Blocks": 0,
                                          "Local Dirtied Blocks": 0,
                                          "Local Written Blocks": 0,
                                          "Temp Read Blocks": 0,
                                          "Temp Written Blocks": 1164
                                        }
                                      ],
                                      "Plans": [
                                        {
                                          "Node Type": "Hash Join",
                                          "Parent Relationship": "Outer",
                                          "Parallel Aware": true,
                                          "Async Capable": false,
                                          "Join Type": "Inner",
                                          "Startup Cost": 5391.01,
                                          "Total Cost": 37940.17,
                                          "Plan Rows": 392022,
                                          "Plan Width": 8,
                                          "Actual Startup Time": 9.765,
                                          "Actual Total Time": 120.556,
                                          "Actual Rows": 384599.33,
                                          "Actual Loops": 3,
                                          "Disabled": false,
                                          "Output": [
                                            "mc.movie_id",
                                            "mc.company_type_id"
                                          ],
                                          "Inner Unique": true,
                                          "Hash Cond": "(mc.company_id = cn.id)",
                                          "Shared Hit Blocks": 282,
                                          "Shared Read Blocks": 21582,
                                          "Shared Dirtied Blocks": 0,
                                          "Shared Written Blocks": 0,
                                          "Local Hit Blocks": 0,
                                          "Local Read Blocks": 0,
                                          "Local Dirtied Blocks": 0,
                                          "Local Written Blocks": 0,
                                          "Temp Read Blocks": 0,
                                          "Temp Written Blocks": 0,
                                          "Workers": [
                                            {
                                              "Worker Number": 0,
                                              "Actual Startup Time": 8.773,
                                              "Actual Total Time": 119.619,
                                              "Actual Rows": 387328.0,
                                              "Actual Loops": 1,
                                              "Shared Hit Blocks": 98,
                                              "Shared Read Blocks": 7035,
                                              "Shared Dirtied Blocks": 0,
                                              "Shared Written Blocks": 0,
                                              "Local Hit Blocks": 0,
                                              "Local Read Blocks": 0,
                                              "Local Dirtied Blocks": 0,
                                              "Local Written Blocks": 0,
                                              "Temp Read Blocks": 0,
                                              "Temp Written Blocks": 0
                                            },
                                            {
                                              "Worker Number": 1,
                                              "Actual Startup Time": 8.775,
                                              "Actual Total Time": 119.186,
                                              "Actual Rows": 383981.0,
                                              "Actual Loops": 1,
                                              "Shared Hit Blocks": 95,
                                              "Shared Read Blocks": 6930,
                                              "Shared Dirtied Blocks": 0,
                                              "Shared Written Blocks": 0,
                                              "Local Hit Blocks": 0,
                                              "Local Read Blocks": 0,
                                              "Local Dirtied Blocks": 0,
                                              "Local Written Blocks": 0,
                                              "Temp Read Blocks": 0,
                                              "Temp Written Blocks": 0
                                            }
                                          ],
                                          "Plans": [
                                            {
                                              "Node Type": "Seq Scan",
                                              "Parent Relationship": "Outer",
                                              "Parallel Aware": true,
                                              "Async Capable": false,
                                              "Relation Name": "movie_companies",
                                              "Schema": "public",
                                              "Alias": "mc",
                                              "Startup Cost": 0.0,
                                              "Total Cost": 29695.37,
                                              "Plan Rows": 1087137,
                                              "Plan Width": 12,
                                              "Actual Startup Time": 0.061,
                                              "Actual Total Time": 28.146,
                                              "Actual Rows": 869709.67,
                                              "Actual Loops": 3,
                                              "Disabled": false,
                                              "Output": [
                                                "mc.id",
                                                "mc.movie_id",
                                                "mc.company_id",
                                                "mc.company_type_id",
                                                "mc.note"
                                              ],
                                              "Shared Hit Blocks": 282,
                                              "Shared Read Blocks": 18542,
                                              "Shared Dirtied Blocks": 0,
                                              "Shared Written Blocks": 0,
                                              "Local Hit Blocks": 0,
                                              "Local Read Blocks": 0,
                                              "Local Dirtied Blocks": 0,
                                              "Local Written Blocks": 0,
                                              "Temp Read Blocks": 0,
                                              "Temp Written Blocks": 0,
                                              "Workers": [
                                                {
                                                  "Worker Number": 0,
                                                  "Actual Startup Time": 0.077,
                                                  "Actual Total Time": 27.949,
                                                  "Actual Rows": 867631.0,
                                                  "Actual Loops": 1,
                                                  "Shared Hit Blocks": 98,
                                                  "Shared Read Blocks": 6169,
                                                  "Shared Dirtied Blocks": 0,
                                                  "Shared Written Blocks": 0,
                                                  "Local Hit Blocks": 0,
                                                  "Local Read Blocks": 0,
                                                  "Local Dirtied Blocks": 0,
                                                  "Local Written Blocks": 0,
                                                  "Temp Read Blocks": 0,
                                                  "Temp Written Blocks": 0
                                                },
                                                {
                                                  "Worker Number": 1,
                                                  "Actual Startup Time": 0.081,
                                                  "Actual Total Time": 28.227,
                                                  "Actual Rows": 862925.0,
                                                  "Actual Loops": 1,
                                                  "Shared Hit Blocks": 95,
                                                  "Shared Read Blocks": 6140,
                                                  "Shared Dirtied Blocks": 0,
                                                  "Shared Written Blocks": 0,
                                                  "Local Hit Blocks": 0,
                                                  "Local Read Blocks": 0,
                                                  "Local Dirtied Blocks": 0,
                                                  "Local Written Blocks": 0,
                                                  "Temp Read Blocks": 0,
                                                  "Temp Written Blocks": 0
                                                }
                                              ]
                                            },
                                            {
                                              "Node Type": "Hash",
                                              "Parent Relationship": "Inner",
                                              "Parallel Aware": true,
                                              "Async Capable": false,
                                              "Startup Cost": 4767.92,
                                              "Total Cost": 4767.92,
                                              "Plan Rows": 49847,
                                              "Plan Width": 4,
                                              "Actual Startup Time": 9.61,
                                              "Actual Total Time": 9.611,
                                              "Actual Rows": 28281.0,
                                              "Actual Loops": 3,
                                              "Disabled": false,
                                              "Output": [
                                                "cn.id"
                                              ],
                                              "Hash Buckets": 131072,
                                              "Original Hash Buckets": 131072,
                                              "Hash Batches": 1,
                                              "Original Hash Batches": 1,
                                              "Peak Memory Usage": 4384,
                                              "Shared Hit Blocks": 0,
                                              "Shared Read Blocks": 3040,
                                              "Shared Dirtied Blocks": 0,
                                              "Shared Written Blocks": 0,
                                              "Local Hit Blocks": 0,
                                              "Local Read Blocks": 0,
                                              "Local Dirtied Blocks": 0,
                                              "Local Written Blocks": 0,
                                              "Temp Read Blocks": 0,
                                              "Temp Written Blocks": 0,
                                              "Workers": [
                                                {
                                                  "Worker Number": 0,
                                                  "Actual Startup Time": 8.67,
                                                  "Actual Total Time": 8.67,
                                                  "Actual Rows": 24432.0,
                                                  "Actual Loops": 1,
                                                  "Shared Hit Blocks": 0,
                                                  "Shared Read Blocks": 866,
                                                  "Shared Dirtied Blocks": 0,
                                                  "Shared Written Blocks": 0,
                                                  "Local Hit Blocks": 0,
                                                  "Local Read Blocks": 0,
                                                  "Local Dirtied Blocks": 0,
                                                  "Local Written Blocks": 0,
                                                  "Temp Read Blocks": 0,
                                                  "Temp Written Blocks": 0
                                                },
                                                {
                                                  "Worker Number": 1,
                                                  "Actual Startup Time": 8.615,
                                                  "Actual Total Time": 8.615,
                                                  "Actual Rows": 22163.0,
                                                  "Actual Loops": 1,
                                                  "Shared Hit Blocks": 0,
                                                  "Shared Read Blocks": 790,
                                                  "Shared Dirtied Blocks": 0,
                                                  "Shared Written Blocks": 0,
                                                  "Local Hit Blocks": 0,
                                                  "Local Read Blocks": 0,
                                                  "Local Dirtied Blocks": 0,
                                                  "Local Written Blocks": 0,
                                                  "Temp Read Blocks": 0,
                                                  "Temp Written Blocks": 0
                                                }
                                              ],
                                              "Plans": [
                                                {
                                                  "Node Type": "Seq Scan",
                                                  "Parent Relationship": "Outer",
                                                  "Parallel Aware": true,
                                                  "Async Capable": false,
                                                  "Relation Name": "company_name",
                                                  "Schema": "public",
                                                  "Alias": "cn",
                                                  "Startup Cost": 0.0,
                                                  "Total Cost": 4767.92,
                                                  "Plan Rows": 49847,
                                                  "Plan Width": 4,
                                                  "Actual Startup Time": 0.074,
                                                  "Actual Total Time": 5.852,
                                                  "Actual Rows": 28281.0,
                                                  "Actual Loops": 3,
                                                  "Disabled": false,
                                                  "Output": [
                                                    "cn.id"
                                                  ],
                                                  "Filter": "((cn.country_code)::text = '[us]'::text)",
                                                  "Rows Removed by Filter": 50051,
                                                  "Shared Hit Blocks": 0,
                                                  "Shared Read Blocks": 3040,
                                                  "Shared Dirtied Blocks": 0,
                                                  "Shared Written Blocks": 0,
                                                  "Local Hit Blocks": 0,
                                                  "Local Read Blocks": 0,
                                                  "Local Dirtied Blocks": 0,
                                                  "Local Written Blocks": 0,
                                                  "Temp Read Blocks": 0,
                                                  "Temp Written Blocks": 0,
                                                  "Workers": [
                                                    {
                                                      "Worker Number": 0,
                                                      "Actual Startup Time": 0.079,
                                                      "Actual Total Time": 5.633,
                                                      "Actual Rows": 24432.0,
                                                      "Actual Loops": 1,
                                                      "Shared Hit Blocks": 0,
                                                      "Shared Read Blocks": 866,
                                                      "Shared Dirtied Blocks": 0,
                                                      "Shared Written Blocks": 0,
                                                      "Local Hit Blocks": 0,
                                                      "Local Read Blocks": 0,
                                                      "Local Dirtied Blocks": 0,
                                                      "Local Written Blocks": 0,
                                                      "Temp Read Blocks": 0,
                                                      "Temp Written Blocks": 0
                                                    },
                                                    {
                                                      "Worker Number": 1,
                                                      "Actual Startup Time": 0.125,
                                                      "Actual Total Time": 5.126,
                                                      "Actual Rows": 22163.0,
                                                      "Actual Loops": 1,
                                                      "Shared Hit Blocks": 0,
                                                      "Shared Read Blocks": 790,
                                                      "Shared Dirtied Blocks": 0,
                                                      "Shared Written Blocks": 0,
                                                      "Local Hit Blocks": 0,
                                                      "Local Read Blocks": 0,
                                                      "Local Dirtied Blocks": 0,
                                                      "Local Written Blocks": 0,
                                                      "Temp Read Blocks": 0,
                                                      "Temp Written Blocks": 0
                                                    }
                                                  ]
                                                }
                                              ]
                                            }
                                          ]
                                        }
                                      ]
                                    }
                                  ]
                                },
                                {
                                  "Node Type": "Index Scan",
                                  "Parent Relationship": "Inner",
                                  "Parallel Aware": false,
                                  "Async Capable": false,
                                  "Scan Direction": "Forward",
                                  "Index Name": "movie_id_cast_info",
                                  "Relation Name": "cast_info",
                                  "Schema": "public",
                                  "Alias": "ci",
                                  "Startup Cost": 0.44,
                                  "Total Cost": 1.64,
                                  "Plan Rows": 2,
                                  "Plan Width": 12,
                                  "Actual Startup Time": 0.341,
                                  "Actual Total Time": 0.463,
                                  "Actual Rows": 1.31,
                                  "Actual Loops": 596250,
                                  "Disabled": false,
                                  "Output": [
                                    "ci.id",
                                    "ci.person_id",
                                    "ci.movie_id",
                                    "ci.person_role_id",
                                    "ci.note",
                                    "ci.nr_order",
                                    "ci.role_id"
                                  ],
                                  "Index Cond": "(ci.movie_id = mc.movie_id)",
                                  "Rows Removed by Index Recheck": 0,
                                  "Filter": "(ci.note ~~ '%(producer)%'::text)",
                                  "Rows Removed by Filter": 34,
                                  "Index Searches": 596250,
                                  "Shared Hit Blocks": 16524227,
                                  "Shared Read Blocks": 5587933,
                                  "Shared Dirtied Blocks": 0,
                                  "Shared Written Blocks": 0,
                                  "Local Hit Blocks": 0,
                                  "Local Read Blocks": 0,
                                  "Local Dirtied Blocks": 0,
                                  "Local Written Blocks": 0,
                                  "Temp Read Blocks": 0,
                                  "Temp Written Blocks": 0,
                                  "Workers": [
                                    {
                                      "Worker Number": 0,
                                      "Actual Startup Time": 0.337,
                                      "Actual Total Time": 0.456,
                                      "Actual Rows": 1.31,
                                      "Actual Loops": 201572,
                                      "Shared Hit Blocks": 5604935,
                                      "Shared Read Blocks": 1882877,
                                      "Shared Dirtied Blocks": 0,
                                      "Shared Written Blocks": 0,
                                      "Local Hit Blocks": 0,
                                      "Local Read Blocks": 0,
                                      "Local Dirtied Blocks": 0,
                                      "Local Written Blocks": 0,
                                      "Temp Read Blocks": 0,
                                      "Temp Written Blocks": 0
                                    },
                                    {
                                      "Worker Number": 1,
                                      "Actual Startup Time": 0.343,
                                      "Actual Total Time": 0.467,
                                      "Actual Rows": 1.31,
                                      "Actual Loops": 196922,
                                      "Shared Hit Blocks": 5420287,
                                      "Shared Read Blocks": 1851356,
                                      "Shared Dirtied Blocks": 0,
                                      "Shared Written Blocks": 0,
                                      "Local Hit Blocks": 0,
                                      "Local Read Blocks": 0,
                                      "Local Dirtied Blocks": 0,
                                      "Local Written Blocks": 0,
                                      "Temp Read Blocks": 0,
                                      "Temp Written Blocks": 0
                                    }
                                  ]
                                }
                              ]
                            },
                            {
                              "Node Type": "Memoize",
                              "Parent Relationship": "Inner",
                              "Parallel Aware": false,
                              "Async Capable": false,
                              "Startup Cost": 0.44,
                              "Total Cost": 0.58,
                              "Plan Rows": 1,
                              "Plan Width": 20,
                              "Actual Startup Time": 0.0,
                              "Actual Total Time": 0.0,
                              "Actual Rows": 0.0,
                              "Actual Loops": 782104,
                              "Disabled": false,
                              "Output": [
                                "chn.name",
                                "chn.id"
                              ],
                              "Cache Key": "ci.person_role_id",
                              "Cache Mode": "logical",
                              "Cache Hits": 258740,
                              "Cache Misses": 2,
                              "Cache Evictions": 0,
                              "Cache Overflows": 0,
                              "Peak Memory Usage": 1,
                              "Shared Hit Blocks": 2,
                              "Shared Read Blocks": 12,
                              "Shared Dirtied Blocks": 0,
                              "Shared Written Blocks": 0,
                              "Local Hit Blocks": 0,
                              "Local Read Blocks": 0,
                              "Local Dirtied Blocks": 0,
                              "Local Written Blocks": 0,
                              "Temp Read Blocks": 0,
                              "Temp Written Blocks": 0,
                              "Workers": [
                                {
                                  "Worker Number": 0,
                                  "Actual Startup Time": 0.0,
                                  "Actual Total Time": 0.0,
                                  "Actual Rows": 0.0,
                                  "Actual Loops": 264941,
                                  "Cache Hits": 264939,
                                  "Cache Misses": 2,
                                  "Cache Evictions": 0,
                                  "Cache Overflows": 0,
                                  "Peak Memory Usage": 1,
                                  "Shared Hit Blocks": 0,
                                  "Shared Read Blocks": 5,
                                  "Shared Dirtied Blocks": 0,
                                  "Shared Written Blocks": 0,
                                  "Local Hit Blocks": 0,
                                  "Local Read Blocks": 0,
                                  "Local Dirtied Blocks": 0,
                                  "Local Written Blocks": 0,
                                  "Temp Read Blocks": 0,
                                  "Temp Written Blocks": 0
                                },
                                {
                                  "Worker Number": 1,
                                  "Actual Startup Time": 0.0,
                                  "Actual Total Time": 0.0,
                                  "Actual Rows": 0.0,
                                  "Actual Loops": 258421,
                                  "Cache Hits": 258419,
                                  "Cache Misses": 2,
                                  "Cache Evictions": 0,
                                  "Cache Overflows": 0,
                                  "Peak Memory Usage": 1,
                                  "Shared Hit Blocks": 1,
                                  "Shared Read Blocks": 4,
                                  "Shared Dirtied Blocks": 0,
                                  "Shared Written Blocks": 0,
                                  "Local Hit Blocks": 0,
                                  "Local Read Blocks": 0,
                                  "Local Dirtied Blocks": 0,
                                  "Local Written Blocks": 0,
                                  "Temp Read Blocks": 0,
                                  "Temp Written Blocks": 0
                                }
                              ],
                              "Plans": [
                                {
                                  "Node Type": "Index Scan",
                                  "Parent Relationship": "Outer",
                                  "Parallel Aware": false,
                                  "Async Capable": false,
                                  "Scan Direction": "Forward",
                                  "Index Name": "char_name_pkey",
                                  "Relation Name": "char_name",
                                  "Schema": "public",
                                  "Alias": "chn",
                                  "Startup Cost": 0.43,
                                  "Total Cost": 0.57,
                                  "Plan Rows": 1,
                                  "Plan Width": 20,
                                  "Actual Startup Time": 0.539,
                                  "Actual Total Time": 0.539,
                                  "Actual Rows": 0.5,
                                  "Actual Loops": 6,
                                  "Disabled": false,
                                  "Output": [
                                    "chn.name",
                                    "chn.id"
                                  ],
                                  "Index Cond": "(chn.id = ci.person_role_id)",
                                  "Rows Removed by Index Recheck": 0,
                                  "Index Searches": 3,
                                  "Shared Hit Blocks": 2,
                                  "Shared Read Blocks": 12,
                                  "Shared Dirtied Blocks": 0,
                                  "Shared Written Blocks": 0,
                                  "Local Hit Blocks": 0,
                                  "Local Read Blocks": 0,
                                  "Local Dirtied Blocks": 0,
                                  "Local Written Blocks": 0,
                                  "Temp Read Blocks": 0,
                                  "Temp Written Blocks": 0,
                                  "Workers": [
                                    {
                                      "Worker Number": 0,
                                      "Actual Startup Time": 0.494,
                                      "Actual Total Time": 0.494,
                                      "Actual Rows": 0.5,
                                      "Actual Loops": 2,
                                      "Shared Hit Blocks": 0,
                                      "Shared Read Blocks": 5,
                                      "Shared Dirtied Blocks": 0,
                                      "Shared Written Blocks": 0,
                                      "Local Hit Blocks": 0,
                                      "Local Read Blocks": 0,
                                      "Local Dirtied Blocks": 0,
                                      "Local Written Blocks": 0,
                                      "Temp Read Blocks": 0,
                                      "Temp Written Blocks": 0
                                    },
                                    {
                                      "Worker Number": 1,
                                      "Actual Startup Time": 0.596,
                                      "Actual Total Time": 0.596,
                                      "Actual Rows": 0.5,
                                      "Actual Loops": 2,
                                      "Shared Hit Blocks": 1,
                                      "Shared Read Blocks": 4,
                                      "Shared Dirtied Blocks": 0,
                                      "Shared Written Blocks": 0,
                                      "Local Hit Blocks": 0,
                                      "Local Read Blocks": 0,
                                      "Local Dirtied Blocks": 0,
                                      "Local Written Blocks": 0,
                                      "Temp Read Blocks": 0,
                                      "Temp Written Blocks": 0
                                    }
                                  ]
                                }
                              ]
                            }
                          ]
                        },
                        {
                          "Node Type": "Hash",
                          "Parent Relationship": "Inner",
                          "Parallel Aware": false,
                          "Async Capable": false,
                          "Startup Cost": 17.1,
                          "Total Cost": 17.1,
                          "Plan Rows": 710,
                          "Plan Width": 4,
                          "Actual Startup Time": 0.095,
                          "Actual Total Time": 0.097,
                          "Actual Rows": 4.0,
                          "Actual Loops": 3,
                          "Disabled": false,
                          "Output": [
                            "ct.id"
                          ],
                          "Hash Buckets": 1024,
                          "Original Hash Buckets": 1024,
                          "Hash Batches": 1,
                          "Original Hash Batches": 1,
                          "Peak Memory Usage": 9,
                          "Shared Hit Blocks": 2,
                          "Shared Read Blocks": 1,
                          "Shared Dirtied Blocks": 0,
                          "Shared Written Blocks": 0,
                          "Local Hit Blocks": 0,
                          "Local Read Blocks": 0,
                          "Local Dirtied Blocks": 0,
                          "Local Written Blocks": 0,
                          "Temp Read Blocks": 0,
                          "Temp Written Blocks": 0,
                          "Workers": [
                            {
                              "Worker Number": 0,
                              "Actual Startup Time": 0.023,
                              "Actual Total Time": 0.028,
                              "Actual Rows": 4.0,
                              "Actual Loops": 1,
                              "Shared Hit Blocks": 1,
                              "Shared Read Blocks": 0,
                              "Shared Dirtied Blocks": 0,
                              "Shared Written Blocks": 0,
                              "Local Hit Blocks": 0,
                              "Local Read Blocks": 0,
                              "Local Dirtied Blocks": 0,
                              "Local Written Blocks": 0,
                              "Temp Read Blocks": 0,
                              "Temp Written Blocks": 0
                            },
                            {
                              "Worker Number": 1,
                              "Actual Startup Time": 0.021,
                              "Actual Total Time": 0.022,
                              "Actual Rows": 4.0,
                              "Actual Loops": 1,
                              "Shared Hit Blocks": 1,
                              "Shared Read Blocks": 0,
                              "Shared Dirtied Blocks": 0,
                              "Shared Written Blocks": 0,
                              "Local Hit Blocks": 0,
                              "Local Read Blocks": 0,
                              "Local Dirtied Blocks": 0,
                              "Local Written Blocks": 0,
                              "Temp Read Blocks": 0,
                              "Temp Written Blocks": 0
                            }
                          ],
                          "Plans": [
                            {
                              "Node Type": "Seq Scan",
                              "Parent Relationship": "Outer",
                              "Parallel Aware": false,
                              "Async Capable": false,
                              "Relation Name": "company_type",
                              "Schema": "public",
                              "Alias": "ct",
                              "Startup Cost": 0.0,
                              "Total Cost": 17.1,
                              "Plan Rows": 710,
                              "Plan Width": 4,
                              "Actual Startup Time": 0.092,
                              "Actual Total Time": 0.093,
                              "Actual Rows": 4.0,
                              "Actual Loops": 3,
                              "Disabled": false,
                              "Output": [
                                "ct.id"
                              ],
                              "Shared Hit Blocks": 2,
                              "Shared Read Blocks": 1,
                              "Shared Dirtied Blocks": 0,
                              "Shared Written Blocks": 0,
                              "Local Hit Blocks": 0,
                              "Local Read Blocks": 0,
                              "Local Dirtied Blocks": 0,
                              "Local Written Blocks": 0,
                              "Temp Read Blocks": 0,
                              "Temp Written Blocks": 0,
                              "Workers": [
                                {
                                  "Worker Number": 0,
                                  "Actual Startup Time": 0.021,
                                  "Actual Total Time": 0.025,
                                  "Actual Rows": 4.0,
                                  "Actual Loops": 1,
                                  "Shared Hit Blocks": 1,
                                  "Shared Read Blocks": 0,
                                  "Shared Dirtied Blocks": 0,
                                  "Shared Written Blocks": 0,
                                  "Local Hit Blocks": 0,
                                  "Local Read Blocks": 0,
                                  "Local Dirtied Blocks": 0,
                                  "Local Written Blocks": 0,
                                  "Temp Read Blocks": 0,
                                  "Temp Written Blocks": 0
                                },
                                {
                                  "Worker Number": 1,
                                  "Actual Startup Time": 0.019,
                                  "Actual Total Time": 0.02,
                                  "Actual Rows": 4.0,
                                  "Actual Loops": 1,
                                  "Shared Hit Blocks": 1,
                                  "Shared Read Blocks": 0,
                                  "Shared Dirtied Blocks": 0,
                                  "Shared Written Blocks": 0,
                                  "Local Hit Blocks": 0,
                                  "Local Read Blocks": 0,
                                  "Local Dirtied Blocks": 0,
                                  "Local Written Blocks": 0,
                                  "Temp Read Blocks": 0,
                                  "Temp Written Blocks": 0
                                }
                              ]
                            }
                          ]
                        }
                      ]
                    },
                    {
                      "Node Type": "Hash",
                      "Parent Relationship": "Inner",
                      "Parallel Aware": false,
                      "Async Capable": false,
                      "Startup Cost": 17.1,
                      "Total Cost": 17.1,
                      "Plan Rows": 710,
                      "Plan Width": 4,
                      "Actual Startup Time": 0.032,
                      "Actual Total Time": 0.032,
                      "Actual Rows": 12.0,
                      "Actual Loops": 3,
                      "Disabled": false,
                      "Output": [
                        "rt.id"
                      ],
                      "Hash Buckets": 1024,
                      "Original Hash Buckets": 1024,
                      "Hash Batches": 1,
                      "Original Hash Batches": 1,
                      "Peak Memory Usage": 9,
                      "Shared Hit Blocks": 2,
                      "Shared Read Blocks": 1,
                      "Shared Dirtied Blocks": 0,
                      "Shared Written Blocks": 0,
                      "Local Hit Blocks": 0,
                      "Local Read Blocks": 0,
                      "Local Dirtied Blocks": 0,
                      "Local Written Blocks": 0,
                      "Temp Read Blocks": 0,
                      "Temp Written Blocks": 0,
                      "Workers": [
                        {
                          "Worker Number": 0,
                          "Actual Startup Time": 0.028,
                          "Actual Total Time": 0.028,
                          "Actual Rows": 12.0,
                          "Actual Loops": 1,
                          "Shared Hit Blocks": 1,
                          "Shared Read Blocks": 0,
                          "Shared Dirtied Blocks": 0,
                          "Shared Written Blocks": 0,
                          "Local Hit Blocks": 0,
                          "Local Read Blocks": 0,
                          "Local Dirtied Blocks": 0,
                          "Local Written Blocks": 0,
                          "Temp Read Blocks": 0,
                          "Temp Written Blocks": 0
                        },
                        {
                          "Worker Number": 1,
                          "Actual Startup Time": 0.028,
                          "Actual Total Time": 0.028,
                          "Actual Rows": 12.0,
                          "Actual Loops": 1,
                          "Shared Hit Blocks": 1,
                          "Shared Read Blocks": 0,
                          "Shared Dirtied Blocks": 0,
                          "Shared Written Blocks": 0,
                          "Local Hit Blocks": 0,
                          "Local Read Blocks": 0,
                          "Local Dirtied Blocks": 0,
                          "Local Written Blocks": 0,
                          "Temp Read Blocks": 0,
                          "Temp Written Blocks": 0
                        }
                      ],
                      "Plans": [
                        {
                          "Node Type": "Seq Scan",
                          "Parent Relationship": "Outer",
                          "Parallel Aware": false,
                          "Async Capable": false,
                          "Relation Name": "role_type",
                          "Schema": "public",
                          "Alias": "rt",
                          "Startup Cost": 0.0,
                          "Total Cost": 17.1,
                          "Plan Rows": 710,
                          "Plan Width": 4,
                          "Actual Startup Time": 0.028,
                          "Actual Total Time": 0.029,
                          "Actual Rows": 12.0,
                          "Actual Loops": 3,
                          "Disabled": false,
                          "Output": [
                            "rt.id"
                          ],
                          "Shared Hit Blocks": 2,
                          "Shared Read Blocks": 1,
                          "Shared Dirtied Blocks": 0,
                          "Shared Written Blocks": 0,
                          "Local Hit Blocks": 0,
                          "Local Read Blocks": 0,
                          "Local Dirtied Blocks": 0,
                          "Local Written Blocks": 0,
                          "Temp Read Blocks": 0,
                          "Temp Written Blocks": 0,
                          "Workers": [
                            {
                              "Worker Number": 0,
                              "Actual Startup Time": 0.022,
                              "Actual Total Time": 0.023,
                              "Actual Rows": 12.0,
                              "Actual Loops": 1,
                              "Shared Hit Blocks": 1,
                              "Shared Read Blocks": 0,
                              "Shared Dirtied Blocks": 0,
                              "Shared Written Blocks": 0,
                              "Local Hit Blocks": 0,
                              "Local Read Blocks": 0,
                              "Local Dirtied Blocks": 0,
                              "Local Written Blocks": 0,
                              "Temp Read Blocks": 0,
                              "Temp Written Blocks": 0
                            },
                            {
                              "Worker Number": 1,
                              "Actual Startup Time": 0.024,
                              "Actual Total Time": 0.024,
                              "Actual Rows": 12.0,
                              "Actual Loops": 1,
                              "Shared Hit Blocks": 1,
                              "Shared Read Blocks": 0,
                              "Shared Dirtied Blocks": 0,
                              "Shared Written Blocks": 0,
                              "Local Hit Blocks": 0,
                              "Local Read Blocks": 0,
                              "Local Dirtied Blocks": 0,
                              "Local Written Blocks": 0,
                              "Temp Read Blocks": 0,
                              "Temp Written Blocks": 0
                            }
                          ]
                        }
                      ]
                    }
                  ]
                }
              ]
            }
          ]
        }
      ]
    },
    "Planning": {
      "Shared Hit Blocks": 41,
      "Shared Read Blocks": 39,
      "Shared Dirtied Blocks": 0,
      "Shared Written Blocks": 0,
      "Local Hit Blocks": 0,
      "Local Read Blocks": 0,
      "Local Dirtied Blocks": 0,
      "Local Written Blocks": 0,
      "Temp Read Blocks": 0,
      "Temp Written Blocks": 0
    },
    "Planning Time": 2.965,
    "Triggers": [],
    "Execution Time": 95535.336
  }
]