[
  {
    "Plan": {
      "Node Type": "Aggregate",
      "Strategy": "Plain",
      "Partial Mode": "Finalize",
      "Parallel Aware": false,
      "Async Capable": false,
      "Startup Cost": 6477.11,
      "Total Cost": 6477.12,
      "Plan Rows": 1,
      "Plan Width": 64,
      "Actual Startup Time": 73.846,
      "Actual Total Time": 73.873,
      "Actual Rows": 1.0,
      "Actual Loops": 1,
      "Disabled": false,
      "Output": [
        "min(mi.info)",
        "min(t.title)"
      ],
      "Shared Hit Blocks": 1108,
      "Shared Read Blocks": 4418,
      "Shared Dirtied Blocks": 0,
      "Shared Written Blocks": 0,
      "Local Hit Blocks": 0,
      "Local Read Blocks": 0,
      "Local Dirtied Blocks": 0,
      "Local Written Blocks": 0,
      "Temp Read Blocks": 0,
      "Temp Written Blocks": 0,
      "Plans": [
        {
          "Node Type": "Gather",
          "Parent Relationship": "Outer",
          "Parallel Aware": false,
          "Async Capable": false,
          "Startup Cost": 6476.89,
          "Total Cost": 6477.1,
          "Plan Rows": 2,
          "Plan Width": 64,
          "Actual Startup Time": 73.841,
          "Actual Total Time": 73.87,
          "Actual Rows": 2.0,
          "Actual Loops": 1,
          "Disabled": false,
          "Output": [
            "(PARTIAL min(mi.info))",
            "(PARTIAL min(t.title))"
          ],
          "Workers Planned": 1,
          "Workers Launched": 1,
          "Single Copy": false,
          "Shared Hit Blocks": 1108,
          "Shared Read Blocks": 4418,
          "Shared Dirtied Blocks": 0,
          "Shared Written Blocks": 0,
          "Local Hit Blocks": 0,
          "Local Read Blocks": 0,
          "Local Dirtied Blocks": 0,
          "Local Written Blocks": 0,
          "Temp Read Blocks": 0,
          "Temp Written Blocks": 0,
          "Plans": [
            {
              "Node Type": "Aggregate",
              "Strategy": "Plain",
              "Partial Mode": "Partial",
              "Parent Relationship": "Outer",
              "Parallel Aware": false,
              "Async Capable": false,
              "Startup Cost": 5476.89,
              "Total Cost": 5476.9,
              "Plan Rows": 1,
              "Plan Width": 64,
              "Actual Startup Time": 43.918,
              "Actual Total Time": 43.92,
              "Actual Rows": 1.0,
              "Actual Loops": 2,
              "Disabled": false,
              "Output": [
                "PARTIAL min(mi.info)",
                "PARTIAL min(t.title)"
              ],
              "Shared Hit Blocks": 1108,
              "Shared Read Blocks": 4418,
              "Shared Dirtied Blocks": 0,
              "Shared Written Blocks": 0,
              "Local Hit Blocks": 0,
              "Local Read Blocks": 0,
              "Local Dirtied Blocks": 0,
              "Local Written Blocks": 0,
              "Temp Read Blocks": 0,
              "Temp Written Blocks": 0,
              "Workers": [
                {
                  "Worker Number": 0,
                  "Actual Startup Time": 14.233,
                  "Actual Total Time": 14.234,
                  "Actual Rows": 1.0,
                  "Actual Loops": 1,
                  "Shared Hit Blocks": 0,
                  "Shared Read Blocks": 2502,
                  "Shared Dirtied Blocks": 0,
                  "Shared Written Blocks": 0,
                  "Local Hit Blocks": 0,
                  "Local Read Blocks": 0,
                  "Local Dirtied Blocks": 0,
                  "Local Written Blocks": 0,
                  "Temp Read Blocks": 0,
                  "Temp Written Blocks": 0
                }
              ],
              "Plans": [
                {
                  "Node Type": "Nested Loop",
                  "Parent Relationship": "Outer",
                  "Parallel Aware": false,
                  "Async Capable": false,
                  "Join Type": "Inner",
                  "Startup Cost": 2.86,
                  "Total Cost": 5476.86,
                  "Plan Rows": 5,
                  "Plan Width": 59,
                  "Actual Startup Time": 43.038,
                  "Actual Total Time": 43.915,
                  "Actual Rows": 18.5,
                  "Actual Loops": 2,
                  "Disabled": false,
                  "Output": [
                    "mi.info",
                    "t.title"
                  ],
                  "Inner Unique": true,
                  "Shared Hit Blocks": 1108,
                  "Shared Read Blocks": 4418,
                  "Shared Dirtied Blocks": 0,
                  "Shared Written Blocks": 0,
                  "Local Hit Blocks": 0,
                  "Local Read Blocks": 0,
                  "Local Dirtied Blocks": 0,
                  "Local Written Blocks": 0,
                  "Temp Read Blocks": 0,
                  "Temp Written Blocks": 0,
                  "Workers": [
                    {
                      "Worker Number": 0,
                      "Actual Startup Time": 14.23,
                      "Actual Total Time": 14.231,
                      "Actual Rows": 0.0,
                      "Actual Loops": 1,
                      "Shared Hit Blocks": 0,
                      "Shared Read Blocks": 2502,
                      "Shared Dirtied Blocks": 0,
                      "Shared Written Blocks": 0,
                      "Local Hit Blocks": 0,
                      "Local Read Blocks": 0,
                      "Local Dirtied Blocks": 0,
                      "Local Written Blocks": 0,
                      "Temp Read Blocks": 0,
                      "Temp Written Blocks": 0
                    }
                  ],
                  "Plans": [
                    {
                      "Node Type": "Nested Loop",
                      "Parent Relationship": "Outer",
                      "Parallel Aware": false,
                      "Async Capable": false,
                      "Join Type": "Inner",
                      "Startup Cost": 2.44,
                      "Total Cost": 5474.67,
                      "Plan Rows": 5,
                      "Plan Width": 63,
                      "Actual Startup Time": 43.033,
                      "Actual Total Time": 43.871,
                      "Actual Rows": 18.5,
                      "Actual Loops": 2,
                      "Disabled": false,
                      "Output": [
                        "mi.info",
                        "mk.keyword_id",
                        "t.title"
                      ],
                      "Inner Unique": false,
                      "Shared Hit Blocks": 1008,
                      "Shared Read Blocks": 4406,
                      "Shared Dirtied Blocks": 0,
                      "Shared Written Blocks": 0,
                      "Local Hit Blocks": 0,
                      "Local Read Blocks": 0,
                      "Local Dirtied Blocks": 0,
                      "Local Written Blocks": 0,
                      "Temp Read Blocks": 0,
                      "Temp Written Blocks": 0,
                      "Workers": [
                        {
                          "Worker Number": 0,
                          "Actual Startup Time": 14.23,
                          "Actual Total Time": 14.231,
                          "Actual Rows": 0.0,
                          "Actual Loops": 1,
                          "Shared Hit Blocks": 0,
                          "Shared Read Blocks": 2502,
                          "Shared Dirtied Blocks": 0,
                          "Shared Written Blocks": 0,
                          "Local Hit Blocks": 0,
                          "Local Read Blocks": 0,
                          "Local Dirtied Blocks": 0,
                          "Local Written Blocks": 0,
                          "Temp Read Blocks": 0,
                          "Temp Written Blocks": 0
                        }
                      ],
                      "Plans": [
                        {
                          "Node Type": "Nested Loop",
                          "Parent Relationship": "Outer",
                          "Parallel Aware": false,
                          "Async Capable": false,
                          "Join Type": "Inner",
                          "Startup Cost": 2.01,
                          "Total Cost": 5472.79,
                          "Plan Rows": 1,
                          "Plan Width": 75,
                          "Actual Startup Time": 36.283,
                          "Actual Total Time": 43.501,
                          "Actual Rows": 1.5,
                          "Actual Loops": 2,
                          "Disabled": false,
                          "Output": [
                            "at.movie_id",
                            "mc.movie_id",
                            "mi.info",
                            "mi.movie_id",
                            "t.title",
                            "t.id"
                          ],
                          "Inner Unique": true,
                          "Shared Hit Blocks": 1001,
                          "Shared Read Blocks": 4402,
                          "Shared Dirtied Blocks": 0,
                          "Shared Written Blocks": 0,
                          "Local Hit Blocks": 0,
                          "Local Read Blocks": 0,
                          "Local Dirtied Blocks": 0,
                          "Local Written Blocks": 0,
                          "Temp Read Blocks": 0,
                          "Temp Written Blocks": 0,
                          "Workers": [
                            {
                              "Worker Number": 0,
                              "Actual Startup Time": 14.23,
                              "Actual Total Time": 14.231,
                              "Actual Rows": 0.0,
                              "Actual Loops": 1,
                              "Shared Hit Blocks": 0,
                              "Shared Read Blocks": 2502,
                              "Shared Dirtied Blocks": 0,
                              "Shared Written Blocks": 0,
                              "Local Hit Blocks": 0,
                              "Local Read Blocks": 0,
                              "Local Dirtied Blocks": 0,
                              "Local Written Blocks": 0,
                              "Temp Read Blocks": 0,
                              "Temp Written Blocks": 0
                            }
                          ],
                          "Plans": [
                            {
                              "Node Type": "Nested Loop",
                              "Parent Relationship": "Outer",
                              "Parallel Aware": false,
                              "Async Capable": false,
                              "Join Type": "Inner",
                              "Startup Cost": 1.87,
                              "Total Cost": 5472.5,
                              "Plan Rows": 1,
                              "Plan Width": 79,
                              "Actual Startup Time": 36.279,
                              "Actual Total Time": 43.495,
                              "Actual Rows": 1.5,
                              "Actual Loops": 2,
                              "Disabled": false,
                              "Output": [
                                "at.movie_id",
                                "mc.movie_id",
                                "mi.info",
                                "mi.movie_id",
                                "mi.info_type_id",
                                "t.title",
                                "t.id"
                              ],
                              "Inner Unique": false,
                              "Shared Hit Blocks": 995,
                              "Shared Read Blocks": 4402,
                              "Shared Dirtied Blocks": 0,
                              "Shared Written Blocks": 0,
                              "Local Hit Blocks": 0,
                              "Local Read Blocks": 0,
                              "Local Dirtied Blocks": 0,
                              "Local Written Blocks": 0,
                              "Temp Read Blocks": 0,
                              "Temp Written Blocks": 0,
                              "Workers": [
                                {
                                  "Worker Number": 0,
                                  "Actual Startup Time": 14.23,
                                  "Actual Total Time": 14.231,
                                  "Actual Rows": 0.0,
                                  "Actual Loops": 1,
                                  "Shared Hit Blocks": 0,
                                  "Shared Read Blocks": 2502,
                                  "Shared Dirtied Blocks": 0,
                                  "Shared Written Blocks": 0,
                                  "Local Hit Blocks": 0,
                                  "Local Read Blocks": 0,
                                  "Local Dirtied Blocks": 0,
                                  "Local Written Blocks": 0,
                                  "Temp Read Blocks": 0,
                                  "Temp Written Blocks": 0
                                }
                              ],
                              "Plans": [
                                {
                                  "Node Type": "Nested Loop",
                                  "Parent Relationship": "Outer",
                                  "Parallel Aware": false,
                                  "Async Capable": false,
                                  "Join Type": "Inner",
                                  "Startup Cost": 1.43,
                                  "Total Cost": 5470.12,
                                  "Plan Rows": 1,
                                  "Plan Width": 29,
                                  "Actual Startup Time": 13.167,
                                  "Actual Total Time": 34.519,
                                  "Actual Rows": 13.0,
                                  "Actual Loops": 2,
                                  "Disabled": false,
                                  "Output": [
                                    "at.movie_id",
                                    "mc.movie_id",
                                    "t.title",
                                    "t.id"
                                  ],
                                  "Inner Unique": true,
                                  "Shared Hit Blocks": 872,
                                  "Shared Read Blocks": 4186,
                                  "Shared Dirtied Blocks": 0,
                                  "Shared Written Blocks": 0,
                                  "Local Hit Blocks": 0,
                                  "Local Read Blocks": 0,
                                  "Local Dirtied Blocks": 0,
                                  "Local Written Blocks": 0,
                                  "Temp Read Blocks": 0,
                                  "Temp Written Blocks": 0,
                                  "Workers": [
                                    {
                                      "Worker Number": 0,
                                      "Actual Startup Time": 14.23,
                                      "Actual Total Time": 14.23,
                                      "Actual Rows": 0.0,
                                      "Actual Loops": 1,
                                      "Shared Hit Blocks": 0,
                                      "Shared Read Blocks": 2502,
                                      "Shared Dirtied Blocks": 0,
                                      "Shared Written Blocks": 0,
                                      "Local Hit Blocks": 0,
                                      "Local Read Blocks": 0,
                                      "Local Dirtied Blocks": 0,
                                      "Local Written Blocks": 0,
                                      "Temp Read Blocks": 0,
                                      "Temp Written Blocks": 0
                                    }
                                  ],
                                  "Plans": [
                                    {
                                      "Node Type": "Nested Loop",
                                      "Parent Relationship": "Outer",
                                      "Parallel Aware": false,
                                      "Async Capable": false,
                                      "Join Type": "Inner",
                                      "Startup Cost": 1.0,
                                      "Total Cost": 5469.17,
                                      "Plan Rows": 1,
                                      "Plan Width": 8,
                                      "Actual Startup Time": 13.156,
                                      "Actual Total Time": 34.176,
                                      "Actual Rows": 13.5,
                                      "Actual Loops": 2,
                                      "Disabled": false,
                                      "Output": [
                                        "at.movie_id",
                                        "mc.movie_id"
                                      ],
                                      "Inner Unique": true,
                                      "Shared Hit Blocks": 812,
                                      "Shared Read Blocks": 4138,
                                      "Shared Dirtied Blocks": 0,
                                      "Shared Written Blocks": 0,
                                      "Local Hit Blocks": 0,
                                      "Local Read Blocks": 0,
                                      "Local Dirtied Blocks": 0,
                                      "Local Written Blocks": 0,
                                      "Temp Read Blocks": 0,
                                      "Temp Written Blocks": 0,
                                      "Workers": [
                                        {
                                          "Worker Number": 0,
                                          "Actual Startup Time": 14.229,
                                          "Actual Total Time": 14.23,
                                          "Actual Rows": 0.0,
                                          "Actual Loops": 1,
                                          "Shared Hit Blocks": 0,
                                          "Shared Read Blocks": 2502,
                                          "Shared Dirtied Blocks": 0,
                                          "Shared Written Blocks": 0,
                                          "Local Hit Blocks": 0,
                                          "Local Read Blocks": 0,
                                          "Local Dirtied Blocks": 0,
                                          "Local Written Blocks": 0,
                                          "Temp Read Blocks": 0,
                                          "Temp Written Blocks": 0
                                        }
                                      ],
                                      "Plans": [
                                        {
                                          "Node Type": "Nested Loop",
                                          "Parent Relationship": "Outer",
                                          "Parallel Aware": false,
                                          "Async Capable": false,
                                          "Join Type": "Inner",
                                          "Startup Cost": 0.85,
                                          "Total Cost": 5469.0,
                                          "Plan Rows": 1,
                                          "Plan Width": 12,
                                          "Actual Startup Time": 13.147,
                                          "Actual Total Time": 34.151,
                                          "Actual Rows": 13.5,
                                          "Actual Loops": 2,
                                          "Disabled": false,
                                          "Output": [
                                            "at.movie_id",
                                            "mc.movie_id",
                                            "mc.company_type_id"
                                          ],
                                          "Inner Unique": false,
                                          "Shared Hit Blocks": 758,
                                          "Shared Read Blocks": 4138,
                                          "Shared Dirtied Blocks": 0,
                                          "Shared Written Blocks": 0,
                                          "Local Hit Blocks": 0,
                                          "Local Read Blocks": 0,
                                          "Local Dirtied Blocks": 0,
                                          "Local Written Blocks": 0,
                                          "Temp Read Blocks": 0,
                                          "Temp Written Blocks": 0,
                                          "Workers": [
                                            {
                                              "Worker Number": 0,
                                              "Actual Startup Time": 14.229,
                                              "Actual Total Time": 14.23,
                                              "Actual Rows": 0.0,
                                              "Actual Loops": 1,
                                              "Shared Hit Blocks": 0,
                                              "Shared Read Blocks": 2502,
                                              "Shared Dirtied Blocks": 0,
                                              "Shared Written Blocks": 0,
                                              "Local Hit Blocks": 0,
                                              "Local Read Blocks": 0,
                                              "Local Dirtied Blocks": 0,
                                              "Local Written Blocks": 0,
                                              "Temp Read Blocks": 0,
                                              "Temp Written Blocks": 0
                                            }
                                          ],
                                          "Plans": [
                                            {
                                              "Node Type": "Nested Loop",
                                              "Parent Relationship": "Outer",
                                              "Parallel Aware": false,
                                              "Async Capable": false,
                                              "Join Type": "Inner",
                                              "Startup Cost": 0.43,
                                              "Total Cost": 5468.29,
                                              "Plan Rows": 1,
                                              "Plan Width": 8,
                                              "Actual Startup Time": 9.206,
                                              "Actual Total Time": 31.14,
                                              "Actual Rows": 139.0,
                                              "Actual Loops": 2,
                                              "Disabled": false,
                                              "Output": [
                                                "mc.movie_id",
                                                "mc.company_type_id"
                                              ],
                                              "Inner Unique": false,
                                              "Shared Hit Blocks": 3,
                                              "Shared Read Blocks": 4058,
                                              "Shared Dirtied Blocks": 0,
                                              "Shared Written Blocks": 0,
                                              "Local Hit Blocks": 0,
                                              "Local Read Blocks": 0,
                                              "Local Dirtied Blocks": 0,
                                              "Local Written Blocks": 0,
                                              "Temp Read Blocks": 0,
                                              "Temp Written Blocks": 0,
                                              "Workers": [
                                                {
                                                  "Worker Number": 0,
                                                  "Actual Startup Time": 14.229,
                                                  "Actual Total Time": 14.229,
                                                  "Actual Rows": 0.0,
                                                  "Actual Loops": 1,
                                                  "Shared Hit Blocks": 0,
                                                  "Shared Read Blocks": 2502,
                                                  "Shared Dirtied Blocks": 0,
                                                  "Shared Written Blocks": 0,
                                                  "Local Hit Blocks": 0,
                                                  "Local Read Blocks": 0,
                                                  "Local Dirtied Blocks": 0,
                                                  "Local Written Blocks": 0,
                                                  "Temp Read Blocks": 0,
                                                  "Temp Written Blocks": 0
                                                }
                                              ],
                                              "Plans": [
                                                {
                                                  "Node Type": "Seq Scan",
                                                  "Parent Relationship": "Outer",
                                                  "Parallel Aware": true,
                                                  "Async Capable": false,
                                                  "Relation Name": "company_name",
                                                  "Schema": "public",
                                                  "Alias": "cn",
                                                  "Startup Cost": 0.0,
                                                  "Total Cost": 5113.5,
                                                  "Plan Rows": 1,
                                                  "Plan Width": 4,
                                                  "Actual Startup Time": 8.444,
                                                  "Actual Total Time": 8.647,
                                                  "Actual Rows": 0.5,
                                                  "Actual Loops": 2,
                                                  "Disabled": false,
                                                  "Output": [
                                                    "cn.id",
                                                    "cn.name",
                                                    "cn.country_code",
                                                    "cn.imdb_id",
                                                    "cn.name_pcode_nf",
                                                    "cn.name_pcode_sf",
                                                    "cn.md5sum"
                                                  ],
                                                  "Filter": "(((cn.country_code)::text = '[us]'::text) AND (cn.name = 'YouTube'::text))",
                                                  "Rows Removed by Filter": 117498,
                                                  "Shared Hit Blocks": 0,
                                                  "Shared Read Blocks": 3040,
                                                  "Shared Dirtied Blocks": 0,
                                                  "Shared Written Blocks": 0,
                                                  "Local Hit Blocks": 0,
                                                  "Local Read Blocks": 0,
                                                  "Local Dirtied Blocks": 0,
                                                  "Local Written Blocks": 0,
                                                  "Temp Read Blocks": 0,
                                                  "Temp Written Blocks": 0,
                                                  "Workers": [
                                                    {
                                                      "Worker Number": 0,
                                                      "Actual Startup Time": 14.229,
                                                      "Actual Total Time": 14.229,
                                                      "Actual Rows": 0.0,
                                                      "Actual Loops": 1,
                                                      "Shared Hit Blocks": 0,
                                                      "Shared Read Blocks": 2502,
                                                      "Shared Dirtied Blocks": 0,
                                                      "Shared Written Blocks": 0,
                                                      "Local Hit Blocks": 0,
                                                      "Local Read Blocks": 0,
                                                      "Local Dirtied Blocks": 0,
                                                      "Local Written Blocks": 0,
                                                      "Temp Read Blocks": 0,
                                                      "Temp Written Blocks": 0
                                                    }
                                                  ]
                                                },
                                                {
                                                  "Node Type": "Index Scan",
                                                  "Parent Relationship": "Inner",
                                                  "Parallel Aware": false,
                                                  "Async Capable": false,
                                                  "Scan Direction": "Forward",
                                                  "Index Name": "company_id_movie_companies",
                                                  "Relation Name": "movie_companies",
                                                  "Schema": "public",
                                                  "Alias": "mc",
                                                  "Startup Cost": 0.43,
                                                  "Total Cost": 354.77,
                                                  "Plan Rows": 1,
                                                  "Plan Width": 12,
                                                  "Actual Startup Time": 1.523,
                                                  "Actual Total Time": 44.962,
                                                  "Actual Rows": 278.0,
                                                  "Actual Loops": 1,
                                                  "Disabled": false,
                                                  "Output": [
                                                    "mc.id",
                                                    "mc.movie_id",
                                                    "mc.company_id",
                                                    "mc.company_type_id",
                                                    "mc.note"
                                                  ],
                                                  "Index Cond": "(mc.company_id = cn.id)",
                                                  "Rows Removed by Index Recheck": 0,
                                                  "Filter": "((mc.note ~~ '%(200%)%'::text) AND (mc.note ~~ '%(worldwide)%'::text))",
                                                  "Rows Removed by Filter": 1180,
                                                  "Index Searches": 1,
                                                  "Shared Hit Blocks": 3,
                                                  "Shared Read Blocks": 1018,
                                                  "Shared Dirtied Blocks": 0,
                                                  "Shared Written Blocks": 0,
                                                  "Local Hit Blocks": 0,
                                                  "Local Read Blocks": 0,
                                                  "Local Dirtied Blocks": 0,
                                                  "Local Written Blocks": 0,
                                                  "Temp Read Blocks": 0,
                                                  "Temp Written Blocks": 0,
                                                  "Workers": []
                                                }
                                              ]
                                            },
                                            {
                                              "Node Type": "Index Only Scan",
                                              "Parent Relationship": "Inner",
                                              "Parallel Aware": false,
                                              "Async Capable": false,
                                              "Scan Direction": "Forward",
                                              "Index Name": "movie_id_aka_title",
                                              "Relation Name": "aka_title",
                                              "Schema": "public",
                                              "Alias": "at",
                                              "Startup Cost": 0.42,
                                              "Total Cost": 0.68,
                                              "Plan Rows": 3,
                                              "Plan Width": 4,
                                              "Actual Startup Time": 0.021,
                                              "Actual Total Time": 0.021,
                                              "Actual Rows": 0.1,
                                              "Actual Loops": 278,
                                              "Disabled": false,
                                              "Output": [
                                                "at.movie_id"
                                              ],
                                              "Index Cond": "(at.movie_id = mc.movie_id)",
                                              "Rows Removed by Index Recheck": 0,
                                              "Heap Fetches": 0,
                                              "Index Searches": 278,
                                              "Shared Hit Blocks": 755,
                                              "Shared Read Blocks": 80,
                                              "Shared Dirtied Blocks": 0,
                                              "Shared Written Blocks": 0,
                                              "Local Hit Blocks": 0,
                                              "Local Read Blocks": 0,
                                              "Local Dirtied Blocks": 0,
                                              "Local Written Blocks": 0,
                                              "Temp Read Blocks": 0,
                                              "Temp Written Blocks": 0,
                                              "Workers": []
                                            }
                                          ]
                                        },
                                        {
                                          "Node Type": "Index Only Scan",
                                          "Parent Relationship": "Inner",
                                          "Parallel Aware": false,
                                          "Async Capable": false,
                                          "Scan Direction": "Forward",
                                          "Index Name": "company_type_pkey",
                                          "Relation Name": "company_type",
                                          "Schema": "public",
                                          "Alias": "ct",
                                          "Startup Cost": 0.15,
                                          "Total Cost": 0.17,
                                          "Plan Rows": 1,
                                          "Plan Width": 4,
                                          "Actual Startup Time": 0.001,
                                          "Actual Total Time": 0.001,
                                          "Actual Rows": 1.0,
                                          "Actual Loops": 27,
                                          "Disabled": false,
                                          "Output": [
                                            "ct.id"
                                          ],
                                          "Index Cond": "(ct.id = mc.company_type_id)",
                                          "Rows Removed by Index Recheck": 0,
                                          "Heap Fetches": 27,
                                          "Index Searches": 27,
                                          "Shared Hit Blocks": 54,
                                          "Shared Read Blocks": 0,
                                          "Shared Dirtied Blocks": 0,
                                          "Shared Written Blocks": 0,
                                          "Local Hit Blocks": 0,
                                          "Local Read Blocks": 0,
                                          "Local Dirtied Blocks": 0,
                                          "Local Written Blocks": 0,
                                          "Temp Read Blocks": 0,
                                          "Temp Written Blocks": 0,
                                          "Workers": []
                                        }
                                      ]
                                    },
                                    {
                                      "Node Type": "Index Scan",
                                      "Parent Relationship": "Inner",
                                      "Parallel Aware": false,
                                      "Async Capable": false,
                                      "Scan Direction": "Forward",
                                      "Index Name": "title_pkey",
                                      "Relation Name": "title",
                                      "Schema": "public",
                                      "Alias": "t",
                                      "Startup Cost": 0.43,
                                      "Total Cost": 0.95,
                                      "Plan Rows": 1,
                                      "Plan Width": 21,
                                      "Actual Startup Time": 0.025,
                                      "Actual Total Time": 0.025,
                                      "Actual Rows": 0.96,
                                      "Actual Loops": 27,
                                      "Disabled": false,
                                      "Output": [
                                        "t.id",
                                        "t.title",
                                        "t.imdb_index",
                                        "t.kind_id",
                                        "t.production_year",
                                        "t.imdb_id",
                                        "t.phonetic_code",
                                        "t.episode_of_id",
                                        "t.season_nr",
                                        "t.episode_nr",
                                        "t.series_years",
                                        "t.md5sum"
                                      ],
                                      "Index Cond": "(t.id = at.movie_id)",
                                      "Rows Removed by Index Recheck": 0,
                                      "Filter": "((t.production_year >= 2005) AND (t.production_year <= 2010))",
                                      "Rows Removed by Filter": 0,
                                      "Index Searches": 27,
                                      "Shared Hit Blocks": 60,
                                      "Shared Read Blocks": 48,
                                      "Shared Dirtied Blocks": 0,
                                      "Shared Written Blocks": 0,
                                      "Local Hit Blocks": 0,
                                      "Local Read Blocks": 0,
                                      "Local Dirtied Blocks": 0,
                                      "Local Written Blocks": 0,
                                      "Temp Read Blocks": 0,
                                      "Temp Written Blocks": 0,
                                      "Workers": []
                                    }
                                  ]
                                },
                                {
                                  "Node Type": "Index Scan",
                                  "Parent Relationship": "Inner",
                                  "Parallel Aware": false,
                                  "Async Capable": false,
                                  "Scan Direction": "Forward",
                                  "Index Name": "movie_id_movie_info",
                                  "Relation Name": "movie_info",
                                  "Schema": "public",
                                  "Alias": "mi",
                                  "Startup Cost": 0.43,
                                  "Total Cost": 2.37,
                                  "Plan Rows": 1,
                                  "Plan Width": 50,
                                  "Actual Startup Time": 0.647,
                                  "Actual Total Time": 0.69,
                                  "Actual Rows": 0.12,
                                  "Actual Loops": 26,
                                  "Disabled": false,
                                  "Output": [
                                    "mi.id",
                                    "mi.movie_id",
                                    "mi.info_type_id",
                                    "mi.info",
                                    "mi.note"
                                  ],
                                  "Index Cond": "(mi.movie_id = t.id)",
                                  "Rows Removed by Index Recheck": 0,
                                  "Filter": "((mi.note ~~ '%internet%'::text) AND (mi.info ~~ 'USA:% 200%'::text))",
                                  "Rows Removed by Filter": 19,
                                  "Index Searches": 26,
                                  "Shared Hit Blocks": 123,
                                  "Shared Read Blocks": 216,
                                  "Shared Dirtied Blocks": 0,
                                  "Shared Written Blocks": 0,
                                  "Local Hit Blocks": 0,
                                  "Local Read Blocks": 0,
                                  "Local Dirtied Blocks": 0,
                                  "Local Written Blocks": 0,
                                  "Temp Read Blocks": 0,
                                  "Temp Written Blocks": 0,
                                  "Workers": []
                                }
                              ]
                            },
                            {
                              "Node Type": "Index Scan",
                              "Parent Relationship": "Inner",
                              "Parallel Aware": false,
                              "Async Capable": false,
                              "Scan Direction": "Forward",
                              "Index Name": "info_type_pkey",
                              "Relation Name": "info_type",
                              "Schema": "public",
                              "Alias": "it1",
                              "Startup Cost": 0.14,
                              "Total Cost": 0.22,
                              "Plan Rows": 1,
                              "Plan Width": 4,
                              "Actual Startup Time": 0.003,
                              "Actual Total Time": 0.003,
                              "Actual Rows": 1.0,
                              "Actual Loops": 3,
                              "Disabled": false,
                              "Output": [
                                "it1.id",
                                "it1.info"
                              ],
                              "Index Cond": "(it1.id = mi.info_type_id)",
                              "Rows Removed by Index Recheck": 0,
                              "Filter": "((it1.info)::text = 'release dates'::text)",
                              "Rows Removed by Filter": 0,
                              "Index Searches": 3,
                              "Shared Hit Blocks": 6,
                              "Shared Read Blocks": 0,
                              "Shared Dirtied Blocks": 0,
                              "Shared Written Blocks": 0,
                              "Local Hit Blocks": 0,
                              "Local Read Blocks": 0,
                              "Local Dirtied Blocks": 0,
                              "Local Written Blocks": 0,
                              "Temp Read Blocks": 0,
                              "Temp Written Blocks": 0,
                              "Workers": []
                            }
                          ]
                        },
                        {
                          "Node Type": "Index Scan",
                          "Parent Relationship": "Inner",
                          "Parallel Aware": false,
                          "Async Capable": false,
                          "Scan Direction": "Forward",
                          "Index Name": "movie_id_movie_keyword",
                          "Relation Name": "movie_keyword",
                          "Schema": "public",
                          "Alias": "mk",
                          "Startup Cost": 0.43,
                          "Total Cost": 1.42,
                          "Plan Rows": 46,
                          "Plan Width": 8,
                          "Actual Startup Time": 0.244,
                          "Actual Total Time": 0.245,
                          "Actual Rows": 12.33,
                          "Actual Loops": 3,
                          "Disabled": false,
                          "Output": [
                            "mk.id",
                            "mk.movie_id",
                            "mk.keyword_id"
                          ],
                          "Index Cond": "(mk.movie_id = t.id)",
                          "Rows Removed by Index Recheck": 0,
                          "Index Searches": 3,
                          "Shared Hit Blocks": 7,
                          "Shared Read Blocks": 4,
                          "Shared Dirtied Blocks": 0,
                          "Shared Written Blocks": 0,
                          "Local Hit Blocks": 0,
                          "Local Read Blocks": 0,
                          "Local Dirtied Blocks": 0,
                          "Local Written Blocks": 0,
                          "Temp Read Blocks": 0,
                          "Temp Written Blocks": 0,
                          "Workers": []
                        }
                      ]
                    },
                    {
                      "Node Type": "Index Only Scan",
                      "Parent Relationship": "Inner",
                      "Parallel Aware": false,
                      "Async Capable": false,
                      "Scan Direction": "Forward",
                      "Index Name": "keyword_pkey",
                      "Relation Name": "keyword",
                      "Schema": "public",
                      "Alias": "k",
                      "Startup Cost": 0.42,
                      "Total Cost": 0.44,
                      "Plan Rows": 1,
                      "Plan Width": 4,
                      "Actual Startup Time": 0.002,
                      "Actual Total Time": 0.002,
                      "Actual Rows": 1.0,
                      "Actual Loops": 37,
                      "Disabled": false,
                      "Output": [
                        "k.id"
                      ],
                      "Index Cond": "(k.id = mk.keyword_id)",
                      "Rows Removed by Index Recheck": 0,
                      "Heap Fetches": 0,
                      "Index Searches": 37,
                      "Shared Hit Blocks": 100,
                      "Shared Read Blocks": 12,
                      "Shared Dirtied Blocks": 0,
                      "Shared Written Blocks": 0,
                      "Local Hit Blocks": 0,
                      "Local Read Blocks": 0,
                      "Local Dirtied Blocks": 0,
                      "Local Written Blocks": 0,
                      "Temp Read Blocks": 0,
                      "Temp Written Blocks": 0,
                      "Workers": []
                    }
                  ]
                }
              ]
            }
          ]
        }
      ]
    },
    "Planning": {
      "Shared Hit Blocks": 157,
      "Shared Read Blocks": 39,
      "Shared Dirtied Blocks": 0,
      "Shared Written Blocks": 0,
      "Local Hit Blocks": 0,
      "Local Read Blocks": 0,
      "Local Dirtied Blocks": 0,
      "Local Written Blocks": 0,
      "Temp Read Blocks": 0,
      "Temp Written Blocks": 0
    },
    "Planning Time": 13.833,
    "Triggers": [],
    "Execution Time": 73.93
  }
]