[
  {
    "Plan": {
      "Node Type": "Aggregate",
      "Strategy": "Plain",
      "Partial Mode": "Simple",
      "Parallel Aware": false,
      "Async Capable": false,
      "Startup Cost": 4449.92,
      "Total Cost": 4449.93,
      "Plan Rows": 1,
      "Plan Width": 32,
      "Actual Startup Time": 93782.08,
      "Actual Total Time": 93782.091,
      "Actual Rows": 1.0,
      "Actual Loops": 1,
      "Disabled": false,
      "Output": [
        "min(n.name)"
      ],
      "Shared Hit Blocks": 3283609,
      "Shared Read Blocks": 2092780,
      "Shared Dirtied Blocks": 0,
      "Shared Written Blocks": 0,
      "Local Hit Blocks": 0,
      "Local Read Blocks": 0,
      "Local Dirtied Blocks": 0,
      "Local Written Blocks": 0,
      "Temp Read Blocks": 0,
      "Temp Written Blocks": 0,
      "Plans": [
        {
          "Node Type": "Nested Loop",
          "Parent Relationship": "Outer",
          "Parallel Aware": false,
          "Async Capable": false,
          "Join Type": "Inner",
          "Startup Cost": 8.95,
          "Total Cost": 4449.92,
          "Plan Rows": 1,
          "Plan Width": 15,
          "Actual Startup Time": 390.286,
          "Actual Total Time": 93778.239,
          "Actual Rows": 11538.0,
          "Actual Loops": 1,
          "Disabled": false,
          "Output": [
            "n.name"
          ],
          "Inner Unique": true,
          "Shared Hit Blocks": 3283609,
          "Shared Read Blocks": 2092780,
          "Shared Dirtied Blocks": 0,
          "Shared Written Blocks": 0,
          "Local Hit Blocks": 0,
          "Local Read Blocks": 0,
          "Local Dirtied Blocks": 0,
          "Local Written Blocks": 0,
          "Temp Read Blocks": 0,
          "Temp Written Blocks": 0,
          "Plans": [
            {
              "Node Type": "Nested Loop",
              "Parent Relationship": "Outer",
              "Parallel Aware": false,
              "Async Capable": false,
              "Join Type": "Inner",
              "Startup Cost": 8.52,
              "Total Cost": 4449.47,
              "Plan Rows": 1,
              "Plan Width": 27,
              "Actual Startup Time": 390.044,
              "Actual Total Time": 93543.293,
              "Actual Rows": 11538.0,
              "Actual Loops": 1,
              "Disabled": false,
              "Output": [
                "ci.movie_id",
                "mc.movie_id",
                "mk.movie_id",
                "n.name"
              ],
              "Inner Unique": true,
              "Shared Hit Blocks": 3250025,
              "Shared Read Blocks": 2091728,
              "Shared Dirtied Blocks": 0,
              "Shared Written Blocks": 0,
              "Local Hit Blocks": 0,
              "Local Read Blocks": 0,
              "Local Dirtied Blocks": 0,
              "Local Written Blocks": 0,
              "Temp Read Blocks": 0,
              "Temp Written Blocks": 0,
              "Plans": [
                {
                  "Node Type": "Nested Loop",
                  "Parent Relationship": "Outer",
                  "Parallel Aware": false,
                  "Async Capable": false,
                  "Join Type": "Inner",
                  "Startup Cost": 8.1,
                  "Total Cost": 4449.03,
                  "Plan Rows": 1,
                  "Plan Width": 31,
                  "Actual Startup Time": 390.029,
                  "Actual Total Time": 93265.037,
                  "Actual Rows": 11538.0,
                  "Actual Loops": 1,
                  "Disabled": false,
                  "Output": [
                    "ci.movie_id",
                    "mc.movie_id",
                    "mc.company_id",
                    "mk.movie_id",
                    "n.name"
                  ],
                  "Inner Unique": false,
                  "Shared Hit Blocks": 3218947,
                  "Shared Read Blocks": 2088191,
                  "Shared Dirtied Blocks": 0,
                  "Shared Written Blocks": 0,
                  "Local Hit Blocks": 0,
                  "Local Read Blocks": 0,
                  "Local Dirtied Blocks": 0,
                  "Local Written Blocks": 0,
                  "Temp Read Blocks": 0,
                  "Temp Written Blocks": 0,
                  "Plans": [
                    {
                      "Node Type": "Nested Loop",
                      "Parent Relationship": "Outer",
                      "Parallel Aware": false,
                      "Async Capable": false,
                      "Join Type": "Inner",
                      "Startup Cost": 7.67,
                      "Total Cost": 4448.46,
                      "Plan Rows": 1,
                      "Plan Width": 23,
                      "Actual Startup Time": 389.592,
                      "Actual Total Time": 92555.772,
                      "Actual Rows": 1972.0,
                      "Actual Loops": 1,
                      "Disabled": false,
                      "Output": [
                        "ci.movie_id",
                        "mk.movie_id",
                        "n.name"
                      ],
                      "Inner Unique": true,
                      "Shared Hit Blocks": 3212838,
                      "Shared Read Blocks": 2084973,
                      "Shared Dirtied Blocks": 0,
                      "Shared Written Blocks": 0,
                      "Local Hit Blocks": 0,
                      "Local Read Blocks": 0,
                      "Local Dirtied Blocks": 0,
                      "Local Written Blocks": 0,
                      "Temp Read Blocks": 0,
                      "Temp Written Blocks": 0,
                      "Plans": [
                        {
                          "Node Type": "Nested Loop",
                          "Parent Relationship": "Outer",
                          "Parallel Aware": false,
                          "Async Capable": false,
                          "Join Type": "Inner",
                          "Startup Cost": 7.24,
                          "Total Cost": 3875.29,
                          "Plan Rows": 1252,
                          "Plan Width": 12,
                          "Actual Startup Time": 124.578,
                          "Actual Total Time": 77028.683,
                          "Actual Rows": 1038393.0,
                          "Actual Loops": 1,
                          "Disabled": false,
                          "Output": [
                            "ci.person_id",
                            "ci.movie_id",
                            "mk.movie_id"
                          ],
                          "Inner Unique": false,
                          "Shared Hit Blocks": 281626,
                          "Shared Read Blocks": 862613,
                          "Shared Dirtied Blocks": 0,
                          "Shared Written Blocks": 0,
                          "Local Hit Blocks": 0,
                          "Local Read Blocks": 0,
                          "Local Dirtied Blocks": 0,
                          "Local Written Blocks": 0,
                          "Temp Read Blocks": 0,
                          "Temp Written Blocks": 0,
                          "Plans": [
                            {
                              "Node Type": "Nested Loop",
                              "Parent Relationship": "Outer",
                              "Parallel Aware": false,
                              "Async Capable": false,
                              "Join Type": "Inner",
                              "Startup Cost": 6.8,
                              "Total Cost": 3816.68,
                              "Plan Rows": 34,
                              "Plan Width": 4,
                              "Actual Startup Time": 123.969,
                              "Actual Total Time": 234.752,
                              "Actual Rows": 41840.0,
                              "Actual Loops": 1,
                              "Disabled": false,
                              "Output": [
                                "mk.movie_id"
                              ],
                              "Inner Unique": false,
                              "Shared Hit Blocks": 24,
                              "Shared Read Blocks": 12560,
                              "Shared Dirtied Blocks": 0,
                              "Shared Written Blocks": 0,
                              "Local Hit Blocks": 0,
                              "Local Read Blocks": 0,
                              "Local Dirtied Blocks": 0,
                              "Local Written Blocks": 0,
                              "Temp Read Blocks": 0,
                              "Temp Written Blocks": 0,
                              "Plans": [
                                {
                                  "Node Type": "Seq Scan",
                                  "Parent Relationship": "Outer",
                                  "Parallel Aware": false,
                                  "Async Capable": false,
                                  "Relation Name": "keyword",
                                  "Schema": "public",
                                  "Alias": "k",
                                  "Startup Cost": 0.0,
                                  "Total Cost": 2685.12,
                                  "Plan Rows": 1,
                                  "Plan Width": 4,
                                  "Actual Startup Time": 73.205,
                                  "Actual Total Time": 85.269,
                                  "Actual Rows": 1.0,
                                  "Actual Loops": 1,
                                  "Disabled": false,
                                  "Output": [
                                    "k.id",
                                    "k.keyword",
                                    "k.phonetic_code"
                                  ],
                                  "Filter": "(k.keyword = 'character-name-in-title'::text)",
                                  "Rows Removed by Filter": 134169,
                                  "Shared Hit Blocks": 22,
                                  "Shared Read Blocks": 986,
                                  "Shared Dirtied Blocks": 0,
                                  "Shared Written Blocks": 0,
                                  "Local Hit Blocks": 0,
                                  "Local Read Blocks": 0,
                                  "Local Dirtied Blocks": 0,
                                  "Local Written Blocks": 0,
                                  "Temp Read Blocks": 0,
                                  "Temp Written Blocks": 0
                                },
                                {
                                  "Node Type": "Bitmap Heap Scan",
                                  "Parent Relationship": "Inner",
                                  "Parallel Aware": false,
                                  "Async Capable": false,
                                  "Relation Name": "movie_keyword",
                                  "Schema": "public",
                                  "Alias": "mk",
                                  "Startup Cost": 6.8,
                                  "Total Cost": 1128.5,
                                  "Plan Rows": 306,
                                  "Plan Width": 8,
                                  "Actual Startup Time": 50.76,
                                  "Actual Total Time": 144.843,
                                  "Actual Rows": 41840.0,
                                  "Actual Loops": 1,
                                  "Disabled": false,
                                  "Output": [
                                    "mk.id",
                                    "mk.movie_id",
                                    "mk.keyword_id"
                                  ],
                                  "Recheck Cond": "(k.id = mk.keyword_id)",
                                  "Rows Removed by Index Recheck": 0,
                                  "Exact Heap Blocks": 11541,
                                  "Lossy Heap Blocks": 0,
                                  "Shared Hit Blocks": 2,
                                  "Shared Read Blocks": 11574,
                                  "Shared Dirtied Blocks": 0,
                                  "Shared Written Blocks": 0,
                                  "Local Hit Blocks": 0,
                                  "Local Read Blocks": 0,
                                  "Local Dirtied Blocks": 0,
                                  "Local Written Blocks": 0,
                                  "Temp Read Blocks": 0,
                                  "Temp Written Blocks": 0,
                                  "Plans": [
                                    {
                                      "Node Type": "Bitmap Index Scan",
                                      "Parent Relationship": "Outer",
                                      "Parallel Aware": false,
                                      "Async Capable": false,
                                      "Index Name": "keyword_id_movie_keyword",
                                      "Startup Cost": 0.0,
                                      "Total Cost": 6.73,
                                      "Plan Rows": 306,
                                      "Plan Width": 0,
                                      "Actual Startup Time": 48.915,
                                      "Actual Total Time": 48.923,
                                      "Actual Rows": 41840.0,
                                      "Actual Loops": 1,
                                      "Disabled": false,
                                      "Index Cond": "(mk.keyword_id = k.id)",
                                      "Index Searches": 1,
                                      "Shared Hit Blocks": 2,
                                      "Shared Read Blocks": 33,
                                      "Shared Dirtied Blocks": 0,
                                      "Shared Written Blocks": 0,
                                      "Local Hit Blocks": 0,
                                      "Local Read Blocks": 0,
                                      "Local Dirtied Blocks": 0,
                                      "Local Written Blocks": 0,
                                      "Temp Read Blocks": 0,
                                      "Temp Written Blocks": 0
                                    }
                                  ]
                                }
                              ]
                            },
                            {
                              "Node Type": "Index Scan",
                              "Parent Relationship": "Inner",
                              "Parallel Aware": false,
                              "Async Capable": false,
                              "Scan Direction": "Forward",
                              "Index Name": "movie_id_cast_info",
                              "Relation Name": "cast_info",
                              "Schema": "public",
                              "Alias": "ci",
                              "Startup Cost": 0.44,
                              "Total Cost": 1.35,
                              "Plan Rows": 37,
                              "Plan Width": 8,
                              "Actual Startup Time": 0.159,
                              "Actual Total Time": 1.833,
                              "Actual Rows": 24.82,
                              "Actual Loops": 41840,
                              "Disabled": false,
                              "Output": [
                                "ci.id",
                                "ci.person_id",
                                "ci.movie_id",
                                "ci.person_role_id",
                                "ci.note",
                                "ci.nr_order",
                                "ci.role_id"
                              ],
                              "Index Cond": "(ci.movie_id = mk.movie_id)",
                              "Rows Removed by Index Recheck": 0,
                              "Index Searches": 41840,
                              "Shared Hit Blocks": 281602,
                              "Shared Read Blocks": 850053,
                              "Shared Dirtied Blocks": 0,
                              "Shared Written Blocks": 0,
                              "Local Hit Blocks": 0,
                              "Local Read Blocks": 0,
                              "Local Dirtied Blocks": 0,
                              "Local Written Blocks": 0,
                              "Temp Read Blocks": 0,
                              "Temp Written Blocks": 0
                            }
                          ]
                        },
                        {
                          "Node Type": "Index Scan",
                          "Parent Relationship": "Inner",
                          "Parallel Aware": false,
                          "Async Capable": false,
                          "Scan Direction": "Forward",
                          "Index Name": "name_pkey",
                          "Relation Name": "name",
                          "Schema": "public",
                          "Alias": "n",
                          "Startup Cost": 0.43,
                          "Total Cost": 0.46,
                          "Plan Rows": 1,
                          "Plan Width": 19,
                          "Actual Startup Time": 0.015,
                          "Actual Total Time": 0.015,
                          "Actual Rows": 0.0,
                          "Actual Loops": 1038393,
                          "Disabled": false,
                          "Output": [
                            "n.id",
                            "n.name",
                            "n.imdb_index",
                            "n.imdb_id",
                            "n.gender",
                            "n.name_pcode_cf",
                            "n.name_pcode_nf",
                            "n.surname_pcode",
                            "n.md5sum"
                          ],
                          "Index Cond": "(n.id = ci.person_id)",
                          "Rows Removed by Index Recheck": 0,
                          "Filter": "(n.name ~~ '%Bert%'::text)",
                          "Rows Removed by Filter": 1,
                          "Index Searches": 1038393,
                          "Shared Hit Blocks": 2931212,
                          "Shared Read Blocks": 1222360,
                          "Shared Dirtied Blocks": 0,
                          "Shared Written Blocks": 0,
                          "Local Hit Blocks": 0,
                          "Local Read Blocks": 0,
                          "Local Dirtied Blocks": 0,
                          "Local Written Blocks": 0,
                          "Temp Read Blocks": 0,
                          "Temp Written Blocks": 0
                        }
                      ]
                    },
                    {
                      "Node Type": "Index Scan",
                      "Parent Relationship": "Inner",
                      "Parallel Aware": false,
                      "Async Capable": false,
                      "Scan Direction": "Forward",
                      "Index Name": "movie_id_movie_companies",
                      "Relation Name": "movie_companies",
                      "Schema": "public",
                      "Alias": "mc",
                      "Startup Cost": 0.43,
                      "Total Cost": 0.52,
                      "Plan Rows": 5,
                      "Plan Width": 8,
                      "Actual Startup Time": 0.275,
                      "Actual Total Time": 0.358,
                      "Actual Rows": 5.85,
                      "Actual Loops": 1972,
                      "Disabled": false,
                      "Output": [
                        "mc.id",
                        "mc.movie_id",
                        "mc.company_id",
                        "mc.company_type_id",
                        "mc.note"
                      ],
                      "Index Cond": "(mc.movie_id = ci.movie_id)",
                      "Rows Removed by Index Recheck": 0,
                      "Index Searches": 1972,
                      "Shared Hit Blocks": 6109,
                      "Shared Read Blocks": 3218,
                      "Shared Dirtied Blocks": 0,
                      "Shared Written Blocks": 0,
                      "Local Hit Blocks": 0,
                      "Local Read Blocks": 0,
                      "Local Dirtied Blocks": 0,
                      "Local Written Blocks": 0,
                      "Temp Read Blocks": 0,
                      "Temp Written Blocks": 0
                    }
                  ]
                },
                {
                  "Node Type": "Index Only Scan",
                  "Parent Relationship": "Inner",
                  "Parallel Aware": false,
                  "Async Capable": false,
                  "Scan Direction": "Forward",
                  "Index Name": "company_name_pkey",
                  "Relation Name": "company_name",
                  "Schema": "public",
                  "Alias": "cn",
                  "Startup Cost": 0.42,
                  "Total Cost": 0.44,
                  "Plan Rows": 1,
                  "Plan Width": 4,
                  "Actual Startup Time": 0.023,
                  "Actual Total Time": 0.023,
                  "Actual Rows": 1.0,
                  "Actual Loops": 11538,
                  "Disabled": false,
                  "Output": [
                    "cn.id"
                  ],
                  "Index Cond": "(cn.id = mc.company_id)",
                  "Rows Removed by Index Recheck": 0,
                  "Heap Fetches": 0,
                  "Index Searches": 11538,
                  "Shared Hit Blocks": 31078,
                  "Shared Read Blocks": 3537,
                  "Shared Dirtied Blocks": 0,
                  "Shared Written Blocks": 0,
                  "Local Hit Blocks": 0,
                  "Local Read Blocks": 0,
                  "Local Dirtied Blocks": 0,
                  "Local Written Blocks": 0,
                  "Temp Read Blocks": 0,
                  "Temp Written Blocks": 0
                }
              ]
            },
            {
              "Node Type": "Index Only Scan",
              "Parent Relationship": "Inner",
              "Parallel Aware": false,
              "Async Capable": false,
              "Scan Direction": "Forward",
              "Index Name": "title_pkey",
              "Relation Name": "title",
              "Schema": "public",
              "Alias": "t",
              "Startup Cost": 0.43,
              "Total Cost": 0.45,
              "Plan Rows": 1,
              "Plan Width": 4,
              "Actual Startup Time": 0.02,
              "Actual Total Time": 0.02,
              "Actual Rows": 1.0,
              "Actual Loops": 11538,
              "Disabled": false,
              "Output": [
                "t.id"
              ],
              "Index Cond": "(t.id = ci.movie_id)",
              "Rows Removed by Index Recheck": 0,
              "Heap Fetches": 0,
              "Index Searches": 11538,
              "Shared Hit Blocks": 33584,
              "Shared Read Blocks": 1052,
              "Shared Dirtied Blocks": 0,
              "Shared Written Blocks": 0,
              "Local Hit Blocks": 0,
              "Local Read Blocks": 0,
              "Local Dirtied Blocks": 0,
              "Local Written Blocks": 0,
              "Temp Read Blocks": 0,
              "Temp Written Blocks": 0
            }
          ]
        }
      ]
    },
    "Planning": {
      "Shared Hit Blocks": 96,
      "Shared Read Blocks": 44,
      "Shared Dirtied Blocks": 0,
      "Shared Written Blocks": 0,
      "Local Hit Blocks": 0,
      "Local Read Blocks": 0,
      "Local Dirtied Blocks": 0,
      "Local Written Blocks": 0,
      "Temp Read Blocks": 0,
      "Temp Written Blocks": 0
    },
    "Planning Time": 10.735,
    "Triggers": [],
    "Execution Time": 93782.414
  }
]