[
  {
    "Plan": {
      "Node Type": "Aggregate",
      "Strategy": "Plain",
      "Partial Mode": "Simple",
      "Parallel Aware": false,
      "Async Capable": false,
      "Startup Cost": 17295.67,
      "Total Cost": 17295.68,
      "Plan Rows": 1,
      "Plan Width": 96,
      "Actual Startup Time": 2753.701,
      "Actual Total Time": 2753.737,
      "Actual Rows": 1.0,
      "Actual Loops": 1,
      "Disabled": false,
      "Output": [
        "min(mi.info)",
        "min(mi_idx.info)",
        "min(t.title)"
      ],
      "Shared Hit Blocks": 99645,
      "Shared Read Blocks": 56748,
      "Shared Dirtied Blocks": 0,
      "Shared Written Blocks": 0,
      "Local Hit Blocks": 0,
      "Local Read Blocks": 0,
      "Local Dirtied Blocks": 0,
      "Local Written Blocks": 0,
      "Temp Read Blocks": 0,
      "Temp Written Blocks": 0,
      "Plans": [
        {
          "Node Type": "Nested Loop",
          "Parent Relationship": "Outer",
          "Parallel Aware": false,
          "Async Capable": false,
          "Join Type": "Inner",
          "Startup Cost": 1004.3,
          "Total Cost": 17295.66,
          "Plan Rows": 1,
          "Plan Width": 64,
          "Actual Startup Time": 1275.327,
          "Actual Total Time": 2753.71,
          "Actual Rows": 11.0,
          "Actual Loops": 1,
          "Disabled": false,
          "Output": [
            "mi.info",
            "mi_idx.info",
            "t.title"
          ],
          "Inner Unique": true,
          "Shared Hit Blocks": 99645,
          "Shared Read Blocks": 56748,
          "Shared Dirtied Blocks": 0,
          "Shared Written Blocks": 0,
          "Local Hit Blocks": 0,
          "Local Read Blocks": 0,
          "Local Dirtied Blocks": 0,
          "Local Written Blocks": 0,
          "Temp Read Blocks": 0,
          "Temp Written Blocks": 0,
          "Plans": [
            {
              "Node Type": "Nested Loop",
              "Parent Relationship": "Outer",
              "Parallel Aware": false,
              "Async Capable": false,
              "Join Type": "Inner",
              "Startup Cost": 1003.87,
              "Total Cost": 17294.92,
              "Plan Rows": 1,
              "Plan Width": 68,
              "Actual Startup Time": 319.995,
              "Actual Total Time": 2703.826,
              "Actual Rows": 268.0,
              "Actual Loops": 1,
              "Disabled": false,
              "Output": [
                "ci.person_id",
                "mi.info",
                "mi_idx.info",
                "t.title"
              ],
              "Inner Unique": false,
              "Shared Hit Blocks": 99014,
              "Shared Read Blocks": 56307,
              "Shared Dirtied Blocks": 0,
              "Shared Written Blocks": 0,
              "Local Hit Blocks": 0,
              "Local Read Blocks": 0,
              "Local Dirtied Blocks": 0,
              "Local Written Blocks": 0,
              "Temp Read Blocks": 0,
              "Temp Written Blocks": 0,
              "Plans": [
                {
                  "Node Type": "Gather",
                  "Parent Relationship": "Outer",
                  "Parallel Aware": false,
                  "Async Capable": false,
                  "Startup Cost": 1003.43,
                  "Total Cost": 17282.03,
                  "Plan Rows": 1,
                  "Plan Width": 76,
                  "Actual Startup Time": 108.752,
                  "Actual Total Time": 2135.361,
                  "Actual Rows": 358.0,
                  "Actual Loops": 1,
                  "Disabled": false,
                  "Output": [
                    "mi.info",
                    "mi.movie_id",
                    "mi_idx.info",
                    "mi_idx.movie_id",
                    "t.title",
                    "t.id"
                  ],
                  "Workers Planned": 2,
                  "Workers Launched": 2,
                  "Single Copy": false,
                  "Shared Hit Blocks": 96438,
                  "Shared Read Blocks": 46375,
                  "Shared Dirtied Blocks": 0,
                  "Shared Written Blocks": 0,
                  "Local Hit Blocks": 0,
                  "Local Read Blocks": 0,
                  "Local Dirtied Blocks": 0,
                  "Local Written Blocks": 0,
                  "Temp Read Blocks": 0,
                  "Temp Written Blocks": 0,
                  "Plans": [
                    {
                      "Node Type": "Nested Loop",
                      "Parent Relationship": "Outer",
                      "Parallel Aware": false,
                      "Async Capable": false,
                      "Join Type": "Inner",
                      "Startup Cost": 3.43,
                      "Total Cost": 16281.93,
                      "Plan Rows": 1,
                      "Plan Width": 76,
                      "Actual Startup Time": 193.194,
                      "Actual Total Time": 2281.503,
                      "Actual Rows": 119.33,
                      "Actual Loops": 3,
                      "Disabled": false,
                      "Output": [
                        "mi.info",
                        "mi.movie_id",
                        "mi_idx.info",
                        "mi_idx.movie_id",
                        "t.title",
                        "t.id"
                      ],
                      "Inner Unique": true,
                      "Shared Hit Blocks": 96438,
                      "Shared Read Blocks": 46375,
                      "Shared Dirtied Blocks": 0,
                      "Shared Written Blocks": 0,
                      "Local Hit Blocks": 0,
                      "Local Read Blocks": 0,
                      "Local Dirtied Blocks": 0,
                      "Local Written Blocks": 0,
                      "Temp Read Blocks": 0,
                      "Temp Written Blocks": 0,
                      "Workers": [
                        {
                          "Worker Number": 0,
                          "Actual Startup Time": 428.302,
                          "Actual Total Time": 2357.611,
                          "Actual Rows": 124.0,
                          "Actual Loops": 1,
                          "Shared Hit Blocks": 30053,
                          "Shared Read Blocks": 15709,
                          "Shared Dirtied Blocks": 0,
                          "Shared Written Blocks": 0,
                          "Local Hit Blocks": 0,
                          "Local Read Blocks": 0,
                          "Local Dirtied Blocks": 0,
                          "Local Written Blocks": 0,
                          "Temp Read Blocks": 0,
                          "Temp Written Blocks": 0
                        },
                        {
                          "Worker Number": 1,
                          "Actual Startup Time": 42.74,
                          "Actual Total Time": 2351.926,
                          "Actual Rows": 123.0,
                          "Actual Loops": 1,
                          "Shared Hit Blocks": 31635,
                          "Shared Read Blocks": 15948,
                          "Shared Dirtied Blocks": 0,
                          "Shared Written Blocks": 0,
                          "Local Hit Blocks": 0,
                          "Local Read Blocks": 0,
                          "Local Dirtied Blocks": 0,
                          "Local Written Blocks": 0,
                          "Temp Read Blocks": 0,
                          "Temp Written Blocks": 0
                        }
                      ],
                      "Plans": [
                        {
                          "Node Type": "Nested Loop",
                          "Parent Relationship": "Outer",
                          "Parallel Aware": false,
                          "Async Capable": false,
                          "Join Type": "Inner",
                          "Startup Cost": 3.29,
                          "Total Cost": 16280.28,
                          "Plan Rows": 10,
                          "Plan Width": 80,
                          "Actual Startup Time": 193.134,
                          "Actual Total Time": 2281.057,
                          "Actual Rows": 119.33,
                          "Actual Loops": 3,
                          "Disabled": false,
                          "Output": [
                            "mi_idx.info",
                            "mi_idx.movie_id",
                            "mi.info",
                            "mi.movie_id",
                            "mi.info_type_id",
                            "t.title",
                            "t.id"
                          ],
                          "Inner Unique": false,
                          "Shared Hit Blocks": 95721,
                          "Shared Read Blocks": 46374,
                          "Shared Dirtied Blocks": 0,
                          "Shared Written Blocks": 0,
                          "Local Hit Blocks": 0,
                          "Local Read Blocks": 0,
                          "Local Dirtied Blocks": 0,
                          "Local Written Blocks": 0,
                          "Temp Read Blocks": 0,
                          "Temp Written Blocks": 0,
                          "Workers": [
                            {
                              "Worker Number": 0,
                              "Actual Startup Time": 428.275,
                              "Actual Total Time": 2357.221,
                              "Actual Rows": 124.0,
                              "Actual Loops": 1,
                              "Shared Hit Blocks": 29804,
                              "Shared Read Blocks": 15709,
                              "Shared Dirtied Blocks": 0,
                              "Shared Written Blocks": 0,
                              "Local Hit Blocks": 0,
                              "Local Read Blocks": 0,
                              "Local Dirtied Blocks": 0,
                              "Local Written Blocks": 0,
                              "Temp Read Blocks": 0,
                              "Temp Written Blocks": 0
                            },
                            {
                              "Worker Number": 1,
                              "Actual Startup Time": 42.638,
                              "Actual Total Time": 2351.376,
                              "Actual Rows": 123.0,
                              "Actual Loops": 1,
                              "Shared Hit Blocks": 31389,
                              "Shared Read Blocks": 15947,
                              "Shared Dirtied Blocks": 0,
                              "Shared Written Blocks": 0,
                              "Local Hit Blocks": 0,
                              "Local Read Blocks": 0,
                              "Local Dirtied Blocks": 0,
                              "Local Written Blocks": 0,
                              "Temp Read Blocks": 0,
                              "Temp Written Blocks": 0
                            }
                          ],
                          "Plans": [
                            {
                              "Node Type": "Nested Loop",
                              "Parent Relationship": "Outer",
                              "Parallel Aware": false,
                              "Async Capable": false,
                              "Join Type": "Inner",
                              "Startup Cost": 2.86,
                              "Total Cost": 15878.91,
                              "Plan Rows": 59,
                              "Plan Width": 30,
                              "Actual Startup Time": 10.927,
                              "Actual Total Time": 952.997,
                              "Actual Rows": 2050.67,
                              "Actual Loops": 3,
                              "Disabled": false,
                              "Output": [
                                "mi_idx.info",
                                "mi_idx.movie_id",
                                "t.title",
                                "t.id"
                              ],
                              "Inner Unique": true,
                              "Shared Hit Blocks": 47658,
                              "Shared Read Blocks": 23711,
                              "Shared Dirtied Blocks": 0,
                              "Shared Written Blocks": 0,
                              "Local Hit Blocks": 0,
                              "Local Read Blocks": 0,
                              "Local Dirtied Blocks": 0,
                              "Local Written Blocks": 0,
                              "Temp Read Blocks": 0,
                              "Temp Written Blocks": 0,
                              "Workers": [
                                {
                                  "Worker Number": 0,
                                  "Actual Startup Time": 3.091,
                                  "Actual Total Time": 988.445,
                                  "Actual Rows": 1951.0,
                                  "Actual Loops": 1,
                                  "Shared Hit Blocks": 15325,
                                  "Shared Read Blocks": 8073,
                                  "Shared Dirtied Blocks": 0,
                                  "Shared Written Blocks": 0,
                                  "Local Hit Blocks": 0,
                                  "Local Read Blocks": 0,
                                  "Local Dirtied Blocks": 0,
                                  "Local Written Blocks": 0,
                                  "Temp Read Blocks": 0,
                                  "Temp Written Blocks": 0
                                },
                                {
                                  "Worker Number": 1,
                                  "Actual Startup Time": 7.063,
                                  "Actual Total Time": 942.602,
                                  "Actual Rows": 2035.0,
                                  "Actual Loops": 1,
                                  "Shared Hit Blocks": 15647,
                                  "Shared Read Blocks": 7914,
                                  "Shared Dirtied Blocks": 0,
                                  "Shared Written Blocks": 0,
                                  "Local Hit Blocks": 0,
                                  "Local Read Blocks": 0,
                                  "Local Dirtied Blocks": 0,
                                  "Local Written Blocks": 0,
                                  "Temp Read Blocks": 0,
                                  "Temp Written Blocks": 0
                                }
                              ],
                              "Plans": [
                                {
                                  "Node Type": "Hash Join",
                                  "Parent Relationship": "Outer",
                                  "Parallel Aware": false,
                                  "Async Capable": false,
                                  "Join Type": "Inner",
                                  "Startup Cost": 2.43,
                                  "Total Cost": 15216.46,
                                  "Plan Rows": 190,
                                  "Plan Width": 9,
                                  "Actual Startup Time": 0.308,
                                  "Actual Total Time": 39.341,
                                  "Actual Rows": 5283.0,
                                  "Actual Loops": 3,
                                  "Disabled": false,
                                  "Output": [
                                    "mi_idx.info",
                                    "mi_idx.movie_id"
                                  ],
                                  "Inner Unique": true,
                                  "Hash Cond": "(mi_idx.info_type_id = it2.id)",
                                  "Shared Hit Blocks": 3,
                                  "Shared Read Blocks": 7968,
                                  "Shared Dirtied Blocks": 0,
                                  "Shared Written Blocks": 0,
                                  "Local Hit Blocks": 0,
                                  "Local Read Blocks": 0,
                                  "Local Dirtied Blocks": 0,
                                  "Local Written Blocks": 0,
                                  "Temp Read Blocks": 0,
                                  "Temp Written Blocks": 0,
                                  "Workers": [
                                    {
                                      "Worker Number": 0,
                                      "Actual Startup Time": 0.34,
                                      "Actual Total Time": 36.123,
                                      "Actual Rows": 5161.0,
                                      "Actual Loops": 1,
                                      "Shared Hit Blocks": 1,
                                      "Shared Read Blocks": 2752,
                                      "Shared Dirtied Blocks": 0,
                                      "Shared Written Blocks": 0,
                                      "Local Hit Blocks": 0,
                                      "Local Read Blocks": 0,
                                      "Local Dirtied Blocks": 0,
                                      "Local Written Blocks": 0,
                                      "Temp Read Blocks": 0,
                                      "Temp Written Blocks": 0
                                    },
                                    {
                                      "Worker Number": 1,
                                      "Actual Startup Time": 0.293,
                                      "Actual Total Time": 47.213,
                                      "Actual Rows": 5205.0,
                                      "Actual Loops": 1,
                                      "Shared Hit Blocks": 1,
                                      "Shared Read Blocks": 2739,
                                      "Shared Dirtied Blocks": 0,
                                      "Shared Written Blocks": 0,
                                      "Local Hit Blocks": 0,
                                      "Local Read Blocks": 0,
                                      "Local Dirtied Blocks": 0,
                                      "Local Written Blocks": 0,
                                      "Temp Read Blocks": 0,
                                      "Temp Written Blocks": 0
                                    }
                                  ],
                                  "Plans": [
                                    {
                                      "Node Type": "Seq Scan",
                                      "Parent Relationship": "Outer",
                                      "Parallel Aware": true,
                                      "Async Capable": false,
                                      "Relation Name": "movie_info_idx",
                                      "Schema": "public",
                                      "Alias": "mi_idx",
                                      "Startup Cost": 0.0,
                                      "Total Cost": 15155.68,
                                      "Plan Rows": 21425,
                                      "Plan Width": 13,
                                      "Actual Startup Time": 0.261,
                                      "Actual Total Time": 37.114,
                                      "Actual Rows": 17543.0,
                                      "Actual Loops": 3,
                                      "Disabled": false,
                                      "Output": [
                                        "mi_idx.id",
                                        "mi_idx.movie_id",
                                        "mi_idx.info_type_id",
                                        "mi_idx.info",
                                        "mi_idx.note"
                                      ],
                                      "Filter": "(mi_idx.info > '8.0'::text)",
                                      "Rows Removed by Filter": 442469,
                                      "Shared Hit Blocks": 0,
                                      "Shared Read Blocks": 7968,
                                      "Shared Dirtied Blocks": 0,
                                      "Shared Written Blocks": 0,
                                      "Local Hit Blocks": 0,
                                      "Local Read Blocks": 0,
                                      "Local Dirtied Blocks": 0,
                                      "Local Written Blocks": 0,
                                      "Temp Read Blocks": 0,
                                      "Temp Written Blocks": 0,
                                      "Workers": [
                                        {
                                          "Worker Number": 0,
                                          "Actual Startup Time": 0.302,
                                          "Actual Total Time": 33.837,
                                          "Actual Rows": 17303.0,
                                          "Actual Loops": 1,
                                          "Shared Hit Blocks": 0,
                                          "Shared Read Blocks": 2752,
                                          "Shared Dirtied Blocks": 0,
                                          "Shared Written Blocks": 0,
                                          "Local Hit Blocks": 0,
                                          "Local Read Blocks": 0,
                                          "Local Dirtied Blocks": 0,
                                          "Local Written Blocks": 0,
                                          "Temp Read Blocks": 0,
                                          "Temp Written Blocks": 0
                                        },
                                        {
                                          "Worker Number": 1,
                                          "Actual Startup Time": 0.205,
                                          "Actual Total Time": 45.003,
                                          "Actual Rows": 18260.0,
                                          "Actual Loops": 1,
                                          "Shared Hit Blocks": 0,
                                          "Shared Read Blocks": 2739,
                                          "Shared Dirtied Blocks": 0,
                                          "Shared Written Blocks": 0,
                                          "Local Hit Blocks": 0,
                                          "Local Read Blocks": 0,
                                          "Local Dirtied Blocks": 0,
                                          "Local Written Blocks": 0,
                                          "Temp Read Blocks": 0,
                                          "Temp Written Blocks": 0
                                        }
                                      ]
                                    },
                                    {
                                      "Node Type": "Hash",
                                      "Parent Relationship": "Inner",
                                      "Parallel Aware": false,
                                      "Async Capable": false,
                                      "Startup Cost": 2.41,
                                      "Total Cost": 2.41,
                                      "Plan Rows": 1,
                                      "Plan Width": 4,
                                      "Actual Startup Time": 0.04,
                                      "Actual Total Time": 0.042,
                                      "Actual Rows": 1.0,
                                      "Actual Loops": 3,
                                      "Disabled": false,
                                      "Output": [
                                        "it2.id"
                                      ],
                                      "Hash Buckets": 1024,
                                      "Original Hash Buckets": 1024,
                                      "Hash Batches": 1,
                                      "Original Hash Batches": 1,
                                      "Peak Memory Usage": 9,
                                      "Shared Hit Blocks": 3,
                                      "Shared Read Blocks": 0,
                                      "Shared Dirtied Blocks": 0,
                                      "Shared Written Blocks": 0,
                                      "Local Hit Blocks": 0,
                                      "Local Read Blocks": 0,
                                      "Local Dirtied Blocks": 0,
                                      "Local Written Blocks": 0,
                                      "Temp Read Blocks": 0,
                                      "Temp Written Blocks": 0,
                                      "Workers": [
                                        {
                                          "Worker Number": 0,
                                          "Actual Startup Time": 0.032,
                                          "Actual Total Time": 0.033,
                                          "Actual Rows": 1.0,
                                          "Actual Loops": 1,
                                          "Shared Hit Blocks": 1,
                                          "Shared Read Blocks": 0,
                                          "Shared Dirtied Blocks": 0,
                                          "Shared Written Blocks": 0,
                                          "Local Hit Blocks": 0,
                                          "Local Read Blocks": 0,
                                          "Local Dirtied Blocks": 0,
                                          "Local Written Blocks": 0,
                                          "Temp Read Blocks": 0,
                                          "Temp Written Blocks": 0
                                        },
                                        {
                                          "Worker Number": 1,
                                          "Actual Startup Time": 0.078,
                                          "Actual Total Time": 0.082,
                                          "Actual Rows": 1.0,
                                          "Actual Loops": 1,
                                          "Shared Hit Blocks": 1,
                                          "Shared Read Blocks": 0,
                                          "Shared Dirtied Blocks": 0,
                                          "Shared Written Blocks": 0,
                                          "Local Hit Blocks": 0,
                                          "Local Read Blocks": 0,
                                          "Local Dirtied Blocks": 0,
                                          "Local Written Blocks": 0,
                                          "Temp Read Blocks": 0,
                                          "Temp Written Blocks": 0
                                        }
                                      ],
                                      "Plans": [
                                        {
                                          "Node Type": "Seq Scan",
                                          "Parent Relationship": "Outer",
                                          "Parallel Aware": false,
                                          "Async Capable": false,
                                          "Relation Name": "info_type",
                                          "Schema": "public",
                                          "Alias": "it2",
                                          "Startup Cost": 0.0,
                                          "Total Cost": 2.41,
                                          "Plan Rows": 1,
                                          "Plan Width": 4,
                                          "Actual Startup Time": 0.025,
                                          "Actual Total Time": 0.026,
                                          "Actual Rows": 1.0,
                                          "Actual Loops": 3,
                                          "Disabled": false,
                                          "Output": [
                                            "it2.id"
                                          ],
                                          "Filter": "((it2.info)::text = 'rating'::text)",
                                          "Rows Removed by Filter": 112,
                                          "Shared Hit Blocks": 3,
                                          "Shared Read Blocks": 0,
                                          "Shared Dirtied Blocks": 0,
                                          "Shared Written Blocks": 0,
                                          "Local Hit Blocks": 0,
                                          "Local Read Blocks": 0,
                                          "Local Dirtied Blocks": 0,
                                          "Local Written Blocks": 0,
                                          "Temp Read Blocks": 0,
                                          "Temp Written Blocks": 0,
                                          "Workers": [
                                            {
                                              "Worker Number": 0,
                                              "Actual Startup Time": 0.028,
                                              "Actual Total Time": 0.029,
                                              "Actual Rows": 1.0,
                                              "Actual Loops": 1,
                                              "Shared Hit Blocks": 1,
                                              "Shared Read Blocks": 0,
                                              "Shared Dirtied Blocks": 0,
                                              "Shared Written Blocks": 0,
                                              "Local Hit Blocks": 0,
                                              "Local Read Blocks": 0,
                                              "Local Dirtied Blocks": 0,
                                              "Local Written Blocks": 0,
                                              "Temp Read Blocks": 0,
                                              "Temp Written Blocks": 0
                                            },
                                            {
                                              "Worker Number": 1,
                                              "Actual Startup Time": 0.038,
                                              "Actual Total Time": 0.042,
                                              "Actual Rows": 1.0,
                                              "Actual Loops": 1,
                                              "Shared Hit Blocks": 1,
                                              "Shared Read Blocks": 0,
                                              "Shared Dirtied Blocks": 0,
                                              "Shared Written Blocks": 0,
                                              "Local Hit Blocks": 0,
                                              "Local Read Blocks": 0,
                                              "Local Dirtied Blocks": 0,
                                              "Local Written Blocks": 0,
                                              "Temp Read Blocks": 0,
                                              "Temp Written Blocks": 0
                                            }
                                          ]
                                        }
                                      ]
                                    }
                                  ]
                                },
                                {
                                  "Node Type": "Index Scan",
                                  "Parent Relationship": "Inner",
                                  "Parallel Aware": false,
                                  "Async Capable": false,
                                  "Scan Direction": "Forward",
                                  "Index Name": "title_pkey",
                                  "Relation Name": "title",
                                  "Schema": "public",
                                  "Alias": "t",
                                  "Startup Cost": 0.43,
                                  "Total Cost": 3.49,
                                  "Plan Rows": 1,
                                  "Plan Width": 21,
                                  "Actual Startup Time": 0.173,
                                  "Actual Total Time": 0.173,
                                  "Actual Rows": 0.39,
                                  "Actual Loops": 15849,
                                  "Disabled": false,
                                  "Output": [
                                    "t.id",
                                    "t.title",
                                    "t.imdb_index",
                                    "t.kind_id",
                                    "t.production_year",
                                    "t.imdb_id",
                                    "t.phonetic_code",
                                    "t.episode_of_id",
                                    "t.season_nr",
                                    "t.episode_nr",
                                    "t.series_years",
                                    "t.md5sum"
                                  ],
                                  "Index Cond": "(t.id = mi_idx.movie_id)",
                                  "Rows Removed by Index Recheck": 0,
                                  "Filter": "((t.production_year >= 2008) AND (t.production_year <= 2014))",
                                  "Rows Removed by Filter": 1,
                                  "Index Searches": 15849,
                                  "Shared Hit Blocks": 47655,
                                  "Shared Read Blocks": 15743,
                                  "Shared Dirtied Blocks": 0,
                                  "Shared Written Blocks": 0,
                                  "Local Hit Blocks": 0,
                                  "Local Read Blocks": 0,
                                  "Local Dirtied Blocks": 0,
                                  "Local Written Blocks": 0,
                                  "Temp Read Blocks": 0,
                                  "Temp Written Blocks": 0,
                                  "Workers": [
                                    {
                                      "Worker Number": 0,
                                      "Actual Startup Time": 0.184,
                                      "Actual Total Time": 0.184,
                                      "Actual Rows": 0.38,
                                      "Actual Loops": 5161,
                                      "Shared Hit Blocks": 15324,
                                      "Shared Read Blocks": 5321,
                                      "Shared Dirtied Blocks": 0,
                                      "Shared Written Blocks": 0,
                                      "Local Hit Blocks": 0,
                                      "Local Read Blocks": 0,
                                      "Local Dirtied Blocks": 0,
                                      "Local Written Blocks": 0,
                                      "Temp Read Blocks": 0,
                                      "Temp Written Blocks": 0
                                    },
                                    {
                                      "Worker Number": 1,
                                      "Actual Startup Time": 0.172,
                                      "Actual Total Time": 0.172,
                                      "Actual Rows": 0.39,
                                      "Actual Loops": 5205,
                                      "Shared Hit Blocks": 15646,
                                      "Shared Read Blocks": 5175,
                                      "Shared Dirtied Blocks": 0,
                                      "Shared Written Blocks": 0,
                                      "Local Hit Blocks": 0,
                                      "Local Read Blocks": 0,
                                      "Local Dirtied Blocks": 0,
                                      "Local Written Blocks": 0,
                                      "Temp Read Blocks": 0,
                                      "Temp Written Blocks": 0
                                    }
                                  ]
                                }
                              ]
                            },
                            {
                              "Node Type": "Index Scan",
                              "Parent Relationship": "Inner",
                              "Parallel Aware": false,
                              "Async Capable": false,
                              "Scan Direction": "Forward",
                              "Index Name": "movie_id_movie_info",
                              "Relation Name": "movie_info",
                              "Schema": "public",
                              "Alias": "mi",
                              "Startup Cost": 0.43,
                              "Total Cost": 6.79,
                              "Plan Rows": 1,
                              "Plan Width": 50,
                              "Actual Startup Time": 0.647,
                              "Actual Total Time": 0.647,
                              "Actual Rows": 0.06,
                              "Actual Loops": 6152,
                              "Disabled": false,
                              "Output": [
                                "mi.id",
                                "mi.movie_id",
                                "mi.info_type_id",
                                "mi.info",
                                "mi.note"
                              ],
                              "Index Cond": "(mi.movie_id = t.id)",
                              "Rows Removed by Index Recheck": 0,
                              "Filter": "((mi.note IS NULL) AND (mi.info = ANY ('{Horror,Thriller}'::text[])))",
                              "Rows Removed by Filter": 18,
                              "Index Searches": 6152,
                              "Shared Hit Blocks": 48063,
                              "Shared Read Blocks": 22663,
                              "Shared Dirtied Blocks": 0,
                              "Shared Written Blocks": 0,
                              "Local Hit Blocks": 0,
                              "Local Read Blocks": 0,
                              "Local Dirtied Blocks": 0,
                              "Local Written Blocks": 0,
                              "Temp Read Blocks": 0,
                              "Temp Written Blocks": 0,
                              "Workers": [
                                {
                                  "Worker Number": 0,
                                  "Actual Startup Time": 0.701,
                                  "Actual Total Time": 0.701,
                                  "Actual Rows": 0.06,
                                  "Actual Loops": 1951,
                                  "Shared Hit Blocks": 14479,
                                  "Shared Read Blocks": 7636,
                                  "Shared Dirtied Blocks": 0,
                                  "Shared Written Blocks": 0,
                                  "Local Hit Blocks": 0,
                                  "Local Read Blocks": 0,
                                  "Local Dirtied Blocks": 0,
                                  "Local Written Blocks": 0,
                                  "Temp Read Blocks": 0,
                                  "Temp Written Blocks": 0
                                },
                                {
                                  "Worker Number": 1,
                                  "Actual Startup Time": 0.692,
                                  "Actual Total Time": 0.692,
                                  "Actual Rows": 0.06,
                                  "Actual Loops": 2035,
                                  "Shared Hit Blocks": 15742,
                                  "Shared Read Blocks": 8033,
                                  "Shared Dirtied Blocks": 0,
                                  "Shared Written Blocks": 0,
                                  "Local Hit Blocks": 0,
                                  "Local Read Blocks": 0,
                                  "Local Dirtied Blocks": 0,
                                  "Local Written Blocks": 0,
                                  "Temp Read Blocks": 0,
                                  "Temp Written Blocks": 0
                                }
                              ]
                            }
                          ]
                        },
                        {
                          "Node Type": "Index Scan",
                          "Parent Relationship": "Inner",
                          "Parallel Aware": false,
                          "Async Capable": false,
                          "Scan Direction": "Forward",
                          "Index Name": "info_type_pkey",
                          "Relation Name": "info_type",
                          "Schema": "public",
                          "Alias": "it1",
                          "Startup Cost": 0.14,
                          "Total Cost": 0.16,
                          "Plan Rows": 1,
                          "Plan Width": 4,
                          "Actual Startup Time": 0.002,
                          "Actual Total Time": 0.002,
                          "Actual Rows": 1.0,
                          "Actual Loops": 358,
                          "Disabled": false,
                          "Output": [
                            "it1.id",
                            "it1.info"
                          ],
                          "Index Cond": "(it1.id = mi.info_type_id)",
                          "Rows Removed by Index Recheck": 0,
                          "Filter": "((it1.info)::text = 'genres'::text)",
                          "Rows Removed by Filter": 0,
                          "Index Searches": 358,
                          "Shared Hit Blocks": 717,
                          "Shared Read Blocks": 1,
                          "Shared Dirtied Blocks": 0,
                          "Shared Written Blocks": 0,
                          "Local Hit Blocks": 0,
                          "Local Read Blocks": 0,
                          "Local Dirtied Blocks": 0,
                          "Local Written Blocks": 0,
                          "Temp Read Blocks": 0,
                          "Temp Written Blocks": 0,
                          "Workers": [
                            {
                              "Worker Number": 0,
                              "Actual Startup Time": 0.002,
                              "Actual Total Time": 0.002,
                              "Actual Rows": 1.0,
                              "Actual Loops": 124,
                              "Shared Hit Blocks": 249,
                              "Shared Read Blocks": 0,
                              "Shared Dirtied Blocks": 0,
                              "Shared Written Blocks": 0,
                              "Local Hit Blocks": 0,
                              "Local Read Blocks": 0,
                              "Local Dirtied Blocks": 0,
                              "Local Written Blocks": 0,
                              "Temp Read Blocks": 0,
                              "Temp Written Blocks": 0
                            },
                            {
                              "Worker Number": 1,
                              "Actual Startup Time": 0.003,
                              "Actual Total Time": 0.003,
                              "Actual Rows": 1.0,
                              "Actual Loops": 123,
                              "Shared Hit Blocks": 246,
                              "Shared Read Blocks": 1,
                              "Shared Dirtied Blocks": 0,
                              "Shared Written Blocks": 0,
                              "Local Hit Blocks": 0,
                              "Local Read Blocks": 0,
                              "Local Dirtied Blocks": 0,
                              "Local Written Blocks": 0,
                              "Temp Read Blocks": 0,
                              "Temp Written Blocks": 0
                            }
                          ]
                        }
                      ]
                    }
                  ]
                },
                {
                  "Node Type": "Index Scan",
                  "Parent Relationship": "Inner",
                  "Parallel Aware": false,
                  "Async Capable": false,
                  "Scan Direction": "Forward",
                  "Index Name": "movie_id_cast_info",
                  "Relation Name": "cast_info",
                  "Schema": "public",
                  "Alias": "ci",
                  "Startup Cost": 0.44,
                  "Total Cost": 12.88,
                  "Plan Rows": 1,
                  "Plan Width": 8,
                  "Actual Startup Time": 1.314,
                  "Actual Total Time": 1.587,
                  "Actual Rows": 0.75,
                  "Actual Loops": 358,
                  "Disabled": false,
                  "Output": [
                    "ci.id",
                    "ci.person_id",
                    "ci.movie_id",
                    "ci.person_role_id",
                    "ci.note",
                    "ci.nr_order",
                    "ci.role_id"
                  ],
                  "Index Cond": "(ci.movie_id = t.id)",
                  "Rows Removed by Index Recheck": 0,
                  "Filter": "(ci.note = ANY ('{(writer),\"(head writer)\",\"(written by)\",(story),\"(story editor)\"}'::text[]))",
                  "Rows Removed by Filter": 34,
                  "Index Searches": 358,
                  "Shared Hit Blocks": 2576,
                  "Shared Read Blocks": 9932,
                  "Shared Dirtied Blocks": 0,
                  "Shared Written Blocks": 0,
                  "Local Hit Blocks": 0,
                  "Local Read Blocks": 0,
                  "Local Dirtied Blocks": 0,
                  "Local Written Blocks": 0,
                  "Temp Read Blocks": 0,
                  "Temp Written Blocks": 0
                }
              ]
            },
            {
              "Node Type": "Index Scan",
              "Parent Relationship": "Inner",
              "Parallel Aware": false,
              "Async Capable": false,
              "Scan Direction": "Forward",
              "Index Name": "name_pkey",
              "Relation Name": "name",
              "Schema": "public",
              "Alias": "n",
              "Startup Cost": 0.43,
              "Total Cost": 0.73,
              "Plan Rows": 1,
              "Plan Width": 4,
              "Actual Startup Time": 0.186,
              "Actual Total Time": 0.186,
              "Actual Rows": 0.04,
              "Actual Loops": 268,
              "Disabled": false,
              "Output": [
                "n.id",
                "n.name",
                "n.imdb_index",
                "n.imdb_id",
                "n.gender",
                "n.name_pcode_cf",
                "n.name_pcode_nf",
                "n.surname_pcode",
                "n.md5sum"
              ],
              "Index Cond": "(n.id = ci.person_id)",
              "Rows Removed by Index Recheck": 0,
              "Filter": "((n.gender IS NOT NULL) AND ((n.gender)::text = 'f'::text))",
              "Rows Removed by Filter": 1,
              "Index Searches": 268,
              "Shared Hit Blocks": 631,
              "Shared Read Blocks": 441,
              "Shared Dirtied Blocks": 0,
              "Shared Written Blocks": 0,
              "Local Hit Blocks": 0,
              "Local Read Blocks": 0,
              "Local Dirtied Blocks": 0,
              "Local Written Blocks": 0,
              "Temp Read Blocks": 0,
              "Temp Written Blocks": 0
            }
          ]
        }
      ]
    },
    "Planning": {
      "Shared Hit Blocks": 82,
      "Shared Read Blocks": 32,
      "Shared Dirtied Blocks": 0,
      "Shared Written Blocks": 0,
      "Local Hit Blocks": 0,
      "Local Read Blocks": 0,
      "Local Dirtied Blocks": 0,
      "Local Written Blocks": 0,
      "Temp Read Blocks": 0,
      "Temp Written Blocks": 0
    },
    "Planning Time": 8.168,
    "Triggers": [],
    "Execution Time": 2753.847
  }
]