[
  {
    "Plan": {
      "Node Type": "Aggregate",
      "Strategy": "Plain",
      "Partial Mode": "Simple",
      "Parallel Aware": false,
      "Async Capable": false,
      "Startup Cost": 84599.29,
      "Total Cost": 84599.3,
      "Plan Rows": 1,
      "Plan Width": 64,
      "Actual Startup Time": 688.615,
      "Actual Total Time": 688.638,
      "Actual Rows": 1.0,
      "Actual Loops": 1,
      "Disabled": false,
      "Output": [
        "min(n.name)",
        "min(t.title)"
      ],
      "Shared Hit Blocks": 29997,
      "Shared Read Blocks": 58775,
      "Shared Dirtied Blocks": 0,
      "Shared Written Blocks": 0,
      "Local Hit Blocks": 0,
      "Local Read Blocks": 0,
      "Local Dirtied Blocks": 0,
      "Local Written Blocks": 0,
      "Temp Read Blocks": 0,
      "Temp Written Blocks": 0,
      "Plans": [
        {
          "Node Type": "Nested Loop",
          "Parent Relationship": "Outer",
          "Parallel Aware": false,
          "Async Capable": false,
          "Join Type": "Inner",
          "Startup Cost": 1003.31,
          "Total Cost": 84599.28,
          "Plan Rows": 1,
          "Plan Width": 32,
          "Actual Startup Time": 295.416,
          "Actual Total Time": 688.605,
          "Actual Rows": 184.0,
          "Actual Loops": 1,
          "Disabled": false,
          "Output": [
            "n.name",
            "t.title"
          ],
          "Inner Unique": true,
          "Shared Hit Blocks": 29997,
          "Shared Read Blocks": 58775,
          "Shared Dirtied Blocks": 0,
          "Shared Written Blocks": 0,
          "Local Hit Blocks": 0,
          "Local Read Blocks": 0,
          "Local Dirtied Blocks": 0,
          "Local Written Blocks": 0,
          "Temp Read Blocks": 0,
          "Temp Written Blocks": 0,
          "Plans": [
            {
              "Node Type": "Nested Loop",
              "Parent Relationship": "Outer",
              "Parallel Aware": false,
              "Async Capable": false,
              "Join Type": "Inner",
              "Startup Cost": 1003.17,
              "Total Cost": 84599.1,
              "Plan Rows": 1,
              "Plan Width": 36,
              "Actual Startup Time": 295.397,
              "Actual Total Time": 688.441,
              "Actual Rows": 184.0,
              "Actual Loops": 1,
              "Disabled": false,
              "Output": [
                "mi.info_type_id",
                "n.name",
                "t.title"
              ],
              "Inner Unique": false,
              "Join Filter": "(mi.movie_id = t.id)",
              "Rows Removed by Join Filter": 0,
              "Shared Hit Blocks": 29629,
              "Shared Read Blocks": 58775,
              "Shared Dirtied Blocks": 0,
              "Shared Written Blocks": 0,
              "Local Hit Blocks": 0,
              "Local Read Blocks": 0,
              "Local Dirtied Blocks": 0,
              "Local Written Blocks": 0,
              "Temp Read Blocks": 0,
              "Temp Written Blocks": 0,
              "Plans": [
                {
                  "Node Type": "Nested Loop",
                  "Parent Relationship": "Outer",
                  "Parallel Aware": false,
                  "Async Capable": false,
                  "Join Type": "Inner",
                  "Startup Cost": 1002.73,
                  "Total Cost": 84576.4,
                  "Plan Rows": 1,
                  "Plan Width": 44,
                  "Actual Startup Time": 292.439,
                  "Actual Total Time": 630.353,
                  "Actual Rows": 77.0,
                  "Actual Loops": 1,
                  "Disabled": false,
                  "Output": [
                    "ci.movie_id",
                    "mc.movie_id",
                    "n.name",
                    "t.title",
                    "t.id"
                  ],
                  "Inner Unique": true,
                  "Shared Hit Blocks": 28339,
                  "Shared Read Blocks": 58448,
                  "Shared Dirtied Blocks": 0,
                  "Shared Written Blocks": 0,
                  "Local Hit Blocks": 0,
                  "Local Read Blocks": 0,
                  "Local Dirtied Blocks": 0,
                  "Local Written Blocks": 0,
                  "Temp Read Blocks": 0,
                  "Temp Written Blocks": 0,
                  "Plans": [
                    {
                      "Node Type": "Nested Loop",
                      "Parent Relationship": "Outer",
                      "Parallel Aware": false,
                      "Async Capable": false,
                      "Join Type": "Inner",
                      "Startup Cost": 1002.31,
                      "Total Cost": 84575.19,
                      "Plan Rows": 1,
                      "Plan Width": 48,
                      "Actual Startup Time": 291.805,
                      "Actual Total Time": 621.642,
                      "Actual Rows": 79.0,
                      "Actual Loops": 1,
                      "Disabled": false,
                      "Output": [
                        "ci.movie_id",
                        "mc.movie_id",
                        "mc.company_id",
                        "n.name",
                        "t.title",
                        "t.id"
                      ],
                      "Inner Unique": false,
                      "Join Filter": "(mc.movie_id = t.id)",
                      "Rows Removed by Join Filter": 0,
                      "Shared Hit Blocks": 28068,
                      "Shared Read Blocks": 58403,
                      "Shared Dirtied Blocks": 0,
                      "Shared Written Blocks": 0,
                      "Local Hit Blocks": 0,
                      "Local Read Blocks": 0,
                      "Local Dirtied Blocks": 0,
                      "Local Written Blocks": 0,
                      "Temp Read Blocks": 0,
                      "Temp Written Blocks": 0,
                      "Plans": [
                        {
                          "Node Type": "Nested Loop",
                          "Parent Relationship": "Outer",
                          "Parallel Aware": false,
                          "Async Capable": false,
                          "Join Type": "Inner",
                          "Startup Cost": 1001.88,
                          "Total Cost": 84572.49,
                          "Plan Rows": 1,
                          "Plan Width": 40,
                          "Actual Startup Time": 289.678,
                          "Actual Total Time": 592.707,
                          "Actual Rows": 102.0,
                          "Actual Loops": 1,
                          "Disabled": false,
                          "Output": [
                            "ci.movie_id",
                            "n.name",
                            "t.title",
                            "t.id"
                          ],
                          "Inner Unique": true,
                          "Shared Hit Blocks": 27699,
                          "Shared Read Blocks": 58305,
                          "Shared Dirtied Blocks": 0,
                          "Shared Written Blocks": 0,
                          "Local Hit Blocks": 0,
                          "Local Read Blocks": 0,
                          "Local Dirtied Blocks": 0,
                          "Local Written Blocks": 0,
                          "Temp Read Blocks": 0,
                          "Temp Written Blocks": 0,
                          "Plans": [
                            {
                              "Node Type": "Nested Loop",
                              "Parent Relationship": "Outer",
                              "Parallel Aware": false,
                              "Async Capable": false,
                              "Join Type": "Inner",
                              "Startup Cost": 1001.45,
                              "Total Cost": 84571.06,
                              "Plan Rows": 1,
                              "Plan Width": 19,
                              "Actual Startup Time": 184.261,
                              "Actual Total Time": 528.243,
                              "Actual Rows": 387.0,
                              "Actual Loops": 1,
                              "Disabled": false,
                              "Output": [
                                "ci.movie_id",
                                "n.name"
                              ],
                              "Inner Unique": true,
                              "Shared Hit Blocks": 26485,
                              "Shared Read Blocks": 57971,
                              "Shared Dirtied Blocks": 0,
                              "Shared Written Blocks": 0,
                              "Local Hit Blocks": 0,
                              "Local Read Blocks": 0,
                              "Local Dirtied Blocks": 0,
                              "Local Written Blocks": 0,
                              "Temp Read Blocks": 0,
                              "Temp Written Blocks": 0,
                              "Plans": [
                                {
                                  "Node Type": "Gather",
                                  "Parent Relationship": "Outer",
                                  "Parallel Aware": false,
                                  "Async Capable": false,
                                  "Startup Cost": 1001.02,
                                  "Total Cost": 84570.15,
                                  "Plan Rows": 1,
                                  "Plan Width": 23,
                                  "Actual Startup Time": 184.083,
                                  "Actual Total Time": 505.884,
                                  "Actual Rows": 425.0,
                                  "Actual Loops": 1,
                                  "Disabled": false,
                                  "Output": [
                                    "ci.movie_id",
                                    "ci.person_role_id",
                                    "n.name"
                                  ],
                                  "Workers Planned": 2,
                                  "Workers Launched": 2,
                                  "Single Copy": false,
                                  "Shared Hit Blocks": 25412,
                                  "Shared Read Blocks": 57872,
                                  "Shared Dirtied Blocks": 0,
                                  "Shared Written Blocks": 0,
                                  "Local Hit Blocks": 0,
                                  "Local Read Blocks": 0,
                                  "Local Dirtied Blocks": 0,
                                  "Local Written Blocks": 0,
                                  "Temp Read Blocks": 0,
                                  "Temp Written Blocks": 0,
                                  "Plans": [
                                    {
                                      "Node Type": "Nested Loop",
                                      "Parent Relationship": "Outer",
                                      "Parallel Aware": false,
                                      "Async Capable": false,
                                      "Join Type": "Inner",
                                      "Startup Cost": 1.02,
                                      "Total Cost": 83570.05,
                                      "Plan Rows": 1,
                                      "Plan Width": 23,
                                      "Actual Startup Time": 163.647,
                                      "Actual Total Time": 517.666,
                                      "Actual Rows": 141.67,
                                      "Actual Loops": 3,
                                      "Disabled": false,
                                      "Output": [
                                        "ci.movie_id",
                                        "ci.person_role_id",
                                        "n.name"
                                      ],
                                      "Inner Unique": true,
                                      "Shared Hit Blocks": 25412,
                                      "Shared Read Blocks": 57872,
                                      "Shared Dirtied Blocks": 0,
                                      "Shared Written Blocks": 0,
                                      "Local Hit Blocks": 0,
                                      "Local Read Blocks": 0,
                                      "Local Dirtied Blocks": 0,
                                      "Local Written Blocks": 0,
                                      "Temp Read Blocks": 0,
                                      "Temp Written Blocks": 0,
                                      "Workers": [
                                        {
                                          "Worker Number": 0,
                                          "Actual Startup Time": 152.069,
                                          "Actual Total Time": 523.723,
                                          "Actual Rows": 309.0,
                                          "Actual Loops": 1,
                                          "Shared Hit Blocks": 9609,
                                          "Shared Read Blocks": 18704,
                                          "Shared Dirtied Blocks": 0,
                                          "Shared Written Blocks": 0,
                                          "Local Hit Blocks": 0,
                                          "Local Read Blocks": 0,
                                          "Local Dirtied Blocks": 0,
                                          "Local Written Blocks": 0,
                                          "Temp Read Blocks": 0,
                                          "Temp Written Blocks": 0
                                        },
                                        {
                                          "Worker Number": 1,
                                          "Actual Startup Time": 155.049,
                                          "Actual Total Time": 523.729,
                                          "Actual Rows": 92.0,
                                          "Actual Loops": 1,
                                          "Shared Hit Blocks": 9736,
                                          "Shared Read Blocks": 18615,
                                          "Shared Dirtied Blocks": 0,
                                          "Shared Written Blocks": 0,
                                          "Local Hit Blocks": 0,
                                          "Local Read Blocks": 0,
                                          "Local Dirtied Blocks": 0,
                                          "Local Written Blocks": 0,
                                          "Temp Read Blocks": 0,
                                          "Temp Written Blocks": 0
                                        }
                                      ],
                                      "Plans": [
                                        {
                                          "Node Type": "Nested Loop",
                                          "Parent Relationship": "Outer",
                                          "Parallel Aware": false,
                                          "Async Capable": false,
                                          "Join Type": "Inner",
                                          "Startup Cost": 0.86,
                                          "Total Cost": 83567.61,
                                          "Plan Rows": 20,
                                          "Plan Width": 27,
                                          "Actual Startup Time": 163.337,
                                          "Actual Total Time": 517.311,
                                          "Actual Rows": 141.67,
                                          "Actual Loops": 3,
                                          "Disabled": false,
                                          "Output": [
                                            "ci.movie_id",
                                            "ci.role_id",
                                            "ci.person_role_id",
                                            "n.name"
                                          ],
                                          "Inner Unique": false,
                                          "Join Filter": "(ci.person_id = n.id)",
                                          "Rows Removed by Join Filter": 0,
                                          "Shared Hit Blocks": 25407,
                                          "Shared Read Blocks": 57869,
                                          "Shared Dirtied Blocks": 0,
                                          "Shared Written Blocks": 0,
                                          "Local Hit Blocks": 0,
                                          "Local Read Blocks": 0,
                                          "Local Dirtied Blocks": 0,
                                          "Local Written Blocks": 0,
                                          "Temp Read Blocks": 0,
                                          "Temp Written Blocks": 0,
                                          "Workers": [
                                            {
                                              "Worker Number": 0,
                                              "Actual Startup Time": 151.388,
                                              "Actual Total Time": 522.955,
                                              "Actual Rows": 309.0,
                                              "Actual Loops": 1,
                                              "Shared Hit Blocks": 9607,
                                              "Shared Read Blocks": 18703,
                                              "Shared Dirtied Blocks": 0,
                                              "Shared Written Blocks": 0,
                                              "Local Hit Blocks": 0,
                                              "Local Read Blocks": 0,
                                              "Local Dirtied Blocks": 0,
                                              "Local Written Blocks": 0,
                                              "Temp Read Blocks": 0,
                                              "Temp Written Blocks": 0
                                            },
                                            {
                                              "Worker Number": 1,
                                              "Actual Startup Time": 155.029,
                                              "Actual Total Time": 523.681,
                                              "Actual Rows": 92.0,
                                              "Actual Loops": 1,
                                              "Shared Hit Blocks": 9733,
                                              "Shared Read Blocks": 18615,
                                              "Shared Dirtied Blocks": 0,
                                              "Shared Written Blocks": 0,
                                              "Local Hit Blocks": 0,
                                              "Local Read Blocks": 0,
                                              "Local Dirtied Blocks": 0,
                                              "Local Written Blocks": 0,
                                              "Temp Read Blocks": 0,
                                              "Temp Written Blocks": 0
                                            }
                                          ],
                                          "Plans": [
                                            {
                                              "Node Type": "Nested Loop",
                                              "Parent Relationship": "Outer",
                                              "Parallel Aware": false,
                                              "Async Capable": false,
                                              "Join Type": "Inner",
                                              "Startup Cost": 0.42,
                                              "Total Cost": 81880.46,
                                              "Plan Rows": 9,
                                              "Plan Width": 23,
                                              "Actual Startup Time": 155.413,
                                              "Actual Total Time": 360.08,
                                              "Actual Rows": 519.33,
                                              "Actual Loops": 3,
                                              "Disabled": false,
                                              "Output": [
                                                "an.person_id",
                                                "n.name",
                                                "n.id"
                                              ],
                                              "Inner Unique": false,
                                              "Shared Hit Blocks": 19877,
                                              "Shared Read Blocks": 56088,
                                              "Shared Dirtied Blocks": 0,
                                              "Shared Written Blocks": 0,
                                              "Local Hit Blocks": 0,
                                              "Local Read Blocks": 0,
                                              "Local Dirtied Blocks": 0,
                                              "Local Written Blocks": 0,
                                              "Temp Read Blocks": 0,
                                              "Temp Written Blocks": 0,
                                              "Workers": [
                                                {
                                                  "Worker Number": 0,
                                                  "Actual Startup Time": 145.108,
                                                  "Actual Total Time": 351.299,
                                                  "Actual Rows": 594.0,
                                                  "Actual Loops": 1,
                                                  "Shared Hit Blocks": 7320,
                                                  "Shared Read Blocks": 18047,
                                                  "Shared Dirtied Blocks": 0,
                                                  "Shared Written Blocks": 0,
                                                  "Local Hit Blocks": 0,
                                                  "Local Read Blocks": 0,
                                                  "Local Dirtied Blocks": 0,
                                                  "Local Written Blocks": 0,
                                                  "Temp Read Blocks": 0,
                                                  "Temp Written Blocks": 0
                                                },
                                                {
                                                  "Worker Number": 1,
                                                  "Actual Startup Time": 144.936,
                                                  "Actual Total Time": 350.711,
                                                  "Actual Rows": 641.0,
                                                  "Actual Loops": 1,
                                                  "Shared Hit Blocks": 7467,
                                                  "Shared Read Blocks": 17962,
                                                  "Shared Dirtied Blocks": 0,
                                                  "Shared Written Blocks": 0,
                                                  "Local Hit Blocks": 0,
                                                  "Local Read Blocks": 0,
                                                  "Local Dirtied Blocks": 0,
                                                  "Local Written Blocks": 0,
                                                  "Temp Read Blocks": 0,
                                                  "Temp Written Blocks": 0
                                                }
                                              ],
                                              "Plans": [
                                                {
                                                  "Node Type": "Seq Scan",
                                                  "Parent Relationship": "Outer",
                                                  "Parallel Aware": true,
                                                  "Async Capable": false,
                                                  "Relation Name": "name",
                                                  "Schema": "public",
                                                  "Alias": "n",
                                                  "Startup Cost": 0.0,
                                                  "Total Cost": 81701.26,
                                                  "Plan Rows": 40,
                                                  "Plan Width": 19,
                                                  "Actual Startup Time": 154.808,
                                                  "Actual Total Time": 295.194,
                                                  "Actual Rows": 2256.0,
                                                  "Actual Loops": 3,
                                                  "Disabled": false,
                                                  "Output": [
                                                    "n.id",
                                                    "n.name",
                                                    "n.imdb_index",
                                                    "n.imdb_id",
                                                    "n.gender",
                                                    "n.name_pcode_cf",
                                                    "n.name_pcode_nf",
                                                    "n.surname_pcode",
                                                    "n.md5sum"
                                                  ],
                                                  "Filter": "((n.name ~~ '%Ang%'::text) AND ((n.gender)::text = 'f'::text))",
                                                  "Rows Removed by Filter": 1386908,
                                                  "Shared Hit Blocks": 155,
                                                  "Shared Read Blocks": 55501,
                                                  "Shared Dirtied Blocks": 0,
                                                  "Shared Written Blocks": 0,
                                                  "Local Hit Blocks": 0,
                                                  "Local Read Blocks": 0,
                                                  "Local Dirtied Blocks": 0,
                                                  "Local Written Blocks": 0,
                                                  "Temp Read Blocks": 0,
                                                  "Temp Written Blocks": 0,
                                                  "Workers": [
                                                    {
                                                      "Worker Number": 0,
                                                      "Actual Startup Time": 144.007,
                                                      "Actual Total Time": 285.945,
                                                      "Actual Rows": 2485.0,
                                                      "Actual Loops": 1,
                                                      "Shared Hit Blocks": 50,
                                                      "Shared Read Blocks": 17860,
                                                      "Shared Dirtied Blocks": 0,
                                                      "Shared Written Blocks": 0,
                                                      "Local Hit Blocks": 0,
                                                      "Local Read Blocks": 0,
                                                      "Local Dirtied Blocks": 0,
                                                      "Local Written Blocks": 0,
                                                      "Temp Read Blocks": 0,
                                                      "Temp Written Blocks": 0
                                                    },
                                                    {
                                                      "Worker Number": 1,
                                                      "Actual Startup Time": 144.387,
                                                      "Actual Total Time": 286.665,
                                                      "Actual Rows": 2537.0,
                                                      "Actual Loops": 1,
                                                      "Shared Hit Blocks": 51,
                                                      "Shared Read Blocks": 17765,
                                                      "Shared Dirtied Blocks": 0,
                                                      "Shared Written Blocks": 0,
                                                      "Local Hit Blocks": 0,
                                                      "Local Read Blocks": 0,
                                                      "Local Dirtied Blocks": 0,
                                                      "Local Written Blocks": 0,
                                                      "Temp Read Blocks": 0,
                                                      "Temp Written Blocks": 0
                                                    }
                                                  ]
                                                },
                                                {
                                                  "Node Type": "Index Only Scan",
                                                  "Parent Relationship": "Inner",
                                                  "Parallel Aware": false,
                                                  "Async Capable": false,
                                                  "Scan Direction": "Forward",
                                                  "Index Name": "person_id_aka_name",
                                                  "Relation Name": "aka_name",
                                                  "Schema": "public",
                                                  "Alias": "an",
                                                  "Startup Cost": 0.42,
                                                  "Total Cost": 4.46,
                                                  "Plan Rows": 2,
                                                  "Plan Width": 4,
                                                  "Actual Startup Time": 0.029,
                                                  "Actual Total Time": 0.029,
                                                  "Actual Rows": 0.23,
                                                  "Actual Loops": 6768,
                                                  "Disabled": false,
                                                  "Output": [
                                                    "an.person_id"
                                                  ],
                                                  "Index Cond": "(an.person_id = n.id)",
                                                  "Rows Removed by Index Recheck": 0,
                                                  "Heap Fetches": 0,
                                                  "Index Searches": 6768,
                                                  "Shared Hit Blocks": 19722,
                                                  "Shared Read Blocks": 587,
                                                  "Shared Dirtied Blocks": 0,
                                                  "Shared Written Blocks": 0,
                                                  "Local Hit Blocks": 0,
                                                  "Local Read Blocks": 0,
                                                  "Local Dirtied Blocks": 0,
                                                  "Local Written Blocks": 0,
                                                  "Temp Read Blocks": 0,
                                                  "Temp Written Blocks": 0,
                                                  "Workers": [
                                                    {
                                                      "Worker Number": 0,
                                                      "Actual Startup Time": 0.026,
                                                      "Actual Total Time": 0.026,
                                                      "Actual Rows": 0.24,
                                                      "Actual Loops": 2485,
                                                      "Shared Hit Blocks": 7270,
                                                      "Shared Read Blocks": 187,
                                                      "Shared Dirtied Blocks": 0,
                                                      "Shared Written Blocks": 0,
                                                      "Local Hit Blocks": 0,
                                                      "Local Read Blocks": 0,
                                                      "Local Dirtied Blocks": 0,
                                                      "Local Written Blocks": 0,
                                                      "Temp Read Blocks": 0,
                                                      "Temp Written Blocks": 0
                                                    },
                                                    {
                                                      "Worker Number": 1,
                                                      "Actual Startup Time": 0.025,
                                                      "Actual Total Time": 0.025,
                                                      "Actual Rows": 0.25,
                                                      "Actual Loops": 2537,
                                                      "Shared Hit Blocks": 7416,
                                                      "Shared Read Blocks": 197,
                                                      "Shared Dirtied Blocks": 0,
                                                      "Shared Written Blocks": 0,
                                                      "Local Hit Blocks": 0,
                                                      "Local Read Blocks": 0,
                                                      "Local Dirtied Blocks": 0,
                                                      "Local Written Blocks": 0,
                                                      "Temp Read Blocks": 0,
                                                      "Temp Written Blocks": 0
                                                    }
                                                  ]
                                                }
                                              ]
                                            },
                                            {
                                              "Node Type": "Index Scan",
                                              "Parent Relationship": "Inner",
                                              "Parallel Aware": false,
                                              "Async Capable": false,
                                              "Scan Direction": "Forward",
                                              "Index Name": "person_id_cast_info",
                                              "Relation Name": "cast_info",
                                              "Schema": "public",
                                              "Alias": "ci",
                                              "Startup Cost": 0.44,
                                              "Total Cost": 187.3,
                                              "Plan Rows": 13,
                                              "Plan Width": 16,
                                              "Actual Startup Time": 0.297,
                                              "Actual Total Time": 0.303,
                                              "Actual Rows": 0.27,
                                              "Actual Loops": 1558,
                                              "Disabled": false,
                                              "Output": [
                                                "ci.id",
                                                "ci.person_id",
                                                "ci.movie_id",
                                                "ci.person_role_id",
                                                "ci.note",
                                                "ci.nr_order",
                                                "ci.role_id"
                                              ],
                                              "Index Cond": "(ci.person_id = an.person_id)",
                                              "Rows Removed by Index Recheck": 0,
                                              "Filter": "(ci.note = ANY ('{(voice),\"(voice: Japanese version)\",\"(voice) (uncredited)\",\"(voice: English version)\"}'::text[]))",
                                              "Rows Removed by Filter": 44,
                                              "Index Searches": 1558,
                                              "Shared Hit Blocks": 5530,
                                              "Shared Read Blocks": 1781,
                                              "Shared Dirtied Blocks": 0,
                                              "Shared Written Blocks": 0,
                                              "Local Hit Blocks": 0,
                                              "Local Read Blocks": 0,
                                              "Local Dirtied Blocks": 0,
                                              "Local Written Blocks": 0,
                                              "Temp Read Blocks": 0,
                                              "Temp Written Blocks": 0,
                                              "Workers": [
                                                {
                                                  "Worker Number": 0,
                                                  "Actual Startup Time": 0.277,
                                                  "Actual Total Time": 0.289,
                                                  "Actual Rows": 0.52,
                                                  "Actual Loops": 594,
                                                  "Shared Hit Blocks": 2287,
                                                  "Shared Read Blocks": 656,
                                                  "Shared Dirtied Blocks": 0,
                                                  "Shared Written Blocks": 0,
                                                  "Local Hit Blocks": 0,
                                                  "Local Read Blocks": 0,
                                                  "Local Dirtied Blocks": 0,
                                                  "Local Written Blocks": 0,
                                                  "Temp Read Blocks": 0,
                                                  "Temp Written Blocks": 0
                                                },
                                                {
                                                  "Worker Number": 1,
                                                  "Actual Startup Time": 0.268,
                                                  "Actual Total Time": 0.27,
                                                  "Actual Rows": 0.14,
                                                  "Actual Loops": 641,
                                                  "Shared Hit Blocks": 2266,
                                                  "Shared Read Blocks": 653,
                                                  "Shared Dirtied Blocks": 0,
                                                  "Shared Written Blocks": 0,
                                                  "Local Hit Blocks": 0,
                                                  "Local Read Blocks": 0,
                                                  "Local Dirtied Blocks": 0,
                                                  "Local Written Blocks": 0,
                                                  "Temp Read Blocks": 0,
                                                  "Temp Written Blocks": 0
                                                }
                                              ]
                                            }
                                          ]
                                        },
                                        {
                                          "Node Type": "Memoize",
                                          "Parent Relationship": "Inner",
                                          "Parallel Aware": false,
                                          "Async Capable": false,
                                          "Startup Cost": 0.16,
                                          "Total Cost": 0.18,
                                          "Plan Rows": 1,
                                          "Plan Width": 4,
                                          "Actual Startup Time": 0.002,
                                          "Actual Total Time": 0.002,
                                          "Actual Rows": 1.0,
                                          "Actual Loops": 425,
                                          "Disabled": false,
                                          "Output": [
                                            "rt.id"
                                          ],
                                          "Cache Key": "ci.role_id",
                                          "Cache Mode": "logical",
                                          "Cache Hits": 23,
                                          "Cache Misses": 1,
                                          "Cache Evictions": 0,
                                          "Cache Overflows": 0,
                                          "Peak Memory Usage": 1,
                                          "Shared Hit Blocks": 5,
                                          "Shared Read Blocks": 3,
                                          "Shared Dirtied Blocks": 0,
                                          "Shared Written Blocks": 0,
                                          "Local Hit Blocks": 0,
                                          "Local Read Blocks": 0,
                                          "Local Dirtied Blocks": 0,
                                          "Local Written Blocks": 0,
                                          "Temp Read Blocks": 0,
                                          "Temp Written Blocks": 0,
                                          "Workers": [
                                            {
                                              "Worker Number": 0,
                                              "Actual Startup Time": 0.002,
                                              "Actual Total Time": 0.002,
                                              "Actual Rows": 1.0,
                                              "Actual Loops": 309,
                                              "Cache Hits": 308,
                                              "Cache Misses": 1,
                                              "Cache Evictions": 0,
                                              "Cache Overflows": 0,
                                              "Peak Memory Usage": 1,
                                              "Shared Hit Blocks": 2,
                                              "Shared Read Blocks": 1,
                                              "Shared Dirtied Blocks": 0,
                                              "Shared Written Blocks": 0,
                                              "Local Hit Blocks": 0,
                                              "Local Read Blocks": 0,
                                              "Local Dirtied Blocks": 0,
                                              "Local Written Blocks": 0,
                                              "Temp Read Blocks": 0,
                                              "Temp Written Blocks": 0
                                            },
                                            {
                                              "Worker Number": 1,
                                              "Actual Startup Time": 0.0,
                                              "Actual Total Time": 0.0,
                                              "Actual Rows": 1.0,
                                              "Actual Loops": 92,
                                              "Cache Hits": 91,
                                              "Cache Misses": 1,
                                              "Cache Evictions": 0,
                                              "Cache Overflows": 0,
                                              "Peak Memory Usage": 1,
                                              "Shared Hit Blocks": 3,
                                              "Shared Read Blocks": 0,
                                              "Shared Dirtied Blocks": 0,
                                              "Shared Written Blocks": 0,
                                              "Local Hit Blocks": 0,
                                              "Local Read Blocks": 0,
                                              "Local Dirtied Blocks": 0,
                                              "Local Written Blocks": 0,
                                              "Temp Read Blocks": 0,
                                              "Temp Written Blocks": 0
                                            }
                                          ],
                                          "Plans": [
                                            {
                                              "Node Type": "Index Scan",
                                              "Parent Relationship": "Outer",
                                              "Parallel Aware": false,
                                              "Async Capable": false,
                                              "Scan Direction": "Forward",
                                              "Index Name": "role_type_pkey",
                                              "Relation Name": "role_type",
                                              "Schema": "public",
                                              "Alias": "rt",
                                              "Startup Cost": 0.15,
                                              "Total Cost": 0.17,
                                              "Plan Rows": 1,
                                              "Plan Width": 4,
                                              "Actual Startup Time": 0.302,
                                              "Actual Total Time": 0.302,
                                              "Actual Rows": 1.0,
                                              "Actual Loops": 3,
                                              "Disabled": false,
                                              "Output": [
                                                "rt.id"
                                              ],
                                              "Index Cond": "(rt.id = ci.role_id)",
                                              "Rows Removed by Index Recheck": 0,
                                              "Filter": "((rt.role)::text = 'actress'::text)",
                                              "Rows Removed by Filter": 0,
                                              "Index Searches": 3,
                                              "Shared Hit Blocks": 5,
                                              "Shared Read Blocks": 3,
                                              "Shared Dirtied Blocks": 0,
                                              "Shared Written Blocks": 0,
                                              "Local Hit Blocks": 0,
                                              "Local Read Blocks": 0,
                                              "Local Dirtied Blocks": 0,
                                              "Local Written Blocks": 0,
                                              "Temp Read Blocks": 0,
                                              "Temp Written Blocks": 0,
                                              "Workers": [
                                                {
                                                  "Worker Number": 0,
                                                  "Actual Startup Time": 0.671,
                                                  "Actual Total Time": 0.671,
                                                  "Actual Rows": 1.0,
                                                  "Actual Loops": 1,
                                                  "Shared Hit Blocks": 2,
                                                  "Shared Read Blocks": 1,
                                                  "Shared Dirtied Blocks": 0,
                                                  "Shared Written Blocks": 0,
                                                  "Local Hit Blocks": 0,
                                                  "Local Read Blocks": 0,
                                                  "Local Dirtied Blocks": 0,
                                                  "Local Written Blocks": 0,
                                                  "Temp Read Blocks": 0,
                                                  "Temp Written Blocks": 0
                                                },
                                                {
                                                  "Worker Number": 1,
                                                  "Actual Startup Time": 0.011,
                                                  "Actual Total Time": 0.011,
                                                  "Actual Rows": 1.0,
                                                  "Actual Loops": 1,
                                                  "Shared Hit Blocks": 3,
                                                  "Shared Read Blocks": 0,
                                                  "Shared Dirtied Blocks": 0,
                                                  "Shared Written Blocks": 0,
                                                  "Local Hit Blocks": 0,
                                                  "Local Read Blocks": 0,
                                                  "Local Dirtied Blocks": 0,
                                                  "Local Written Blocks": 0,
                                                  "Temp Read Blocks": 0,
                                                  "Temp Written Blocks": 0
                                                }
                                              ]
                                            }
                                          ]
                                        }
                                      ]
                                    }
                                  ]
                                },
                                {
                                  "Node Type": "Index Only Scan",
                                  "Parent Relationship": "Inner",
                                  "Parallel Aware": false,
                                  "Async Capable": false,
                                  "Scan Direction": "Forward",
                                  "Index Name": "char_name_pkey",
                                  "Relation Name": "char_name",
                                  "Schema": "public",
                                  "Alias": "chn",
                                  "Startup Cost": 0.43,
                                  "Total Cost": 0.91,
                                  "Plan Rows": 1,
                                  "Plan Width": 4,
                                  "Actual Startup Time": 0.052,
                                  "Actual Total Time": 0.052,
                                  "Actual Rows": 0.91,
                                  "Actual Loops": 425,
                                  "Disabled": false,
                                  "Output": [
                                    "chn.id"
                                  ],
                                  "Index Cond": "(chn.id = ci.person_role_id)",
                                  "Rows Removed by Index Recheck": 0,
                                  "Heap Fetches": 0,
                                  "Index Searches": 387,
                                  "Shared Hit Blocks": 1073,
                                  "Shared Read Blocks": 99,
                                  "Shared Dirtied Blocks": 0,
                                  "Shared Written Blocks": 0,
                                  "Local Hit Blocks": 0,
                                  "Local Read Blocks": 0,
                                  "Local Dirtied Blocks": 0,
                                  "Local Written Blocks": 0,
                                  "Temp Read Blocks": 0,
                                  "Temp Written Blocks": 0
                                }
                              ]
                            },
                            {
                              "Node Type": "Index Scan",
                              "Parent Relationship": "Inner",
                              "Parallel Aware": false,
                              "Async Capable": false,
                              "Scan Direction": "Forward",
                              "Index Name": "title_pkey",
                              "Relation Name": "title",
                              "Schema": "public",
                              "Alias": "t",
                              "Startup Cost": 0.43,
                              "Total Cost": 1.43,
                              "Plan Rows": 1,
                              "Plan Width": 21,
                              "Actual Startup Time": 0.166,
                              "Actual Total Time": 0.166,
                              "Actual Rows": 0.26,
                              "Actual Loops": 387,
                              "Disabled": false,
                              "Output": [
                                "t.id",
                                "t.title",
                                "t.imdb_index",
                                "t.kind_id",
                                "t.production_year",
                                "t.imdb_id",
                                "t.phonetic_code",
                                "t.episode_of_id",
                                "t.season_nr",
                                "t.episode_nr",
                                "t.series_years",
                                "t.md5sum"
                              ],
                              "Index Cond": "(t.id = ci.movie_id)",
                              "Rows Removed by Index Recheck": 0,
                              "Filter": "((t.production_year >= 2005) AND (t.production_year <= 2009))",
                              "Rows Removed by Filter": 1,
                              "Index Searches": 387,
                              "Shared Hit Blocks": 1214,
                              "Shared Read Blocks": 334,
                              "Shared Dirtied Blocks": 0,
                              "Shared Written Blocks": 0,
                              "Local Hit Blocks": 0,
                              "Local Read Blocks": 0,
                              "Local Dirtied Blocks": 0,
                              "Local Written Blocks": 0,
                              "Temp Read Blocks": 0,
                              "Temp Written Blocks": 0
                            }
                          ]
                        },
                        {
                          "Node Type": "Index Scan",
                          "Parent Relationship": "Inner",
                          "Parallel Aware": false,
                          "Async Capable": false,
                          "Scan Direction": "Forward",
                          "Index Name": "movie_id_movie_companies",
                          "Relation Name": "movie_companies",
                          "Schema": "public",
                          "Alias": "mc",
                          "Startup Cost": 0.43,
                          "Total Cost": 2.69,
                          "Plan Rows": 1,
                          "Plan Width": 8,
                          "Actual Startup Time": 0.235,
                          "Actual Total Time": 0.283,
                          "Actual Rows": 0.77,
                          "Actual Loops": 102,
                          "Disabled": false,
                          "Output": [
                            "mc.id",
                            "mc.movie_id",
                            "mc.company_id",
                            "mc.company_type_id",
                            "mc.note"
                          ],
                          "Index Cond": "(mc.movie_id = ci.movie_id)",
                          "Rows Removed by Index Recheck": 0,
                          "Filter": "((mc.note IS NOT NULL) AND ((mc.note ~~ '%(USA)%'::text) OR (mc.note ~~ '%(worldwide)%'::text)))",
                          "Rows Removed by Filter": 6,
                          "Index Searches": 102,
                          "Shared Hit Blocks": 369,
                          "Shared Read Blocks": 98,
                          "Shared Dirtied Blocks": 0,
                          "Shared Written Blocks": 0,
                          "Local Hit Blocks": 0,
                          "Local Read Blocks": 0,
                          "Local Dirtied Blocks": 0,
                          "Local Written Blocks": 0,
                          "Temp Read Blocks": 0,
                          "Temp Written Blocks": 0
                        }
                      ]
                    },
                    {
                      "Node Type": "Index Scan",
                      "Parent Relationship": "Inner",
                      "Parallel Aware": false,
                      "Async Capable": false,
                      "Scan Direction": "Forward",
                      "Index Name": "company_name_pkey",
                      "Relation Name": "company_name",
                      "Schema": "public",
                      "Alias": "cn",
                      "Startup Cost": 0.42,
                      "Total Cost": 1.21,
                      "Plan Rows": 1,
                      "Plan Width": 4,
                      "Actual Startup Time": 0.11,
                      "Actual Total Time": 0.11,
                      "Actual Rows": 0.97,
                      "Actual Loops": 79,
                      "Disabled": false,
                      "Output": [
                        "cn.id",
                        "cn.name",
                        "cn.country_code",
                        "cn.imdb_id",
                        "cn.name_pcode_nf",
                        "cn.name_pcode_sf",
                        "cn.md5sum"
                      ],
                      "Index Cond": "(cn.id = mc.company_id)",
                      "Rows Removed by Index Recheck": 0,
                      "Filter": "((cn.country_code)::text = '[us]'::text)",
                      "Rows Removed by Filter": 0,
                      "Index Searches": 79,
                      "Shared Hit Blocks": 271,
                      "Shared Read Blocks": 45,
                      "Shared Dirtied Blocks": 0,
                      "Shared Written Blocks": 0,
                      "Local Hit Blocks": 0,
                      "Local Read Blocks": 0,
                      "Local Dirtied Blocks": 0,
                      "Local Written Blocks": 0,
                      "Temp Read Blocks": 0,
                      "Temp Written Blocks": 0
                    }
                  ]
                },
                {
                  "Node Type": "Index Scan",
                  "Parent Relationship": "Inner",
                  "Parallel Aware": false,
                  "Async Capable": false,
                  "Scan Direction": "Forward",
                  "Index Name": "movie_id_movie_info",
                  "Relation Name": "movie_info",
                  "Schema": "public",
                  "Alias": "mi",
                  "Startup Cost": 0.43,
                  "Total Cost": 22.69,
                  "Plan Rows": 1,
                  "Plan Width": 8,
                  "Actual Startup Time": 0.341,
                  "Actual Total Time": 0.754,
                  "Actual Rows": 2.39,
                  "Actual Loops": 77,
                  "Disabled": false,
                  "Output": [
                    "mi.id",
                    "mi.movie_id",
                    "mi.info_type_id",
                    "mi.info",
                    "mi.note"
                  ],
                  "Index Cond": "(mi.movie_id = ci.movie_id)",
                  "Rows Removed by Index Recheck": 0,
                  "Filter": "((mi.info ~~ 'Japan:%200%'::text) OR (mi.info ~~ 'USA:%200%'::text))",
                  "Rows Removed by Filter": 166,
                  "Index Searches": 77,
                  "Shared Hit Blocks": 1290,
                  "Shared Read Blocks": 327,
                  "Shared Dirtied Blocks": 0,
                  "Shared Written Blocks": 0,
                  "Local Hit Blocks": 0,
                  "Local Read Blocks": 0,
                  "Local Dirtied Blocks": 0,
                  "Local Written Blocks": 0,
                  "Temp Read Blocks": 0,
                  "Temp Written Blocks": 0
                }
              ]
            },
            {
              "Node Type": "Index Scan",
              "Parent Relationship": "Inner",
              "Parallel Aware": false,
              "Async Capable": false,
              "Scan Direction": "Forward",
              "Index Name": "info_type_pkey",
              "Relation Name": "info_type",
              "Schema": "public",
              "Alias": "it",
              "Startup Cost": 0.14,
              "Total Cost": 0.16,
              "Plan Rows": 1,
              "Plan Width": 4,
              "Actual Startup Time": 0.001,
              "Actual Total Time": 0.001,
              "Actual Rows": 1.0,
              "Actual Loops": 184,
              "Disabled": false,
              "Output": [
                "it.id",
                "it.info"
              ],
              "Index Cond": "(it.id = mi.info_type_id)",
              "Rows Removed by Index Recheck": 0,
              "Filter": "((it.info)::text = 'release dates'::text)",
              "Rows Removed by Filter": 0,
              "Index Searches": 184,
              "Shared Hit Blocks": 368,
              "Shared Read Blocks": 0,
              "Shared Dirtied Blocks": 0,
              "Shared Written Blocks": 0,
              "Local Hit Blocks": 0,
              "Local Read Blocks": 0,
              "Local Dirtied Blocks": 0,
              "Local Written Blocks": 0,
              "Temp Read Blocks": 0,
              "Temp Written Blocks": 0
            }
          ]
        }
      ]
    },
    "Planning": {
      "Shared Hit Blocks": 108,
      "Shared Read Blocks": 64,
      "Shared Dirtied Blocks": 0,
      "Shared Written Blocks": 0,
      "Local Hit Blocks": 0,
      "Local Read Blocks": 0,
      "Local Dirtied Blocks": 0,
      "Local Written Blocks": 0,
      "Temp Read Blocks": 0,
      "Temp Written Blocks": 0
    },
    "Planning Time": 29.431,
    "Triggers": [],
    "Execution Time": 688.734
  }
]