[
  {
    "Plan": {
      "Node Type": "Aggregate",
      "Strategy": "Plain",
      "Partial Mode": "Simple",
      "Parallel Aware": false,
      "Async Capable": false,
      "Startup Cost": 2474.61,
      "Total Cost": 2474.62,
      "Plan Rows": 1,
      "Plan Width": 32,
      "Actual Startup Time": 158978.258,
      "Actual Total Time": 158978.268,
      "Actual Rows": 1.0,
      "Actual Loops": 1,
      "Disabled": false,
      "Output": [
        "min(t.title)"
      ],
      "Shared Hit Blocks": 255251478,
      "Shared Read Blocks": 2003119,
      "Shared Dirtied Blocks": 1,
      "Shared Written Blocks": 0,
      "Local Hit Blocks": 0,
      "Local Read Blocks": 0,
      "Local Dirtied Blocks": 0,
      "Local Written Blocks": 0,
      "Temp Read Blocks": 0,
      "Temp Written Blocks": 0,
      "Plans": [
        {
          "Node Type": "Nested Loop",
          "Parent Relationship": "Outer",
          "Parallel Aware": false,
          "Async Capable": false,
          "Join Type": "Inner",
          "Startup Cost": 21.78,
          "Total Cost": 2474.61,
          "Plan Rows": 1,
          "Plan Width": 17,
          "Actual Startup Time": 48005.666,
          "Actual Total Time": 158978.244,
          "Actual Rows": 33.0,
          "Actual Loops": 1,
          "Disabled": false,
          "Output": [
            "t.title"
          ],
          "Inner Unique": true,
          "Shared Hit Blocks": 255251478,
          "Shared Read Blocks": 2003119,
          "Shared Dirtied Blocks": 1,
          "Shared Written Blocks": 0,
          "Local Hit Blocks": 0,
          "Local Read Blocks": 0,
          "Local Dirtied Blocks": 0,
          "Local Written Blocks": 0,
          "Temp Read Blocks": 0,
          "Temp Written Blocks": 0,
          "Plans": [
            {
              "Node Type": "Nested Loop",
              "Parent Relationship": "Outer",
              "Parallel Aware": false,
              "Async Capable": false,
              "Join Type": "Inner",
              "Startup Cost": 21.35,
              "Total Cost": 2474.16,
              "Plan Rows": 1,
              "Plan Width": 21,
              "Actual Startup Time": 48004.196,
              "Actual Total Time": 158972.693,
              "Actual Rows": 33.0,
              "Actual Loops": 1,
              "Disabled": false,
              "Output": [
                "ci.person_id",
                "t.title"
              ],
              "Inner Unique": true,
              "Shared Hit Blocks": 255251394,
              "Shared Read Blocks": 2003103,
              "Shared Dirtied Blocks": 1,
              "Shared Written Blocks": 0,
              "Local Hit Blocks": 0,
              "Local Read Blocks": 0,
              "Local Dirtied Blocks": 0,
              "Local Written Blocks": 0,
              "Temp Read Blocks": 0,
              "Temp Written Blocks": 0,
              "Plans": [
                {
                  "Node Type": "Nested Loop",
                  "Parent Relationship": "Outer",
                  "Parallel Aware": false,
                  "Async Capable": false,
                  "Join Type": "Inner",
                  "Startup Cost": 20.93,
                  "Total Cost": 2473.71,
                  "Plan Rows": 1,
                  "Plan Width": 25,
                  "Actual Startup Time": 47978.964,
                  "Actual Total Time": 158894.176,
                  "Actual Rows": 1314.0,
                  "Actual Loops": 1,
                  "Disabled": false,
                  "Output": [
                    "ci.person_id",
                    "mk.keyword_id",
                    "t.title"
                  ],
                  "Inner Unique": true,
                  "Shared Hit Blocks": 255246805,
                  "Shared Read Blocks": 2002436,
                  "Shared Dirtied Blocks": 1,
                  "Shared Written Blocks": 0,
                  "Local Hit Blocks": 0,
                  "Local Read Blocks": 0,
                  "Local Dirtied Blocks": 0,
                  "Local Written Blocks": 0,
                  "Temp Read Blocks": 0,
                  "Temp Written Blocks": 0,
                  "Plans": [
                    {
                      "Node Type": "Nested Loop",
                      "Parent Relationship": "Outer",
                      "Parallel Aware": false,
                      "Async Capable": false,
                      "Join Type": "Inner",
                      "Startup Cost": 20.5,
                      "Total Cost": 2473.25,
                      "Plan Rows": 1,
                      "Plan Width": 29,
                      "Actual Startup Time": 3.9,
                      "Actual Total Time": 96917.764,
                      "Actual Rows": 87986607.0,
                      "Actual Loops": 1,
                      "Disabled": false,
                      "Output": [
                        "ci.person_role_id",
                        "ci.person_id",
                        "mk.keyword_id",
                        "t.title"
                      ],
                      "Inner Unique": false,
                      "Join Filter": "(ci.movie_id = t.id)",
                      "Rows Removed by Join Filter": 0,
                      "Shared Hit Blocks": 88026312,
                      "Shared Read Blocks": 1318005,
                      "Shared Dirtied Blocks": 1,
                      "Shared Written Blocks": 0,
                      "Local Hit Blocks": 0,
                      "Local Read Blocks": 0,
                      "Local Dirtied Blocks": 0,
                      "Local Written Blocks": 0,
                      "Temp Read Blocks": 0,
                      "Temp Written Blocks": 0,
                      "Plans": [
                        {
                          "Node Type": "Nested Loop",
                          "Parent Relationship": "Outer",
                          "Parallel Aware": false,
                          "Async Capable": false,
                          "Join Type": "Inner",
                          "Startup Cost": 20.06,
                          "Total Cost": 2471.43,
                          "Plan Rows": 1,
                          "Plan Width": 33,
                          "Actual Startup Time": 3.109,
                          "Actual Total Time": 4942.293,
                          "Actual Rows": 978322.0,
                          "Actual Loops": 1,
                          "Disabled": false,
                          "Output": [
                            "cc.movie_id",
                            "mk.movie_id",
                            "mk.keyword_id",
                            "t.title",
                            "t.id"
                          ],
                          "Inner Unique": false,
                          "Shared Hit Blocks": 500238,
                          "Shared Read Blocks": 106320,
                          "Shared Dirtied Blocks": 1,
                          "Shared Written Blocks": 0,
                          "Local Hit Blocks": 0,
                          "Local Read Blocks": 0,
                          "Local Dirtied Blocks": 0,
                          "Local Written Blocks": 0,
                          "Temp Read Blocks": 0,
                          "Temp Written Blocks": 0,
                          "Plans": [
                            {
                              "Node Type": "Nested Loop",
                              "Parent Relationship": "Outer",
                              "Parallel Aware": false,
                              "Async Capable": false,
                              "Join Type": "Inner",
                              "Startup Cost": 19.63,
                              "Total Cost": 2469.68,
                              "Plan Rows": 1,
                              "Plan Width": 25,
                              "Actual Startup Time": 2.083,
                              "Actual Total Time": 3381.466,
                              "Actual Rows": 28583.0,
                              "Actual Loops": 1,
                              "Disabled": false,
                              "Output": [
                                "cc.movie_id",
                                "t.title",
                                "t.id"
                              ],
                              "Inner Unique": true,
                              "Shared Hit Blocks": 408011,
                              "Shared Read Blocks": 83614,
                              "Shared Dirtied Blocks": 1,
                              "Shared Written Blocks": 0,
                              "Local Hit Blocks": 0,
                              "Local Read Blocks": 0,
                              "Local Dirtied Blocks": 0,
                              "Local Written Blocks": 0,
                              "Temp Read Blocks": 0,
                              "Temp Written Blocks": 0,
                              "Plans": [
                                {
                                  "Node Type": "Nested Loop",
                                  "Parent Relationship": "Outer",
                                  "Parallel Aware": false,
                                  "Async Capable": false,
                                  "Join Type": "Inner",
                                  "Startup Cost": 19.48,
                                  "Total Cost": 2469.5,
                                  "Plan Rows": 1,
                                  "Plan Width": 29,
                                  "Actual Startup Time": 1.363,
                                  "Actual Total Time": 3327.286,
                                  "Actual Rows": 73560.0,
                                  "Actual Loops": 1,
                                  "Disabled": false,
                                  "Output": [
                                    "cc.movie_id",
                                    "t.title",
                                    "t.kind_id",
                                    "t.id"
                                  ],
                                  "Inner Unique": true,
                                  "Shared Hit Blocks": 260893,
                                  "Shared Read Blocks": 83612,
                                  "Shared Dirtied Blocks": 1,
                                  "Shared Written Blocks": 0,
                                  "Local Hit Blocks": 0,
                                  "Local Read Blocks": 0,
                                  "Local Dirtied Blocks": 0,
                                  "Local Written Blocks": 0,
                                  "Temp Read Blocks": 0,
                                  "Temp Written Blocks": 0,
                                  "Plans": [
                                    {
                                      "Node Type": "Nested Loop",
                                      "Parent Relationship": "Outer",
                                      "Parallel Aware": false,
                                      "Async Capable": false,
                                      "Join Type": "Inner",
                                      "Startup Cost": 19.05,
                                      "Total Cost": 2467.72,
                                      "Plan Rows": 1,
                                      "Plan Width": 4,
                                      "Actual Startup Time": 1.35,
                                      "Actual Total Time": 52.629,
                                      "Actual Rows": 85941.0,
                                      "Actual Loops": 1,
                                      "Disabled": false,
                                      "Output": [
                                        "cc.movie_id"
                                      ],
                                      "Inner Unique": true,
                                      "Shared Hit Blocks": 2,
                                      "Shared Read Blocks": 739,
                                      "Shared Dirtied Blocks": 1,
                                      "Shared Written Blocks": 0,
                                      "Local Hit Blocks": 0,
                                      "Local Read Blocks": 0,
                                      "Local Dirtied Blocks": 0,
                                      "Local Written Blocks": 0,
                                      "Temp Read Blocks": 0,
                                      "Temp Written Blocks": 0,
                                      "Plans": [
                                        {
                                          "Node Type": "Hash Join",
                                          "Parent Relationship": "Outer",
                                          "Parallel Aware": false,
                                          "Async Capable": false,
                                          "Join Type": "Inner",
                                          "Startup Cost": 18.89,
                                          "Total Cost": 2462.46,
                                          "Plan Rows": 190,
                                          "Plan Width": 8,
                                          "Actual Startup Time": 1.335,
                                          "Actual Total Time": 28.275,
                                          "Actual Rows": 135086.0,
                                          "Actual Loops": 1,
                                          "Disabled": false,
                                          "Output": [
                                            "cc.movie_id",
                                            "cc.subject_id"
                                          ],
                                          "Inner Unique": true,
                                          "Hash Cond": "(cc.status_id = cct2.id)",
                                          "Shared Hit Blocks": 0,
                                          "Shared Read Blocks": 737,
                                          "Shared Dirtied Blocks": 1,
                                          "Shared Written Blocks": 0,
                                          "Local Hit Blocks": 0,
                                          "Local Read Blocks": 0,
                                          "Local Dirtied Blocks": 0,
                                          "Local Written Blocks": 0,
                                          "Temp Read Blocks": 0,
                                          "Temp Written Blocks": 0,
                                          "Plans": [
                                            {
                                              "Node Type": "Seq Scan",
                                              "Parent Relationship": "Outer",
                                              "Parallel Aware": false,
                                              "Async Capable": false,
                                              "Relation Name": "complete_cast",
                                              "Schema": "public",
                                              "Alias": "cc",
                                              "Startup Cost": 0.0,
                                              "Total Cost": 2086.86,
                                              "Plan Rows": 135086,
                                              "Plan Width": 12,
                                              "Actual Startup Time": 0.401,
                                              "Actual Total Time": 7.145,
                                              "Actual Rows": 135086.0,
                                              "Actual Loops": 1,
                                              "Disabled": false,
                                              "Output": [
                                                "cc.id",
                                                "cc.movie_id",
                                                "cc.subject_id",
                                                "cc.status_id"
                                              ],
                                              "Shared Hit Blocks": 0,
                                              "Shared Read Blocks": 736,
                                              "Shared Dirtied Blocks": 0,
                                              "Shared Written Blocks": 0,
                                              "Local Hit Blocks": 0,
                                              "Local Read Blocks": 0,
                                              "Local Dirtied Blocks": 0,
                                              "Local Written Blocks": 0,
                                              "Temp Read Blocks": 0,
                                              "Temp Written Blocks": 0
                                            },
                                            {
                                              "Node Type": "Hash",
                                              "Parent Relationship": "Inner",
                                              "Parallel Aware": false,
                                              "Async Capable": false,
                                              "Startup Cost": 18.88,
                                              "Total Cost": 18.88,
                                              "Plan Rows": 1,
                                              "Plan Width": 4,
                                              "Actual Startup Time": 0.929,
                                              "Actual Total Time": 0.93,
                                              "Actual Rows": 2.0,
                                              "Actual Loops": 1,
                                              "Disabled": false,
                                              "Output": [
                                                "cct2.id"
                                              ],
                                              "Hash Buckets": 1024,
                                              "Original Hash Buckets": 1024,
                                              "Hash Batches": 1,
                                              "Original Hash Batches": 1,
                                              "Peak Memory Usage": 9,
                                              "Shared Hit Blocks": 0,
                                              "Shared Read Blocks": 1,
                                              "Shared Dirtied Blocks": 1,
                                              "Shared Written Blocks": 0,
                                              "Local Hit Blocks": 0,
                                              "Local Read Blocks": 0,
                                              "Local Dirtied Blocks": 0,
                                              "Local Written Blocks": 0,
                                              "Temp Read Blocks": 0,
                                              "Temp Written Blocks": 0,
                                              "Plans": [
                                                {
                                                  "Node Type": "Seq Scan",
                                                  "Parent Relationship": "Outer",
                                                  "Parallel Aware": false,
                                                  "Async Capable": false,
                                                  "Relation Name": "comp_cast_type",
                                                  "Schema": "public",
                                                  "Alias": "cct2",
                                                  "Startup Cost": 0.0,
                                                  "Total Cost": 18.88,
                                                  "Plan Rows": 1,
                                                  "Plan Width": 4,
                                                  "Actual Startup Time": 0.922,
                                                  "Actual Total Time": 0.922,
                                                  "Actual Rows": 2.0,
                                                  "Actual Loops": 1,
                                                  "Disabled": false,
                                                  "Output": [
                                                    "cct2.id"
                                                  ],
                                                  "Filter": "((cct2.kind)::text ~~ '%complete%'::text)",
                                                  "Rows Removed by Filter": 2,
                                                  "Shared Hit Blocks": 0,
                                                  "Shared Read Blocks": 1,
                                                  "Shared Dirtied Blocks": 1,
                                                  "Shared Written Blocks": 0,
                                                  "Local Hit Blocks": 0,
                                                  "Local Read Blocks": 0,
                                                  "Local Dirtied Blocks": 0,
                                                  "Local Written Blocks": 0,
                                                  "Temp Read Blocks": 0,
                                                  "Temp Written Blocks": 0
                                                }
                                              ]
                                            }
                                          ]
                                        },
                                        {
                                          "Node Type": "Memoize",
                                          "Parent Relationship": "Inner",
                                          "Parallel Aware": false,
                                          "Async Capable": false,
                                          "Startup Cost": 0.16,
                                          "Total Cost": 0.18,
                                          "Plan Rows": 1,
                                          "Plan Width": 4,
                                          "Actual Startup Time": 0.0,
                                          "Actual Total Time": 0.0,
                                          "Actual Rows": 0.64,
                                          "Actual Loops": 135086,
                                          "Disabled": false,
                                          "Output": [
                                            "cct1.id"
                                          ],
                                          "Cache Key": "cc.subject_id",
                                          "Cache Mode": "logical",
                                          "Cache Hits": 135084,
                                          "Cache Misses": 2,
                                          "Cache Evictions": 0,
                                          "Cache Overflows": 0,
                                          "Peak Memory Usage": 1,
                                          "Shared Hit Blocks": 2,
                                          "Shared Read Blocks": 2,
                                          "Shared Dirtied Blocks": 0,
                                          "Shared Written Blocks": 0,
                                          "Local Hit Blocks": 0,
                                          "Local Read Blocks": 0,
                                          "Local Dirtied Blocks": 0,
                                          "Local Written Blocks": 0,
                                          "Temp Read Blocks": 0,
                                          "Temp Written Blocks": 0,
                                          "Plans": [
                                            {
                                              "Node Type": "Index Scan",
                                              "Parent Relationship": "Outer",
                                              "Parallel Aware": false,
                                              "Async Capable": false,
                                              "Scan Direction": "Forward",
                                              "Index Name": "comp_cast_type_pkey",
                                              "Relation Name": "comp_cast_type",
                                              "Schema": "public",
                                              "Alias": "cct1",
                                              "Startup Cost": 0.15,
                                              "Total Cost": 0.17,
                                              "Plan Rows": 1,
                                              "Plan Width": 4,
                                              "Actual Startup Time": 0.114,
                                              "Actual Total Time": 0.114,
                                              "Actual Rows": 0.5,
                                              "Actual Loops": 2,
                                              "Disabled": false,
                                              "Output": [
                                                "cct1.id"
                                              ],
                                              "Index Cond": "(cct1.id = cc.subject_id)",
                                              "Rows Removed by Index Recheck": 0,
                                              "Filter": "((cct1.kind)::text = 'cast'::text)",
                                              "Rows Removed by Filter": 0,
                                              "Index Searches": 2,
                                              "Shared Hit Blocks": 2,
                                              "Shared Read Blocks": 2,
                                              "Shared Dirtied Blocks": 0,
                                              "Shared Written Blocks": 0,
                                              "Local Hit Blocks": 0,
                                              "Local Read Blocks": 0,
                                              "Local Dirtied Blocks": 0,
                                              "Local Written Blocks": 0,
                                              "Temp Read Blocks": 0,
                                              "Temp Written Blocks": 0
                                            }
                                          ]
                                        }
                                      ]
                                    },
                                    {
                                      "Node Type": "Index Scan",
                                      "Parent Relationship": "Inner",
                                      "Parallel Aware": false,
                                      "Async Capable": false,
                                      "Scan Direction": "Forward",
                                      "Index Name": "title_pkey",
                                      "Relation Name": "title",
                                      "Schema": "public",
                                      "Alias": "t",
                                      "Startup Cost": 0.43,
                                      "Total Cost": 1.78,
                                      "Plan Rows": 1,
                                      "Plan Width": 25,
                                      "Actual Startup Time": 0.038,
                                      "Actual Total Time": 0.038,
                                      "Actual Rows": 0.86,
                                      "Actual Loops": 85941,
                                      "Disabled": false,
                                      "Output": [
                                        "t.id",
                                        "t.title",
                                        "t.imdb_index",
                                        "t.kind_id",
                                        "t.production_year",
                                        "t.imdb_id",
                                        "t.phonetic_code",
                                        "t.episode_of_id",
                                        "t.season_nr",
                                        "t.episode_nr",
                                        "t.series_years",
                                        "t.md5sum"
                                      ],
                                      "Index Cond": "(t.id = cc.movie_id)",
                                      "Rows Removed by Index Recheck": 0,
                                      "Filter": "(t.production_year > 1950)",
                                      "Rows Removed by Filter": 0,
                                      "Index Searches": 85941,
                                      "Shared Hit Blocks": 260891,
                                      "Shared Read Blocks": 82873,
                                      "Shared Dirtied Blocks": 0,
                                      "Shared Written Blocks": 0,
                                      "Local Hit Blocks": 0,
                                      "Local Read Blocks": 0,
                                      "Local Dirtied Blocks": 0,
                                      "Local Written Blocks": 0,
                                      "Temp Read Blocks": 0,
                                      "Temp Written Blocks": 0
                                    }
                                  ]
                                },
                                {
                                  "Node Type": "Index Scan",
                                  "Parent Relationship": "Inner",
                                  "Parallel Aware": false,
                                  "Async Capable": false,
                                  "Scan Direction": "Forward",
                                  "Index Name": "kind_type_pkey",
                                  "Relation Name": "kind_type",
                                  "Schema": "public",
                                  "Alias": "kt",
                                  "Startup Cost": 0.15,
                                  "Total Cost": 0.17,
                                  "Plan Rows": 1,
                                  "Plan Width": 4,
                                  "Actual Startup Time": 0.001,
                                  "Actual Total Time": 0.001,
                                  "Actual Rows": 0.39,
                                  "Actual Loops": 73560,
                                  "Disabled": false,
                                  "Output": [
                                    "kt.id",
                                    "kt.kind"
                                  ],
                                  "Index Cond": "(kt.id = t.kind_id)",
                                  "Rows Removed by Index Recheck": 0,
                                  "Filter": "((kt.kind)::text = 'movie'::text)",
                                  "Rows Removed by Filter": 1,
                                  "Index Searches": 73560,
                                  "Shared Hit Blocks": 147118,
                                  "Shared Read Blocks": 2,
                                  "Shared Dirtied Blocks": 0,
                                  "Shared Written Blocks": 0,
                                  "Local Hit Blocks": 0,
                                  "Local Read Blocks": 0,
                                  "Local Dirtied Blocks": 0,
                                  "Local Written Blocks": 0,
                                  "Temp Read Blocks": 0,
                                  "Temp Written Blocks": 0
                                }
                              ]
                            },
                            {
                              "Node Type": "Index Scan",
                              "Parent Relationship": "Inner",
                              "Parallel Aware": false,
                              "Async Capable": false,
                              "Scan Direction": "Forward",
                              "Index Name": "movie_id_movie_keyword",
                              "Relation Name": "movie_keyword",
                              "Schema": "public",
                              "Alias": "mk",
                              "Startup Cost": 0.43,
                              "Total Cost": 1.3,
                              "Plan Rows": 46,
                              "Plan Width": 8,
                              "Actual Startup Time": 0.042,
                              "Actual Total Time": 0.052,
                              "Actual Rows": 34.23,
                              "Actual Loops": 28583,
                              "Disabled": false,
                              "Output": [
                                "mk.id",
                                "mk.movie_id",
                                "mk.keyword_id"
                              ],
                              "Index Cond": "(mk.movie_id = t.id)",
                              "Rows Removed by Index Recheck": 0,
                              "Index Searches": 28583,
                              "Shared Hit Blocks": 92227,
                              "Shared Read Blocks": 22706,
                              "Shared Dirtied Blocks": 0,
                              "Shared Written Blocks": 0,
                              "Local Hit Blocks": 0,
                              "Local Read Blocks": 0,
                              "Local Dirtied Blocks": 0,
                              "Local Written Blocks": 0,
                              "Temp Read Blocks": 0,
                              "Temp Written Blocks": 0
                            }
                          ]
                        },
                        {
                          "Node Type": "Index Scan",
                          "Parent Relationship": "Inner",
                          "Parallel Aware": false,
                          "Async Capable": false,
                          "Scan Direction": "Forward",
                          "Index Name": "movie_id_cast_info",
                          "Relation Name": "cast_info",
                          "Schema": "public",
                          "Alias": "ci",
                          "Startup Cost": 0.44,
                          "Total Cost": 1.35,
                          "Plan Rows": 37,
                          "Plan Width": 12,
                          "Actual Startup Time": 0.006,
                          "Actual Total Time": 0.088,
                          "Actual Rows": 89.94,
                          "Actual Loops": 978322,
                          "Disabled": false,
                          "Output": [
                            "ci.id",
                            "ci.person_id",
                            "ci.movie_id",
                            "ci.person_role_id",
                            "ci.note",
                            "ci.nr_order",
                            "ci.role_id"
                          ],
                          "Index Cond": "(ci.movie_id = mk.movie_id)",
                          "Rows Removed by Index Recheck": 0,
                          "Index Searches": 978322,
                          "Shared Hit Blocks": 87526074,
                          "Shared Read Blocks": 1211685,
                          "Shared Dirtied Blocks": 0,
                          "Shared Written Blocks": 0,
                          "Local Hit Blocks": 0,
                          "Local Read Blocks": 0,
                          "Local Dirtied Blocks": 0,
                          "Local Written Blocks": 0,
                          "Temp Read Blocks": 0,
                          "Temp Written Blocks": 0
                        }
                      ]
                    },
                    {
                      "Node Type": "Index Scan",
                      "Parent Relationship": "Inner",
                      "Parallel Aware": false,
                      "Async Capable": false,
                      "Scan Direction": "Forward",
                      "Index Name": "char_name_pkey",
                      "Relation Name": "char_name",
                      "Schema": "public",
                      "Alias": "chn",
                      "Startup Cost": 0.43,
                      "Total Cost": 0.46,
                      "Plan Rows": 1,
                      "Plan Width": 4,
                      "Actual Startup Time": 0.001,
                      "Actual Total Time": 0.001,
                      "Actual Rows": 0.0,
                      "Actual Loops": 87986607,
                      "Disabled": false,
                      "Output": [
                        "chn.id",
                        "chn.name",
                        "chn.imdb_index",
                        "chn.imdb_id",
                        "chn.name_pcode_nf",
                        "chn.surname_pcode",
                        "chn.md5sum"
                      ],
                      "Index Cond": "(chn.id = ci.person_role_id)",
                      "Rows Removed by Index Recheck": 0,
                      "Filter": "((chn.name !~~ '%Sherlock%'::text) AND ((chn.name ~~ '%Tony%Stark%'::text) OR (chn.name ~~ '%Iron%Man%'::text)))",
                      "Rows Removed by Filter": 0,
                      "Index Searches": 41976231,
                      "Shared Hit Blocks": 167220493,
                      "Shared Read Blocks": 684431,
                      "Shared Dirtied Blocks": 0,
                      "Shared Written Blocks": 0,
                      "Local Hit Blocks": 0,
                      "Local Read Blocks": 0,
                      "Local Dirtied Blocks": 0,
                      "Local Written Blocks": 0,
                      "Temp Read Blocks": 0,
                      "Temp Written Blocks": 0
                    }
                  ]
                },
                {
                  "Node Type": "Index Scan",
                  "Parent Relationship": "Inner",
                  "Parallel Aware": false,
                  "Async Capable": false,
                  "Scan Direction": "Forward",
                  "Index Name": "keyword_pkey",
                  "Relation Name": "keyword",
                  "Schema": "public",
                  "Alias": "k",
                  "Startup Cost": 0.42,
                  "Total Cost": 0.45,
                  "Plan Rows": 1,
                  "Plan Width": 4,
                  "Actual Startup Time": 0.06,
                  "Actual Total Time": 0.06,
                  "Actual Rows": 0.03,
                  "Actual Loops": 1314,
                  "Disabled": false,
                  "Output": [
                    "k.id",
                    "k.keyword",
                    "k.phonetic_code"
                  ],
                  "Index Cond": "(k.id = mk.keyword_id)",
                  "Rows Removed by Index Recheck": 0,
                  "Filter": "(k.keyword = ANY ('{superhero,sequel,second-part,marvel-comics,based-on-comic,tv-special,fight,violence}'::text[]))",
                  "Rows Removed by Filter": 1,
                  "Index Searches": 1314,
                  "Shared Hit Blocks": 4589,
                  "Shared Read Blocks": 667,
                  "Shared Dirtied Blocks": 0,
                  "Shared Written Blocks": 0,
                  "Local Hit Blocks": 0,
                  "Local Read Blocks": 0,
                  "Local Dirtied Blocks": 0,
                  "Local Written Blocks": 0,
                  "Temp Read Blocks": 0,
                  "Temp Written Blocks": 0
                }
              ]
            },
            {
              "Node Type": "Index Only Scan",
              "Parent Relationship": "Inner",
              "Parallel Aware": false,
              "Async Capable": false,
              "Scan Direction": "Forward",
              "Index Name": "name_pkey",
              "Relation Name": "name",
              "Schema": "public",
              "Alias": "n",
              "Startup Cost": 0.43,
              "Total Cost": 0.45,
              "Plan Rows": 1,
              "Plan Width": 4,
              "Actual Startup Time": 0.167,
              "Actual Total Time": 0.167,
              "Actual Rows": 1.0,
              "Actual Loops": 33,
              "Disabled": false,
              "Output": [
                "n.id"
              ],
              "Index Cond": "(n.id = ci.person_id)",
              "Rows Removed by Index Recheck": 0,
              "Heap Fetches": 0,
              "Index Searches": 33,
              "Shared Hit Blocks": 84,
              "Shared Read Blocks": 16,
              "Shared Dirtied Blocks": 0,
              "Shared Written Blocks": 0,
              "Local Hit Blocks": 0,
              "Local Read Blocks": 0,
              "Local Dirtied Blocks": 0,
              "Local Written Blocks": 0,
              "Temp Read Blocks": 0,
              "Temp Written Blocks": 0
            }
          ]
        }
      ]
    },
    "Planning": {
      "Shared Hit Blocks": 141,
      "Shared Read Blocks": 63,
      "Shared Dirtied Blocks": 1,
      "Shared Written Blocks": 0,
      "Local Hit Blocks": 0,
      "Local Read Blocks": 0,
      "Local Dirtied Blocks": 0,
      "Local Written Blocks": 0,
      "Temp Read Blocks": 0,
      "Temp Written Blocks": 0
    },
    "Planning Time": 20.73,
    "Triggers": [],
    "Execution Time": 158978.378
  }
]