[
  {
    "Plan": {
      "Node Type": "Aggregate",
      "Strategy": "Plain",
      "Partial Mode": "Simple",
      "Parallel Aware": false,
      "Async Capable": false,
      "Startup Cost": 3856.06,
      "Total Cost": 3856.07,
      "Plan Rows": 1,
      "Plan Width": 64,
      "Actual Startup Time": 4220.887,
      "Actual Total Time": 4220.891,
      "Actual Rows": 1.0,
      "Actual Loops": 1,
      "Disabled": false,
      "Output": [
        "min((kt.kind)::text)",
        "min(t.title)"
      ],
      "Shared Hit Blocks": 130639,
      "Shared Read Blocks": 86465,
      "Shared Dirtied Blocks": 0,
      "Shared Written Blocks": 0,
      "Local Hit Blocks": 0,
      "Local Read Blocks": 0,
      "Local Dirtied Blocks": 0,
      "Local Written Blocks": 0,
      "Temp Read Blocks": 0,
      "Temp Written Blocks": 0,
      "Plans": [
        {
          "Node Type": "Nested Loop",
          "Parent Relationship": "Outer",
          "Parallel Aware": false,
          "Async Capable": false,
          "Join Type": "Inner",
          "Startup Cost": 21.95,
          "Total Cost": 3856.06,
          "Plan Rows": 1,
          "Plan Width": 65,
          "Actual Startup Time": 789.743,
          "Actual Total Time": 4220.827,
          "Actual Rows": 628.0,
          "Actual Loops": 1,
          "Disabled": false,
          "Output": [
            "kt.kind",
            "t.title"
          ],
          "Inner Unique": true,
          "Shared Hit Blocks": 130639,
          "Shared Read Blocks": 86465,
          "Shared Dirtied Blocks": 0,
          "Shared Written Blocks": 0,
          "Local Hit Blocks": 0,
          "Local Read Blocks": 0,
          "Local Dirtied Blocks": 0,
          "Local Written Blocks": 0,
          "Temp Read Blocks": 0,
          "Temp Written Blocks": 0,
          "Plans": [
            {
              "Node Type": "Nested Loop",
              "Parent Relationship": "Outer",
              "Parallel Aware": false,
              "Async Capable": false,
              "Join Type": "Inner",
              "Startup Cost": 21.52,
              "Total Cost": 3855.62,
              "Plan Rows": 1,
              "Plan Width": 69,
              "Actual Startup Time": 789.737,
              "Actual Total Time": 4215.831,
              "Actual Rows": 628.0,
              "Actual Loops": 1,
              "Disabled": false,
              "Output": [
                "mk.keyword_id",
                "t.title",
                "kt.kind"
              ],
              "Inner Unique": true,
              "Shared Hit Blocks": 128945,
              "Shared Read Blocks": 86274,
              "Shared Dirtied Blocks": 0,
              "Shared Written Blocks": 0,
              "Local Hit Blocks": 0,
              "Local Read Blocks": 0,
              "Local Dirtied Blocks": 0,
              "Local Written Blocks": 0,
              "Temp Read Blocks": 0,
              "Temp Written Blocks": 0,
              "Plans": [
                {
                  "Node Type": "Nested Loop",
                  "Parent Relationship": "Outer",
                  "Parallel Aware": false,
                  "Async Capable": false,
                  "Join Type": "Inner",
                  "Startup Cost": 21.38,
                  "Total Cost": 3855.32,
                  "Plan Rows": 1,
                  "Plan Width": 73,
                  "Actual Startup Time": 789.732,
                  "Actual Total Time": 4215.499,
                  "Actual Rows": 628.0,
                  "Actual Loops": 1,
                  "Disabled": false,
                  "Output": [
                    "mi.info_type_id",
                    "mk.keyword_id",
                    "t.title",
                    "kt.kind"
                  ],
                  "Inner Unique": true,
                  "Shared Hit Blocks": 127689,
                  "Shared Read Blocks": 86274,
                  "Shared Dirtied Blocks": 0,
                  "Shared Written Blocks": 0,
                  "Local Hit Blocks": 0,
                  "Local Read Blocks": 0,
                  "Local Dirtied Blocks": 0,
                  "Local Written Blocks": 0,
                  "Temp Read Blocks": 0,
                  "Temp Written Blocks": 0,
                  "Plans": [
                    {
                      "Node Type": "Nested Loop",
                      "Parent Relationship": "Outer",
                      "Parallel Aware": false,
                      "Async Capable": false,
                      "Join Type": "Inner",
                      "Startup Cost": 21.23,
                      "Total Cost": 3855.16,
                      "Plan Rows": 1,
                      "Plan Width": 77,
                      "Actual Startup Time": 789.727,
                      "Actual Total Time": 4215.211,
                      "Actual Rows": 628.0,
                      "Actual Loops": 1,
                      "Disabled": false,
                      "Output": [
                        "mc.company_type_id",
                        "mi.info_type_id",
                        "mk.keyword_id",
                        "t.title",
                        "kt.kind"
                      ],
                      "Inner Unique": true,
                      "Shared Hit Blocks": 126433,
                      "Shared Read Blocks": 86274,
                      "Shared Dirtied Blocks": 0,
                      "Shared Written Blocks": 0,
                      "Local Hit Blocks": 0,
                      "Local Read Blocks": 0,
                      "Local Dirtied Blocks": 0,
                      "Local Written Blocks": 0,
                      "Temp Read Blocks": 0,
                      "Temp Written Blocks": 0,
                      "Plans": [
                        {
                          "Node Type": "Nested Loop",
                          "Parent Relationship": "Outer",
                          "Parallel Aware": false,
                          "Async Capable": false,
                          "Join Type": "Inner",
                          "Startup Cost": 20.81,
                          "Total Cost": 3854.71,
                          "Plan Rows": 1,
                          "Plan Width": 81,
                          "Actual Startup Time": 789.697,
                          "Actual Total Time": 4214.226,
                          "Actual Rows": 628.0,
                          "Actual Loops": 1,
                          "Disabled": false,
                          "Output": [
                            "mc.company_id",
                            "mc.company_type_id",
                            "mi.info_type_id",
                            "mk.keyword_id",
                            "t.title",
                            "kt.kind"
                          ],
                          "Inner Unique": false,
                          "Join Filter": "(mc.movie_id = t.id)",
                          "Rows Removed by Join Filter": 0,
                          "Shared Hit Blocks": 123933,
                          "Shared Read Blocks": 86262,
                          "Shared Dirtied Blocks": 0,
                          "Shared Written Blocks": 0,
                          "Local Hit Blocks": 0,
                          "Local Read Blocks": 0,
                          "Local Dirtied Blocks": 0,
                          "Local Written Blocks": 0,
                          "Temp Read Blocks": 0,
                          "Temp Written Blocks": 0,
                          "Plans": [
                            {
                              "Node Type": "Nested Loop",
                              "Parent Relationship": "Outer",
                              "Parallel Aware": false,
                              "Async Capable": false,
                              "Join Type": "Inner",
                              "Startup Cost": 20.38,
                              "Total Cost": 3854.11,
                              "Plan Rows": 1,
                              "Plan Width": 89,
                              "Actual Startup Time": 789.212,
                              "Actual Total Time": 4212.504,
                              "Actual Rows": 625.0,
                              "Actual Loops": 1,
                              "Disabled": false,
                              "Output": [
                                "cc.movie_id",
                                "mi.movie_id",
                                "mi.info_type_id",
                                "mk.movie_id",
                                "mk.keyword_id",
                                "t.title",
                                "t.id",
                                "kt.kind"
                              ],
                              "Inner Unique": false,
                              "Shared Hit Blocks": 121441,
                              "Shared Read Blocks": 86251,
                              "Shared Dirtied Blocks": 0,
                              "Shared Written Blocks": 0,
                              "Local Hit Blocks": 0,
                              "Local Read Blocks": 0,
                              "Local Dirtied Blocks": 0,
                              "Local Written Blocks": 0,
                              "Temp Read Blocks": 0,
                              "Temp Written Blocks": 0,
                              "Plans": [
                                {
                                  "Node Type": "Nested Loop",
                                  "Parent Relationship": "Outer",
                                  "Parallel Aware": false,
                                  "Async Capable": false,
                                  "Join Type": "Inner",
                                  "Startup Cost": 19.95,
                                  "Total Cost": 3852.33,
                                  "Plan Rows": 1,
                                  "Plan Width": 81,
                                  "Actual Startup Time": 788.429,
                                  "Actual Total Time": 4211.333,
                                  "Actual Rows": 6.0,
                                  "Actual Loops": 1,
                                  "Disabled": false,
                                  "Output": [
                                    "cc.movie_id",
                                    "mi.movie_id",
                                    "mi.info_type_id",
                                    "t.title",
                                    "t.id",
                                    "kt.kind"
                                  ],
                                  "Inner Unique": false,
                                  "Shared Hit Blocks": 121428,
                                  "Shared Read Blocks": 86236,
                                  "Shared Dirtied Blocks": 0,
                                  "Shared Written Blocks": 0,
                                  "Local Hit Blocks": 0,
                                  "Local Read Blocks": 0,
                                  "Local Dirtied Blocks": 0,
                                  "Local Written Blocks": 0,
                                  "Temp Read Blocks": 0,
                                  "Temp Written Blocks": 0,
                                  "Plans": [
                                    {
                                      "Node Type": "Nested Loop",
                                      "Parent Relationship": "Outer",
                                      "Parallel Aware": false,
                                      "Async Capable": false,
                                      "Join Type": "Inner",
                                      "Startup Cost": 19.52,
                                      "Total Cost": 3833.6,
                                      "Plan Rows": 10,
                                      "Plan Width": 73,
                                      "Actual Startup Time": 0.131,
                                      "Actual Total Time": 247.314,
                                      "Actual Rows": 5053.0,
                                      "Actual Loops": 1,
                                      "Disabled": false,
                                      "Output": [
                                        "cc.movie_id",
                                        "t.title",
                                        "t.id",
                                        "kt.kind"
                                      ],
                                      "Inner Unique": true,
                                      "Shared Hit Blocks": 77772,
                                      "Shared Read Blocks": 21343,
                                      "Shared Dirtied Blocks": 0,
                                      "Shared Written Blocks": 0,
                                      "Local Hit Blocks": 0,
                                      "Local Read Blocks": 0,
                                      "Local Dirtied Blocks": 0,
                                      "Local Written Blocks": 0,
                                      "Temp Read Blocks": 0,
                                      "Temp Written Blocks": 0,
                                      "Plans": [
                                        {
                                          "Node Type": "Nested Loop",
                                          "Parent Relationship": "Outer",
                                          "Parallel Aware": false,
                                          "Async Capable": false,
                                          "Join Type": "Inner",
                                          "Startup Cost": 19.36,
                                          "Total Cost": 3819.22,
                                          "Plan Rows": 528,
                                          "Plan Width": 29,
                                          "Actual Startup Time": 0.117,
                                          "Actual Total Time": 245.295,
                                          "Actual Rows": 6424.0,
                                          "Actual Loops": 1,
                                          "Disabled": false,
                                          "Output": [
                                            "cc.movie_id",
                                            "t.title",
                                            "t.kind_id",
                                            "t.id"
                                          ],
                                          "Inner Unique": true,
                                          "Shared Hit Blocks": 77764,
                                          "Shared Read Blocks": 21341,
                                          "Shared Dirtied Blocks": 0,
                                          "Shared Written Blocks": 0,
                                          "Local Hit Blocks": 0,
                                          "Local Read Blocks": 0,
                                          "Local Dirtied Blocks": 0,
                                          "Local Written Blocks": 0,
                                          "Temp Read Blocks": 0,
                                          "Temp Written Blocks": 0,
                                          "Plans": [
                                            {
                                              "Node Type": "Hash Join",
                                              "Parent Relationship": "Outer",
                                              "Parallel Aware": false,
                                              "Async Capable": false,
                                              "Join Type": "Inner",
                                              "Startup Cost": 18.93,
                                              "Total Cost": 2462.5,
                                              "Plan Rows": 761,
                                              "Plan Width": 4,
                                              "Actual Startup Time": 0.087,
                                              "Actual Total Time": 13.535,
                                              "Actual Rows": 24592.0,
                                              "Actual Loops": 1,
                                              "Disabled": false,
                                              "Output": [
                                                "cc.movie_id"
                                              ],
                                              "Inner Unique": true,
                                              "Hash Cond": "(cc.status_id = cct1.id)",
                                              "Shared Hit Blocks": 0,
                                              "Shared Read Blocks": 737,
                                              "Shared Dirtied Blocks": 0,
                                              "Shared Written Blocks": 0,
                                              "Local Hit Blocks": 0,
                                              "Local Read Blocks": 0,
                                              "Local Dirtied Blocks": 0,
                                              "Local Written Blocks": 0,
                                              "Temp Read Blocks": 0,
                                              "Temp Written Blocks": 0,
                                              "Plans": [
                                                {
                                                  "Node Type": "Seq Scan",
                                                  "Parent Relationship": "Outer",
                                                  "Parallel Aware": false,
                                                  "Async Capable": false,
                                                  "Relation Name": "complete_cast",
                                                  "Schema": "public",
                                                  "Alias": "cc",
                                                  "Startup Cost": 0.0,
                                                  "Total Cost": 2086.86,
                                                  "Plan Rows": 135086,
                                                  "Plan Width": 8,
                                                  "Actual Startup Time": 0.045,
                                                  "Actual Total Time": 5.746,
                                                  "Actual Rows": 135086.0,
                                                  "Actual Loops": 1,
                                                  "Disabled": false,
                                                  "Output": [
                                                    "cc.id",
                                                    "cc.movie_id",
                                                    "cc.subject_id",
                                                    "cc.status_id"
                                                  ],
                                                  "Shared Hit Blocks": 0,
                                                  "Shared Read Blocks": 736,
                                                  "Shared Dirtied Blocks": 0,
                                                  "Shared Written Blocks": 0,
                                                  "Local Hit Blocks": 0,
                                                  "Local Read Blocks": 0,
                                                  "Local Dirtied Blocks": 0,
                                                  "Local Written Blocks": 0,
                                                  "Temp Read Blocks": 0,
                                                  "Temp Written Blocks": 0
                                                },
                                                {
                                                  "Node Type": "Hash",
                                                  "Parent Relationship": "Inner",
                                                  "Parallel Aware": false,
                                                  "Async Capable": false,
                                                  "Startup Cost": 18.88,
                                                  "Total Cost": 18.88,
                                                  "Plan Rows": 4,
                                                  "Plan Width": 4,
                                                  "Actual Startup Time": 0.039,
                                                  "Actual Total Time": 0.039,
                                                  "Actual Rows": 1.0,
                                                  "Actual Loops": 1,
                                                  "Disabled": false,
                                                  "Output": [
                                                    "cct1.id"
                                                  ],
                                                  "Hash Buckets": 1024,
                                                  "Original Hash Buckets": 1024,
                                                  "Hash Batches": 1,
                                                  "Original Hash Batches": 1,
                                                  "Peak Memory Usage": 9,
                                                  "Shared Hit Blocks": 0,
                                                  "Shared Read Blocks": 1,
                                                  "Shared Dirtied Blocks": 0,
                                                  "Shared Written Blocks": 0,
                                                  "Local Hit Blocks": 0,
                                                  "Local Read Blocks": 0,
                                                  "Local Dirtied Blocks": 0,
                                                  "Local Written Blocks": 0,
                                                  "Temp Read Blocks": 0,
                                                  "Temp Written Blocks": 0,
                                                  "Plans": [
                                                    {
                                                      "Node Type": "Seq Scan",
                                                      "Parent Relationship": "Outer",
                                                      "Parallel Aware": false,
                                                      "Async Capable": false,
                                                      "Relation Name": "comp_cast_type",
                                                      "Schema": "public",
                                                      "Alias": "cct1",
                                                      "Startup Cost": 0.0,
                                                      "Total Cost": 18.88,
                                                      "Plan Rows": 4,
                                                      "Plan Width": 4,
                                                      "Actual Startup Time": 0.036,
                                                      "Actual Total Time": 0.036,
                                                      "Actual Rows": 1.0,
                                                      "Actual Loops": 1,
                                                      "Disabled": false,
                                                      "Output": [
                                                        "cct1.id"
                                                      ],
                                                      "Filter": "((cct1.kind)::text = 'complete+verified'::text)",
                                                      "Rows Removed by Filter": 3,
                                                      "Shared Hit Blocks": 0,
                                                      "Shared Read Blocks": 1,
                                                      "Shared Dirtied Blocks": 0,
                                                      "Shared Written Blocks": 0,
                                                      "Local Hit Blocks": 0,
                                                      "Local Read Blocks": 0,
                                                      "Local Dirtied Blocks": 0,
                                                      "Local Written Blocks": 0,
                                                      "Temp Read Blocks": 0,
                                                      "Temp Written Blocks": 0
                                                    }
                                                  ]
                                                }
                                              ]
                                            },
                                            {
                                              "Node Type": "Index Scan",
                                              "Parent Relationship": "Inner",
                                              "Parallel Aware": false,
                                              "Async Capable": false,
                                              "Scan Direction": "Forward",
                                              "Index Name": "title_pkey",
                                              "Relation Name": "title",
                                              "Schema": "public",
                                              "Alias": "t",
                                              "Startup Cost": 0.43,
                                              "Total Cost": 1.78,
                                              "Plan Rows": 1,
                                              "Plan Width": 25,
                                              "Actual Startup Time": 0.009,
                                              "Actual Total Time": 0.009,
                                              "Actual Rows": 0.26,
                                              "Actual Loops": 24592,
                                              "Disabled": false,
                                              "Output": [
                                                "t.id",
                                                "t.title",
                                                "t.imdb_index",
                                                "t.kind_id",
                                                "t.production_year",
                                                "t.imdb_id",
                                                "t.phonetic_code",
                                                "t.episode_of_id",
                                                "t.season_nr",
                                                "t.episode_nr",
                                                "t.series_years",
                                                "t.md5sum"
                                              ],
                                              "Index Cond": "(t.id = cc.movie_id)",
                                              "Rows Removed by Index Recheck": 0,
                                              "Filter": "(t.production_year > 1990)",
                                              "Rows Removed by Filter": 1,
                                              "Index Searches": 24592,
                                              "Shared Hit Blocks": 77764,
                                              "Shared Read Blocks": 20604,
                                              "Shared Dirtied Blocks": 0,
                                              "Shared Written Blocks": 0,
                                              "Local Hit Blocks": 0,
                                              "Local Read Blocks": 0,
                                              "Local Dirtied Blocks": 0,
                                              "Local Written Blocks": 0,
                                              "Temp Read Blocks": 0,
                                              "Temp Written Blocks": 0
                                            }
                                          ]
                                        },
                                        {
                                          "Node Type": "Memoize",
                                          "Parent Relationship": "Inner",
                                          "Parallel Aware": false,
                                          "Async Capable": false,
                                          "Startup Cost": 0.16,
                                          "Total Cost": 0.18,
                                          "Plan Rows": 1,
                                          "Plan Width": 52,
                                          "Actual Startup Time": 0.0,
                                          "Actual Total Time": 0.0,
                                          "Actual Rows": 0.79,
                                          "Actual Loops": 6424,
                                          "Disabled": false,
                                          "Output": [
                                            "kt.kind",
                                            "kt.id"
                                          ],
                                          "Cache Key": "t.kind_id",
                                          "Cache Mode": "logical",
                                          "Cache Hits": 6419,
                                          "Cache Misses": 5,
                                          "Cache Evictions": 0,
                                          "Cache Overflows": 0,
                                          "Peak Memory Usage": 1,
                                          "Shared Hit Blocks": 8,
                                          "Shared Read Blocks": 2,
                                          "Shared Dirtied Blocks": 0,
                                          "Shared Written Blocks": 0,
                                          "Local Hit Blocks": 0,
                                          "Local Read Blocks": 0,
                                          "Local Dirtied Blocks": 0,
                                          "Local Written Blocks": 0,
                                          "Temp Read Blocks": 0,
                                          "Temp Written Blocks": 0,
                                          "Plans": [
                                            {
                                              "Node Type": "Index Scan",
                                              "Parent Relationship": "Outer",
                                              "Parallel Aware": false,
                                              "Async Capable": false,
                                              "Scan Direction": "Forward",
                                              "Index Name": "kind_type_pkey",
                                              "Relation Name": "kind_type",
                                              "Schema": "public",
                                              "Alias": "kt",
                                              "Startup Cost": 0.15,
                                              "Total Cost": 0.17,
                                              "Plan Rows": 1,
                                              "Plan Width": 52,
                                              "Actual Startup Time": 0.003,
                                              "Actual Total Time": 0.003,
                                              "Actual Rows": 0.6,
                                              "Actual Loops": 5,
                                              "Disabled": false,
                                              "Output": [
                                                "kt.kind",
                                                "kt.id"
                                              ],
                                              "Index Cond": "(kt.id = t.kind_id)",
                                              "Rows Removed by Index Recheck": 0,
                                              "Filter": "((kt.kind)::text = ANY ('{movie,\"tv movie\",\"video movie\",\"video game\"}'::text[]))",
                                              "Rows Removed by Filter": 0,
                                              "Index Searches": 5,
                                              "Shared Hit Blocks": 8,
                                              "Shared Read Blocks": 2,
                                              "Shared Dirtied Blocks": 0,
                                              "Shared Written Blocks": 0,
                                              "Local Hit Blocks": 0,
                                              "Local Read Blocks": 0,
                                              "Local Dirtied Blocks": 0,
                                              "Local Written Blocks": 0,
                                              "Temp Read Blocks": 0,
                                              "Temp Written Blocks": 0
                                            }
                                          ]
                                        }
                                      ]
                                    },
                                    {
                                      "Node Type": "Index Scan",
                                      "Parent Relationship": "Inner",
                                      "Parallel Aware": false,
                                      "Async Capable": false,
                                      "Scan Direction": "Forward",
                                      "Index Name": "movie_id_movie_info",
                                      "Relation Name": "movie_info",
                                      "Schema": "public",
                                      "Alias": "mi",
                                      "Startup Cost": 0.43,
                                      "Total Cost": 1.86,
                                      "Plan Rows": 1,
                                      "Plan Width": 8,
                                      "Actual Startup Time": 0.784,
                                      "Actual Total Time": 0.784,
                                      "Actual Rows": 0.0,
                                      "Actual Loops": 5053,
                                      "Disabled": false,
                                      "Output": [
                                        "mi.id",
                                        "mi.movie_id",
                                        "mi.info_type_id",
                                        "mi.info",
                                        "mi.note"
                                      ],
                                      "Index Cond": "(mi.movie_id = t.id)",
                                      "Rows Removed by Index Recheck": 0,
                                      "Filter": "((mi.note ~~ '%internet%'::text) AND ((mi.info ~~ 'USA:% 199%'::text) OR (mi.info ~~ 'USA:% 200%'::text)))",
                                      "Rows Removed by Filter": 123,
                                      "Index Searches": 5053,
                                      "Shared Hit Blocks": 43656,
                                      "Shared Read Blocks": 64893,
                                      "Shared Dirtied Blocks": 0,
                                      "Shared Written Blocks": 0,
                                      "Local Hit Blocks": 0,
                                      "Local Read Blocks": 0,
                                      "Local Dirtied Blocks": 0,
                                      "Local Written Blocks": 0,
                                      "Temp Read Blocks": 0,
                                      "Temp Written Blocks": 0
                                    }
                                  ]
                                },
                                {
                                  "Node Type": "Index Scan",
                                  "Parent Relationship": "Inner",
                                  "Parallel Aware": false,
                                  "Async Capable": false,
                                  "Scan Direction": "Forward",
                                  "Index Name": "movie_id_movie_keyword",
                                  "Relation Name": "movie_keyword",
                                  "Schema": "public",
                                  "Alias": "mk",
                                  "Startup Cost": 0.43,
                                  "Total Cost": 1.31,
                                  "Plan Rows": 46,
                                  "Plan Width": 8,
                                  "Actual Startup Time": 0.178,
                                  "Actual Total Time": 0.186,
                                  "Actual Rows": 104.17,
                                  "Actual Loops": 6,
                                  "Disabled": false,
                                  "Output": [
                                    "mk.id",
                                    "mk.movie_id",
                                    "mk.keyword_id"
                                  ],
                                  "Index Cond": "(mk.movie_id = t.id)",
                                  "Rows Removed by Index Recheck": 0,
                                  "Index Searches": 6,
                                  "Shared Hit Blocks": 13,
                                  "Shared Read Blocks": 15,
                                  "Shared Dirtied Blocks": 0,
                                  "Shared Written Blocks": 0,
                                  "Local Hit Blocks": 0,
                                  "Local Read Blocks": 0,
                                  "Local Dirtied Blocks": 0,
                                  "Local Written Blocks": 0,
                                  "Temp Read Blocks": 0,
                                  "Temp Written Blocks": 0
                                }
                              ]
                            },
                            {
                              "Node Type": "Index Scan",
                              "Parent Relationship": "Inner",
                              "Parallel Aware": false,
                              "Async Capable": false,
                              "Scan Direction": "Forward",
                              "Index Name": "movie_id_movie_companies",
                              "Relation Name": "movie_companies",
                              "Schema": "public",
                              "Alias": "mc",
                              "Startup Cost": 0.43,
                              "Total Cost": 0.54,
                              "Plan Rows": 5,
                              "Plan Width": 12,
                              "Actual Startup Time": 0.002,
                              "Actual Total Time": 0.003,
                              "Actual Rows": 1.0,
                              "Actual Loops": 625,
                              "Disabled": false,
                              "Output": [
                                "mc.id",
                                "mc.movie_id",
                                "mc.company_id",
                                "mc.company_type_id",
                                "mc.note"
                              ],
                              "Index Cond": "(mc.movie_id = mk.movie_id)",
                              "Rows Removed by Index Recheck": 0,
                              "Index Searches": 625,
                              "Shared Hit Blocks": 2492,
                              "Shared Read Blocks": 11,
                              "Shared Dirtied Blocks": 0,
                              "Shared Written Blocks": 0,
                              "Local Hit Blocks": 0,
                              "Local Read Blocks": 0,
                              "Local Dirtied Blocks": 0,
                              "Local Written Blocks": 0,
                              "Temp Read Blocks": 0,
                              "Temp Written Blocks": 0
                            }
                          ]
                        },
                        {
                          "Node Type": "Index Scan",
                          "Parent Relationship": "Inner",
                          "Parallel Aware": false,
                          "Async Capable": false,
                          "Scan Direction": "Forward",
                          "Index Name": "company_name_pkey",
                          "Relation Name": "company_name",
                          "Schema": "public",
                          "Alias": "cn",
                          "Startup Cost": 0.42,
                          "Total Cost": 0.45,
                          "Plan Rows": 1,
                          "Plan Width": 4,
                          "Actual Startup Time": 0.001,
                          "Actual Total Time": 0.001,
                          "Actual Rows": 1.0,
                          "Actual Loops": 628,
                          "Disabled": false,
                          "Output": [
                            "cn.id",
                            "cn.name",
                            "cn.country_code",
                            "cn.imdb_id",
                            "cn.name_pcode_nf",
                            "cn.name_pcode_sf",
                            "cn.md5sum"
                          ],
                          "Index Cond": "(cn.id = mc.company_id)",
                          "Rows Removed by Index Recheck": 0,
                          "Filter": "((cn.country_code)::text = '[us]'::text)",
                          "Rows Removed by Filter": 0,
                          "Index Searches": 628,
                          "Shared Hit Blocks": 2500,
                          "Shared Read Blocks": 12,
                          "Shared Dirtied Blocks": 0,
                          "Shared Written Blocks": 0,
                          "Local Hit Blocks": 0,
                          "Local Read Blocks": 0,
                          "Local Dirtied Blocks": 0,
                          "Local Written Blocks": 0,
                          "Temp Read Blocks": 0,
                          "Temp Written Blocks": 0
                        }
                      ]
                    },
                    {
                      "Node Type": "Index Only Scan",
                      "Parent Relationship": "Inner",
                      "Parallel Aware": false,
                      "Async Capable": false,
                      "Scan Direction": "Forward",
                      "Index Name": "company_type_pkey",
                      "Relation Name": "company_type",
                      "Schema": "public",
                      "Alias": "ct",
                      "Startup Cost": 0.15,
                      "Total Cost": 0.17,
                      "Plan Rows": 1,
                      "Plan Width": 4,
                      "Actual Startup Time": 0.0,
                      "Actual Total Time": 0.0,
                      "Actual Rows": 1.0,
                      "Actual Loops": 628,
                      "Disabled": false,
                      "Output": [
                        "ct.id"
                      ],
                      "Index Cond": "(ct.id = mc.company_type_id)",
                      "Rows Removed by Index Recheck": 0,
                      "Heap Fetches": 628,
                      "Index Searches": 628,
                      "Shared Hit Blocks": 1256,
                      "Shared Read Blocks": 0,
                      "Shared Dirtied Blocks": 0,
                      "Shared Written Blocks": 0,
                      "Local Hit Blocks": 0,
                      "Local Read Blocks": 0,
                      "Local Dirtied Blocks": 0,
                      "Local Written Blocks": 0,
                      "Temp Read Blocks": 0,
                      "Temp Written Blocks": 0
                    }
                  ]
                },
                {
                  "Node Type": "Index Scan",
                  "Parent Relationship": "Inner",
                  "Parallel Aware": false,
                  "Async Capable": false,
                  "Scan Direction": "Forward",
                  "Index Name": "info_type_pkey",
                  "Relation Name": "info_type",
                  "Schema": "public",
                  "Alias": "it1",
                  "Startup Cost": 0.14,
                  "Total Cost": 0.22,
                  "Plan Rows": 1,
                  "Plan Width": 4,
                  "Actual Startup Time": 0.0,
                  "Actual Total Time": 0.0,
                  "Actual Rows": 1.0,
                  "Actual Loops": 628,
                  "Disabled": false,
                  "Output": [
                    "it1.id",
                    "it1.info"
                  ],
                  "Index Cond": "(it1.id = mi.info_type_id)",
                  "Rows Removed by Index Recheck": 0,
                  "Filter": "((it1.info)::text = 'release dates'::text)",
                  "Rows Removed by Filter": 0,
                  "Index Searches": 628,
                  "Shared Hit Blocks": 1256,
                  "Shared Read Blocks": 0,
                  "Shared Dirtied Blocks": 0,
                  "Shared Written Blocks": 0,
                  "Local Hit Blocks": 0,
                  "Local Read Blocks": 0,
                  "Local Dirtied Blocks": 0,
                  "Local Written Blocks": 0,
                  "Temp Read Blocks": 0,
                  "Temp Written Blocks": 0
                }
              ]
            },
            {
              "Node Type": "Index Only Scan",
              "Parent Relationship": "Inner",
              "Parallel Aware": false,
              "Async Capable": false,
              "Scan Direction": "Forward",
              "Index Name": "keyword_pkey",
              "Relation Name": "keyword",
              "Schema": "public",
              "Alias": "k",
              "Startup Cost": 0.42,
              "Total Cost": 0.44,
              "Plan Rows": 1,
              "Plan Width": 4,
              "Actual Startup Time": 0.008,
              "Actual Total Time": 0.008,
              "Actual Rows": 1.0,
              "Actual Loops": 628,
              "Disabled": false,
              "Output": [
                "k.id"
              ],
              "Index Cond": "(k.id = mk.keyword_id)",
              "Rows Removed by Index Recheck": 0,
              "Heap Fetches": 0,
              "Index Searches": 628,
              "Shared Hit Blocks": 1694,
              "Shared Read Blocks": 191,
              "Shared Dirtied Blocks": 0,
              "Shared Written Blocks": 0,
              "Local Hit Blocks": 0,
              "Local Read Blocks": 0,
              "Local Dirtied Blocks": 0,
              "Local Written Blocks": 0,
              "Temp Read Blocks": 0,
              "Temp Written Blocks": 0
            }
          ]
        }
      ]
    },
    "Planning": {
      "Shared Hit Blocks": 158,
      "Shared Read Blocks": 38,
      "Shared Dirtied Blocks": 0,
      "Shared Written Blocks": 0,
      "Local Hit Blocks": 0,
      "Local Read Blocks": 0,
      "Local Dirtied Blocks": 0,
      "Local Written Blocks": 0,
      "Temp Read Blocks": 0,
      "Temp Written Blocks": 0
    },
    "Planning Time": 15.743,
    "Triggers": [],
    "Execution Time": 4221.003
  }
]