[
  {
    "Plan": {
      "Node Type": "Aggregate",
      "Strategy": "Plain",
      "Partial Mode": "Simple",
      "Parallel Aware": false,
      "Async Capable": false,
      "Startup Cost": 6637.65,
      "Total Cost": 6637.66,
      "Plan Rows": 1,
      "Plan Width": 96,
      "Actual Startup Time": 2800.999,
      "Actual Total Time": 2801.002,
      "Actual Rows": 1.0,
      "Actual Loops": 1,
      "Disabled": false,
      "Output": [
        "min(chn.name)",
        "min(n.name)",
        "min(t.title)"
      ],
      "Shared Hit Blocks": 652114,
      "Shared Read Blocks": 51228,
      "Shared Dirtied Blocks": 0,
      "Shared Written Blocks": 0,
      "Local Hit Blocks": 0,
      "Local Read Blocks": 0,
      "Local Dirtied Blocks": 0,
      "Local Written Blocks": 0,
      "Temp Read Blocks": 0,
      "Temp Written Blocks": 0,
      "Plans": [
        {
          "Node Type": "Nested Loop",
          "Parent Relationship": "Outer",
          "Parallel Aware": false,
          "Async Capable": false,
          "Join Type": "Inner",
          "Startup Cost": 10.24,
          "Total Cost": 6637.65,
          "Plan Rows": 1,
          "Plan Width": 48,
          "Actual Startup Time": 598.391,
          "Actual Total Time": 2800.963,
          "Actual Rows": 275.0,
          "Actual Loops": 1,
          "Disabled": false,
          "Output": [
            "chn.name",
            "n.name",
            "t.title"
          ],
          "Inner Unique": false,
          "Join Filter": "(an.person_id = n.id)",
          "Rows Removed by Join Filter": 0,
          "Shared Hit Blocks": 652114,
          "Shared Read Blocks": 51228,
          "Shared Dirtied Blocks": 0,
          "Shared Written Blocks": 0,
          "Local Hit Blocks": 0,
          "Local Read Blocks": 0,
          "Local Dirtied Blocks": 0,
          "Local Written Blocks": 0,
          "Temp Read Blocks": 0,
          "Temp Written Blocks": 0,
          "Plans": [
            {
              "Node Type": "Nested Loop",
              "Parent Relationship": "Outer",
              "Parallel Aware": false,
              "Async Capable": false,
              "Join Type": "Inner",
              "Startup Cost": 9.82,
              "Total Cost": 6636.62,
              "Plan Rows": 1,
              "Plan Width": 56,
              "Actual Startup Time": 294.613,
              "Actual Total Time": 2799.34,
              "Actual Rows": 141.0,
              "Actual Loops": 1,
              "Disabled": false,
              "Output": [
                "t.title",
                "ci.person_id",
                "n.name",
                "n.id",
                "chn.name"
              ],
              "Inner Unique": true,
              "Shared Hit Blocks": 651702,
              "Shared Read Blocks": 51216,
              "Shared Dirtied Blocks": 0,
              "Shared Written Blocks": 0,
              "Local Hit Blocks": 0,
              "Local Read Blocks": 0,
              "Local Dirtied Blocks": 0,
              "Local Written Blocks": 0,
              "Temp Read Blocks": 0,
              "Temp Written Blocks": 0,
              "Plans": [
                {
                  "Node Type": "Nested Loop",
                  "Parent Relationship": "Outer",
                  "Parallel Aware": false,
                  "Async Capable": false,
                  "Join Type": "Inner",
                  "Startup Cost": 9.39,
                  "Total Cost": 6634.89,
                  "Plan Rows": 1,
                  "Plan Width": 44,
                  "Actual Startup Time": 294.214,
                  "Actual Total Time": 2796.03,
                  "Actual Rows": 143.0,
                  "Actual Loops": 1,
                  "Disabled": false,
                  "Output": [
                    "t.title",
                    "ci.person_id",
                    "ci.person_role_id",
                    "n.name",
                    "n.id"
                  ],
                  "Inner Unique": true,
                  "Shared Hit Blocks": 651193,
                  "Shared Read Blocks": 51161,
                  "Shared Dirtied Blocks": 0,
                  "Shared Written Blocks": 0,
                  "Local Hit Blocks": 0,
                  "Local Read Blocks": 0,
                  "Local Dirtied Blocks": 0,
                  "Local Written Blocks": 0,
                  "Temp Read Blocks": 0,
                  "Temp Written Blocks": 0,
                  "Plans": [
                    {
                      "Node Type": "Nested Loop",
                      "Parent Relationship": "Outer",
                      "Parallel Aware": false,
                      "Async Capable": false,
                      "Join Type": "Inner",
                      "Startup Cost": 8.96,
                      "Total Cost": 6633.04,
                      "Plan Rows": 1,
                      "Plan Width": 25,
                      "Actual Startup Time": 16.239,
                      "Actual Total Time": 2729.753,
                      "Actual Rows": 2778.0,
                      "Actual Loops": 1,
                      "Disabled": false,
                      "Output": [
                        "t.title",
                        "ci.person_id",
                        "ci.person_role_id"
                      ],
                      "Inner Unique": true,
                      "Join Filter": "(ci.role_id = rt.id)",
                      "Rows Removed by Join Filter": 10980,
                      "Shared Hit Blocks": 640639,
                      "Shared Read Blocks": 50603,
                      "Shared Dirtied Blocks": 0,
                      "Shared Written Blocks": 0,
                      "Local Hit Blocks": 0,
                      "Local Read Blocks": 0,
                      "Local Dirtied Blocks": 0,
                      "Local Written Blocks": 0,
                      "Temp Read Blocks": 0,
                      "Temp Written Blocks": 0,
                      "Plans": [
                        {
                          "Node Type": "Nested Loop",
                          "Parent Relationship": "Outer",
                          "Parallel Aware": false,
                          "Async Capable": false,
                          "Join Type": "Inner",
                          "Startup Cost": 8.96,
                          "Total Cost": 6614.12,
                          "Plan Rows": 1,
                          "Plan Width": 29,
                          "Actual Startup Time": 15.774,
                          "Actual Total Time": 2715.676,
                          "Actual Rows": 13758.0,
                          "Actual Loops": 1,
                          "Disabled": false,
                          "Output": [
                            "t.title",
                            "ci.person_id",
                            "ci.role_id",
                            "ci.person_role_id"
                          ],
                          "Inner Unique": false,
                          "Join Filter": "(ci.movie_id = t.id)",
                          "Rows Removed by Join Filter": 0,
                          "Shared Hit Blocks": 626882,
                          "Shared Read Blocks": 50602,
                          "Shared Dirtied Blocks": 0,
                          "Shared Written Blocks": 0,
                          "Local Hit Blocks": 0,
                          "Local Read Blocks": 0,
                          "Local Dirtied Blocks": 0,
                          "Local Written Blocks": 0,
                          "Temp Read Blocks": 0,
                          "Temp Written Blocks": 0,
                          "Plans": [
                            {
                              "Node Type": "Nested Loop",
                              "Parent Relationship": "Outer",
                              "Parallel Aware": false,
                              "Async Capable": false,
                              "Join Type": "Inner",
                              "Startup Cost": 8.52,
                              "Total Cost": 6583.35,
                              "Plan Rows": 1,
                              "Plan Width": 33,
                              "Actual Startup Time": 3.99,
                              "Actual Total Time": 571.124,
                              "Actual Rows": 3406.0,
                              "Actual Loops": 1,
                              "Disabled": false,
                              "Output": [
                                "t.title",
                                "t.id",
                                "mk.movie_id",
                                "mc.movie_id",
                                "mi.movie_id"
                              ],
                              "Inner Unique": false,
                              "Join Filter": "(it.id = mi.info_type_id)",
                              "Rows Removed by Join Filter": 0,
                              "Shared Hit Blocks": 75619,
                              "Shared Read Blocks": 28354,
                              "Shared Dirtied Blocks": 0,
                              "Shared Written Blocks": 0,
                              "Local Hit Blocks": 0,
                              "Local Read Blocks": 0,
                              "Local Dirtied Blocks": 0,
                              "Local Written Blocks": 0,
                              "Temp Read Blocks": 0,
                              "Temp Written Blocks": 0,
                              "Plans": [
                                {
                                  "Node Type": "Seq Scan",
                                  "Parent Relationship": "Outer",
                                  "Parallel Aware": false,
                                  "Async Capable": false,
                                  "Relation Name": "info_type",
                                  "Schema": "public",
                                  "Alias": "it",
                                  "Startup Cost": 0.0,
                                  "Total Cost": 2.41,
                                  "Plan Rows": 1,
                                  "Plan Width": 4,
                                  "Actual Startup Time": 0.016,
                                  "Actual Total Time": 0.021,
                                  "Actual Rows": 1.0,
                                  "Actual Loops": 1,
                                  "Disabled": false,
                                  "Output": [
                                    "it.id",
                                    "it.info"
                                  ],
                                  "Filter": "((it.info)::text = 'release dates'::text)",
                                  "Rows Removed by Filter": 112,
                                  "Shared Hit Blocks": 1,
                                  "Shared Read Blocks": 0,
                                  "Shared Dirtied Blocks": 0,
                                  "Shared Written Blocks": 0,
                                  "Local Hit Blocks": 0,
                                  "Local Read Blocks": 0,
                                  "Local Dirtied Blocks": 0,
                                  "Local Written Blocks": 0,
                                  "Temp Read Blocks": 0,
                                  "Temp Written Blocks": 0
                                },
                                {
                                  "Node Type": "Nested Loop",
                                  "Parent Relationship": "Inner",
                                  "Parallel Aware": false,
                                  "Async Capable": false,
                                  "Join Type": "Inner",
                                  "Startup Cost": 8.52,
                                  "Total Cost": 6580.92,
                                  "Plan Rows": 1,
                                  "Plan Width": 37,
                                  "Actual Startup Time": 3.973,
                                  "Actual Total Time": 570.791,
                                  "Actual Rows": 3406.0,
                                  "Actual Loops": 1,
                                  "Disabled": false,
                                  "Output": [
                                    "t.title",
                                    "t.id",
                                    "mk.movie_id",
                                    "mc.movie_id",
                                    "mi.movie_id",
                                    "mi.info_type_id"
                                  ],
                                  "Inner Unique": false,
                                  "Join Filter": "(mi.movie_id = t.id)",
                                  "Rows Removed by Join Filter": 0,
                                  "Shared Hit Blocks": 75618,
                                  "Shared Read Blocks": 28354,
                                  "Shared Dirtied Blocks": 0,
                                  "Shared Written Blocks": 0,
                                  "Local Hit Blocks": 0,
                                  "Local Read Blocks": 0,
                                  "Local Dirtied Blocks": 0,
                                  "Local Written Blocks": 0,
                                  "Temp Read Blocks": 0,
                                  "Temp Written Blocks": 0,
                                  "Plans": [
                                    {
                                      "Node Type": "Nested Loop",
                                      "Parent Relationship": "Outer",
                                      "Parallel Aware": false,
                                      "Async Capable": false,
                                      "Join Type": "Inner",
                                      "Startup Cost": 8.08,
                                      "Total Cost": 6441.12,
                                      "Plan Rows": 5,
                                      "Plan Width": 29,
                                      "Actual Startup Time": 3.634,
                                      "Actual Total Time": 333.518,
                                      "Actual Rows": 1576.0,
                                      "Actual Loops": 1,
                                      "Disabled": false,
                                      "Output": [
                                        "t.title",
                                        "t.id",
                                        "mk.movie_id",
                                        "mc.movie_id"
                                      ],
                                      "Inner Unique": true,
                                      "Shared Hit Blocks": 47970,
                                      "Shared Read Blocks": 23875,
                                      "Shared Dirtied Blocks": 0,
                                      "Shared Written Blocks": 0,
                                      "Local Hit Blocks": 0,
                                      "Local Read Blocks": 0,
                                      "Local Dirtied Blocks": 0,
                                      "Local Written Blocks": 0,
                                      "Temp Read Blocks": 0,
                                      "Temp Written Blocks": 0,
                                      "Plans": [
                                        {
                                          "Node Type": "Nested Loop",
                                          "Parent Relationship": "Outer",
                                          "Parallel Aware": false,
                                          "Async Capable": false,
                                          "Join Type": "Inner",
                                          "Startup Cost": 7.66,
                                          "Total Cost": 6418.95,
                                          "Plan Rows": 15,
                                          "Plan Width": 33,
                                          "Actual Startup Time": 3.618,
                                          "Actual Total Time": 293.08,
                                          "Actual Rows": 5566.0,
                                          "Actual Loops": 1,
                                          "Disabled": false,
                                          "Output": [
                                            "t.title",
                                            "t.id",
                                            "mk.movie_id",
                                            "mc.movie_id",
                                            "mc.company_id"
                                          ],
                                          "Inner Unique": false,
                                          "Join Filter": "(mc.movie_id = t.id)",
                                          "Rows Removed by Join Filter": 0,
                                          "Shared Hit Blocks": 28169,
                                          "Shared Read Blocks": 21412,
                                          "Shared Dirtied Blocks": 0,
                                          "Shared Written Blocks": 0,
                                          "Local Hit Blocks": 0,
                                          "Local Read Blocks": 0,
                                          "Local Dirtied Blocks": 0,
                                          "Local Written Blocks": 0,
                                          "Temp Read Blocks": 0,
                                          "Temp Written Blocks": 0,
                                          "Plans": [
                                            {
                                              "Node Type": "Nested Loop",
                                              "Parent Relationship": "Outer",
                                              "Parallel Aware": false,
                                              "Async Capable": false,
                                              "Join Type": "Inner",
                                              "Startup Cost": 7.23,
                                              "Total Cost": 6367.37,
                                              "Plan Rows": 15,
                                              "Plan Width": 25,
                                              "Actual Startup Time": 3.056,
                                              "Actual Total Time": 215.032,
                                              "Actual Rows": 495.0,
                                              "Actual Loops": 1,
                                              "Disabled": false,
                                              "Output": [
                                                "t.title",
                                                "t.id",
                                                "mk.movie_id"
                                              ],
                                              "Inner Unique": true,
                                              "Shared Hit Blocks": 27034,
                                              "Shared Read Blocks": 20219,
                                              "Shared Dirtied Blocks": 0,
                                              "Shared Written Blocks": 0,
                                              "Local Hit Blocks": 0,
                                              "Local Read Blocks": 0,
                                              "Local Dirtied Blocks": 0,
                                              "Local Written Blocks": 0,
                                              "Temp Read Blocks": 0,
                                              "Temp Written Blocks": 0,
                                              "Plans": [
                                                {
                                                  "Node Type": "Nested Loop",
                                                  "Parent Relationship": "Outer",
                                                  "Parallel Aware": false,
                                                  "Async Capable": false,
                                                  "Join Type": "Inner",
                                                  "Startup Cost": 6.8,
                                                  "Total Cost": 6205.51,
                                                  "Plan Rows": 101,
                                                  "Plan Width": 4,
                                                  "Actual Startup Time": 1.934,
                                                  "Actual Total Time": 32.957,
                                                  "Actual Rows": 9696.0,
                                                  "Actual Loops": 1,
                                                  "Disabled": false,
                                                  "Output": [
                                                    "mk.movie_id"
                                                  ],
                                                  "Inner Unique": false,
                                                  "Shared Hit Blocks": 3,
                                                  "Shared Read Blocks": 8466,
                                                  "Shared Dirtied Blocks": 0,
                                                  "Shared Written Blocks": 0,
                                                  "Local Hit Blocks": 0,
                                                  "Local Read Blocks": 0,
                                                  "Local Dirtied Blocks": 0,
                                                  "Local Written Blocks": 0,
                                                  "Temp Read Blocks": 0,
                                                  "Temp Written Blocks": 0,
                                                  "Plans": [
                                                    {
                                                      "Node Type": "Seq Scan",
                                                      "Parent Relationship": "Outer",
                                                      "Parallel Aware": false,
                                                      "Async Capable": false,
                                                      "Relation Name": "keyword",
                                                      "Schema": "public",
                                                      "Alias": "k",
                                                      "Startup Cost": 0.0,
                                                      "Total Cost": 2852.84,
                                                      "Plan Rows": 3,
                                                      "Plan Width": 4,
                                                      "Actual Startup Time": 0.05,
                                                      "Actual Total Time": 8.423,
                                                      "Actual Rows": 3.0,
                                                      "Actual Loops": 1,
                                                      "Disabled": false,
                                                      "Output": [
                                                        "k.id",
                                                        "k.keyword",
                                                        "k.phonetic_code"
                                                      ],
                                                      "Filter": "(k.keyword = ANY ('{hero,martial-arts,hand-to-hand-combat}'::text[]))",
                                                      "Rows Removed by Filter": 134167,
                                                      "Shared Hit Blocks": 0,
                                                      "Shared Read Blocks": 1008,
                                                      "Shared Dirtied Blocks": 0,
                                                      "Shared Written Blocks": 0,
                                                      "Local Hit Blocks": 0,
                                                      "Local Read Blocks": 0,
                                                      "Local Dirtied Blocks": 0,
                                                      "Local Written Blocks": 0,
                                                      "Temp Read Blocks": 0,
                                                      "Temp Written Blocks": 0
                                                    },
                                                    {
                                                      "Node Type": "Bitmap Heap Scan",
                                                      "Parent Relationship": "Inner",
                                                      "Parallel Aware": false,
                                                      "Async Capable": false,
                                                      "Relation Name": "movie_keyword",
                                                      "Schema": "public",
                                                      "Alias": "mk",
                                                      "Startup Cost": 6.8,
                                                      "Total Cost": 1114.5,
                                                      "Plan Rows": 306,
                                                      "Plan Width": 8,
                                                      "Actual Startup Time": 1.639,
                                                      "Actual Total Time": 7.983,
                                                      "Actual Rows": 3232.0,
                                                      "Actual Loops": 3,
                                                      "Disabled": false,
                                                      "Output": [
                                                        "mk.id",
                                                        "mk.movie_id",
                                                        "mk.keyword_id"
                                                      ],
                                                      "Recheck Cond": "(k.id = mk.keyword_id)",
                                                      "Rows Removed by Index Recheck": 0,
                                                      "Exact Heap Blocks": 7446,
                                                      "Lossy Heap Blocks": 0,
                                                      "Shared Hit Blocks": 3,
                                                      "Shared Read Blocks": 7458,
                                                      "Shared Dirtied Blocks": 0,
                                                      "Shared Written Blocks": 0,
                                                      "Local Hit Blocks": 0,
                                                      "Local Read Blocks": 0,
                                                      "Local Dirtied Blocks": 0,
                                                      "Local Written Blocks": 0,
                                                      "Temp Read Blocks": 0,
                                                      "Temp Written Blocks": 0,
                                                      "Plans": [
                                                        {
                                                          "Node Type": "Bitmap Index Scan",
                                                          "Parent Relationship": "Outer",
                                                          "Parallel Aware": false,
                                                          "Async Capable": false,
                                                          "Index Name": "keyword_id_movie_keyword",
                                                          "Startup Cost": 0.0,
                                                          "Total Cost": 6.73,
                                                          "Plan Rows": 306,
                                                          "Plan Width": 0,
                                                          "Actual Startup Time": 1.299,
                                                          "Actual Total Time": 1.299,
                                                          "Actual Rows": 3232.0,
                                                          "Actual Loops": 3,
                                                          "Disabled": false,
                                                          "Index Cond": "(mk.keyword_id = k.id)",
                                                          "Index Searches": 3,
                                                          "Shared Hit Blocks": 2,
                                                          "Shared Read Blocks": 13,
                                                          "Shared Dirtied Blocks": 0,
                                                          "Shared Written Blocks": 0,
                                                          "Local Hit Blocks": 0,
                                                          "Local Read Blocks": 0,
                                                          "Local Dirtied Blocks": 0,
                                                          "Local Written Blocks": 0,
                                                          "Temp Read Blocks": 0,
                                                          "Temp Written Blocks": 0
                                                        }
                                                      ]
                                                    }
                                                  ]
                                                },
                                                {
                                                  "Node Type": "Index Scan",
                                                  "Parent Relationship": "Inner",
                                                  "Parallel Aware": false,
                                                  "Async Capable": false,
                                                  "Scan Direction": "Forward",
                                                  "Index Name": "title_pkey",
                                                  "Relation Name": "title",
                                                  "Schema": "public",
                                                  "Alias": "t",
                                                  "Startup Cost": 0.43,
                                                  "Total Cost": 1.6,
                                                  "Plan Rows": 1,
                                                  "Plan Width": 21,
                                                  "Actual Startup Time": 0.019,
                                                  "Actual Total Time": 0.019,
                                                  "Actual Rows": 0.05,
                                                  "Actual Loops": 9696,
                                                  "Disabled": false,
                                                  "Output": [
                                                    "t.id",
                                                    "t.title",
                                                    "t.imdb_index",
                                                    "t.kind_id",
                                                    "t.production_year",
                                                    "t.imdb_id",
                                                    "t.phonetic_code",
                                                    "t.episode_of_id",
                                                    "t.season_nr",
                                                    "t.episode_nr",
                                                    "t.series_years",
                                                    "t.md5sum"
                                                  ],
                                                  "Index Cond": "(t.id = mk.movie_id)",
                                                  "Rows Removed by Index Recheck": 0,
                                                  "Filter": "(t.production_year > 2010)",
                                                  "Rows Removed by Filter": 1,
                                                  "Index Searches": 9696,
                                                  "Shared Hit Blocks": 27031,
                                                  "Shared Read Blocks": 11753,
                                                  "Shared Dirtied Blocks": 0,
                                                  "Shared Written Blocks": 0,
                                                  "Local Hit Blocks": 0,
                                                  "Local Read Blocks": 0,
                                                  "Local Dirtied Blocks": 0,
                                                  "Local Written Blocks": 0,
                                                  "Temp Read Blocks": 0,
                                                  "Temp Written Blocks": 0
                                                }
                                              ]
                                            },
                                            {
                                              "Node Type": "Index Scan",
                                              "Parent Relationship": "Inner",
                                              "Parallel Aware": false,
                                              "Async Capable": false,
                                              "Scan Direction": "Forward",
                                              "Index Name": "movie_id_movie_companies",
                                              "Relation Name": "movie_companies",
                                              "Schema": "public",
                                              "Alias": "mc",
                                              "Startup Cost": 0.43,
                                              "Total Cost": 3.38,
                                              "Plan Rows": 5,
                                              "Plan Width": 8,
                                              "Actual Startup Time": 0.129,
                                              "Actual Total Time": 0.156,
                                              "Actual Rows": 11.24,
                                              "Actual Loops": 495,
                                              "Disabled": false,
                                              "Output": [
                                                "mc.id",
                                                "mc.movie_id",
                                                "mc.company_id",
                                                "mc.company_type_id",
                                                "mc.note"
                                              ],
                                              "Index Cond": "(mc.movie_id = mk.movie_id)",
                                              "Rows Removed by Index Recheck": 0,
                                              "Index Searches": 495,
                                              "Shared Hit Blocks": 1135,
                                              "Shared Read Blocks": 1193,
                                              "Shared Dirtied Blocks": 0,
                                              "Shared Written Blocks": 0,
                                              "Local Hit Blocks": 0,
                                              "Local Read Blocks": 0,
                                              "Local Dirtied Blocks": 0,
                                              "Local Written Blocks": 0,
                                              "Temp Read Blocks": 0,
                                              "Temp Written Blocks": 0
                                            }
                                          ]
                                        },
                                        {
                                          "Node Type": "Index Scan",
                                          "Parent Relationship": "Inner",
                                          "Parallel Aware": false,
                                          "Async Capable": false,
                                          "Scan Direction": "Forward",
                                          "Index Name": "company_name_pkey",
                                          "Relation Name": "company_name",
                                          "Schema": "public",
                                          "Alias": "cn",
                                          "Startup Cost": 0.42,
                                          "Total Cost": 1.48,
                                          "Plan Rows": 1,
                                          "Plan Width": 4,
                                          "Actual Startup Time": 0.007,
                                          "Actual Total Time": 0.007,
                                          "Actual Rows": 0.28,
                                          "Actual Loops": 5566,
                                          "Disabled": false,
                                          "Output": [
                                            "cn.id",
                                            "cn.name",
                                            "cn.country_code",
                                            "cn.imdb_id",
                                            "cn.name_pcode_nf",
                                            "cn.name_pcode_sf",
                                            "cn.md5sum"
                                          ],
                                          "Index Cond": "(cn.id = mc.company_id)",
                                          "Rows Removed by Index Recheck": 0,
                                          "Filter": "((cn.country_code)::text = '[us]'::text)",
                                          "Rows Removed by Filter": 1,
                                          "Index Searches": 5566,
                                          "Shared Hit Blocks": 19801,
                                          "Shared Read Blocks": 2463,
                                          "Shared Dirtied Blocks": 0,
                                          "Shared Written Blocks": 0,
                                          "Local Hit Blocks": 0,
                                          "Local Read Blocks": 0,
                                          "Local Dirtied Blocks": 0,
                                          "Local Written Blocks": 0,
                                          "Temp Read Blocks": 0,
                                          "Temp Written Blocks": 0
                                        }
                                      ]
                                    },
                                    {
                                      "Node Type": "Index Scan",
                                      "Parent Relationship": "Inner",
                                      "Parallel Aware": false,
                                      "Async Capable": false,
                                      "Scan Direction": "Forward",
                                      "Index Name": "movie_id_movie_info",
                                      "Relation Name": "movie_info",
                                      "Schema": "public",
                                      "Alias": "mi",
                                      "Startup Cost": 0.43,
                                      "Total Cost": 27.95,
                                      "Plan Rows": 1,
                                      "Plan Width": 8,
                                      "Actual Startup Time": 0.078,
                                      "Actual Total Time": 0.15,
                                      "Actual Rows": 2.16,
                                      "Actual Loops": 1576,
                                      "Disabled": false,
                                      "Output": [
                                        "mi.id",
                                        "mi.movie_id",
                                        "mi.info_type_id",
                                        "mi.info",
                                        "mi.note"
                                      ],
                                      "Index Cond": "(mi.movie_id = mk.movie_id)",
                                      "Rows Removed by Index Recheck": 0,
                                      "Filter": "((mi.info ~~ 'Japan:%201%'::text) OR (mi.info ~~ 'USA:%201%'::text))",
                                      "Rows Removed by Filter": 131,
                                      "Index Searches": 1576,
                                      "Shared Hit Blocks": 27648,
                                      "Shared Read Blocks": 4479,
                                      "Shared Dirtied Blocks": 0,
                                      "Shared Written Blocks": 0,
                                      "Local Hit Blocks": 0,
                                      "Local Read Blocks": 0,
                                      "Local Dirtied Blocks": 0,
                                      "Local Written Blocks": 0,
                                      "Temp Read Blocks": 0,
                                      "Temp Written Blocks": 0
                                    }
                                  ]
                                }
                              ]
                            },
                            {
                              "Node Type": "Index Scan",
                              "Parent Relationship": "Inner",
                              "Parallel Aware": false,
                              "Async Capable": false,
                              "Scan Direction": "Forward",
                              "Index Name": "movie_id_cast_info",
                              "Relation Name": "cast_info",
                              "Schema": "public",
                              "Alias": "ci",
                              "Startup Cost": 0.44,
                              "Total Cost": 30.76,
                              "Plan Rows": 1,
                              "Plan Width": 16,
                              "Actual Startup Time": 0.444,
                              "Actual Total Time": 0.629,
                              "Actual Rows": 4.04,
                              "Actual Loops": 3406,
                              "Disabled": false,
                              "Output": [
                                "ci.id",
                                "ci.person_id",
                                "ci.movie_id",
                                "ci.person_role_id",
                                "ci.note",
                                "ci.nr_order",
                                "ci.role_id"
                              ],
                              "Index Cond": "(ci.movie_id = mk.movie_id)",
                              "Rows Removed by Index Recheck": 0,
                              "Filter": "(ci.note = ANY ('{(voice),\"(voice: Japanese version)\",\"(voice) (uncredited)\",\"(voice: English version)\"}'::text[]))",
                              "Rows Removed by Filter": 169,
                              "Index Searches": 3406,
                              "Shared Hit Blocks": 551263,
                              "Shared Read Blocks": 22248,
                              "Shared Dirtied Blocks": 0,
                              "Shared Written Blocks": 0,
                              "Local Hit Blocks": 0,
                              "Local Read Blocks": 0,
                              "Local Dirtied Blocks": 0,
                              "Local Written Blocks": 0,
                              "Temp Read Blocks": 0,
                              "Temp Written Blocks": 0
                            }
                          ]
                        },
                        {
                          "Node Type": "Seq Scan",
                          "Parent Relationship": "Inner",
                          "Parallel Aware": false,
                          "Async Capable": false,
                          "Relation Name": "role_type",
                          "Schema": "public",
                          "Alias": "rt",
                          "Startup Cost": 0.0,
                          "Total Cost": 18.88,
                          "Plan Rows": 4,
                          "Plan Width": 4,
                          "Actual Startup Time": 0.0,
                          "Actual Total Time": 0.001,
                          "Actual Rows": 1.0,
                          "Actual Loops": 13758,
                          "Disabled": false,
                          "Output": [
                            "rt.id",
                            "rt.role"
                          ],
                          "Filter": "((rt.role)::text = 'actress'::text)",
                          "Rows Removed by Filter": 9,
                          "Shared Hit Blocks": 13757,
                          "Shared Read Blocks": 1,
                          "Shared Dirtied Blocks": 0,
                          "Shared Written Blocks": 0,
                          "Local Hit Blocks": 0,
                          "Local Read Blocks": 0,
                          "Local Dirtied Blocks": 0,
                          "Local Written Blocks": 0,
                          "Temp Read Blocks": 0,
                          "Temp Written Blocks": 0
                        }
                      ]
                    },
                    {
                      "Node Type": "Index Scan",
                      "Parent Relationship": "Inner",
                      "Parallel Aware": false,
                      "Async Capable": false,
                      "Scan Direction": "Forward",
                      "Index Name": "name_pkey",
                      "Relation Name": "name",
                      "Schema": "public",
                      "Alias": "n",
                      "Startup Cost": 0.43,
                      "Total Cost": 1.84,
                      "Plan Rows": 1,
                      "Plan Width": 19,
                      "Actual Startup Time": 0.024,
                      "Actual Total Time": 0.024,
                      "Actual Rows": 0.05,
                      "Actual Loops": 2778,
                      "Disabled": false,
                      "Output": [
                        "n.id",
                        "n.name",
                        "n.imdb_index",
                        "n.imdb_id",
                        "n.gender",
                        "n.name_pcode_cf",
                        "n.name_pcode_nf",
                        "n.surname_pcode",
                        "n.md5sum"
                      ],
                      "Index Cond": "(n.id = ci.person_id)",
                      "Rows Removed by Index Recheck": 0,
                      "Filter": "((n.name ~~ '%An%'::text) AND ((n.gender)::text = 'f'::text))",
                      "Rows Removed by Filter": 1,
                      "Index Searches": 2778,
                      "Shared Hit Blocks": 10554,
                      "Shared Read Blocks": 558,
                      "Shared Dirtied Blocks": 0,
                      "Shared Written Blocks": 0,
                      "Local Hit Blocks": 0,
                      "Local Read Blocks": 0,
                      "Local Dirtied Blocks": 0,
                      "Local Written Blocks": 0,
                      "Temp Read Blocks": 0,
                      "Temp Written Blocks": 0
                    }
                  ]
                },
                {
                  "Node Type": "Index Scan",
                  "Parent Relationship": "Inner",
                  "Parallel Aware": false,
                  "Async Capable": false,
                  "Scan Direction": "Forward",
                  "Index Name": "char_name_pkey",
                  "Relation Name": "char_name",
                  "Schema": "public",
                  "Alias": "chn",
                  "Startup Cost": 0.43,
                  "Total Cost": 1.74,
                  "Plan Rows": 1,
                  "Plan Width": 20,
                  "Actual Startup Time": 0.023,
                  "Actual Total Time": 0.023,
                  "Actual Rows": 0.99,
                  "Actual Loops": 143,
                  "Disabled": false,
                  "Output": [
                    "chn.id",
                    "chn.name",
                    "chn.imdb_index",
                    "chn.imdb_id",
                    "chn.name_pcode_nf",
                    "chn.surname_pcode",
                    "chn.md5sum"
                  ],
                  "Index Cond": "(chn.id = ci.person_role_id)",
                  "Rows Removed by Index Recheck": 0,
                  "Index Searches": 141,
                  "Shared Hit Blocks": 509,
                  "Shared Read Blocks": 55,
                  "Shared Dirtied Blocks": 0,
                  "Shared Written Blocks": 0,
                  "Local Hit Blocks": 0,
                  "Local Read Blocks": 0,
                  "Local Dirtied Blocks": 0,
                  "Local Written Blocks": 0,
                  "Temp Read Blocks": 0,
                  "Temp Written Blocks": 0
                }
              ]
            },
            {
              "Node Type": "Index Only Scan",
              "Parent Relationship": "Inner",
              "Parallel Aware": false,
              "Async Capable": false,
              "Scan Direction": "Forward",
              "Index Name": "person_id_aka_name",
              "Relation Name": "aka_name",
              "Schema": "public",
              "Alias": "an",
              "Startup Cost": 0.42,
              "Total Cost": 1.0,
              "Plan Rows": 2,
              "Plan Width": 4,
              "Actual Startup Time": 0.011,
              "Actual Total Time": 0.011,
              "Actual Rows": 1.95,
              "Actual Loops": 141,
              "Disabled": false,
              "Output": [
                "an.person_id"
              ],
              "Index Cond": "(an.person_id = ci.person_id)",
              "Rows Removed by Index Recheck": 0,
              "Heap Fetches": 0,
              "Index Searches": 141,
              "Shared Hit Blocks": 412,
              "Shared Read Blocks": 12,
              "Shared Dirtied Blocks": 0,
              "Shared Written Blocks": 0,
              "Local Hit Blocks": 0,
              "Local Read Blocks": 0,
              "Local Dirtied Blocks": 0,
              "Local Written Blocks": 0,
              "Temp Read Blocks": 0,
              "Temp Written Blocks": 0
            }
          ]
        }
      ]
    },
    "Planning": {
      "Shared Hit Blocks": 180,
      "Shared Read Blocks": 72,
      "Shared Dirtied Blocks": 0,
      "Shared Written Blocks": 0,
      "Local Hit Blocks": 0,
      "Local Read Blocks": 0,
      "Local Dirtied Blocks": 0,
      "Local Written Blocks": 0,
      "Temp Read Blocks": 0,
      "Temp Written Blocks": 0
    },
    "Planning Time": 49.569,
    "Triggers": [],
    "Execution Time": 2801.057
  }
]