[
  {
    "Plan": {
      "Node Type": "Aggregate",
      "Strategy": "Plain",
      "Partial Mode": "Simple",
      "Parallel Aware": false,
      "Async Capable": false,
      "Startup Cost": 6547.58,
      "Total Cost": 6547.59,
      "Plan Rows": 1,
      "Plan Width": 96,
      "Actual Startup Time": 40.599,
      "Actual Total Time": 41.577,
      "Actual Rows": 1.0,
      "Actual Loops": 1,
      "Disabled": false,
      "Output": [
        "min(chn.name)",
        "min(n.name)",
        "min(t.title)"
      ],
      "Shared Hit Blocks": 2741,
      "Shared Read Blocks": 2988,
      "Shared Dirtied Blocks": 0,
      "Shared Written Blocks": 0,
      "Local Hit Blocks": 0,
      "Local Read Blocks": 0,
      "Local Dirtied Blocks": 0,
      "Local Written Blocks": 0,
      "Temp Read Blocks": 0,
      "Temp Written Blocks": 0,
      "Plans": [
        {
          "Node Type": "Nested Loop",
          "Parent Relationship": "Outer",
          "Parallel Aware": false,
          "Async Capable": false,
          "Join Type": "Inner",
          "Startup Cost": 1004.17,
          "Total Cost": 6547.58,
          "Plan Rows": 1,
          "Plan Width": 48,
          "Actual Startup Time": 16.791,
          "Actual Total Time": 41.568,
          "Actual Rows": 45.0,
          "Actual Loops": 1,
          "Disabled": false,
          "Output": [
            "chn.name",
            "n.name",
            "t.title"
          ],
          "Inner Unique": false,
          "Join Filter": "(an.person_id = n.id)",
          "Rows Removed by Join Filter": 0,
          "Shared Hit Blocks": 2741,
          "Shared Read Blocks": 2988,
          "Shared Dirtied Blocks": 0,
          "Shared Written Blocks": 0,
          "Local Hit Blocks": 0,
          "Local Read Blocks": 0,
          "Local Dirtied Blocks": 0,
          "Local Written Blocks": 0,
          "Temp Read Blocks": 0,
          "Temp Written Blocks": 0,
          "Plans": [
            {
              "Node Type": "Nested Loop",
              "Parent Relationship": "Outer",
              "Parallel Aware": false,
              "Async Capable": false,
              "Join Type": "Inner",
              "Startup Cost": 1003.75,
              "Total Cost": 6546.55,
              "Plan Rows": 1,
              "Plan Width": 56,
              "Actual Startup Time": 16.785,
              "Actual Total Time": 41.549,
              "Actual Rows": 9.0,
              "Actual Loops": 1,
              "Disabled": false,
              "Output": [
                "chn.name",
                "n.name",
                "n.id",
                "t.title",
                "ci.person_id"
              ],
              "Inner Unique": true,
              "Shared Hit Blocks": 2713,
              "Shared Read Blocks": 2988,
              "Shared Dirtied Blocks": 0,
              "Shared Written Blocks": 0,
              "Local Hit Blocks": 0,
              "Local Read Blocks": 0,
              "Local Dirtied Blocks": 0,
              "Local Written Blocks": 0,
              "Temp Read Blocks": 0,
              "Temp Written Blocks": 0,
              "Plans": [
                {
                  "Node Type": "Nested Loop",
                  "Parent Relationship": "Outer",
                  "Parallel Aware": false,
                  "Async Capable": false,
                  "Join Type": "Inner",
                  "Startup Cost": 1003.32,
                  "Total Cost": 6544.82,
                  "Plan Rows": 1,
                  "Plan Width": 44,
                  "Actual Startup Time": 16.779,
                  "Actual Total Time": 41.535,
                  "Actual Rows": 9.0,
                  "Actual Loops": 1,
                  "Disabled": false,
                  "Output": [
                    "n.name",
                    "n.id",
                    "t.title",
                    "ci.person_id",
                    "ci.person_role_id"
                  ],
                  "Inner Unique": true,
                  "Shared Hit Blocks": 2677,
                  "Shared Read Blocks": 2988,
                  "Shared Dirtied Blocks": 0,
                  "Shared Written Blocks": 0,
                  "Local Hit Blocks": 0,
                  "Local Read Blocks": 0,
                  "Local Dirtied Blocks": 0,
                  "Local Written Blocks": 0,
                  "Temp Read Blocks": 0,
                  "Temp Written Blocks": 0,
                  "Plans": [
                    {
                      "Node Type": "Nested Loop",
                      "Parent Relationship": "Outer",
                      "Parallel Aware": false,
                      "Async Capable": false,
                      "Join Type": "Inner",
                      "Startup Cost": 1002.89,
                      "Total Cost": 6542.97,
                      "Plan Rows": 1,
                      "Plan Width": 25,
                      "Actual Startup Time": 16.761,
                      "Actual Total Time": 41.428,
                      "Actual Rows": 62.0,
                      "Actual Loops": 1,
                      "Disabled": false,
                      "Output": [
                        "t.title",
                        "ci.person_id",
                        "ci.person_role_id"
                      ],
                      "Inner Unique": true,
                      "Shared Hit Blocks": 2433,
                      "Shared Read Blocks": 2984,
                      "Shared Dirtied Blocks": 0,
                      "Shared Written Blocks": 0,
                      "Local Hit Blocks": 0,
                      "Local Read Blocks": 0,
                      "Local Dirtied Blocks": 0,
                      "Local Written Blocks": 0,
                      "Temp Read Blocks": 0,
                      "Temp Written Blocks": 0,
                      "Plans": [
                        {
                          "Node Type": "Nested Loop",
                          "Parent Relationship": "Outer",
                          "Parallel Aware": false,
                          "Async Capable": false,
                          "Join Type": "Inner",
                          "Startup Cost": 1002.74,
                          "Total Cost": 6542.24,
                          "Plan Rows": 1,
                          "Plan Width": 29,
                          "Actual Startup Time": 16.335,
                          "Actual Total Time": 40.927,
                          "Actual Rows": 244.0,
                          "Actual Loops": 1,
                          "Disabled": false,
                          "Output": [
                            "t.title",
                            "ci.person_id",
                            "ci.role_id",
                            "ci.person_role_id"
                          ],
                          "Inner Unique": false,
                          "Join Filter": "(ci.movie_id = t.id)",
                          "Rows Removed by Join Filter": 0,
                          "Shared Hit Blocks": 1946,
                          "Shared Read Blocks": 2983,
                          "Shared Dirtied Blocks": 0,
                          "Shared Written Blocks": 0,
                          "Local Hit Blocks": 0,
                          "Local Read Blocks": 0,
                          "Local Dirtied Blocks": 0,
                          "Local Written Blocks": 0,
                          "Temp Read Blocks": 0,
                          "Temp Written Blocks": 0,
                          "Plans": [
                            {
                              "Node Type": "Nested Loop",
                              "Parent Relationship": "Outer",
                              "Parallel Aware": false,
                              "Async Capable": false,
                              "Join Type": "Inner",
                              "Startup Cost": 1002.3,
                              "Total Cost": 6511.46,
                              "Plan Rows": 1,
                              "Plan Width": 33,
                              "Actual Startup Time": 16.328,
                              "Actual Total Time": 40.513,
                              "Actual Rows": 9.0,
                              "Actual Loops": 1,
                              "Disabled": false,
                              "Output": [
                                "mc.movie_id",
                                "t.title",
                                "t.id",
                                "mk.movie_id",
                                "mi.movie_id"
                              ],
                              "Inner Unique": true,
                              "Shared Hit Blocks": 918,
                              "Shared Read Blocks": 2955,
                              "Shared Dirtied Blocks": 0,
                              "Shared Written Blocks": 0,
                              "Local Hit Blocks": 0,
                              "Local Read Blocks": 0,
                              "Local Dirtied Blocks": 0,
                              "Local Written Blocks": 0,
                              "Temp Read Blocks": 0,
                              "Temp Written Blocks": 0,
                              "Plans": [
                                {
                                  "Node Type": "Nested Loop",
                                  "Parent Relationship": "Outer",
                                  "Parallel Aware": false,
                                  "Async Capable": false,
                                  "Join Type": "Inner",
                                  "Startup Cost": 1002.16,
                                  "Total Cost": 6511.28,
                                  "Plan Rows": 1,
                                  "Plan Width": 37,
                                  "Actual Startup Time": 16.32,
                                  "Actual Total Time": 40.498,
                                  "Actual Rows": 9.0,
                                  "Actual Loops": 1,
                                  "Disabled": false,
                                  "Output": [
                                    "mc.movie_id",
                                    "t.title",
                                    "t.id",
                                    "mk.movie_id",
                                    "mi.movie_id",
                                    "mi.info_type_id"
                                  ],
                                  "Inner Unique": false,
                                  "Join Filter": "(mi.movie_id = t.id)",
                                  "Rows Removed by Join Filter": 0,
                                  "Shared Hit Blocks": 900,
                                  "Shared Read Blocks": 2955,
                                  "Shared Dirtied Blocks": 0,
                                  "Shared Written Blocks": 0,
                                  "Local Hit Blocks": 0,
                                  "Local Read Blocks": 0,
                                  "Local Dirtied Blocks": 0,
                                  "Local Written Blocks": 0,
                                  "Temp Read Blocks": 0,
                                  "Temp Written Blocks": 0,
                                  "Plans": [
                                    {
                                      "Node Type": "Gather",
                                      "Parent Relationship": "Outer",
                                      "Parallel Aware": false,
                                      "Async Capable": false,
                                      "Startup Cost": 1001.72,
                                      "Total Cost": 6483.32,
                                      "Plan Rows": 1,
                                      "Plan Width": 29,
                                      "Actual Startup Time": 10.684,
                                      "Actual Total Time": 40.362,
                                      "Actual Rows": 6.0,
                                      "Actual Loops": 1,
                                      "Disabled": false,
                                      "Output": [
                                        "mc.movie_id",
                                        "t.title",
                                        "t.id",
                                        "mk.movie_id"
                                      ],
                                      "Workers Planned": 1,
                                      "Workers Launched": 1,
                                      "Single Copy": false,
                                      "Shared Hit Blocks": 824,
                                      "Shared Read Blocks": 2940,
                                      "Shared Dirtied Blocks": 0,
                                      "Shared Written Blocks": 0,
                                      "Local Hit Blocks": 0,
                                      "Local Read Blocks": 0,
                                      "Local Dirtied Blocks": 0,
                                      "Local Written Blocks": 0,
                                      "Temp Read Blocks": 0,
                                      "Temp Written Blocks": 0,
                                      "Plans": [
                                        {
                                          "Node Type": "Nested Loop",
                                          "Parent Relationship": "Outer",
                                          "Parallel Aware": false,
                                          "Async Capable": false,
                                          "Join Type": "Inner",
                                          "Startup Cost": 1.72,
                                          "Total Cost": 5483.22,
                                          "Plan Rows": 1,
                                          "Plan Width": 29,
                                          "Actual Startup Time": 8.416,
                                          "Actual Total Time": 22.766,
                                          "Actual Rows": 3.0,
                                          "Actual Loops": 2,
                                          "Disabled": false,
                                          "Output": [
                                            "mc.movie_id",
                                            "t.title",
                                            "t.id",
                                            "mk.movie_id"
                                          ],
                                          "Inner Unique": true,
                                          "Shared Hit Blocks": 824,
                                          "Shared Read Blocks": 2940,
                                          "Shared Dirtied Blocks": 0,
                                          "Shared Written Blocks": 0,
                                          "Local Hit Blocks": 0,
                                          "Local Read Blocks": 0,
                                          "Local Dirtied Blocks": 0,
                                          "Local Written Blocks": 0,
                                          "Temp Read Blocks": 0,
                                          "Temp Written Blocks": 0,
                                          "Workers": [
                                            {
                                              "Worker Number": 0,
                                              "Actual Startup Time": 8.6,
                                              "Actual Total Time": 8.6,
                                              "Actual Rows": 0.0,
                                              "Actual Loops": 1,
                                              "Shared Hit Blocks": 4,
                                              "Shared Read Blocks": 320,
                                              "Shared Dirtied Blocks": 0,
                                              "Shared Written Blocks": 0,
                                              "Local Hit Blocks": 0,
                                              "Local Read Blocks": 0,
                                              "Local Dirtied Blocks": 0,
                                              "Local Written Blocks": 0,
                                              "Temp Read Blocks": 0,
                                              "Temp Written Blocks": 0
                                            }
                                          ],
                                          "Plans": [
                                            {
                                              "Node Type": "Nested Loop",
                                              "Parent Relationship": "Outer",
                                              "Parallel Aware": false,
                                              "Async Capable": false,
                                              "Join Type": "Inner",
                                              "Startup Cost": 1.29,
                                              "Total Cost": 5481.73,
                                              "Plan Rows": 1,
                                              "Plan Width": 33,
                                              "Actual Startup Time": 8.322,
                                              "Actual Total Time": 22.056,
                                              "Actual Rows": 41.5,
                                              "Actual Loops": 2,
                                              "Disabled": false,
                                              "Output": [
                                                "mc.movie_id",
                                                "t.title",
                                                "t.id",
                                                "mk.movie_id",
                                                "mk.keyword_id"
                                              ],
                                              "Inner Unique": false,
                                              "Join Filter": "(mk.movie_id = t.id)",
                                              "Rows Removed by Join Filter": 0,
                                              "Shared Hit Blocks": 629,
                                              "Shared Read Blocks": 2899,
                                              "Shared Dirtied Blocks": 0,
                                              "Shared Written Blocks": 0,
                                              "Local Hit Blocks": 0,
                                              "Local Read Blocks": 0,
                                              "Local Dirtied Blocks": 0,
                                              "Local Written Blocks": 0,
                                              "Temp Read Blocks": 0,
                                              "Temp Written Blocks": 0,
                                              "Workers": [
                                                {
                                                  "Worker Number": 0,
                                                  "Actual Startup Time": 8.6,
                                                  "Actual Total Time": 8.6,
                                                  "Actual Rows": 0.0,
                                                  "Actual Loops": 1,
                                                  "Shared Hit Blocks": 4,
                                                  "Shared Read Blocks": 320,
                                                  "Shared Dirtied Blocks": 0,
                                                  "Shared Written Blocks": 0,
                                                  "Local Hit Blocks": 0,
                                                  "Local Read Blocks": 0,
                                                  "Local Dirtied Blocks": 0,
                                                  "Local Written Blocks": 0,
                                                  "Temp Read Blocks": 0,
                                                  "Temp Written Blocks": 0
                                                }
                                              ],
                                              "Plans": [
                                                {
                                                  "Node Type": "Nested Loop",
                                                  "Parent Relationship": "Outer",
                                                  "Parallel Aware": false,
                                                  "Async Capable": false,
                                                  "Join Type": "Inner",
                                                  "Startup Cost": 0.86,
                                                  "Total Cost": 5478.75,
                                                  "Plan Rows": 1,
                                                  "Plan Width": 25,
                                                  "Actual Startup Time": 7.868,
                                                  "Actual Total Time": 21.288,
                                                  "Actual Rows": 2.0,
                                                  "Actual Loops": 2,
                                                  "Disabled": false,
                                                  "Output": [
                                                    "mc.movie_id",
                                                    "t.title",
                                                    "t.id"
                                                  ],
                                                  "Inner Unique": true,
                                                  "Shared Hit Blocks": 619,
                                                  "Shared Read Blocks": 2892,
                                                  "Shared Dirtied Blocks": 0,
                                                  "Shared Written Blocks": 0,
                                                  "Local Hit Blocks": 0,
                                                  "Local Read Blocks": 0,
                                                  "Local Dirtied Blocks": 0,
                                                  "Local Written Blocks": 0,
                                                  "Temp Read Blocks": 0,
                                                  "Temp Written Blocks": 0,
                                                  "Workers": [
                                                    {
                                                      "Worker Number": 0,
                                                      "Actual Startup Time": 8.599,
                                                      "Actual Total Time": 8.6,
                                                      "Actual Rows": 0.0,
                                                      "Actual Loops": 1,
                                                      "Shared Hit Blocks": 4,
                                                      "Shared Read Blocks": 320,
                                                      "Shared Dirtied Blocks": 0,
                                                      "Shared Written Blocks": 0,
                                                      "Local Hit Blocks": 0,
                                                      "Local Read Blocks": 0,
                                                      "Local Dirtied Blocks": 0,
                                                      "Local Written Blocks": 0,
                                                      "Temp Read Blocks": 0,
                                                      "Temp Written Blocks": 0
                                                    }
                                                  ],
                                                  "Plans": [
                                                    {
                                                      "Node Type": "Nested Loop",
                                                      "Parent Relationship": "Outer",
                                                      "Parallel Aware": false,
                                                      "Async Capable": false,
                                                      "Join Type": "Inner",
                                                      "Startup Cost": 0.43,
                                                      "Total Cost": 5468.94,
                                                      "Plan Rows": 6,
                                                      "Plan Width": 4,
                                                      "Actual Startup Time": 7.125,
                                                      "Actual Total Time": 20.146,
                                                      "Actual Rows": 49.5,
                                                      "Actual Loops": 2,
                                                      "Disabled": false,
                                                      "Output": [
                                                        "mc.movie_id"
                                                      ],
                                                      "Inner Unique": false,
                                                      "Shared Hit Blocks": 365,
                                                      "Shared Read Blocks": 2750,
                                                      "Shared Dirtied Blocks": 0,
                                                      "Shared Written Blocks": 0,
                                                      "Local Hit Blocks": 0,
                                                      "Local Read Blocks": 0,
                                                      "Local Dirtied Blocks": 0,
                                                      "Local Written Blocks": 0,
                                                      "Temp Read Blocks": 0,
                                                      "Temp Written Blocks": 0,
                                                      "Workers": [
                                                        {
                                                          "Worker Number": 0,
                                                          "Actual Startup Time": 8.599,
                                                          "Actual Total Time": 8.599,
                                                          "Actual Rows": 0.0,
                                                          "Actual Loops": 1,
                                                          "Shared Hit Blocks": 4,
                                                          "Shared Read Blocks": 320,
                                                          "Shared Dirtied Blocks": 0,
                                                          "Shared Written Blocks": 0,
                                                          "Local Hit Blocks": 0,
                                                          "Local Read Blocks": 0,
                                                          "Local Dirtied Blocks": 0,
                                                          "Local Written Blocks": 0,
                                                          "Temp Read Blocks": 0,
                                                          "Temp Written Blocks": 0
                                                        }
                                                      ],
                                                      "Plans": [
                                                        {
                                                          "Node Type": "Seq Scan",
                                                          "Parent Relationship": "Outer",
                                                          "Parallel Aware": true,
                                                          "Async Capable": false,
                                                          "Relation Name": "company_name",
                                                          "Schema": "public",
                                                          "Alias": "cn",
                                                          "Startup Cost": 0.0,
                                                          "Total Cost": 5113.5,
                                                          "Plan Rows": 1,
                                                          "Plan Width": 4,
                                                          "Actual Startup Time": 6.604,
                                                          "Actual Total Time": 16.659,
                                                          "Actual Rows": 0.5,
                                                          "Actual Loops": 2,
                                                          "Disabled": false,
                                                          "Output": [
                                                            "cn.id",
                                                            "cn.name",
                                                            "cn.country_code",
                                                            "cn.imdb_id",
                                                            "cn.name_pcode_nf",
                                                            "cn.name_pcode_sf",
                                                            "cn.md5sum"
                                                          ],
                                                          "Filter": "(((cn.country_code)::text = '[us]'::text) AND (cn.name = 'DreamWorks Animation'::text))",
                                                          "Rows Removed by Filter": 117498,
                                                          "Shared Hit Blocks": 364,
                                                          "Shared Read Blocks": 2676,
                                                          "Shared Dirtied Blocks": 0,
                                                          "Shared Written Blocks": 0,
                                                          "Local Hit Blocks": 0,
                                                          "Local Read Blocks": 0,
                                                          "Local Dirtied Blocks": 0,
                                                          "Local Written Blocks": 0,
                                                          "Temp Read Blocks": 0,
                                                          "Temp Written Blocks": 0,
                                                          "Workers": [
                                                            {
                                                              "Worker Number": 0,
                                                              "Actual Startup Time": 8.599,
                                                              "Actual Total Time": 8.599,
                                                              "Actual Rows": 0.0,
                                                              "Actual Loops": 1,
                                                              "Shared Hit Blocks": 4,
                                                              "Shared Read Blocks": 320,
                                                              "Shared Dirtied Blocks": 0,
                                                              "Shared Written Blocks": 0,
                                                              "Local Hit Blocks": 0,
                                                              "Local Read Blocks": 0,
                                                              "Local Dirtied Blocks": 0,
                                                              "Local Written Blocks": 0,
                                                              "Temp Read Blocks": 0,
                                                              "Temp Written Blocks": 0
                                                            }
                                                          ]
                                                        },
                                                        {
                                                          "Node Type": "Index Scan",
                                                          "Parent Relationship": "Inner",
                                                          "Parallel Aware": false,
                                                          "Async Capable": false,
                                                          "Scan Direction": "Forward",
                                                          "Index Name": "company_id_movie_companies",
                                                          "Relation Name": "movie_companies",
                                                          "Schema": "public",
                                                          "Alias": "mc",
                                                          "Startup Cost": 0.43,
                                                          "Total Cost": 354.11,
                                                          "Plan Rows": 133,
                                                          "Plan Width": 8,
                                                          "Actual Startup Time": 1.039,
                                                          "Actual Total Time": 6.96,
                                                          "Actual Rows": 99.0,
                                                          "Actual Loops": 1,
                                                          "Disabled": false,
                                                          "Output": [
                                                            "mc.id",
                                                            "mc.movie_id",
                                                            "mc.company_id",
                                                            "mc.company_type_id",
                                                            "mc.note"
                                                          ],
                                                          "Index Cond": "(mc.company_id = cn.id)",
                                                          "Rows Removed by Index Recheck": 0,
                                                          "Index Searches": 1,
                                                          "Shared Hit Blocks": 1,
                                                          "Shared Read Blocks": 74,
                                                          "Shared Dirtied Blocks": 0,
                                                          "Shared Written Blocks": 0,
                                                          "Local Hit Blocks": 0,
                                                          "Local Read Blocks": 0,
                                                          "Local Dirtied Blocks": 0,
                                                          "Local Written Blocks": 0,
                                                          "Temp Read Blocks": 0,
                                                          "Temp Written Blocks": 0,
                                                          "Workers": []
                                                        }
                                                      ]
                                                    },
                                                    {
                                                      "Node Type": "Index Scan",
                                                      "Parent Relationship": "Inner",
                                                      "Parallel Aware": false,
                                                      "Async Capable": false,
                                                      "Scan Direction": "Forward",
                                                      "Index Name": "title_pkey",
                                                      "Relation Name": "title",
                                                      "Schema": "public",
                                                      "Alias": "t",
                                                      "Startup Cost": 0.43,
                                                      "Total Cost": 1.62,
                                                      "Plan Rows": 1,
                                                      "Plan Width": 21,
                                                      "Actual Startup Time": 0.023,
                                                      "Actual Total Time": 0.023,
                                                      "Actual Rows": 0.04,
                                                      "Actual Loops": 99,
                                                      "Disabled": false,
                                                      "Output": [
                                                        "t.id",
                                                        "t.title",
                                                        "t.imdb_index",
                                                        "t.kind_id",
                                                        "t.production_year",
                                                        "t.imdb_id",
                                                        "t.phonetic_code",
                                                        "t.episode_of_id",
                                                        "t.season_nr",
                                                        "t.episode_nr",
                                                        "t.series_years",
                                                        "t.md5sum"
                                                      ],
                                                      "Index Cond": "(t.id = mc.movie_id)",
                                                      "Rows Removed by Index Recheck": 0,
                                                      "Filter": "((t.production_year > 2010) AND (t.title ~~ 'Kung Fu Panda%'::text))",
                                                      "Rows Removed by Filter": 1,
                                                      "Index Searches": 99,
                                                      "Shared Hit Blocks": 254,
                                                      "Shared Read Blocks": 142,
                                                      "Shared Dirtied Blocks": 0,
                                                      "Shared Written Blocks": 0,
                                                      "Local Hit Blocks": 0,
                                                      "Local Read Blocks": 0,
                                                      "Local Dirtied Blocks": 0,
                                                      "Local Written Blocks": 0,
                                                      "Temp Read Blocks": 0,
                                                      "Temp Written Blocks": 0,
                                                      "Workers": []
                                                    }
                                                  ]
                                                },
                                                {
                                                  "Node Type": "Index Scan",
                                                  "Parent Relationship": "Inner",
                                                  "Parallel Aware": false,
                                                  "Async Capable": false,
                                                  "Scan Direction": "Forward",
                                                  "Index Name": "movie_id_movie_keyword",
                                                  "Relation Name": "movie_keyword",
                                                  "Schema": "public",
                                                  "Alias": "mk",
                                                  "Startup Cost": 0.43,
                                                  "Total Cost": 2.41,
                                                  "Plan Rows": 46,
                                                  "Plan Width": 8,
                                                  "Actual Startup Time": 0.379,
                                                  "Actual Total Time": 0.381,
                                                  "Actual Rows": 20.75,
                                                  "Actual Loops": 4,
                                                  "Disabled": false,
                                                  "Output": [
                                                    "mk.id",
                                                    "mk.movie_id",
                                                    "mk.keyword_id"
                                                  ],
                                                  "Index Cond": "(mk.movie_id = mc.movie_id)",
                                                  "Rows Removed by Index Recheck": 0,
                                                  "Index Searches": 4,
                                                  "Shared Hit Blocks": 10,
                                                  "Shared Read Blocks": 7,
                                                  "Shared Dirtied Blocks": 0,
                                                  "Shared Written Blocks": 0,
                                                  "Local Hit Blocks": 0,
                                                  "Local Read Blocks": 0,
                                                  "Local Dirtied Blocks": 0,
                                                  "Local Written Blocks": 0,
                                                  "Temp Read Blocks": 0,
                                                  "Temp Written Blocks": 0,
                                                  "Workers": []
                                                }
                                              ]
                                            },
                                            {
                                              "Node Type": "Memoize",
                                              "Parent Relationship": "Inner",
                                              "Parallel Aware": false,
                                              "Async Capable": false,
                                              "Startup Cost": 0.43,
                                              "Total Cost": 1.47,
                                              "Plan Rows": 1,
                                              "Plan Width": 4,
                                              "Actual Startup Time": 0.017,
                                              "Actual Total Time": 0.017,
                                              "Actual Rows": 0.07,
                                              "Actual Loops": 83,
                                              "Disabled": false,
                                              "Output": [
                                                "k.id"
                                              ],
                                              "Cache Key": "mk.keyword_id",
                                              "Cache Mode": "logical",
                                              "Cache Hits": 24,
                                              "Cache Misses": 59,
                                              "Cache Evictions": 0,
                                              "Cache Overflows": 0,
                                              "Peak Memory Usage": 4,
                                              "Shared Hit Blocks": 195,
                                              "Shared Read Blocks": 41,
                                              "Shared Dirtied Blocks": 0,
                                              "Shared Written Blocks": 0,
                                              "Local Hit Blocks": 0,
                                              "Local Read Blocks": 0,
                                              "Local Dirtied Blocks": 0,
                                              "Local Written Blocks": 0,
                                              "Temp Read Blocks": 0,
                                              "Temp Written Blocks": 0,
                                              "Workers": [],
                                              "Plans": [
                                                {
                                                  "Node Type": "Index Scan",
                                                  "Parent Relationship": "Outer",
                                                  "Parallel Aware": false,
                                                  "Async Capable": false,
                                                  "Scan Direction": "Forward",
                                                  "Index Name": "keyword_pkey",
                                                  "Relation Name": "keyword",
                                                  "Schema": "public",
                                                  "Alias": "k",
                                                  "Startup Cost": 0.42,
                                                  "Total Cost": 1.46,
                                                  "Plan Rows": 1,
                                                  "Plan Width": 4,
                                                  "Actual Startup Time": 0.024,
                                                  "Actual Total Time": 0.024,
                                                  "Actual Rows": 0.03,
                                                  "Actual Loops": 59,
                                                  "Disabled": false,
                                                  "Output": [
                                                    "k.id"
                                                  ],
                                                  "Index Cond": "(k.id = mk.keyword_id)",
                                                  "Rows Removed by Index Recheck": 0,
                                                  "Filter": "(k.keyword = ANY ('{hero,martial-arts,hand-to-hand-combat,computer-animated-movie}'::text[]))",
                                                  "Rows Removed by Filter": 1,
                                                  "Index Searches": 59,
                                                  "Shared Hit Blocks": 195,
                                                  "Shared Read Blocks": 41,
                                                  "Shared Dirtied Blocks": 0,
                                                  "Shared Written Blocks": 0,
                                                  "Local Hit Blocks": 0,
                                                  "Local Read Blocks": 0,
                                                  "Local Dirtied Blocks": 0,
                                                  "Local Written Blocks": 0,
                                                  "Temp Read Blocks": 0,
                                                  "Temp Written Blocks": 0,
                                                  "Workers": []
                                                }
                                              ]
                                            }
                                          ]
                                        }
                                      ]
                                    },
                                    {
                                      "Node Type": "Index Scan",
                                      "Parent Relationship": "Inner",
                                      "Parallel Aware": false,
                                      "Async Capable": false,
                                      "Scan Direction": "Forward",
                                      "Index Name": "movie_id_movie_info",
                                      "Relation Name": "movie_info",
                                      "Schema": "public",
                                      "Alias": "mi",
                                      "Startup Cost": 0.43,
                                      "Total Cost": 27.95,
                                      "Plan Rows": 1,
                                      "Plan Width": 8,
                                      "Actual Startup Time": 0.013,
                                      "Actual Total Time": 0.022,
                                      "Actual Rows": 1.5,
                                      "Actual Loops": 6,
                                      "Disabled": false,
                                      "Output": [
                                        "mi.id",
                                        "mi.movie_id",
                                        "mi.info_type_id",
                                        "mi.info",
                                        "mi.note"
                                      ],
                                      "Index Cond": "(mi.movie_id = mk.movie_id)",
                                      "Rows Removed by Index Recheck": 0,
                                      "Filter": "((mi.info ~~ 'Japan:%201%'::text) OR (mi.info ~~ 'USA:%201%'::text))",
                                      "Rows Removed by Filter": 89,
                                      "Index Searches": 6,
                                      "Shared Hit Blocks": 76,
                                      "Shared Read Blocks": 15,
                                      "Shared Dirtied Blocks": 0,
                                      "Shared Written Blocks": 0,
                                      "Local Hit Blocks": 0,
                                      "Local Read Blocks": 0,
                                      "Local Dirtied Blocks": 0,
                                      "Local Written Blocks": 0,
                                      "Temp Read Blocks": 0,
                                      "Temp Written Blocks": 0
                                    }
                                  ]
                                },
                                {
                                  "Node Type": "Index Scan",
                                  "Parent Relationship": "Inner",
                                  "Parallel Aware": false,
                                  "Async Capable": false,
                                  "Scan Direction": "Forward",
                                  "Index Name": "info_type_pkey",
                                  "Relation Name": "info_type",
                                  "Schema": "public",
                                  "Alias": "it",
                                  "Startup Cost": 0.14,
                                  "Total Cost": 0.16,
                                  "Plan Rows": 1,
                                  "Plan Width": 4,
                                  "Actual Startup Time": 0.001,
                                  "Actual Total Time": 0.001,
                                  "Actual Rows": 1.0,
                                  "Actual Loops": 9,
                                  "Disabled": false,
                                  "Output": [
                                    "it.id",
                                    "it.info"
                                  ],
                                  "Index Cond": "(it.id = mi.info_type_id)",
                                  "Rows Removed by Index Recheck": 0,
                                  "Filter": "((it.info)::text = 'release dates'::text)",
                                  "Rows Removed by Filter": 0,
                                  "Index Searches": 9,
                                  "Shared Hit Blocks": 18,
                                  "Shared Read Blocks": 0,
                                  "Shared Dirtied Blocks": 0,
                                  "Shared Written Blocks": 0,
                                  "Local Hit Blocks": 0,
                                  "Local Read Blocks": 0,
                                  "Local Dirtied Blocks": 0,
                                  "Local Written Blocks": 0,
                                  "Temp Read Blocks": 0,
                                  "Temp Written Blocks": 0
                                }
                              ]
                            },
                            {
                              "Node Type": "Index Scan",
                              "Parent Relationship": "Inner",
                              "Parallel Aware": false,
                              "Async Capable": false,
                              "Scan Direction": "Forward",
                              "Index Name": "movie_id_cast_info",
                              "Relation Name": "cast_info",
                              "Schema": "public",
                              "Alias": "ci",
                              "Startup Cost": 0.44,
                              "Total Cost": 30.76,
                              "Plan Rows": 1,
                              "Plan Width": 16,
                              "Actual Startup Time": 0.002,
                              "Actual Total Time": 0.044,
                              "Actual Rows": 27.11,
                              "Actual Loops": 9,
                              "Disabled": false,
                              "Output": [
                                "ci.id",
                                "ci.person_id",
                                "ci.movie_id",
                                "ci.person_role_id",
                                "ci.note",
                                "ci.nr_order",
                                "ci.role_id"
                              ],
                              "Index Cond": "(ci.movie_id = mk.movie_id)",
                              "Rows Removed by Index Recheck": 0,
                              "Filter": "(ci.note = ANY ('{(voice),\"(voice: Japanese version)\",\"(voice) (uncredited)\",\"(voice: English version)\"}'::text[]))",
                              "Rows Removed by Filter": 91,
                              "Index Searches": 9,
                              "Shared Hit Blocks": 1028,
                              "Shared Read Blocks": 28,
                              "Shared Dirtied Blocks": 0,
                              "Shared Written Blocks": 0,
                              "Local Hit Blocks": 0,
                              "Local Read Blocks": 0,
                              "Local Dirtied Blocks": 0,
                              "Local Written Blocks": 0,
                              "Temp Read Blocks": 0,
                              "Temp Written Blocks": 0
                            }
                          ]
                        },
                        {
                          "Node Type": "Index Scan",
                          "Parent Relationship": "Inner",
                          "Parallel Aware": false,
                          "Async Capable": false,
                          "Scan Direction": "Forward",
                          "Index Name": "role_type_pkey",
                          "Relation Name": "role_type",
                          "Schema": "public",
                          "Alias": "rt",
                          "Startup Cost": 0.15,
                          "Total Cost": 0.57,
                          "Plan Rows": 1,
                          "Plan Width": 4,
                          "Actual Startup Time": 0.002,
                          "Actual Total Time": 0.002,
                          "Actual Rows": 0.25,
                          "Actual Loops": 244,
                          "Disabled": false,
                          "Output": [
                            "rt.id",
                            "rt.role"
                          ],
                          "Index Cond": "(rt.id = ci.role_id)",
                          "Rows Removed by Index Recheck": 0,
                          "Filter": "((rt.role)::text = 'actress'::text)",
                          "Rows Removed by Filter": 1,
                          "Index Searches": 244,
                          "Shared Hit Blocks": 487,
                          "Shared Read Blocks": 1,
                          "Shared Dirtied Blocks": 0,
                          "Shared Written Blocks": 0,
                          "Local Hit Blocks": 0,
                          "Local Read Blocks": 0,
                          "Local Dirtied Blocks": 0,
                          "Local Written Blocks": 0,
                          "Temp Read Blocks": 0,
                          "Temp Written Blocks": 0
                        }
                      ]
                    },
                    {
                      "Node Type": "Index Scan",
                      "Parent Relationship": "Inner",
                      "Parallel Aware": false,
                      "Async Capable": false,
                      "Scan Direction": "Forward",
                      "Index Name": "name_pkey",
                      "Relation Name": "name",
                      "Schema": "public",
                      "Alias": "n",
                      "Startup Cost": 0.43,
                      "Total Cost": 1.84,
                      "Plan Rows": 1,
                      "Plan Width": 19,
                      "Actual Startup Time": 0.002,
                      "Actual Total Time": 0.002,
                      "Actual Rows": 0.15,
                      "Actual Loops": 62,
                      "Disabled": false,
                      "Output": [
                        "n.id",
                        "n.name",
                        "n.imdb_index",
                        "n.imdb_id",
                        "n.gender",
                        "n.name_pcode_cf",
                        "n.name_pcode_nf",
                        "n.surname_pcode",
                        "n.md5sum"
                      ],
                      "Index Cond": "(n.id = ci.person_id)",
                      "Rows Removed by Index Recheck": 0,
                      "Filter": "((n.name ~~ '%An%'::text) AND ((n.gender)::text = 'f'::text))",
                      "Rows Removed by Filter": 1,
                      "Index Searches": 62,
                      "Shared Hit Blocks": 244,
                      "Shared Read Blocks": 4,
                      "Shared Dirtied Blocks": 0,
                      "Shared Written Blocks": 0,
                      "Local Hit Blocks": 0,
                      "Local Read Blocks": 0,
                      "Local Dirtied Blocks": 0,
                      "Local Written Blocks": 0,
                      "Temp Read Blocks": 0,
                      "Temp Written Blocks": 0
                    }
                  ]
                },
                {
                  "Node Type": "Index Scan",
                  "Parent Relationship": "Inner",
                  "Parallel Aware": false,
                  "Async Capable": false,
                  "Scan Direction": "Forward",
                  "Index Name": "char_name_pkey",
                  "Relation Name": "char_name",
                  "Schema": "public",
                  "Alias": "chn",
                  "Startup Cost": 0.43,
                  "Total Cost": 1.74,
                  "Plan Rows": 1,
                  "Plan Width": 20,
                  "Actual Startup Time": 0.001,
                  "Actual Total Time": 0.001,
                  "Actual Rows": 1.0,
                  "Actual Loops": 9,
                  "Disabled": false,
                  "Output": [
                    "chn.id",
                    "chn.name",
                    "chn.imdb_index",
                    "chn.imdb_id",
                    "chn.name_pcode_nf",
                    "chn.surname_pcode",
                    "chn.md5sum"
                  ],
                  "Index Cond": "(chn.id = ci.person_role_id)",
                  "Rows Removed by Index Recheck": 0,
                  "Index Searches": 9,
                  "Shared Hit Blocks": 36,
                  "Shared Read Blocks": 0,
                  "Shared Dirtied Blocks": 0,
                  "Shared Written Blocks": 0,
                  "Local Hit Blocks": 0,
                  "Local Read Blocks": 0,
                  "Local Dirtied Blocks": 0,
                  "Local Written Blocks": 0,
                  "Temp Read Blocks": 0,
                  "Temp Written Blocks": 0
                }
              ]
            },
            {
              "Node Type": "Index Only Scan",
              "Parent Relationship": "Inner",
              "Parallel Aware": false,
              "Async Capable": false,
              "Scan Direction": "Forward",
              "Index Name": "person_id_aka_name",
              "Relation Name": "aka_name",
              "Schema": "public",
              "Alias": "an",
              "Startup Cost": 0.42,
              "Total Cost": 1.0,
              "Plan Rows": 2,
              "Plan Width": 4,
              "Actual Startup Time": 0.001,
              "Actual Total Time": 0.001,
              "Actual Rows": 5.0,
              "Actual Loops": 9,
              "Disabled": false,
              "Output": [
                "an.person_id"
              ],
              "Index Cond": "(an.person_id = ci.person_id)",
              "Rows Removed by Index Recheck": 0,
              "Heap Fetches": 0,
              "Index Searches": 9,
              "Shared Hit Blocks": 28,
              "Shared Read Blocks": 0,
              "Shared Dirtied Blocks": 0,
              "Shared Written Blocks": 0,
              "Local Hit Blocks": 0,
              "Local Read Blocks": 0,
              "Local Dirtied Blocks": 0,
              "Local Written Blocks": 0,
              "Temp Read Blocks": 0,
              "Temp Written Blocks": 0
            }
          ]
        }
      ]
    },
    "Planning": {
      "Shared Hit Blocks": 181,
      "Shared Read Blocks": 71,
      "Shared Dirtied Blocks": 0,
      "Shared Written Blocks": 0,
      "Local Hit Blocks": 0,
      "Local Read Blocks": 0,
      "Local Dirtied Blocks": 0,
      "Local Written Blocks": 0,
      "Temp Read Blocks": 0,
      "Temp Written Blocks": 0
    },
    "Planning Time": 36.729,
    "Triggers": [],
    "Execution Time": 41.628
  }
]