[
  {
    "Plan": {
      "Node Type": "Aggregate",
      "Strategy": "Plain",
      "Partial Mode": "Simple",
      "Parallel Aware": false,
      "Async Capable": false,
      "Startup Cost": 2488.99,
      "Total Cost": 2489.0,
      "Plan Rows": 1,
      "Plan Width": 96,
      "Actual Startup Time": 29274.451,
      "Actual Total Time": 29274.455,
      "Actual Rows": 1.0,
      "Actual Loops": 1,
      "Disabled": false,
      "Output": [
        "min(chn.name)",
        "min(mi_idx.info)",
        "min(t.title)"
      ],
      "Shared Hit Blocks": 5805004,
      "Shared Read Blocks": 558824,
      "Shared Dirtied Blocks": 0,
      "Shared Written Blocks": 0,
      "Local Hit Blocks": 0,
      "Local Read Blocks": 0,
      "Local Dirtied Blocks": 0,
      "Local Written Blocks": 0,
      "Temp Read Blocks": 0,
      "Temp Written Blocks": 0,
      "Plans": [
        {
          "Node Type": "Nested Loop",
          "Parent Relationship": "Outer",
          "Parallel Aware": false,
          "Async Capable": false,
          "Join Type": "Inner",
          "Startup Cost": 22.35,
          "Total Cost": 2488.98,
          "Plan Rows": 1,
          "Plan Width": 38,
          "Actual Startup Time": 13458.902,
          "Actual Total Time": 29274.412,
          "Actual Rows": 93.0,
          "Actual Loops": 1,
          "Disabled": false,
          "Output": [
            "chn.name",
            "mi_idx.info",
            "t.title"
          ],
          "Inner Unique": true,
          "Shared Hit Blocks": 5805004,
          "Shared Read Blocks": 558824,
          "Shared Dirtied Blocks": 0,
          "Shared Written Blocks": 0,
          "Local Hit Blocks": 0,
          "Local Read Blocks": 0,
          "Local Dirtied Blocks": 0,
          "Local Written Blocks": 0,
          "Temp Read Blocks": 0,
          "Temp Written Blocks": 0,
          "Plans": [
            {
              "Node Type": "Nested Loop",
              "Parent Relationship": "Outer",
              "Parallel Aware": false,
              "Async Capable": false,
              "Join Type": "Inner",
              "Startup Cost": 22.2,
              "Total Cost": 2488.8,
              "Plan Rows": 1,
              "Plan Width": 42,
              "Actual Startup Time": 5518.375,
              "Actual Total Time": 29273.419,
              "Actual Rows": 111.0,
              "Actual Loops": 1,
              "Disabled": false,
              "Output": [
                "t.title",
                "t.kind_id",
                "mi_idx.info",
                "chn.name"
              ],
              "Inner Unique": true,
              "Shared Hit Blocks": 5804792,
              "Shared Read Blocks": 558814,
              "Shared Dirtied Blocks": 0,
              "Shared Written Blocks": 0,
              "Local Hit Blocks": 0,
              "Local Read Blocks": 0,
              "Local Dirtied Blocks": 0,
              "Local Written Blocks": 0,
              "Temp Read Blocks": 0,
              "Temp Written Blocks": 0,
              "Plans": [
                {
                  "Node Type": "Nested Loop",
                  "Parent Relationship": "Outer",
                  "Parallel Aware": false,
                  "Async Capable": false,
                  "Join Type": "Inner",
                  "Startup Cost": 21.78,
                  "Total Cost": 2487.9,
                  "Plan Rows": 2,
                  "Plan Width": 46,
                  "Actual Startup Time": 655.181,
                  "Actual Total Time": 29148.736,
                  "Actual Rows": 42176.0,
                  "Actual Loops": 1,
                  "Disabled": false,
                  "Output": [
                    "t.title",
                    "t.kind_id",
                    "mi_idx.info",
                    "chn.name",
                    "mk.keyword_id"
                  ],
                  "Inner Unique": false,
                  "Join Filter": "(mk.movie_id = t.id)",
                  "Rows Removed by Join Filter": 0,
                  "Shared Hit Blocks": 5639720,
                  "Shared Read Blocks": 555182,
                  "Shared Dirtied Blocks": 0,
                  "Shared Written Blocks": 0,
                  "Local Hit Blocks": 0,
                  "Local Read Blocks": 0,
                  "Local Dirtied Blocks": 0,
                  "Local Written Blocks": 0,
                  "Temp Read Blocks": 0,
                  "Temp Written Blocks": 0,
                  "Plans": [
                    {
                      "Node Type": "Nested Loop",
                      "Parent Relationship": "Outer",
                      "Parallel Aware": false,
                      "Async Capable": false,
                      "Join Type": "Inner",
                      "Startup Cost": 21.35,
                      "Total Cost": 2486.09,
                      "Plan Rows": 1,
                      "Plan Width": 58,
                      "Actual Startup Time": 654.747,
                      "Actual Total Time": 29077.166,
                      "Actual Rows": 978.0,
                      "Actual Loops": 1,
                      "Disabled": false,
                      "Output": [
                        "cc.movie_id",
                        "t.title",
                        "t.kind_id",
                        "t.id",
                        "ci.movie_id",
                        "mi_idx.info",
                        "mi_idx.movie_id",
                        "chn.name"
                      ],
                      "Inner Unique": true,
                      "Shared Hit Blocks": 5636258,
                      "Shared Read Blocks": 554755,
                      "Shared Dirtied Blocks": 0,
                      "Shared Written Blocks": 0,
                      "Local Hit Blocks": 0,
                      "Local Read Blocks": 0,
                      "Local Dirtied Blocks": 0,
                      "Local Written Blocks": 0,
                      "Temp Read Blocks": 0,
                      "Temp Written Blocks": 0,
                      "Plans": [
                        {
                          "Node Type": "Nested Loop",
                          "Parent Relationship": "Outer",
                          "Parallel Aware": false,
                          "Async Capable": false,
                          "Join Type": "Inner",
                          "Startup Cost": 20.92,
                          "Total Cost": 2485.63,
                          "Plan Rows": 1,
                          "Plan Width": 46,
                          "Actual Startup Time": 651.09,
                          "Actual Total Time": 27035.611,
                          "Actual Rows": 59778.0,
                          "Actual Loops": 1,
                          "Disabled": false,
                          "Output": [
                            "cc.movie_id",
                            "t.title",
                            "t.kind_id",
                            "t.id",
                            "ci.movie_id",
                            "ci.person_role_id",
                            "mi_idx.info",
                            "mi_idx.movie_id"
                          ],
                          "Inner Unique": true,
                          "Shared Hit Blocks": 5570272,
                          "Shared Read Blocks": 535345,
                          "Shared Dirtied Blocks": 0,
                          "Shared Written Blocks": 0,
                          "Local Hit Blocks": 0,
                          "Local Read Blocks": 0,
                          "Local Dirtied Blocks": 0,
                          "Local Written Blocks": 0,
                          "Temp Read Blocks": 0,
                          "Temp Written Blocks": 0,
                          "Plans": [
                            {
                              "Node Type": "Nested Loop",
                              "Parent Relationship": "Outer",
                              "Parallel Aware": false,
                              "Async Capable": false,
                              "Join Type": "Inner",
                              "Startup Cost": 20.77,
                              "Total Cost": 2485.45,
                              "Plan Rows": 1,
                              "Plan Width": 50,
                              "Actual Startup Time": 292.339,
                              "Actual Total Time": 26983.927,
                              "Actual Rows": 103056.0,
                              "Actual Loops": 1,
                              "Disabled": false,
                              "Output": [
                                "cc.movie_id",
                                "t.title",
                                "t.kind_id",
                                "t.id",
                                "ci.movie_id",
                                "ci.person_role_id",
                                "mi_idx.info",
                                "mi_idx.movie_id",
                                "mi_idx.info_type_id"
                              ],
                              "Inner Unique": false,
                              "Join Filter": "(mi_idx.movie_id = t.id)",
                              "Rows Removed by Join Filter": 0,
                              "Shared Hit Blocks": 5364160,
                              "Shared Read Blocks": 535345,
                              "Shared Dirtied Blocks": 0,
                              "Shared Written Blocks": 0,
                              "Local Hit Blocks": 0,
                              "Local Read Blocks": 0,
                              "Local Dirtied Blocks": 0,
                              "Local Written Blocks": 0,
                              "Temp Read Blocks": 0,
                              "Temp Written Blocks": 0,
                              "Plans": [
                                {
                                  "Node Type": "Nested Loop",
                                  "Parent Relationship": "Outer",
                                  "Parallel Aware": false,
                                  "Async Capable": false,
                                  "Join Type": "Inner",
                                  "Startup Cost": 20.35,
                                  "Total Cost": 2478.43,
                                  "Plan Rows": 14,
                                  "Plan Width": 37,
                                  "Actual Startup Time": 1.926,
                                  "Actual Total Time": 26062.781,
                                  "Actual Rows": 695928.0,
                                  "Actual Loops": 1,
                                  "Disabled": false,
                                  "Output": [
                                    "cc.movie_id",
                                    "t.title",
                                    "t.kind_id",
                                    "t.id",
                                    "ci.movie_id",
                                    "ci.person_role_id"
                                  ],
                                  "Inner Unique": true,
                                  "Shared Hit Blocks": 2793588,
                                  "Shared Read Blocks": 530142,
                                  "Shared Dirtied Blocks": 0,
                                  "Shared Written Blocks": 0,
                                  "Local Hit Blocks": 0,
                                  "Local Read Blocks": 0,
                                  "Local Dirtied Blocks": 0,
                                  "Local Written Blocks": 0,
                                  "Temp Read Blocks": 0,
                                  "Temp Written Blocks": 0,
                                  "Plans": [
                                    {
                                      "Node Type": "Nested Loop",
                                      "Parent Relationship": "Outer",
                                      "Parallel Aware": false,
                                      "Async Capable": false,
                                      "Join Type": "Inner",
                                      "Startup Cost": 19.92,
                                      "Total Cost": 2472.14,
                                      "Plan Rows": 14,
                                      "Plan Width": 41,
                                      "Actual Startup Time": 1.768,
                                      "Actual Total Time": 22562.223,
                                      "Actual Rows": 695928.0,
                                      "Actual Loops": 1,
                                      "Disabled": false,
                                      "Output": [
                                        "cc.movie_id",
                                        "t.title",
                                        "t.kind_id",
                                        "t.id",
                                        "ci.movie_id",
                                        "ci.person_role_id",
                                        "ci.person_id"
                                      ],
                                      "Inner Unique": false,
                                      "Shared Hit Blocks": 698852,
                                      "Shared Read Blocks": 370416,
                                      "Shared Dirtied Blocks": 0,
                                      "Shared Written Blocks": 0,
                                      "Local Hit Blocks": 0,
                                      "Local Read Blocks": 0,
                                      "Local Dirtied Blocks": 0,
                                      "Local Written Blocks": 0,
                                      "Temp Read Blocks": 0,
                                      "Temp Written Blocks": 0,
                                      "Plans": [
                                        {
                                          "Node Type": "Nested Loop",
                                          "Parent Relationship": "Outer",
                                          "Parallel Aware": false,
                                          "Async Capable": false,
                                          "Join Type": "Inner",
                                          "Startup Cost": 19.48,
                                          "Total Cost": 2469.5,
                                          "Plan Rows": 1,
                                          "Plan Width": 29,
                                          "Actual Startup Time": 1.181,
                                          "Actual Total Time": 3379.104,
                                          "Actual Rows": 15465.0,
                                          "Actual Loops": 1,
                                          "Disabled": false,
                                          "Output": [
                                            "cc.movie_id",
                                            "t.title",
                                            "t.kind_id",
                                            "t.id"
                                          ],
                                          "Inner Unique": true,
                                          "Shared Hit Blocks": 287939,
                                          "Shared Read Blocks": 56566,
                                          "Shared Dirtied Blocks": 0,
                                          "Shared Written Blocks": 0,
                                          "Local Hit Blocks": 0,
                                          "Local Read Blocks": 0,
                                          "Local Dirtied Blocks": 0,
                                          "Local Written Blocks": 0,
                                          "Temp Read Blocks": 0,
                                          "Temp Written Blocks": 0,
                                          "Plans": [
                                            {
                                              "Node Type": "Nested Loop",
                                              "Parent Relationship": "Outer",
                                              "Parallel Aware": false,
                                              "Async Capable": false,
                                              "Join Type": "Inner",
                                              "Startup Cost": 19.05,
                                              "Total Cost": 2467.72,
                                              "Plan Rows": 1,
                                              "Plan Width": 4,
                                              "Actual Startup Time": 0.344,
                                              "Actual Total Time": 51.34,
                                              "Actual Rows": 85941.0,
                                              "Actual Loops": 1,
                                              "Disabled": false,
                                              "Output": [
                                                "cc.movie_id"
                                              ],
                                              "Inner Unique": true,
                                              "Shared Hit Blocks": 4,
                                              "Shared Read Blocks": 737,
                                              "Shared Dirtied Blocks": 0,
                                              "Shared Written Blocks": 0,
                                              "Local Hit Blocks": 0,
                                              "Local Read Blocks": 0,
                                              "Local Dirtied Blocks": 0,
                                              "Local Written Blocks": 0,
                                              "Temp Read Blocks": 0,
                                              "Temp Written Blocks": 0,
                                              "Plans": [
                                                {
                                                  "Node Type": "Hash Join",
                                                  "Parent Relationship": "Outer",
                                                  "Parallel Aware": false,
                                                  "Async Capable": false,
                                                  "Join Type": "Inner",
                                                  "Startup Cost": 18.89,
                                                  "Total Cost": 2462.46,
                                                  "Plan Rows": 190,
                                                  "Plan Width": 8,
                                                  "Actual Startup Time": 0.332,
                                                  "Actual Total Time": 27.344,
                                                  "Actual Rows": 135086.0,
                                                  "Actual Loops": 1,
                                                  "Disabled": false,
                                                  "Output": [
                                                    "cc.movie_id",
                                                    "cc.subject_id"
                                                  ],
                                                  "Inner Unique": true,
                                                  "Hash Cond": "(cc.status_id = cct2.id)",
                                                  "Shared Hit Blocks": 1,
                                                  "Shared Read Blocks": 736,
                                                  "Shared Dirtied Blocks": 0,
                                                  "Shared Written Blocks": 0,
                                                  "Local Hit Blocks": 0,
                                                  "Local Read Blocks": 0,
                                                  "Local Dirtied Blocks": 0,
                                                  "Local Written Blocks": 0,
                                                  "Temp Read Blocks": 0,
                                                  "Temp Written Blocks": 0,
                                                  "Plans": [
                                                    {
                                                      "Node Type": "Seq Scan",
                                                      "Parent Relationship": "Outer",
                                                      "Parallel Aware": false,
                                                      "Async Capable": false,
                                                      "Relation Name": "complete_cast",
                                                      "Schema": "public",
                                                      "Alias": "cc",
                                                      "Startup Cost": 0.0,
                                                      "Total Cost": 2086.86,
                                                      "Plan Rows": 135086,
                                                      "Plan Width": 12,
                                                      "Actual Startup Time": 0.313,
                                                      "Actual Total Time": 7.908,
                                                      "Actual Rows": 135086.0,
                                                      "Actual Loops": 1,
                                                      "Disabled": false,
                                                      "Output": [
                                                        "cc.id",
                                                        "cc.movie_id",
                                                        "cc.subject_id",
                                                        "cc.status_id"
                                                      ],
                                                      "Shared Hit Blocks": 0,
                                                      "Shared Read Blocks": 736,
                                                      "Shared Dirtied Blocks": 0,
                                                      "Shared Written Blocks": 0,
                                                      "Local Hit Blocks": 0,
                                                      "Local Read Blocks": 0,
                                                      "Local Dirtied Blocks": 0,
                                                      "Local Written Blocks": 0,
                                                      "Temp Read Blocks": 0,
                                                      "Temp Written Blocks": 0
                                                    },
                                                    {
                                                      "Node Type": "Hash",
                                                      "Parent Relationship": "Inner",
                                                      "Parallel Aware": false,
                                                      "Async Capable": false,
                                                      "Startup Cost": 18.88,
                                                      "Total Cost": 18.88,
                                                      "Plan Rows": 1,
                                                      "Plan Width": 4,
                                                      "Actual Startup Time": 0.013,
                                                      "Actual Total Time": 0.013,
                                                      "Actual Rows": 2.0,
                                                      "Actual Loops": 1,
                                                      "Disabled": false,
                                                      "Output": [
                                                        "cct2.id"
                                                      ],
                                                      "Hash Buckets": 1024,
                                                      "Original Hash Buckets": 1024,
                                                      "Hash Batches": 1,
                                                      "Original Hash Batches": 1,
                                                      "Peak Memory Usage": 9,
                                                      "Shared Hit Blocks": 1,
                                                      "Shared Read Blocks": 0,
                                                      "Shared Dirtied Blocks": 0,
                                                      "Shared Written Blocks": 0,
                                                      "Local Hit Blocks": 0,
                                                      "Local Read Blocks": 0,
                                                      "Local Dirtied Blocks": 0,
                                                      "Local Written Blocks": 0,
                                                      "Temp Read Blocks": 0,
                                                      "Temp Written Blocks": 0,
                                                      "Plans": [
                                                        {
                                                          "Node Type": "Seq Scan",
                                                          "Parent Relationship": "Outer",
                                                          "Parallel Aware": false,
                                                          "Async Capable": false,
                                                          "Relation Name": "comp_cast_type",
                                                          "Schema": "public",
                                                          "Alias": "cct2",
                                                          "Startup Cost": 0.0,
                                                          "Total Cost": 18.88,
                                                          "Plan Rows": 1,
                                                          "Plan Width": 4,
                                                          "Actual Startup Time": 0.011,
                                                          "Actual Total Time": 0.012,
                                                          "Actual Rows": 2.0,
                                                          "Actual Loops": 1,
                                                          "Disabled": false,
                                                          "Output": [
                                                            "cct2.id"
                                                          ],
                                                          "Filter": "((cct2.kind)::text ~~ '%complete%'::text)",
                                                          "Rows Removed by Filter": 2,
                                                          "Shared Hit Blocks": 1,
                                                          "Shared Read Blocks": 0,
                                                          "Shared Dirtied Blocks": 0,
                                                          "Shared Written Blocks": 0,
                                                          "Local Hit Blocks": 0,
                                                          "Local Read Blocks": 0,
                                                          "Local Dirtied Blocks": 0,
                                                          "Local Written Blocks": 0,
                                                          "Temp Read Blocks": 0,
                                                          "Temp Written Blocks": 0
                                                        }
                                                      ]
                                                    }
                                                  ]
                                                },
                                                {
                                                  "Node Type": "Memoize",
                                                  "Parent Relationship": "Inner",
                                                  "Parallel Aware": false,
                                                  "Async Capable": false,
                                                  "Startup Cost": 0.16,
                                                  "Total Cost": 0.18,
                                                  "Plan Rows": 1,
                                                  "Plan Width": 4,
                                                  "Actual Startup Time": 0.0,
                                                  "Actual Total Time": 0.0,
                                                  "Actual Rows": 0.64,
                                                  "Actual Loops": 135086,
                                                  "Disabled": false,
                                                  "Output": [
                                                    "cct1.id"
                                                  ],
                                                  "Cache Key": "cc.subject_id",
                                                  "Cache Mode": "logical",
                                                  "Cache Hits": 135084,
                                                  "Cache Misses": 2,
                                                  "Cache Evictions": 0,
                                                  "Cache Overflows": 0,
                                                  "Peak Memory Usage": 1,
                                                  "Shared Hit Blocks": 3,
                                                  "Shared Read Blocks": 1,
                                                  "Shared Dirtied Blocks": 0,
                                                  "Shared Written Blocks": 0,
                                                  "Local Hit Blocks": 0,
                                                  "Local Read Blocks": 0,
                                                  "Local Dirtied Blocks": 0,
                                                  "Local Written Blocks": 0,
                                                  "Temp Read Blocks": 0,
                                                  "Temp Written Blocks": 0,
                                                  "Plans": [
                                                    {
                                                      "Node Type": "Index Scan",
                                                      "Parent Relationship": "Outer",
                                                      "Parallel Aware": false,
                                                      "Async Capable": false,
                                                      "Scan Direction": "Forward",
                                                      "Index Name": "comp_cast_type_pkey",
                                                      "Relation Name": "comp_cast_type",
                                                      "Schema": "public",
                                                      "Alias": "cct1",
                                                      "Startup Cost": 0.15,
                                                      "Total Cost": 0.17,
                                                      "Plan Rows": 1,
                                                      "Plan Width": 4,
                                                      "Actual Startup Time": 0.087,
                                                      "Actual Total Time": 0.087,
                                                      "Actual Rows": 0.5,
                                                      "Actual Loops": 2,
                                                      "Disabled": false,
                                                      "Output": [
                                                        "cct1.id"
                                                      ],
                                                      "Index Cond": "(cct1.id = cc.subject_id)",
                                                      "Rows Removed by Index Recheck": 0,
                                                      "Filter": "((cct1.kind)::text = 'cast'::text)",
                                                      "Rows Removed by Filter": 0,
                                                      "Index Searches": 2,
                                                      "Shared Hit Blocks": 3,
                                                      "Shared Read Blocks": 1,
                                                      "Shared Dirtied Blocks": 0,
                                                      "Shared Written Blocks": 0,
                                                      "Local Hit Blocks": 0,
                                                      "Local Read Blocks": 0,
                                                      "Local Dirtied Blocks": 0,
                                                      "Local Written Blocks": 0,
                                                      "Temp Read Blocks": 0,
                                                      "Temp Written Blocks": 0
                                                    }
                                                  ]
                                                }
                                              ]
                                            },
                                            {
                                              "Node Type": "Index Scan",
                                              "Parent Relationship": "Inner",
                                              "Parallel Aware": false,
                                              "Async Capable": false,
                                              "Scan Direction": "Forward",
                                              "Index Name": "title_pkey",
                                              "Relation Name": "title",
                                              "Schema": "public",
                                              "Alias": "t",
                                              "Startup Cost": 0.43,
                                              "Total Cost": 1.78,
                                              "Plan Rows": 1,
                                              "Plan Width": 25,
                                              "Actual Startup Time": 0.039,
                                              "Actual Total Time": 0.039,
                                              "Actual Rows": 0.18,
                                              "Actual Loops": 85941,
                                              "Disabled": false,
                                              "Output": [
                                                "t.id",
                                                "t.title",
                                                "t.imdb_index",
                                                "t.kind_id",
                                                "t.production_year",
                                                "t.imdb_id",
                                                "t.phonetic_code",
                                                "t.episode_of_id",
                                                "t.season_nr",
                                                "t.episode_nr",
                                                "t.series_years",
                                                "t.md5sum"
                                              ],
                                              "Index Cond": "(t.id = cc.movie_id)",
                                              "Rows Removed by Index Recheck": 0,
                                              "Filter": "(t.production_year > 2005)",
                                              "Rows Removed by Filter": 1,
                                              "Index Searches": 85941,
                                              "Shared Hit Blocks": 287935,
                                              "Shared Read Blocks": 55829,
                                              "Shared Dirtied Blocks": 0,
                                              "Shared Written Blocks": 0,
                                              "Local Hit Blocks": 0,
                                              "Local Read Blocks": 0,
                                              "Local Dirtied Blocks": 0,
                                              "Local Written Blocks": 0,
                                              "Temp Read Blocks": 0,
                                              "Temp Written Blocks": 0
                                            }
                                          ]
                                        },
                                        {
                                          "Node Type": "Index Scan",
                                          "Parent Relationship": "Inner",
                                          "Parallel Aware": false,
                                          "Async Capable": false,
                                          "Scan Direction": "Forward",
                                          "Index Name": "movie_id_cast_info",
                                          "Relation Name": "cast_info",
                                          "Schema": "public",
                                          "Alias": "ci",
                                          "Startup Cost": 0.44,
                                          "Total Cost": 2.27,
                                          "Plan Rows": 37,
                                          "Plan Width": 12,
                                          "Actual Startup Time": 0.114,
                                          "Actual Total Time": 1.237,
                                          "Actual Rows": 45.0,
                                          "Actual Loops": 15465,
                                          "Disabled": false,
                                          "Output": [
                                            "ci.id",
                                            "ci.person_id",
                                            "ci.movie_id",
                                            "ci.person_role_id",
                                            "ci.note",
                                            "ci.nr_order",
                                            "ci.role_id"
                                          ],
                                          "Index Cond": "(ci.movie_id = t.id)",
                                          "Rows Removed by Index Recheck": 0,
                                          "Index Searches": 15465,
                                          "Shared Hit Blocks": 410913,
                                          "Shared Read Blocks": 313850,
                                          "Shared Dirtied Blocks": 0,
                                          "Shared Written Blocks": 0,
                                          "Local Hit Blocks": 0,
                                          "Local Read Blocks": 0,
                                          "Local Dirtied Blocks": 0,
                                          "Local Written Blocks": 0,
                                          "Temp Read Blocks": 0,
                                          "Temp Written Blocks": 0
                                        }
                                      ]
                                    },
                                    {
                                      "Node Type": "Index Only Scan",
                                      "Parent Relationship": "Inner",
                                      "Parallel Aware": false,
                                      "Async Capable": false,
                                      "Scan Direction": "Forward",
                                      "Index Name": "name_pkey",
                                      "Relation Name": "name",
                                      "Schema": "public",
                                      "Alias": "n",
                                      "Startup Cost": 0.43,
                                      "Total Cost": 0.45,
                                      "Plan Rows": 1,
                                      "Plan Width": 4,
                                      "Actual Startup Time": 0.005,
                                      "Actual Total Time": 0.005,
                                      "Actual Rows": 1.0,
                                      "Actual Loops": 695928,
                                      "Disabled": false,
                                      "Output": [
                                        "n.id"
                                      ],
                                      "Index Cond": "(n.id = ci.person_id)",
                                      "Rows Removed by Index Recheck": 0,
                                      "Heap Fetches": 0,
                                      "Index Searches": 695928,
                                      "Shared Hit Blocks": 2094736,
                                      "Shared Read Blocks": 159726,
                                      "Shared Dirtied Blocks": 0,
                                      "Shared Written Blocks": 0,
                                      "Local Hit Blocks": 0,
                                      "Local Read Blocks": 0,
                                      "Local Dirtied Blocks": 0,
                                      "Local Written Blocks": 0,
                                      "Temp Read Blocks": 0,
                                      "Temp Written Blocks": 0
                                    }
                                  ]
                                },
                                {
                                  "Node Type": "Index Scan",
                                  "Parent Relationship": "Inner",
                                  "Parallel Aware": false,
                                  "Async Capable": false,
                                  "Scan Direction": "Forward",
                                  "Index Name": "movie_id_movie_info_idx",
                                  "Relation Name": "movie_info_idx",
                                  "Schema": "public",
                                  "Alias": "mi_idx",
                                  "Startup Cost": 0.43,
                                  "Total Cost": 0.49,
                                  "Plan Rows": 1,
                                  "Plan Width": 13,
                                  "Actual Startup Time": 0.001,
                                  "Actual Total Time": 0.001,
                                  "Actual Rows": 0.15,
                                  "Actual Loops": 695928,
                                  "Disabled": false,
                                  "Output": [
                                    "mi_idx.id",
                                    "mi_idx.movie_id",
                                    "mi_idx.info_type_id",
                                    "mi_idx.info",
                                    "mi_idx.note"
                                  ],
                                  "Index Cond": "(mi_idx.movie_id = ci.movie_id)",
                                  "Rows Removed by Index Recheck": 0,
                                  "Filter": "(mi_idx.info > '8.0'::text)",
                                  "Rows Removed by Filter": 2,
                                  "Index Searches": 695928,
                                  "Shared Hit Blocks": 2570572,
                                  "Shared Read Blocks": 5203,
                                  "Shared Dirtied Blocks": 0,
                                  "Shared Written Blocks": 0,
                                  "Local Hit Blocks": 0,
                                  "Local Read Blocks": 0,
                                  "Local Dirtied Blocks": 0,
                                  "Local Written Blocks": 0,
                                  "Temp Read Blocks": 0,
                                  "Temp Written Blocks": 0
                                }
                              ]
                            },
                            {
                              "Node Type": "Index Scan",
                              "Parent Relationship": "Inner",
                              "Parallel Aware": false,
                              "Async Capable": false,
                              "Scan Direction": "Forward",
                              "Index Name": "info_type_pkey",
                              "Relation Name": "info_type",
                              "Schema": "public",
                              "Alias": "it2",
                              "Startup Cost": 0.14,
                              "Total Cost": 0.16,
                              "Plan Rows": 1,
                              "Plan Width": 4,
                              "Actual Startup Time": 0.0,
                              "Actual Total Time": 0.0,
                              "Actual Rows": 0.58,
                              "Actual Loops": 103056,
                              "Disabled": false,
                              "Output": [
                                "it2.id",
                                "it2.info"
                              ],
                              "Index Cond": "(it2.id = mi_idx.info_type_id)",
                              "Rows Removed by Index Recheck": 0,
                              "Filter": "((it2.info)::text = 'rating'::text)",
                              "Rows Removed by Filter": 0,
                              "Index Searches": 103056,
                              "Shared Hit Blocks": 206112,
                              "Shared Read Blocks": 0,
                              "Shared Dirtied Blocks": 0,
                              "Shared Written Blocks": 0,
                              "Local Hit Blocks": 0,
                              "Local Read Blocks": 0,
                              "Local Dirtied Blocks": 0,
                              "Local Written Blocks": 0,
                              "Temp Read Blocks": 0,
                              "Temp Written Blocks": 0
                            }
                          ]
                        },
                        {
                          "Node Type": "Index Scan",
                          "Parent Relationship": "Inner",
                          "Parallel Aware": false,
                          "Async Capable": false,
                          "Scan Direction": "Forward",
                          "Index Name": "char_name_pkey",
                          "Relation Name": "char_name",
                          "Schema": "public",
                          "Alias": "chn",
                          "Startup Cost": 0.43,
                          "Total Cost": 0.46,
                          "Plan Rows": 1,
                          "Plan Width": 20,
                          "Actual Startup Time": 0.034,
                          "Actual Total Time": 0.034,
                          "Actual Rows": 0.02,
                          "Actual Loops": 59778,
                          "Disabled": false,
                          "Output": [
                            "chn.id",
                            "chn.name",
                            "chn.imdb_index",
                            "chn.imdb_id",
                            "chn.name_pcode_nf",
                            "chn.surname_pcode",
                            "chn.md5sum"
                          ],
                          "Index Cond": "(chn.id = ci.person_role_id)",
                          "Rows Removed by Index Recheck": 0,
                          "Filter": "((chn.name ~~ '%man%'::text) OR (chn.name ~~ '%Man%'::text))",
                          "Rows Removed by Filter": 0,
                          "Index Searches": 21349,
                          "Shared Hit Blocks": 65986,
                          "Shared Read Blocks": 19410,
                          "Shared Dirtied Blocks": 0,
                          "Shared Written Blocks": 0,
                          "Local Hit Blocks": 0,
                          "Local Read Blocks": 0,
                          "Local Dirtied Blocks": 0,
                          "Local Written Blocks": 0,
                          "Temp Read Blocks": 0,
                          "Temp Written Blocks": 0
                        }
                      ]
                    },
                    {
                      "Node Type": "Index Scan",
                      "Parent Relationship": "Inner",
                      "Parallel Aware": false,
                      "Async Capable": false,
                      "Scan Direction": "Forward",
                      "Index Name": "movie_id_movie_keyword",
                      "Relation Name": "movie_keyword",
                      "Schema": "public",
                      "Alias": "mk",
                      "Startup Cost": 0.43,
                      "Total Cost": 1.24,
                      "Plan Rows": 46,
                      "Plan Width": 8,
                      "Actual Startup Time": 0.063,
                      "Actual Total Time": 0.07,
                      "Actual Rows": 43.12,
                      "Actual Loops": 978,
                      "Disabled": false,
                      "Output": [
                        "mk.id",
                        "mk.movie_id",
                        "mk.keyword_id"
                      ],
                      "Index Cond": "(mk.movie_id = ci.movie_id)",
                      "Rows Removed by Index Recheck": 0,
                      "Index Searches": 978,
                      "Shared Hit Blocks": 3462,
                      "Shared Read Blocks": 427,
                      "Shared Dirtied Blocks": 0,
                      "Shared Written Blocks": 0,
                      "Local Hit Blocks": 0,
                      "Local Read Blocks": 0,
                      "Local Dirtied Blocks": 0,
                      "Local Written Blocks": 0,
                      "Temp Read Blocks": 0,
                      "Temp Written Blocks": 0
                    }
                  ]
                },
                {
                  "Node Type": "Index Scan",
                  "Parent Relationship": "Inner",
                  "Parallel Aware": false,
                  "Async Capable": false,
                  "Scan Direction": "Forward",
                  "Index Name": "keyword_pkey",
                  "Relation Name": "keyword",
                  "Schema": "public",
                  "Alias": "k",
                  "Startup Cost": 0.42,
                  "Total Cost": 0.44,
                  "Plan Rows": 1,
                  "Plan Width": 4,
                  "Actual Startup Time": 0.003,
                  "Actual Total Time": 0.003,
                  "Actual Rows": 0.0,
                  "Actual Loops": 42176,
                  "Disabled": false,
                  "Output": [
                    "k.id",
                    "k.keyword",
                    "k.phonetic_code"
                  ],
                  "Index Cond": "(k.id = mk.keyword_id)",
                  "Rows Removed by Index Recheck": 0,
                  "Filter": "(k.keyword = ANY ('{superhero,marvel-comics,based-on-comic,fight}'::text[]))",
                  "Rows Removed by Filter": 1,
                  "Index Searches": 42176,
                  "Shared Hit Blocks": 165072,
                  "Shared Read Blocks": 3632,
                  "Shared Dirtied Blocks": 0,
                  "Shared Written Blocks": 0,
                  "Local Hit Blocks": 0,
                  "Local Read Blocks": 0,
                  "Local Dirtied Blocks": 0,
                  "Local Written Blocks": 0,
                  "Temp Read Blocks": 0,
                  "Temp Written Blocks": 0
                }
              ]
            },
            {
              "Node Type": "Index Scan",
              "Parent Relationship": "Inner",
              "Parallel Aware": false,
              "Async Capable": false,
              "Scan Direction": "Forward",
              "Index Name": "kind_type_pkey",
              "Relation Name": "kind_type",
              "Schema": "public",
              "Alias": "kt",
              "Startup Cost": 0.15,
              "Total Cost": 0.17,
              "Plan Rows": 1,
              "Plan Width": 4,
              "Actual Startup Time": 0.009,
              "Actual Total Time": 0.009,
              "Actual Rows": 0.84,
              "Actual Loops": 111,
              "Disabled": false,
              "Output": [
                "kt.id",
                "kt.kind"
              ],
              "Index Cond": "(kt.id = t.kind_id)",
              "Rows Removed by Index Recheck": 0,
              "Filter": "((kt.kind)::text = 'movie'::text)",
              "Rows Removed by Filter": 0,
              "Index Searches": 111,
              "Shared Hit Blocks": 212,
              "Shared Read Blocks": 10,
              "Shared Dirtied Blocks": 0,
              "Shared Written Blocks": 0,
              "Local Hit Blocks": 0,
              "Local Read Blocks": 0,
              "Local Dirtied Blocks": 0,
              "Local Written Blocks": 0,
              "Temp Read Blocks": 0,
              "Temp Written Blocks": 0
            }
          ]
        }
      ]
    },
    "Planning": {
      "Shared Hit Blocks": 164,
      "Shared Read Blocks": 42,
      "Shared Dirtied Blocks": 0,
      "Shared Written Blocks": 0,
      "Local Hit Blocks": 0,
      "Local Read Blocks": 0,
      "Local Dirtied Blocks": 0,
      "Local Written Blocks": 0,
      "Temp Read Blocks": 0,
      "Temp Written Blocks": 0
    },
    "Planning Time": 42.249,
    "Triggers": [],
    "Execution Time": 29274.543
  }
]