[
  {
    "Plan": {
      "Node Type": "Aggregate",
      "Strategy": "Plain",
      "Partial Mode": "Simple",
      "Parallel Aware": false,
      "Async Capable": false,
      "Startup Cost": 2741.44,
      "Total Cost": 2741.45,
      "Plan Rows": 1,
      "Plan Width": 96,
      "Actual Startup Time": 11717.863,
      "Actual Total Time": 11717.868,
      "Actual Rows": 1.0,
      "Actual Loops": 1,
      "Disabled": false,
      "Output": [
        "min(chn.name)",
        "min(n.name)",
        "min(t.title)"
      ],
      "Shared Hit Blocks": 253117,
      "Shared Read Blocks": 111830,
      "Shared Dirtied Blocks": 0,
      "Shared Written Blocks": 0,
      "Local Hit Blocks": 0,
      "Local Read Blocks": 0,
      "Local Dirtied Blocks": 0,
      "Local Written Blocks": 0,
      "Temp Read Blocks": 0,
      "Temp Written Blocks": 0,
      "Plans": [
        {
          "Node Type": "Nested Loop",
          "Parent Relationship": "Outer",
          "Parallel Aware": false,
          "Async Capable": false,
          "Join Type": "Inner",
          "Startup Cost": 24.25,
          "Total Cost": 2741.43,
          "Plan Rows": 1,
          "Plan Width": 48,
          "Actual Startup Time": 8217.88,
          "Actual Total Time": 11717.857,
          "Actual Rows": 15.0,
          "Actual Loops": 1,
          "Disabled": false,
          "Output": [
            "chn.name",
            "n.name",
            "t.title"
          ],
          "Inner Unique": true,
          "Shared Hit Blocks": 253117,
          "Shared Read Blocks": 111830,
          "Shared Dirtied Blocks": 0,
          "Shared Written Blocks": 0,
          "Local Hit Blocks": 0,
          "Local Read Blocks": 0,
          "Local Dirtied Blocks": 0,
          "Local Written Blocks": 0,
          "Temp Read Blocks": 0,
          "Temp Written Blocks": 0,
          "Plans": [
            {
              "Node Type": "Nested Loop",
              "Parent Relationship": "Outer",
              "Parallel Aware": false,
              "Async Capable": false,
              "Join Type": "Inner",
              "Startup Cost": 23.83,
              "Total Cost": 2739.4,
              "Plan Rows": 1,
              "Plan Width": 52,
              "Actual Startup Time": 8217.424,
              "Actual Total Time": 11715.023,
              "Actual Rows": 66.0,
              "Actual Loops": 1,
              "Disabled": false,
              "Output": [
                "t.title",
                "n.name",
                "chn.name",
                "mc.company_id"
              ],
              "Inner Unique": false,
              "Join Filter": "(mc.movie_id = t.id)",
              "Rows Removed by Join Filter": 0,
              "Shared Hit Blocks": 252891,
              "Shared Read Blocks": 111792,
              "Shared Dirtied Blocks": 0,
              "Shared Written Blocks": 0,
              "Local Hit Blocks": 0,
              "Local Read Blocks": 0,
              "Local Dirtied Blocks": 0,
              "Local Written Blocks": 0,
              "Temp Read Blocks": 0,
              "Temp Written Blocks": 0,
              "Plans": [
                {
                  "Node Type": "Nested Loop",
                  "Parent Relationship": "Outer",
                  "Parallel Aware": false,
                  "Async Capable": false,
                  "Join Type": "Inner",
                  "Startup Cost": 23.4,
                  "Total Cost": 2734.57,
                  "Plan Rows": 1,
                  "Plan Width": 68,
                  "Actual Startup Time": 8217.157,
                  "Actual Total Time": 11714.739,
                  "Actual Rows": 3.0,
                  "Actual Loops": 1,
                  "Disabled": false,
                  "Output": [
                    "cc.movie_id",
                    "mi.movie_id",
                    "t.title",
                    "t.id",
                    "ci.movie_id",
                    "mk.movie_id",
                    "n.name",
                    "chn.name"
                  ],
                  "Inner Unique": true,
                  "Shared Hit Blocks": 252881,
                  "Shared Read Blocks": 111787,
                  "Shared Dirtied Blocks": 0,
                  "Shared Written Blocks": 0,
                  "Local Hit Blocks": 0,
                  "Local Read Blocks": 0,
                  "Local Dirtied Blocks": 0,
                  "Local Written Blocks": 0,
                  "Temp Read Blocks": 0,
                  "Temp Written Blocks": 0,
                  "Plans": [
                    {
                      "Node Type": "Nested Loop",
                      "Parent Relationship": "Outer",
                      "Parallel Aware": false,
                      "Async Capable": false,
                      "Join Type": "Inner",
                      "Startup Cost": 23.26,
                      "Total Cost": 2734.38,
                      "Plan Rows": 1,
                      "Plan Width": 72,
                      "Actual Startup Time": 8216.51,
                      "Actual Total Time": 11714.511,
                      "Actual Rows": 489.0,
                      "Actual Loops": 1,
                      "Disabled": false,
                      "Output": [
                        "cc.movie_id",
                        "mi.movie_id",
                        "t.title",
                        "t.id",
                        "ci.movie_id",
                        "mk.movie_id",
                        "n.name",
                        "chn.name",
                        "pi.info_type_id"
                      ],
                      "Inner Unique": false,
                      "Join Filter": "(n.id = pi.person_id)",
                      "Rows Removed by Join Filter": 0,
                      "Shared Hit Blocks": 251903,
                      "Shared Read Blocks": 111787,
                      "Shared Dirtied Blocks": 0,
                      "Shared Written Blocks": 0,
                      "Local Hit Blocks": 0,
                      "Local Read Blocks": 0,
                      "Local Dirtied Blocks": 0,
                      "Local Written Blocks": 0,
                      "Temp Read Blocks": 0,
                      "Temp Written Blocks": 0,
                      "Plans": [
                        {
                          "Node Type": "Nested Loop",
                          "Parent Relationship": "Outer",
                          "Parallel Aware": false,
                          "Async Capable": false,
                          "Join Type": "Inner",
                          "Startup Cost": 22.83,
                          "Total Cost": 2714.78,
                          "Plan Rows": 1,
                          "Plan Width": 80,
                          "Actual Startup Time": 8215.387,
                          "Actual Total Time": 11712.727,
                          "Actual Rows": 3.0,
                          "Actual Loops": 1,
                          "Disabled": false,
                          "Output": [
                            "cc.movie_id",
                            "mi.movie_id",
                            "t.title",
                            "t.id",
                            "ci.movie_id",
                            "ci.person_id",
                            "mk.movie_id",
                            "n.name",
                            "n.id",
                            "an.person_id",
                            "chn.name"
                          ],
                          "Inner Unique": true,
                          "Shared Hit Blocks": 251879,
                          "Shared Read Blocks": 111775,
                          "Shared Dirtied Blocks": 0,
                          "Shared Written Blocks": 0,
                          "Local Hit Blocks": 0,
                          "Local Read Blocks": 0,
                          "Local Dirtied Blocks": 0,
                          "Local Written Blocks": 0,
                          "Temp Read Blocks": 0,
                          "Temp Written Blocks": 0,
                          "Plans": [
                            {
                              "Node Type": "Nested Loop",
                              "Parent Relationship": "Outer",
                              "Parallel Aware": false,
                              "Async Capable": false,
                              "Join Type": "Inner",
                              "Startup Cost": 22.41,
                              "Total Cost": 2711.16,
                              "Plan Rows": 1,
                              "Plan Width": 84,
                              "Actual Startup Time": 8214.645,
                              "Actual Total Time": 11711.327,
                              "Actual Rows": 324.0,
                              "Actual Loops": 1,
                              "Disabled": false,
                              "Output": [
                                "cc.movie_id",
                                "mi.movie_id",
                                "t.title",
                                "t.id",
                                "ci.movie_id",
                                "ci.person_id",
                                "mk.movie_id",
                                "mk.keyword_id",
                                "n.name",
                                "n.id",
                                "an.person_id",
                                "chn.name"
                              ],
                              "Inner Unique": true,
                              "Shared Hit Blocks": 250710,
                              "Shared Read Blocks": 111648,
                              "Shared Dirtied Blocks": 0,
                              "Shared Written Blocks": 0,
                              "Local Hit Blocks": 0,
                              "Local Read Blocks": 0,
                              "Local Dirtied Blocks": 0,
                              "Local Written Blocks": 0,
                              "Temp Read Blocks": 0,
                              "Temp Written Blocks": 0,
                              "Plans": [
                                {
                                  "Node Type": "Nested Loop",
                                  "Parent Relationship": "Outer",
                                  "Parallel Aware": false,
                                  "Async Capable": false,
                                  "Join Type": "Inner",
                                  "Startup Cost": 21.98,
                                  "Total Cost": 2707.09,
                                  "Plan Rows": 1,
                                  "Plan Width": 72,
                                  "Actual Startup Time": 8214.488,
                                  "Actual Total Time": 11710.929,
                                  "Actual Rows": 324.0,
                                  "Actual Loops": 1,
                                  "Disabled": false,
                                  "Output": [
                                    "cc.movie_id",
                                    "mi.movie_id",
                                    "t.title",
                                    "t.id",
                                    "ci.movie_id",
                                    "ci.person_id",
                                    "ci.person_role_id",
                                    "mk.movie_id",
                                    "mk.keyword_id",
                                    "n.name",
                                    "n.id",
                                    "an.person_id"
                                  ],
                                  "Inner Unique": true,
                                  "Shared Hit Blocks": 249418,
                                  "Shared Read Blocks": 111644,
                                  "Shared Dirtied Blocks": 0,
                                  "Shared Written Blocks": 0,
                                  "Local Hit Blocks": 0,
                                  "Local Read Blocks": 0,
                                  "Local Dirtied Blocks": 0,
                                  "Local Written Blocks": 0,
                                  "Temp Read Blocks": 0,
                                  "Temp Written Blocks": 0,
                                  "Plans": [
                                    {
                                      "Node Type": "Nested Loop",
                                      "Parent Relationship": "Outer",
                                      "Parallel Aware": false,
                                      "Async Capable": false,
                                      "Join Type": "Inner",
                                      "Startup Cost": 21.83,
                                      "Total Cost": 2706.35,
                                      "Plan Rows": 1,
                                      "Plan Width": 76,
                                      "Actual Startup Time": 8214.2,
                                      "Actual Total Time": 11710.483,
                                      "Actual Rows": 324.0,
                                      "Actual Loops": 1,
                                      "Disabled": false,
                                      "Output": [
                                        "cc.movie_id",
                                        "mi.movie_id",
                                        "t.title",
                                        "t.id",
                                        "ci.movie_id",
                                        "ci.person_id",
                                        "ci.role_id",
                                        "ci.person_role_id",
                                        "mk.movie_id",
                                        "mk.keyword_id",
                                        "n.name",
                                        "n.id",
                                        "an.person_id"
                                      ],
                                      "Inner Unique": false,
                                      "Join Filter": "(an.person_id = n.id)",
                                      "Rows Removed by Join Filter": 0,
                                      "Shared Hit Blocks": 248772,
                                      "Shared Read Blocks": 111642,
                                      "Shared Dirtied Blocks": 0,
                                      "Shared Written Blocks": 0,
                                      "Local Hit Blocks": 0,
                                      "Local Read Blocks": 0,
                                      "Local Dirtied Blocks": 0,
                                      "Local Written Blocks": 0,
                                      "Temp Read Blocks": 0,
                                      "Temp Written Blocks": 0,
                                      "Plans": [
                                        {
                                          "Node Type": "Nested Loop",
                                          "Parent Relationship": "Outer",
                                          "Parallel Aware": false,
                                          "Async Capable": false,
                                          "Join Type": "Inner",
                                          "Startup Cost": 21.41,
                                          "Total Cost": 2705.06,
                                          "Plan Rows": 1,
                                          "Plan Width": 72,
                                          "Actual Startup Time": 8213.607,
                                          "Actual Total Time": 11709.778,
                                          "Actual Rows": 108.0,
                                          "Actual Loops": 1,
                                          "Disabled": false,
                                          "Output": [
                                            "cc.movie_id",
                                            "mi.movie_id",
                                            "t.title",
                                            "t.id",
                                            "ci.movie_id",
                                            "ci.person_id",
                                            "ci.role_id",
                                            "ci.person_role_id",
                                            "mk.movie_id",
                                            "mk.keyword_id",
                                            "n.name",
                                            "n.id"
                                          ],
                                          "Inner Unique": true,
                                          "Shared Hit Blocks": 248451,
                                          "Shared Read Blocks": 111638,
                                          "Shared Dirtied Blocks": 0,
                                          "Shared Written Blocks": 0,
                                          "Local Hit Blocks": 0,
                                          "Local Read Blocks": 0,
                                          "Local Dirtied Blocks": 0,
                                          "Local Written Blocks": 0,
                                          "Temp Read Blocks": 0,
                                          "Temp Written Blocks": 0,
                                          "Plans": [
                                            {
                                              "Node Type": "Nested Loop",
                                              "Parent Relationship": "Outer",
                                              "Parallel Aware": false,
                                              "Async Capable": false,
                                              "Join Type": "Inner",
                                              "Startup Cost": 20.98,
                                              "Total Cost": 2702.72,
                                              "Plan Rows": 1,
                                              "Plan Width": 53,
                                              "Actual Startup Time": 8202.528,
                                              "Actual Total Time": 11697.922,
                                              "Actual Rows": 4104.0,
                                              "Actual Loops": 1,
                                              "Disabled": false,
                                              "Output": [
                                                "cc.movie_id",
                                                "mi.movie_id",
                                                "t.title",
                                                "t.id",
                                                "ci.movie_id",
                                                "ci.person_id",
                                                "ci.role_id",
                                                "ci.person_role_id",
                                                "mk.movie_id",
                                                "mk.keyword_id"
                                              ],
                                              "Inner Unique": true,
                                              "Shared Hit Blocks": 232102,
                                              "Shared Read Blocks": 111571,
                                              "Shared Dirtied Blocks": 0,
                                              "Shared Written Blocks": 0,
                                              "Local Hit Blocks": 0,
                                              "Local Read Blocks": 0,
                                              "Local Dirtied Blocks": 0,
                                              "Local Written Blocks": 0,
                                              "Temp Read Blocks": 0,
                                              "Temp Written Blocks": 0,
                                              "Plans": [
                                                {
                                                  "Node Type": "Nested Loop",
                                                  "Parent Relationship": "Outer",
                                                  "Parallel Aware": false,
                                                  "Async Capable": false,
                                                  "Join Type": "Inner",
                                                  "Startup Cost": 20.83,
                                                  "Total Cost": 2702.37,
                                                  "Plan Rows": 2,
                                                  "Plan Width": 57,
                                                  "Actual Startup Time": 8202.164,
                                                  "Actual Total Time": 11695.823,
                                                  "Actual Rows": 4104.0,
                                                  "Actual Loops": 1,
                                                  "Disabled": false,
                                                  "Output": [
                                                    "cc.movie_id",
                                                    "mi.movie_id",
                                                    "mi.info_type_id",
                                                    "t.title",
                                                    "t.id",
                                                    "ci.movie_id",
                                                    "ci.person_id",
                                                    "ci.role_id",
                                                    "ci.person_role_id",
                                                    "mk.movie_id",
                                                    "mk.keyword_id"
                                                  ],
                                                  "Inner Unique": false,
                                                  "Join Filter": "(mk.movie_id = t.id)",
                                                  "Rows Removed by Join Filter": 0,
                                                  "Shared Hit Blocks": 223896,
                                                  "Shared Read Blocks": 111569,
                                                  "Shared Dirtied Blocks": 0,
                                                  "Shared Written Blocks": 0,
                                                  "Local Hit Blocks": 0,
                                                  "Local Read Blocks": 0,
                                                  "Local Dirtied Blocks": 0,
                                                  "Local Written Blocks": 0,
                                                  "Temp Read Blocks": 0,
                                                  "Temp Written Blocks": 0,
                                                  "Plans": [
                                                    {
                                                      "Node Type": "Nested Loop",
                                                      "Parent Relationship": "Outer",
                                                      "Parallel Aware": false,
                                                      "Async Capable": false,
                                                      "Join Type": "Inner",
                                                      "Startup Cost": 20.4,
                                                      "Total Cost": 2698.79,
                                                      "Plan Rows": 1,
                                                      "Plan Width": 49,
                                                      "Actual Startup Time": 8201.894,
                                                      "Actual Total Time": 11695.006,
                                                      "Actual Rows": 38.0,
                                                      "Actual Loops": 1,
                                                      "Disabled": false,
                                                      "Output": [
                                                        "cc.movie_id",
                                                        "mi.movie_id",
                                                        "mi.info_type_id",
                                                        "t.title",
                                                        "t.id",
                                                        "ci.movie_id",
                                                        "ci.person_id",
                                                        "ci.role_id",
                                                        "ci.person_role_id"
                                                      ],
                                                      "Inner Unique": false,
                                                      "Join Filter": "(ci.movie_id = t.id)",
                                                      "Rows Removed by Join Filter": 0,
                                                      "Shared Hit Blocks": 223748,
                                                      "Shared Read Blocks": 111565,
                                                      "Shared Dirtied Blocks": 0,
                                                      "Shared Written Blocks": 0,
                                                      "Local Hit Blocks": 0,
                                                      "Local Read Blocks": 0,
                                                      "Local Dirtied Blocks": 0,
                                                      "Local Written Blocks": 0,
                                                      "Temp Read Blocks": 0,
                                                      "Temp Written Blocks": 0,
                                                      "Plans": [
                                                        {
                                                          "Node Type": "Nested Loop",
                                                          "Parent Relationship": "Outer",
                                                          "Parallel Aware": false,
                                                          "Async Capable": false,
                                                          "Join Type": "Inner",
                                                          "Startup Cost": 19.96,
                                                          "Total Cost": 2657.99,
                                                          "Plan Rows": 1,
                                                          "Plan Width": 33,
                                                          "Actual Startup Time": 8200.952,
                                                          "Actual Total Time": 11684.962,
                                                          "Actual Rows": 1.0,
                                                          "Actual Loops": 1,
                                                          "Disabled": false,
                                                          "Output": [
                                                            "cc.movie_id",
                                                            "mi.movie_id",
                                                            "mi.info_type_id",
                                                            "t.title",
                                                            "t.id"
                                                          ],
                                                          "Inner Unique": true,
                                                          "Shared Hit Blocks": 223748,
                                                          "Shared Read Blocks": 111351,
                                                          "Shared Dirtied Blocks": 0,
                                                          "Shared Written Blocks": 0,
                                                          "Local Hit Blocks": 0,
                                                          "Local Read Blocks": 0,
                                                          "Local Dirtied Blocks": 0,
                                                          "Local Written Blocks": 0,
                                                          "Temp Read Blocks": 0,
                                                          "Temp Written Blocks": 0,
                                                          "Plans": [
                                                            {
                                                              "Node Type": "Nested Loop",
                                                              "Parent Relationship": "Outer",
                                                              "Parallel Aware": false,
                                                              "Async Capable": false,
                                                              "Join Type": "Inner",
                                                              "Startup Cost": 19.52,
                                                              "Total Cost": 2646.27,
                                                              "Plan Rows": 5,
                                                              "Plan Width": 12,
                                                              "Actual Startup Time": 4.084,
                                                              "Actual Total Time": 11605.542,
                                                              "Actual Rows": 3245.0,
                                                              "Actual Loops": 1,
                                                              "Disabled": false,
                                                              "Output": [
                                                                "cc.movie_id",
                                                                "mi.movie_id",
                                                                "mi.info_type_id"
                                                              ],
                                                              "Inner Unique": false,
                                                              "Shared Hit Blocks": 219568,
                                                              "Shared Read Blocks": 108675,
                                                              "Shared Dirtied Blocks": 0,
                                                              "Shared Written Blocks": 0,
                                                              "Local Hit Blocks": 0,
                                                              "Local Read Blocks": 0,
                                                              "Local Dirtied Blocks": 0,
                                                              "Local Written Blocks": 0,
                                                              "Temp Read Blocks": 0,
                                                              "Temp Written Blocks": 0,
                                                              "Plans": [
                                                                {
                                                                  "Node Type": "Nested Loop",
                                                                  "Parent Relationship": "Outer",
                                                                  "Parallel Aware": false,
                                                                  "Async Capable": false,
                                                                  "Join Type": "Inner",
                                                                  "Startup Cost": 19.09,
                                                                  "Total Cost": 2483.22,
                                                                  "Plan Rows": 4,
                                                                  "Plan Width": 4,
                                                                  "Actual Startup Time": 0.086,
                                                                  "Actual Total Time": 24.481,
                                                                  "Actual Rows": 17879.0,
                                                                  "Actual Loops": 1,
                                                                  "Disabled": false,
                                                                  "Output": [
                                                                    "cc.movie_id"
                                                                  ],
                                                                  "Inner Unique": true,
                                                                  "Shared Hit Blocks": 4,
                                                                  "Shared Read Blocks": 737,
                                                                  "Shared Dirtied Blocks": 0,
                                                                  "Shared Written Blocks": 0,
                                                                  "Local Hit Blocks": 0,
                                                                  "Local Read Blocks": 0,
                                                                  "Local Dirtied Blocks": 0,
                                                                  "Local Written Blocks": 0,
                                                                  "Temp Read Blocks": 0,
                                                                  "Temp Written Blocks": 0,
                                                                  "Plans": [
                                                                    {
                                                                      "Node Type": "Hash Join",
                                                                      "Parent Relationship": "Outer",
                                                                      "Parallel Aware": false,
                                                                      "Async Capable": false,
                                                                      "Join Type": "Inner",
                                                                      "Startup Cost": 18.93,
                                                                      "Total Cost": 2462.5,
                                                                      "Plan Rows": 761,
                                                                      "Plan Width": 8,
                                                                      "Actual Startup Time": 0.066,
                                                                      "Actual Total Time": 15.364,
                                                                      "Actual Rows": 24592.0,
                                                                      "Actual Loops": 1,
                                                                      "Disabled": false,
                                                                      "Output": [
                                                                        "cc.movie_id",
                                                                        "cc.subject_id"
                                                                      ],
                                                                      "Inner Unique": true,
                                                                      "Hash Cond": "(cc.status_id = cct2.id)",
                                                                      "Shared Hit Blocks": 1,
                                                                      "Shared Read Blocks": 736,
                                                                      "Shared Dirtied Blocks": 0,
                                                                      "Shared Written Blocks": 0,
                                                                      "Local Hit Blocks": 0,
                                                                      "Local Read Blocks": 0,
                                                                      "Local Dirtied Blocks": 0,
                                                                      "Local Written Blocks": 0,
                                                                      "Temp Read Blocks": 0,
                                                                      "Temp Written Blocks": 0,
                                                                      "Plans": [
                                                                        {
                                                                          "Node Type": "Seq Scan",
                                                                          "Parent Relationship": "Outer",
                                                                          "Parallel Aware": false,
                                                                          "Async Capable": false,
                                                                          "Relation Name": "complete_cast",
                                                                          "Schema": "public",
                                                                          "Alias": "cc",
                                                                          "Startup Cost": 0.0,
                                                                          "Total Cost": 2086.86,
                                                                          "Plan Rows": 135086,
                                                                          "Plan Width": 12,
                                                                          "Actual Startup Time": 0.047,
                                                                          "Actual Total Time": 6.599,
                                                                          "Actual Rows": 135086.0,
                                                                          "Actual Loops": 1,
                                                                          "Disabled": false,
                                                                          "Output": [
                                                                            "cc.id",
                                                                            "cc.movie_id",
                                                                            "cc.subject_id",
                                                                            "cc.status_id"
                                                                          ],
                                                                          "Shared Hit Blocks": 0,
                                                                          "Shared Read Blocks": 736,
                                                                          "Shared Dirtied Blocks": 0,
                                                                          "Shared Written Blocks": 0,
                                                                          "Local Hit Blocks": 0,
                                                                          "Local Read Blocks": 0,
                                                                          "Local Dirtied Blocks": 0,
                                                                          "Local Written Blocks": 0,
                                                                          "Temp Read Blocks": 0,
                                                                          "Temp Written Blocks": 0
                                                                        },
                                                                        {
                                                                          "Node Type": "Hash",
                                                                          "Parent Relationship": "Inner",
                                                                          "Parallel Aware": false,
                                                                          "Async Capable": false,
                                                                          "Startup Cost": 18.88,
                                                                          "Total Cost": 18.88,
                                                                          "Plan Rows": 4,
                                                                          "Plan Width": 4,
                                                                          "Actual Startup Time": 0.01,
                                                                          "Actual Total Time": 0.01,
                                                                          "Actual Rows": 1.0,
                                                                          "Actual Loops": 1,
                                                                          "Disabled": false,
                                                                          "Output": [
                                                                            "cct2.id"
                                                                          ],
                                                                          "Hash Buckets": 1024,
                                                                          "Original Hash Buckets": 1024,
                                                                          "Hash Batches": 1,
                                                                          "Original Hash Batches": 1,
                                                                          "Peak Memory Usage": 9,
                                                                          "Shared Hit Blocks": 1,
                                                                          "Shared Read Blocks": 0,
                                                                          "Shared Dirtied Blocks": 0,
                                                                          "Shared Written Blocks": 0,
                                                                          "Local Hit Blocks": 0,
                                                                          "Local Read Blocks": 0,
                                                                          "Local Dirtied Blocks": 0,
                                                                          "Local Written Blocks": 0,
                                                                          "Temp Read Blocks": 0,
                                                                          "Temp Written Blocks": 0,
                                                                          "Plans": [
                                                                            {
                                                                              "Node Type": "Seq Scan",
                                                                              "Parent Relationship": "Outer",
                                                                              "Parallel Aware": false,
                                                                              "Async Capable": false,
                                                                              "Relation Name": "comp_cast_type",
                                                                              "Schema": "public",
                                                                              "Alias": "cct2",
                                                                              "Startup Cost": 0.0,
                                                                              "Total Cost": 18.88,
                                                                              "Plan Rows": 4,
                                                                              "Plan Width": 4,
                                                                              "Actual Startup Time": 0.005,
                                                                              "Actual Total Time": 0.005,
                                                                              "Actual Rows": 1.0,
                                                                              "Actual Loops": 1,
                                                                              "Disabled": false,
                                                                              "Output": [
                                                                                "cct2.id"
                                                                              ],
                                                                              "Filter": "((cct2.kind)::text = 'complete+verified'::text)",
                                                                              "Rows Removed by Filter": 3,
                                                                              "Shared Hit Blocks": 1,
                                                                              "Shared Read Blocks": 0,
                                                                              "Shared Dirtied Blocks": 0,
                                                                              "Shared Written Blocks": 0,
                                                                              "Local Hit Blocks": 0,
                                                                              "Local Read Blocks": 0,
                                                                              "Local Dirtied Blocks": 0,
                                                                              "Local Written Blocks": 0,
                                                                              "Temp Read Blocks": 0,
                                                                              "Temp Written Blocks": 0
                                                                            }
                                                                          ]
                                                                        }
                                                                      ]
                                                                    },
                                                                    {
                                                                      "Node Type": "Memoize",
                                                                      "Parent Relationship": "Inner",
                                                                      "Parallel Aware": false,
                                                                      "Async Capable": false,
                                                                      "Startup Cost": 0.16,
                                                                      "Total Cost": 0.58,
                                                                      "Plan Rows": 1,
                                                                      "Plan Width": 4,
                                                                      "Actual Startup Time": 0.0,
                                                                      "Actual Total Time": 0.0,
                                                                      "Actual Rows": 0.73,
                                                                      "Actual Loops": 24592,
                                                                      "Disabled": false,
                                                                      "Output": [
                                                                        "cct1.id"
                                                                      ],
                                                                      "Cache Key": "cc.subject_id",
                                                                      "Cache Mode": "logical",
                                                                      "Cache Hits": 24590,
                                                                      "Cache Misses": 2,
                                                                      "Cache Evictions": 0,
                                                                      "Cache Overflows": 0,
                                                                      "Peak Memory Usage": 1,
                                                                      "Shared Hit Blocks": 3,
                                                                      "Shared Read Blocks": 1,
                                                                      "Shared Dirtied Blocks": 0,
                                                                      "Shared Written Blocks": 0,
                                                                      "Local Hit Blocks": 0,
                                                                      "Local Read Blocks": 0,
                                                                      "Local Dirtied Blocks": 0,
                                                                      "Local Written Blocks": 0,
                                                                      "Temp Read Blocks": 0,
                                                                      "Temp Written Blocks": 0,
                                                                      "Plans": [
                                                                        {
                                                                          "Node Type": "Index Scan",
                                                                          "Parent Relationship": "Outer",
                                                                          "Parallel Aware": false,
                                                                          "Async Capable": false,
                                                                          "Scan Direction": "Forward",
                                                                          "Index Name": "comp_cast_type_pkey",
                                                                          "Relation Name": "comp_cast_type",
                                                                          "Schema": "public",
                                                                          "Alias": "cct1",
                                                                          "Startup Cost": 0.15,
                                                                          "Total Cost": 0.57,
                                                                          "Plan Rows": 1,
                                                                          "Plan Width": 4,
                                                                          "Actual Startup Time": 0.097,
                                                                          "Actual Total Time": 0.098,
                                                                          "Actual Rows": 0.5,
                                                                          "Actual Loops": 2,
                                                                          "Disabled": false,
                                                                          "Output": [
                                                                            "cct1.id"
                                                                          ],
                                                                          "Index Cond": "(cct1.id = cc.subject_id)",
                                                                          "Rows Removed by Index Recheck": 0,
                                                                          "Filter": "((cct1.kind)::text = 'cast'::text)",
                                                                          "Rows Removed by Filter": 0,
                                                                          "Index Searches": 2,
                                                                          "Shared Hit Blocks": 3,
                                                                          "Shared Read Blocks": 1,
                                                                          "Shared Dirtied Blocks": 0,
                                                                          "Shared Written Blocks": 0,
                                                                          "Local Hit Blocks": 0,
                                                                          "Local Read Blocks": 0,
                                                                          "Local Dirtied Blocks": 0,
                                                                          "Local Written Blocks": 0,
                                                                          "Temp Read Blocks": 0,
                                                                          "Temp Written Blocks": 0
                                                                        }
                                                                      ]
                                                                    }
                                                                  ]
                                                                },
                                                                {
                                                                  "Node Type": "Index Scan",
                                                                  "Parent Relationship": "Inner",
                                                                  "Parallel Aware": false,
                                                                  "Async Capable": false,
                                                                  "Scan Direction": "Forward",
                                                                  "Index Name": "movie_id_movie_info",
                                                                  "Relation Name": "movie_info",
                                                                  "Schema": "public",
                                                                  "Alias": "mi",
                                                                  "Startup Cost": 0.43,
                                                                  "Total Cost": 40.75,
                                                                  "Plan Rows": 1,
                                                                  "Plan Width": 8,
                                                                  "Actual Startup Time": 0.589,
                                                                  "Actual Total Time": 0.648,
                                                                  "Actual Rows": 0.18,
                                                                  "Actual Loops": 17879,
                                                                  "Disabled": false,
                                                                  "Output": [
                                                                    "mi.id",
                                                                    "mi.movie_id",
                                                                    "mi.info_type_id",
                                                                    "mi.info",
                                                                    "mi.note"
                                                                  ],
                                                                  "Index Cond": "(mi.movie_id = cc.movie_id)",
                                                                  "Rows Removed by Index Recheck": 0,
                                                                  "Filter": "(mi.info ~~ 'USA:%200%'::text)",
                                                                  "Rows Removed by Filter": 68,
                                                                  "Index Searches": 17879,
                                                                  "Shared Hit Blocks": 219564,
                                                                  "Shared Read Blocks": 107938,
                                                                  "Shared Dirtied Blocks": 0,
                                                                  "Shared Written Blocks": 0,
                                                                  "Local Hit Blocks": 0,
                                                                  "Local Read Blocks": 0,
                                                                  "Local Dirtied Blocks": 0,
                                                                  "Local Written Blocks": 0,
                                                                  "Temp Read Blocks": 0,
                                                                  "Temp Written Blocks": 0
                                                                }
                                                              ]
                                                            },
                                                            {
                                                              "Node Type": "Memoize",
                                                              "Parent Relationship": "Inner",
                                                              "Parallel Aware": false,
                                                              "Async Capable": false,
                                                              "Startup Cost": 0.44,
                                                              "Total Cost": 2.33,
                                                              "Plan Rows": 1,
                                                              "Plan Width": 21,
                                                              "Actual Startup Time": 0.024,
                                                              "Actual Total Time": 0.024,
                                                              "Actual Rows": 0.0,
                                                              "Actual Loops": 3245,
                                                              "Disabled": false,
                                                              "Output": [
                                                                "t.title",
                                                                "t.id"
                                                              ],
                                                              "Cache Key": "mi.movie_id",
                                                              "Cache Mode": "logical",
                                                              "Cache Hits": 1531,
                                                              "Cache Misses": 1714,
                                                              "Cache Evictions": 0,
                                                              "Cache Overflows": 0,
                                                              "Peak Memory Usage": 114,
                                                              "Shared Hit Blocks": 4180,
                                                              "Shared Read Blocks": 2676,
                                                              "Shared Dirtied Blocks": 0,
                                                              "Shared Written Blocks": 0,
                                                              "Local Hit Blocks": 0,
                                                              "Local Read Blocks": 0,
                                                              "Local Dirtied Blocks": 0,
                                                              "Local Written Blocks": 0,
                                                              "Temp Read Blocks": 0,
                                                              "Temp Written Blocks": 0,
                                                              "Plans": [
                                                                {
                                                                  "Node Type": "Index Scan",
                                                                  "Parent Relationship": "Outer",
                                                                  "Parallel Aware": false,
                                                                  "Async Capable": false,
                                                                  "Scan Direction": "Forward",
                                                                  "Index Name": "title_pkey",
                                                                  "Relation Name": "title",
                                                                  "Schema": "public",
                                                                  "Alias": "t",
                                                                  "Startup Cost": 0.43,
                                                                  "Total Cost": 2.32,
                                                                  "Plan Rows": 1,
                                                                  "Plan Width": 21,
                                                                  "Actual Startup Time": 0.045,
                                                                  "Actual Total Time": 0.045,
                                                                  "Actual Rows": 0.0,
                                                                  "Actual Loops": 1714,
                                                                  "Disabled": false,
                                                                  "Output": [
                                                                    "t.title",
                                                                    "t.id"
                                                                  ],
                                                                  "Index Cond": "(t.id = mi.movie_id)",
                                                                  "Rows Removed by Index Recheck": 0,
                                                                  "Filter": "((t.production_year >= 2000) AND (t.production_year <= 2005) AND (t.title = 'Shrek 2'::text))",
                                                                  "Rows Removed by Filter": 1,
                                                                  "Index Searches": 1714,
                                                                  "Shared Hit Blocks": 4180,
                                                                  "Shared Read Blocks": 2676,
                                                                  "Shared Dirtied Blocks": 0,
                                                                  "Shared Written Blocks": 0,
                                                                  "Local Hit Blocks": 0,
                                                                  "Local Read Blocks": 0,
                                                                  "Local Dirtied Blocks": 0,
                                                                  "Local Written Blocks": 0,
                                                                  "Temp Read Blocks": 0,
                                                                  "Temp Written Blocks": 0
                                                                }
                                                              ]
                                                            }
                                                          ]
                                                        },
                                                        {
                                                          "Node Type": "Index Scan",
                                                          "Parent Relationship": "Inner",
                                                          "Parallel Aware": false,
                                                          "Async Capable": false,
                                                          "Scan Direction": "Forward",
                                                          "Index Name": "movie_id_cast_info",
                                                          "Relation Name": "cast_info",
                                                          "Schema": "public",
                                                          "Alias": "ci",
                                                          "Startup Cost": 0.44,
                                                          "Total Cost": 40.79,
                                                          "Plan Rows": 1,
                                                          "Plan Width": 16,
                                                          "Actual Startup Time": 0.933,
                                                          "Actual Total Time": 10.03,
                                                          "Actual Rows": 38.0,
                                                          "Actual Loops": 1,
                                                          "Disabled": false,
                                                          "Output": [
                                                            "ci.id",
                                                            "ci.person_id",
                                                            "ci.movie_id",
                                                            "ci.person_role_id",
                                                            "ci.note",
                                                            "ci.nr_order",
                                                            "ci.role_id"
                                                          ],
                                                          "Index Cond": "(ci.movie_id = mi.movie_id)",
                                                          "Rows Removed by Index Recheck": 0,
                                                          "Filter": "(ci.note = ANY ('{(voice),\"(voice) (uncredited)\",\"(voice: English version)\"}'::text[]))",
                                                          "Rows Removed by Filter": 191,
                                                          "Index Searches": 1,
                                                          "Shared Hit Blocks": 0,
                                                          "Shared Read Blocks": 214,
                                                          "Shared Dirtied Blocks": 0,
                                                          "Shared Written Blocks": 0,
                                                          "Local Hit Blocks": 0,
                                                          "Local Read Blocks": 0,
                                                          "Local Dirtied Blocks": 0,
                                                          "Local Written Blocks": 0,
                                                          "Temp Read Blocks": 0,
                                                          "Temp Written Blocks": 0
                                                        }
                                                      ]
                                                    },
                                                    {
                                                      "Node Type": "Index Scan",
                                                      "Parent Relationship": "Inner",
                                                      "Parallel Aware": false,
                                                      "Async Capable": false,
                                                      "Scan Direction": "Forward",
                                                      "Index Name": "movie_id_movie_keyword",
                                                      "Relation Name": "movie_keyword",
                                                      "Schema": "public",
                                                      "Alias": "mk",
                                                      "Startup Cost": 0.43,
                                                      "Total Cost": 3.0,
                                                      "Plan Rows": 46,
                                                      "Plan Width": 8,
                                                      "Actual Startup Time": 0.008,
                                                      "Actual Total Time": 0.013,
                                                      "Actual Rows": 108.0,
                                                      "Actual Loops": 38,
                                                      "Disabled": false,
                                                      "Output": [
                                                        "mk.id",
                                                        "mk.movie_id",
                                                        "mk.keyword_id"
                                                      ],
                                                      "Index Cond": "(mk.movie_id = ci.movie_id)",
                                                      "Rows Removed by Index Recheck": 0,
                                                      "Index Searches": 38,
                                                      "Shared Hit Blocks": 148,
                                                      "Shared Read Blocks": 4,
                                                      "Shared Dirtied Blocks": 0,
                                                      "Shared Written Blocks": 0,
                                                      "Local Hit Blocks": 0,
                                                      "Local Read Blocks": 0,
                                                      "Local Dirtied Blocks": 0,
                                                      "Local Written Blocks": 0,
                                                      "Temp Read Blocks": 0,
                                                      "Temp Written Blocks": 0
                                                    }
                                                  ]
                                                },
                                                {
                                                  "Node Type": "Index Scan",
                                                  "Parent Relationship": "Inner",
                                                  "Parallel Aware": false,
                                                  "Async Capable": false,
                                                  "Scan Direction": "Forward",
                                                  "Index Name": "info_type_pkey",
                                                  "Relation Name": "info_type",
                                                  "Schema": "public",
                                                  "Alias": "it",
                                                  "Startup Cost": 0.14,
                                                  "Total Cost": 0.16,
                                                  "Plan Rows": 1,
                                                  "Plan Width": 4,
                                                  "Actual Startup Time": 0.0,
                                                  "Actual Total Time": 0.0,
                                                  "Actual Rows": 1.0,
                                                  "Actual Loops": 4104,
                                                  "Disabled": false,
                                                  "Output": [
                                                    "it.id",
                                                    "it.info"
                                                  ],
                                                  "Index Cond": "(it.id = mi.info_type_id)",
                                                  "Rows Removed by Index Recheck": 0,
                                                  "Filter": "((it.info)::text = 'release dates'::text)",
                                                  "Rows Removed by Filter": 0,
                                                  "Index Searches": 4104,
                                                  "Shared Hit Blocks": 8206,
                                                  "Shared Read Blocks": 2,
                                                  "Shared Dirtied Blocks": 0,
                                                  "Shared Written Blocks": 0,
                                                  "Local Hit Blocks": 0,
                                                  "Local Read Blocks": 0,
                                                  "Local Dirtied Blocks": 0,
                                                  "Local Written Blocks": 0,
                                                  "Temp Read Blocks": 0,
                                                  "Temp Written Blocks": 0
                                                }
                                              ]
                                            },
                                            {
                                              "Node Type": "Index Scan",
                                              "Parent Relationship": "Inner",
                                              "Parallel Aware": false,
                                              "Async Capable": false,
                                              "Scan Direction": "Forward",
                                              "Index Name": "name_pkey",
                                              "Relation Name": "name",
                                              "Schema": "public",
                                              "Alias": "n",
                                              "Startup Cost": 0.43,
                                              "Total Cost": 2.34,
                                              "Plan Rows": 1,
                                              "Plan Width": 19,
                                              "Actual Startup Time": 0.003,
                                              "Actual Total Time": 0.003,
                                              "Actual Rows": 0.03,
                                              "Actual Loops": 4104,
                                              "Disabled": false,
                                              "Output": [
                                                "n.id",
                                                "n.name",
                                                "n.imdb_index",
                                                "n.imdb_id",
                                                "n.gender",
                                                "n.name_pcode_cf",
                                                "n.name_pcode_nf",
                                                "n.surname_pcode",
                                                "n.md5sum"
                                              ],
                                              "Index Cond": "(n.id = ci.person_id)",
                                              "Rows Removed by Index Recheck": 0,
                                              "Filter": "((n.name ~~ '%An%'::text) AND ((n.gender)::text = 'f'::text))",
                                              "Rows Removed by Filter": 1,
                                              "Index Searches": 4104,
                                              "Shared Hit Blocks": 16349,
                                              "Shared Read Blocks": 67,
                                              "Shared Dirtied Blocks": 0,
                                              "Shared Written Blocks": 0,
                                              "Local Hit Blocks": 0,
                                              "Local Read Blocks": 0,
                                              "Local Dirtied Blocks": 0,
                                              "Local Written Blocks": 0,
                                              "Temp Read Blocks": 0,
                                              "Temp Written Blocks": 0
                                            }
                                          ]
                                        },
                                        {
                                          "Node Type": "Index Only Scan",
                                          "Parent Relationship": "Inner",
                                          "Parallel Aware": false,
                                          "Async Capable": false,
                                          "Scan Direction": "Forward",
                                          "Index Name": "person_id_aka_name",
                                          "Relation Name": "aka_name",
                                          "Schema": "public",
                                          "Alias": "an",
                                          "Startup Cost": 0.42,
                                          "Total Cost": 1.27,
                                          "Plan Rows": 2,
                                          "Plan Width": 4,
                                          "Actual Startup Time": 0.006,
                                          "Actual Total Time": 0.006,
                                          "Actual Rows": 3.0,
                                          "Actual Loops": 108,
                                          "Disabled": false,
                                          "Output": [
                                            "an.person_id"
                                          ],
                                          "Index Cond": "(an.person_id = ci.person_id)",
                                          "Rows Removed by Index Recheck": 0,
                                          "Heap Fetches": 0,
                                          "Index Searches": 108,
                                          "Shared Hit Blocks": 321,
                                          "Shared Read Blocks": 4,
                                          "Shared Dirtied Blocks": 0,
                                          "Shared Written Blocks": 0,
                                          "Local Hit Blocks": 0,
                                          "Local Read Blocks": 0,
                                          "Local Dirtied Blocks": 0,
                                          "Local Written Blocks": 0,
                                          "Temp Read Blocks": 0,
                                          "Temp Written Blocks": 0
                                        }
                                      ]
                                    },
                                    {
                                      "Node Type": "Index Scan",
                                      "Parent Relationship": "Inner",
                                      "Parallel Aware": false,
                                      "Async Capable": false,
                                      "Scan Direction": "Forward",
                                      "Index Name": "role_type_pkey",
                                      "Relation Name": "role_type",
                                      "Schema": "public",
                                      "Alias": "rt",
                                      "Startup Cost": 0.15,
                                      "Total Cost": 0.57,
                                      "Plan Rows": 1,
                                      "Plan Width": 4,
                                      "Actual Startup Time": 0.001,
                                      "Actual Total Time": 0.001,
                                      "Actual Rows": 1.0,
                                      "Actual Loops": 324,
                                      "Disabled": false,
                                      "Output": [
                                        "rt.id",
                                        "rt.role"
                                      ],
                                      "Index Cond": "(rt.id = ci.role_id)",
                                      "Rows Removed by Index Recheck": 0,
                                      "Filter": "((rt.role)::text = 'actress'::text)",
                                      "Rows Removed by Filter": 0,
                                      "Index Searches": 324,
                                      "Shared Hit Blocks": 646,
                                      "Shared Read Blocks": 2,
                                      "Shared Dirtied Blocks": 0,
                                      "Shared Written Blocks": 0,
                                      "Local Hit Blocks": 0,
                                      "Local Read Blocks": 0,
                                      "Local Dirtied Blocks": 0,
                                      "Local Written Blocks": 0,
                                      "Temp Read Blocks": 0,
                                      "Temp Written Blocks": 0
                                    }
                                  ]
                                },
                                {
                                  "Node Type": "Index Scan",
                                  "Parent Relationship": "Inner",
                                  "Parallel Aware": false,
                                  "Async Capable": false,
                                  "Scan Direction": "Forward",
                                  "Index Name": "char_name_pkey",
                                  "Relation Name": "char_name",
                                  "Schema": "public",
                                  "Alias": "chn",
                                  "Startup Cost": 0.43,
                                  "Total Cost": 2.25,
                                  "Plan Rows": 1,
                                  "Plan Width": 20,
                                  "Actual Startup Time": 0.001,
                                  "Actual Total Time": 0.001,
                                  "Actual Rows": 1.0,
                                  "Actual Loops": 324,
                                  "Disabled": false,
                                  "Output": [
                                    "chn.id",
                                    "chn.name",
                                    "chn.imdb_index",
                                    "chn.imdb_id",
                                    "chn.name_pcode_nf",
                                    "chn.surname_pcode",
                                    "chn.md5sum"
                                  ],
                                  "Index Cond": "(chn.id = ci.person_role_id)",
                                  "Rows Removed by Index Recheck": 0,
                                  "Filter": "(chn.name = 'Queen'::text)",
                                  "Rows Removed by Filter": 0,
                                  "Index Searches": 324,
                                  "Shared Hit Blocks": 1292,
                                  "Shared Read Blocks": 4,
                                  "Shared Dirtied Blocks": 0,
                                  "Shared Written Blocks": 0,
                                  "Local Hit Blocks": 0,
                                  "Local Read Blocks": 0,
                                  "Local Dirtied Blocks": 0,
                                  "Local Written Blocks": 0,
                                  "Temp Read Blocks": 0,
                                  "Temp Written Blocks": 0
                                }
                              ]
                            },
                            {
                              "Node Type": "Index Scan",
                              "Parent Relationship": "Inner",
                              "Parallel Aware": false,
                              "Async Capable": false,
                              "Scan Direction": "Forward",
                              "Index Name": "keyword_pkey",
                              "Relation Name": "keyword",
                              "Schema": "public",
                              "Alias": "k",
                              "Startup Cost": 0.42,
                              "Total Cost": 2.02,
                              "Plan Rows": 1,
                              "Plan Width": 4,
                              "Actual Startup Time": 0.004,
                              "Actual Total Time": 0.004,
                              "Actual Rows": 0.01,
                              "Actual Loops": 324,
                              "Disabled": false,
                              "Output": [
                                "k.id",
                                "k.keyword",
                                "k.phonetic_code"
                              ],
                              "Index Cond": "(k.id = mk.keyword_id)",
                              "Rows Removed by Index Recheck": 0,
                              "Filter": "(k.keyword = 'computer-animation'::text)",
                              "Rows Removed by Filter": 1,
                              "Index Searches": 324,
                              "Shared Hit Blocks": 1169,
                              "Shared Read Blocks": 127,
                              "Shared Dirtied Blocks": 0,
                              "Shared Written Blocks": 0,
                              "Local Hit Blocks": 0,
                              "Local Read Blocks": 0,
                              "Local Dirtied Blocks": 0,
                              "Local Written Blocks": 0,
                              "Temp Read Blocks": 0,
                              "Temp Written Blocks": 0
                            }
                          ]
                        },
                        {
                          "Node Type": "Index Scan",
                          "Parent Relationship": "Inner",
                          "Parallel Aware": false,
                          "Async Capable": false,
                          "Scan Direction": "Forward",
                          "Index Name": "person_id_person_info",
                          "Relation Name": "person_info",
                          "Schema": "public",
                          "Alias": "pi",
                          "Startup Cost": 0.43,
                          "Total Cost": 19.3,
                          "Plan Rows": 25,
                          "Plan Width": 8,
                          "Actual Startup Time": 0.374,
                          "Actual Total Time": 0.581,
                          "Actual Rows": 163.0,
                          "Actual Loops": 3,
                          "Disabled": false,
                          "Output": [
                            "pi.id",
                            "pi.person_id",
                            "pi.info_type_id",
                            "pi.info",
                            "pi.note"
                          ],
                          "Index Cond": "(pi.person_id = an.person_id)",
                          "Rows Removed by Index Recheck": 0,
                          "Index Searches": 3,
                          "Shared Hit Blocks": 24,
                          "Shared Read Blocks": 12,
                          "Shared Dirtied Blocks": 0,
                          "Shared Written Blocks": 0,
                          "Local Hit Blocks": 0,
                          "Local Read Blocks": 0,
                          "Local Dirtied Blocks": 0,
                          "Local Written Blocks": 0,
                          "Temp Read Blocks": 0,
                          "Temp Written Blocks": 0
                        }
                      ]
                    },
                    {
                      "Node Type": "Index Scan",
                      "Parent Relationship": "Inner",
                      "Parallel Aware": false,
                      "Async Capable": false,
                      "Scan Direction": "Forward",
                      "Index Name": "info_type_pkey",
                      "Relation Name": "info_type",
                      "Schema": "public",
                      "Alias": "it3",
                      "Startup Cost": 0.14,
                      "Total Cost": 0.16,
                      "Plan Rows": 1,
                      "Plan Width": 4,
                      "Actual Startup Time": 0.0,
                      "Actual Total Time": 0.0,
                      "Actual Rows": 0.01,
                      "Actual Loops": 489,
                      "Disabled": false,
                      "Output": [
                        "it3.id",
                        "it3.info"
                      ],
                      "Index Cond": "(it3.id = pi.info_type_id)",
                      "Rows Removed by Index Recheck": 0,
                      "Filter": "((it3.info)::text = 'height'::text)",
                      "Rows Removed by Filter": 1,
                      "Index Searches": 489,
                      "Shared Hit Blocks": 978,
                      "Shared Read Blocks": 0,
                      "Shared Dirtied Blocks": 0,
                      "Shared Written Blocks": 0,
                      "Local Hit Blocks": 0,
                      "Local Read Blocks": 0,
                      "Local Dirtied Blocks": 0,
                      "Local Written Blocks": 0,
                      "Temp Read Blocks": 0,
                      "Temp Written Blocks": 0
                    }
                  ]
                },
                {
                  "Node Type": "Index Scan",
                  "Parent Relationship": "Inner",
                  "Parallel Aware": false,
                  "Async Capable": false,
                  "Scan Direction": "Forward",
                  "Index Name": "movie_id_movie_companies",
                  "Relation Name": "movie_companies",
                  "Schema": "public",
                  "Alias": "mc",
                  "Startup Cost": 0.43,
                  "Total Cost": 4.78,
                  "Plan Rows": 5,
                  "Plan Width": 8,
                  "Actual Startup Time": 0.089,
                  "Actual Total Time": 0.092,
                  "Actual Rows": 22.0,
                  "Actual Loops": 3,
                  "Disabled": false,
                  "Output": [
                    "mc.id",
                    "mc.movie_id",
                    "mc.company_id",
                    "mc.company_type_id",
                    "mc.note"
                  ],
                  "Index Cond": "(mc.movie_id = mk.movie_id)",
                  "Rows Removed by Index Recheck": 0,
                  "Index Searches": 3,
                  "Shared Hit Blocks": 10,
                  "Shared Read Blocks": 5,
                  "Shared Dirtied Blocks": 0,
                  "Shared Written Blocks": 0,
                  "Local Hit Blocks": 0,
                  "Local Read Blocks": 0,
                  "Local Dirtied Blocks": 0,
                  "Local Written Blocks": 0,
                  "Temp Read Blocks": 0,
                  "Temp Written Blocks": 0
                }
              ]
            },
            {
              "Node Type": "Index Scan",
              "Parent Relationship": "Inner",
              "Parallel Aware": false,
              "Async Capable": false,
              "Scan Direction": "Forward",
              "Index Name": "company_name_pkey",
              "Relation Name": "company_name",
              "Schema": "public",
              "Alias": "cn",
              "Startup Cost": 0.42,
              "Total Cost": 2.03,
              "Plan Rows": 1,
              "Plan Width": 4,
              "Actual Startup Time": 0.043,
              "Actual Total Time": 0.043,
              "Actual Rows": 0.23,
              "Actual Loops": 66,
              "Disabled": false,
              "Output": [
                "cn.id",
                "cn.name",
                "cn.country_code",
                "cn.imdb_id",
                "cn.name_pcode_nf",
                "cn.name_pcode_sf",
                "cn.md5sum"
              ],
              "Index Cond": "(cn.id = mc.company_id)",
              "Rows Removed by Index Recheck": 0,
              "Filter": "((cn.country_code)::text = '[us]'::text)",
              "Rows Removed by Filter": 1,
              "Index Searches": 66,
              "Shared Hit Blocks": 226,
              "Shared Read Blocks": 38,
              "Shared Dirtied Blocks": 0,
              "Shared Written Blocks": 0,
              "Local Hit Blocks": 0,
              "Local Read Blocks": 0,
              "Local Dirtied Blocks": 0,
              "Local Written Blocks": 0,
              "Temp Read Blocks": 0,
              "Temp Written Blocks": 0
            }
          ]
        }
      ]
    },
    "Planning": {
      "Shared Hit Blocks": 329,
      "Shared Read Blocks": 47,
      "Shared Dirtied Blocks": 0,
      "Shared Written Blocks": 0,
      "Local Hit Blocks": 0,
      "Local Read Blocks": 0,
      "Local Dirtied Blocks": 0,
      "Local Written Blocks": 0,
      "Temp Read Blocks": 0,
      "Temp Written Blocks": 0
    },
    "Planning Time": 56.828,
    "Triggers": [],
    "Execution Time": 11717.984
  }
]