[
  {
    "Plan": {
      "Node Type": "Aggregate",
      "Strategy": "Plain",
      "Partial Mode": "Simple",
      "Parallel Aware": false,
      "Async Capable": false,
      "Startup Cost": 2831.63,
      "Total Cost": 2831.64,
      "Plan Rows": 1,
      "Plan Width": 96,
      "Actual Startup Time": 7866.965,
      "Actual Total Time": 7866.976,
      "Actual Rows": 1.0,
      "Actual Loops": 1,
      "Disabled": false,
      "Output": [
        "min(chn.name)",
        "min(n.name)",
        "min(t.title)"
      ],
      "Shared Hit Blocks": 18943296,
      "Shared Read Blocks": 46511,
      "Shared Dirtied Blocks": 0,
      "Shared Written Blocks": 0,
      "Local Hit Blocks": 0,
      "Local Read Blocks": 0,
      "Local Dirtied Blocks": 0,
      "Local Written Blocks": 0,
      "Temp Read Blocks": 0,
      "Temp Written Blocks": 0,
      "Plans": [
        {
          "Node Type": "Nested Loop",
          "Parent Relationship": "Outer",
          "Parallel Aware": false,
          "Async Capable": false,
          "Join Type": "Inner",
          "Startup Cost": 24.24,
          "Total Cost": 2831.62,
          "Plan Rows": 1,
          "Plan Width": 48,
          "Actual Startup Time": 2875.941,
          "Actual Total Time": 7865.578,
          "Actual Rows": 16308.0,
          "Actual Loops": 1,
          "Disabled": false,
          "Output": [
            "chn.name",
            "n.name",
            "t.title"
          ],
          "Inner Unique": true,
          "Join Filter": "(mi.movie_id = t.id)",
          "Rows Removed by Join Filter": 0,
          "Shared Hit Blocks": 18943296,
          "Shared Read Blocks": 46511,
          "Shared Dirtied Blocks": 0,
          "Shared Written Blocks": 0,
          "Local Hit Blocks": 0,
          "Local Read Blocks": 0,
          "Local Dirtied Blocks": 0,
          "Local Written Blocks": 0,
          "Temp Read Blocks": 0,
          "Temp Written Blocks": 0,
          "Plans": [
            {
              "Node Type": "Nested Loop",
              "Parent Relationship": "Outer",
              "Parallel Aware": false,
              "Async Capable": false,
              "Join Type": "Inner",
              "Startup Cost": 23.81,
              "Total Cost": 2829.47,
              "Plan Rows": 1,
              "Plan Width": 51,
              "Actual Startup Time": 2875.643,
              "Actual Total Time": 7851.318,
              "Actual Rows": 16368.0,
              "Actual Loops": 1,
              "Disabled": false,
              "Output": [
                "chn.name",
                "n.name",
                "cc.movie_id",
                "mc.movie_id",
                "mk.movie_id",
                "ci.movie_id",
                "mi.movie_id"
              ],
              "Inner Unique": true,
              "Shared Hit Blocks": 18877835,
              "Shared Read Blocks": 46500,
              "Shared Dirtied Blocks": 0,
              "Shared Written Blocks": 0,
              "Local Hit Blocks": 0,
              "Local Read Blocks": 0,
              "Local Dirtied Blocks": 0,
              "Local Written Blocks": 0,
              "Temp Read Blocks": 0,
              "Temp Written Blocks": 0,
              "Plans": [
                {
                  "Node Type": "Nested Loop",
                  "Parent Relationship": "Outer",
                  "Parallel Aware": false,
                  "Async Capable": false,
                  "Join Type": "Inner",
                  "Startup Cost": 23.67,
                  "Total Cost": 2829.29,
                  "Plan Rows": 1,
                  "Plan Width": 55,
                  "Actual Startup Time": 2875.636,
                  "Actual Total Time": 7843.277,
                  "Actual Rows": 16368.0,
                  "Actual Loops": 1,
                  "Disabled": false,
                  "Output": [
                    "chn.name",
                    "n.name",
                    "cc.movie_id",
                    "mc.movie_id",
                    "mk.movie_id",
                    "ci.movie_id",
                    "mi.movie_id",
                    "mi.info_type_id"
                  ],
                  "Inner Unique": false,
                  "Join Filter": "(mc.movie_id = mi.movie_id)",
                  "Rows Removed by Join Filter": 0,
                  "Shared Hit Blocks": 18845099,
                  "Shared Read Blocks": 46500,
                  "Shared Dirtied Blocks": 0,
                  "Shared Written Blocks": 0,
                  "Local Hit Blocks": 0,
                  "Local Read Blocks": 0,
                  "Local Dirtied Blocks": 0,
                  "Local Written Blocks": 0,
                  "Temp Read Blocks": 0,
                  "Temp Written Blocks": 0,
                  "Plans": [
                    {
                      "Node Type": "Nested Loop",
                      "Parent Relationship": "Outer",
                      "Parallel Aware": false,
                      "Async Capable": false,
                      "Join Type": "Inner",
                      "Startup Cost": 23.24,
                      "Total Cost": 2791.03,
                      "Plan Rows": 1,
                      "Plan Width": 47,
                      "Actual Startup Time": 518.054,
                      "Actual Total Time": 7627.757,
                      "Actual Rows": 7206.0,
                      "Actual Loops": 1,
                      "Disabled": false,
                      "Output": [
                        "chn.name",
                        "n.name",
                        "cc.movie_id",
                        "mc.movie_id",
                        "mk.movie_id",
                        "ci.movie_id"
                      ],
                      "Inner Unique": true,
                      "Shared Hit Blocks": 18640384,
                      "Shared Read Blocks": 46347,
                      "Shared Dirtied Blocks": 0,
                      "Shared Written Blocks": 0,
                      "Local Hit Blocks": 0,
                      "Local Read Blocks": 0,
                      "Local Dirtied Blocks": 0,
                      "Local Written Blocks": 0,
                      "Temp Read Blocks": 0,
                      "Temp Written Blocks": 0,
                      "Plans": [
                        {
                          "Node Type": "Nested Loop",
                          "Parent Relationship": "Outer",
                          "Parallel Aware": false,
                          "Async Capable": false,
                          "Join Type": "Inner",
                          "Startup Cost": 23.09,
                          "Total Cost": 2790.85,
                          "Plan Rows": 1,
                          "Plan Width": 51,
                          "Actual Startup Time": 517.941,
                          "Actual Total Time": 7615.108,
                          "Actual Rows": 27549.0,
                          "Actual Loops": 1,
                          "Disabled": false,
                          "Output": [
                            "chn.name",
                            "n.name",
                            "cc.movie_id",
                            "mc.movie_id",
                            "mk.movie_id",
                            "ci.movie_id",
                            "pi.info_type_id"
                          ],
                          "Inner Unique": false,
                          "Join Filter": "(n.id = pi.person_id)",
                          "Rows Removed by Join Filter": 0,
                          "Shared Hit Blocks": 18585286,
                          "Shared Read Blocks": 46347,
                          "Shared Dirtied Blocks": 0,
                          "Shared Written Blocks": 0,
                          "Local Hit Blocks": 0,
                          "Local Read Blocks": 0,
                          "Local Dirtied Blocks": 0,
                          "Local Written Blocks": 0,
                          "Temp Read Blocks": 0,
                          "Temp Written Blocks": 0,
                          "Plans": [
                            {
                              "Node Type": "Nested Loop",
                              "Parent Relationship": "Outer",
                              "Parallel Aware": false,
                              "Async Capable": false,
                              "Join Type": "Inner",
                              "Startup Cost": 22.66,
                              "Total Cost": 2771.24,
                              "Plan Rows": 1,
                              "Plan Width": 59,
                              "Actual Startup Time": 517.357,
                              "Actual Total Time": 7603.228,
                              "Actual Rows": 123.0,
                              "Actual Loops": 1,
                              "Disabled": false,
                              "Output": [
                                "chn.name",
                                "n.name",
                                "n.id",
                                "cc.movie_id",
                                "mc.movie_id",
                                "mk.movie_id",
                                "ci.movie_id",
                                "ci.person_id",
                                "an.person_id"
                              ],
                              "Inner Unique": false,
                              "Join Filter": "(an.person_id = n.id)",
                              "Rows Removed by Join Filter": 0,
                              "Shared Hit Blocks": 18584041,
                              "Shared Read Blocks": 46300,
                              "Shared Dirtied Blocks": 0,
                              "Shared Written Blocks": 0,
                              "Local Hit Blocks": 0,
                              "Local Read Blocks": 0,
                              "Local Dirtied Blocks": 0,
                              "Local Written Blocks": 0,
                              "Temp Read Blocks": 0,
                              "Temp Written Blocks": 0,
                              "Plans": [
                                {
                                  "Node Type": "Nested Loop",
                                  "Parent Relationship": "Outer",
                                  "Parallel Aware": false,
                                  "Async Capable": false,
                                  "Join Type": "Inner",
                                  "Startup Cost": 22.24,
                                  "Total Cost": 2769.95,
                                  "Plan Rows": 1,
                                  "Plan Width": 55,
                                  "Actual Startup Time": 517.081,
                                  "Actual Total Time": 7601.872,
                                  "Actual Rows": 40.0,
                                  "Actual Loops": 1,
                                  "Disabled": false,
                                  "Output": [
                                    "chn.name",
                                    "n.name",
                                    "n.id",
                                    "cc.movie_id",
                                    "mc.movie_id",
                                    "mk.movie_id",
                                    "ci.movie_id",
                                    "ci.person_id"
                                  ],
                                  "Inner Unique": true,
                                  "Shared Hit Blocks": 18583928,
                                  "Shared Read Blocks": 46292,
                                  "Shared Dirtied Blocks": 0,
                                  "Shared Written Blocks": 0,
                                  "Local Hit Blocks": 0,
                                  "Local Read Blocks": 0,
                                  "Local Dirtied Blocks": 0,
                                  "Local Written Blocks": 0,
                                  "Temp Read Blocks": 0,
                                  "Temp Written Blocks": 0,
                                  "Plans": [
                                    {
                                      "Node Type": "Nested Loop",
                                      "Parent Relationship": "Outer",
                                      "Parallel Aware": false,
                                      "Async Capable": false,
                                      "Join Type": "Inner",
                                      "Startup Cost": 21.81,
                                      "Total Cost": 2767.7,
                                      "Plan Rows": 1,
                                      "Plan Width": 43,
                                      "Actual Startup Time": 517.062,
                                      "Actual Total Time": 7601.197,
                                      "Actual Rows": 43.0,
                                      "Actual Loops": 1,
                                      "Disabled": false,
                                      "Output": [
                                        "n.name",
                                        "n.id",
                                        "cc.movie_id",
                                        "mc.movie_id",
                                        "mk.movie_id",
                                        "ci.movie_id",
                                        "ci.person_id",
                                        "ci.person_role_id"
                                      ],
                                      "Inner Unique": true,
                                      "Shared Hit Blocks": 18583781,
                                      "Shared Read Blocks": 46279,
                                      "Shared Dirtied Blocks": 0,
                                      "Shared Written Blocks": 0,
                                      "Local Hit Blocks": 0,
                                      "Local Read Blocks": 0,
                                      "Local Dirtied Blocks": 0,
                                      "Local Written Blocks": 0,
                                      "Temp Read Blocks": 0,
                                      "Temp Written Blocks": 0,
                                      "Plans": [
                                        {
                                          "Node Type": "Nested Loop",
                                          "Parent Relationship": "Outer",
                                          "Parallel Aware": false,
                                          "Async Capable": false,
                                          "Join Type": "Inner",
                                          "Startup Cost": 21.66,
                                          "Total Cost": 2766.96,
                                          "Plan Rows": 1,
                                          "Plan Width": 47,
                                          "Actual Startup Time": 516.886,
                                          "Actual Total Time": 7600.959,
                                          "Actual Rows": 43.0,
                                          "Actual Loops": 1,
                                          "Disabled": false,
                                          "Output": [
                                            "n.name",
                                            "n.id",
                                            "cc.movie_id",
                                            "mc.movie_id",
                                            "mk.movie_id",
                                            "ci.movie_id",
                                            "ci.person_id",
                                            "ci.role_id",
                                            "ci.person_role_id"
                                          ],
                                          "Inner Unique": true,
                                          "Shared Hit Blocks": 18583696,
                                          "Shared Read Blocks": 46278,
                                          "Shared Dirtied Blocks": 0,
                                          "Shared Written Blocks": 0,
                                          "Local Hit Blocks": 0,
                                          "Local Read Blocks": 0,
                                          "Local Dirtied Blocks": 0,
                                          "Local Written Blocks": 0,
                                          "Temp Read Blocks": 0,
                                          "Temp Written Blocks": 0,
                                          "Plans": [
                                            {
                                              "Node Type": "Nested Loop",
                                              "Parent Relationship": "Outer",
                                              "Parallel Aware": false,
                                              "Async Capable": false,
                                              "Join Type": "Inner",
                                              "Startup Cost": 21.23,
                                              "Total Cost": 2764.63,
                                              "Plan Rows": 1,
                                              "Plan Width": 28,
                                              "Actual Startup Time": 150.079,
                                              "Actual Total Time": 7498.51,
                                              "Actual Rows": 4128.0,
                                              "Actual Loops": 1,
                                              "Disabled": false,
                                              "Output": [
                                                "cc.movie_id",
                                                "mc.movie_id",
                                                "mk.movie_id",
                                                "ci.movie_id",
                                                "ci.person_id",
                                                "ci.role_id",
                                                "ci.person_role_id"
                                              ],
                                              "Inner Unique": false,
                                              "Join Filter": "(ci.movie_id = mc.movie_id)",
                                              "Rows Removed by Join Filter": 0,
                                              "Shared Hit Blocks": 18568273,
                                              "Shared Read Blocks": 45189,
                                              "Shared Dirtied Blocks": 0,
                                              "Shared Written Blocks": 0,
                                              "Local Hit Blocks": 0,
                                              "Local Read Blocks": 0,
                                              "Local Dirtied Blocks": 0,
                                              "Local Written Blocks": 0,
                                              "Temp Read Blocks": 0,
                                              "Temp Written Blocks": 0,
                                              "Plans": [
                                                {
                                                  "Node Type": "Nested Loop",
                                                  "Parent Relationship": "Outer",
                                                  "Parallel Aware": false,
                                                  "Async Capable": false,
                                                  "Join Type": "Inner",
                                                  "Startup Cost": 20.79,
                                                  "Total Cost": 2724.82,
                                                  "Plan Rows": 1,
                                                  "Plan Width": 12,
                                                  "Actual Startup Time": 148.837,
                                                  "Actual Total Time": 7306.837,
                                                  "Actual Rows": 129.0,
                                                  "Actual Loops": 1,
                                                  "Disabled": false,
                                                  "Output": [
                                                    "cc.movie_id",
                                                    "mc.movie_id",
                                                    "mk.movie_id"
                                                  ],
                                                  "Inner Unique": true,
                                                  "Shared Hit Blocks": 18552082,
                                                  "Shared Read Blocks": 42527,
                                                  "Shared Dirtied Blocks": 0,
                                                  "Shared Written Blocks": 0,
                                                  "Local Hit Blocks": 0,
                                                  "Local Read Blocks": 0,
                                                  "Local Dirtied Blocks": 0,
                                                  "Local Written Blocks": 0,
                                                  "Temp Read Blocks": 0,
                                                  "Temp Written Blocks": 0,
                                                  "Plans": [
                                                    {
                                                      "Node Type": "Nested Loop",
                                                      "Parent Relationship": "Outer",
                                                      "Parallel Aware": false,
                                                      "Async Capable": false,
                                                      "Join Type": "Inner",
                                                      "Startup Cost": 20.37,
                                                      "Total Cost": 2573.92,
                                                      "Plan Rows": 74,
                                                      "Plan Width": 16,
                                                      "Actual Startup Time": 4.334,
                                                      "Actual Total Time": 3808.263,
                                                      "Actual Rows": 4381080.0,
                                                      "Actual Loops": 1,
                                                      "Disabled": false,
                                                      "Output": [
                                                        "cc.movie_id",
                                                        "mc.movie_id",
                                                        "mk.movie_id",
                                                        "mk.keyword_id"
                                                      ],
                                                      "Inner Unique": false,
                                                      "Shared Hit Blocks": 1029221,
                                                      "Shared Read Blocks": 41068,
                                                      "Shared Dirtied Blocks": 0,
                                                      "Shared Written Blocks": 0,
                                                      "Local Hit Blocks": 0,
                                                      "Local Read Blocks": 0,
                                                      "Local Dirtied Blocks": 0,
                                                      "Local Written Blocks": 0,
                                                      "Temp Read Blocks": 0,
                                                      "Temp Written Blocks": 0,
                                                      "Plans": [
                                                        {
                                                          "Node Type": "Nested Loop",
                                                          "Parent Relationship": "Outer",
                                                          "Parallel Aware": false,
                                                          "Async Capable": false,
                                                          "Join Type": "Inner",
                                                          "Startup Cost": 19.94,
                                                          "Total Cost": 2546.64,
                                                          "Plan Rows": 8,
                                                          "Plan Width": 8,
                                                          "Actual Startup Time": 3.963,
                                                          "Actual Total Time": 2048.631,
                                                          "Actual Rows": 73471.0,
                                                          "Actual Loops": 1,
                                                          "Disabled": false,
                                                          "Output": [
                                                            "cc.movie_id",
                                                            "mc.movie_id"
                                                          ],
                                                          "Inner Unique": true,
                                                          "Shared Hit Blocks": 731861,
                                                          "Shared Read Blocks": 22958,
                                                          "Shared Dirtied Blocks": 0,
                                                          "Shared Written Blocks": 0,
                                                          "Local Hit Blocks": 0,
                                                          "Local Read Blocks": 0,
                                                          "Local Dirtied Blocks": 0,
                                                          "Local Written Blocks": 0,
                                                          "Temp Read Blocks": 0,
                                                          "Temp Written Blocks": 0,
                                                          "Plans": [
                                                            {
                                                              "Node Type": "Nested Loop",
                                                              "Parent Relationship": "Outer",
                                                              "Parallel Aware": false,
                                                              "Async Capable": false,
                                                              "Join Type": "Inner",
                                                              "Startup Cost": 19.52,
                                                              "Total Cost": 2504.05,
                                                              "Plan Rows": 21,
                                                              "Plan Width": 12,
                                                              "Actual Startup Time": 3.508,
                                                              "Actual Total Time": 1489.928,
                                                              "Actual Rows": 166506.0,
                                                              "Actual Loops": 1,
                                                              "Disabled": false,
                                                              "Output": [
                                                                "cc.movie_id",
                                                                "mc.movie_id",
                                                                "mc.company_id"
                                                              ],
                                                              "Inner Unique": false,
                                                              "Shared Hit Blocks": 71810,
                                                              "Shared Read Blocks": 16985,
                                                              "Shared Dirtied Blocks": 0,
                                                              "Shared Written Blocks": 0,
                                                              "Local Hit Blocks": 0,
                                                              "Local Read Blocks": 0,
                                                              "Local Dirtied Blocks": 0,
                                                              "Local Written Blocks": 0,
                                                              "Temp Read Blocks": 0,
                                                              "Temp Written Blocks": 0,
                                                              "Plans": [
                                                                {
                                                                  "Node Type": "Nested Loop",
                                                                  "Parent Relationship": "Outer",
                                                                  "Parallel Aware": false,
                                                                  "Async Capable": false,
                                                                  "Join Type": "Inner",
                                                                  "Startup Cost": 19.09,
                                                                  "Total Cost": 2483.22,
                                                                  "Plan Rows": 4,
                                                                  "Plan Width": 4,
                                                                  "Actual Startup Time": 0.084,
                                                                  "Actual Total Time": 27.356,
                                                                  "Actual Rows": 17879.0,
                                                                  "Actual Loops": 1,
                                                                  "Disabled": false,
                                                                  "Output": [
                                                                    "cc.movie_id"
                                                                  ],
                                                                  "Inner Unique": true,
                                                                  "Shared Hit Blocks": 5,
                                                                  "Shared Read Blocks": 736,
                                                                  "Shared Dirtied Blocks": 0,
                                                                  "Shared Written Blocks": 0,
                                                                  "Local Hit Blocks": 0,
                                                                  "Local Read Blocks": 0,
                                                                  "Local Dirtied Blocks": 0,
                                                                  "Local Written Blocks": 0,
                                                                  "Temp Read Blocks": 0,
                                                                  "Temp Written Blocks": 0,
                                                                  "Plans": [
                                                                    {
                                                                      "Node Type": "Hash Join",
                                                                      "Parent Relationship": "Outer",
                                                                      "Parallel Aware": false,
                                                                      "Async Capable": false,
                                                                      "Join Type": "Inner",
                                                                      "Startup Cost": 18.93,
                                                                      "Total Cost": 2462.5,
                                                                      "Plan Rows": 761,
                                                                      "Plan Width": 8,
                                                                      "Actual Startup Time": 0.076,
                                                                      "Actual Total Time": 15.052,
                                                                      "Actual Rows": 85941.0,
                                                                      "Actual Loops": 1,
                                                                      "Disabled": false,
                                                                      "Output": [
                                                                        "cc.movie_id",
                                                                        "cc.status_id"
                                                                      ],
                                                                      "Inner Unique": true,
                                                                      "Hash Cond": "(cc.subject_id = cct1.id)",
                                                                      "Shared Hit Blocks": 1,
                                                                      "Shared Read Blocks": 736,
                                                                      "Shared Dirtied Blocks": 0,
                                                                      "Shared Written Blocks": 0,
                                                                      "Local Hit Blocks": 0,
                                                                      "Local Read Blocks": 0,
                                                                      "Local Dirtied Blocks": 0,
                                                                      "Local Written Blocks": 0,
                                                                      "Temp Read Blocks": 0,
                                                                      "Temp Written Blocks": 0,
                                                                      "Plans": [
                                                                        {
                                                                          "Node Type": "Seq Scan",
                                                                          "Parent Relationship": "Outer",
                                                                          "Parallel Aware": false,
                                                                          "Async Capable": false,
                                                                          "Relation Name": "complete_cast",
                                                                          "Schema": "public",
                                                                          "Alias": "cc",
                                                                          "Startup Cost": 0.0,
                                                                          "Total Cost": 2086.86,
                                                                          "Plan Rows": 135086,
                                                                          "Plan Width": 12,
                                                                          "Actual Startup Time": 0.063,
                                                                          "Actual Total Time": 4.87,
                                                                          "Actual Rows": 135086.0,
                                                                          "Actual Loops": 1,
                                                                          "Disabled": false,
                                                                          "Output": [
                                                                            "cc.id",
                                                                            "cc.movie_id",
                                                                            "cc.subject_id",
                                                                            "cc.status_id"
                                                                          ],
                                                                          "Shared Hit Blocks": 0,
                                                                          "Shared Read Blocks": 736,
                                                                          "Shared Dirtied Blocks": 0,
                                                                          "Shared Written Blocks": 0,
                                                                          "Local Hit Blocks": 0,
                                                                          "Local Read Blocks": 0,
                                                                          "Local Dirtied Blocks": 0,
                                                                          "Local Written Blocks": 0,
                                                                          "Temp Read Blocks": 0,
                                                                          "Temp Written Blocks": 0
                                                                        },
                                                                        {
                                                                          "Node Type": "Hash",
                                                                          "Parent Relationship": "Inner",
                                                                          "Parallel Aware": false,
                                                                          "Async Capable": false,
                                                                          "Startup Cost": 18.88,
                                                                          "Total Cost": 18.88,
                                                                          "Plan Rows": 4,
                                                                          "Plan Width": 4,
                                                                          "Actual Startup Time": 0.01,
                                                                          "Actual Total Time": 0.011,
                                                                          "Actual Rows": 1.0,
                                                                          "Actual Loops": 1,
                                                                          "Disabled": false,
                                                                          "Output": [
                                                                            "cct1.id"
                                                                          ],
                                                                          "Hash Buckets": 1024,
                                                                          "Original Hash Buckets": 1024,
                                                                          "Hash Batches": 1,
                                                                          "Original Hash Batches": 1,
                                                                          "Peak Memory Usage": 9,
                                                                          "Shared Hit Blocks": 1,
                                                                          "Shared Read Blocks": 0,
                                                                          "Shared Dirtied Blocks": 0,
                                                                          "Shared Written Blocks": 0,
                                                                          "Local Hit Blocks": 0,
                                                                          "Local Read Blocks": 0,
                                                                          "Local Dirtied Blocks": 0,
                                                                          "Local Written Blocks": 0,
                                                                          "Temp Read Blocks": 0,
                                                                          "Temp Written Blocks": 0,
                                                                          "Plans": [
                                                                            {
                                                                              "Node Type": "Seq Scan",
                                                                              "Parent Relationship": "Outer",
                                                                              "Parallel Aware": false,
                                                                              "Async Capable": false,
                                                                              "Relation Name": "comp_cast_type",
                                                                              "Schema": "public",
                                                                              "Alias": "cct1",
                                                                              "Startup Cost": 0.0,
                                                                              "Total Cost": 18.88,
                                                                              "Plan Rows": 4,
                                                                              "Plan Width": 4,
                                                                              "Actual Startup Time": 0.008,
                                                                              "Actual Total Time": 0.008,
                                                                              "Actual Rows": 1.0,
                                                                              "Actual Loops": 1,
                                                                              "Disabled": false,
                                                                              "Output": [
                                                                                "cct1.id"
                                                                              ],
                                                                              "Filter": "((cct1.kind)::text = 'cast'::text)",
                                                                              "Rows Removed by Filter": 3,
                                                                              "Shared Hit Blocks": 1,
                                                                              "Shared Read Blocks": 0,
                                                                              "Shared Dirtied Blocks": 0,
                                                                              "Shared Written Blocks": 0,
                                                                              "Local Hit Blocks": 0,
                                                                              "Local Read Blocks": 0,
                                                                              "Local Dirtied Blocks": 0,
                                                                              "Local Written Blocks": 0,
                                                                              "Temp Read Blocks": 0,
                                                                              "Temp Written Blocks": 0
                                                                            }
                                                                          ]
                                                                        }
                                                                      ]
                                                                    },
                                                                    {
                                                                      "Node Type": "Memoize",
                                                                      "Parent Relationship": "Inner",
                                                                      "Parallel Aware": false,
                                                                      "Async Capable": false,
                                                                      "Startup Cost": 0.16,
                                                                      "Total Cost": 0.58,
                                                                      "Plan Rows": 1,
                                                                      "Plan Width": 4,
                                                                      "Actual Startup Time": 0.0,
                                                                      "Actual Total Time": 0.0,
                                                                      "Actual Rows": 0.21,
                                                                      "Actual Loops": 85941,
                                                                      "Disabled": false,
                                                                      "Output": [
                                                                        "cct2.id"
                                                                      ],
                                                                      "Cache Key": "cc.status_id",
                                                                      "Cache Mode": "logical",
                                                                      "Cache Hits": 85939,
                                                                      "Cache Misses": 2,
                                                                      "Cache Evictions": 0,
                                                                      "Cache Overflows": 0,
                                                                      "Peak Memory Usage": 1,
                                                                      "Shared Hit Blocks": 4,
                                                                      "Shared Read Blocks": 0,
                                                                      "Shared Dirtied Blocks": 0,
                                                                      "Shared Written Blocks": 0,
                                                                      "Local Hit Blocks": 0,
                                                                      "Local Read Blocks": 0,
                                                                      "Local Dirtied Blocks": 0,
                                                                      "Local Written Blocks": 0,
                                                                      "Temp Read Blocks": 0,
                                                                      "Temp Written Blocks": 0,
                                                                      "Plans": [
                                                                        {
                                                                          "Node Type": "Index Scan",
                                                                          "Parent Relationship": "Outer",
                                                                          "Parallel Aware": false,
                                                                          "Async Capable": false,
                                                                          "Scan Direction": "Forward",
                                                                          "Index Name": "comp_cast_type_pkey",
                                                                          "Relation Name": "comp_cast_type",
                                                                          "Schema": "public",
                                                                          "Alias": "cct2",
                                                                          "Startup Cost": 0.15,
                                                                          "Total Cost": 0.57,
                                                                          "Plan Rows": 1,
                                                                          "Plan Width": 4,
                                                                          "Actual Startup Time": 0.004,
                                                                          "Actual Total Time": 0.004,
                                                                          "Actual Rows": 0.5,
                                                                          "Actual Loops": 2,
                                                                          "Disabled": false,
                                                                          "Output": [
                                                                            "cct2.id"
                                                                          ],
                                                                          "Index Cond": "(cct2.id = cc.status_id)",
                                                                          "Rows Removed by Index Recheck": 0,
                                                                          "Filter": "((cct2.kind)::text = 'complete+verified'::text)",
                                                                          "Rows Removed by Filter": 0,
                                                                          "Index Searches": 2,
                                                                          "Shared Hit Blocks": 4,
                                                                          "Shared Read Blocks": 0,
                                                                          "Shared Dirtied Blocks": 0,
                                                                          "Shared Written Blocks": 0,
                                                                          "Local Hit Blocks": 0,
                                                                          "Local Read Blocks": 0,
                                                                          "Local Dirtied Blocks": 0,
                                                                          "Local Written Blocks": 0,
                                                                          "Temp Read Blocks": 0,
                                                                          "Temp Written Blocks": 0
                                                                        }
                                                                      ]
                                                                    }
                                                                  ]
                                                                },
                                                                {
                                                                  "Node Type": "Index Scan",
                                                                  "Parent Relationship": "Inner",
                                                                  "Parallel Aware": false,
                                                                  "Async Capable": false,
                                                                  "Scan Direction": "Forward",
                                                                  "Index Name": "movie_id_movie_companies",
                                                                  "Relation Name": "movie_companies",
                                                                  "Schema": "public",
                                                                  "Alias": "mc",
                                                                  "Startup Cost": 0.43,
                                                                  "Total Cost": 5.16,
                                                                  "Plan Rows": 5,
                                                                  "Plan Width": 8,
                                                                  "Actual Startup Time": 0.051,
                                                                  "Actual Total Time": 0.081,
                                                                  "Actual Rows": 9.31,
                                                                  "Actual Loops": 17879,
                                                                  "Disabled": false,
                                                                  "Output": [
                                                                    "mc.id",
                                                                    "mc.movie_id",
                                                                    "mc.company_id",
                                                                    "mc.company_type_id",
                                                                    "mc.note"
                                                                  ],
                                                                  "Index Cond": "(mc.movie_id = cc.movie_id)",
                                                                  "Rows Removed by Index Recheck": 0,
                                                                  "Index Searches": 17879,
                                                                  "Shared Hit Blocks": 71805,
                                                                  "Shared Read Blocks": 16249,
                                                                  "Shared Dirtied Blocks": 0,
                                                                  "Shared Written Blocks": 0,
                                                                  "Local Hit Blocks": 0,
                                                                  "Local Read Blocks": 0,
                                                                  "Local Dirtied Blocks": 0,
                                                                  "Local Written Blocks": 0,
                                                                  "Temp Read Blocks": 0,
                                                                  "Temp Written Blocks": 0
                                                                }
                                                              ]
                                                            },
                                                            {
                                                              "Node Type": "Index Scan",
                                                              "Parent Relationship": "Inner",
                                                              "Parallel Aware": false,
                                                              "Async Capable": false,
                                                              "Scan Direction": "Forward",
                                                              "Index Name": "company_name_pkey",
                                                              "Relation Name": "company_name",
                                                              "Schema": "public",
                                                              "Alias": "cn",
                                                              "Startup Cost": 0.42,
                                                              "Total Cost": 2.03,
                                                              "Plan Rows": 1,
                                                              "Plan Width": 4,
                                                              "Actual Startup Time": 0.003,
                                                              "Actual Total Time": 0.003,
                                                              "Actual Rows": 0.44,
                                                              "Actual Loops": 166506,
                                                              "Disabled": false,
                                                              "Output": [
                                                                "cn.id",
                                                                "cn.name",
                                                                "cn.country_code",
                                                                "cn.imdb_id",
                                                                "cn.name_pcode_nf",
                                                                "cn.name_pcode_sf",
                                                                "cn.md5sum"
                                                              ],
                                                              "Index Cond": "(cn.id = mc.company_id)",
                                                              "Rows Removed by Index Recheck": 0,
                                                              "Filter": "((cn.country_code)::text = '[us]'::text)",
                                                              "Rows Removed by Filter": 1,
                                                              "Index Searches": 166506,
                                                              "Shared Hit Blocks": 660051,
                                                              "Shared Read Blocks": 5973,
                                                              "Shared Dirtied Blocks": 0,
                                                              "Shared Written Blocks": 0,
                                                              "Local Hit Blocks": 0,
                                                              "Local Read Blocks": 0,
                                                              "Local Dirtied Blocks": 0,
                                                              "Local Written Blocks": 0,
                                                              "Temp Read Blocks": 0,
                                                              "Temp Written Blocks": 0
                                                            }
                                                          ]
                                                        },
                                                        {
                                                          "Node Type": "Index Scan",
                                                          "Parent Relationship": "Inner",
                                                          "Parallel Aware": false,
                                                          "Async Capable": false,
                                                          "Scan Direction": "Forward",
                                                          "Index Name": "movie_id_movie_keyword",
                                                          "Relation Name": "movie_keyword",
                                                          "Schema": "public",
                                                          "Alias": "mk",
                                                          "Startup Cost": 0.43,
                                                          "Total Cost": 2.95,
                                                          "Plan Rows": 46,
                                                          "Plan Width": 8,
                                                          "Actual Startup Time": 0.016,
                                                          "Actual Total Time": 0.021,
                                                          "Actual Rows": 59.63,
                                                          "Actual Loops": 73471,
                                                          "Disabled": false,
                                                          "Output": [
                                                            "mk.id",
                                                            "mk.movie_id",
                                                            "mk.keyword_id"
                                                          ],
                                                          "Index Cond": "(mk.movie_id = mc.movie_id)",
                                                          "Rows Removed by Index Recheck": 0,
                                                          "Index Searches": 73471,
                                                          "Shared Hit Blocks": 297360,
                                                          "Shared Read Blocks": 18110,
                                                          "Shared Dirtied Blocks": 0,
                                                          "Shared Written Blocks": 0,
                                                          "Local Hit Blocks": 0,
                                                          "Local Read Blocks": 0,
                                                          "Local Dirtied Blocks": 0,
                                                          "Local Written Blocks": 0,
                                                          "Temp Read Blocks": 0,
                                                          "Temp Written Blocks": 0
                                                        }
                                                      ]
                                                    },
                                                    {
                                                      "Node Type": "Index Scan",
                                                      "Parent Relationship": "Inner",
                                                      "Parallel Aware": false,
                                                      "Async Capable": false,
                                                      "Scan Direction": "Forward",
                                                      "Index Name": "keyword_pkey",
                                                      "Relation Name": "keyword",
                                                      "Schema": "public",
                                                      "Alias": "k",
                                                      "Startup Cost": 0.42,
                                                      "Total Cost": 2.02,
                                                      "Plan Rows": 1,
                                                      "Plan Width": 4,
                                                      "Actual Startup Time": 0.001,
                                                      "Actual Total Time": 0.001,
                                                      "Actual Rows": 0.0,
                                                      "Actual Loops": 4381080,
                                                      "Disabled": false,
                                                      "Output": [
                                                        "k.id",
                                                        "k.keyword",
                                                        "k.phonetic_code"
                                                      ],
                                                      "Index Cond": "(k.id = mk.keyword_id)",
                                                      "Rows Removed by Index Recheck": 0,
                                                      "Filter": "(k.keyword = 'computer-animation'::text)",
                                                      "Rows Removed by Filter": 1,
                                                      "Index Searches": 4381080,
                                                      "Shared Hit Blocks": 17522861,
                                                      "Shared Read Blocks": 1459,
                                                      "Shared Dirtied Blocks": 0,
                                                      "Shared Written Blocks": 0,
                                                      "Local Hit Blocks": 0,
                                                      "Local Read Blocks": 0,
                                                      "Local Dirtied Blocks": 0,
                                                      "Local Written Blocks": 0,
                                                      "Temp Read Blocks": 0,
                                                      "Temp Written Blocks": 0
                                                    }
                                                  ]
                                                },
                                                {
                                                  "Node Type": "Index Scan",
                                                  "Parent Relationship": "Inner",
                                                  "Parallel Aware": false,
                                                  "Async Capable": false,
                                                  "Scan Direction": "Forward",
                                                  "Index Name": "movie_id_cast_info",
                                                  "Relation Name": "cast_info",
                                                  "Schema": "public",
                                                  "Alias": "ci",
                                                  "Startup Cost": 0.44,
                                                  "Total Cost": 39.8,
                                                  "Plan Rows": 1,
                                                  "Plan Width": 16,
                                                  "Actual Startup Time": 0.283,
                                                  "Actual Total Time": 1.483,
                                                  "Actual Rows": 32.0,
                                                  "Actual Loops": 129,
                                                  "Disabled": false,
                                                  "Output": [
                                                    "ci.id",
                                                    "ci.person_id",
                                                    "ci.movie_id",
                                                    "ci.person_role_id",
                                                    "ci.note",
                                                    "ci.nr_order",
                                                    "ci.role_id"
                                                  ],
                                                  "Index Cond": "(ci.movie_id = mk.movie_id)",
                                                  "Rows Removed by Index Recheck": 0,
                                                  "Filter": "(ci.note = ANY ('{(voice),\"(voice: Japanese version)\",\"(voice) (uncredited)\",\"(voice: English version)\"}'::text[]))",
                                                  "Rows Removed by Filter": 121,
                                                  "Index Searches": 129,
                                                  "Shared Hit Blocks": 16191,
                                                  "Shared Read Blocks": 2662,
                                                  "Shared Dirtied Blocks": 0,
                                                  "Shared Written Blocks": 0,
                                                  "Local Hit Blocks": 0,
                                                  "Local Read Blocks": 0,
                                                  "Local Dirtied Blocks": 0,
                                                  "Local Written Blocks": 0,
                                                  "Temp Read Blocks": 0,
                                                  "Temp Written Blocks": 0
                                                }
                                              ]
                                            },
                                            {
                                              "Node Type": "Index Scan",
                                              "Parent Relationship": "Inner",
                                              "Parallel Aware": false,
                                              "Async Capable": false,
                                              "Scan Direction": "Forward",
                                              "Index Name": "name_pkey",
                                              "Relation Name": "name",
                                              "Schema": "public",
                                              "Alias": "n",
                                              "Startup Cost": 0.43,
                                              "Total Cost": 2.33,
                                              "Plan Rows": 1,
                                              "Plan Width": 19,
                                              "Actual Startup Time": 0.025,
                                              "Actual Total Time": 0.025,
                                              "Actual Rows": 0.01,
                                              "Actual Loops": 4128,
                                              "Disabled": false,
                                              "Output": [
                                                "n.id",
                                                "n.name",
                                                "n.imdb_index",
                                                "n.imdb_id",
                                                "n.gender",
                                                "n.name_pcode_cf",
                                                "n.name_pcode_nf",
                                                "n.surname_pcode",
                                                "n.md5sum"
                                              ],
                                              "Index Cond": "(n.id = ci.person_id)",
                                              "Rows Removed by Index Recheck": 0,
                                              "Filter": "((n.name ~~ '%An%'::text) AND ((n.gender)::text = 'f'::text))",
                                              "Rows Removed by Filter": 1,
                                              "Index Searches": 4128,
                                              "Shared Hit Blocks": 15423,
                                              "Shared Read Blocks": 1089,
                                              "Shared Dirtied Blocks": 0,
                                              "Shared Written Blocks": 0,
                                              "Local Hit Blocks": 0,
                                              "Local Read Blocks": 0,
                                              "Local Dirtied Blocks": 0,
                                              "Local Written Blocks": 0,
                                              "Temp Read Blocks": 0,
                                              "Temp Written Blocks": 0
                                            }
                                          ]
                                        },
                                        {
                                          "Node Type": "Index Scan",
                                          "Parent Relationship": "Inner",
                                          "Parallel Aware": false,
                                          "Async Capable": false,
                                          "Scan Direction": "Forward",
                                          "Index Name": "role_type_pkey",
                                          "Relation Name": "role_type",
                                          "Schema": "public",
                                          "Alias": "rt",
                                          "Startup Cost": 0.15,
                                          "Total Cost": 0.57,
                                          "Plan Rows": 1,
                                          "Plan Width": 4,
                                          "Actual Startup Time": 0.005,
                                          "Actual Total Time": 0.005,
                                          "Actual Rows": 1.0,
                                          "Actual Loops": 43,
                                          "Disabled": false,
                                          "Output": [
                                            "rt.id",
                                            "rt.role"
                                          ],
                                          "Index Cond": "(rt.id = ci.role_id)",
                                          "Rows Removed by Index Recheck": 0,
                                          "Filter": "((rt.role)::text = 'actress'::text)",
                                          "Rows Removed by Filter": 0,
                                          "Index Searches": 43,
                                          "Shared Hit Blocks": 85,
                                          "Shared Read Blocks": 1,
                                          "Shared Dirtied Blocks": 0,
                                          "Shared Written Blocks": 0,
                                          "Local Hit Blocks": 0,
                                          "Local Read Blocks": 0,
                                          "Local Dirtied Blocks": 0,
                                          "Local Written Blocks": 0,
                                          "Temp Read Blocks": 0,
                                          "Temp Written Blocks": 0
                                        }
                                      ]
                                    },
                                    {
                                      "Node Type": "Index Scan",
                                      "Parent Relationship": "Inner",
                                      "Parallel Aware": false,
                                      "Async Capable": false,
                                      "Scan Direction": "Forward",
                                      "Index Name": "char_name_pkey",
                                      "Relation Name": "char_name",
                                      "Schema": "public",
                                      "Alias": "chn",
                                      "Startup Cost": 0.43,
                                      "Total Cost": 2.24,
                                      "Plan Rows": 1,
                                      "Plan Width": 20,
                                      "Actual Startup Time": 0.015,
                                      "Actual Total Time": 0.015,
                                      "Actual Rows": 0.93,
                                      "Actual Loops": 43,
                                      "Disabled": false,
                                      "Output": [
                                        "chn.id",
                                        "chn.name",
                                        "chn.imdb_index",
                                        "chn.imdb_id",
                                        "chn.name_pcode_nf",
                                        "chn.surname_pcode",
                                        "chn.md5sum"
                                      ],
                                      "Index Cond": "(chn.id = ci.person_role_id)",
                                      "Rows Removed by Index Recheck": 0,
                                      "Index Searches": 40,
                                      "Shared Hit Blocks": 147,
                                      "Shared Read Blocks": 13,
                                      "Shared Dirtied Blocks": 0,
                                      "Shared Written Blocks": 0,
                                      "Local Hit Blocks": 0,
                                      "Local Read Blocks": 0,
                                      "Local Dirtied Blocks": 0,
                                      "Local Written Blocks": 0,
                                      "Temp Read Blocks": 0,
                                      "Temp Written Blocks": 0
                                    }
                                  ]
                                },
                                {
                                  "Node Type": "Index Only Scan",
                                  "Parent Relationship": "Inner",
                                  "Parallel Aware": false,
                                  "Async Capable": false,
                                  "Scan Direction": "Forward",
                                  "Index Name": "person_id_aka_name",
                                  "Relation Name": "aka_name",
                                  "Schema": "public",
                                  "Alias": "an",
                                  "Startup Cost": 0.42,
                                  "Total Cost": 1.27,
                                  "Plan Rows": 2,
                                  "Plan Width": 4,
                                  "Actual Startup Time": 0.032,
                                  "Actual Total Time": 0.033,
                                  "Actual Rows": 3.08,
                                  "Actual Loops": 40,
                                  "Disabled": false,
                                  "Output": [
                                    "an.person_id"
                                  ],
                                  "Index Cond": "(an.person_id = ci.person_id)",
                                  "Rows Removed by Index Recheck": 0,
                                  "Heap Fetches": 0,
                                  "Index Searches": 40,
                                  "Shared Hit Blocks": 113,
                                  "Shared Read Blocks": 8,
                                  "Shared Dirtied Blocks": 0,
                                  "Shared Written Blocks": 0,
                                  "Local Hit Blocks": 0,
                                  "Local Read Blocks": 0,
                                  "Local Dirtied Blocks": 0,
                                  "Local Written Blocks": 0,
                                  "Temp Read Blocks": 0,
                                  "Temp Written Blocks": 0
                                }
                              ]
                            },
                            {
                              "Node Type": "Index Scan",
                              "Parent Relationship": "Inner",
                              "Parallel Aware": false,
                              "Async Capable": false,
                              "Scan Direction": "Forward",
                              "Index Name": "person_id_person_info",
                              "Relation Name": "person_info",
                              "Schema": "public",
                              "Alias": "pi",
                              "Startup Cost": 0.43,
                              "Total Cost": 19.3,
                              "Plan Rows": 25,
                              "Plan Width": 8,
                              "Actual Startup Time": 0.047,
                              "Actual Total Time": 0.079,
                              "Actual Rows": 223.98,
                              "Actual Loops": 123,
                              "Disabled": false,
                              "Output": [
                                "pi.id",
                                "pi.person_id",
                                "pi.info_type_id",
                                "pi.info",
                                "pi.note"
                              ],
                              "Index Cond": "(pi.person_id = an.person_id)",
                              "Rows Removed by Index Recheck": 0,
                              "Index Searches": 123,
                              "Shared Hit Blocks": 1245,
                              "Shared Read Blocks": 47,
                              "Shared Dirtied Blocks": 0,
                              "Shared Written Blocks": 0,
                              "Local Hit Blocks": 0,
                              "Local Read Blocks": 0,
                              "Local Dirtied Blocks": 0,
                              "Local Written Blocks": 0,
                              "Temp Read Blocks": 0,
                              "Temp Written Blocks": 0
                            }
                          ]
                        },
                        {
                          "Node Type": "Index Scan",
                          "Parent Relationship": "Inner",
                          "Parallel Aware": false,
                          "Async Capable": false,
                          "Scan Direction": "Forward",
                          "Index Name": "info_type_pkey",
                          "Relation Name": "info_type",
                          "Schema": "public",
                          "Alias": "it3",
                          "Startup Cost": 0.14,
                          "Total Cost": 0.16,
                          "Plan Rows": 1,
                          "Plan Width": 4,
                          "Actual Startup Time": 0.0,
                          "Actual Total Time": 0.0,
                          "Actual Rows": 0.26,
                          "Actual Loops": 27549,
                          "Disabled": false,
                          "Output": [
                            "it3.id",
                            "it3.info"
                          ],
                          "Index Cond": "(it3.id = pi.info_type_id)",
                          "Rows Removed by Index Recheck": 0,
                          "Filter": "((it3.info)::text = 'trivia'::text)",
                          "Rows Removed by Filter": 1,
                          "Index Searches": 27549,
                          "Shared Hit Blocks": 55098,
                          "Shared Read Blocks": 0,
                          "Shared Dirtied Blocks": 0,
                          "Shared Written Blocks": 0,
                          "Local Hit Blocks": 0,
                          "Local Read Blocks": 0,
                          "Local Dirtied Blocks": 0,
                          "Local Written Blocks": 0,
                          "Temp Read Blocks": 0,
                          "Temp Written Blocks": 0
                        }
                      ]
                    },
                    {
                      "Node Type": "Index Scan",
                      "Parent Relationship": "Inner",
                      "Parallel Aware": false,
                      "Async Capable": false,
                      "Scan Direction": "Forward",
                      "Index Name": "movie_id_movie_info",
                      "Relation Name": "movie_info",
                      "Schema": "public",
                      "Alias": "mi",
                      "Startup Cost": 0.43,
                      "Total Cost": 38.24,
                      "Plan Rows": 1,
                      "Plan Width": 8,
                      "Actual Startup Time": 0.009,
                      "Actual Total Time": 0.03,
                      "Actual Rows": 2.27,
                      "Actual Loops": 7206,
                      "Disabled": false,
                      "Output": [
                        "mi.id",
                        "mi.movie_id",
                        "mi.info_type_id",
                        "mi.info",
                        "mi.note"
                      ],
                      "Index Cond": "(mi.movie_id = mk.movie_id)",
                      "Rows Removed by Index Recheck": 0,
                      "Filter": "((mi.info ~~ 'Japan:%200%'::text) OR (mi.info ~~ 'USA:%200%'::text))",
                      "Rows Removed by Filter": 306,
                      "Index Searches": 7206,
                      "Shared Hit Blocks": 204715,
                      "Shared Read Blocks": 153,
                      "Shared Dirtied Blocks": 0,
                      "Shared Written Blocks": 0,
                      "Local Hit Blocks": 0,
                      "Local Read Blocks": 0,
                      "Local Dirtied Blocks": 0,
                      "Local Written Blocks": 0,
                      "Temp Read Blocks": 0,
                      "Temp Written Blocks": 0
                    }
                  ]
                },
                {
                  "Node Type": "Index Scan",
                  "Parent Relationship": "Inner",
                  "Parallel Aware": false,
                  "Async Capable": false,
                  "Scan Direction": "Forward",
                  "Index Name": "info_type_pkey",
                  "Relation Name": "info_type",
                  "Schema": "public",
                  "Alias": "it",
                  "Startup Cost": 0.14,
                  "Total Cost": 0.16,
                  "Plan Rows": 1,
                  "Plan Width": 4,
                  "Actual Startup Time": 0.0,
                  "Actual Total Time": 0.0,
                  "Actual Rows": 1.0,
                  "Actual Loops": 16368,
                  "Disabled": false,
                  "Output": [
                    "it.id",
                    "it.info"
                  ],
                  "Index Cond": "(it.id = mi.info_type_id)",
                  "Rows Removed by Index Recheck": 0,
                  "Filter": "((it.info)::text = 'release dates'::text)",
                  "Rows Removed by Filter": 0,
                  "Index Searches": 16368,
                  "Shared Hit Blocks": 32736,
                  "Shared Read Blocks": 0,
                  "Shared Dirtied Blocks": 0,
                  "Shared Written Blocks": 0,
                  "Local Hit Blocks": 0,
                  "Local Read Blocks": 0,
                  "Local Dirtied Blocks": 0,
                  "Local Written Blocks": 0,
                  "Temp Read Blocks": 0,
                  "Temp Written Blocks": 0
                }
              ]
            },
            {
              "Node Type": "Index Scan",
              "Parent Relationship": "Inner",
              "Parallel Aware": false,
              "Async Capable": false,
              "Scan Direction": "Forward",
              "Index Name": "title_pkey",
              "Relation Name": "title",
              "Schema": "public",
              "Alias": "t",
              "Startup Cost": 0.43,
              "Total Cost": 2.14,
              "Plan Rows": 1,
              "Plan Width": 21,
              "Actual Startup Time": 0.001,
              "Actual Total Time": 0.001,
              "Actual Rows": 1.0,
              "Actual Loops": 16368,
              "Disabled": false,
              "Output": [
                "t.id",
                "t.title",
                "t.imdb_index",
                "t.kind_id",
                "t.production_year",
                "t.imdb_id",
                "t.phonetic_code",
                "t.episode_of_id",
                "t.season_nr",
                "t.episode_nr",
                "t.series_years",
                "t.md5sum"
              ],
              "Index Cond": "(t.id = mk.movie_id)",
              "Rows Removed by Index Recheck": 0,
              "Filter": "((t.production_year >= 2000) AND (t.production_year <= 2010))",
              "Rows Removed by Filter": 0,
              "Index Searches": 16368,
              "Shared Hit Blocks": 65461,
              "Shared Read Blocks": 11,
              "Shared Dirtied Blocks": 0,
              "Shared Written Blocks": 0,
              "Local Hit Blocks": 0,
              "Local Read Blocks": 0,
              "Local Dirtied Blocks": 0,
              "Local Written Blocks": 0,
              "Temp Read Blocks": 0,
              "Temp Written Blocks": 0
            }
          ]
        }
      ]
    },
    "Planning": {
      "Shared Hit Blocks": 283,
      "Shared Read Blocks": 93,
      "Shared Dirtied Blocks": 0,
      "Shared Written Blocks": 0,
      "Local Hit Blocks": 0,
      "Local Read Blocks": 0,
      "Local Dirtied Blocks": 0,
      "Local Written Blocks": 0,
      "Temp Read Blocks": 0,
      "Temp Written Blocks": 0
    },
    "Planning Time": 90.864,
    "Triggers": [],
    "Execution Time": 7867.053
  }
]