[
  {
    "Plan": {
      "Node Type": "Aggregate",
      "Strategy": "Plain",
      "Partial Mode": "Simple",
      "Parallel Aware": false,
      "Async Capable": false,
      "Startup Cost": 3921.89,
      "Total Cost": 3921.9,
      "Plan Rows": 1,
      "Plan Width": 32,
      "Actual Startup Time": 3161.013,
      "Actual Total Time": 3161.015,
      "Actual Rows": 1.0,
      "Actual Loops": 1,
      "Disabled": false,
      "Output": [
        "min(t.title)"
      ],
      "Shared Hit Blocks": 785662,
      "Shared Read Blocks": 40727,
      "Shared Dirtied Blocks": 3833,
      "Shared Written Blocks": 3214,
      "Local Hit Blocks": 0,
      "Local Read Blocks": 0,
      "Local Dirtied Blocks": 0,
      "Local Written Blocks": 0,
      "Temp Read Blocks": 0,
      "Temp Written Blocks": 0,
      "Plans": [
        {
          "Node Type": "Nested Loop",
          "Parent Relationship": "Outer",
          "Parallel Aware": false,
          "Async Capable": false,
          "Join Type": "Inner",
          "Startup Cost": 8.08,
          "Total Cost": 3921.87,
          "Plan Rows": 8,
          "Plan Width": 32,
          "Actual Startup Time": 29.984,
          "Actual Total Time": 3159.912,
          "Actual Rows": 7834.0,
          "Actual Loops": 1,
          "Disabled": false,
          "Output": [
            "t.title"
          ],
          "Inner Unique": true,
          "Join Filter": "(mc.movie_id = t.id)",
          "Rows Removed by Join Filter": 0,
          "Shared Hit Blocks": 785662,
          "Shared Read Blocks": 40727,
          "Shared Dirtied Blocks": 3833,
          "Shared Written Blocks": 3214,
          "Local Hit Blocks": 0,
          "Local Read Blocks": 0,
          "Local Dirtied Blocks": 0,
          "Local Written Blocks": 0,
          "Temp Read Blocks": 0,
          "Temp Written Blocks": 0,
          "Plans": [
            {
              "Node Type": "Nested Loop",
              "Parent Relationship": "Outer",
              "Parallel Aware": false,
              "Async Capable": false,
              "Join Type": "Inner",
              "Startup Cost": 7.65,
              "Total Cost": 3917.92,
              "Plan Rows": 8,
              "Plan Width": 8,
              "Actual Startup Time": 29.752,
              "Actual Total Time": 2323.593,
              "Actual Rows": 7834.0,
              "Actual Loops": 1,
              "Disabled": false,
              "Output": [
                "mc.movie_id",
                "mk.movie_id"
              ],
              "Inner Unique": true,
              "Shared Hit Blocks": 759667,
              "Shared Read Blocks": 35386,
              "Shared Dirtied Blocks": 0,
              "Shared Written Blocks": 2730,
              "Local Hit Blocks": 0,
              "Local Read Blocks": 0,
              "Local Dirtied Blocks": 0,
              "Local Written Blocks": 0,
              "Temp Read Blocks": 0,
              "Temp Written Blocks": 0,
              "Plans": [
                {
                  "Node Type": "Nested Loop",
                  "Parent Relationship": "Outer",
                  "Parallel Aware": false,
                  "Async Capable": false,
                  "Join Type": "Inner",
                  "Startup Cost": 7.23,
                  "Total Cost": 3836.74,
                  "Plan Rows": 182,
                  "Plan Width": 12,
                  "Actual Startup Time": 20.248,
                  "Actual Total Time": 1710.329,
                  "Actual Rows": 148552.0,
                  "Actual Loops": 1,
                  "Disabled": false,
                  "Output": [
                    "mk.movie_id",
                    "mc.company_id",
                    "mc.movie_id"
                  ],
                  "Inner Unique": false,
                  "Shared Hit Blocks": 169662,
                  "Shared Read Blocks": 31183,
                  "Shared Dirtied Blocks": 0,
                  "Shared Written Blocks": 2501,
                  "Local Hit Blocks": 0,
                  "Local Read Blocks": 0,
                  "Local Dirtied Blocks": 0,
                  "Local Written Blocks": 0,
                  "Temp Read Blocks": 0,
                  "Temp Written Blocks": 0,
                  "Plans": [
                    {
                      "Node Type": "Nested Loop",
                      "Parent Relationship": "Outer",
                      "Parallel Aware": false,
                      "Async Capable": false,
                      "Join Type": "Inner",
                      "Startup Cost": 6.8,
                      "Total Cost": 3816.68,
                      "Plan Rows": 34,
                      "Plan Width": 4,
                      "Actual Startup Time": 19.502,
                      "Actual Total Time": 68.439,
                      "Actual Rows": 41840.0,
                      "Actual Loops": 1,
                      "Disabled": false,
                      "Output": [
                        "mk.movie_id"
                      ],
                      "Inner Unique": false,
                      "Shared Hit Blocks": 2,
                      "Shared Read Blocks": 12582,
                      "Shared Dirtied Blocks": 0,
                      "Shared Written Blocks": 1085,
                      "Local Hit Blocks": 0,
                      "Local Read Blocks": 0,
                      "Local Dirtied Blocks": 0,
                      "Local Written Blocks": 0,
                      "Temp Read Blocks": 0,
                      "Temp Written Blocks": 0,
                      "Plans": [
                        {
                          "Node Type": "Seq Scan",
                          "Parent Relationship": "Outer",
                          "Parallel Aware": false,
                          "Async Capable": false,
                          "Relation Name": "keyword",
                          "Schema": "public",
                          "Alias": "k",
                          "Startup Cost": 0.0,
                          "Total Cost": 2685.12,
                          "Plan Rows": 1,
                          "Plan Width": 4,
                          "Actual Startup Time": 1.644,
                          "Actual Total Time": 11.858,
                          "Actual Rows": 1.0,
                          "Actual Loops": 1,
                          "Disabled": false,
                          "Output": [
                            "k.id",
                            "k.keyword",
                            "k.phonetic_code"
                          ],
                          "Filter": "(k.keyword = 'character-name-in-title'::text)",
                          "Rows Removed by Filter": 134169,
                          "Shared Hit Blocks": 0,
                          "Shared Read Blocks": 1008,
                          "Shared Dirtied Blocks": 0,
                          "Shared Written Blocks": 77,
                          "Local Hit Blocks": 0,
                          "Local Read Blocks": 0,
                          "Local Dirtied Blocks": 0,
                          "Local Written Blocks": 0,
                          "Temp Read Blocks": 0,
                          "Temp Written Blocks": 0
                        },
                        {
                          "Node Type": "Bitmap Heap Scan",
                          "Parent Relationship": "Inner",
                          "Parallel Aware": false,
                          "Async Capable": false,
                          "Relation Name": "movie_keyword",
                          "Schema": "public",
                          "Alias": "mk",
                          "Startup Cost": 6.8,
                          "Total Cost": 1128.5,
                          "Plan Rows": 306,
                          "Plan Width": 8,
                          "Actual Startup Time": 17.856,
                          "Actual Total Time": 54.194,
                          "Actual Rows": 41840.0,
                          "Actual Loops": 1,
                          "Disabled": false,
                          "Output": [
                            "mk.id",
                            "mk.movie_id",
                            "mk.keyword_id"
                          ],
                          "Recheck Cond": "(k.id = mk.keyword_id)",
                          "Rows Removed by Index Recheck": 0,
                          "Exact Heap Blocks": 11541,
                          "Lossy Heap Blocks": 0,
                          "Shared Hit Blocks": 2,
                          "Shared Read Blocks": 11574,
                          "Shared Dirtied Blocks": 0,
                          "Shared Written Blocks": 1008,
                          "Local Hit Blocks": 0,
                          "Local Read Blocks": 0,
                          "Local Dirtied Blocks": 0,
                          "Local Written Blocks": 0,
                          "Temp Read Blocks": 0,
                          "Temp Written Blocks": 0,
                          "Plans": [
                            {
                              "Node Type": "Bitmap Index Scan",
                              "Parent Relationship": "Outer",
                              "Parallel Aware": false,
                              "Async Capable": false,
                              "Index Name": "keyword_id_movie_keyword",
                              "Startup Cost": 0.0,
                              "Total Cost": 6.73,
                              "Plan Rows": 306,
                              "Plan Width": 0,
                              "Actual Startup Time": 16.605,
                              "Actual Total Time": 16.605,
                              "Actual Rows": 41840.0,
                              "Actual Loops": 1,
                              "Disabled": false,
                              "Index Cond": "(mk.keyword_id = k.id)",
                              "Index Searches": 1,
                              "Shared Hit Blocks": 2,
                              "Shared Read Blocks": 33,
                              "Shared Dirtied Blocks": 0,
                              "Shared Written Blocks": 0,
                              "Local Hit Blocks": 0,
                              "Local Read Blocks": 0,
                              "Local Dirtied Blocks": 0,
                              "Local Written Blocks": 0,
                              "Temp Read Blocks": 0,
                              "Temp Written Blocks": 0
                            }
                          ]
                        }
                      ]
                    },
                    {
                      "Node Type": "Index Scan",
                      "Parent Relationship": "Inner",
                      "Parallel Aware": false,
                      "Async Capable": false,
                      "Scan Direction": "Forward",
                      "Index Name": "movie_id_movie_companies",
                      "Relation Name": "movie_companies",
                      "Schema": "public",
                      "Alias": "mc",
                      "Startup Cost": 0.43,
                      "Total Cost": 0.54,
                      "Plan Rows": 5,
                      "Plan Width": 8,
                      "Actual Startup Time": 0.029,
                      "Actual Total Time": 0.039,
                      "Actual Rows": 3.55,
                      "Actual Loops": 41840,
                      "Disabled": false,
                      "Output": [
                        "mc.id",
                        "mc.movie_id",
                        "mc.company_id",
                        "mc.company_type_id",
                        "mc.note"
                      ],
                      "Index Cond": "(mc.movie_id = mk.movie_id)",
                      "Rows Removed by Index Recheck": 0,
                      "Index Searches": 41840,
                      "Shared Hit Blocks": 169660,
                      "Shared Read Blocks": 18601,
                      "Shared Dirtied Blocks": 0,
                      "Shared Written Blocks": 1416,
                      "Local Hit Blocks": 0,
                      "Local Read Blocks": 0,
                      "Local Dirtied Blocks": 0,
                      "Local Written Blocks": 0,
                      "Temp Read Blocks": 0,
                      "Temp Written Blocks": 0
                    }
                  ]
                },
                {
                  "Node Type": "Index Scan",
                  "Parent Relationship": "Inner",
                  "Parallel Aware": false,
                  "Async Capable": false,
                  "Scan Direction": "Forward",
                  "Index Name": "company_name_pkey",
                  "Relation Name": "company_name",
                  "Schema": "public",
                  "Alias": "cn",
                  "Startup Cost": 0.42,
                  "Total Cost": 0.45,
                  "Plan Rows": 1,
                  "Plan Width": 4,
                  "Actual Startup Time": 0.004,
                  "Actual Total Time": 0.004,
                  "Actual Rows": 0.05,
                  "Actual Loops": 148552,
                  "Disabled": false,
                  "Output": [
                    "cn.id",
                    "cn.name",
                    "cn.country_code",
                    "cn.imdb_id",
                    "cn.name_pcode_nf",
                    "cn.name_pcode_sf",
                    "cn.md5sum"
                  ],
                  "Index Cond": "(cn.id = mc.company_id)",
                  "Rows Removed by Index Recheck": 0,
                  "Filter": "((cn.country_code)::text = '[de]'::text)",
                  "Rows Removed by Filter": 1,
                  "Index Searches": 148552,
                  "Shared Hit Blocks": 590005,
                  "Shared Read Blocks": 4203,
                  "Shared Dirtied Blocks": 0,
                  "Shared Written Blocks": 229,
                  "Local Hit Blocks": 0,
                  "Local Read Blocks": 0,
                  "Local Dirtied Blocks": 0,
                  "Local Written Blocks": 0,
                  "Temp Read Blocks": 0,
                  "Temp Written Blocks": 0
                }
              ]
            },
            {
              "Node Type": "Index Scan",
              "Parent Relationship": "Inner",
              "Parallel Aware": false,
              "Async Capable": false,
              "Scan Direction": "Forward",
              "Index Name": "title_pkey",
              "Relation Name": "title",
              "Schema": "public",
              "Alias": "t",
              "Startup Cost": 0.42,
              "Total Cost": 0.48,
              "Plan Rows": 1,
              "Plan Width": 36,
              "Actual Startup Time": 0.106,
              "Actual Total Time": 0.106,
              "Actual Rows": 1.0,
              "Actual Loops": 7834,
              "Disabled": false,
              "Output": [
                "t.id",
                "t.title",
                "t.imdb_index",
                "t.kind_id",
                "t.production_year",
                "t.imdb_id",
                "t.phonetic_code",
                "t.episode_of_id",
                "t.season_nr",
                "t.episode_nr",
                "t.series_years",
                "t.md5sum"
              ],
              "Index Cond": "(t.id = mk.movie_id)",
              "Rows Removed by Index Recheck": 0,
              "Index Searches": 7834,
              "Shared Hit Blocks": 25995,
              "Shared Read Blocks": 5341,
              "Shared Dirtied Blocks": 3833,
              "Shared Written Blocks": 484,
              "Local Hit Blocks": 0,
              "Local Read Blocks": 0,
              "Local Dirtied Blocks": 0,
              "Local Written Blocks": 0,
              "Temp Read Blocks": 0,
              "Temp Written Blocks": 0
            }
          ]
        }
      ]
    },
    "Planning": {
      "Shared Hit Blocks": 120,
      "Shared Read Blocks": 32,
      "Shared Dirtied Blocks": 2,
      "Shared Written Blocks": 0,
      "Local Hit Blocks": 0,
      "Local Read Blocks": 0,
      "Local Dirtied Blocks": 0,
      "Local Written Blocks": 0,
      "Temp Read Blocks": 0,
      "Temp Written Blocks": 0
    },
    "Planning Time": 8.828,
    "Triggers": [],
    "Execution Time": 3161.045
  }
]