[
  {
    "Plan": {
      "Node Type": "Aggregate",
      "Strategy": "Plain",
      "Partial Mode": "Simple",
      "Parallel Aware": false,
      "Async Capable": false,
      "Startup Cost": 9606.52,
      "Total Cost": 9606.53,
      "Plan Rows": 1,
      "Plan Width": 128,
      "Actual Startup Time": 3225.818,
      "Actual Total Time": 3225.87,
      "Actual Rows": 1.0,
      "Actual Loops": 1,
      "Disabled": false,
      "Output": [
        "min(mi.info)",
        "min(mi_idx.info)",
        "min(n.name)",
        "min(t.title)"
      ],
      "Shared Hit Blocks": 3197993,
      "Shared Read Blocks": 219582,
      "Shared Dirtied Blocks": 0,
      "Shared Written Blocks": 0,
      "Local Hit Blocks": 0,
      "Local Read Blocks": 0,
      "Local Dirtied Blocks": 0,
      "Local Written Blocks": 0,
      "Temp Read Blocks": 0,
      "Temp Written Blocks": 0,
      "Plans": [
        {
          "Node Type": "Nested Loop",
          "Parent Relationship": "Outer",
          "Parallel Aware": false,
          "Async Capable": false,
          "Join Type": "Inner",
          "Startup Cost": 1012.8,
          "Total Cost": 9606.51,
          "Plan Rows": 1,
          "Plan Width": 79,
          "Actual Startup Time": 458.518,
          "Actual Total Time": 3225.535,
          "Actual Rows": 1273.0,
          "Actual Loops": 1,
          "Disabled": false,
          "Output": [
            "mi.info",
            "mi_idx.info",
            "n.name",
            "t.title"
          ],
          "Inner Unique": true,
          "Join Filter": "(mi.movie_id = t.id)",
          "Rows Removed by Join Filter": 0,
          "Shared Hit Blocks": 3197993,
          "Shared Read Blocks": 219582,
          "Shared Dirtied Blocks": 0,
          "Shared Written Blocks": 0,
          "Local Hit Blocks": 0,
          "Local Read Blocks": 0,
          "Local Dirtied Blocks": 0,
          "Local Written Blocks": 0,
          "Temp Read Blocks": 0,
          "Temp Written Blocks": 0,
          "Plans": [
            {
              "Node Type": "Nested Loop",
              "Parent Relationship": "Outer",
              "Parallel Aware": false,
              "Async Capable": false,
              "Join Type": "Inner",
              "Startup Cost": 1012.37,
              "Total Cost": 9605.38,
              "Plan Rows": 1,
              "Plan Width": 82,
              "Actual Startup Time": 458.321,
              "Actual Total Time": 3215.209,
              "Actual Rows": 1273.0,
              "Actual Loops": 1,
              "Disabled": false,
              "Output": [
                "ci.movie_id",
                "mc.movie_id",
                "mi.info",
                "mi.movie_id",
                "mi_idx.info",
                "mi_idx.movie_id",
                "mk.movie_id",
                "n.name"
              ],
              "Inner Unique": true,
              "Shared Hit Blocks": 3193363,
              "Shared Read Blocks": 219120,
              "Shared Dirtied Blocks": 0,
              "Shared Written Blocks": 0,
              "Local Hit Blocks": 0,
              "Local Read Blocks": 0,
              "Local Dirtied Blocks": 0,
              "Local Written Blocks": 0,
              "Temp Read Blocks": 0,
              "Temp Written Blocks": 0,
              "Plans": [
                {
                  "Node Type": "Nested Loop",
                  "Parent Relationship": "Outer",
                  "Parallel Aware": false,
                  "Async Capable": false,
                  "Join Type": "Inner",
                  "Startup Cost": 1011.94,
                  "Total Cost": 9604.04,
                  "Plan Rows": 1,
                  "Plan Width": 71,
                  "Actual Startup Time": 438.88,
                  "Actual Total Time": 3152.682,
                  "Actual Rows": 1556.0,
                  "Actual Loops": 1,
                  "Disabled": false,
                  "Output": [
                    "ci.movie_id",
                    "ci.person_id",
                    "mc.movie_id",
                    "mi.info",
                    "mi.movie_id",
                    "mi_idx.info",
                    "mi_idx.movie_id",
                    "mk.movie_id"
                  ],
                  "Inner Unique": true,
                  "Shared Hit Blocks": 3188058,
                  "Shared Read Blocks": 218201,
                  "Shared Dirtied Blocks": 0,
                  "Shared Written Blocks": 0,
                  "Local Hit Blocks": 0,
                  "Local Read Blocks": 0,
                  "Local Dirtied Blocks": 0,
                  "Local Written Blocks": 0,
                  "Temp Read Blocks": 0,
                  "Temp Written Blocks": 0,
                  "Plans": [
                    {
                      "Node Type": "Nested Loop",
                      "Parent Relationship": "Outer",
                      "Parallel Aware": false,
                      "Async Capable": false,
                      "Join Type": "Inner",
                      "Startup Cost": 1011.8,
                      "Total Cost": 9603.86,
                      "Plan Rows": 1,
                      "Plan Width": 75,
                      "Actual Startup Time": 438.844,
                      "Actual Total Time": 3151.164,
                      "Actual Rows": 1616.0,
                      "Actual Loops": 1,
                      "Disabled": false,
                      "Output": [
                        "ci.movie_id",
                        "ci.person_id",
                        "mc.movie_id",
                        "mi.info",
                        "mi.movie_id",
                        "mi.info_type_id",
                        "mi_idx.info",
                        "mi_idx.movie_id",
                        "mk.movie_id"
                      ],
                      "Inner Unique": false,
                      "Join Filter": "(mi.movie_id = mi_idx.movie_id)",
                      "Rows Removed by Join Filter": 0,
                      "Shared Hit Blocks": 3184826,
                      "Shared Read Blocks": 218201,
                      "Shared Dirtied Blocks": 0,
                      "Shared Written Blocks": 0,
                      "Local Hit Blocks": 0,
                      "Local Read Blocks": 0,
                      "Local Dirtied Blocks": 0,
                      "Local Written Blocks": 0,
                      "Temp Read Blocks": 0,
                      "Temp Written Blocks": 0,
                      "Plans": [
                        {
                          "Node Type": "Nested Loop",
                          "Parent Relationship": "Outer",
                          "Parallel Aware": false,
                          "Async Capable": false,
                          "Join Type": "Inner",
                          "Startup Cost": 1011.37,
                          "Total Cost": 9585.15,
                          "Plan Rows": 1,
                          "Plan Width": 25,
                          "Actual Startup Time": 138.82,
                          "Actual Total Time": 2586.305,
                          "Actual Rows": 1471.0,
                          "Actual Loops": 1,
                          "Disabled": false,
                          "Output": [
                            "ci.movie_id",
                            "ci.person_id",
                            "mc.movie_id",
                            "mi_idx.info",
                            "mi_idx.movie_id",
                            "mk.movie_id"
                          ],
                          "Inner Unique": false,
                          "Join Filter": "(ci.movie_id = mi_idx.movie_id)",
                          "Rows Removed by Join Filter": 0,
                          "Shared Hit Blocks": 3156882,
                          "Shared Read Blocks": 211102,
                          "Shared Dirtied Blocks": 0,
                          "Shared Written Blocks": 0,
                          "Local Hit Blocks": 0,
                          "Local Read Blocks": 0,
                          "Local Dirtied Blocks": 0,
                          "Local Written Blocks": 0,
                          "Temp Read Blocks": 0,
                          "Temp Written Blocks": 0,
                          "Plans": [
                            {
                              "Node Type": "Gather",
                              "Parent Relationship": "Outer",
                              "Parallel Aware": false,
                              "Async Capable": false,
                              "Startup Cost": 1010.93,
                              "Total Cost": 9562.33,
                              "Plan Rows": 1,
                              "Plan Width": 17,
                              "Actual Startup Time": 136.173,
                              "Actual Total Time": 734.994,
                              "Actual Rows": 1547.0,
                              "Actual Loops": 1,
                              "Disabled": false,
                              "Output": [
                                "mc.movie_id",
                                "mi_idx.info",
                                "mi_idx.movie_id",
                                "mk.movie_id"
                              ],
                              "Workers Planned": 2,
                              "Workers Launched": 2,
                              "Single Copy": false,
                              "Shared Hit Blocks": 3027337,
                              "Shared Read Blocks": 156579,
                              "Shared Dirtied Blocks": 0,
                              "Shared Written Blocks": 0,
                              "Local Hit Blocks": 0,
                              "Local Read Blocks": 0,
                              "Local Dirtied Blocks": 0,
                              "Local Written Blocks": 0,
                              "Temp Read Blocks": 0,
                              "Temp Written Blocks": 0,
                              "Plans": [
                                {
                                  "Node Type": "Nested Loop",
                                  "Parent Relationship": "Outer",
                                  "Parallel Aware": false,
                                  "Async Capable": false,
                                  "Join Type": "Inner",
                                  "Startup Cost": 10.93,
                                  "Total Cost": 8562.23,
                                  "Plan Rows": 1,
                                  "Plan Width": 17,
                                  "Actual Startup Time": 89.828,
                                  "Actual Total Time": 1472.805,
                                  "Actual Rows": 515.67,
                                  "Actual Loops": 3,
                                  "Disabled": false,
                                  "Output": [
                                    "mc.movie_id",
                                    "mi_idx.info",
                                    "mi_idx.movie_id",
                                    "mk.movie_id"
                                  ],
                                  "Inner Unique": true,
                                  "Shared Hit Blocks": 3027337,
                                  "Shared Read Blocks": 156579,
                                  "Shared Dirtied Blocks": 0,
                                  "Shared Written Blocks": 0,
                                  "Local Hit Blocks": 0,
                                  "Local Read Blocks": 0,
                                  "Local Dirtied Blocks": 0,
                                  "Local Written Blocks": 0,
                                  "Temp Read Blocks": 0,
                                  "Temp Written Blocks": 0,
                                  "Workers": [
                                    {
                                      "Worker Number": 0,
                                      "Actual Startup Time": 92.742,
                                      "Actual Total Time": 2030.698,
                                      "Actual Rows": 964.0,
                                      "Actual Loops": 1,
                                      "Shared Hit Blocks": 1417272,
                                      "Shared Read Blocks": 80075,
                                      "Shared Dirtied Blocks": 0,
                                      "Shared Written Blocks": 0,
                                      "Local Hit Blocks": 0,
                                      "Local Read Blocks": 0,
                                      "Local Dirtied Blocks": 0,
                                      "Local Written Blocks": 0,
                                      "Temp Read Blocks": 0,
                                      "Temp Written Blocks": 0
                                    },
                                    {
                                      "Worker Number": 1,
                                      "Actual Startup Time": 40.816,
                                      "Actual Total Time": 1653.301,
                                      "Actual Rows": 281.0,
                                      "Actual Loops": 1,
                                      "Shared Hit Blocks": 899021,
                                      "Shared Read Blocks": 42717,
                                      "Shared Dirtied Blocks": 0,
                                      "Shared Written Blocks": 0,
                                      "Local Hit Blocks": 0,
                                      "Local Read Blocks": 0,
                                      "Local Dirtied Blocks": 0,
                                      "Local Written Blocks": 0,
                                      "Temp Read Blocks": 0,
                                      "Temp Written Blocks": 0
                                    }
                                  ],
                                  "Plans": [
                                    {
                                      "Node Type": "Nested Loop",
                                      "Parent Relationship": "Outer",
                                      "Parallel Aware": false,
                                      "Async Capable": false,
                                      "Join Type": "Inner",
                                      "Startup Cost": 10.51,
                                      "Total Cost": 8548.44,
                                      "Plan Rows": 14,
                                      "Plan Width": 21,
                                      "Actual Startup Time": 10.343,
                                      "Actual Total Time": 1152.412,
                                      "Actual Rows": 199418.67,
                                      "Actual Loops": 3,
                                      "Disabled": false,
                                      "Output": [
                                        "mi_idx.info",
                                        "mi_idx.movie_id",
                                        "mc.movie_id",
                                        "mc.company_id",
                                        "mk.movie_id"
                                      ],
                                      "Inner Unique": false,
                                      "Join Filter": "(mc.movie_id = mi_idx.movie_id)",
                                      "Rows Removed by Join Filter": 0,
                                      "Shared Hit Blocks": 648778,
                                      "Shared Read Blocks": 142112,
                                      "Shared Dirtied Blocks": 0,
                                      "Shared Written Blocks": 0,
                                      "Local Hit Blocks": 0,
                                      "Local Read Blocks": 0,
                                      "Local Dirtied Blocks": 0,
                                      "Local Written Blocks": 0,
                                      "Temp Read Blocks": 0,
                                      "Temp Written Blocks": 0,
                                      "Workers": [
                                        {
                                          "Worker Number": 0,
                                          "Actual Startup Time": 8.848,
                                          "Actual Total Time": 1565.503,
                                          "Actual Rows": 303631.0,
                                          "Actual Loops": 1,
                                          "Shared Hit Blocks": 208836,
                                          "Shared Read Blocks": 73986,
                                          "Shared Dirtied Blocks": 0,
                                          "Shared Written Blocks": 0,
                                          "Local Hit Blocks": 0,
                                          "Local Read Blocks": 0,
                                          "Local Dirtied Blocks": 0,
                                          "Local Written Blocks": 0,
                                          "Temp Read Blocks": 0,
                                          "Temp Written Blocks": 0
                                        },
                                        {
                                          "Worker Number": 1,
                                          "Actual Startup Time": 12.202,
                                          "Actual Total Time": 1368.002,
                                          "Actual Rows": 150542.0,
                                          "Actual Loops": 1,
                                          "Shared Hit Blocks": 300116,
                                          "Shared Read Blocks": 39453,
                                          "Shared Dirtied Blocks": 0,
                                          "Shared Written Blocks": 0,
                                          "Local Hit Blocks": 0,
                                          "Local Read Blocks": 0,
                                          "Local Dirtied Blocks": 0,
                                          "Local Written Blocks": 0,
                                          "Temp Read Blocks": 0,
                                          "Temp Written Blocks": 0
                                        }
                                      ],
                                      "Plans": [
                                        {
                                          "Node Type": "Hash Join",
                                          "Parent Relationship": "Outer",
                                          "Parallel Aware": false,
                                          "Async Capable": false,
                                          "Join Type": "Inner",
                                          "Startup Cost": 10.08,
                                          "Total Cost": 8544.06,
                                          "Plan Rows": 2,
                                          "Plan Width": 13,
                                          "Actual Startup Time": 9.611,
                                          "Actual Total Time": 303.028,
                                          "Actual Rows": 21233.67,
                                          "Actual Loops": 3,
                                          "Disabled": false,
                                          "Output": [
                                            "mi_idx.info",
                                            "mi_idx.movie_id",
                                            "mk.movie_id"
                                          ],
                                          "Inner Unique": true,
                                          "Hash Cond": "(mi_idx.info_type_id = it2.id)",
                                          "Shared Hit Blocks": 399306,
                                          "Shared Read Blocks": 81387,
                                          "Shared Dirtied Blocks": 0,
                                          "Shared Written Blocks": 0,
                                          "Local Hit Blocks": 0,
                                          "Local Read Blocks": 0,
                                          "Local Dirtied Blocks": 0,
                                          "Local Written Blocks": 0,
                                          "Temp Read Blocks": 0,
                                          "Temp Written Blocks": 0,
                                          "Workers": [
                                            {
                                              "Worker Number": 0,
                                              "Actual Startup Time": 8.263,
                                              "Actual Total Time": 380.284,
                                              "Actual Rows": 27497.0,
                                              "Actual Loops": 1,
                                              "Shared Hit Blocks": 106131,
                                              "Shared Read Blocks": 41379,
                                              "Shared Dirtied Blocks": 0,
                                              "Shared Written Blocks": 0,
                                              "Local Hit Blocks": 0,
                                              "Local Read Blocks": 0,
                                              "Local Dirtied Blocks": 0,
                                              "Local Written Blocks": 0,
                                              "Temp Read Blocks": 0,
                                              "Temp Written Blocks": 0
                                            },
                                            {
                                              "Worker Number": 1,
                                              "Actual Startup Time": 11.606,
                                              "Actual Total Time": 330.116,
                                              "Actual Rows": 19738.0,
                                              "Actual Loops": 1,
                                              "Shared Hit Blocks": 222060,
                                              "Shared Read Blocks": 23097,
                                              "Shared Dirtied Blocks": 0,
                                              "Shared Written Blocks": 0,
                                              "Local Hit Blocks": 0,
                                              "Local Read Blocks": 0,
                                              "Local Dirtied Blocks": 0,
                                              "Local Written Blocks": 0,
                                              "Temp Read Blocks": 0,
                                              "Temp Written Blocks": 0
                                            }
                                          ],
                                          "Plans": [
                                            {
                                              "Node Type": "Nested Loop",
                                              "Parent Relationship": "Outer",
                                              "Parallel Aware": false,
                                              "Async Capable": false,
                                              "Join Type": "Inner",
                                              "Startup Cost": 7.65,
                                              "Total Cost": 8540.83,
                                              "Plan Rows": 294,
                                              "Plan Width": 17,
                                              "Actual Startup Time": 9.251,
                                              "Actual Total Time": 297.555,
                                              "Actual Rows": 63896.33,
                                              "Actual Loops": 3,
                                              "Disabled": false,
                                              "Output": [
                                                "mk.movie_id",
                                                "mi_idx.info",
                                                "mi_idx.movie_id",
                                                "mi_idx.info_type_id"
                                              ],
                                              "Inner Unique": false,
                                              "Shared Hit Blocks": 399266,
                                              "Shared Read Blocks": 81384,
                                              "Shared Dirtied Blocks": 0,
                                              "Shared Written Blocks": 0,
                                              "Local Hit Blocks": 0,
                                              "Local Read Blocks": 0,
                                              "Local Dirtied Blocks": 0,
                                              "Local Written Blocks": 0,
                                              "Temp Read Blocks": 0,
                                              "Temp Written Blocks": 0,
                                              "Workers": [
                                                {
                                                  "Worker Number": 0,
                                                  "Actual Startup Time": 7.714,
                                                  "Actual Total Time": 372.988,
                                                  "Actual Rows": 82850.0,
                                                  "Actual Loops": 1,
                                                  "Shared Hit Blocks": 106113,
                                                  "Shared Read Blocks": 41376,
                                                  "Shared Dirtied Blocks": 0,
                                                  "Shared Written Blocks": 0,
                                                  "Local Hit Blocks": 0,
                                                  "Local Read Blocks": 0,
                                                  "Local Dirtied Blocks": 0,
                                                  "Local Written Blocks": 0,
                                                  "Temp Read Blocks": 0,
                                                  "Temp Written Blocks": 0
                                                },
                                                {
                                                  "Worker Number": 1,
                                                  "Actual Startup Time": 11.105,
                                                  "Actual Total Time": 324.696,
                                                  "Actual Rows": 59302.0,
                                                  "Actual Loops": 1,
                                                  "Shared Hit Blocks": 222039,
                                                  "Shared Read Blocks": 23097,
                                                  "Shared Dirtied Blocks": 0,
                                                  "Shared Written Blocks": 0,
                                                  "Local Hit Blocks": 0,
                                                  "Local Read Blocks": 0,
                                                  "Local Dirtied Blocks": 0,
                                                  "Local Written Blocks": 0,
                                                  "Temp Read Blocks": 0,
                                                  "Temp Written Blocks": 0
                                                }
                                              ],
                                              "Plans": [
                                                {
                                                  "Node Type": "Nested Loop",
                                                  "Parent Relationship": "Outer",
                                                  "Parallel Aware": false,
                                                  "Async Capable": false,
                                                  "Join Type": "Inner",
                                                  "Startup Cost": 7.22,
                                                  "Total Cost": 8432.43,
                                                  "Plan Rows": 98,
                                                  "Plan Width": 4,
                                                  "Actual Startup Time": 9.126,
                                                  "Actual Total Time": 92.871,
                                                  "Actual Rows": 25571.33,
                                                  "Actual Loops": 3,
                                                  "Disabled": false,
                                                  "Output": [
                                                    "mk.movie_id"
                                                  ],
                                                  "Inner Unique": false,
                                                  "Shared Hit Blocks": 137018,
                                                  "Shared Read Blocks": 48669,
                                                  "Shared Dirtied Blocks": 0,
                                                  "Shared Written Blocks": 0,
                                                  "Local Hit Blocks": 0,
                                                  "Local Read Blocks": 0,
                                                  "Local Dirtied Blocks": 0,
                                                  "Local Written Blocks": 0,
                                                  "Temp Read Blocks": 0,
                                                  "Temp Written Blocks": 0,
                                                  "Workers": [
                                                    {
                                                      "Worker Number": 0,
                                                      "Actual Startup Time": 7.656,
                                                      "Actual Total Time": 113.13,
                                                      "Actual Rows": 31272.0,
                                                      "Actual Loops": 1,
                                                      "Shared Hit Blocks": 2257,
                                                      "Shared Read Blocks": 23314,
                                                      "Shared Dirtied Blocks": 0,
                                                      "Shared Written Blocks": 0,
                                                      "Local Hit Blocks": 0,
                                                      "Local Read Blocks": 0,
                                                      "Local Dirtied Blocks": 0,
                                                      "Local Written Blocks": 0,
                                                      "Temp Read Blocks": 0,
                                                      "Temp Written Blocks": 0
                                                    },
                                                    {
                                                      "Worker Number": 1,
                                                      "Actual Startup Time": 10.833,
                                                      "Actual Total Time": 120.715,
                                                      "Actual Rows": 25914.0,
                                                      "Actual Loops": 1,
                                                      "Shared Hit Blocks": 133218,
                                                      "Shared Read Blocks": 14202,
                                                      "Shared Dirtied Blocks": 0,
                                                      "Shared Written Blocks": 0,
                                                      "Local Hit Blocks": 0,
                                                      "Local Read Blocks": 0,
                                                      "Local Dirtied Blocks": 0,
                                                      "Local Written Blocks": 0,
                                                      "Temp Read Blocks": 0,
                                                      "Temp Written Blocks": 0
                                                    }
                                                  ],
                                                  "Plans": [
                                                    {
                                                      "Node Type": "Index Scan",
                                                      "Parent Relationship": "Outer",
                                                      "Parallel Aware": true,
                                                      "Async Capable": false,
                                                      "Scan Direction": "Forward",
                                                      "Index Name": "keyword_pkey",
                                                      "Relation Name": "keyword",
                                                      "Schema": "public",
                                                      "Alias": "k",
                                                      "Startup Cost": 0.42,
                                                      "Total Cost": 5153.33,
                                                      "Plan Rows": 3,
                                                      "Plan Width": 4,
                                                      "Actual Startup Time": 0.238,
                                                      "Actual Total Time": 13.002,
                                                      "Actual Rows": 2.33,
                                                      "Actual Loops": 3,
                                                      "Disabled": false,
                                                      "Output": [
                                                        "k.id",
                                                        "k.keyword",
                                                        "k.phonetic_code"
                                                      ],
                                                      "Filter": "(k.keyword = ANY ('{murder,violence,blood,gore,death,female-nudity,hospital}'::text[]))",
                                                      "Rows Removed by Filter": 44721,
                                                      "Index Searches": 1,
                                                      "Shared Hit Blocks": 130962,
                                                      "Shared Read Blocks": 1659,
                                                      "Shared Dirtied Blocks": 0,
                                                      "Shared Written Blocks": 0,
                                                      "Local Hit Blocks": 0,
                                                      "Local Read Blocks": 0,
                                                      "Local Dirtied Blocks": 0,
                                                      "Local Written Blocks": 0,
                                                      "Temp Read Blocks": 0,
                                                      "Temp Written Blocks": 0,
                                                      "Workers": [
                                                        {
                                                          "Worker Number": 0,
                                                          "Actual Startup Time": 0.314,
                                                          "Actual Total Time": 0.578,
                                                          "Actual Rows": 4.0,
                                                          "Actual Loops": 1,
                                                          "Shared Hit Blocks": 505,
                                                          "Shared Read Blocks": 74,
                                                          "Shared Dirtied Blocks": 0,
                                                          "Shared Written Blocks": 0,
                                                          "Local Hit Blocks": 0,
                                                          "Local Read Blocks": 0,
                                                          "Local Dirtied Blocks": 0,
                                                          "Local Written Blocks": 0,
                                                          "Temp Read Blocks": 0,
                                                          "Temp Written Blocks": 0
                                                        },
                                                        {
                                                          "Worker Number": 1,
                                                          "Actual Startup Time": 0.212,
                                                          "Actual Total Time": 38.063,
                                                          "Actual Rows": 2.0,
                                                          "Actual Loops": 1,
                                                          "Shared Hit Blocks": 130269,
                                                          "Shared Read Blocks": 1484,
                                                          "Shared Dirtied Blocks": 0,
                                                          "Shared Written Blocks": 0,
                                                          "Local Hit Blocks": 0,
                                                          "Local Read Blocks": 0,
                                                          "Local Dirtied Blocks": 0,
                                                          "Local Written Blocks": 0,
                                                          "Temp Read Blocks": 0,
                                                          "Temp Written Blocks": 0
                                                        }
                                                      ]
                                                    },
                                                    {
                                                      "Node Type": "Bitmap Heap Scan",
                                                      "Parent Relationship": "Inner",
                                                      "Parallel Aware": false,
                                                      "Async Capable": false,
                                                      "Relation Name": "movie_keyword",
                                                      "Schema": "public",
                                                      "Alias": "mk",
                                                      "Startup Cost": 6.8,
                                                      "Total Cost": 1089.97,
                                                      "Plan Rows": 306,
                                                      "Plan Width": 8,
                                                      "Actual Startup Time": 5.865,
                                                      "Actual Total Time": 33.572,
                                                      "Actual Rows": 10959.14,
                                                      "Actual Loops": 7,
                                                      "Disabled": false,
                                                      "Output": [
                                                        "mk.id",
                                                        "mk.movie_id",
                                                        "mk.keyword_id"
                                                      ],
                                                      "Recheck Cond": "(k.id = mk.keyword_id)",
                                                      "Rows Removed by Index Recheck": 0,
                                                      "Exact Heap Blocks": 12389,
                                                      "Lossy Heap Blocks": 0,
                                                      "Shared Hit Blocks": 6056,
                                                      "Shared Read Blocks": 47010,
                                                      "Shared Dirtied Blocks": 0,
                                                      "Shared Written Blocks": 0,
                                                      "Local Hit Blocks": 0,
                                                      "Local Read Blocks": 0,
                                                      "Local Dirtied Blocks": 0,
                                                      "Local Written Blocks": 0,
                                                      "Temp Read Blocks": 0,
                                                      "Temp Written Blocks": 0,
                                                      "Workers": [
                                                        {
                                                          "Worker Number": 0,
                                                          "Actual Startup Time": 4.328,
                                                          "Actual Total Time": 27.664,
                                                          "Actual Rows": 7818.0,
                                                          "Actual Loops": 4,
                                                          "Shared Hit Blocks": 1752,
                                                          "Shared Read Blocks": 23240,
                                                          "Shared Dirtied Blocks": 0,
                                                          "Shared Written Blocks": 0,
                                                          "Local Hit Blocks": 0,
                                                          "Local Read Blocks": 0,
                                                          "Local Dirtied Blocks": 0,
                                                          "Local Written Blocks": 0,
                                                          "Temp Read Blocks": 0,
                                                          "Temp Written Blocks": 0
                                                        },
                                                        {
                                                          "Worker Number": 1,
                                                          "Actual Startup Time": 7.523,
                                                          "Actual Total Time": 40.506,
                                                          "Actual Rows": 12957.0,
                                                          "Actual Loops": 2,
                                                          "Shared Hit Blocks": 2949,
                                                          "Shared Read Blocks": 12718,
                                                          "Shared Dirtied Blocks": 0,
                                                          "Shared Written Blocks": 0,
                                                          "Local Hit Blocks": 0,
                                                          "Local Read Blocks": 0,
                                                          "Local Dirtied Blocks": 0,
                                                          "Local Written Blocks": 0,
                                                          "Temp Read Blocks": 0,
                                                          "Temp Written Blocks": 0
                                                        }
                                                      ],
                                                      "Plans": [
                                                        {
                                                          "Node Type": "Bitmap Index Scan",
                                                          "Parent Relationship": "Outer",
                                                          "Parallel Aware": false,
                                                          "Async Capable": false,
                                                          "Index Name": "keyword_id_movie_keyword",
                                                          "Startup Cost": 0.0,
                                                          "Total Cost": 6.73,
                                                          "Plan Rows": 306,
                                                          "Plan Width": 0,
                                                          "Actual Startup Time": 5.072,
                                                          "Actual Total Time": 5.072,
                                                          "Actual Rows": 10959.14,
                                                          "Actual Loops": 7,
                                                          "Disabled": false,
                                                          "Index Cond": "(mk.keyword_id = k.id)",
                                                          "Index Searches": 7,
                                                          "Shared Hit Blocks": 6,
                                                          "Shared Read Blocks": 75,
                                                          "Shared Dirtied Blocks": 0,
                                                          "Shared Written Blocks": 0,
                                                          "Local Hit Blocks": 0,
                                                          "Local Read Blocks": 0,
                                                          "Local Dirtied Blocks": 0,
                                                          "Local Written Blocks": 0,
                                                          "Temp Read Blocks": 0,
                                                          "Temp Written Blocks": 0,
                                                          "Workers": [
                                                            {
                                                              "Worker Number": 0,
                                                              "Actual Startup Time": 3.774,
                                                              "Actual Total Time": 3.774,
                                                              "Actual Rows": 7818.0,
                                                              "Actual Loops": 4,
                                                              "Shared Hit Blocks": 2,
                                                              "Shared Read Blocks": 34,
                                                              "Shared Dirtied Blocks": 0,
                                                              "Shared Written Blocks": 0,
                                                              "Local Hit Blocks": 0,
                                                              "Local Read Blocks": 0,
                                                              "Local Dirtied Blocks": 0,
                                                              "Local Written Blocks": 0,
                                                              "Temp Read Blocks": 0,
                                                              "Temp Written Blocks": 0
                                                            },
                                                            {
                                                              "Worker Number": 1,
                                                              "Actual Startup Time": 6.647,
                                                              "Actual Total Time": 6.647,
                                                              "Actual Rows": 12957.0,
                                                              "Actual Loops": 2,
                                                              "Shared Hit Blocks": 2,
                                                              "Shared Read Blocks": 25,
                                                              "Shared Dirtied Blocks": 0,
                                                              "Shared Written Blocks": 0,
                                                              "Local Hit Blocks": 0,
                                                              "Local Read Blocks": 0,
                                                              "Local Dirtied Blocks": 0,
                                                              "Local Written Blocks": 0,
                                                              "Temp Read Blocks": 0,
                                                              "Temp Written Blocks": 0
                                                            }
                                                          ]
                                                        }
                                                      ]
                                                    }
                                                  ]
                                                },
                                                {
                                                  "Node Type": "Index Scan",
                                                  "Parent Relationship": "Inner",
                                                  "Parallel Aware": false,
                                                  "Async Capable": false,
                                                  "Scan Direction": "Forward",
                                                  "Index Name": "movie_id_movie_info_idx",
                                                  "Relation Name": "movie_info_idx",
                                                  "Schema": "public",
                                                  "Alias": "mi_idx",
                                                  "Startup Cost": 0.43,
                                                  "Total Cost": 1.08,
                                                  "Plan Rows": 3,
                                                  "Plan Width": 13,
                                                  "Actual Startup Time": 0.008,
                                                  "Actual Total Time": 0.008,
                                                  "Actual Rows": 2.5,
                                                  "Actual Loops": 76714,
                                                  "Disabled": false,
                                                  "Output": [
                                                    "mi_idx.id",
                                                    "mi_idx.movie_id",
                                                    "mi_idx.info_type_id",
                                                    "mi_idx.info",
                                                    "mi_idx.note"
                                                  ],
                                                  "Index Cond": "(mi_idx.movie_id = mk.movie_id)",
                                                  "Rows Removed by Index Recheck": 0,
                                                  "Index Searches": 76714,
                                                  "Shared Hit Blocks": 262248,
                                                  "Shared Read Blocks": 32715,
                                                  "Shared Dirtied Blocks": 0,
                                                  "Shared Written Blocks": 0,
                                                  "Local Hit Blocks": 0,
                                                  "Local Read Blocks": 0,
                                                  "Local Dirtied Blocks": 0,
                                                  "Local Written Blocks": 0,
                                                  "Temp Read Blocks": 0,
                                                  "Temp Written Blocks": 0,
                                                  "Workers": [
                                                    {
                                                      "Worker Number": 0,
                                                      "Actual Startup Time": 0.008,
                                                      "Actual Total Time": 0.008,
                                                      "Actual Rows": 2.65,
                                                      "Actual Loops": 31272,
                                                      "Shared Hit Blocks": 103856,
                                                      "Shared Read Blocks": 18062,
                                                      "Shared Dirtied Blocks": 0,
                                                      "Shared Written Blocks": 0,
                                                      "Local Hit Blocks": 0,
                                                      "Local Read Blocks": 0,
                                                      "Local Dirtied Blocks": 0,
                                                      "Local Written Blocks": 0,
                                                      "Temp Read Blocks": 0,
                                                      "Temp Written Blocks": 0
                                                    },
                                                    {
                                                      "Worker Number": 1,
                                                      "Actual Startup Time": 0.007,
                                                      "Actual Total Time": 0.008,
                                                      "Actual Rows": 2.29,
                                                      "Actual Loops": 25914,
                                                      "Shared Hit Blocks": 88821,
                                                      "Shared Read Blocks": 8895,
                                                      "Shared Dirtied Blocks": 0,
                                                      "Shared Written Blocks": 0,
                                                      "Local Hit Blocks": 0,
                                                      "Local Read Blocks": 0,
                                                      "Local Dirtied Blocks": 0,
                                                      "Local Written Blocks": 0,
                                                      "Temp Read Blocks": 0,
                                                      "Temp Written Blocks": 0
                                                    }
                                                  ]
                                                }
                                              ]
                                            },
                                            {
                                              "Node Type": "Hash",
                                              "Parent Relationship": "Inner",
                                              "Parallel Aware": false,
                                              "Async Capable": false,
                                              "Startup Cost": 2.41,
                                              "Total Cost": 2.41,
                                              "Plan Rows": 1,
                                              "Plan Width": 4,
                                              "Actual Startup Time": 0.353,
                                              "Actual Total Time": 0.353,
                                              "Actual Rows": 1.0,
                                              "Actual Loops": 3,
                                              "Disabled": false,
                                              "Output": [
                                                "it2.id"
                                              ],
                                              "Hash Buckets": 1024,
                                              "Original Hash Buckets": 1024,
                                              "Hash Batches": 1,
                                              "Original Hash Batches": 1,
                                              "Peak Memory Usage": 9,
                                              "Shared Hit Blocks": 40,
                                              "Shared Read Blocks": 3,
                                              "Shared Dirtied Blocks": 0,
                                              "Shared Written Blocks": 0,
                                              "Local Hit Blocks": 0,
                                              "Local Read Blocks": 0,
                                              "Local Dirtied Blocks": 0,
                                              "Local Written Blocks": 0,
                                              "Temp Read Blocks": 0,
                                              "Temp Written Blocks": 0,
                                              "Workers": [
                                                {
                                                  "Worker Number": 0,
                                                  "Actual Startup Time": 0.543,
                                                  "Actual Total Time": 0.543,
                                                  "Actual Rows": 1.0,
                                                  "Actual Loops": 1,
                                                  "Shared Hit Blocks": 18,
                                                  "Shared Read Blocks": 3,
                                                  "Shared Dirtied Blocks": 0,
                                                  "Shared Written Blocks": 0,
                                                  "Local Hit Blocks": 0,
                                                  "Local Read Blocks": 0,
                                                  "Local Dirtied Blocks": 0,
                                                  "Local Written Blocks": 0,
                                                  "Temp Read Blocks": 0,
                                                  "Temp Written Blocks": 0
                                                },
                                                {
                                                  "Worker Number": 1,
                                                  "Actual Startup Time": 0.494,
                                                  "Actual Total Time": 0.494,
                                                  "Actual Rows": 1.0,
                                                  "Actual Loops": 1,
                                                  "Shared Hit Blocks": 21,
                                                  "Shared Read Blocks": 0,
                                                  "Shared Dirtied Blocks": 0,
                                                  "Shared Written Blocks": 0,
                                                  "Local Hit Blocks": 0,
                                                  "Local Read Blocks": 0,
                                                  "Local Dirtied Blocks": 0,
                                                  "Local Written Blocks": 0,
                                                  "Temp Read Blocks": 0,
                                                  "Temp Written Blocks": 0
                                                }
                                              ],
                                              "Plans": [
                                                {
                                                  "Node Type": "Seq Scan",
                                                  "Parent Relationship": "Outer",
                                                  "Parallel Aware": false,
                                                  "Async Capable": false,
                                                  "Relation Name": "info_type",
                                                  "Schema": "public",
                                                  "Alias": "it2",
                                                  "Startup Cost": 0.0,
                                                  "Total Cost": 2.41,
                                                  "Plan Rows": 1,
                                                  "Plan Width": 4,
                                                  "Actual Startup Time": 0.339,
                                                  "Actual Total Time": 0.34,
                                                  "Actual Rows": 1.0,
                                                  "Actual Loops": 3,
                                                  "Disabled": false,
                                                  "Output": [
                                                    "it2.id"
                                                  ],
                                                  "Filter": "((it2.info)::text = 'votes'::text)",
                                                  "Rows Removed by Filter": 112,
                                                  "Shared Hit Blocks": 40,
                                                  "Shared Read Blocks": 3,
                                                  "Shared Dirtied Blocks": 0,
                                                  "Shared Written Blocks": 0,
                                                  "Local Hit Blocks": 0,
                                                  "Local Read Blocks": 0,
                                                  "Local Dirtied Blocks": 0,
                                                  "Local Written Blocks": 0,
                                                  "Temp Read Blocks": 0,
                                                  "Temp Written Blocks": 0,
                                                  "Workers": [
                                                    {
                                                      "Worker Number": 0,
                                                      "Actual Startup Time": 0.518,
                                                      "Actual Total Time": 0.518,
                                                      "Actual Rows": 1.0,
                                                      "Actual Loops": 1,
                                                      "Shared Hit Blocks": 18,
                                                      "Shared Read Blocks": 3,
                                                      "Shared Dirtied Blocks": 0,
                                                      "Shared Written Blocks": 0,
                                                      "Local Hit Blocks": 0,
                                                      "Local Read Blocks": 0,
                                                      "Local Dirtied Blocks": 0,
                                                      "Local Written Blocks": 0,
                                                      "Temp Read Blocks": 0,
                                                      "Temp Written Blocks": 0
                                                    },
                                                    {
                                                      "Worker Number": 1,
                                                      "Actual Startup Time": 0.48,
                                                      "Actual Total Time": 0.481,
                                                      "Actual Rows": 1.0,
                                                      "Actual Loops": 1,
                                                      "Shared Hit Blocks": 21,
                                                      "Shared Read Blocks": 0,
                                                      "Shared Dirtied Blocks": 0,
                                                      "Shared Written Blocks": 0,
                                                      "Local Hit Blocks": 0,
                                                      "Local Read Blocks": 0,
                                                      "Local Dirtied Blocks": 0,
                                                      "Local Written Blocks": 0,
                                                      "Temp Read Blocks": 0,
                                                      "Temp Written Blocks": 0
                                                    }
                                                  ]
                                                }
                                              ]
                                            }
                                          ]
                                        },
                                        {
                                          "Node Type": "Index Scan",
                                          "Parent Relationship": "Inner",
                                          "Parallel Aware": false,
                                          "Async Capable": false,
                                          "Scan Direction": "Forward",
                                          "Index Name": "movie_id_movie_companies",
                                          "Relation Name": "movie_companies",
                                          "Schema": "public",
                                          "Alias": "mc",
                                          "Startup Cost": 0.43,
                                          "Total Cost": 2.13,
                                          "Plan Rows": 5,
                                          "Plan Width": 8,
                                          "Actual Startup Time": 0.025,
                                          "Actual Total Time": 0.039,
                                          "Actual Rows": 9.39,
                                          "Actual Loops": 63701,
                                          "Disabled": false,
                                          "Output": [
                                            "mc.id",
                                            "mc.movie_id",
                                            "mc.company_id",
                                            "mc.company_type_id",
                                            "mc.note"
                                          ],
                                          "Index Cond": "(mc.movie_id = mk.movie_id)",
                                          "Rows Removed by Index Recheck": 0,
                                          "Index Searches": 63701,
                                          "Shared Hit Blocks": 249472,
                                          "Shared Read Blocks": 60725,
                                          "Shared Dirtied Blocks": 0,
                                          "Shared Written Blocks": 0,
                                          "Local Hit Blocks": 0,
                                          "Local Read Blocks": 0,
                                          "Local Dirtied Blocks": 0,
                                          "Local Written Blocks": 0,
                                          "Temp Read Blocks": 0,
                                          "Temp Written Blocks": 0,
                                          "Workers": [
                                            {
                                              "Worker Number": 0,
                                              "Actual Startup Time": 0.026,
                                              "Actual Total Time": 0.042,
                                              "Actual Rows": 11.04,
                                              "Actual Loops": 27497,
                                              "Shared Hit Blocks": 102705,
                                              "Shared Read Blocks": 32607,
                                              "Shared Dirtied Blocks": 0,
                                              "Shared Written Blocks": 0,
                                              "Local Hit Blocks": 0,
                                              "Local Read Blocks": 0,
                                              "Local Dirtied Blocks": 0,
                                              "Local Written Blocks": 0,
                                              "Temp Read Blocks": 0,
                                              "Temp Written Blocks": 0
                                            },
                                            {
                                              "Worker Number": 1,
                                              "Actual Startup Time": 0.033,
                                              "Actual Total Time": 0.052,
                                              "Actual Rows": 7.63,
                                              "Actual Loops": 19738,
                                              "Shared Hit Blocks": 78056,
                                              "Shared Read Blocks": 16356,
                                              "Shared Dirtied Blocks": 0,
                                              "Shared Written Blocks": 0,
                                              "Local Hit Blocks": 0,
                                              "Local Read Blocks": 0,
                                              "Local Dirtied Blocks": 0,
                                              "Local Written Blocks": 0,
                                              "Temp Read Blocks": 0,
                                              "Temp Written Blocks": 0
                                            }
                                          ]
                                        }
                                      ]
                                    },
                                    {
                                      "Node Type": "Index Scan",
                                      "Parent Relationship": "Inner",
                                      "Parallel Aware": false,
                                      "Async Capable": false,
                                      "Scan Direction": "Forward",
                                      "Index Name": "company_name_pkey",
                                      "Relation Name": "company_name",
                                      "Schema": "public",
                                      "Alias": "cn",
                                      "Startup Cost": 0.42,
                                      "Total Cost": 0.98,
                                      "Plan Rows": 1,
                                      "Plan Width": 4,
                                      "Actual Startup Time": 0.002,
                                      "Actual Total Time": 0.002,
                                      "Actual Rows": 0.0,
                                      "Actual Loops": 598256,
                                      "Disabled": false,
                                      "Output": [
                                        "cn.id",
                                        "cn.name",
                                        "cn.country_code",
                                        "cn.imdb_id",
                                        "cn.name_pcode_nf",
                                        "cn.name_pcode_sf",
                                        "cn.md5sum"
                                      ],
                                      "Index Cond": "(cn.id = mc.company_id)",
                                      "Rows Removed by Index Recheck": 0,
                                      "Filter": "(cn.name ~~ 'Lionsgate%'::text)",
                                      "Rows Removed by Filter": 1,
                                      "Index Searches": 598256,
                                      "Shared Hit Blocks": 2378559,
                                      "Shared Read Blocks": 14467,
                                      "Shared Dirtied Blocks": 0,
                                      "Shared Written Blocks": 0,
                                      "Local Hit Blocks": 0,
                                      "Local Read Blocks": 0,
                                      "Local Dirtied Blocks": 0,
                                      "Local Written Blocks": 0,
                                      "Temp Read Blocks": 0,
                                      "Temp Written Blocks": 0,
                                      "Workers": [
                                        {
                                          "Worker Number": 0,
                                          "Actual Startup Time": 0.001,
                                          "Actual Total Time": 0.001,
                                          "Actual Rows": 0.0,
                                          "Actual Loops": 303631,
                                          "Shared Hit Blocks": 1208436,
                                          "Shared Read Blocks": 6089,
                                          "Shared Dirtied Blocks": 0,
                                          "Shared Written Blocks": 0,
                                          "Local Hit Blocks": 0,
                                          "Local Read Blocks": 0,
                                          "Local Dirtied Blocks": 0,
                                          "Local Written Blocks": 0,
                                          "Temp Read Blocks": 0,
                                          "Temp Written Blocks": 0
                                        },
                                        {
                                          "Worker Number": 1,
                                          "Actual Startup Time": 0.002,
                                          "Actual Total Time": 0.002,
                                          "Actual Rows": 0.0,
                                          "Actual Loops": 150542,
                                          "Shared Hit Blocks": 598905,
                                          "Shared Read Blocks": 3264,
                                          "Shared Dirtied Blocks": 0,
                                          "Shared Written Blocks": 0,
                                          "Local Hit Blocks": 0,
                                          "Local Read Blocks": 0,
                                          "Local Dirtied Blocks": 0,
                                          "Local Written Blocks": 0,
                                          "Temp Read Blocks": 0,
                                          "Temp Written Blocks": 0
                                        }
                                      ]
                                    }
                                  ]
                                }
                              ]
                            },
                            {
                              "Node Type": "Index Scan",
                              "Parent Relationship": "Inner",
                              "Parallel Aware": false,
                              "Async Capable": false,
                              "Scan Direction": "Forward",
                              "Index Name": "movie_id_cast_info",
                              "Relation Name": "cast_info",
                              "Schema": "public",
                              "Alias": "ci",
                              "Startup Cost": 0.44,
                              "Total Cost": 22.81,
                              "Plan Rows": 1,
                              "Plan Width": 8,
                              "Actual Startup Time": 0.966,
                              "Actual Total Time": 1.196,
                              "Actual Rows": 0.95,
                              "Actual Loops": 1547,
                              "Disabled": false,
                              "Output": [
                                "ci.id",
                                "ci.person_id",
                                "ci.movie_id",
                                "ci.person_role_id",
                                "ci.note",
                                "ci.nr_order",
                                "ci.role_id"
                              ],
                              "Index Cond": "(ci.movie_id = mk.movie_id)",
                              "Rows Removed by Index Recheck": 0,
                              "Filter": "(ci.note = ANY ('{(writer),\"(head writer)\",\"(written by)\",(story),\"(story editor)\"}'::text[]))",
                              "Rows Removed by Filter": 119,
                              "Index Searches": 1547,
                              "Shared Hit Blocks": 129545,
                              "Shared Read Blocks": 54523,
                              "Shared Dirtied Blocks": 0,
                              "Shared Written Blocks": 0,
                              "Local Hit Blocks": 0,
                              "Local Read Blocks": 0,
                              "Local Dirtied Blocks": 0,
                              "Local Written Blocks": 0,
                              "Temp Read Blocks": 0,
                              "Temp Written Blocks": 0
                            }
                          ]
                        },
                        {
                          "Node Type": "Index Scan",
                          "Parent Relationship": "Inner",
                          "Parallel Aware": false,
                          "Async Capable": false,
                          "Scan Direction": "Forward",
                          "Index Name": "movie_id_movie_info",
                          "Relation Name": "movie_info",
                          "Schema": "public",
                          "Alias": "mi",
                          "Startup Cost": 0.43,
                          "Total Cost": 18.69,
                          "Plan Rows": 1,
                          "Plan Width": 50,
                          "Actual Startup Time": 0.382,
                          "Actual Total Time": 0.384,
                          "Actual Rows": 1.1,
                          "Actual Loops": 1471,
                          "Disabled": false,
                          "Output": [
                            "mi.id",
                            "mi.movie_id",
                            "mi.info_type_id",
                            "mi.info",
                            "mi.note"
                          ],
                          "Index Cond": "(mi.movie_id = mk.movie_id)",
                          "Rows Removed by Index Recheck": 0,
                          "Filter": "(mi.info = ANY ('{Horror,Thriller}'::text[]))",
                          "Rows Removed by Filter": 173,
                          "Index Searches": 1471,
                          "Shared Hit Blocks": 27944,
                          "Shared Read Blocks": 7099,
                          "Shared Dirtied Blocks": 0,
                          "Shared Written Blocks": 0,
                          "Local Hit Blocks": 0,
                          "Local Read Blocks": 0,
                          "Local Dirtied Blocks": 0,
                          "Local Written Blocks": 0,
                          "Temp Read Blocks": 0,
                          "Temp Written Blocks": 0
                        }
                      ]
                    },
                    {
                      "Node Type": "Index Scan",
                      "Parent Relationship": "Inner",
                      "Parallel Aware": false,
                      "Async Capable": false,
                      "Scan Direction": "Forward",
                      "Index Name": "info_type_pkey",
                      "Relation Name": "info_type",
                      "Schema": "public",
                      "Alias": "it1",
                      "Startup Cost": 0.14,
                      "Total Cost": 0.16,
                      "Plan Rows": 1,
                      "Plan Width": 4,
                      "Actual Startup Time": 0.001,
                      "Actual Total Time": 0.001,
                      "Actual Rows": 0.96,
                      "Actual Loops": 1616,
                      "Disabled": false,
                      "Output": [
                        "it1.id",
                        "it1.info"
                      ],
                      "Index Cond": "(it1.id = mi.info_type_id)",
                      "Rows Removed by Index Recheck": 0,
                      "Filter": "((it1.info)::text = 'genres'::text)",
                      "Rows Removed by Filter": 0,
                      "Index Searches": 1616,
                      "Shared Hit Blocks": 3232,
                      "Shared Read Blocks": 0,
                      "Shared Dirtied Blocks": 0,
                      "Shared Written Blocks": 0,
                      "Local Hit Blocks": 0,
                      "Local Read Blocks": 0,
                      "Local Dirtied Blocks": 0,
                      "Local Written Blocks": 0,
                      "Temp Read Blocks": 0,
                      "Temp Written Blocks": 0
                    }
                  ]
                },
                {
                  "Node Type": "Index Scan",
                  "Parent Relationship": "Inner",
                  "Parallel Aware": false,
                  "Async Capable": false,
                  "Scan Direction": "Forward",
                  "Index Name": "name_pkey",
                  "Relation Name": "name",
                  "Schema": "public",
                  "Alias": "n",
                  "Startup Cost": 0.43,
                  "Total Cost": 1.34,
                  "Plan Rows": 1,
                  "Plan Width": 19,
                  "Actual Startup Time": 0.04,
                  "Actual Total Time": 0.04,
                  "Actual Rows": 0.82,
                  "Actual Loops": 1556,
                  "Disabled": false,
                  "Output": [
                    "n.id",
                    "n.name",
                    "n.imdb_index",
                    "n.imdb_id",
                    "n.gender",
                    "n.name_pcode_cf",
                    "n.name_pcode_nf",
                    "n.surname_pcode",
                    "n.md5sum"
                  ],
                  "Index Cond": "(n.id = ci.person_id)",
                  "Rows Removed by Index Recheck": 0,
                  "Filter": "((n.gender)::text = 'm'::text)",
                  "Rows Removed by Filter": 0,
                  "Index Searches": 1556,
                  "Shared Hit Blocks": 5305,
                  "Shared Read Blocks": 919,
                  "Shared Dirtied Blocks": 0,
                  "Shared Written Blocks": 0,
                  "Local Hit Blocks": 0,
                  "Local Read Blocks": 0,
                  "Local Dirtied Blocks": 0,
                  "Local Written Blocks": 0,
                  "Temp Read Blocks": 0,
                  "Temp Written Blocks": 0
                }
              ]
            },
            {
              "Node Type": "Index Scan",
              "Parent Relationship": "Inner",
              "Parallel Aware": false,
              "Async Capable": false,
              "Scan Direction": "Forward",
              "Index Name": "title_pkey",
              "Relation Name": "title",
              "Schema": "public",
              "Alias": "t",
              "Startup Cost": 0.43,
              "Total Cost": 1.12,
              "Plan Rows": 1,
              "Plan Width": 21,
              "Actual Startup Time": 0.008,
              "Actual Total Time": 0.008,
              "Actual Rows": 1.0,
              "Actual Loops": 1273,
              "Disabled": false,
              "Output": [
                "t.id",
                "t.title",
                "t.imdb_index",
                "t.kind_id",
                "t.production_year",
                "t.imdb_id",
                "t.phonetic_code",
                "t.episode_of_id",
                "t.season_nr",
                "t.episode_nr",
                "t.series_years",
                "t.md5sum"
              ],
              "Index Cond": "(t.id = mk.movie_id)",
              "Rows Removed by Index Recheck": 0,
              "Index Searches": 1273,
              "Shared Hit Blocks": 4630,
              "Shared Read Blocks": 462,
              "Shared Dirtied Blocks": 0,
              "Shared Written Blocks": 0,
              "Local Hit Blocks": 0,
              "Local Read Blocks": 0,
              "Local Dirtied Blocks": 0,
              "Local Written Blocks": 0,
              "Temp Read Blocks": 0,
              "Temp Written Blocks": 0
            }
          ]
        }
      ]
    },
    "Planning": {
      "Shared Hit Blocks": 235,
      "Shared Read Blocks": 55,
      "Shared Dirtied Blocks": 0,
      "Shared Written Blocks": 0,
      "Local Hit Blocks": 0,
      "Local Read Blocks": 0,
      "Local Dirtied Blocks": 0,
      "Local Written Blocks": 0,
      "Temp Read Blocks": 0,
      "Temp Written Blocks": 0
    },
    "Planning Time": 58.206,
    "Triggers": [],
    "Execution Time": 3225.982
  }
]