[
  {
    "Plan": {
      "Node Type": "Aggregate",
      "Strategy": "Plain",
      "Partial Mode": "Simple",
      "Parallel Aware": false,
      "Async Capable": false,
      "Startup Cost": 9606.72,
      "Total Cost": 9606.73,
      "Plan Rows": 1,
      "Plan Width": 128,
      "Actual Startup Time": 998.433,
      "Actual Total Time": 998.531,
      "Actual Rows": 1.0,
      "Actual Loops": 1,
      "Disabled": false,
      "Output": [
        "min(mi.info)",
        "min(mi_idx.info)",
        "min(n.name)",
        "min(t.title)"
      ],
      "Shared Hit Blocks": 3191105,
      "Shared Read Blocks": 240782,
      "Shared Dirtied Blocks": 0,
      "Shared Written Blocks": 0,
      "Local Hit Blocks": 0,
      "Local Read Blocks": 0,
      "Local Dirtied Blocks": 0,
      "Local Written Blocks": 0,
      "Temp Read Blocks": 0,
      "Temp Written Blocks": 0,
      "Plans": [
        {
          "Node Type": "Nested Loop",
          "Parent Relationship": "Outer",
          "Parallel Aware": false,
          "Async Capable": false,
          "Join Type": "Inner",
          "Startup Cost": 1012.8,
          "Total Cost": 9606.71,
          "Plan Rows": 1,
          "Plan Width": 79,
          "Actual Startup Time": 37.986,
          "Actual Total Time": 998.057,
          "Actual Rows": 2825.0,
          "Actual Loops": 1,
          "Disabled": false,
          "Output": [
            "mi.info",
            "mi_idx.info",
            "n.name",
            "t.title"
          ],
          "Inner Unique": true,
          "Join Filter": "(mi.movie_id = t.id)",
          "Rows Removed by Join Filter": 0,
          "Shared Hit Blocks": 3191105,
          "Shared Read Blocks": 240782,
          "Shared Dirtied Blocks": 0,
          "Shared Written Blocks": 0,
          "Local Hit Blocks": 0,
          "Local Read Blocks": 0,
          "Local Dirtied Blocks": 0,
          "Local Written Blocks": 0,
          "Temp Read Blocks": 0,
          "Temp Written Blocks": 0,
          "Plans": [
            {
              "Node Type": "Nested Loop",
              "Parent Relationship": "Outer",
              "Parallel Aware": false,
              "Async Capable": false,
              "Join Type": "Inner",
              "Startup Cost": 1012.37,
              "Total Cost": 9605.57,
              "Plan Rows": 1,
              "Plan Width": 82,
              "Actual Startup Time": 37.969,
              "Actual Total Time": 991.728,
              "Actual Rows": 2825.0,
              "Actual Loops": 1,
              "Disabled": false,
              "Output": [
                "ci.movie_id",
                "mc.movie_id",
                "mi.info",
                "mi.movie_id",
                "mi_idx.info",
                "mi_idx.movie_id",
                "mk.movie_id",
                "n.name"
              ],
              "Inner Unique": true,
              "Shared Hit Blocks": 3180596,
              "Shared Read Blocks": 239991,
              "Shared Dirtied Blocks": 0,
              "Shared Written Blocks": 0,
              "Local Hit Blocks": 0,
              "Local Read Blocks": 0,
              "Local Dirtied Blocks": 0,
              "Local Written Blocks": 0,
              "Temp Read Blocks": 0,
              "Temp Written Blocks": 0,
              "Plans": [
                {
                  "Node Type": "Nested Loop",
                  "Parent Relationship": "Outer",
                  "Parallel Aware": false,
                  "Async Capable": false,
                  "Join Type": "Inner",
                  "Startup Cost": 1011.94,
                  "Total Cost": 9604.24,
                  "Plan Rows": 1,
                  "Plan Width": 71,
                  "Actual Startup Time": 37.548,
                  "Actual Total Time": 967.478,
                  "Actual Rows": 2825.0,
                  "Actual Loops": 1,
                  "Disabled": false,
                  "Output": [
                    "ci.movie_id",
                    "ci.person_id",
                    "mc.movie_id",
                    "mi.info",
                    "mi.movie_id",
                    "mi_idx.info",
                    "mi_idx.movie_id",
                    "mk.movie_id"
                  ],
                  "Inner Unique": true,
                  "Shared Hit Blocks": 3170621,
                  "Shared Read Blocks": 238666,
                  "Shared Dirtied Blocks": 0,
                  "Shared Written Blocks": 0,
                  "Local Hit Blocks": 0,
                  "Local Read Blocks": 0,
                  "Local Dirtied Blocks": 0,
                  "Local Written Blocks": 0,
                  "Temp Read Blocks": 0,
                  "Temp Written Blocks": 0,
                  "Plans": [
                    {
                      "Node Type": "Nested Loop",
                      "Parent Relationship": "Outer",
                      "Parallel Aware": false,
                      "Async Capable": false,
                      "Join Type": "Inner",
                      "Startup Cost": 1011.8,
                      "Total Cost": 9604.06,
                      "Plan Rows": 1,
                      "Plan Width": 75,
                      "Actual Startup Time": 37.535,
                      "Actual Total Time": 965.042,
                      "Actual Rows": 3007.0,
                      "Actual Loops": 1,
                      "Disabled": false,
                      "Output": [
                        "ci.movie_id",
                        "ci.person_id",
                        "mc.movie_id",
                        "mi.info",
                        "mi.movie_id",
                        "mi.info_type_id",
                        "mi_idx.info",
                        "mi_idx.movie_id",
                        "mk.movie_id"
                      ],
                      "Inner Unique": false,
                      "Join Filter": "(mi.movie_id = mi_idx.movie_id)",
                      "Rows Removed by Join Filter": 0,
                      "Shared Hit Blocks": 3164607,
                      "Shared Read Blocks": 238666,
                      "Shared Dirtied Blocks": 0,
                      "Shared Written Blocks": 0,
                      "Local Hit Blocks": 0,
                      "Local Read Blocks": 0,
                      "Local Dirtied Blocks": 0,
                      "Local Written Blocks": 0,
                      "Temp Read Blocks": 0,
                      "Temp Written Blocks": 0,
                      "Plans": [
                        {
                          "Node Type": "Nested Loop",
                          "Parent Relationship": "Outer",
                          "Parallel Aware": false,
                          "Async Capable": false,
                          "Join Type": "Inner",
                          "Startup Cost": 1011.37,
                          "Total Cost": 9585.15,
                          "Plan Rows": 1,
                          "Plan Width": 25,
                          "Actual Startup Time": 18.583,
                          "Actual Total Time": 859.783,
                          "Actual Rows": 1471.0,
                          "Actual Loops": 1,
                          "Disabled": false,
                          "Output": [
                            "ci.movie_id",
                            "ci.person_id",
                            "mc.movie_id",
                            "mi_idx.info",
                            "mi_idx.movie_id",
                            "mk.movie_id"
                          ],
                          "Inner Unique": false,
                          "Join Filter": "(ci.movie_id = mi_idx.movie_id)",
                          "Rows Removed by Join Filter": 0,
                          "Shared Hit Blocks": 3138773,
                          "Shared Read Blocks": 229457,
                          "Shared Dirtied Blocks": 0,
                          "Shared Written Blocks": 0,
                          "Local Hit Blocks": 0,
                          "Local Read Blocks": 0,
                          "Local Dirtied Blocks": 0,
                          "Local Written Blocks": 0,
                          "Temp Read Blocks": 0,
                          "Temp Written Blocks": 0,
                          "Plans": [
                            {
                              "Node Type": "Gather",
                              "Parent Relationship": "Outer",
                              "Parallel Aware": false,
                              "Async Capable": false,
                              "Startup Cost": 1010.93,
                              "Total Cost": 9562.33,
                              "Plan Rows": 1,
                              "Plan Width": 17,
                              "Actual Startup Time": 18.448,
                              "Actual Total Time": 450.929,
                              "Actual Rows": 1547.0,
                              "Actual Loops": 1,
                              "Disabled": false,
                              "Output": [
                                "mc.movie_id",
                                "mi_idx.info",
                                "mi_idx.movie_id",
                                "mk.movie_id"
                              ],
                              "Workers Planned": 2,
                              "Workers Launched": 2,
                              "Single Copy": false,
                              "Shared Hit Blocks": 3026177,
                              "Shared Read Blocks": 157985,
                              "Shared Dirtied Blocks": 0,
                              "Shared Written Blocks": 0,
                              "Local Hit Blocks": 0,
                              "Local Read Blocks": 0,
                              "Local Dirtied Blocks": 0,
                              "Local Written Blocks": 0,
                              "Temp Read Blocks": 0,
                              "Temp Written Blocks": 0,
                              "Plans": [
                                {
                                  "Node Type": "Nested Loop",
                                  "Parent Relationship": "Outer",
                                  "Parallel Aware": false,
                                  "Async Capable": false,
                                  "Join Type": "Inner",
                                  "Startup Cost": 10.93,
                                  "Total Cost": 8562.23,
                                  "Plan Rows": 1,
                                  "Plan Width": 17,
                                  "Actual Startup Time": 11.264,
                                  "Actual Total Time": 577.362,
                                  "Actual Rows": 515.67,
                                  "Actual Loops": 3,
                                  "Disabled": false,
                                  "Output": [
                                    "mc.movie_id",
                                    "mi_idx.info",
                                    "mi_idx.movie_id",
                                    "mk.movie_id"
                                  ],
                                  "Inner Unique": true,
                                  "Shared Hit Blocks": 3026177,
                                  "Shared Read Blocks": 157985,
                                  "Shared Dirtied Blocks": 0,
                                  "Shared Written Blocks": 0,
                                  "Local Hit Blocks": 0,
                                  "Local Read Blocks": 0,
                                  "Local Dirtied Blocks": 0,
                                  "Local Written Blocks": 0,
                                  "Temp Read Blocks": 0,
                                  "Temp Written Blocks": 0,
                                  "Workers": [
                                    {
                                      "Worker Number": 0,
                                      "Actual Startup Time": 9.497,
                                      "Actual Total Time": 860.025,
                                      "Actual Rows": 964.0,
                                      "Actual Loops": 1,
                                      "Shared Hit Blocks": 1407493,
                                      "Shared Read Blocks": 89938,
                                      "Shared Dirtied Blocks": 0,
                                      "Shared Written Blocks": 0,
                                      "Local Hit Blocks": 0,
                                      "Local Read Blocks": 0,
                                      "Local Dirtied Blocks": 0,
                                      "Local Written Blocks": 0,
                                      "Temp Read Blocks": 0,
                                      "Temp Written Blocks": 0
                                    },
                                    {
                                      "Worker Number": 1,
                                      "Actual Startup Time": 6.027,
                                      "Actual Total Time": 499.421,
                                      "Actual Rows": 281.0,
                                      "Actual Loops": 1,
                                      "Shared Hit Blocks": 901409,
                                      "Shared Read Blocks": 40493,
                                      "Shared Dirtied Blocks": 0,
                                      "Shared Written Blocks": 0,
                                      "Local Hit Blocks": 0,
                                      "Local Read Blocks": 0,
                                      "Local Dirtied Blocks": 0,
                                      "Local Written Blocks": 0,
                                      "Temp Read Blocks": 0,
                                      "Temp Written Blocks": 0
                                    }
                                  ],
                                  "Plans": [
                                    {
                                      "Node Type": "Nested Loop",
                                      "Parent Relationship": "Outer",
                                      "Parallel Aware": false,
                                      "Async Capable": false,
                                      "Join Type": "Inner",
                                      "Startup Cost": 10.51,
                                      "Total Cost": 8548.44,
                                      "Plan Rows": 14,
                                      "Plan Width": 21,
                                      "Actual Startup Time": 2.417,
                                      "Actual Total Time": 285.842,
                                      "Actual Rows": 199418.67,
                                      "Actual Loops": 3,
                                      "Disabled": false,
                                      "Output": [
                                        "mi_idx.info",
                                        "mi_idx.movie_id",
                                        "mc.movie_id",
                                        "mc.company_id",
                                        "mk.movie_id"
                                      ],
                                      "Inner Unique": false,
                                      "Join Filter": "(mc.movie_id = mi_idx.movie_id)",
                                      "Rows Removed by Join Filter": 0,
                                      "Shared Hit Blocks": 648421,
                                      "Shared Read Blocks": 142715,
                                      "Shared Dirtied Blocks": 0,
                                      "Shared Written Blocks": 0,
                                      "Local Hit Blocks": 0,
                                      "Local Read Blocks": 0,
                                      "Local Dirtied Blocks": 0,
                                      "Local Written Blocks": 0,
                                      "Temp Read Blocks": 0,
                                      "Temp Written Blocks": 0,
                                      "Workers": [
                                        {
                                          "Worker Number": 0,
                                          "Actual Startup Time": 1.865,
                                          "Actual Total Time": 423.722,
                                          "Actual Rows": 303631.0,
                                          "Actual Loops": 1,
                                          "Shared Hit Blocks": 201885,
                                          "Shared Read Blocks": 81021,
                                          "Shared Dirtied Blocks": 0,
                                          "Shared Written Blocks": 0,
                                          "Local Hit Blocks": 0,
                                          "Local Read Blocks": 0,
                                          "Local Dirtied Blocks": 0,
                                          "Local Written Blocks": 0,
                                          "Temp Read Blocks": 0,
                                          "Temp Written Blocks": 0
                                        },
                                        {
                                          "Worker Number": 1,
                                          "Actual Startup Time": 3.042,
                                          "Actual Total Time": 267.367,
                                          "Actual Rows": 150542.0,
                                          "Actual Loops": 1,
                                          "Shared Hit Blocks": 302594,
                                          "Shared Read Blocks": 37139,
                                          "Shared Dirtied Blocks": 0,
                                          "Shared Written Blocks": 0,
                                          "Local Hit Blocks": 0,
                                          "Local Read Blocks": 0,
                                          "Local Dirtied Blocks": 0,
                                          "Local Written Blocks": 0,
                                          "Temp Read Blocks": 0,
                                          "Temp Written Blocks": 0
                                        }
                                      ],
                                      "Plans": [
                                        {
                                          "Node Type": "Hash Join",
                                          "Parent Relationship": "Outer",
                                          "Parallel Aware": false,
                                          "Async Capable": false,
                                          "Join Type": "Inner",
                                          "Startup Cost": 10.08,
                                          "Total Cost": 8544.06,
                                          "Plan Rows": 2,
                                          "Plan Width": 13,
                                          "Actual Startup Time": 2.377,
                                          "Actual Total Time": 152.789,
                                          "Actual Rows": 21233.67,
                                          "Actual Loops": 3,
                                          "Disabled": false,
                                          "Output": [
                                            "mi_idx.info",
                                            "mi_idx.movie_id",
                                            "mk.movie_id"
                                          ],
                                          "Inner Unique": true,
                                          "Hash Cond": "(mi_idx.info_type_id = it2.id)",
                                          "Shared Hit Blocks": 398957,
                                          "Shared Read Blocks": 81982,
                                          "Shared Dirtied Blocks": 0,
                                          "Shared Written Blocks": 0,
                                          "Local Hit Blocks": 0,
                                          "Local Read Blocks": 0,
                                          "Local Dirtied Blocks": 0,
                                          "Local Written Blocks": 0,
                                          "Temp Read Blocks": 0,
                                          "Temp Written Blocks": 0,
                                          "Workers": [
                                            {
                                              "Worker Number": 0,
                                              "Actual Startup Time": 1.823,
                                              "Actual Total Time": 215.882,
                                              "Actual Rows": 27497.0,
                                              "Actual Loops": 1,
                                              "Shared Hit Blocks": 102849,
                                              "Shared Read Blocks": 44745,
                                              "Shared Dirtied Blocks": 0,
                                              "Shared Written Blocks": 0,
                                              "Local Hit Blocks": 0,
                                              "Local Read Blocks": 0,
                                              "Local Dirtied Blocks": 0,
                                              "Local Written Blocks": 0,
                                              "Temp Read Blocks": 0,
                                              "Temp Written Blocks": 0
                                            },
                                            {
                                              "Worker Number": 1,
                                              "Actual Startup Time": 2.978,
                                              "Actual Total Time": 157.907,
                                              "Actual Rows": 19738.0,
                                              "Actual Loops": 1,
                                              "Shared Hit Blocks": 222771,
                                              "Shared Read Blocks": 22550,
                                              "Shared Dirtied Blocks": 0,
                                              "Shared Written Blocks": 0,
                                              "Local Hit Blocks": 0,
                                              "Local Read Blocks": 0,
                                              "Local Dirtied Blocks": 0,
                                              "Local Written Blocks": 0,
                                              "Temp Read Blocks": 0,
                                              "Temp Written Blocks": 0
                                            }
                                          ],
                                          "Plans": [
                                            {
                                              "Node Type": "Nested Loop",
                                              "Parent Relationship": "Outer",
                                              "Parallel Aware": false,
                                              "Async Capable": false,
                                              "Join Type": "Inner",
                                              "Startup Cost": 7.65,
                                              "Total Cost": 8540.83,
                                              "Plan Rows": 294,
                                              "Plan Width": 17,
                                              "Actual Startup Time": 2.232,
                                              "Actual Total Time": 147.846,
                                              "Actual Rows": 63896.33,
                                              "Actual Loops": 3,
                                              "Disabled": false,
                                              "Output": [
                                                "mk.movie_id",
                                                "mi_idx.info",
                                                "mi_idx.movie_id",
                                                "mi_idx.info_type_id"
                                              ],
                                              "Inner Unique": false,
                                              "Shared Hit Blocks": 398917,
                                              "Shared Read Blocks": 81979,
                                              "Shared Dirtied Blocks": 0,
                                              "Shared Written Blocks": 0,
                                              "Local Hit Blocks": 0,
                                              "Local Read Blocks": 0,
                                              "Local Dirtied Blocks": 0,
                                              "Local Written Blocks": 0,
                                              "Temp Read Blocks": 0,
                                              "Temp Written Blocks": 0,
                                              "Workers": [
                                                {
                                                  "Worker Number": 0,
                                                  "Actual Startup Time": 1.618,
                                                  "Actual Total Time": 208.841,
                                                  "Actual Rows": 82850.0,
                                                  "Actual Loops": 1,
                                                  "Shared Hit Blocks": 102828,
                                                  "Shared Read Blocks": 44745,
                                                  "Shared Dirtied Blocks": 0,
                                                  "Shared Written Blocks": 0,
                                                  "Local Hit Blocks": 0,
                                                  "Local Read Blocks": 0,
                                                  "Local Dirtied Blocks": 0,
                                                  "Local Written Blocks": 0,
                                                  "Temp Read Blocks": 0,
                                                  "Temp Written Blocks": 0
                                                },
                                                {
                                                  "Worker Number": 1,
                                                  "Actual Startup Time": 2.78,
                                                  "Actual Total Time": 153.655,
                                                  "Actual Rows": 59302.0,
                                                  "Actual Loops": 1,
                                                  "Shared Hit Blocks": 222753,
                                                  "Shared Read Blocks": 22547,
                                                  "Shared Dirtied Blocks": 0,
                                                  "Shared Written Blocks": 0,
                                                  "Local Hit Blocks": 0,
                                                  "Local Read Blocks": 0,
                                                  "Local Dirtied Blocks": 0,
                                                  "Local Written Blocks": 0,
                                                  "Temp Read Blocks": 0,
                                                  "Temp Written Blocks": 0
                                                }
                                              ],
                                              "Plans": [
                                                {
                                                  "Node Type": "Nested Loop",
                                                  "Parent Relationship": "Outer",
                                                  "Parallel Aware": false,
                                                  "Async Capable": false,
                                                  "Join Type": "Inner",
                                                  "Startup Cost": 7.22,
                                                  "Total Cost": 8432.43,
                                                  "Plan Rows": 98,
                                                  "Plan Width": 4,
                                                  "Actual Startup Time": 2.182,
                                                  "Actual Total Time": 63.434,
                                                  "Actual Rows": 25571.33,
                                                  "Actual Loops": 3,
                                                  "Disabled": false,
                                                  "Output": [
                                                    "mk.movie_id"
                                                  ],
                                                  "Inner Unique": false,
                                                  "Shared Hit Blocks": 136682,
                                                  "Shared Read Blocks": 49251,
                                                  "Shared Dirtied Blocks": 0,
                                                  "Shared Written Blocks": 0,
                                                  "Local Hit Blocks": 0,
                                                  "Local Read Blocks": 0,
                                                  "Local Dirtied Blocks": 0,
                                                  "Local Written Blocks": 0,
                                                  "Temp Read Blocks": 0,
                                                  "Temp Written Blocks": 0,
                                                  "Workers": [
                                                    {
                                                      "Worker Number": 0,
                                                      "Actual Startup Time": 1.561,
                                                      "Actual Total Time": 81.141,
                                                      "Actual Rows": 31272.0,
                                                      "Actual Loops": 1,
                                                      "Shared Hit Blocks": 1473,
                                                      "Shared Read Blocks": 24182,
                                                      "Shared Dirtied Blocks": 0,
                                                      "Shared Written Blocks": 0,
                                                      "Local Hit Blocks": 0,
                                                      "Local Read Blocks": 0,
                                                      "Local Dirtied Blocks": 0,
                                                      "Local Written Blocks": 0,
                                                      "Temp Read Blocks": 0,
                                                      "Temp Written Blocks": 0
                                                    },
                                                    {
                                                      "Worker Number": 1,
                                                      "Actual Startup Time": 2.704,
                                                      "Actual Total Time": 80.238,
                                                      "Actual Rows": 25914.0,
                                                      "Actual Loops": 1,
                                                      "Shared Hit Blocks": 132615,
                                                      "Shared Read Blocks": 14969,
                                                      "Shared Dirtied Blocks": 0,
                                                      "Shared Written Blocks": 0,
                                                      "Local Hit Blocks": 0,
                                                      "Local Read Blocks": 0,
                                                      "Local Dirtied Blocks": 0,
                                                      "Local Written Blocks": 0,
                                                      "Temp Read Blocks": 0,
                                                      "Temp Written Blocks": 0
                                                    }
                                                  ],
                                                  "Plans": [
                                                    {
                                                      "Node Type": "Index Scan",
                                                      "Parent Relationship": "Outer",
                                                      "Parallel Aware": true,
                                                      "Async Capable": false,
                                                      "Scan Direction": "Forward",
                                                      "Index Name": "keyword_pkey",
                                                      "Relation Name": "keyword",
                                                      "Schema": "public",
                                                      "Alias": "k",
                                                      "Startup Cost": 0.42,
                                                      "Total Cost": 5153.33,
                                                      "Plan Rows": 3,
                                                      "Plan Width": 4,
                                                      "Actual Startup Time": 0.189,
                                                      "Actual Total Time": 11.697,
                                                      "Actual Rows": 2.33,
                                                      "Actual Loops": 3,
                                                      "Disabled": false,
                                                      "Output": [
                                                        "k.id",
                                                        "k.keyword",
                                                        "k.phonetic_code"
                                                      ],
                                                      "Filter": "(k.keyword = ANY ('{murder,violence,blood,gore,death,female-nudity,hospital}'::text[]))",
                                                      "Rows Removed by Filter": 44721,
                                                      "Index Searches": 1,
                                                      "Shared Hit Blocks": 131063,
                                                      "Shared Read Blocks": 1558,
                                                      "Shared Dirtied Blocks": 0,
                                                      "Shared Written Blocks": 0,
                                                      "Local Hit Blocks": 0,
                                                      "Local Read Blocks": 0,
                                                      "Local Dirtied Blocks": 0,
                                                      "Local Written Blocks": 0,
                                                      "Temp Read Blocks": 0,
                                                      "Temp Written Blocks": 0,
                                                      "Workers": [
                                                        {
                                                          "Worker Number": 0,
                                                          "Actual Startup Time": 0.269,
                                                          "Actual Total Time": 0.467,
                                                          "Actual Rows": 4.0,
                                                          "Actual Loops": 1,
                                                          "Shared Hit Blocks": 562,
                                                          "Shared Read Blocks": 17,
                                                          "Shared Dirtied Blocks": 0,
                                                          "Shared Written Blocks": 0,
                                                          "Local Hit Blocks": 0,
                                                          "Local Read Blocks": 0,
                                                          "Local Dirtied Blocks": 0,
                                                          "Local Written Blocks": 0,
                                                          "Temp Read Blocks": 0,
                                                          "Temp Written Blocks": 0
                                                        },
                                                        {
                                                          "Worker Number": 1,
                                                          "Actual Startup Time": 0.188,
                                                          "Actual Total Time": 34.3,
                                                          "Actual Rows": 2.0,
                                                          "Actual Loops": 1,
                                                          "Shared Hit Blocks": 130269,
                                                          "Shared Read Blocks": 1484,
                                                          "Shared Dirtied Blocks": 0,
                                                          "Shared Written Blocks": 0,
                                                          "Local Hit Blocks": 0,
                                                          "Local Read Blocks": 0,
                                                          "Local Dirtied Blocks": 0,
                                                          "Local Written Blocks": 0,
                                                          "Temp Read Blocks": 0,
                                                          "Temp Written Blocks": 0
                                                        }
                                                      ]
                                                    },
                                                    {
                                                      "Node Type": "Bitmap Heap Scan",
                                                      "Parent Relationship": "Inner",
                                                      "Parallel Aware": false,
                                                      "Async Capable": false,
                                                      "Relation Name": "movie_keyword",
                                                      "Schema": "public",
                                                      "Alias": "mk",
                                                      "Startup Cost": 6.8,
                                                      "Total Cost": 1089.97,
                                                      "Plan Rows": 306,
                                                      "Plan Width": 8,
                                                      "Actual Startup Time": 1.428,
                                                      "Actual Total Time": 21.554,
                                                      "Actual Rows": 10959.14,
                                                      "Actual Loops": 7,
                                                      "Disabled": false,
                                                      "Output": [
                                                        "mk.id",
                                                        "mk.movie_id",
                                                        "mk.keyword_id"
                                                      ],
                                                      "Recheck Cond": "(k.id = mk.keyword_id)",
                                                      "Rows Removed by Index Recheck": 0,
                                                      "Exact Heap Blocks": 12389,
                                                      "Lossy Heap Blocks": 0,
                                                      "Shared Hit Blocks": 5619,
                                                      "Shared Read Blocks": 47693,
                                                      "Shared Dirtied Blocks": 0,
                                                      "Shared Written Blocks": 0,
                                                      "Local Hit Blocks": 0,
                                                      "Local Read Blocks": 0,
                                                      "Local Dirtied Blocks": 0,
                                                      "Local Written Blocks": 0,
                                                      "Temp Read Blocks": 0,
                                                      "Temp Written Blocks": 0,
                                                      "Workers": [
                                                        {
                                                          "Worker Number": 0,
                                                          "Actual Startup Time": 1.133,
                                                          "Actual Total Time": 19.709,
                                                          "Actual Rows": 7818.0,
                                                          "Actual Loops": 4,
                                                          "Shared Hit Blocks": 911,
                                                          "Shared Read Blocks": 24165,
                                                          "Shared Dirtied Blocks": 0,
                                                          "Shared Written Blocks": 0,
                                                          "Local Hit Blocks": 0,
                                                          "Local Read Blocks": 0,
                                                          "Local Dirtied Blocks": 0,
                                                          "Local Written Blocks": 0,
                                                          "Temp Read Blocks": 0,
                                                          "Temp Written Blocks": 0
                                                        },
                                                        {
                                                          "Worker Number": 1,
                                                          "Actual Startup Time": 1.649,
                                                          "Actual Total Time": 22.248,
                                                          "Actual Rows": 12957.0,
                                                          "Actual Loops": 2,
                                                          "Shared Hit Blocks": 2346,
                                                          "Shared Read Blocks": 13485,
                                                          "Shared Dirtied Blocks": 0,
                                                          "Shared Written Blocks": 0,
                                                          "Local Hit Blocks": 0,
                                                          "Local Read Blocks": 0,
                                                          "Local Dirtied Blocks": 0,
                                                          "Local Written Blocks": 0,
                                                          "Temp Read Blocks": 0,
                                                          "Temp Written Blocks": 0
                                                        }
                                                      ],
                                                      "Plans": [
                                                        {
                                                          "Node Type": "Bitmap Index Scan",
                                                          "Parent Relationship": "Outer",
                                                          "Parallel Aware": false,
                                                          "Async Capable": false,
                                                          "Index Name": "keyword_id_movie_keyword",
                                                          "Startup Cost": 0.0,
                                                          "Total Cost": 6.73,
                                                          "Plan Rows": 306,
                                                          "Plan Width": 0,
                                                          "Actual Startup Time": 0.759,
                                                          "Actual Total Time": 0.759,
                                                          "Actual Rows": 10959.14,
                                                          "Actual Loops": 7,
                                                          "Disabled": false,
                                                          "Index Cond": "(mk.keyword_id = k.id)",
                                                          "Index Searches": 7,
                                                          "Shared Hit Blocks": 5,
                                                          "Shared Read Blocks": 76,
                                                          "Shared Dirtied Blocks": 0,
                                                          "Shared Written Blocks": 0,
                                                          "Local Hit Blocks": 0,
                                                          "Local Read Blocks": 0,
                                                          "Local Dirtied Blocks": 0,
                                                          "Local Written Blocks": 0,
                                                          "Temp Read Blocks": 0,
                                                          "Temp Written Blocks": 0,
                                                          "Workers": [
                                                            {
                                                              "Worker Number": 0,
                                                              "Actual Startup Time": 0.596,
                                                              "Actual Total Time": 0.596,
                                                              "Actual Rows": 7818.0,
                                                              "Actual Loops": 4,
                                                              "Shared Hit Blocks": 2,
                                                              "Shared Read Blocks": 34,
                                                              "Shared Dirtied Blocks": 0,
                                                              "Shared Written Blocks": 0,
                                                              "Local Hit Blocks": 0,
                                                              "Local Read Blocks": 0,
                                                              "Local Dirtied Blocks": 0,
                                                              "Local Written Blocks": 0,
                                                              "Temp Read Blocks": 0,
                                                              "Temp Written Blocks": 0
                                                            },
                                                            {
                                                              "Worker Number": 1,
                                                              "Actual Startup Time": 0.904,
                                                              "Actual Total Time": 0.904,
                                                              "Actual Rows": 12957.0,
                                                              "Actual Loops": 2,
                                                              "Shared Hit Blocks": 1,
                                                              "Shared Read Blocks": 26,
                                                              "Shared Dirtied Blocks": 0,
                                                              "Shared Written Blocks": 0,
                                                              "Local Hit Blocks": 0,
                                                              "Local Read Blocks": 0,
                                                              "Local Dirtied Blocks": 0,
                                                              "Local Written Blocks": 0,
                                                              "Temp Read Blocks": 0,
                                                              "Temp Written Blocks": 0
                                                            }
                                                          ]
                                                        }
                                                      ]
                                                    }
                                                  ]
                                                },
                                                {
                                                  "Node Type": "Index Scan",
                                                  "Parent Relationship": "Inner",
                                                  "Parallel Aware": false,
                                                  "Async Capable": false,
                                                  "Scan Direction": "Forward",
                                                  "Index Name": "movie_id_movie_info_idx",
                                                  "Relation Name": "movie_info_idx",
                                                  "Schema": "public",
                                                  "Alias": "mi_idx",
                                                  "Startup Cost": 0.43,
                                                  "Total Cost": 1.08,
                                                  "Plan Rows": 3,
                                                  "Plan Width": 13,
                                                  "Actual Startup Time": 0.003,
                                                  "Actual Total Time": 0.003,
                                                  "Actual Rows": 2.5,
                                                  "Actual Loops": 76714,
                                                  "Disabled": false,
                                                  "Output": [
                                                    "mi_idx.id",
                                                    "mi_idx.movie_id",
                                                    "mi_idx.info_type_id",
                                                    "mi_idx.info",
                                                    "mi_idx.note"
                                                  ],
                                                  "Index Cond": "(mi_idx.movie_id = mk.movie_id)",
                                                  "Rows Removed by Index Recheck": 0,
                                                  "Index Searches": 76714,
                                                  "Shared Hit Blocks": 262235,
                                                  "Shared Read Blocks": 32728,
                                                  "Shared Dirtied Blocks": 0,
                                                  "Shared Written Blocks": 0,
                                                  "Local Hit Blocks": 0,
                                                  "Local Read Blocks": 0,
                                                  "Local Dirtied Blocks": 0,
                                                  "Local Written Blocks": 0,
                                                  "Temp Read Blocks": 0,
                                                  "Temp Written Blocks": 0,
                                                  "Workers": [
                                                    {
                                                      "Worker Number": 0,
                                                      "Actual Startup Time": 0.004,
                                                      "Actual Total Time": 0.004,
                                                      "Actual Rows": 2.65,
                                                      "Actual Loops": 31272,
                                                      "Shared Hit Blocks": 101355,
                                                      "Shared Read Blocks": 20563,
                                                      "Shared Dirtied Blocks": 0,
                                                      "Shared Written Blocks": 0,
                                                      "Local Hit Blocks": 0,
                                                      "Local Read Blocks": 0,
                                                      "Local Dirtied Blocks": 0,
                                                      "Local Written Blocks": 0,
                                                      "Temp Read Blocks": 0,
                                                      "Temp Written Blocks": 0
                                                    },
                                                    {
                                                      "Worker Number": 1,
                                                      "Actual Startup Time": 0.002,
                                                      "Actual Total Time": 0.003,
                                                      "Actual Rows": 2.29,
                                                      "Actual Loops": 25914,
                                                      "Shared Hit Blocks": 90138,
                                                      "Shared Read Blocks": 7578,
                                                      "Shared Dirtied Blocks": 0,
                                                      "Shared Written Blocks": 0,
                                                      "Local Hit Blocks": 0,
                                                      "Local Read Blocks": 0,
                                                      "Local Dirtied Blocks": 0,
                                                      "Local Written Blocks": 0,
                                                      "Temp Read Blocks": 0,
                                                      "Temp Written Blocks": 0
                                                    }
                                                  ]
                                                }
                                              ]
                                            },
                                            {
                                              "Node Type": "Hash",
                                              "Parent Relationship": "Inner",
                                              "Parallel Aware": false,
                                              "Async Capable": false,
                                              "Startup Cost": 2.41,
                                              "Total Cost": 2.41,
                                              "Plan Rows": 1,
                                              "Plan Width": 4,
                                              "Actual Startup Time": 0.139,
                                              "Actual Total Time": 0.141,
                                              "Actual Rows": 1.0,
                                              "Actual Loops": 3,
                                              "Disabled": false,
                                              "Output": [
                                                "it2.id"
                                              ],
                                              "Hash Buckets": 1024,
                                              "Original Hash Buckets": 1024,
                                              "Hash Batches": 1,
                                              "Original Hash Batches": 1,
                                              "Peak Memory Usage": 9,
                                              "Shared Hit Blocks": 40,
                                              "Shared Read Blocks": 3,
                                              "Shared Dirtied Blocks": 0,
                                              "Shared Written Blocks": 0,
                                              "Local Hit Blocks": 0,
                                              "Local Read Blocks": 0,
                                              "Local Dirtied Blocks": 0,
                                              "Local Written Blocks": 0,
                                              "Temp Read Blocks": 0,
                                              "Temp Written Blocks": 0,
                                              "Workers": [
                                                {
                                                  "Worker Number": 0,
                                                  "Actual Startup Time": 0.199,
                                                  "Actual Total Time": 0.202,
                                                  "Actual Rows": 1.0,
                                                  "Actual Loops": 1,
                                                  "Shared Hit Blocks": 21,
                                                  "Shared Read Blocks": 0,
                                                  "Shared Dirtied Blocks": 0,
                                                  "Shared Written Blocks": 0,
                                                  "Local Hit Blocks": 0,
                                                  "Local Read Blocks": 0,
                                                  "Local Dirtied Blocks": 0,
                                                  "Local Written Blocks": 0,
                                                  "Temp Read Blocks": 0,
                                                  "Temp Written Blocks": 0
                                                },
                                                {
                                                  "Worker Number": 1,
                                                  "Actual Startup Time": 0.192,
                                                  "Actual Total Time": 0.192,
                                                  "Actual Rows": 1.0,
                                                  "Actual Loops": 1,
                                                  "Shared Hit Blocks": 18,
                                                  "Shared Read Blocks": 3,
                                                  "Shared Dirtied Blocks": 0,
                                                  "Shared Written Blocks": 0,
                                                  "Local Hit Blocks": 0,
                                                  "Local Read Blocks": 0,
                                                  "Local Dirtied Blocks": 0,
                                                  "Local Written Blocks": 0,
                                                  "Temp Read Blocks": 0,
                                                  "Temp Written Blocks": 0
                                                }
                                              ],
                                              "Plans": [
                                                {
                                                  "Node Type": "Seq Scan",
                                                  "Parent Relationship": "Outer",
                                                  "Parallel Aware": false,
                                                  "Async Capable": false,
                                                  "Relation Name": "info_type",
                                                  "Schema": "public",
                                                  "Alias": "it2",
                                                  "Startup Cost": 0.0,
                                                  "Total Cost": 2.41,
                                                  "Plan Rows": 1,
                                                  "Plan Width": 4,
                                                  "Actual Startup Time": 0.125,
                                                  "Actual Total Time": 0.126,
                                                  "Actual Rows": 1.0,
                                                  "Actual Loops": 3,
                                                  "Disabled": false,
                                                  "Output": [
                                                    "it2.id"
                                                  ],
                                                  "Filter": "((it2.info)::text = 'votes'::text)",
                                                  "Rows Removed by Filter": 112,
                                                  "Shared Hit Blocks": 40,
                                                  "Shared Read Blocks": 3,
                                                  "Shared Dirtied Blocks": 0,
                                                  "Shared Written Blocks": 0,
                                                  "Local Hit Blocks": 0,
                                                  "Local Read Blocks": 0,
                                                  "Local Dirtied Blocks": 0,
                                                  "Local Written Blocks": 0,
                                                  "Temp Read Blocks": 0,
                                                  "Temp Written Blocks": 0,
                                                  "Workers": [
                                                    {
                                                      "Worker Number": 0,
                                                      "Actual Startup Time": 0.175,
                                                      "Actual Total Time": 0.176,
                                                      "Actual Rows": 1.0,
                                                      "Actual Loops": 1,
                                                      "Shared Hit Blocks": 21,
                                                      "Shared Read Blocks": 0,
                                                      "Shared Dirtied Blocks": 0,
                                                      "Shared Written Blocks": 0,
                                                      "Local Hit Blocks": 0,
                                                      "Local Read Blocks": 0,
                                                      "Local Dirtied Blocks": 0,
                                                      "Local Written Blocks": 0,
                                                      "Temp Read Blocks": 0,
                                                      "Temp Written Blocks": 0
                                                    },
                                                    {
                                                      "Worker Number": 1,
                                                      "Actual Startup Time": 0.175,
                                                      "Actual Total Time": 0.176,
                                                      "Actual Rows": 1.0,
                                                      "Actual Loops": 1,
                                                      "Shared Hit Blocks": 18,
                                                      "Shared Read Blocks": 3,
                                                      "Shared Dirtied Blocks": 0,
                                                      "Shared Written Blocks": 0,
                                                      "Local Hit Blocks": 0,
                                                      "Local Read Blocks": 0,
                                                      "Local Dirtied Blocks": 0,
                                                      "Local Written Blocks": 0,
                                                      "Temp Read Blocks": 0,
                                                      "Temp Written Blocks": 0
                                                    }
                                                  ]
                                                }
                                              ]
                                            }
                                          ]
                                        },
                                        {
                                          "Node Type": "Index Scan",
                                          "Parent Relationship": "Inner",
                                          "Parallel Aware": false,
                                          "Async Capable": false,
                                          "Scan Direction": "Forward",
                                          "Index Name": "movie_id_movie_companies",
                                          "Relation Name": "movie_companies",
                                          "Schema": "public",
                                          "Alias": "mc",
                                          "Startup Cost": 0.43,
                                          "Total Cost": 2.13,
                                          "Plan Rows": 5,
                                          "Plan Width": 8,
                                          "Actual Startup Time": 0.004,
                                          "Actual Total Time": 0.005,
                                          "Actual Rows": 9.39,
                                          "Actual Loops": 63701,
                                          "Disabled": false,
                                          "Output": [
                                            "mc.id",
                                            "mc.movie_id",
                                            "mc.company_id",
                                            "mc.company_type_id",
                                            "mc.note"
                                          ],
                                          "Index Cond": "(mc.movie_id = mk.movie_id)",
                                          "Rows Removed by Index Recheck": 0,
                                          "Index Searches": 63701,
                                          "Shared Hit Blocks": 249464,
                                          "Shared Read Blocks": 60733,
                                          "Shared Dirtied Blocks": 0,
                                          "Shared Written Blocks": 0,
                                          "Local Hit Blocks": 0,
                                          "Local Read Blocks": 0,
                                          "Local Dirtied Blocks": 0,
                                          "Local Written Blocks": 0,
                                          "Temp Read Blocks": 0,
                                          "Temp Written Blocks": 0,
                                          "Workers": [
                                            {
                                              "Worker Number": 0,
                                              "Actual Startup Time": 0.004,
                                              "Actual Total Time": 0.007,
                                              "Actual Rows": 11.04,
                                              "Actual Loops": 27497,
                                              "Shared Hit Blocks": 99036,
                                              "Shared Read Blocks": 36276,
                                              "Shared Dirtied Blocks": 0,
                                              "Shared Written Blocks": 0,
                                              "Local Hit Blocks": 0,
                                              "Local Read Blocks": 0,
                                              "Local Dirtied Blocks": 0,
                                              "Local Written Blocks": 0,
                                              "Temp Read Blocks": 0,
                                              "Temp Written Blocks": 0
                                            },
                                            {
                                              "Worker Number": 1,
                                              "Actual Startup Time": 0.003,
                                              "Actual Total Time": 0.005,
                                              "Actual Rows": 7.63,
                                              "Actual Loops": 19738,
                                              "Shared Hit Blocks": 79823,
                                              "Shared Read Blocks": 14589,
                                              "Shared Dirtied Blocks": 0,
                                              "Shared Written Blocks": 0,
                                              "Local Hit Blocks": 0,
                                              "Local Read Blocks": 0,
                                              "Local Dirtied Blocks": 0,
                                              "Local Written Blocks": 0,
                                              "Temp Read Blocks": 0,
                                              "Temp Written Blocks": 0
                                            }
                                          ]
                                        }
                                      ]
                                    },
                                    {
                                      "Node Type": "Index Scan",
                                      "Parent Relationship": "Inner",
                                      "Parallel Aware": false,
                                      "Async Capable": false,
                                      "Scan Direction": "Forward",
                                      "Index Name": "company_name_pkey",
                                      "Relation Name": "company_name",
                                      "Schema": "public",
                                      "Alias": "cn",
                                      "Startup Cost": 0.42,
                                      "Total Cost": 0.98,
                                      "Plan Rows": 1,
                                      "Plan Width": 4,
                                      "Actual Startup Time": 0.001,
                                      "Actual Total Time": 0.001,
                                      "Actual Rows": 0.0,
                                      "Actual Loops": 598256,
                                      "Disabled": false,
                                      "Output": [
                                        "cn.id",
                                        "cn.name",
                                        "cn.country_code",
                                        "cn.imdb_id",
                                        "cn.name_pcode_nf",
                                        "cn.name_pcode_sf",
                                        "cn.md5sum"
                                      ],
                                      "Index Cond": "(cn.id = mc.company_id)",
                                      "Rows Removed by Index Recheck": 0,
                                      "Filter": "(cn.name ~~ 'Lionsgate%'::text)",
                                      "Rows Removed by Filter": 1,
                                      "Index Searches": 598256,
                                      "Shared Hit Blocks": 2377756,
                                      "Shared Read Blocks": 15270,
                                      "Shared Dirtied Blocks": 0,
                                      "Shared Written Blocks": 0,
                                      "Local Hit Blocks": 0,
                                      "Local Read Blocks": 0,
                                      "Local Dirtied Blocks": 0,
                                      "Local Written Blocks": 0,
                                      "Temp Read Blocks": 0,
                                      "Temp Written Blocks": 0,
                                      "Workers": [
                                        {
                                          "Worker Number": 0,
                                          "Actual Startup Time": 0.001,
                                          "Actual Total Time": 0.001,
                                          "Actual Rows": 0.0,
                                          "Actual Loops": 303631,
                                          "Shared Hit Blocks": 1205608,
                                          "Shared Read Blocks": 8917,
                                          "Shared Dirtied Blocks": 0,
                                          "Shared Written Blocks": 0,
                                          "Local Hit Blocks": 0,
                                          "Local Read Blocks": 0,
                                          "Local Dirtied Blocks": 0,
                                          "Local Written Blocks": 0,
                                          "Temp Read Blocks": 0,
                                          "Temp Written Blocks": 0
                                        },
                                        {
                                          "Worker Number": 1,
                                          "Actual Startup Time": 0.001,
                                          "Actual Total Time": 0.001,
                                          "Actual Rows": 0.0,
                                          "Actual Loops": 150542,
                                          "Shared Hit Blocks": 598815,
                                          "Shared Read Blocks": 3354,
                                          "Shared Dirtied Blocks": 0,
                                          "Shared Written Blocks": 0,
                                          "Local Hit Blocks": 0,
                                          "Local Read Blocks": 0,
                                          "Local Dirtied Blocks": 0,
                                          "Local Written Blocks": 0,
                                          "Temp Read Blocks": 0,
                                          "Temp Written Blocks": 0
                                        }
                                      ]
                                    }
                                  ]
                                }
                              ]
                            },
                            {
                              "Node Type": "Index Scan",
                              "Parent Relationship": "Inner",
                              "Parallel Aware": false,
                              "Async Capable": false,
                              "Scan Direction": "Forward",
                              "Index Name": "movie_id_cast_info",
                              "Relation Name": "cast_info",
                              "Schema": "public",
                              "Alias": "ci",
                              "Startup Cost": 0.44,
                              "Total Cost": 22.81,
                              "Plan Rows": 1,
                              "Plan Width": 8,
                              "Actual Startup Time": 0.196,
                              "Actual Total Time": 0.264,
                              "Actual Rows": 0.95,
                              "Actual Loops": 1547,
                              "Disabled": false,
                              "Output": [
                                "ci.id",
                                "ci.person_id",
                                "ci.movie_id",
                                "ci.person_role_id",
                                "ci.note",
                                "ci.nr_order",
                                "ci.role_id"
                              ],
                              "Index Cond": "(ci.movie_id = mk.movie_id)",
                              "Rows Removed by Index Recheck": 0,
                              "Filter": "(ci.note = ANY ('{(writer),\"(head writer)\",\"(written by)\",(story),\"(story editor)\"}'::text[]))",
                              "Rows Removed by Filter": 119,
                              "Index Searches": 1547,
                              "Shared Hit Blocks": 112596,
                              "Shared Read Blocks": 71472,
                              "Shared Dirtied Blocks": 0,
                              "Shared Written Blocks": 0,
                              "Local Hit Blocks": 0,
                              "Local Read Blocks": 0,
                              "Local Dirtied Blocks": 0,
                              "Local Written Blocks": 0,
                              "Temp Read Blocks": 0,
                              "Temp Written Blocks": 0
                            }
                          ]
                        },
                        {
                          "Node Type": "Index Scan",
                          "Parent Relationship": "Inner",
                          "Parallel Aware": false,
                          "Async Capable": false,
                          "Scan Direction": "Forward",
                          "Index Name": "movie_id_movie_info",
                          "Relation Name": "movie_info",
                          "Schema": "public",
                          "Alias": "mi",
                          "Startup Cost": 0.43,
                          "Total Cost": 18.89,
                          "Plan Rows": 1,
                          "Plan Width": 50,
                          "Actual Startup Time": 0.07,
                          "Actual Total Time": 0.071,
                          "Actual Rows": 2.04,
                          "Actual Loops": 1471,
                          "Disabled": false,
                          "Output": [
                            "mi.id",
                            "mi.movie_id",
                            "mi.info_type_id",
                            "mi.info",
                            "mi.note"
                          ],
                          "Index Cond": "(mi.movie_id = mk.movie_id)",
                          "Rows Removed by Index Recheck": 0,
                          "Filter": "(mi.info = ANY ('{Horror,Action,Sci-Fi,Thriller,Crime,War}'::text[]))",
                          "Rows Removed by Filter": 172,
                          "Index Searches": 1471,
                          "Shared Hit Blocks": 25834,
                          "Shared Read Blocks": 9209,
                          "Shared Dirtied Blocks": 0,
                          "Shared Written Blocks": 0,
                          "Local Hit Blocks": 0,
                          "Local Read Blocks": 0,
                          "Local Dirtied Blocks": 0,
                          "Local Written Blocks": 0,
                          "Temp Read Blocks": 0,
                          "Temp Written Blocks": 0
                        }
                      ]
                    },
                    {
                      "Node Type": "Index Scan",
                      "Parent Relationship": "Inner",
                      "Parallel Aware": false,
                      "Async Capable": false,
                      "Scan Direction": "Forward",
                      "Index Name": "info_type_pkey",
                      "Relation Name": "info_type",
                      "Schema": "public",
                      "Alias": "it1",
                      "Startup Cost": 0.14,
                      "Total Cost": 0.16,
                      "Plan Rows": 1,
                      "Plan Width": 4,
                      "Actual Startup Time": 0.001,
                      "Actual Total Time": 0.001,
                      "Actual Rows": 0.94,
                      "Actual Loops": 3007,
                      "Disabled": false,
                      "Output": [
                        "it1.id",
                        "it1.info"
                      ],
                      "Index Cond": "(it1.id = mi.info_type_id)",
                      "Rows Removed by Index Recheck": 0,
                      "Filter": "((it1.info)::text = 'genres'::text)",
                      "Rows Removed by Filter": 0,
                      "Index Searches": 3007,
                      "Shared Hit Blocks": 6014,
                      "Shared Read Blocks": 0,
                      "Shared Dirtied Blocks": 0,
                      "Shared Written Blocks": 0,
                      "Local Hit Blocks": 0,
                      "Local Read Blocks": 0,
                      "Local Dirtied Blocks": 0,
                      "Local Written Blocks": 0,
                      "Temp Read Blocks": 0,
                      "Temp Written Blocks": 0
                    }
                  ]
                },
                {
                  "Node Type": "Index Scan",
                  "Parent Relationship": "Inner",
                  "Parallel Aware": false,
                  "Async Capable": false,
                  "Scan Direction": "Forward",
                  "Index Name": "name_pkey",
                  "Relation Name": "name",
                  "Schema": "public",
                  "Alias": "n",
                  "Startup Cost": 0.43,
                  "Total Cost": 1.34,
                  "Plan Rows": 1,
                  "Plan Width": 19,
                  "Actual Startup Time": 0.008,
                  "Actual Total Time": 0.008,
                  "Actual Rows": 1.0,
                  "Actual Loops": 2825,
                  "Disabled": false,
                  "Output": [
                    "n.id",
                    "n.name",
                    "n.imdb_index",
                    "n.imdb_id",
                    "n.gender",
                    "n.name_pcode_cf",
                    "n.name_pcode_nf",
                    "n.surname_pcode",
                    "n.md5sum"
                  ],
                  "Index Cond": "(n.id = ci.person_id)",
                  "Rows Removed by Index Recheck": 0,
                  "Index Searches": 2825,
                  "Shared Hit Blocks": 9975,
                  "Shared Read Blocks": 1325,
                  "Shared Dirtied Blocks": 0,
                  "Shared Written Blocks": 0,
                  "Local Hit Blocks": 0,
                  "Local Read Blocks": 0,
                  "Local Dirtied Blocks": 0,
                  "Local Written Blocks": 0,
                  "Temp Read Blocks": 0,
                  "Temp Written Blocks": 0
                }
              ]
            },
            {
              "Node Type": "Index Scan",
              "Parent Relationship": "Inner",
              "Parallel Aware": false,
              "Async Capable": false,
              "Scan Direction": "Forward",
              "Index Name": "title_pkey",
              "Relation Name": "title",
              "Schema": "public",
              "Alias": "t",
              "Startup Cost": 0.43,
              "Total Cost": 1.12,
              "Plan Rows": 1,
              "Plan Width": 21,
              "Actual Startup Time": 0.002,
              "Actual Total Time": 0.002,
              "Actual Rows": 1.0,
              "Actual Loops": 2825,
              "Disabled": false,
              "Output": [
                "t.id",
                "t.title",
                "t.imdb_index",
                "t.kind_id",
                "t.production_year",
                "t.imdb_id",
                "t.phonetic_code",
                "t.episode_of_id",
                "t.season_nr",
                "t.episode_nr",
                "t.series_years",
                "t.md5sum"
              ],
              "Index Cond": "(t.id = mk.movie_id)",
              "Rows Removed by Index Recheck": 0,
              "Index Searches": 2825,
              "Shared Hit Blocks": 10509,
              "Shared Read Blocks": 791,
              "Shared Dirtied Blocks": 0,
              "Shared Written Blocks": 0,
              "Local Hit Blocks": 0,
              "Local Read Blocks": 0,
              "Local Dirtied Blocks": 0,
              "Local Written Blocks": 0,
              "Temp Read Blocks": 0,
              "Temp Written Blocks": 0
            }
          ]
        }
      ]
    },
    "Planning": {
      "Shared Hit Blocks": 228,
      "Shared Read Blocks": 62,
      "Shared Dirtied Blocks": 0,
      "Shared Written Blocks": 0,
      "Local Hit Blocks": 0,
      "Local Read Blocks": 0,
      "Local Dirtied Blocks": 0,
      "Local Written Blocks": 0,
      "Temp Read Blocks": 0,
      "Temp Written Blocks": 0
    },
    "Planning Time": 23.825,
    "Triggers": [],
    "Execution Time": 998.631
  }
]