[
  {
    "Plan": {
      "Node Type": "Aggregate",
      "Strategy": "Plain",
      "Partial Mode": "Simple",
      "Parallel Aware": false,
      "Async Capable": false,
      "Startup Cost": 3882.5,
      "Total Cost": 3882.51,
      "Plan Rows": 1,
      "Plan Width": 96,
      "Actual Startup Time": 8.649,
      "Actual Total Time": 8.65,
      "Actual Rows": 1.0,
      "Actual Loops": 1,
      "Disabled": false,
      "Output": [
        "min((lt.link)::text)",
        "min(t1.title)",
        "min(t2.title)"
      ],
      "Shared Hit Blocks": 60,
      "Shared Read Blocks": 954,
      "Shared Dirtied Blocks": 0,
      "Shared Written Blocks": 0,
      "Local Hit Blocks": 0,
      "Local Read Blocks": 0,
      "Local Dirtied Blocks": 0,
      "Local Written Blocks": 0,
      "Temp Read Blocks": 0,
      "Temp Written Blocks": 0,
      "Plans": [
        {
          "Node Type": "Nested Loop",
          "Parent Relationship": "Outer",
          "Parallel Aware": false,
          "Async Capable": false,
          "Join Type": "Inner",
          "Startup Cost": 8.1,
          "Total Cost": 3882.42,
          "Plan Rows": 10,
          "Plan Width": 116,
          "Actual Startup Time": 8.646,
          "Actual Total Time": 8.647,
          "Actual Rows": 0.0,
          "Actual Loops": 1,
          "Disabled": false,
          "Output": [
            "lt.link",
            "t1.title",
            "t2.title"
          ],
          "Inner Unique": true,
          "Shared Hit Blocks": 60,
          "Shared Read Blocks": 954,
          "Shared Dirtied Blocks": 0,
          "Shared Written Blocks": 0,
          "Local Hit Blocks": 0,
          "Local Read Blocks": 0,
          "Local Dirtied Blocks": 0,
          "Local Written Blocks": 0,
          "Temp Read Blocks": 0,
          "Temp Written Blocks": 0,
          "Plans": [
            {
              "Node Type": "Nested Loop",
              "Parent Relationship": "Outer",
              "Parallel Aware": false,
              "Async Capable": false,
              "Join Type": "Inner",
              "Startup Cost": 7.67,
              "Total Cost": 3837.7,
              "Plan Rows": 10,
              "Plan Width": 103,
              "Actual Startup Time": 8.646,
              "Actual Total Time": 8.647,
              "Actual Rows": 0.0,
              "Actual Loops": 1,
              "Disabled": false,
              "Output": [
                "ml.linked_movie_id",
                "lt.link",
                "t1.title"
              ],
              "Inner Unique": true,
              "Shared Hit Blocks": 60,
              "Shared Read Blocks": 954,
              "Shared Dirtied Blocks": 0,
              "Shared Written Blocks": 0,
              "Local Hit Blocks": 0,
              "Local Read Blocks": 0,
              "Local Dirtied Blocks": 0,
              "Local Written Blocks": 0,
              "Temp Read Blocks": 0,
              "Temp Written Blocks": 0,
              "Plans": [
                {
                  "Node Type": "Nested Loop",
                  "Parent Relationship": "Outer",
                  "Parallel Aware": false,
                  "Async Capable": false,
                  "Join Type": "Inner",
                  "Startup Cost": 7.24,
                  "Total Cost": 3832.83,
                  "Plan Rows": 10,
                  "Plan Width": 94,
                  "Actual Startup Time": 8.646,
                  "Actual Total Time": 8.647,
                  "Actual Rows": 0.0,
                  "Actual Loops": 1,
                  "Disabled": false,
                  "Output": [
                    "mk.movie_id",
                    "ml.movie_id",
                    "ml.linked_movie_id",
                    "lt.link"
                  ],
                  "Inner Unique": true,
                  "Shared Hit Blocks": 60,
                  "Shared Read Blocks": 954,
                  "Shared Dirtied Blocks": 0,
                  "Shared Written Blocks": 0,
                  "Local Hit Blocks": 0,
                  "Local Read Blocks": 0,
                  "Local Dirtied Blocks": 0,
                  "Local Written Blocks": 0,
                  "Temp Read Blocks": 0,
                  "Temp Written Blocks": 0,
                  "Plans": [
                    {
                      "Node Type": "Nested Loop",
                      "Parent Relationship": "Outer",
                      "Parallel Aware": false,
                      "Async Capable": false,
                      "Join Type": "Inner",
                      "Startup Cost": 7.09,
                      "Total Cost": 3831.14,
                      "Plan Rows": 10,
                      "Plan Width": 16,
                      "Actual Startup Time": 8.645,
                      "Actual Total Time": 8.646,
                      "Actual Rows": 0.0,
                      "Actual Loops": 1,
                      "Disabled": false,
                      "Output": [
                        "mk.movie_id",
                        "ml.movie_id",
                        "ml.linked_movie_id",
                        "ml.link_type_id"
                      ],
                      "Inner Unique": false,
                      "Shared Hit Blocks": 60,
                      "Shared Read Blocks": 954,
                      "Shared Dirtied Blocks": 0,
                      "Shared Written Blocks": 0,
                      "Local Hit Blocks": 0,
                      "Local Read Blocks": 0,
                      "Local Dirtied Blocks": 0,
                      "Local Written Blocks": 0,
                      "Temp Read Blocks": 0,
                      "Temp Written Blocks": 0,
                      "Plans": [
                        {
                          "Node Type": "Nested Loop",
                          "Parent Relationship": "Outer",
                          "Parallel Aware": false,
                          "Async Capable": false,
                          "Join Type": "Inner",
                          "Startup Cost": 6.8,
                          "Total Cost": 3816.68,
                          "Plan Rows": 34,
                          "Plan Width": 4,
                          "Actual Startup Time": 7.751,
                          "Actual Total Time": 8.637,
                          "Actual Rows": 1.0,
                          "Actual Loops": 1,
                          "Disabled": false,
                          "Output": [
                            "mk.movie_id"
                          ],
                          "Inner Unique": false,
                          "Shared Hit Blocks": 58,
                          "Shared Read Blocks": 954,
                          "Shared Dirtied Blocks": 0,
                          "Shared Written Blocks": 0,
                          "Local Hit Blocks": 0,
                          "Local Read Blocks": 0,
                          "Local Dirtied Blocks": 0,
                          "Local Written Blocks": 0,
                          "Temp Read Blocks": 0,
                          "Temp Written Blocks": 0,
                          "Plans": [
                            {
                              "Node Type": "Seq Scan",
                              "Parent Relationship": "Outer",
                              "Parallel Aware": false,
                              "Async Capable": false,
                              "Relation Name": "keyword",
                              "Schema": "public",
                              "Alias": "k",
                              "Startup Cost": 0.0,
                              "Total Cost": 2685.12,
                              "Plan Rows": 1,
                              "Plan Width": 4,
                              "Actual Startup Time": 5.739,
                              "Actual Total Time": 6.624,
                              "Actual Rows": 1.0,
                              "Actual Loops": 1,
                              "Disabled": false,
                              "Output": [
                                "k.id",
                                "k.keyword",
                                "k.phonetic_code"
                              ],
                              "Filter": "(k.keyword = '10,000-mile-club'::text)",
                              "Rows Removed by Filter": 134169,
                              "Shared Hit Blocks": 56,
                              "Shared Read Blocks": 952,
                              "Shared Dirtied Blocks": 0,
                              "Shared Written Blocks": 0,
                              "Local Hit Blocks": 0,
                              "Local Read Blocks": 0,
                              "Local Dirtied Blocks": 0,
                              "Local Written Blocks": 0,
                              "Temp Read Blocks": 0,
                              "Temp Written Blocks": 0
                            },
                            {
                              "Node Type": "Bitmap Heap Scan",
                              "Parent Relationship": "Inner",
                              "Parallel Aware": false,
                              "Async Capable": false,
                              "Relation Name": "movie_keyword",
                              "Schema": "public",
                              "Alias": "mk",
                              "Startup Cost": 6.8,
                              "Total Cost": 1128.5,
                              "Plan Rows": 306,
                              "Plan Width": 8,
                              "Actual Startup Time": 2.009,
                              "Actual Total Time": 2.009,
                              "Actual Rows": 1.0,
                              "Actual Loops": 1,
                              "Disabled": false,
                              "Output": [
                                "mk.id",
                                "mk.movie_id",
                                "mk.keyword_id"
                              ],
                              "Recheck Cond": "(k.id = mk.keyword_id)",
                              "Rows Removed by Index Recheck": 0,
                              "Exact Heap Blocks": 1,
                              "Lossy Heap Blocks": 0,
                              "Shared Hit Blocks": 2,
                              "Shared Read Blocks": 2,
                              "Shared Dirtied Blocks": 0,
                              "Shared Written Blocks": 0,
                              "Local Hit Blocks": 0,
                              "Local Read Blocks": 0,
                              "Local Dirtied Blocks": 0,
                              "Local Written Blocks": 0,
                              "Temp Read Blocks": 0,
                              "Temp Written Blocks": 0,
                              "Plans": [
                                {
                                  "Node Type": "Bitmap Index Scan",
                                  "Parent Relationship": "Outer",
                                  "Parallel Aware": false,
                                  "Async Capable": false,
                                  "Index Name": "keyword_id_movie_keyword",
                                  "Startup Cost": 0.0,
                                  "Total Cost": 6.73,
                                  "Plan Rows": 306,
                                  "Plan Width": 0,
                                  "Actual Startup Time": 1.969,
                                  "Actual Total Time": 1.969,
                                  "Actual Rows": 1.0,
                                  "Actual Loops": 1,
                                  "Disabled": false,
                                  "Index Cond": "(mk.keyword_id = k.id)",
                                  "Index Searches": 1,
                                  "Shared Hit Blocks": 2,
                                  "Shared Read Blocks": 1,
                                  "Shared Dirtied Blocks": 0,
                                  "Shared Written Blocks": 0,
                                  "Local Hit Blocks": 0,
                                  "Local Read Blocks": 0,
                                  "Local Dirtied Blocks": 0,
                                  "Local Written Blocks": 0,
                                  "Temp Read Blocks": 0,
                                  "Temp Written Blocks": 0
                                }
                              ]
                            }
                          ]
                        },
                        {
                          "Node Type": "Index Scan",
                          "Parent Relationship": "Inner",
                          "Parallel Aware": false,
                          "Async Capable": false,
                          "Scan Direction": "Forward",
                          "Index Name": "movie_id_movie_link",
                          "Relation Name": "movie_link",
                          "Schema": "public",
                          "Alias": "ml",
                          "Startup Cost": 0.29,
                          "Total Cost": 0.38,
                          "Plan Rows": 5,
                          "Plan Width": 12,
                          "Actual Startup Time": 0.008,
                          "Actual Total Time": 0.008,
                          "Actual Rows": 0.0,
                          "Actual Loops": 1,
                          "Disabled": false,
                          "Output": [
                            "ml.id",
                            "ml.movie_id",
                            "ml.linked_movie_id",
                            "ml.link_type_id"
                          ],
                          "Index Cond": "(ml.movie_id = mk.movie_id)",
                          "Rows Removed by Index Recheck": 0,
                          "Index Searches": 1,
                          "Shared Hit Blocks": 2,
                          "Shared Read Blocks": 0,
                          "Shared Dirtied Blocks": 0,
                          "Shared Written Blocks": 0,
                          "Local Hit Blocks": 0,
                          "Local Read Blocks": 0,
                          "Local Dirtied Blocks": 0,
                          "Local Written Blocks": 0,
                          "Temp Read Blocks": 0,
                          "Temp Written Blocks": 0
                        }
                      ]
                    },
                    {
                      "Node Type": "Index Scan",
                      "Parent Relationship": "Inner",
                      "Parallel Aware": false,
                      "Async Capable": false,
                      "Scan Direction": "Forward",
                      "Index Name": "link_type_pkey",
                      "Relation Name": "link_type",
                      "Schema": "public",
                      "Alias": "lt",
                      "Startup Cost": 0.15,
                      "Total Cost": 0.17,
                      "Plan Rows": 1,
                      "Plan Width": 86,
                      "Actual Startup Time": 0.0,
                      "Actual Total Time": 0.0,
                      "Actual Rows": 0,
                      "Actual Loops": 0,
                      "Disabled": false,
                      "Output": [
                        "lt.id",
                        "lt.link"
                      ],
                      "Index Cond": "(lt.id = ml.link_type_id)",
                      "Rows Removed by Index Recheck": 0,
                      "Index Searches": 0,
                      "Shared Hit Blocks": 0,
                      "Shared Read Blocks": 0,
                      "Shared Dirtied Blocks": 0,
                      "Shared Written Blocks": 0,
                      "Local Hit Blocks": 0,
                      "Local Read Blocks": 0,
                      "Local Dirtied Blocks": 0,
                      "Local Written Blocks": 0,
                      "Temp Read Blocks": 0,
                      "Temp Written Blocks": 0
                    }
                  ]
                },
                {
                  "Node Type": "Index Scan",
                  "Parent Relationship": "Inner",
                  "Parallel Aware": false,
                  "Async Capable": false,
                  "Scan Direction": "Forward",
                  "Index Name": "title_pkey",
                  "Relation Name": "title",
                  "Schema": "public",
                  "Alias": "t1",
                  "Startup Cost": 0.43,
                  "Total Cost": 0.49,
                  "Plan Rows": 1,
                  "Plan Width": 21,
                  "Actual Startup Time": 0.0,
                  "Actual Total Time": 0.0,
                  "Actual Rows": 0,
                  "Actual Loops": 0,
                  "Disabled": false,
                  "Output": [
                    "t1.id",
                    "t1.title",
                    "t1.imdb_index",
                    "t1.kind_id",
                    "t1.production_year",
                    "t1.imdb_id",
                    "t1.phonetic_code",
                    "t1.episode_of_id",
                    "t1.season_nr",
                    "t1.episode_nr",
                    "t1.series_years",
                    "t1.md5sum"
                  ],
                  "Index Cond": "(t1.id = mk.movie_id)",
                  "Rows Removed by Index Recheck": 0,
                  "Index Searches": 0,
                  "Shared Hit Blocks": 0,
                  "Shared Read Blocks": 0,
                  "Shared Dirtied Blocks": 0,
                  "Shared Written Blocks": 0,
                  "Local Hit Blocks": 0,
                  "Local Read Blocks": 0,
                  "Local Dirtied Blocks": 0,
                  "Local Written Blocks": 0,
                  "Temp Read Blocks": 0,
                  "Temp Written Blocks": 0
                }
              ]
            },
            {
              "Node Type": "Index Scan",
              "Parent Relationship": "Inner",
              "Parallel Aware": false,
              "Async Capable": false,
              "Scan Direction": "Forward",
              "Index Name": "title_pkey",
              "Relation Name": "title",
              "Schema": "public",
              "Alias": "t2",
              "Startup Cost": 0.43,
              "Total Cost": 4.47,
              "Plan Rows": 1,
              "Plan Width": 21,
              "Actual Startup Time": 0.0,
              "Actual Total Time": 0.0,
              "Actual Rows": 0,
              "Actual Loops": 0,
              "Disabled": false,
              "Output": [
                "t2.id",
                "t2.title",
                "t2.imdb_index",
                "t2.kind_id",
                "t2.production_year",
                "t2.imdb_id",
                "t2.phonetic_code",
                "t2.episode_of_id",
                "t2.season_nr",
                "t2.episode_nr",
                "t2.series_years",
                "t2.md5sum"
              ],
              "Index Cond": "(t2.id = ml.linked_movie_id)",
              "Rows Removed by Index Recheck": 0,
              "Index Searches": 0,
              "Shared Hit Blocks": 0,
              "Shared Read Blocks": 0,
              "Shared Dirtied Blocks": 0,
              "Shared Written Blocks": 0,
              "Local Hit Blocks": 0,
              "Local Read Blocks": 0,
              "Local Dirtied Blocks": 0,
              "Local Written Blocks": 0,
              "Temp Read Blocks": 0,
              "Temp Written Blocks": 0
            }
          ]
        }
      ]
    },
    "Planning": {
      "Shared Hit Blocks": 37,
      "Shared Read Blocks": 29,
      "Shared Dirtied Blocks": 0,
      "Shared Written Blocks": 0,
      "Local Hit Blocks": 0,
      "Local Read Blocks": 0,
      "Local Dirtied Blocks": 0,
      "Local Written Blocks": 0,
      "Temp Read Blocks": 0,
      "Temp Written Blocks": 0
    },
    "Planning Time": 24.674,
    "Triggers": [],
    "Execution Time": 8.789
  }
]