[
  {
    "Plan": {
      "Node Type": "Aggregate",
      "Strategy": "Plain",
      "Partial Mode": "Simple",
      "Parallel Aware": false,
      "Async Capable": false,
      "Startup Cost": 1679.59,
      "Total Cost": 1679.6,
      "Plan Rows": 1,
      "Plan Width": 192,
      "Actual Startup Time": 69.223,
      "Actual Total Time": 69.226,
      "Actual Rows": 1.0,
      "Actual Loops": 1,
      "Disabled": false,
      "Output": [
        "min(cn1.name)",
        "min(cn2.name)",
        "min(mi_idx1.info)",
        "min(mi_idx2.info)",
        "min(t1.title)",
        "min(t2.title)"
      ],
      "Shared Hit Blocks": 23610,
      "Shared Read Blocks": 1814,
      "Shared Dirtied Blocks": 0,
      "Shared Written Blocks": 0,
      "Local Hit Blocks": 0,
      "Local Read Blocks": 0,
      "Local Dirtied Blocks": 0,
      "Local Written Blocks": 0,
      "Temp Read Blocks": 0,
      "Temp Written Blocks": 0,
      "Plans": [
        {
          "Node Type": "Nested Loop",
          "Parent Relationship": "Outer",
          "Parallel Aware": false,
          "Async Capable": false,
          "Join Type": "Inner",
          "Startup Cost": 23.62,
          "Total Cost": 1679.58,
          "Plan Rows": 1,
          "Plan Width": 82,
          "Actual Startup Time": 12.291,
          "Actual Total Time": 69.217,
          "Actual Rows": 8.0,
          "Actual Loops": 1,
          "Disabled": false,
          "Output": [
            "cn1.name",
            "cn2.name",
            "mi_idx1.info",
            "mi_idx2.info",
            "t1.title",
            "t2.title"
          ],
          "Inner Unique": true,
          "Join Filter": "((ml.movie_id = t1.id) AND (kt1.id = t1.kind_id))",
          "Rows Removed by Join Filter": 0,
          "Shared Hit Blocks": 23610,
          "Shared Read Blocks": 1814,
          "Shared Dirtied Blocks": 0,
          "Shared Written Blocks": 0,
          "Local Hit Blocks": 0,
          "Local Read Blocks": 0,
          "Local Dirtied Blocks": 0,
          "Local Written Blocks": 0,
          "Temp Read Blocks": 0,
          "Temp Written Blocks": 0,
          "Plans": [
            {
              "Node Type": "Nested Loop",
              "Parent Relationship": "Outer",
              "Parallel Aware": false,
              "Async Capable": false,
              "Join Type": "Inner",
              "Startup Cost": 23.19,
              "Total Cost": 1679.05,
              "Plan Rows": 1,
              "Plan Width": 81,
              "Actual Startup Time": 12.268,
              "Actual Total Time": 69.187,
              "Actual Rows": 8.0,
              "Actual Loops": 1,
              "Disabled": false,
              "Output": [
                "ml.movie_id",
                "mi_idx1.info",
                "mi_idx1.movie_id",
                "t2.title",
                "mc1.movie_id",
                "kt1.id",
                "cn1.name",
                "cn2.name",
                "mi_idx2.info"
              ],
              "Inner Unique": true,
              "Shared Hit Blocks": 23580,
              "Shared Read Blocks": 1812,
              "Shared Dirtied Blocks": 0,
              "Shared Written Blocks": 0,
              "Local Hit Blocks": 0,
              "Local Read Blocks": 0,
              "Local Dirtied Blocks": 0,
              "Local Written Blocks": 0,
              "Temp Read Blocks": 0,
              "Temp Written Blocks": 0,
              "Plans": [
                {
                  "Node Type": "Nested Loop",
                  "Parent Relationship": "Outer",
                  "Parallel Aware": false,
                  "Async Capable": false,
                  "Join Type": "Inner",
                  "Startup Cost": 23.04,
                  "Total Cost": 1678.86,
                  "Plan Rows": 1,
                  "Plan Width": 85,
                  "Actual Startup Time": 1.662,
                  "Actual Total Time": 68.827,
                  "Actual Rows": 807.0,
                  "Actual Loops": 1,
                  "Disabled": false,
                  "Output": [
                    "ml.movie_id",
                    "mi_idx1.info",
                    "mi_idx1.movie_id",
                    "t2.title",
                    "mc1.movie_id",
                    "kt1.id",
                    "cn1.name",
                    "cn2.name",
                    "mi_idx2.info",
                    "mi_idx2.info_type_id"
                  ],
                  "Inner Unique": false,
                  "Join Filter": "(mi_idx2.movie_id = t2.id)",
                  "Rows Removed by Join Filter": 0,
                  "Shared Hit Blocks": 21966,
                  "Shared Read Blocks": 1812,
                  "Shared Dirtied Blocks": 0,
                  "Shared Written Blocks": 0,
                  "Local Hit Blocks": 0,
                  "Local Read Blocks": 0,
                  "Local Dirtied Blocks": 0,
                  "Local Written Blocks": 0,
                  "Temp Read Blocks": 0,
                  "Temp Written Blocks": 0,
                  "Plans": [
                    {
                      "Node Type": "Nested Loop",
                      "Parent Relationship": "Outer",
                      "Parallel Aware": false,
                      "Async Capable": false,
                      "Join Type": "Inner",
                      "Startup Cost": 22.62,
                      "Total Cost": 1677.82,
                      "Plan Rows": 2,
                      "Plan Width": 88,
                      "Actual Startup Time": 1.659,
                      "Actual Total Time": 67.625,
                      "Actual Rows": 465.0,
                      "Actual Loops": 1,
                      "Disabled": false,
                      "Output": [
                        "ml.movie_id",
                        "ml.linked_movie_id",
                        "mi_idx1.info",
                        "mi_idx1.movie_id",
                        "t2.title",
                        "t2.id",
                        "mc1.movie_id",
                        "kt1.id",
                        "cn1.name",
                        "mc2.movie_id",
                        "cn2.name"
                      ],
                      "Inner Unique": true,
                      "Shared Hit Blocks": 20121,
                      "Shared Read Blocks": 1797,
                      "Shared Dirtied Blocks": 0,
                      "Shared Written Blocks": 0,
                      "Local Hit Blocks": 0,
                      "Local Read Blocks": 0,
                      "Local Dirtied Blocks": 0,
                      "Local Written Blocks": 0,
                      "Temp Read Blocks": 0,
                      "Temp Written Blocks": 0,
                      "Plans": [
                        {
                          "Node Type": "Nested Loop",
                          "Parent Relationship": "Outer",
                          "Parallel Aware": false,
                          "Async Capable": false,
                          "Join Type": "Inner",
                          "Startup Cost": 22.2,
                          "Total Cost": 1676.94,
                          "Plan Rows": 2,
                          "Plan Width": 73,
                          "Actual Startup Time": 1.655,
                          "Actual Total Time": 66.957,
                          "Actual Rows": 465.0,
                          "Actual Loops": 1,
                          "Disabled": false,
                          "Output": [
                            "ml.movie_id",
                            "ml.linked_movie_id",
                            "mi_idx1.info",
                            "mi_idx1.movie_id",
                            "t2.title",
                            "t2.id",
                            "mc1.movie_id",
                            "kt1.id",
                            "cn1.name",
                            "mc2.company_id",
                            "mc2.movie_id"
                          ],
                          "Inner Unique": false,
                          "Shared Hit Blocks": 18345,
                          "Shared Read Blocks": 1713,
                          "Shared Dirtied Blocks": 0,
                          "Shared Written Blocks": 0,
                          "Local Hit Blocks": 0,
                          "Local Read Blocks": 0,
                          "Local Dirtied Blocks": 0,
                          "Local Written Blocks": 0,
                          "Temp Read Blocks": 0,
                          "Temp Written Blocks": 0,
                          "Plans": [
                            {
                              "Node Type": "Nested Loop",
                              "Parent Relationship": "Outer",
                              "Parallel Aware": false,
                              "Async Capable": false,
                              "Join Type": "Inner",
                              "Startup Cost": 21.77,
                              "Total Cost": 1675.35,
                              "Plan Rows": 2,
                              "Plan Width": 65,
                              "Actual Startup Time": 1.653,
                              "Actual Total Time": 65.231,
                              "Actual Rows": 58.0,
                              "Actual Loops": 1,
                              "Disabled": false,
                              "Output": [
                                "ml.movie_id",
                                "ml.linked_movie_id",
                                "mi_idx1.info",
                                "mi_idx1.movie_id",
                                "t2.title",
                                "t2.id",
                                "mc1.movie_id",
                                "kt1.id",
                                "cn1.name"
                              ],
                              "Inner Unique": true,
                              "Shared Hit Blocks": 18090,
                              "Shared Read Blocks": 1684,
                              "Shared Dirtied Blocks": 0,
                              "Shared Written Blocks": 0,
                              "Local Hit Blocks": 0,
                              "Local Read Blocks": 0,
                              "Local Dirtied Blocks": 0,
                              "Local Written Blocks": 0,
                              "Temp Read Blocks": 0,
                              "Temp Written Blocks": 0,
                              "Plans": [
                                {
                                  "Node Type": "Nested Loop",
                                  "Parent Relationship": "Outer",
                                  "Parallel Aware": false,
                                  "Async Capable": false,
                                  "Join Type": "Inner",
                                  "Startup Cost": 21.35,
                                  "Total Cost": 1673.12,
                                  "Plan Rows": 5,
                                  "Plan Width": 50,
                                  "Actual Startup Time": 1.638,
                                  "Actual Total Time": 64.575,
                                  "Actual Rows": 265.0,
                                  "Actual Loops": 1,
                                  "Disabled": false,
                                  "Output": [
                                    "ml.movie_id",
                                    "ml.linked_movie_id",
                                    "mi_idx1.info",
                                    "mi_idx1.movie_id",
                                    "t2.title",
                                    "t2.id",
                                    "mc1.company_id",
                                    "mc1.movie_id",
                                    "kt1.id"
                                  ],
                                  "Inner Unique": false,
                                  "Shared Hit Blocks": 17150,
                                  "Shared Read Blocks": 1564,
                                  "Shared Dirtied Blocks": 0,
                                  "Shared Written Blocks": 0,
                                  "Local Hit Blocks": 0,
                                  "Local Read Blocks": 0,
                                  "Local Dirtied Blocks": 0,
                                  "Local Written Blocks": 0,
                                  "Temp Read Blocks": 0,
                                  "Temp Written Blocks": 0,
                                  "Plans": [
                                    {
                                      "Node Type": "Nested Loop",
                                      "Parent Relationship": "Outer",
                                      "Parallel Aware": false,
                                      "Async Capable": false,
                                      "Join Type": "Inner",
                                      "Startup Cost": 21.35,
                                      "Total Cost": 1650.32,
                                      "Plan Rows": 1,
                                      "Plan Width": 46,
                                      "Actual Startup Time": 1.634,
                                      "Actual Total Time": 64.269,
                                      "Actual Rows": 265.0,
                                      "Actual Loops": 1,
                                      "Disabled": false,
                                      "Output": [
                                        "ml.movie_id",
                                        "ml.linked_movie_id",
                                        "mi_idx1.info",
                                        "mi_idx1.movie_id",
                                        "t2.title",
                                        "t2.id",
                                        "mc1.company_id",
                                        "mc1.movie_id"
                                      ],
                                      "Inner Unique": true,
                                      "Shared Hit Blocks": 16885,
                                      "Shared Read Blocks": 1564,
                                      "Shared Dirtied Blocks": 0,
                                      "Shared Written Blocks": 0,
                                      "Local Hit Blocks": 0,
                                      "Local Read Blocks": 0,
                                      "Local Dirtied Blocks": 0,
                                      "Local Written Blocks": 0,
                                      "Temp Read Blocks": 0,
                                      "Temp Written Blocks": 0,
                                      "Plans": [
                                        {
                                          "Node Type": "Nested Loop",
                                          "Parent Relationship": "Outer",
                                          "Parallel Aware": false,
                                          "Async Capable": false,
                                          "Join Type": "Inner",
                                          "Startup Cost": 21.19,
                                          "Total Cost": 1648.95,
                                          "Plan Rows": 11,
                                          "Plan Width": 50,
                                          "Actual Startup Time": 0.633,
                                          "Actual Total Time": 63.751,
                                          "Actual Rows": 1185.0,
                                          "Actual Loops": 1,
                                          "Disabled": false,
                                          "Output": [
                                            "ml.movie_id",
                                            "ml.linked_movie_id",
                                            "mi_idx1.info",
                                            "mi_idx1.movie_id",
                                            "t2.title",
                                            "t2.id",
                                            "t2.kind_id",
                                            "mc1.company_id",
                                            "mc1.movie_id"
                                          ],
                                          "Inner Unique": false,
                                          "Join Filter": "(mc1.movie_id = ml.movie_id)",
                                          "Rows Removed by Join Filter": 0,
                                          "Shared Hit Blocks": 16875,
                                          "Shared Read Blocks": 1562,
                                          "Shared Dirtied Blocks": 0,
                                          "Shared Written Blocks": 0,
                                          "Local Hit Blocks": 0,
                                          "Local Read Blocks": 0,
                                          "Local Dirtied Blocks": 0,
                                          "Local Written Blocks": 0,
                                          "Temp Read Blocks": 0,
                                          "Temp Written Blocks": 0,
                                          "Plans": [
                                            {
                                              "Node Type": "Nested Loop",
                                              "Parent Relationship": "Outer",
                                              "Parallel Aware": false,
                                              "Async Capable": false,
                                              "Join Type": "Inner",
                                              "Startup Cost": 20.76,
                                              "Total Cost": 1647.64,
                                              "Plan Rows": 2,
                                              "Plan Width": 42,
                                              "Actual Startup Time": 0.474,
                                              "Actual Total Time": 51.619,
                                              "Actual Rows": 210.0,
                                              "Actual Loops": 1,
                                              "Disabled": false,
                                              "Output": [
                                                "ml.movie_id",
                                                "ml.linked_movie_id",
                                                "mi_idx1.info",
                                                "mi_idx1.movie_id",
                                                "t2.title",
                                                "t2.id",
                                                "t2.kind_id"
                                              ],
                                              "Inner Unique": true,
                                              "Shared Hit Blocks": 16003,
                                              "Shared Read Blocks": 1427,
                                              "Shared Dirtied Blocks": 0,
                                              "Shared Written Blocks": 0,
                                              "Local Hit Blocks": 0,
                                              "Local Read Blocks": 0,
                                              "Local Dirtied Blocks": 0,
                                              "Local Written Blocks": 0,
                                              "Temp Read Blocks": 0,
                                              "Temp Written Blocks": 0,
                                              "Plans": [
                                                {
                                                  "Node Type": "Nested Loop",
                                                  "Parent Relationship": "Outer",
                                                  "Parallel Aware": false,
                                                  "Async Capable": false,
                                                  "Join Type": "Inner",
                                                  "Startup Cost": 20.33,
                                                  "Total Cost": 1593.92,
                                                  "Plan Rows": 12,
                                                  "Plan Width": 17,
                                                  "Actual Startup Time": 0.448,
                                                  "Actual Total Time": 10.492,
                                                  "Actual Rows": 2064.0,
                                                  "Actual Loops": 1,
                                                  "Disabled": false,
                                                  "Output": [
                                                    "ml.movie_id",
                                                    "ml.linked_movie_id",
                                                    "mi_idx1.info",
                                                    "mi_idx1.movie_id"
                                                  ],
                                                  "Inner Unique": false,
                                                  "Join Filter": "(it1.id = mi_idx1.info_type_id)",
                                                  "Rows Removed by Join Filter": 4128,
                                                  "Shared Hit Blocks": 8807,
                                                  "Shared Read Blocks": 367,
                                                  "Shared Dirtied Blocks": 0,
                                                  "Shared Written Blocks": 0,
                                                  "Local Hit Blocks": 0,
                                                  "Local Read Blocks": 0,
                                                  "Local Dirtied Blocks": 0,
                                                  "Local Written Blocks": 0,
                                                  "Temp Read Blocks": 0,
                                                  "Temp Written Blocks": 0,
                                                  "Plans": [
                                                    {
                                                      "Node Type": "Seq Scan",
                                                      "Parent Relationship": "Outer",
                                                      "Parallel Aware": false,
                                                      "Async Capable": false,
                                                      "Relation Name": "info_type",
                                                      "Schema": "public",
                                                      "Alias": "it1",
                                                      "Startup Cost": 0.0,
                                                      "Total Cost": 2.41,
                                                      "Plan Rows": 1,
                                                      "Plan Width": 4,
                                                      "Actual Startup Time": 0.019,
                                                      "Actual Total Time": 0.023,
                                                      "Actual Rows": 1.0,
                                                      "Actual Loops": 1,
                                                      "Disabled": false,
                                                      "Output": [
                                                        "it1.id",
                                                        "it1.info"
                                                      ],
                                                      "Filter": "((it1.info)::text = 'rating'::text)",
                                                      "Rows Removed by Filter": 112,
                                                      "Shared Hit Blocks": 1,
                                                      "Shared Read Blocks": 0,
                                                      "Shared Dirtied Blocks": 0,
                                                      "Shared Written Blocks": 0,
                                                      "Local Hit Blocks": 0,
                                                      "Local Read Blocks": 0,
                                                      "Local Dirtied Blocks": 0,
                                                      "Local Written Blocks": 0,
                                                      "Temp Read Blocks": 0,
                                                      "Temp Written Blocks": 0
                                                    },
                                                    {
                                                      "Node Type": "Nested Loop",
                                                      "Parent Relationship": "Inner",
                                                      "Parallel Aware": false,
                                                      "Async Capable": false,
                                                      "Join Type": "Inner",
                                                      "Startup Cost": 20.33,
                                                      "Total Cost": 1574.12,
                                                      "Plan Rows": 1391,
                                                      "Plan Width": 21,
                                                      "Actual Startup Time": 0.427,
                                                      "Actual Total Time": 10.21,
                                                      "Actual Rows": 6192.0,
                                                      "Actual Loops": 1,
                                                      "Disabled": false,
                                                      "Output": [
                                                        "ml.movie_id",
                                                        "ml.linked_movie_id",
                                                        "mi_idx1.info",
                                                        "mi_idx1.info_type_id",
                                                        "mi_idx1.movie_id"
                                                      ],
                                                      "Inner Unique": false,
                                                      "Shared Hit Blocks": 8806,
                                                      "Shared Read Blocks": 367,
                                                      "Shared Dirtied Blocks": 0,
                                                      "Shared Written Blocks": 0,
                                                      "Local Hit Blocks": 0,
                                                      "Local Read Blocks": 0,
                                                      "Local Dirtied Blocks": 0,
                                                      "Local Written Blocks": 0,
                                                      "Temp Read Blocks": 0,
                                                      "Temp Written Blocks": 0,
                                                      "Plans": [
                                                        {
                                                          "Node Type": "Hash Join",
                                                          "Parent Relationship": "Outer",
                                                          "Parallel Aware": false,
                                                          "Async Capable": false,
                                                          "Join Type": "Inner",
                                                          "Startup Cost": 19.9,
                                                          "Total Cost": 562.08,
                                                          "Plan Rows": 465,
                                                          "Plan Width": 8,
                                                          "Actual Startup Time": 0.248,
                                                          "Actual Total Time": 2.307,
                                                          "Actual Rows": 2315.0,
                                                          "Actual Loops": 1,
                                                          "Disabled": false,
                                                          "Output": [
                                                            "ml.movie_id",
                                                            "ml.linked_movie_id"
                                                          ],
                                                          "Inner Unique": true,
                                                          "Hash Cond": "(ml.link_type_id = lt.id)",
                                                          "Shared Hit Blocks": 81,
                                                          "Shared Read Blocks": 83,
                                                          "Shared Dirtied Blocks": 0,
                                                          "Shared Written Blocks": 0,
                                                          "Local Hit Blocks": 0,
                                                          "Local Read Blocks": 0,
                                                          "Local Dirtied Blocks": 0,
                                                          "Local Written Blocks": 0,
                                                          "Temp Read Blocks": 0,
                                                          "Temp Written Blocks": 0,
                                                          "Plans": [
                                                            {
                                                              "Node Type": "Seq Scan",
                                                              "Parent Relationship": "Outer",
                                                              "Parallel Aware": false,
                                                              "Async Capable": false,
                                                              "Relation Name": "movie_link",
                                                              "Schema": "public",
                                                              "Alias": "ml",
                                                              "Startup Cost": 0.0,
                                                              "Total Cost": 462.97,
                                                              "Plan Rows": 29997,
                                                              "Plan Width": 12,
                                                              "Actual Startup Time": 0.23,
                                                              "Actual Total Time": 1.162,
                                                              "Actual Rows": 29997.0,
                                                              "Actual Loops": 1,
                                                              "Disabled": false,
                                                              "Output": [
                                                                "ml.id",
                                                                "ml.movie_id",
                                                                "ml.linked_movie_id",
                                                                "ml.link_type_id"
                                                              ],
                                                              "Shared Hit Blocks": 80,
                                                              "Shared Read Blocks": 83,
                                                              "Shared Dirtied Blocks": 0,
                                                              "Shared Written Blocks": 0,
                                                              "Local Hit Blocks": 0,
                                                              "Local Read Blocks": 0,
                                                              "Local Dirtied Blocks": 0,
                                                              "Local Written Blocks": 0,
                                                              "Temp Read Blocks": 0,
                                                              "Temp Written Blocks": 0
                                                            },
                                                            {
                                                              "Node Type": "Hash",
                                                              "Parent Relationship": "Inner",
                                                              "Parallel Aware": false,
                                                              "Async Capable": false,
                                                              "Startup Cost": 19.76,
                                                              "Total Cost": 19.76,
                                                              "Plan Rows": 11,
                                                              "Plan Width": 4,
                                                              "Actual Startup Time": 0.012,
                                                              "Actual Total Time": 0.012,
                                                              "Actual Rows": 2.0,
                                                              "Actual Loops": 1,
                                                              "Disabled": false,
                                                              "Output": [
                                                                "lt.id"
                                                              ],
                                                              "Hash Buckets": 1024,
                                                              "Original Hash Buckets": 1024,
                                                              "Hash Batches": 1,
                                                              "Original Hash Batches": 1,
                                                              "Peak Memory Usage": 9,
                                                              "Shared Hit Blocks": 1,
                                                              "Shared Read Blocks": 0,
                                                              "Shared Dirtied Blocks": 0,
                                                              "Shared Written Blocks": 0,
                                                              "Local Hit Blocks": 0,
                                                              "Local Read Blocks": 0,
                                                              "Local Dirtied Blocks": 0,
                                                              "Local Written Blocks": 0,
                                                              "Temp Read Blocks": 0,
                                                              "Temp Written Blocks": 0,
                                                              "Plans": [
                                                                {
                                                                  "Node Type": "Seq Scan",
                                                                  "Parent Relationship": "Outer",
                                                                  "Parallel Aware": false,
                                                                  "Async Capable": false,
                                                                  "Relation Name": "link_type",
                                                                  "Schema": "public",
                                                                  "Alias": "lt",
                                                                  "Startup Cost": 0.0,
                                                                  "Total Cost": 19.76,
                                                                  "Plan Rows": 11,
                                                                  "Plan Width": 4,
                                                                  "Actual Startup Time": 0.008,
                                                                  "Actual Total Time": 0.01,
                                                                  "Actual Rows": 2.0,
                                                                  "Actual Loops": 1,
                                                                  "Disabled": false,
                                                                  "Output": [
                                                                    "lt.id"
                                                                  ],
                                                                  "Filter": "((lt.link)::text = ANY ('{sequel,follows,\"followed by\"}'::text[]))",
                                                                  "Rows Removed by Filter": 16,
                                                                  "Shared Hit Blocks": 1,
                                                                  "Shared Read Blocks": 0,
                                                                  "Shared Dirtied Blocks": 0,
                                                                  "Shared Written Blocks": 0,
                                                                  "Local Hit Blocks": 0,
                                                                  "Local Read Blocks": 0,
                                                                  "Local Dirtied Blocks": 0,
                                                                  "Local Written Blocks": 0,
                                                                  "Temp Read Blocks": 0,
                                                                  "Temp Written Blocks": 0
                                                                }
                                                              ]
                                                            }
                                                          ]
                                                        },
                                                        {
                                                          "Node Type": "Index Scan",
                                                          "Parent Relationship": "Inner",
                                                          "Parallel Aware": false,
                                                          "Async Capable": false,
                                                          "Scan Direction": "Forward",
                                                          "Index Name": "movie_id_movie_info_idx",
                                                          "Relation Name": "movie_info_idx",
                                                          "Schema": "public",
                                                          "Alias": "mi_idx1",
                                                          "Startup Cost": 0.43,
                                                          "Total Cost": 2.15,
                                                          "Plan Rows": 3,
                                                          "Plan Width": 13,
                                                          "Actual Startup Time": 0.003,
                                                          "Actual Total Time": 0.003,
                                                          "Actual Rows": 2.67,
                                                          "Actual Loops": 2315,
                                                          "Disabled": false,
                                                          "Output": [
                                                            "mi_idx1.id",
                                                            "mi_idx1.movie_id",
                                                            "mi_idx1.info_type_id",
                                                            "mi_idx1.info",
                                                            "mi_idx1.note"
                                                          ],
                                                          "Index Cond": "(mi_idx1.movie_id = ml.movie_id)",
                                                          "Rows Removed by Index Recheck": 0,
                                                          "Index Searches": 2315,
                                                          "Shared Hit Blocks": 8725,
                                                          "Shared Read Blocks": 284,
                                                          "Shared Dirtied Blocks": 0,
                                                          "Shared Written Blocks": 0,
                                                          "Local Hit Blocks": 0,
                                                          "Local Read Blocks": 0,
                                                          "Local Dirtied Blocks": 0,
                                                          "Local Written Blocks": 0,
                                                          "Temp Read Blocks": 0,
                                                          "Temp Written Blocks": 0
                                                        }
                                                      ]
                                                    }
                                                  ]
                                                },
                                                {
                                                  "Node Type": "Index Scan",
                                                  "Parent Relationship": "Inner",
                                                  "Parallel Aware": false,
                                                  "Async Capable": false,
                                                  "Scan Direction": "Forward",
                                                  "Index Name": "title_pkey",
                                                  "Relation Name": "title",
                                                  "Schema": "public",
                                                  "Alias": "t2",
                                                  "Startup Cost": 0.43,
                                                  "Total Cost": 4.48,
                                                  "Plan Rows": 1,
                                                  "Plan Width": 25,
                                                  "Actual Startup Time": 0.02,
                                                  "Actual Total Time": 0.02,
                                                  "Actual Rows": 0.1,
                                                  "Actual Loops": 2064,
                                                  "Disabled": false,
                                                  "Output": [
                                                    "t2.id",
                                                    "t2.title",
                                                    "t2.imdb_index",
                                                    "t2.kind_id",
                                                    "t2.production_year",
                                                    "t2.imdb_id",
                                                    "t2.phonetic_code",
                                                    "t2.episode_of_id",
                                                    "t2.season_nr",
                                                    "t2.episode_nr",
                                                    "t2.series_years",
                                                    "t2.md5sum"
                                                  ],
                                                  "Index Cond": "(t2.id = ml.linked_movie_id)",
                                                  "Rows Removed by Index Recheck": 0,
                                                  "Filter": "((t2.production_year >= 2005) AND (t2.production_year <= 2008))",
                                                  "Rows Removed by Filter": 1,
                                                  "Index Searches": 2064,
                                                  "Shared Hit Blocks": 7196,
                                                  "Shared Read Blocks": 1060,
                                                  "Shared Dirtied Blocks": 0,
                                                  "Shared Written Blocks": 0,
                                                  "Local Hit Blocks": 0,
                                                  "Local Read Blocks": 0,
                                                  "Local Dirtied Blocks": 0,
                                                  "Local Written Blocks": 0,
                                                  "Temp Read Blocks": 0,
                                                  "Temp Written Blocks": 0
                                                }
                                              ]
                                            },
                                            {
                                              "Node Type": "Index Scan",
                                              "Parent Relationship": "Inner",
                                              "Parallel Aware": false,
                                              "Async Capable": false,
                                              "Scan Direction": "Forward",
                                              "Index Name": "movie_id_movie_companies",
                                              "Relation Name": "movie_companies",
                                              "Schema": "public",
                                              "Alias": "mc1",
                                              "Startup Cost": 0.43,
                                              "Total Cost": 0.59,
                                              "Plan Rows": 5,
                                              "Plan Width": 8,
                                              "Actual Startup Time": 0.042,
                                              "Actual Total Time": 0.057,
                                              "Actual Rows": 5.64,
                                              "Actual Loops": 210,
                                              "Disabled": false,
                                              "Output": [
                                                "mc1.id",
                                                "mc1.movie_id",
                                                "mc1.company_id",
                                                "mc1.company_type_id",
                                                "mc1.note"
                                              ],
                                              "Index Cond": "(mc1.movie_id = mi_idx1.movie_id)",
                                              "Rows Removed by Index Recheck": 0,
                                              "Index Searches": 210,
                                              "Shared Hit Blocks": 872,
                                              "Shared Read Blocks": 135,
                                              "Shared Dirtied Blocks": 0,
                                              "Shared Written Blocks": 0,
                                              "Local Hit Blocks": 0,
                                              "Local Read Blocks": 0,
                                              "Local Dirtied Blocks": 0,
                                              "Local Written Blocks": 0,
                                              "Temp Read Blocks": 0,
                                              "Temp Written Blocks": 0
                                            }
                                          ]
                                        },
                                        {
                                          "Node Type": "Memoize",
                                          "Parent Relationship": "Inner",
                                          "Parallel Aware": false,
                                          "Async Capable": false,
                                          "Startup Cost": 0.16,
                                          "Total Cost": 0.18,
                                          "Plan Rows": 1,
                                          "Plan Width": 4,
                                          "Actual Startup Time": 0.0,
                                          "Actual Total Time": 0.0,
                                          "Actual Rows": 0.22,
                                          "Actual Loops": 1185,
                                          "Disabled": false,
                                          "Output": [
                                            "kt2.id"
                                          ],
                                          "Cache Key": "t2.kind_id",
                                          "Cache Mode": "logical",
                                          "Cache Hits": 1179,
                                          "Cache Misses": 6,
                                          "Cache Evictions": 0,
                                          "Cache Overflows": 0,
                                          "Peak Memory Usage": 1,
                                          "Shared Hit Blocks": 10,
                                          "Shared Read Blocks": 2,
                                          "Shared Dirtied Blocks": 0,
                                          "Shared Written Blocks": 0,
                                          "Local Hit Blocks": 0,
                                          "Local Read Blocks": 0,
                                          "Local Dirtied Blocks": 0,
                                          "Local Written Blocks": 0,
                                          "Temp Read Blocks": 0,
                                          "Temp Written Blocks": 0,
                                          "Plans": [
                                            {
                                              "Node Type": "Index Scan",
                                              "Parent Relationship": "Outer",
                                              "Parallel Aware": false,
                                              "Async Capable": false,
                                              "Scan Direction": "Forward",
                                              "Index Name": "kind_type_pkey",
                                              "Relation Name": "kind_type",
                                              "Schema": "public",
                                              "Alias": "kt2",
                                              "Startup Cost": 0.15,
                                              "Total Cost": 0.17,
                                              "Plan Rows": 1,
                                              "Plan Width": 4,
                                              "Actual Startup Time": 0.056,
                                              "Actual Total Time": 0.056,
                                              "Actual Rows": 0.17,
                                              "Actual Loops": 6,
                                              "Disabled": false,
                                              "Output": [
                                                "kt2.id"
                                              ],
                                              "Index Cond": "(kt2.id = t2.kind_id)",
                                              "Rows Removed by Index Recheck": 0,
                                              "Filter": "((kt2.kind)::text = 'tv series'::text)",
                                              "Rows Removed by Filter": 1,
                                              "Index Searches": 6,
                                              "Shared Hit Blocks": 10,
                                              "Shared Read Blocks": 2,
                                              "Shared Dirtied Blocks": 0,
                                              "Shared Written Blocks": 0,
                                              "Local Hit Blocks": 0,
                                              "Local Read Blocks": 0,
                                              "Local Dirtied Blocks": 0,
                                              "Local Written Blocks": 0,
                                              "Temp Read Blocks": 0,
                                              "Temp Written Blocks": 0
                                            }
                                          ]
                                        }
                                      ]
                                    },
                                    {
                                      "Node Type": "Seq Scan",
                                      "Parent Relationship": "Inner",
                                      "Parallel Aware": false,
                                      "Async Capable": false,
                                      "Relation Name": "kind_type",
                                      "Schema": "public",
                                      "Alias": "kt1",
                                      "Startup Cost": 0.0,
                                      "Total Cost": 22.75,
                                      "Plan Rows": 5,
                                      "Plan Width": 4,
                                      "Actual Startup Time": 0.0,
                                      "Actual Total Time": 0.001,
                                      "Actual Rows": 1.0,
                                      "Actual Loops": 265,
                                      "Disabled": false,
                                      "Output": [
                                        "kt1.id",
                                        "kt1.kind"
                                      ],
                                      "Filter": "((kt1.kind)::text = 'tv series'::text)",
                                      "Rows Removed by Filter": 6,
                                      "Shared Hit Blocks": 265,
                                      "Shared Read Blocks": 0,
                                      "Shared Dirtied Blocks": 0,
                                      "Shared Written Blocks": 0,
                                      "Local Hit Blocks": 0,
                                      "Local Read Blocks": 0,
                                      "Local Dirtied Blocks": 0,
                                      "Local Written Blocks": 0,
                                      "Temp Read Blocks": 0,
                                      "Temp Written Blocks": 0
                                    }
                                  ]
                                },
                                {
                                  "Node Type": "Index Scan",
                                  "Parent Relationship": "Inner",
                                  "Parallel Aware": false,
                                  "Async Capable": false,
                                  "Scan Direction": "Forward",
                                  "Index Name": "company_name_pkey",
                                  "Relation Name": "company_name",
                                  "Schema": "public",
                                  "Alias": "cn1",
                                  "Startup Cost": 0.42,
                                  "Total Cost": 0.45,
                                  "Plan Rows": 1,
                                  "Plan Width": 23,
                                  "Actual Startup Time": 0.002,
                                  "Actual Total Time": 0.002,
                                  "Actual Rows": 0.22,
                                  "Actual Loops": 265,
                                  "Disabled": false,
                                  "Output": [
                                    "cn1.id",
                                    "cn1.name",
                                    "cn1.country_code",
                                    "cn1.imdb_id",
                                    "cn1.name_pcode_nf",
                                    "cn1.name_pcode_sf",
                                    "cn1.md5sum"
                                  ],
                                  "Index Cond": "(cn1.id = mc1.company_id)",
                                  "Rows Removed by Index Recheck": 0,
                                  "Filter": "((cn1.country_code)::text = '[us]'::text)",
                                  "Rows Removed by Filter": 1,
                                  "Index Searches": 265,
                                  "Shared Hit Blocks": 940,
                                  "Shared Read Blocks": 120,
                                  "Shared Dirtied Blocks": 0,
                                  "Shared Written Blocks": 0,
                                  "Local Hit Blocks": 0,
                                  "Local Read Blocks": 0,
                                  "Local Dirtied Blocks": 0,
                                  "Local Written Blocks": 0,
                                  "Temp Read Blocks": 0,
                                  "Temp Written Blocks": 0
                                }
                              ]
                            },
                            {
                              "Node Type": "Index Scan",
                              "Parent Relationship": "Inner",
                              "Parallel Aware": false,
                              "Async Capable": false,
                              "Scan Direction": "Forward",
                              "Index Name": "movie_id_movie_companies",
                              "Relation Name": "movie_companies",
                              "Schema": "public",
                              "Alias": "mc2",
                              "Startup Cost": 0.43,
                              "Total Cost": 0.74,
                              "Plan Rows": 5,
                              "Plan Width": 8,
                              "Actual Startup Time": 0.02,
                              "Actual Total Time": 0.029,
                              "Actual Rows": 8.02,
                              "Actual Loops": 58,
                              "Disabled": false,
                              "Output": [
                                "mc2.id",
                                "mc2.movie_id",
                                "mc2.company_id",
                                "mc2.company_type_id",
                                "mc2.note"
                              ],
                              "Index Cond": "(mc2.movie_id = t2.id)",
                              "Rows Removed by Index Recheck": 0,
                              "Index Searches": 58,
                              "Shared Hit Blocks": 255,
                              "Shared Read Blocks": 29,
                              "Shared Dirtied Blocks": 0,
                              "Shared Written Blocks": 0,
                              "Local Hit Blocks": 0,
                              "Local Read Blocks": 0,
                              "Local Dirtied Blocks": 0,
                              "Local Written Blocks": 0,
                              "Temp Read Blocks": 0,
                              "Temp Written Blocks": 0
                            }
                          ]
                        },
                        {
                          "Node Type": "Index Scan",
                          "Parent Relationship": "Inner",
                          "Parallel Aware": false,
                          "Async Capable": false,
                          "Scan Direction": "Forward",
                          "Index Name": "company_name_pkey",
                          "Relation Name": "company_name",
                          "Schema": "public",
                          "Alias": "cn2",
                          "Startup Cost": 0.42,
                          "Total Cost": 0.44,
                          "Plan Rows": 1,
                          "Plan Width": 23,
                          "Actual Startup Time": 0.001,
                          "Actual Total Time": 0.001,
                          "Actual Rows": 1.0,
                          "Actual Loops": 465,
                          "Disabled": false,
                          "Output": [
                            "cn2.id",
                            "cn2.name",
                            "cn2.country_code",
                            "cn2.imdb_id",
                            "cn2.name_pcode_nf",
                            "cn2.name_pcode_sf",
                            "cn2.md5sum"
                          ],
                          "Index Cond": "(cn2.id = mc2.company_id)",
                          "Rows Removed by Index Recheck": 0,
                          "Index Searches": 465,
                          "Shared Hit Blocks": 1776,
                          "Shared Read Blocks": 84,
                          "Shared Dirtied Blocks": 0,
                          "Shared Written Blocks": 0,
                          "Local Hit Blocks": 0,
                          "Local Read Blocks": 0,
                          "Local Dirtied Blocks": 0,
                          "Local Written Blocks": 0,
                          "Temp Read Blocks": 0,
                          "Temp Written Blocks": 0
                        }
                      ]
                    },
                    {
                      "Node Type": "Index Scan",
                      "Parent Relationship": "Inner",
                      "Parallel Aware": false,
                      "Async Capable": false,
                      "Scan Direction": "Forward",
                      "Index Name": "movie_id_movie_info_idx",
                      "Relation Name": "movie_info_idx",
                      "Schema": "public",
                      "Alias": "mi_idx2",
                      "Startup Cost": 0.43,
                      "Total Cost": 0.51,
                      "Plan Rows": 1,
                      "Plan Width": 13,
                      "Actual Startup Time": 0.002,
                      "Actual Total Time": 0.002,
                      "Actual Rows": 1.74,
                      "Actual Loops": 465,
                      "Disabled": false,
                      "Output": [
                        "mi_idx2.id",
                        "mi_idx2.movie_id",
                        "mi_idx2.info_type_id",
                        "mi_idx2.info",
                        "mi_idx2.note"
                      ],
                      "Index Cond": "(mi_idx2.movie_id = mc2.movie_id)",
                      "Rows Removed by Index Recheck": 0,
                      "Filter": "(mi_idx2.info < '3.0'::text)",
                      "Rows Removed by Filter": 1,
                      "Index Searches": 465,
                      "Shared Hit Blocks": 1845,
                      "Shared Read Blocks": 15,
                      "Shared Dirtied Blocks": 0,
                      "Shared Written Blocks": 0,
                      "Local Hit Blocks": 0,
                      "Local Read Blocks": 0,
                      "Local Dirtied Blocks": 0,
                      "Local Written Blocks": 0,
                      "Temp Read Blocks": 0,
                      "Temp Written Blocks": 0
                    }
                  ]
                },
                {
                  "Node Type": "Index Scan",
                  "Parent Relationship": "Inner",
                  "Parallel Aware": false,
                  "Async Capable": false,
                  "Scan Direction": "Forward",
                  "Index Name": "info_type_pkey",
                  "Relation Name": "info_type",
                  "Schema": "public",
                  "Alias": "it2",
                  "Startup Cost": 0.14,
                  "Total Cost": 0.16,
                  "Plan Rows": 1,
                  "Plan Width": 4,
                  "Actual Startup Time": 0.0,
                  "Actual Total Time": 0.0,
                  "Actual Rows": 0.01,
                  "Actual Loops": 807,
                  "Disabled": false,
                  "Output": [
                    "it2.id",
                    "it2.info"
                  ],
                  "Index Cond": "(it2.id = mi_idx2.info_type_id)",
                  "Rows Removed by Index Recheck": 0,
                  "Filter": "((it2.info)::text = 'rating'::text)",
                  "Rows Removed by Filter": 1,
                  "Index Searches": 807,
                  "Shared Hit Blocks": 1614,
                  "Shared Read Blocks": 0,
                  "Shared Dirtied Blocks": 0,
                  "Shared Written Blocks": 0,
                  "Local Hit Blocks": 0,
                  "Local Read Blocks": 0,
                  "Local Dirtied Blocks": 0,
                  "Local Written Blocks": 0,
                  "Temp Read Blocks": 0,
                  "Temp Written Blocks": 0
                }
              ]
            },
            {
              "Node Type": "Index Scan",
              "Parent Relationship": "Inner",
              "Parallel Aware": false,
              "Async Capable": false,
              "Scan Direction": "Forward",
              "Index Name": "title_pkey",
              "Relation Name": "title",
              "Schema": "public",
              "Alias": "t1",
              "Startup Cost": 0.43,
              "Total Cost": 0.52,
              "Plan Rows": 1,
              "Plan Width": 25,
              "Actual Startup Time": 0.003,
              "Actual Total Time": 0.003,
              "Actual Rows": 1.0,
              "Actual Loops": 8,
              "Disabled": false,
              "Output": [
                "t1.id",
                "t1.title",
                "t1.imdb_index",
                "t1.kind_id",
                "t1.production_year",
                "t1.imdb_id",
                "t1.phonetic_code",
                "t1.episode_of_id",
                "t1.season_nr",
                "t1.episode_nr",
                "t1.series_years",
                "t1.md5sum"
              ],
              "Index Cond": "(t1.id = mc1.movie_id)",
              "Rows Removed by Index Recheck": 0,
              "Index Searches": 8,
              "Shared Hit Blocks": 30,
              "Shared Read Blocks": 2,
              "Shared Dirtied Blocks": 0,
              "Shared Written Blocks": 0,
              "Local Hit Blocks": 0,
              "Local Read Blocks": 0,
              "Local Dirtied Blocks": 0,
              "Local Written Blocks": 0,
              "Temp Read Blocks": 0,
              "Temp Written Blocks": 0
            }
          ]
        }
      ]
    },
    "Planning": {
      "Shared Hit Blocks": 179,
      "Shared Read Blocks": 27,
      "Shared Dirtied Blocks": 0,
      "Shared Written Blocks": 0,
      "Local Hit Blocks": 0,
      "Local Read Blocks": 0,
      "Local Dirtied Blocks": 0,
      "Local Written Blocks": 0,
      "Temp Read Blocks": 0,
      "Temp Written Blocks": 0
    },
    "Planning Time": 48.303,
    "Triggers": [],
    "Execution Time": 69.288
  }
]