[
  {
    "Plan": {
      "Node Type": "Aggregate",
      "Strategy": "Plain",
      "Partial Mode": "Finalize",
      "Parallel Aware": false,
      "Async Capable": false,
      "Startup Cost": 178658.34,
      "Total Cost": 178658.35,
      "Plan Rows": 1,
      "Plan Width": 32,
      "Actual Startup Time": 2443.505,
      "Actual Total Time": 2446.039,
      "Actual Rows": 1.0,
      "Actual Loops": 1,
      "Disabled": false,
      "Output": [
        "min(t.title)"
      ],
      "Shared Hit Blocks": 34951,
      "Shared Read Blocks": 54731,
      "Shared Dirtied Blocks": 39439,
      "Shared Written Blocks": 38860,
      "Local Hit Blocks": 0,
      "Local Read Blocks": 0,
      "Local Dirtied Blocks": 0,
      "Local Written Blocks": 0,
      "Temp Read Blocks": 4089,
      "Temp Written Blocks": 4104,
      "Plans": [
        {
          "Node Type": "Gather",
          "Parent Relationship": "Outer",
          "Parallel Aware": false,
          "Async Capable": false,
          "Startup Cost": 178658.12,
          "Total Cost": 178658.33,
          "Plan Rows": 2,
          "Plan Width": 32,
          "Actual Startup Time": 2387.74,
          "Actual Total Time": 2446.028,
          "Actual Rows": 3.0,
          "Actual Loops": 1,
          "Disabled": false,
          "Output": [
            "(PARTIAL min(t.title))"
          ],
          "Workers Planned": 2,
          "Workers Launched": 2,
          "Single Copy": false,
          "Shared Hit Blocks": 34951,
          "Shared Read Blocks": 54731,
          "Shared Dirtied Blocks": 39439,
          "Shared Written Blocks": 38860,
          "Local Hit Blocks": 0,
          "Local Read Blocks": 0,
          "Local Dirtied Blocks": 0,
          "Local Written Blocks": 0,
          "Temp Read Blocks": 4089,
          "Temp Written Blocks": 4104,
          "Plans": [
            {
              "Node Type": "Aggregate",
              "Strategy": "Plain",
              "Partial Mode": "Partial",
              "Parent Relationship": "Outer",
              "Parallel Aware": false,
              "Async Capable": false,
              "Startup Cost": 177658.12,
              "Total Cost": 177658.13,
              "Plan Rows": 1,
              "Plan Width": 32,
              "Actual Startup Time": 2403.944,
              "Actual Total Time": 2403.946,
              "Actual Rows": 1.0,
              "Actual Loops": 3,
              "Disabled": false,
              "Output": [
                "PARTIAL min(t.title)"
              ],
              "Shared Hit Blocks": 34951,
              "Shared Read Blocks": 54731,
              "Shared Dirtied Blocks": 39439,
              "Shared Written Blocks": 38860,
              "Local Hit Blocks": 0,
              "Local Read Blocks": 0,
              "Local Dirtied Blocks": 0,
              "Local Written Blocks": 0,
              "Temp Read Blocks": 4089,
              "Temp Written Blocks": 4104,
              "Workers": [
                {
                  "Worker Number": 0,
                  "Actual Startup Time": 2405.922,
                  "Actual Total Time": 2405.924,
                  "Actual Rows": 1.0,
                  "Actual Loops": 1,
                  "Shared Hit Blocks": 14176,
                  "Shared Read Blocks": 16187,
                  "Shared Dirtied Blocks": 13215,
                  "Shared Written Blocks": 11572,
                  "Local Hit Blocks": 0,
                  "Local Read Blocks": 0,
                  "Local Dirtied Blocks": 0,
                  "Local Written Blocks": 0,
                  "Temp Read Blocks": 1357,
                  "Temp Written Blocks": 1362
                },
                {
                  "Worker Number": 1,
                  "Actual Startup Time": 2418.411,
                  "Actual Total Time": 2418.412,
                  "Actual Rows": 1.0,
                  "Actual Loops": 1,
                  "Shared Hit Blocks": 8088,
                  "Shared Read Blocks": 22465,
                  "Shared Dirtied Blocks": 13101,
                  "Shared Written Blocks": 16164,
                  "Local Hit Blocks": 0,
                  "Local Read Blocks": 0,
                  "Local Dirtied Blocks": 0,
                  "Local Written Blocks": 0,
                  "Temp Read Blocks": 1343,
                  "Temp Written Blocks": 1348
                }
              ],
              "Plans": [
                {
                  "Node Type": "Nested Loop",
                  "Parent Relationship": "Outer",
                  "Parallel Aware": false,
                  "Async Capable": false,
                  "Join Type": "Inner",
                  "Startup Cost": 69594.47,
                  "Total Cost": 177657.34,
                  "Plan Rows": 313,
                  "Plan Width": 32,
                  "Actual Startup Time": 1525.786,
                  "Actual Total Time": 2403.875,
                  "Actual Rows": 68.67,
                  "Actual Loops": 3,
                  "Disabled": false,
                  "Output": [
                    "t.title"
                  ],
                  "Inner Unique": false,
                  "Shared Hit Blocks": 34951,
                  "Shared Read Blocks": 54731,
                  "Shared Dirtied Blocks": 39439,
                  "Shared Written Blocks": 38860,
                  "Local Hit Blocks": 0,
                  "Local Read Blocks": 0,
                  "Local Dirtied Blocks": 0,
                  "Local Written Blocks": 0,
                  "Temp Read Blocks": 4089,
                  "Temp Written Blocks": 4104,
                  "Workers": [
                    {
                      "Worker Number": 0,
                      "Actual Startup Time": 1510.022,
                      "Actual Total Time": 2405.863,
                      "Actual Rows": 69.0,
                      "Actual Loops": 1,
                      "Shared Hit Blocks": 14176,
                      "Shared Read Blocks": 16187,
                      "Shared Dirtied Blocks": 13215,
                      "Shared Written Blocks": 11572,
                      "Local Hit Blocks": 0,
                      "Local Read Blocks": 0,
                      "Local Dirtied Blocks": 0,
                      "Local Written Blocks": 0,
                      "Temp Read Blocks": 1357,
                      "Temp Written Blocks": 1362
                    },
                    {
                      "Worker Number": 1,
                      "Actual Startup Time": 1511.823,
                      "Actual Total Time": 2418.324,
                      "Actual Rows": 86.0,
                      "Actual Loops": 1,
                      "Shared Hit Blocks": 8088,
                      "Shared Read Blocks": 22465,
                      "Shared Dirtied Blocks": 13101,
                      "Shared Written Blocks": 16164,
                      "Local Hit Blocks": 0,
                      "Local Read Blocks": 0,
                      "Local Dirtied Blocks": 0,
                      "Local Written Blocks": 0,
                      "Temp Read Blocks": 1343,
                      "Temp Written Blocks": 1348
                    }
                  ],
                  "Plans": [
                    {
                      "Node Type": "Merge Join",
                      "Parent Relationship": "Outer",
                      "Parallel Aware": false,
                      "Async Capable": false,
                      "Join Type": "Inner",
                      "Startup Cost": 69594.03,
                      "Total Cost": 70171.96,
                      "Plan Rows": 61,
                      "Plan Width": 40,
                      "Actual Startup Time": 1506.413,
                      "Actual Total Time": 1533.988,
                      "Actual Rows": 745.0,
                      "Actual Loops": 3,
                      "Disabled": false,
                      "Output": [
                        "mk.movie_id",
                        "t.title",
                        "t.id"
                      ],
                      "Inner Unique": false,
                      "Merge Cond": "(t.id = mk.movie_id)",
                      "Shared Hit Blocks": 17286,
                      "Shared Read Blocks": 42730,
                      "Shared Dirtied Blocks": 35958,
                      "Shared Written Blocks": 29884,
                      "Local Hit Blocks": 0,
                      "Local Read Blocks": 0,
                      "Local Dirtied Blocks": 0,
                      "Local Written Blocks": 0,
                      "Temp Read Blocks": 4089,
                      "Temp Written Blocks": 4104,
                      "Workers": [
                        {
                          "Worker Number": 0,
                          "Actual Startup Time": 1498.96,
                          "Actual Total Time": 1525.895,
                          "Actual Rows": 784.0,
                          "Actual Loops": 1,
                          "Shared Hit Blocks": 7877,
                          "Shared Read Blocks": 12149,
                          "Shared Dirtied Blocks": 11990,
                          "Shared Written Blocks": 8565,
                          "Local Hit Blocks": 0,
                          "Local Read Blocks": 0,
                          "Local Dirtied Blocks": 0,
                          "Local Written Blocks": 0,
                          "Temp Read Blocks": 1357,
                          "Temp Written Blocks": 1362
                        },
                        {
                          "Worker Number": 1,
                          "Actual Startup Time": 1499.054,
                          "Actual Total Time": 1525.736,
                          "Actual Rows": 801.0,
                          "Actual Loops": 1,
                          "Shared Hit Blocks": 1643,
                          "Shared Read Blocks": 18264,
                          "Shared Dirtied Blocks": 11889,
                          "Shared Written Blocks": 13077,
                          "Local Hit Blocks": 0,
                          "Local Read Blocks": 0,
                          "Local Dirtied Blocks": 0,
                          "Local Written Blocks": 0,
                          "Temp Read Blocks": 1343,
                          "Temp Written Blocks": 1348
                        }
                      ],
                      "Plans": [
                        {
                          "Node Type": "Sort",
                          "Parent Relationship": "Outer",
                          "Parallel Aware": false,
                          "Async Capable": false,
                          "Startup Cost": 53136.72,
                          "Total Cost": 53424.29,
                          "Plan Rows": 115025,
                          "Plan Width": 36,
                          "Actual Startup Time": 1202.493,
                          "Actual Total Time": 1229.279,
                          "Actual Rows": 337544.67,
                          "Actual Loops": 3,
                          "Disabled": false,
                          "Output": [
                            "t.title",
                            "t.id"
                          ],
                          "Sort Key": [
                            "t.id"
                          ],
                          "Sort Method": "external merge",
                          "Sort Space Used": 11112,
                          "Sort Space Type": "Disk",
                          "Shared Hit Blocks": 49,
                          "Shared Read Blocks": 35967,
                          "Shared Dirtied Blocks": 35958,
                          "Shared Written Blocks": 25002,
                          "Local Hit Blocks": 0,
                          "Local Read Blocks": 0,
                          "Local Dirtied Blocks": 0,
                          "Local Written Blocks": 0,
                          "Temp Read Blocks": 4089,
                          "Temp Written Blocks": 4104,
                          "Workers": [
                            {
                              "Worker Number": 0,
                              "Actual Startup Time": 1195.133,
                              "Actual Total Time": 1220.52,
                              "Actual Rows": 336133.0,
                              "Actual Loops": 1,
                              "Sort Method": "external merge",
                              "Sort Space Used": 10856,
                              "Sort Space Type": "Disk",
                              "Shared Hit Blocks": 14,
                              "Shared Read Blocks": 11990,
                              "Shared Dirtied Blocks": 11990,
                              "Shared Written Blocks": 8452,
                              "Local Hit Blocks": 0,
                              "Local Read Blocks": 0,
                              "Local Dirtied Blocks": 0,
                              "Local Written Blocks": 0,
                              "Temp Read Blocks": 1357,
                              "Temp Written Blocks": 1362
                            },
                            {
                              "Worker Number": 1,
                              "Actual Startup Time": 1195.662,
                              "Actual Total Time": 1220.92,
                              "Actual Rows": 332433.0,
                              "Actual Loops": 1,
                              "Sort Method": "external merge",
                              "Sort Space Used": 10744,
                              "Sort Space Type": "Disk",
                              "Shared Hit Blocks": 19,
                              "Shared Read Blocks": 11897,
                              "Shared Dirtied Blocks": 11889,
                              "Shared Written Blocks": 8465,
                              "Local Hit Blocks": 0,
                              "Local Read Blocks": 0,
                              "Local Dirtied Blocks": 0,
                              "Local Written Blocks": 0,
                              "Temp Read Blocks": 1343,
                              "Temp Written Blocks": 1348
                            }
                          ],
                          "Plans": [
                            {
                              "Node Type": "Seq Scan",
                              "Parent Relationship": "Outer",
                              "Parallel Aware": true,
                              "Async Capable": false,
                              "Relation Name": "title",
                              "Schema": "public",
                              "Alias": "t",
                              "Startup Cost": 0.0,
                              "Total Cost": 40321.46,
                              "Plan Rows": 115025,
                              "Plan Width": 36,
                              "Actual Startup Time": 0.234,
                              "Actual Total Time": 1072.938,
                              "Actual Rows": 337640.0,
                              "Actual Loops": 3,
                              "Disabled": false,
                              "Output": [
                                "t.title",
                                "t.id"
                              ],
                              "Filter": "(t.production_year > 2005)",
                              "Rows Removed by Filter": 505131,
                              "Shared Hit Blocks": 42,
                              "Shared Read Blocks": 35966,
                              "Shared Dirtied Blocks": 35958,
                              "Shared Written Blocks": 25002,
                              "Local Hit Blocks": 0,
                              "Local Read Blocks": 0,
                              "Local Dirtied Blocks": 0,
                              "Local Written Blocks": 0,
                              "Temp Read Blocks": 0,
                              "Temp Written Blocks": 0,
                              "Workers": [
                                {
                                  "Worker Number": 0,
                                  "Actual Startup Time": 0.075,
                                  "Actual Total Time": 1063.467,
                                  "Actual Rows": 336138.0,
                                  "Actual Loops": 1,
                                  "Shared Hit Blocks": 10,
                                  "Shared Read Blocks": 11990,
                                  "Shared Dirtied Blocks": 11990,
                                  "Shared Written Blocks": 8452,
                                  "Local Hit Blocks": 0,
                                  "Local Read Blocks": 0,
                                  "Local Dirtied Blocks": 0,
                                  "Local Written Blocks": 0,
                                  "Temp Read Blocks": 0,
                                  "Temp Written Blocks": 0
                                },
                                {
                                  "Worker Number": 1,
                                  "Actual Startup Time": 0.052,
                                  "Actual Total Time": 1067.701,
                                  "Actual Rows": 332704.0,
                                  "Actual Loops": 1,
                                  "Shared Hit Blocks": 16,
                                  "Shared Read Blocks": 11896,
                                  "Shared Dirtied Blocks": 11889,
                                  "Shared Written Blocks": 8465,
                                  "Local Hit Blocks": 0,
                                  "Local Read Blocks": 0,
                                  "Local Dirtied Blocks": 0,
                                  "Local Written Blocks": 0,
                                  "Temp Read Blocks": 0,
                                  "Temp Written Blocks": 0
                                }
                              ]
                            }
                          ]
                        },
                        {
                          "Node Type": "Sort",
                          "Parent Relationship": "Inner",
                          "Parallel Aware": false,
                          "Async Capable": false,
                          "Startup Cost": 16457.31,
                          "Total Cost": 16458.4,
                          "Plan Rows": 438,
                          "Plan Width": 4,
                          "Actual Startup Time": 291.838,
                          "Actual Total Time": 292.376,
                          "Actual Rows": 12951.0,
                          "Actual Loops": 3,
                          "Disabled": false,
                          "Output": [
                            "mk.movie_id"
                          ],
                          "Sort Key": [
                            "mk.movie_id"
                          ],
                          "Sort Method": "quicksort",
                          "Sort Space Used": 385,
                          "Sort Space Type": "Memory",
                          "Shared Hit Blocks": 17237,
                          "Shared Read Blocks": 6763,
                          "Shared Dirtied Blocks": 0,
                          "Shared Written Blocks": 4882,
                          "Local Hit Blocks": 0,
                          "Local Read Blocks": 0,
                          "Local Dirtied Blocks": 0,
                          "Local Written Blocks": 0,
                          "Temp Read Blocks": 0,
                          "Temp Written Blocks": 0,
                          "Workers": [
                            {
                              "Worker Number": 0,
                              "Actual Startup Time": 292.488,
                              "Actual Total Time": 293.063,
                              "Actual Rows": 12951.0,
                              "Actual Loops": 1,
                              "Sort Method": "quicksort",
                              "Sort Space Used": 385,
                              "Sort Space Type": "Memory",
                              "Shared Hit Blocks": 7863,
                              "Shared Read Blocks": 159,
                              "Shared Dirtied Blocks": 0,
                              "Shared Written Blocks": 113,
                              "Local Hit Blocks": 0,
                              "Local Read Blocks": 0,
                              "Local Dirtied Blocks": 0,
                              "Local Written Blocks": 0,
                              "Temp Read Blocks": 0,
                              "Temp Written Blocks": 0
                            },
                            {
                              "Worker Number": 1,
                              "Actual Startup Time": 292.017,
                              "Actual Total Time": 292.547,
                              "Actual Rows": 12951.0,
                              "Actual Loops": 1,
                              "Sort Method": "quicksort",
                              "Sort Space Used": 385,
                              "Sort Space Type": "Memory",
                              "Shared Hit Blocks": 1624,
                              "Shared Read Blocks": 6367,
                              "Shared Dirtied Blocks": 0,
                              "Shared Written Blocks": 4612,
                              "Local Hit Blocks": 0,
                              "Local Read Blocks": 0,
                              "Local Dirtied Blocks": 0,
                              "Local Written Blocks": 0,
                              "Temp Read Blocks": 0,
                              "Temp Written Blocks": 0
                            }
                          ],
                          "Plans": [
                            {
                              "Node Type": "Nested Loop",
                              "Parent Relationship": "Outer",
                              "Parallel Aware": false,
                              "Async Capable": false,
                              "Join Type": "Inner",
                              "Startup Cost": 6.8,
                              "Total Cost": 16438.09,
                              "Plan Rows": 438,
                              "Plan Width": 4,
                              "Actual Startup Time": 7.378,
                              "Actual Total Time": 290.75,
                              "Actual Rows": 12951.0,
                              "Actual Loops": 3,
                              "Disabled": false,
                              "Output": [
                                "mk.movie_id"
                              ],
                              "Inner Unique": false,
                              "Shared Hit Blocks": 17237,
                              "Shared Read Blocks": 6763,
                              "Shared Dirtied Blocks": 0,
                              "Shared Written Blocks": 4882,
                              "Local Hit Blocks": 0,
                              "Local Read Blocks": 0,
                              "Local Dirtied Blocks": 0,
                              "Local Written Blocks": 0,
                              "Temp Read Blocks": 0,
                              "Temp Written Blocks": 0,
                              "Workers": [
                                {
                                  "Worker Number": 0,
                                  "Actual Startup Time": 8.112,
                                  "Actual Total Time": 291.385,
                                  "Actual Rows": 12951.0,
                                  "Actual Loops": 1,
                                  "Shared Hit Blocks": 7863,
                                  "Shared Read Blocks": 159,
                                  "Shared Dirtied Blocks": 0,
                                  "Shared Written Blocks": 113,
                                  "Local Hit Blocks": 0,
                                  "Local Read Blocks": 0,
                                  "Local Dirtied Blocks": 0,
                                  "Local Written Blocks": 0,
                                  "Temp Read Blocks": 0,
                                  "Temp Written Blocks": 0
                                },
                                {
                                  "Worker Number": 1,
                                  "Actual Startup Time": 7.587,
                                  "Actual Total Time": 290.957,
                                  "Actual Rows": 12951.0,
                                  "Actual Loops": 1,
                                  "Shared Hit Blocks": 1624,
                                  "Shared Read Blocks": 6367,
                                  "Shared Dirtied Blocks": 0,
                                  "Shared Written Blocks": 4612,
                                  "Local Hit Blocks": 0,
                                  "Local Read Blocks": 0,
                                  "Local Dirtied Blocks": 0,
                                  "Local Written Blocks": 0,
                                  "Temp Read Blocks": 0,
                                  "Temp Written Blocks": 0
                                }
                              ],
                              "Plans": [
                                {
                                  "Node Type": "Seq Scan",
                                  "Parent Relationship": "Outer",
                                  "Parallel Aware": false,
                                  "Async Capable": false,
                                  "Relation Name": "keyword",
                                  "Schema": "public",
                                  "Alias": "k",
                                  "Startup Cost": 0.0,
                                  "Total Cost": 2685.12,
                                  "Plan Rows": 13,
                                  "Plan Width": 4,
                                  "Actual Startup Time": 1.562,
                                  "Actual Total Time": 15.976,
                                  "Actual Rows": 30.0,
                                  "Actual Loops": 3,
                                  "Disabled": false,
                                  "Output": [
                                    "k.id",
                                    "k.keyword",
                                    "k.phonetic_code"
                                  ],
                                  "Filter": "(k.keyword ~~ '%sequel%'::text)",
                                  "Rows Removed by Filter": 134140,
                                  "Shared Hit Blocks": 1756,
                                  "Shared Read Blocks": 1008,
                                  "Shared Dirtied Blocks": 0,
                                  "Shared Written Blocks": 581,
                                  "Local Hit Blocks": 0,
                                  "Local Read Blocks": 0,
                                  "Local Dirtied Blocks": 0,
                                  "Local Written Blocks": 0,
                                  "Temp Read Blocks": 0,
                                  "Temp Written Blocks": 0,
                                  "Workers": [
                                    {
                                      "Worker Number": 0,
                                      "Actual Startup Time": 2.199,
                                      "Actual Total Time": 16.224,
                                      "Actual Rows": 30.0,
                                      "Actual Loops": 1,
                                      "Shared Hit Blocks": 831,
                                      "Shared Read Blocks": 112,
                                      "Shared Dirtied Blocks": 0,
                                      "Shared Written Blocks": 72,
                                      "Local Hit Blocks": 0,
                                      "Local Read Blocks": 0,
                                      "Local Dirtied Blocks": 0,
                                      "Local Written Blocks": 0,
                                      "Temp Read Blocks": 0,
                                      "Temp Written Blocks": 0
                                    },
                                    {
                                      "Worker Number": 1,
                                      "Actual Startup Time": 1.707,
                                      "Actual Total Time": 17.116,
                                      "Actual Rows": 30.0,
                                      "Actual Loops": 1,
                                      "Shared Hit Blocks": 163,
                                      "Shared Read Blocks": 749,
                                      "Shared Dirtied Blocks": 0,
                                      "Shared Written Blocks": 411,
                                      "Local Hit Blocks": 0,
                                      "Local Read Blocks": 0,
                                      "Local Dirtied Blocks": 0,
                                      "Local Written Blocks": 0,
                                      "Temp Read Blocks": 0,
                                      "Temp Written Blocks": 0
                                    }
                                  ]
                                },
                                {
                                  "Node Type": "Bitmap Heap Scan",
                                  "Parent Relationship": "Inner",
                                  "Parallel Aware": false,
                                  "Async Capable": false,
                                  "Relation Name": "movie_keyword",
                                  "Schema": "public",
                                  "Alias": "mk",
                                  "Startup Cost": 6.8,
                                  "Total Cost": 1054.86,
                                  "Plan Rows": 306,
                                  "Plan Width": 8,
                                  "Actual Startup Time": 0.563,
                                  "Actual Total Time": 9.12,
                                  "Actual Rows": 431.7,
                                  "Actual Loops": 90,
                                  "Disabled": false,
                                  "Output": [
                                    "mk.id",
                                    "mk.movie_id",
                                    "mk.keyword_id"
                                  ],
                                  "Recheck Cond": "(k.id = mk.keyword_id)",
                                  "Rows Removed by Index Recheck": 0,
                                  "Exact Heap Blocks": 6979,
                                  "Lossy Heap Blocks": 0,
                                  "Shared Hit Blocks": 15481,
                                  "Shared Read Blocks": 5755,
                                  "Shared Dirtied Blocks": 0,
                                  "Shared Written Blocks": 4301,
                                  "Local Hit Blocks": 0,
                                  "Local Read Blocks": 0,
                                  "Local Dirtied Blocks": 0,
                                  "Local Written Blocks": 0,
                                  "Temp Read Blocks": 0,
                                  "Temp Written Blocks": 0,
                                  "Workers": [
                                    {
                                      "Worker Number": 0,
                                      "Actual Startup Time": 0.585,
                                      "Actual Total Time": 9.134,
                                      "Actual Rows": 431.7,
                                      "Actual Loops": 30,
                                      "Shared Hit Blocks": 7032,
                                      "Shared Read Blocks": 47,
                                      "Shared Dirtied Blocks": 0,
                                      "Shared Written Blocks": 41,
                                      "Local Hit Blocks": 0,
                                      "Local Read Blocks": 0,
                                      "Local Dirtied Blocks": 0,
                                      "Local Written Blocks": 0,
                                      "Temp Read Blocks": 0,
                                      "Temp Written Blocks": 0
                                    },
                                    {
                                      "Worker Number": 1,
                                      "Actual Startup Time": 0.54,
                                      "Actual Total Time": 9.09,
                                      "Actual Rows": 431.7,
                                      "Actual Loops": 30,
                                      "Shared Hit Blocks": 1461,
                                      "Shared Read Blocks": 5618,
                                      "Shared Dirtied Blocks": 0,
                                      "Shared Written Blocks": 4201,
                                      "Local Hit Blocks": 0,
                                      "Local Read Blocks": 0,
                                      "Local Dirtied Blocks": 0,
                                      "Local Written Blocks": 0,
                                      "Temp Read Blocks": 0,
                                      "Temp Written Blocks": 0
                                    }
                                  ],
                                  "Plans": [
                                    {
                                      "Node Type": "Bitmap Index Scan",
                                      "Parent Relationship": "Outer",
                                      "Parallel Aware": false,
                                      "Async Capable": false,
                                      "Index Name": "keyword_id_movie_keyword",
                                      "Startup Cost": 0.0,
                                      "Total Cost": 6.73,
                                      "Plan Rows": 306,
                                      "Plan Width": 0,
                                      "Actual Startup Time": 0.494,
                                      "Actual Total Time": 0.494,
                                      "Actual Rows": 431.7,
                                      "Actual Loops": 90,
                                      "Disabled": false,
                                      "Index Cond": "(mk.keyword_id = k.id)",
                                      "Index Searches": 90,
                                      "Shared Hit Blocks": 253,
                                      "Shared Read Blocks": 46,
                                      "Shared Dirtied Blocks": 0,
                                      "Shared Written Blocks": 41,
                                      "Local Hit Blocks": 0,
                                      "Local Read Blocks": 0,
                                      "Local Dirtied Blocks": 0,
                                      "Local Written Blocks": 0,
                                      "Temp Read Blocks": 0,
                                      "Temp Written Blocks": 0,
                                      "Workers": [
                                        {
                                          "Worker Number": 0,
                                          "Actual Startup Time": 0.508,
                                          "Actual Total Time": 0.508,
                                          "Actual Rows": 431.7,
                                          "Actual Loops": 30,
                                          "Shared Hit Blocks": 89,
                                          "Shared Read Blocks": 11,
                                          "Shared Dirtied Blocks": 0,
                                          "Shared Written Blocks": 14,
                                          "Local Hit Blocks": 0,
                                          "Local Read Blocks": 0,
                                          "Local Dirtied Blocks": 0,
                                          "Local Written Blocks": 0,
                                          "Temp Read Blocks": 0,
                                          "Temp Written Blocks": 0
                                        },
                                        {
                                          "Worker Number": 1,
                                          "Actual Startup Time": 0.463,
                                          "Actual Total Time": 0.463,
                                          "Actual Rows": 431.7,
                                          "Actual Loops": 30,
                                          "Shared Hit Blocks": 89,
                                          "Shared Read Blocks": 11,
                                          "Shared Dirtied Blocks": 0,
                                          "Shared Written Blocks": 8,
                                          "Local Hit Blocks": 0,
                                          "Local Read Blocks": 0,
                                          "Local Dirtied Blocks": 0,
                                          "Local Written Blocks": 0,
                                          "Temp Read Blocks": 0,
                                          "Temp Written Blocks": 0
                                        }
                                      ]
                                    }
                                  ]
                                }
                              ]
                            }
                          ]
                        }
                      ]
                    },
                    {
                      "Node Type": "Index Scan",
                      "Parent Relationship": "Inner",
                      "Parallel Aware": false,
                      "Async Capable": false,
                      "Scan Direction": "Forward",
                      "Index Name": "movie_id_movie_info",
                      "Relation Name": "movie_info",
                      "Schema": "public",
                      "Alias": "mi",
                      "Startup Cost": 0.43,
                      "Total Cost": 1736.84,
                      "Plan Rows": 2522,
                      "Plan Width": 4,
                      "Actual Startup Time": 1.11,
                      "Actual Total Time": 1.167,
                      "Actual Rows": 0.09,
                      "Actual Loops": 2235,
                      "Disabled": false,
                      "Output": [
                        "mi.id",
                        "mi.movie_id",
                        "mi.info_type_id",
                        "mi.info",
                        "mi.note"
                      ],
                      "Index Cond": "(mi.movie_id = t.id)",
                      "Rows Removed by Index Recheck": 0,
                      "Filter": "(mi.info = ANY ('{Sweden,Norway,Germany,Denmark,Swedish,Denish,Norwegian,German}'::text[]))",
                      "Rows Removed by Filter": 45,
                      "Index Searches": 2235,
                      "Shared Hit Blocks": 17665,
                      "Shared Read Blocks": 12001,
                      "Shared Dirtied Blocks": 3481,
                      "Shared Written Blocks": 8976,
                      "Local Hit Blocks": 0,
                      "Local Read Blocks": 0,
                      "Local Dirtied Blocks": 0,
                      "Local Written Blocks": 0,
                      "Temp Read Blocks": 0,
                      "Temp Written Blocks": 0,
                      "Workers": [
                        {
                          "Worker Number": 0,
                          "Actual Startup Time": 1.071,
                          "Actual Total Time": 1.122,
                          "Actual Rows": 0.09,
                          "Actual Loops": 784,
                          "Shared Hit Blocks": 6299,
                          "Shared Read Blocks": 4038,
                          "Shared Dirtied Blocks": 1225,
                          "Shared Written Blocks": 3007,
                          "Local Hit Blocks": 0,
                          "Local Read Blocks": 0,
                          "Local Dirtied Blocks": 0,
                          "Local Written Blocks": 0,
                          "Temp Read Blocks": 0,
                          "Temp Written Blocks": 0
                        },
                        {
                          "Worker Number": 1,
                          "Actual Startup Time": 1.058,
                          "Actual Total Time": 1.114,
                          "Actual Rows": 0.11,
                          "Actual Loops": 801,
                          "Shared Hit Blocks": 6445,
                          "Shared Read Blocks": 4201,
                          "Shared Dirtied Blocks": 1212,
                          "Shared Written Blocks": 3087,
                          "Local Hit Blocks": 0,
                          "Local Read Blocks": 0,
                          "Local Dirtied Blocks": 0,
                          "Local Written Blocks": 0,
                          "Temp Read Blocks": 0,
                          "Temp Written Blocks": 0
                        }
                      ]
                    }
                  ]
                }
              ]
            }
          ]
        }
      ]
    },
    "Planning": {
      "Shared Hit Blocks": 84,
      "Shared Read Blocks": 36,
      "Shared Dirtied Blocks": 0,
      "Shared Written Blocks": 8,
      "Local Hit Blocks": 0,
      "Local Read Blocks": 0,
      "Local Dirtied Blocks": 0,
      "Local Written Blocks": 0,
      "Temp Read Blocks": 0,
      "Temp Written Blocks": 0
    },
    "Planning Time": 7.452,
    "Triggers": [],
    "Execution Time": 2450.109
  }
]