[
  {
    "Plan": {
      "Node Type": "Aggregate",
      "Strategy": "Plain",
      "Partial Mode": "Finalize",
      "Parallel Aware": false,
      "Async Capable": false,
      "Startup Cost": 148361.57,
      "Total Cost": 148361.58,
      "Plan Rows": 1,
      "Plan Width": 32,
      "Actual Startup Time": 218.021,
      "Actual Total Time": 219.297,
      "Actual Rows": 1.0,
      "Actual Loops": 1,
      "Disabled": false,
      "Output": [
        "min(t.title)"
      ],
      "Shared Hit Blocks": 29207,
      "Shared Read Blocks": 37174,
      "Shared Dirtied Blocks": 0,
      "Shared Written Blocks": 382,
      "Local Hit Blocks": 0,
      "Local Read Blocks": 0,
      "Local Dirtied Blocks": 0,
      "Local Written Blocks": 0,
      "Temp Read Blocks": 1601,
      "Temp Written Blocks": 1605,
      "Plans": [
        {
          "Node Type": "Gather",
          "Parent Relationship": "Outer",
          "Parallel Aware": false,
          "Async Capable": false,
          "Startup Cost": 148361.35,
          "Total Cost": 148361.56,
          "Plan Rows": 2,
          "Plan Width": 32,
          "Actual Startup Time": 196.309,
          "Actual Total Time": 219.289,
          "Actual Rows": 3.0,
          "Actual Loops": 1,
          "Disabled": false,
          "Output": [
            "(PARTIAL min(t.title))"
          ],
          "Workers Planned": 2,
          "Workers Launched": 2,
          "Single Copy": false,
          "Shared Hit Blocks": 29207,
          "Shared Read Blocks": 37174,
          "Shared Dirtied Blocks": 0,
          "Shared Written Blocks": 382,
          "Local Hit Blocks": 0,
          "Local Read Blocks": 0,
          "Local Dirtied Blocks": 0,
          "Local Written Blocks": 0,
          "Temp Read Blocks": 1601,
          "Temp Written Blocks": 1605,
          "Plans": [
            {
              "Node Type": "Aggregate",
              "Strategy": "Plain",
              "Partial Mode": "Partial",
              "Parent Relationship": "Outer",
              "Parallel Aware": false,
              "Async Capable": false,
              "Startup Cost": 147361.35,
              "Total Cost": 147361.36,
              "Plan Rows": 1,
              "Plan Width": 32,
              "Actual Startup Time": 188.283,
              "Actual Total Time": 188.285,
              "Actual Rows": 1.0,
              "Actual Loops": 3,
              "Disabled": false,
              "Output": [
                "PARTIAL min(t.title)"
              ],
              "Shared Hit Blocks": 29207,
              "Shared Read Blocks": 37174,
              "Shared Dirtied Blocks": 0,
              "Shared Written Blocks": 382,
              "Local Hit Blocks": 0,
              "Local Read Blocks": 0,
              "Local Dirtied Blocks": 0,
              "Local Written Blocks": 0,
              "Temp Read Blocks": 1601,
              "Temp Written Blocks": 1605,
              "Workers": [
                {
                  "Worker Number": 0,
                  "Actual Startup Time": 184.817,
                  "Actual Total Time": 184.819,
                  "Actual Rows": 1.0,
                  "Actual Loops": 1,
                  "Shared Hit Blocks": 10161,
                  "Shared Read Blocks": 11179,
                  "Shared Dirtied Blocks": 0,
                  "Shared Written Blocks": 186,
                  "Local Hit Blocks": 0,
                  "Local Read Blocks": 0,
                  "Local Dirtied Blocks": 0,
                  "Local Written Blocks": 0,
                  "Temp Read Blocks": 475,
                  "Temp Written Blocks": 476
                },
                {
                  "Worker Number": 1,
                  "Actual Startup Time": 183.865,
                  "Actual Total Time": 183.867,
                  "Actual Rows": 1.0,
                  "Actual Loops": 1,
                  "Shared Hit Blocks": 9610,
                  "Shared Read Blocks": 11021,
                  "Shared Dirtied Blocks": 0,
                  "Shared Written Blocks": 149,
                  "Local Hit Blocks": 0,
                  "Local Read Blocks": 0,
                  "Local Dirtied Blocks": 0,
                  "Local Written Blocks": 0,
                  "Temp Read Blocks": 472,
                  "Temp Written Blocks": 473
                }
              ],
              "Plans": [
                {
                  "Node Type": "Nested Loop",
                  "Parent Relationship": "Outer",
                  "Parallel Aware": false,
                  "Async Capable": false,
                  "Join Type": "Inner",
                  "Startup Cost": 69594.47,
                  "Total Cost": 147361.26,
                  "Plan Rows": 39,
                  "Plan Width": 32,
                  "Actual Startup Time": 185.105,
                  "Actual Total Time": 188.28,
                  "Actual Rows": 1.67,
                  "Actual Loops": 3,
                  "Disabled": false,
                  "Output": [
                    "t.title"
                  ],
                  "Inner Unique": false,
                  "Join Filter": "(mi.movie_id = t.id)",
                  "Rows Removed by Join Filter": 0,
                  "Shared Hit Blocks": 29207,
                  "Shared Read Blocks": 37174,
                  "Shared Dirtied Blocks": 0,
                  "Shared Written Blocks": 382,
                  "Local Hit Blocks": 0,
                  "Local Read Blocks": 0,
                  "Local Dirtied Blocks": 0,
                  "Local Written Blocks": 0,
                  "Temp Read Blocks": 1601,
                  "Temp Written Blocks": 1605,
                  "Workers": [
                    {
                      "Worker Number": 0,
                      "Actual Startup Time": 184.814,
                      "Actual Total Time": 184.815,
                      "Actual Rows": 0.0,
                      "Actual Loops": 1,
                      "Shared Hit Blocks": 10161,
                      "Shared Read Blocks": 11179,
                      "Shared Dirtied Blocks": 0,
                      "Shared Written Blocks": 186,
                      "Local Hit Blocks": 0,
                      "Local Read Blocks": 0,
                      "Local Dirtied Blocks": 0,
                      "Local Written Blocks": 0,
                      "Temp Read Blocks": 475,
                      "Temp Written Blocks": 476
                    },
                    {
                      "Worker Number": 1,
                      "Actual Startup Time": 175.812,
                      "Actual Total Time": 183.859,
                      "Actual Rows": 4.0,
                      "Actual Loops": 1,
                      "Shared Hit Blocks": 9610,
                      "Shared Read Blocks": 11021,
                      "Shared Dirtied Blocks": 0,
                      "Shared Written Blocks": 149,
                      "Local Hit Blocks": 0,
                      "Local Read Blocks": 0,
                      "Local Dirtied Blocks": 0,
                      "Local Written Blocks": 0,
                      "Temp Read Blocks": 472,
                      "Temp Written Blocks": 473
                    }
                  ],
                  "Plans": [
                    {
                      "Node Type": "Merge Join",
                      "Parent Relationship": "Outer",
                      "Parallel Aware": false,
                      "Async Capable": false,
                      "Join Type": "Inner",
                      "Startup Cost": 69594.03,
                      "Total Cost": 70171.96,
                      "Plan Rows": 61,
                      "Plan Width": 40,
                      "Actual Startup Time": 176.89,
                      "Actual Total Time": 184.47,
                      "Actual Rows": 135.0,
                      "Actual Loops": 3,
                      "Disabled": false,
                      "Output": [
                        "mk.movie_id",
                        "t.title",
                        "t.id"
                      ],
                      "Inner Unique": false,
                      "Merge Cond": "(t.id = mk.movie_id)",
                      "Shared Hit Blocks": 24266,
                      "Shared Read Blocks": 36010,
                      "Shared Dirtied Blocks": 0,
                      "Shared Written Blocks": 77,
                      "Local Hit Blocks": 0,
                      "Local Read Blocks": 0,
                      "Local Dirtied Blocks": 0,
                      "Local Written Blocks": 0,
                      "Temp Read Blocks": 1601,
                      "Temp Written Blocks": 1605,
                      "Workers": [
                        {
                          "Worker Number": 0,
                          "Actual Startup Time": 174.887,
                          "Actual Total Time": 179.799,
                          "Actual Rows": 173.0,
                          "Actual Loops": 1,
                          "Shared Hit Blocks": 8090,
                          "Shared Read Blocks": 10678,
                          "Shared Dirtied Blocks": 0,
                          "Shared Written Blocks": 29,
                          "Local Hit Blocks": 0,
                          "Local Read Blocks": 0,
                          "Local Dirtied Blocks": 0,
                          "Local Written Blocks": 0,
                          "Temp Read Blocks": 475,
                          "Temp Written Blocks": 476
                        },
                        {
                          "Worker Number": 1,
                          "Actual Startup Time": 171.322,
                          "Actual Total Time": 179.531,
                          "Actual Rows": 121.0,
                          "Actual Loops": 1,
                          "Shared Hit Blocks": 8090,
                          "Shared Read Blocks": 10600,
                          "Shared Dirtied Blocks": 0,
                          "Shared Written Blocks": 22,
                          "Local Hit Blocks": 0,
                          "Local Read Blocks": 0,
                          "Local Dirtied Blocks": 0,
                          "Local Written Blocks": 0,
                          "Temp Read Blocks": 472,
                          "Temp Written Blocks": 473
                        }
                      ],
                      "Plans": [
                        {
                          "Node Type": "Sort",
                          "Parent Relationship": "Outer",
                          "Parallel Aware": false,
                          "Async Capable": false,
                          "Startup Cost": 53136.72,
                          "Total Cost": 53424.29,
                          "Plan Rows": 115025,
                          "Plan Width": 36,
                          "Actual Startup Time": 153.19,
                          "Actual Total Time": 159.631,
                          "Actual Rows": 130502.33,
                          "Actual Loops": 3,
                          "Disabled": false,
                          "Output": [
                            "t.title",
                            "t.id"
                          ],
                          "Sort Key": [
                            "t.id"
                          ],
                          "Sort Method": "external merge",
                          "Sort Space Used": 5232,
                          "Sort Space Type": "Disk",
                          "Shared Hit Blocks": 7,
                          "Shared Read Blocks": 36009,
                          "Shared Dirtied Blocks": 0,
                          "Shared Written Blocks": 77,
                          "Local Hit Blocks": 0,
                          "Local Read Blocks": 0,
                          "Local Dirtied Blocks": 0,
                          "Local Written Blocks": 0,
                          "Temp Read Blocks": 1601,
                          "Temp Written Blocks": 1605,
                          "Workers": [
                            {
                              "Worker Number": 0,
                              "Actual Startup Time": 148.522,
                              "Actual Total Time": 154.262,
                              "Actual Rows": 116289.0,
                              "Actual Loops": 1,
                              "Sort Method": "external merge",
                              "Sort Space Used": 3800,
                              "Sort Space Type": "Disk",
                              "Shared Hit Blocks": 3,
                              "Shared Read Blocks": 10678,
                              "Shared Dirtied Blocks": 0,
                              "Shared Written Blocks": 29,
                              "Local Hit Blocks": 0,
                              "Local Read Blocks": 0,
                              "Local Dirtied Blocks": 0,
                              "Local Written Blocks": 0,
                              "Temp Read Blocks": 475,
                              "Temp Written Blocks": 476
                            },
                            {
                              "Worker Number": 1,
                              "Actual Startup Time": 146.93,
                              "Actual Total Time": 152.472,
                              "Actual Rows": 115665.0,
                              "Actual Loops": 1,
                              "Sort Method": "external merge",
                              "Sort Space Used": 3776,
                              "Sort Space Type": "Disk",
                              "Shared Hit Blocks": 4,
                              "Shared Read Blocks": 10599,
                              "Shared Dirtied Blocks": 0,
                              "Shared Written Blocks": 22,
                              "Local Hit Blocks": 0,
                              "Local Read Blocks": 0,
                              "Local Dirtied Blocks": 0,
                              "Local Written Blocks": 0,
                              "Temp Read Blocks": 472,
                              "Temp Written Blocks": 473
                            }
                          ],
                          "Plans": [
                            {
                              "Node Type": "Seq Scan",
                              "Parent Relationship": "Outer",
                              "Parallel Aware": true,
                              "Async Capable": false,
                              "Relation Name": "title",
                              "Schema": "public",
                              "Alias": "t",
                              "Startup Cost": 0.0,
                              "Total Cost": 40321.46,
                              "Plan Rows": 115025,
                              "Plan Width": 36,
                              "Actual Startup Time": 0.385,
                              "Actual Total Time": 85.896,
                              "Actual Rows": 130555.33,
                              "Actual Loops": 3,
                              "Disabled": false,
                              "Output": [
                                "t.title",
                                "t.id"
                              ],
                              "Filter": "(t.production_year > 2010)",
                              "Rows Removed by Filter": 712215,
                              "Shared Hit Blocks": 0,
                              "Shared Read Blocks": 36008,
                              "Shared Dirtied Blocks": 0,
                              "Shared Written Blocks": 77,
                              "Local Hit Blocks": 0,
                              "Local Read Blocks": 0,
                              "Local Dirtied Blocks": 0,
                              "Local Written Blocks": 0,
                              "Temp Read Blocks": 0,
                              "Temp Written Blocks": 0,
                              "Workers": [
                                {
                                  "Worker Number": 0,
                                  "Actual Startup Time": 0.494,
                                  "Actual Total Time": 81.974,
                                  "Actual Rows": 116374.0,
                                  "Actual Loops": 1,
                                  "Shared Hit Blocks": 0,
                                  "Shared Read Blocks": 10677,
                                  "Shared Dirtied Blocks": 0,
                                  "Shared Written Blocks": 29,
                                  "Local Hit Blocks": 0,
                                  "Local Read Blocks": 0,
                                  "Local Dirtied Blocks": 0,
                                  "Local Written Blocks": 0,
                                  "Temp Read Blocks": 0,
                                  "Temp Written Blocks": 0
                                },
                                {
                                  "Worker Number": 1,
                                  "Actual Startup Time": 0.626,
                                  "Actual Total Time": 87.165,
                                  "Actual Rows": 115666.0,
                                  "Actual Loops": 1,
                                  "Shared Hit Blocks": 0,
                                  "Shared Read Blocks": 10599,
                                  "Shared Dirtied Blocks": 0,
                                  "Shared Written Blocks": 22,
                                  "Local Hit Blocks": 0,
                                  "Local Read Blocks": 0,
                                  "Local Dirtied Blocks": 0,
                                  "Local Written Blocks": 0,
                                  "Temp Read Blocks": 0,
                                  "Temp Written Blocks": 0
                                }
                              ]
                            }
                          ]
                        },
                        {
                          "Node Type": "Sort",
                          "Parent Relationship": "Inner",
                          "Parallel Aware": false,
                          "Async Capable": false,
                          "Startup Cost": 16457.31,
                          "Total Cost": 16458.4,
                          "Plan Rows": 438,
                          "Plan Width": 4,
                          "Actual Startup Time": 19.798,
                          "Actual Total Time": 20.098,
                          "Actual Rows": 12951.0,
                          "Actual Loops": 3,
                          "Disabled": false,
                          "Output": [
                            "mk.movie_id"
                          ],
                          "Sort Key": [
                            "mk.movie_id"
                          ],
                          "Sort Method": "quicksort",
                          "Sort Space Used": 385,
                          "Sort Space Type": "Memory",
                          "Shared Hit Blocks": 24259,
                          "Shared Read Blocks": 1,
                          "Shared Dirtied Blocks": 0,
                          "Shared Written Blocks": 0,
                          "Local Hit Blocks": 0,
                          "Local Read Blocks": 0,
                          "Local Dirtied Blocks": 0,
                          "Local Written Blocks": 0,
                          "Temp Read Blocks": 0,
                          "Temp Written Blocks": 0,
                          "Workers": [
                            {
                              "Worker Number": 0,
                              "Actual Startup Time": 20.885,
                              "Actual Total Time": 21.182,
                              "Actual Rows": 12951.0,
                              "Actual Loops": 1,
                              "Sort Method": "quicksort",
                              "Sort Space Used": 385,
                              "Sort Space Type": "Memory",
                              "Shared Hit Blocks": 8087,
                              "Shared Read Blocks": 0,
                              "Shared Dirtied Blocks": 0,
                              "Shared Written Blocks": 0,
                              "Local Hit Blocks": 0,
                              "Local Read Blocks": 0,
                              "Local Dirtied Blocks": 0,
                              "Local Written Blocks": 0,
                              "Temp Read Blocks": 0,
                              "Temp Written Blocks": 0
                            },
                            {
                              "Worker Number": 1,
                              "Actual Startup Time": 22.573,
                              "Actual Total Time": 22.874,
                              "Actual Rows": 12951.0,
                              "Actual Loops": 1,
                              "Sort Method": "quicksort",
                              "Sort Space Used": 385,
                              "Sort Space Type": "Memory",
                              "Shared Hit Blocks": 8086,
                              "Shared Read Blocks": 1,
                              "Shared Dirtied Blocks": 0,
                              "Shared Written Blocks": 0,
                              "Local Hit Blocks": 0,
                              "Local Read Blocks": 0,
                              "Local Dirtied Blocks": 0,
                              "Local Written Blocks": 0,
                              "Temp Read Blocks": 0,
                              "Temp Written Blocks": 0
                            }
                          ],
                          "Plans": [
                            {
                              "Node Type": "Nested Loop",
                              "Parent Relationship": "Outer",
                              "Parallel Aware": false,
                              "Async Capable": false,
                              "Join Type": "Inner",
                              "Startup Cost": 6.8,
                              "Total Cost": 16438.09,
                              "Plan Rows": 438,
                              "Plan Width": 4,
                              "Actual Startup Time": 1.64,
                              "Actual Total Time": 18.921,
                              "Actual Rows": 12951.0,
                              "Actual Loops": 3,
                              "Disabled": false,
                              "Output": [
                                "mk.movie_id"
                              ],
                              "Inner Unique": false,
                              "Shared Hit Blocks": 24259,
                              "Shared Read Blocks": 1,
                              "Shared Dirtied Blocks": 0,
                              "Shared Written Blocks": 0,
                              "Local Hit Blocks": 0,
                              "Local Read Blocks": 0,
                              "Local Dirtied Blocks": 0,
                              "Local Written Blocks": 0,
                              "Temp Read Blocks": 0,
                              "Temp Written Blocks": 0,
                              "Workers": [
                                {
                                  "Worker Number": 0,
                                  "Actual Startup Time": 1.673,
                                  "Actual Total Time": 20.013,
                                  "Actual Rows": 12951.0,
                                  "Actual Loops": 1,
                                  "Shared Hit Blocks": 8087,
                                  "Shared Read Blocks": 0,
                                  "Shared Dirtied Blocks": 0,
                                  "Shared Written Blocks": 0,
                                  "Local Hit Blocks": 0,
                                  "Local Read Blocks": 0,
                                  "Local Dirtied Blocks": 0,
                                  "Local Written Blocks": 0,
                                  "Temp Read Blocks": 0,
                                  "Temp Written Blocks": 0
                                },
                                {
                                  "Worker Number": 1,
                                  "Actual Startup Time": 1.785,
                                  "Actual Total Time": 21.674,
                                  "Actual Rows": 12951.0,
                                  "Actual Loops": 1,
                                  "Shared Hit Blocks": 8086,
                                  "Shared Read Blocks": 1,
                                  "Shared Dirtied Blocks": 0,
                                  "Shared Written Blocks": 0,
                                  "Local Hit Blocks": 0,
                                  "Local Read Blocks": 0,
                                  "Local Dirtied Blocks": 0,
                                  "Local Written Blocks": 0,
                                  "Temp Read Blocks": 0,
                                  "Temp Written Blocks": 0
                                }
                              ],
                              "Plans": [
                                {
                                  "Node Type": "Seq Scan",
                                  "Parent Relationship": "Outer",
                                  "Parallel Aware": false,
                                  "Async Capable": false,
                                  "Relation Name": "keyword",
                                  "Schema": "public",
                                  "Alias": "k",
                                  "Startup Cost": 0.0,
                                  "Total Cost": 2685.12,
                                  "Plan Rows": 13,
                                  "Plan Width": 4,
                                  "Actual Startup Time": 0.568,
                                  "Actual Total Time": 10.328,
                                  "Actual Rows": 30.0,
                                  "Actual Loops": 3,
                                  "Disabled": false,
                                  "Output": [
                                    "k.id",
                                    "k.keyword",
                                    "k.phonetic_code"
                                  ],
                                  "Filter": "(k.keyword ~~ '%sequel%'::text)",
                                  "Rows Removed by Filter": 134140,
                                  "Shared Hit Blocks": 3024,
                                  "Shared Read Blocks": 0,
                                  "Shared Dirtied Blocks": 0,
                                  "Shared Written Blocks": 0,
                                  "Local Hit Blocks": 0,
                                  "Local Read Blocks": 0,
                                  "Local Dirtied Blocks": 0,
                                  "Local Written Blocks": 0,
                                  "Temp Read Blocks": 0,
                                  "Temp Written Blocks": 0,
                                  "Workers": [
                                    {
                                      "Worker Number": 0,
                                      "Actual Startup Time": 0.605,
                                      "Actual Total Time": 10.709,
                                      "Actual Rows": 30.0,
                                      "Actual Loops": 1,
                                      "Shared Hit Blocks": 1008,
                                      "Shared Read Blocks": 0,
                                      "Shared Dirtied Blocks": 0,
                                      "Shared Written Blocks": 0,
                                      "Local Hit Blocks": 0,
                                      "Local Read Blocks": 0,
                                      "Local Dirtied Blocks": 0,
                                      "Local Written Blocks": 0,
                                      "Temp Read Blocks": 0,
                                      "Temp Written Blocks": 0
                                    },
                                    {
                                      "Worker Number": 1,
                                      "Actual Startup Time": 0.585,
                                      "Actual Total Time": 10.643,
                                      "Actual Rows": 30.0,
                                      "Actual Loops": 1,
                                      "Shared Hit Blocks": 1008,
                                      "Shared Read Blocks": 0,
                                      "Shared Dirtied Blocks": 0,
                                      "Shared Written Blocks": 0,
                                      "Local Hit Blocks": 0,
                                      "Local Read Blocks": 0,
                                      "Local Dirtied Blocks": 0,
                                      "Local Written Blocks": 0,
                                      "Temp Read Blocks": 0,
                                      "Temp Written Blocks": 0
                                    }
                                  ]
                                },
                                {
                                  "Node Type": "Bitmap Heap Scan",
                                  "Parent Relationship": "Inner",
                                  "Parallel Aware": false,
                                  "Async Capable": false,
                                  "Relation Name": "movie_keyword",
                                  "Schema": "public",
                                  "Alias": "mk",
                                  "Startup Cost": 6.8,
                                  "Total Cost": 1054.86,
                                  "Plan Rows": 306,
                                  "Plan Width": 8,
                                  "Actual Startup Time": 0.046,
                                  "Actual Total Time": 0.262,
                                  "Actual Rows": 431.7,
                                  "Actual Loops": 90,
                                  "Disabled": false,
                                  "Output": [
                                    "mk.id",
                                    "mk.movie_id",
                                    "mk.keyword_id"
                                  ],
                                  "Recheck Cond": "(k.id = mk.keyword_id)",
                                  "Rows Removed by Index Recheck": 0,
                                  "Exact Heap Blocks": 6979,
                                  "Lossy Heap Blocks": 0,
                                  "Shared Hit Blocks": 21235,
                                  "Shared Read Blocks": 1,
                                  "Shared Dirtied Blocks": 0,
                                  "Shared Written Blocks": 0,
                                  "Local Hit Blocks": 0,
                                  "Local Read Blocks": 0,
                                  "Local Dirtied Blocks": 0,
                                  "Local Written Blocks": 0,
                                  "Temp Read Blocks": 0,
                                  "Temp Written Blocks": 0,
                                  "Workers": [
                                    {
                                      "Worker Number": 0,
                                      "Actual Startup Time": 0.046,
                                      "Actual Total Time": 0.287,
                                      "Actual Rows": 431.7,
                                      "Actual Loops": 30,
                                      "Shared Hit Blocks": 7079,
                                      "Shared Read Blocks": 0,
                                      "Shared Dirtied Blocks": 0,
                                      "Shared Written Blocks": 0,
                                      "Local Hit Blocks": 0,
                                      "Local Read Blocks": 0,
                                      "Local Dirtied Blocks": 0,
                                      "Local Written Blocks": 0,
                                      "Temp Read Blocks": 0,
                                      "Temp Written Blocks": 0
                                    },
                                    {
                                      "Worker Number": 1,
                                      "Actual Startup Time": 0.052,
                                      "Actual Total Time": 0.342,
                                      "Actual Rows": 431.7,
                                      "Actual Loops": 30,
                                      "Shared Hit Blocks": 7078,
                                      "Shared Read Blocks": 1,
                                      "Shared Dirtied Blocks": 0,
                                      "Shared Written Blocks": 0,
                                      "Local Hit Blocks": 0,
                                      "Local Read Blocks": 0,
                                      "Local Dirtied Blocks": 0,
                                      "Local Written Blocks": 0,
                                      "Temp Read Blocks": 0,
                                      "Temp Written Blocks": 0
                                    }
                                  ],
                                  "Plans": [
                                    {
                                      "Node Type": "Bitmap Index Scan",
                                      "Parent Relationship": "Outer",
                                      "Parallel Aware": false,
                                      "Async Capable": false,
                                      "Index Name": "keyword_id_movie_keyword",
                                      "Startup Cost": 0.0,
                                      "Total Cost": 6.73,
                                      "Plan Rows": 306,
                                      "Plan Width": 0,
                                      "Actual Startup Time": 0.027,
                                      "Actual Total Time": 0.027,
                                      "Actual Rows": 431.7,
                                      "Actual Loops": 90,
                                      "Disabled": false,
                                      "Index Cond": "(mk.keyword_id = k.id)",
                                      "Index Searches": 90,
                                      "Shared Hit Blocks": 298,
                                      "Shared Read Blocks": 1,
                                      "Shared Dirtied Blocks": 0,
                                      "Shared Written Blocks": 0,
                                      "Local Hit Blocks": 0,
                                      "Local Read Blocks": 0,
                                      "Local Dirtied Blocks": 0,
                                      "Local Written Blocks": 0,
                                      "Temp Read Blocks": 0,
                                      "Temp Written Blocks": 0,
                                      "Workers": [
                                        {
                                          "Worker Number": 0,
                                          "Actual Startup Time": 0.027,
                                          "Actual Total Time": 0.027,
                                          "Actual Rows": 431.7,
                                          "Actual Loops": 30,
                                          "Shared Hit Blocks": 100,
                                          "Shared Read Blocks": 0,
                                          "Shared Dirtied Blocks": 0,
                                          "Shared Written Blocks": 0,
                                          "Local Hit Blocks": 0,
                                          "Local Read Blocks": 0,
                                          "Local Dirtied Blocks": 0,
                                          "Local Written Blocks": 0,
                                          "Temp Read Blocks": 0,
                                          "Temp Written Blocks": 0
                                        },
                                        {
                                          "Worker Number": 1,
                                          "Actual Startup Time": 0.032,
                                          "Actual Total Time": 0.032,
                                          "Actual Rows": 431.7,
                                          "Actual Loops": 30,
                                          "Shared Hit Blocks": 99,
                                          "Shared Read Blocks": 1,
                                          "Shared Dirtied Blocks": 0,
                                          "Shared Written Blocks": 0,
                                          "Local Hit Blocks": 0,
                                          "Local Read Blocks": 0,
                                          "Local Dirtied Blocks": 0,
                                          "Local Written Blocks": 0,
                                          "Temp Read Blocks": 0,
                                          "Temp Written Blocks": 0
                                        }
                                      ]
                                    }
                                  ]
                                }
                              ]
                            }
                          ]
                        }
                      ]
                    },
                    {
                      "Node Type": "Index Scan",
                      "Parent Relationship": "Inner",
                      "Parallel Aware": false,
                      "Async Capable": false,
                      "Scan Direction": "Forward",
                      "Index Name": "movie_id_movie_info",
                      "Relation Name": "movie_info",
                      "Schema": "public",
                      "Alias": "mi",
                      "Startup Cost": 0.43,
                      "Total Cost": 1261.46,
                      "Plan Rows": 315,
                      "Plan Width": 4,
                      "Actual Startup Time": 0.028,
                      "Actual Total Time": 0.028,
                      "Actual Rows": 0.01,
                      "Actual Loops": 405,
                      "Disabled": false,
                      "Output": [
                        "mi.id",
                        "mi.movie_id",
                        "mi.info_type_id",
                        "mi.info",
                        "mi.note"
                      ],
                      "Index Cond": "(mi.movie_id = mk.movie_id)",
                      "Rows Removed by Index Recheck": 0,
                      "Filter": "(mi.info = 'Bulgaria'::text)",
                      "Rows Removed by Filter": 63,
                      "Index Searches": 405,
                      "Shared Hit Blocks": 4941,
                      "Shared Read Blocks": 1164,
                      "Shared Dirtied Blocks": 0,
                      "Shared Written Blocks": 305,
                      "Local Hit Blocks": 0,
                      "Local Read Blocks": 0,
                      "Local Dirtied Blocks": 0,
                      "Local Written Blocks": 0,
                      "Temp Read Blocks": 0,
                      "Temp Written Blocks": 0,
                      "Workers": [
                        {
                          "Worker Number": 0,
                          "Actual Startup Time": 0.029,
                          "Actual Total Time": 0.029,
                          "Actual Rows": 0.0,
                          "Actual Loops": 173,
                          "Shared Hit Blocks": 2071,
                          "Shared Read Blocks": 501,
                          "Shared Dirtied Blocks": 0,
                          "Shared Written Blocks": 157,
                          "Local Hit Blocks": 0,
                          "Local Read Blocks": 0,
                          "Local Dirtied Blocks": 0,
                          "Local Written Blocks": 0,
                          "Temp Read Blocks": 0,
                          "Temp Written Blocks": 0
                        },
                        {
                          "Worker Number": 1,
                          "Actual Startup Time": 0.035,
                          "Actual Total Time": 0.036,
                          "Actual Rows": 0.03,
                          "Actual Loops": 121,
                          "Shared Hit Blocks": 1520,
                          "Shared Read Blocks": 421,
                          "Shared Dirtied Blocks": 0,
                          "Shared Written Blocks": 127,
                          "Local Hit Blocks": 0,
                          "Local Read Blocks": 0,
                          "Local Dirtied Blocks": 0,
                          "Local Written Blocks": 0,
                          "Temp Read Blocks": 0,
                          "Temp Written Blocks": 0
                        }
                      ]
                    }
                  ]
                }
              ]
            }
          ]
        }
      ]
    },
    "Planning": {
      "Shared Hit Blocks": 6,
      "Shared Read Blocks": 10,
      "Shared Dirtied Blocks": 0,
      "Shared Written Blocks": 3,
      "Local Hit Blocks": 0,
      "Local Read Blocks": 0,
      "Local Dirtied Blocks": 0,
      "Local Written Blocks": 0,
      "Temp Read Blocks": 0,
      "Temp Written Blocks": 0
    },
    "Planning Time": 3.428,
    "Triggers": [],
    "Execution Time": 223.38
  }
]