[
  {
    "Plan": {
      "Node Type": "Aggregate",
      "Strategy": "Plain",
      "Partial Mode": "Finalize",
      "Parallel Aware": false,
      "Async Capable": false,
      "Startup Cost": 159816.24,
      "Total Cost": 159816.25,
      "Plan Rows": 1,
      "Plan Width": 32,
      "Actual Startup Time": 1885.315,
      "Actual Total Time": 1885.5,
      "Actual Rows": 1.0,
      "Actual Loops": 1,
      "Disabled": false,
      "Output": [
        "min(t.title)"
      ],
      "Shared Hit Blocks": 94159,
      "Shared Read Blocks": 66474,
      "Shared Dirtied Blocks": 6875,
      "Shared Written Blocks": 5357,
      "Local Hit Blocks": 0,
      "Local Read Blocks": 0,
      "Local Dirtied Blocks": 0,
      "Local Written Blocks": 0,
      "Temp Read Blocks": 7037,
      "Temp Written Blocks": 7065,
      "Plans": [
        {
          "Node Type": "Gather",
          "Parent Relationship": "Outer",
          "Parallel Aware": false,
          "Async Capable": false,
          "Startup Cost": 159816.03,
          "Total Cost": 159816.24,
          "Plan Rows": 2,
          "Plan Width": 32,
          "Actual Startup Time": 1885.306,
          "Actual Total Time": 1885.494,
          "Actual Rows": 3.0,
          "Actual Loops": 1,
          "Disabled": false,
          "Output": [
            "(PARTIAL min(t.title))"
          ],
          "Workers Planned": 2,
          "Workers Launched": 2,
          "Single Copy": false,
          "Shared Hit Blocks": 94159,
          "Shared Read Blocks": 66474,
          "Shared Dirtied Blocks": 6875,
          "Shared Written Blocks": 5357,
          "Local Hit Blocks": 0,
          "Local Read Blocks": 0,
          "Local Dirtied Blocks": 0,
          "Local Written Blocks": 0,
          "Temp Read Blocks": 7037,
          "Temp Written Blocks": 7065,
          "Plans": [
            {
              "Node Type": "Aggregate",
              "Strategy": "Plain",
              "Partial Mode": "Partial",
              "Parent Relationship": "Outer",
              "Parallel Aware": false,
              "Async Capable": false,
              "Startup Cost": 158816.03,
              "Total Cost": 158816.04,
              "Plan Rows": 1,
              "Plan Width": 32,
              "Actual Startup Time": 1773.098,
              "Actual Total Time": 1773.1,
              "Actual Rows": 1.0,
              "Actual Loops": 3,
              "Disabled": false,
              "Output": [
                "PARTIAL min(t.title)"
              ],
              "Shared Hit Blocks": 94159,
              "Shared Read Blocks": 66474,
              "Shared Dirtied Blocks": 6875,
              "Shared Written Blocks": 5357,
              "Local Hit Blocks": 0,
              "Local Read Blocks": 0,
              "Local Dirtied Blocks": 0,
              "Local Written Blocks": 0,
              "Temp Read Blocks": 7037,
              "Temp Written Blocks": 7065,
              "Workers": [
                {
                  "Worker Number": 0,
                  "Actual Startup Time": 1711.841,
                  "Actual Total Time": 1711.843,
                  "Actual Rows": 1.0,
                  "Actual Loops": 1,
                  "Shared Hit Blocks": 30253,
                  "Shared Read Blocks": 21491,
                  "Shared Dirtied Blocks": 2207,
                  "Shared Written Blocks": 1691,
                  "Local Hit Blocks": 0,
                  "Local Read Blocks": 0,
                  "Local Dirtied Blocks": 0,
                  "Local Written Blocks": 0,
                  "Temp Read Blocks": 2255,
                  "Temp Written Blocks": 2264
                },
                {
                  "Worker Number": 1,
                  "Actual Startup Time": 1722.286,
                  "Actual Total Time": 1722.287,
                  "Actual Rows": 1.0,
                  "Actual Loops": 1,
                  "Shared Hit Blocks": 31714,
                  "Shared Read Blocks": 21320,
                  "Shared Dirtied Blocks": 2139,
                  "Shared Written Blocks": 1727,
                  "Local Hit Blocks": 0,
                  "Local Read Blocks": 0,
                  "Local Dirtied Blocks": 0,
                  "Local Written Blocks": 0,
                  "Temp Read Blocks": 2248,
                  "Temp Written Blocks": 2257
                }
              ],
              "Plans": [
                {
                  "Node Type": "Nested Loop",
                  "Parent Relationship": "Outer",
                  "Parallel Aware": false,
                  "Async Capable": false,
                  "Join Type": "Inner",
                  "Startup Cost": 69594.49,
                  "Total Cost": 158815.05,
                  "Plan Rows": 391,
                  "Plan Width": 32,
                  "Actual Startup Time": 294.808,
                  "Actual Total Time": 1772.601,
                  "Actual Rows": 2416.67,
                  "Actual Loops": 3,
                  "Disabled": false,
                  "Output": [
                    "t.title"
                  ],
                  "Inner Unique": false,
                  "Shared Hit Blocks": 94159,
                  "Shared Read Blocks": 66474,
                  "Shared Dirtied Blocks": 6875,
                  "Shared Written Blocks": 5357,
                  "Local Hit Blocks": 0,
                  "Local Read Blocks": 0,
                  "Local Dirtied Blocks": 0,
                  "Local Written Blocks": 0,
                  "Temp Read Blocks": 7037,
                  "Temp Written Blocks": 7065,
                  "Workers": [
                    {
                      "Worker Number": 0,
                      "Actual Startup Time": 294.092,
                      "Actual Total Time": 1711.316,
                      "Actual Rows": 2283.0,
                      "Actual Loops": 1,
                      "Shared Hit Blocks": 30253,
                      "Shared Read Blocks": 21491,
                      "Shared Dirtied Blocks": 2207,
                      "Shared Written Blocks": 1691,
                      "Local Hit Blocks": 0,
                      "Local Read Blocks": 0,
                      "Local Dirtied Blocks": 0,
                      "Local Written Blocks": 0,
                      "Temp Read Blocks": 2255,
                      "Temp Written Blocks": 2264
                    },
                    {
                      "Worker Number": 1,
                      "Actual Startup Time": 294.439,
                      "Actual Total Time": 1721.781,
                      "Actual Rows": 2417.0,
                      "Actual Loops": 1,
                      "Shared Hit Blocks": 31714,
                      "Shared Read Blocks": 21320,
                      "Shared Dirtied Blocks": 2139,
                      "Shared Written Blocks": 1727,
                      "Local Hit Blocks": 0,
                      "Local Read Blocks": 0,
                      "Local Dirtied Blocks": 0,
                      "Local Written Blocks": 0,
                      "Temp Read Blocks": 2248,
                      "Temp Written Blocks": 2257
                    }
                  ],
                  "Plans": [
                    {
                      "Node Type": "Merge Join",
                      "Parent Relationship": "Outer",
                      "Parallel Aware": false,
                      "Async Capable": false,
                      "Join Type": "Inner",
                      "Startup Cost": 69594.03,
                      "Total Cost": 70171.96,
                      "Plan Rows": 61,
                      "Plan Width": 40,
                      "Actual Startup Time": 292.128,
                      "Actual Total Time": 351.461,
                      "Actual Rows": 2624.67,
                      "Actual Loops": 3,
                      "Disabled": false,
                      "Output": [
                        "mk.movie_id",
                        "t.title",
                        "t.id"
                      ],
                      "Inner Unique": false,
                      "Merge Cond": "(t.id = mk.movie_id)",
                      "Shared Hit Blocks": 24549,
                      "Shared Read Blocks": 35727,
                      "Shared Dirtied Blocks": 0,
                      "Shared Written Blocks": 102,
                      "Local Hit Blocks": 0,
                      "Local Read Blocks": 0,
                      "Local Dirtied Blocks": 0,
                      "Local Written Blocks": 0,
                      "Temp Read Blocks": 7037,
                      "Temp Written Blocks": 7065,
                      "Workers": [
                        {
                          "Worker Number": 0,
                          "Actual Startup Time": 293.017,
                          "Actual Total Time": 347.344,
                          "Actual Rows": 2489.0,
                          "Actual Loops": 1,
                          "Shared Hit Blocks": 8091,
                          "Shared Read Blocks": 11576,
                          "Shared Dirtied Blocks": 0,
                          "Shared Written Blocks": 40,
                          "Local Hit Blocks": 0,
                          "Local Read Blocks": 0,
                          "Local Dirtied Blocks": 0,
                          "Local Written Blocks": 0,
                          "Temp Read Blocks": 2255,
                          "Temp Written Blocks": 2264
                        },
                        {
                          "Worker Number": 1,
                          "Actual Startup Time": 293.075,
                          "Actual Total Time": 349.001,
                          "Actual Rows": 2577.0,
                          "Actual Loops": 1,
                          "Shared Hit Blocks": 8091,
                          "Shared Read Blocks": 11384,
                          "Shared Dirtied Blocks": 0,
                          "Shared Written Blocks": 30,
                          "Local Hit Blocks": 0,
                          "Local Read Blocks": 0,
                          "Local Dirtied Blocks": 0,
                          "Local Written Blocks": 0,
                          "Temp Read Blocks": 2248,
                          "Temp Written Blocks": 2257
                        }
                      ],
                      "Plans": [
                        {
                          "Node Type": "Sort",
                          "Parent Relationship": "Outer",
                          "Parallel Aware": false,
                          "Async Capable": false,
                          "Startup Cost": 53136.72,
                          "Total Cost": 53424.29,
                          "Plan Rows": 115025,
                          "Plan Width": 36,
                          "Actual Startup Time": 272.539,
                          "Actual Total Time": 308.423,
                          "Actual Rows": 582810.67,
                          "Actual Loops": 3,
                          "Disabled": false,
                          "Output": [
                            "t.title",
                            "t.id"
                          ],
                          "Sort Key": [
                            "t.id"
                          ],
                          "Sort Method": "external merge",
                          "Sort Space Used": 20272,
                          "Sort Space Type": "Disk",
                          "Shared Hit Blocks": 289,
                          "Shared Read Blocks": 35727,
                          "Shared Dirtied Blocks": 0,
                          "Shared Written Blocks": 102,
                          "Local Hit Blocks": 0,
                          "Local Read Blocks": 0,
                          "Local Dirtied Blocks": 0,
                          "Local Written Blocks": 0,
                          "Temp Read Blocks": 7037,
                          "Temp Written Blocks": 7065,
                          "Workers": [
                            {
                              "Worker Number": 0,
                              "Actual Startup Time": 271.841,
                              "Actual Total Time": 305.838,
                              "Actual Rows": 559480.0,
                              "Actual Loops": 1,
                              "Sort Method": "external merge",
                              "Sort Space Used": 18040,
                              "Sort Space Type": "Disk",
                              "Shared Hit Blocks": 4,
                              "Shared Read Blocks": 11576,
                              "Shared Dirtied Blocks": 0,
                              "Shared Written Blocks": 40,
                              "Local Hit Blocks": 0,
                              "Local Read Blocks": 0,
                              "Local Dirtied Blocks": 0,
                              "Local Written Blocks": 0,
                              "Temp Read Blocks": 2255,
                              "Temp Written Blocks": 2264
                            },
                            {
                              "Worker Number": 1,
                              "Actual Startup Time": 271.626,
                              "Actual Total Time": 307.142,
                              "Actual Rows": 560265.0,
                              "Actual Loops": 1,
                              "Sort Method": "external merge",
                              "Sort Space Used": 17984,
                              "Sort Space Type": "Disk",
                              "Shared Hit Blocks": 4,
                              "Shared Read Blocks": 11384,
                              "Shared Dirtied Blocks": 0,
                              "Shared Written Blocks": 30,
                              "Local Hit Blocks": 0,
                              "Local Read Blocks": 0,
                              "Local Dirtied Blocks": 0,
                              "Local Written Blocks": 0,
                              "Temp Read Blocks": 2248,
                              "Temp Written Blocks": 2257
                            }
                          ],
                          "Plans": [
                            {
                              "Node Type": "Seq Scan",
                              "Parent Relationship": "Outer",
                              "Parallel Aware": true,
                              "Async Capable": false,
                              "Relation Name": "title",
                              "Schema": "public",
                              "Alias": "t",
                              "Startup Cost": 0.0,
                              "Total Cost": 40321.46,
                              "Plan Rows": 115025,
                              "Plan Width": 36,
                              "Actual Startup Time": 0.152,
                              "Actual Total Time": 62.92,
                              "Actual Rows": 583010.67,
                              "Actual Loops": 3,
                              "Disabled": false,
                              "Output": [
                                "t.title",
                                "t.id"
                              ],
                              "Filter": "(t.production_year > 1990)",
                              "Rows Removed by Filter": 259760,
                              "Shared Hit Blocks": 281,
                              "Shared Read Blocks": 35727,
                              "Shared Dirtied Blocks": 0,
                              "Shared Written Blocks": 102,
                              "Local Hit Blocks": 0,
                              "Local Read Blocks": 0,
                              "Local Dirtied Blocks": 0,
                              "Local Written Blocks": 0,
                              "Temp Read Blocks": 0,
                              "Temp Written Blocks": 0,
                              "Workers": [
                                {
                                  "Worker Number": 0,
                                  "Actual Startup Time": 0.203,
                                  "Actual Total Time": 61.897,
                                  "Actual Rows": 559480.0,
                                  "Actual Loops": 1,
                                  "Shared Hit Blocks": 0,
                                  "Shared Read Blocks": 11576,
                                  "Shared Dirtied Blocks": 0,
                                  "Shared Written Blocks": 40,
                                  "Local Hit Blocks": 0,
                                  "Local Read Blocks": 0,
                                  "Local Dirtied Blocks": 0,
                                  "Local Written Blocks": 0,
                                  "Temp Read Blocks": 0,
                                  "Temp Written Blocks": 0
                                },
                                {
                                  "Worker Number": 1,
                                  "Actual Startup Time": 0.192,
                                  "Actual Total Time": 60.116,
                                  "Actual Rows": 560265.0,
                                  "Actual Loops": 1,
                                  "Shared Hit Blocks": 0,
                                  "Shared Read Blocks": 11384,
                                  "Shared Dirtied Blocks": 0,
                                  "Shared Written Blocks": 30,
                                  "Local Hit Blocks": 0,
                                  "Local Read Blocks": 0,
                                  "Local Dirtied Blocks": 0,
                                  "Local Written Blocks": 0,
                                  "Temp Read Blocks": 0,
                                  "Temp Written Blocks": 0
                                }
                              ]
                            }
                          ]
                        },
                        {
                          "Node Type": "Sort",
                          "Parent Relationship": "Inner",
                          "Parallel Aware": false,
                          "Async Capable": false,
                          "Startup Cost": 16457.31,
                          "Total Cost": 16458.4,
                          "Plan Rows": 438,
                          "Plan Width": 4,
                          "Actual Startup Time": 19.263,
                          "Actual Total Time": 19.933,
                          "Actual Rows": 12633.0,
                          "Actual Loops": 3,
                          "Disabled": false,
                          "Output": [
                            "mk.movie_id"
                          ],
                          "Sort Key": [
                            "mk.movie_id"
                          ],
                          "Sort Method": "quicksort",
                          "Sort Space Used": 385,
                          "Sort Space Type": "Memory",
                          "Shared Hit Blocks": 24260,
                          "Shared Read Blocks": 0,
                          "Shared Dirtied Blocks": 0,
                          "Shared Written Blocks": 0,
                          "Local Hit Blocks": 0,
                          "Local Read Blocks": 0,
                          "Local Dirtied Blocks": 0,
                          "Local Written Blocks": 0,
                          "Temp Read Blocks": 0,
                          "Temp Written Blocks": 0,
                          "Workers": [
                            {
                              "Worker Number": 0,
                              "Actual Startup Time": 20.594,
                              "Actual Total Time": 21.274,
                              "Actual Rows": 12474.0,
                              "Actual Loops": 1,
                              "Sort Method": "quicksort",
                              "Sort Space Used": 385,
                              "Sort Space Type": "Memory",
                              "Shared Hit Blocks": 8087,
                              "Shared Read Blocks": 0,
                              "Shared Dirtied Blocks": 0,
                              "Shared Written Blocks": 0,
                              "Local Hit Blocks": 0,
                              "Local Read Blocks": 0,
                              "Local Dirtied Blocks": 0,
                              "Local Written Blocks": 0,
                              "Temp Read Blocks": 0,
                              "Temp Written Blocks": 0
                            },
                            {
                              "Worker Number": 1,
                              "Actual Startup Time": 21.09,
                              "Actual Total Time": 21.74,
                              "Actual Rows": 12474.0,
                              "Actual Loops": 1,
                              "Sort Method": "quicksort",
                              "Sort Space Used": 385,
                              "Sort Space Type": "Memory",
                              "Shared Hit Blocks": 8087,
                              "Shared Read Blocks": 0,
                              "Shared Dirtied Blocks": 0,
                              "Shared Written Blocks": 0,
                              "Local Hit Blocks": 0,
                              "Local Read Blocks": 0,
                              "Local Dirtied Blocks": 0,
                              "Local Written Blocks": 0,
                              "Temp Read Blocks": 0,
                              "Temp Written Blocks": 0
                            }
                          ],
                          "Plans": [
                            {
                              "Node Type": "Nested Loop",
                              "Parent Relationship": "Outer",
                              "Parallel Aware": false,
                              "Async Capable": false,
                              "Join Type": "Inner",
                              "Startup Cost": 6.8,
                              "Total Cost": 16438.09,
                              "Plan Rows": 438,
                              "Plan Width": 4,
                              "Actual Startup Time": 1.549,
                              "Actual Total Time": 18.369,
                              "Actual Rows": 12951.0,
                              "Actual Loops": 3,
                              "Disabled": false,
                              "Output": [
                                "mk.movie_id"
                              ],
                              "Inner Unique": false,
                              "Shared Hit Blocks": 24260,
                              "Shared Read Blocks": 0,
                              "Shared Dirtied Blocks": 0,
                              "Shared Written Blocks": 0,
                              "Local Hit Blocks": 0,
                              "Local Read Blocks": 0,
                              "Local Dirtied Blocks": 0,
                              "Local Written Blocks": 0,
                              "Temp Read Blocks": 0,
                              "Temp Written Blocks": 0,
                              "Workers": [
                                {
                                  "Worker Number": 0,
                                  "Actual Startup Time": 1.505,
                                  "Actual Total Time": 19.673,
                                  "Actual Rows": 12951.0,
                                  "Actual Loops": 1,
                                  "Shared Hit Blocks": 8087,
                                  "Shared Read Blocks": 0,
                                  "Shared Dirtied Blocks": 0,
                                  "Shared Written Blocks": 0,
                                  "Local Hit Blocks": 0,
                                  "Local Read Blocks": 0,
                                  "Local Dirtied Blocks": 0,
                                  "Local Written Blocks": 0,
                                  "Temp Read Blocks": 0,
                                  "Temp Written Blocks": 0
                                },
                                {
                                  "Worker Number": 1,
                                  "Actual Startup Time": 1.602,
                                  "Actual Total Time": 20.253,
                                  "Actual Rows": 12951.0,
                                  "Actual Loops": 1,
                                  "Shared Hit Blocks": 8087,
                                  "Shared Read Blocks": 0,
                                  "Shared Dirtied Blocks": 0,
                                  "Shared Written Blocks": 0,
                                  "Local Hit Blocks": 0,
                                  "Local Read Blocks": 0,
                                  "Local Dirtied Blocks": 0,
                                  "Local Written Blocks": 0,
                                  "Temp Read Blocks": 0,
                                  "Temp Written Blocks": 0
                                }
                              ],
                              "Plans": [
                                {
                                  "Node Type": "Seq Scan",
                                  "Parent Relationship": "Outer",
                                  "Parallel Aware": false,
                                  "Async Capable": false,
                                  "Relation Name": "keyword",
                                  "Schema": "public",
                                  "Alias": "k",
                                  "Startup Cost": 0.0,
                                  "Total Cost": 2685.12,
                                  "Plan Rows": 13,
                                  "Plan Width": 4,
                                  "Actual Startup Time": 0.568,
                                  "Actual Total Time": 9.912,
                                  "Actual Rows": 30.0,
                                  "Actual Loops": 3,
                                  "Disabled": false,
                                  "Output": [
                                    "k.id",
                                    "k.keyword",
                                    "k.phonetic_code"
                                  ],
                                  "Filter": "(k.keyword ~~ '%sequel%'::text)",
                                  "Rows Removed by Filter": 134140,
                                  "Shared Hit Blocks": 3024,
                                  "Shared Read Blocks": 0,
                                  "Shared Dirtied Blocks": 0,
                                  "Shared Written Blocks": 0,
                                  "Local Hit Blocks": 0,
                                  "Local Read Blocks": 0,
                                  "Local Dirtied Blocks": 0,
                                  "Local Written Blocks": 0,
                                  "Temp Read Blocks": 0,
                                  "Temp Written Blocks": 0,
                                  "Workers": [
                                    {
                                      "Worker Number": 0,
                                      "Actual Startup Time": 0.544,
                                      "Actual Total Time": 10.147,
                                      "Actual Rows": 30.0,
                                      "Actual Loops": 1,
                                      "Shared Hit Blocks": 1008,
                                      "Shared Read Blocks": 0,
                                      "Shared Dirtied Blocks": 0,
                                      "Shared Written Blocks": 0,
                                      "Local Hit Blocks": 0,
                                      "Local Read Blocks": 0,
                                      "Local Dirtied Blocks": 0,
                                      "Local Written Blocks": 0,
                                      "Temp Read Blocks": 0,
                                      "Temp Written Blocks": 0
                                    },
                                    {
                                      "Worker Number": 1,
                                      "Actual Startup Time": 0.608,
                                      "Actual Total Time": 10.083,
                                      "Actual Rows": 30.0,
                                      "Actual Loops": 1,
                                      "Shared Hit Blocks": 1008,
                                      "Shared Read Blocks": 0,
                                      "Shared Dirtied Blocks": 0,
                                      "Shared Written Blocks": 0,
                                      "Local Hit Blocks": 0,
                                      "Local Read Blocks": 0,
                                      "Local Dirtied Blocks": 0,
                                      "Local Written Blocks": 0,
                                      "Temp Read Blocks": 0,
                                      "Temp Written Blocks": 0
                                    }
                                  ]
                                },
                                {
                                  "Node Type": "Bitmap Heap Scan",
                                  "Parent Relationship": "Inner",
                                  "Parallel Aware": false,
                                  "Async Capable": false,
                                  "Relation Name": "movie_keyword",
                                  "Schema": "public",
                                  "Alias": "mk",
                                  "Startup Cost": 6.8,
                                  "Total Cost": 1054.86,
                                  "Plan Rows": 306,
                                  "Plan Width": 8,
                                  "Actual Startup Time": 0.043,
                                  "Actual Total Time": 0.259,
                                  "Actual Rows": 431.7,
                                  "Actual Loops": 90,
                                  "Disabled": false,
                                  "Output": [
                                    "mk.id",
                                    "mk.movie_id",
                                    "mk.keyword_id"
                                  ],
                                  "Recheck Cond": "(k.id = mk.keyword_id)",
                                  "Rows Removed by Index Recheck": 0,
                                  "Exact Heap Blocks": 6979,
                                  "Lossy Heap Blocks": 0,
                                  "Shared Hit Blocks": 21236,
                                  "Shared Read Blocks": 0,
                                  "Shared Dirtied Blocks": 0,
                                  "Shared Written Blocks": 0,
                                  "Local Hit Blocks": 0,
                                  "Local Read Blocks": 0,
                                  "Local Dirtied Blocks": 0,
                                  "Local Written Blocks": 0,
                                  "Temp Read Blocks": 0,
                                  "Temp Written Blocks": 0,
                                  "Workers": [
                                    {
                                      "Worker Number": 0,
                                      "Actual Startup Time": 0.043,
                                      "Actual Total Time": 0.296,
                                      "Actual Rows": 431.7,
                                      "Actual Loops": 30,
                                      "Shared Hit Blocks": 7079,
                                      "Shared Read Blocks": 0,
                                      "Shared Dirtied Blocks": 0,
                                      "Shared Written Blocks": 0,
                                      "Local Hit Blocks": 0,
                                      "Local Read Blocks": 0,
                                      "Local Dirtied Blocks": 0,
                                      "Local Written Blocks": 0,
                                      "Temp Read Blocks": 0,
                                      "Temp Written Blocks": 0
                                    },
                                    {
                                      "Worker Number": 1,
                                      "Actual Startup Time": 0.043,
                                      "Actual Total Time": 0.315,
                                      "Actual Rows": 431.7,
                                      "Actual Loops": 30,
                                      "Shared Hit Blocks": 7079,
                                      "Shared Read Blocks": 0,
                                      "Shared Dirtied Blocks": 0,
                                      "Shared Written Blocks": 0,
                                      "Local Hit Blocks": 0,
                                      "Local Read Blocks": 0,
                                      "Local Dirtied Blocks": 0,
                                      "Local Written Blocks": 0,
                                      "Temp Read Blocks": 0,
                                      "Temp Written Blocks": 0
                                    }
                                  ],
                                  "Plans": [
                                    {
                                      "Node Type": "Bitmap Index Scan",
                                      "Parent Relationship": "Outer",
                                      "Parallel Aware": false,
                                      "Async Capable": false,
                                      "Index Name": "keyword_id_movie_keyword",
                                      "Startup Cost": 0.0,
                                      "Total Cost": 6.73,
                                      "Plan Rows": 306,
                                      "Plan Width": 0,
                                      "Actual Startup Time": 0.023,
                                      "Actual Total Time": 0.023,
                                      "Actual Rows": 431.7,
                                      "Actual Loops": 90,
                                      "Disabled": false,
                                      "Index Cond": "(mk.keyword_id = k.id)",
                                      "Index Searches": 90,
                                      "Shared Hit Blocks": 299,
                                      "Shared Read Blocks": 0,
                                      "Shared Dirtied Blocks": 0,
                                      "Shared Written Blocks": 0,
                                      "Local Hit Blocks": 0,
                                      "Local Read Blocks": 0,
                                      "Local Dirtied Blocks": 0,
                                      "Local Written Blocks": 0,
                                      "Temp Read Blocks": 0,
                                      "Temp Written Blocks": 0,
                                      "Workers": [
                                        {
                                          "Worker Number": 0,
                                          "Actual Startup Time": 0.023,
                                          "Actual Total Time": 0.023,
                                          "Actual Rows": 431.7,
                                          "Actual Loops": 30,
                                          "Shared Hit Blocks": 100,
                                          "Shared Read Blocks": 0,
                                          "Shared Dirtied Blocks": 0,
                                          "Shared Written Blocks": 0,
                                          "Local Hit Blocks": 0,
                                          "Local Read Blocks": 0,
                                          "Local Dirtied Blocks": 0,
                                          "Local Written Blocks": 0,
                                          "Temp Read Blocks": 0,
                                          "Temp Written Blocks": 0
                                        },
                                        {
                                          "Worker Number": 1,
                                          "Actual Startup Time": 0.021,
                                          "Actual Total Time": 0.021,
                                          "Actual Rows": 431.7,
                                          "Actual Loops": 30,
                                          "Shared Hit Blocks": 100,
                                          "Shared Read Blocks": 0,
                                          "Shared Dirtied Blocks": 0,
                                          "Shared Written Blocks": 0,
                                          "Local Hit Blocks": 0,
                                          "Local Read Blocks": 0,
                                          "Local Dirtied Blocks": 0,
                                          "Local Written Blocks": 0,
                                          "Temp Read Blocks": 0,
                                          "Temp Written Blocks": 0
                                        }
                                      ]
                                    }
                                  ]
                                }
                              ]
                            }
                          ]
                        }
                      ]
                    },
                    {
                      "Node Type": "Index Scan",
                      "Parent Relationship": "Inner",
                      "Parallel Aware": false,
                      "Async Capable": false,
                      "Scan Direction": "Forward",
                      "Index Name": "movie_id_movie_info",
                      "Relation Name": "movie_info",
                      "Schema": "public",
                      "Alias": "mi",
                      "Startup Cost": 0.46,
                      "Total Cost": 1421.65,
                      "Plan Rows": 3152,
                      "Plan Width": 4,
                      "Actual Startup Time": 0.47,
                      "Actual Total Time": 0.541,
                      "Actual Rows": 0.92,
                      "Actual Loops": 7874,
                      "Disabled": false,
                      "Output": [
                        "mi.id",
                        "mi.movie_id",
                        "mi.info_type_id",
                        "mi.info",
                        "mi.note"
                      ],
                      "Index Cond": "(mi.movie_id = t.id)",
                      "Rows Removed by Index Recheck": 0,
                      "Filter": "(mi.info = ANY ('{Sweden,Norway,Germany,Denmark,Swedish,Denish,Norwegian,German,USA,American}'::text[]))",
                      "Rows Removed by Filter": 35,
                      "Index Searches": 7874,
                      "Shared Hit Blocks": 69610,
                      "Shared Read Blocks": 30747,
                      "Shared Dirtied Blocks": 6875,
                      "Shared Written Blocks": 5255,
                      "Local Hit Blocks": 0,
                      "Local Read Blocks": 0,
                      "Local Dirtied Blocks": 0,
                      "Local Written Blocks": 0,
                      "Temp Read Blocks": 0,
                      "Temp Written Blocks": 0,
                      "Workers": [
                        {
                          "Worker Number": 0,
                          "Actual Startup Time": 0.477,
                          "Actual Total Time": 0.548,
                          "Actual Rows": 0.92,
                          "Actual Loops": 2489,
                          "Shared Hit Blocks": 22162,
                          "Shared Read Blocks": 9915,
                          "Shared Dirtied Blocks": 2207,
                          "Shared Written Blocks": 1651,
                          "Local Hit Blocks": 0,
                          "Local Read Blocks": 0,
                          "Local Dirtied Blocks": 0,
                          "Local Written Blocks": 0,
                          "Temp Read Blocks": 0,
                          "Temp Written Blocks": 0
                        },
                        {
                          "Worker Number": 1,
                          "Actual Startup Time": 0.458,
                          "Actual Total Time": 0.532,
                          "Actual Rows": 0.94,
                          "Actual Loops": 2577,
                          "Shared Hit Blocks": 23623,
                          "Shared Read Blocks": 9936,
                          "Shared Dirtied Blocks": 2139,
                          "Shared Written Blocks": 1697,
                          "Local Hit Blocks": 0,
                          "Local Read Blocks": 0,
                          "Local Dirtied Blocks": 0,
                          "Local Written Blocks": 0,
                          "Temp Read Blocks": 0,
                          "Temp Written Blocks": 0
                        }
                      ]
                    }
                  ]
                }
              ]
            }
          ]
        }
      ]
    },
    "Planning": {
      "Shared Hit Blocks": 17,
      "Shared Read Blocks": 2,
      "Shared Dirtied Blocks": 0,
      "Shared Written Blocks": 1,
      "Local Hit Blocks": 0,
      "Local Read Blocks": 0,
      "Local Dirtied Blocks": 0,
      "Local Written Blocks": 0,
      "Temp Read Blocks": 0,
      "Temp Written Blocks": 0
    },
    "Planning Time": 0.777,
    "Triggers": [],
    "Execution Time": 1893.024
  }
]