[
  {
    "Plan": {
      "Node Type": "Aggregate",
      "Strategy": "Plain",
      "Partial Mode": "Simple",
      "Parallel Aware": false,
      "Async Capable": false,
      "Startup Cost": 16671.42,
      "Total Cost": 16671.43,
      "Plan Rows": 1,
      "Plan Width": 64,
      "Actual Startup Time": 879.003,
      "Actual Total Time": 879.005,
      "Actual Rows": 1.0,
      "Actual Loops": 1,
      "Disabled": false,
      "Output": [
        "min(mi_idx.info)",
        "min(t.title)"
      ],
      "Shared Hit Blocks": 59347,
      "Shared Read Blocks": 19156,
      "Shared Dirtied Blocks": 0,
      "Shared Written Blocks": 3266,
      "Local Hit Blocks": 0,
      "Local Read Blocks": 0,
      "Local Dirtied Blocks": 0,
      "Local Written Blocks": 0,
      "Temp Read Blocks": 0,
      "Temp Written Blocks": 0,
      "Plans": [
        {
          "Node Type": "Nested Loop",
          "Parent Relationship": "Outer",
          "Parallel Aware": false,
          "Async Capable": false,
          "Join Type": "Inner",
          "Startup Cost": 7.66,
          "Total Cost": 16671.41,
          "Plan Rows": 1,
          "Plan Width": 37,
          "Actual Startup Time": 28.109,
          "Actual Total Time": 878.755,
          "Actual Rows": 740.0,
          "Actual Loops": 1,
          "Disabled": false,
          "Output": [
            "mi_idx.info",
            "t.title"
          ],
          "Inner Unique": true,
          "Join Filter": "(mi_idx.movie_id = t.id)",
          "Rows Removed by Join Filter": 0,
          "Shared Hit Blocks": 59347,
          "Shared Read Blocks": 19156,
          "Shared Dirtied Blocks": 0,
          "Shared Written Blocks": 3266,
          "Local Hit Blocks": 0,
          "Local Read Blocks": 0,
          "Local Dirtied Blocks": 0,
          "Local Written Blocks": 0,
          "Temp Read Blocks": 0,
          "Temp Written Blocks": 0,
          "Plans": [
            {
              "Node Type": "Nested Loop",
              "Parent Relationship": "Outer",
              "Parallel Aware": false,
              "Async Capable": false,
              "Join Type": "Inner",
              "Startup Cost": 7.23,
              "Total Cost": 16669.43,
              "Plan Rows": 4,
              "Plan Width": 13,
              "Actual Startup Time": 4.475,
              "Actual Total Time": 464.766,
              "Actual Rows": 5820.0,
              "Actual Loops": 1,
              "Disabled": false,
              "Output": [
                "mi_idx.info",
                "mi_idx.movie_id",
                "mk.movie_id"
              ],
              "Inner Unique": false,
              "Join Filter": "(it.id = mi_idx.info_type_id)",
              "Rows Removed by Join Filter": 2613,
              "Shared Hit Blocks": 42506,
              "Shared Read Blocks": 12717,
              "Shared Dirtied Blocks": 0,
              "Shared Written Blocks": 2126,
              "Local Hit Blocks": 0,
              "Local Read Blocks": 0,
              "Local Dirtied Blocks": 0,
              "Local Written Blocks": 0,
              "Temp Read Blocks": 0,
              "Temp Written Blocks": 0,
              "Plans": [
                {
                  "Node Type": "Seq Scan",
                  "Parent Relationship": "Outer",
                  "Parallel Aware": false,
                  "Async Capable": false,
                  "Relation Name": "info_type",
                  "Schema": "public",
                  "Alias": "it",
                  "Startup Cost": 0.0,
                  "Total Cost": 2.41,
                  "Plan Rows": 1,
                  "Plan Width": 4,
                  "Actual Startup Time": 0.011,
                  "Actual Total Time": 0.012,
                  "Actual Rows": 1.0,
                  "Actual Loops": 1,
                  "Disabled": false,
                  "Output": [
                    "it.id",
                    "it.info"
                  ],
                  "Filter": "((it.info)::text = 'rating'::text)",
                  "Rows Removed by Filter": 112,
                  "Shared Hit Blocks": 1,
                  "Shared Read Blocks": 0,
                  "Shared Dirtied Blocks": 0,
                  "Shared Written Blocks": 0,
                  "Local Hit Blocks": 0,
                  "Local Read Blocks": 0,
                  "Local Dirtied Blocks": 0,
                  "Local Written Blocks": 0,
                  "Temp Read Blocks": 0,
                  "Temp Written Blocks": 0
                },
                {
                  "Node Type": "Nested Loop",
                  "Parent Relationship": "Inner",
                  "Parallel Aware": false,
                  "Async Capable": false,
                  "Join Type": "Inner",
                  "Startup Cost": 7.23,
                  "Total Cost": 16660.84,
                  "Plan Rows": 494,
                  "Plan Width": 17,
                  "Actual Startup Time": 4.463,
                  "Actual Total Time": 463.965,
                  "Actual Rows": 8433.0,
                  "Actual Loops": 1,
                  "Disabled": false,
                  "Output": [
                    "mk.movie_id",
                    "mi_idx.info",
                    "mi_idx.movie_id",
                    "mi_idx.info_type_id"
                  ],
                  "Inner Unique": false,
                  "Shared Hit Blocks": 42505,
                  "Shared Read Blocks": 12717,
                  "Shared Dirtied Blocks": 0,
                  "Shared Written Blocks": 2126,
                  "Local Hit Blocks": 0,
                  "Local Read Blocks": 0,
                  "Local Dirtied Blocks": 0,
                  "Local Written Blocks": 0,
                  "Temp Read Blocks": 0,
                  "Temp Written Blocks": 0,
                  "Plans": [
                    {
                      "Node Type": "Nested Loop",
                      "Parent Relationship": "Outer",
                      "Parallel Aware": false,
                      "Async Capable": false,
                      "Join Type": "Inner",
                      "Startup Cost": 6.8,
                      "Total Cost": 16438.09,
                      "Plan Rows": 438,
                      "Plan Width": 4,
                      "Actual Startup Time": 4.442,
                      "Actual Total Time": 168.175,
                      "Actual Rows": 12951.0,
                      "Actual Loops": 1,
                      "Disabled": false,
                      "Output": [
                        "mk.movie_id"
                      ],
                      "Inner Unique": false,
                      "Shared Hit Blocks": 923,
                      "Shared Read Blocks": 7163,
                      "Shared Dirtied Blocks": 0,
                      "Shared Written Blocks": 1145,
                      "Local Hit Blocks": 0,
                      "Local Read Blocks": 0,
                      "Local Dirtied Blocks": 0,
                      "Local Written Blocks": 0,
                      "Temp Read Blocks": 0,
                      "Temp Written Blocks": 0,
                      "Plans": [
                        {
                          "Node Type": "Seq Scan",
                          "Parent Relationship": "Outer",
                          "Parallel Aware": false,
                          "Async Capable": false,
                          "Relation Name": "keyword",
                          "Schema": "public",
                          "Alias": "k",
                          "Startup Cost": 0.0,
                          "Total Cost": 2685.12,
                          "Plan Rows": 13,
                          "Plan Width": 4,
                          "Actual Startup Time": 1.3,
                          "Actual Total Time": 15.465,
                          "Actual Rows": 30.0,
                          "Actual Loops": 1,
                          "Disabled": false,
                          "Output": [
                            "k.id",
                            "k.keyword",
                            "k.phonetic_code"
                          ],
                          "Filter": "(k.keyword ~~ '%sequel%'::text)",
                          "Rows Removed by Filter": 134140,
                          "Shared Hit Blocks": 0,
                          "Shared Read Blocks": 1008,
                          "Shared Dirtied Blocks": 0,
                          "Shared Written Blocks": 110,
                          "Local Hit Blocks": 0,
                          "Local Read Blocks": 0,
                          "Local Dirtied Blocks": 0,
                          "Local Written Blocks": 0,
                          "Temp Read Blocks": 0,
                          "Temp Written Blocks": 0
                        },
                        {
                          "Node Type": "Bitmap Heap Scan",
                          "Parent Relationship": "Inner",
                          "Parallel Aware": false,
                          "Async Capable": false,
                          "Relation Name": "movie_keyword",
                          "Schema": "public",
                          "Alias": "mk",
                          "Startup Cost": 6.8,
                          "Total Cost": 1054.86,
                          "Plan Rows": 306,
                          "Plan Width": 8,
                          "Actual Startup Time": 0.4,
                          "Actual Total Time": 5.053,
                          "Actual Rows": 431.7,
                          "Actual Loops": 30,
                          "Disabled": false,
                          "Output": [
                            "mk.id",
                            "mk.movie_id",
                            "mk.keyword_id"
                          ],
                          "Recheck Cond": "(k.id = mk.keyword_id)",
                          "Rows Removed by Index Recheck": 0,
                          "Exact Heap Blocks": 6979,
                          "Lossy Heap Blocks": 0,
                          "Shared Hit Blocks": 923,
                          "Shared Read Blocks": 6155,
                          "Shared Dirtied Blocks": 0,
                          "Shared Written Blocks": 1035,
                          "Local Hit Blocks": 0,
                          "Local Read Blocks": 0,
                          "Local Dirtied Blocks": 0,
                          "Local Written Blocks": 0,
                          "Temp Read Blocks": 0,
                          "Temp Written Blocks": 0,
                          "Plans": [
                            {
                              "Node Type": "Bitmap Index Scan",
                              "Parent Relationship": "Outer",
                              "Parallel Aware": false,
                              "Async Capable": false,
                              "Index Name": "keyword_id_movie_keyword",
                              "Startup Cost": 0.0,
                              "Total Cost": 6.73,
                              "Plan Rows": 306,
                              "Plan Width": 0,
                              "Actual Startup Time": 0.319,
                              "Actual Total Time": 0.319,
                              "Actual Rows": 431.7,
                              "Actual Loops": 30,
                              "Disabled": false,
                              "Index Cond": "(mk.keyword_id = k.id)",
                              "Index Searches": 30,
                              "Shared Hit Blocks": 55,
                              "Shared Read Blocks": 44,
                              "Shared Dirtied Blocks": 0,
                              "Shared Written Blocks": 0,
                              "Local Hit Blocks": 0,
                              "Local Read Blocks": 0,
                              "Local Dirtied Blocks": 0,
                              "Local Written Blocks": 0,
                              "Temp Read Blocks": 0,
                              "Temp Written Blocks": 0
                            }
                          ]
                        }
                      ]
                    },
                    {
                      "Node Type": "Index Scan",
                      "Parent Relationship": "Inner",
                      "Parallel Aware": false,
                      "Async Capable": false,
                      "Scan Direction": "Forward",
                      "Index Name": "movie_id_movie_info_idx",
                      "Relation Name": "movie_info_idx",
                      "Schema": "public",
                      "Alias": "mi_idx",
                      "Startup Cost": 0.43,
                      "Total Cost": 0.5,
                      "Plan Rows": 1,
                      "Plan Width": 13,
                      "Actual Startup Time": 0.023,
                      "Actual Total Time": 0.023,
                      "Actual Rows": 0.65,
                      "Actual Loops": 12951,
                      "Disabled": false,
                      "Output": [
                        "mi_idx.id",
                        "mi_idx.movie_id",
                        "mi_idx.info_type_id",
                        "mi_idx.info",
                        "mi_idx.note"
                      ],
                      "Index Cond": "(mi_idx.movie_id = mk.movie_id)",
                      "Rows Removed by Index Recheck": 0,
                      "Filter": "(mi_idx.info > '5.0'::text)",
                      "Rows Removed by Filter": 1,
                      "Index Searches": 12951,
                      "Shared Hit Blocks": 41582,
                      "Shared Read Blocks": 5554,
                      "Shared Dirtied Blocks": 0,
                      "Shared Written Blocks": 981,
                      "Local Hit Blocks": 0,
                      "Local Read Blocks": 0,
                      "Local Dirtied Blocks": 0,
                      "Local Written Blocks": 0,
                      "Temp Read Blocks": 0,
                      "Temp Written Blocks": 0
                    }
                  ]
                }
              ]
            },
            {
              "Node Type": "Index Scan",
              "Parent Relationship": "Inner",
              "Parallel Aware": false,
              "Async Capable": false,
              "Scan Direction": "Forward",
              "Index Name": "title_pkey",
              "Relation Name": "title",
              "Schema": "public",
              "Alias": "t",
              "Startup Cost": 0.42,
              "Total Cost": 0.48,
              "Plan Rows": 1,
              "Plan Width": 36,
              "Actual Startup Time": 0.071,
              "Actual Total Time": 0.071,
              "Actual Rows": 0.13,
              "Actual Loops": 5820,
              "Disabled": false,
              "Output": [
                "t.id",
                "t.title",
                "t.imdb_index",
                "t.kind_id",
                "t.production_year",
                "t.imdb_id",
                "t.phonetic_code",
                "t.episode_of_id",
                "t.season_nr",
                "t.episode_nr",
                "t.series_years",
                "t.md5sum"
              ],
              "Index Cond": "(t.id = mk.movie_id)",
              "Rows Removed by Index Recheck": 0,
              "Filter": "(t.production_year > 2005)",
              "Rows Removed by Filter": 1,
              "Index Searches": 5820,
              "Shared Hit Blocks": 16841,
              "Shared Read Blocks": 6439,
              "Shared Dirtied Blocks": 0,
              "Shared Written Blocks": 1140,
              "Local Hit Blocks": 0,
              "Local Read Blocks": 0,
              "Local Dirtied Blocks": 0,
              "Local Written Blocks": 0,
              "Temp Read Blocks": 0,
              "Temp Written Blocks": 0
            }
          ]
        }
      ]
    },
    "Planning": {
      "Shared Hit Blocks": 12,
      "Shared Read Blocks": 33,
      "Shared Dirtied Blocks": 1,
      "Shared Written Blocks": 13,
      "Local Hit Blocks": 0,
      "Local Read Blocks": 0,
      "Local Dirtied Blocks": 0,
      "Local Written Blocks": 0,
      "Temp Read Blocks": 0,
      "Temp Written Blocks": 0
    },
    "Planning Time": 5.852,
    "Triggers": [],
    "Execution Time": 879.04
  }
]