[
  {
    "Plan": {
      "Node Type": "Aggregate",
      "Strategy": "Plain",
      "Partial Mode": "Simple",
      "Parallel Aware": false,
      "Async Capable": false,
      "Startup Cost": 16436.07,
      "Total Cost": 16436.08,
      "Plan Rows": 1,
      "Plan Width": 64,
      "Actual Startup Time": 72.784,
      "Actual Total Time": 73.873,
      "Actual Rows": 1.0,
      "Actual Loops": 1,
      "Disabled": false,
      "Output": [
        "min(mi_idx.info)",
        "min(t.title)"
      ],
      "Shared Hit Blocks": 7127,
      "Shared Read Blocks": 6607,
      "Shared Dirtied Blocks": 0,
      "Shared Written Blocks": 121,
      "Local Hit Blocks": 0,
      "Local Read Blocks": 0,
      "Local Dirtied Blocks": 0,
      "Local Written Blocks": 0,
      "Temp Read Blocks": 0,
      "Temp Written Blocks": 0,
      "Plans": [
        {
          "Node Type": "Gather",
          "Parent Relationship": "Outer",
          "Parallel Aware": false,
          "Async Capable": false,
          "Startup Cost": 1003.7,
          "Total Cost": 16436.07,
          "Plan Rows": 1,
          "Plan Width": 37,
          "Actual Startup Time": 48.086,
          "Actual Total Time": 73.865,
          "Actual Rows": 6.0,
          "Actual Loops": 1,
          "Disabled": false,
          "Output": [
            "mi_idx.info",
            "t.title"
          ],
          "Workers Planned": 2,
          "Workers Launched": 2,
          "Single Copy": false,
          "Shared Hit Blocks": 7127,
          "Shared Read Blocks": 6607,
          "Shared Dirtied Blocks": 0,
          "Shared Written Blocks": 121,
          "Local Hit Blocks": 0,
          "Local Read Blocks": 0,
          "Local Dirtied Blocks": 0,
          "Local Written Blocks": 0,
          "Temp Read Blocks": 0,
          "Temp Written Blocks": 0,
          "Plans": [
            {
              "Node Type": "Nested Loop",
              "Parent Relationship": "Outer",
              "Parallel Aware": false,
              "Async Capable": false,
              "Join Type": "Inner",
              "Startup Cost": 3.7,
              "Total Cost": 15435.97,
              "Plan Rows": 1,
              "Plan Width": 37,
              "Actual Startup Time": 43.312,
              "Actual Total Time": 63.138,
              "Actual Rows": 2.0,
              "Actual Loops": 3,
              "Disabled": false,
              "Output": [
                "mi_idx.info",
                "t.title"
              ],
              "Inner Unique": true,
              "Shared Hit Blocks": 7127,
              "Shared Read Blocks": 6607,
              "Shared Dirtied Blocks": 0,
              "Shared Written Blocks": 121,
              "Local Hit Blocks": 0,
              "Local Read Blocks": 0,
              "Local Dirtied Blocks": 0,
              "Local Written Blocks": 0,
              "Temp Read Blocks": 0,
              "Temp Written Blocks": 0,
              "Workers": [
                {
                  "Worker Number": 0,
                  "Actual Startup Time": 34.754,
                  "Actual Total Time": 58.562,
                  "Actual Rows": 4.0,
                  "Actual Loops": 1,
                  "Shared Hit Blocks": 2235,
                  "Shared Read Blocks": 2011,
                  "Shared Dirtied Blocks": 0,
                  "Shared Written Blocks": 38,
                  "Local Hit Blocks": 0,
                  "Local Read Blocks": 0,
                  "Local Dirtied Blocks": 0,
                  "Local Written Blocks": 0,
                  "Temp Read Blocks": 0,
                  "Temp Written Blocks": 0
                },
                {
                  "Worker Number": 1,
                  "Actual Startup Time": 47.244,
                  "Actual Total Time": 58.289,
                  "Actual Rows": 1.0,
                  "Actual Loops": 1,
                  "Shared Hit Blocks": 1803,
                  "Shared Read Blocks": 2136,
                  "Shared Dirtied Blocks": 0,
                  "Shared Written Blocks": 34,
                  "Local Hit Blocks": 0,
                  "Local Read Blocks": 0,
                  "Local Dirtied Blocks": 0,
                  "Local Written Blocks": 0,
                  "Temp Read Blocks": 0,
                  "Temp Written Blocks": 0
                }
              ],
              "Plans": [
                {
                  "Node Type": "Nested Loop",
                  "Parent Relationship": "Outer",
                  "Parallel Aware": false,
                  "Async Capable": false,
                  "Join Type": "Inner",
                  "Startup Cost": 3.28,
                  "Total Cost": 15393.15,
                  "Plan Rows": 97,
                  "Plan Width": 41,
                  "Actual Startup Time": 14.575,
                  "Actual Total Time": 51.391,
                  "Actual Rows": 356.67,
                  "Actual Loops": 3,
                  "Disabled": false,
                  "Output": [
                    "mi_idx.info",
                    "mk.keyword_id",
                    "t.title"
                  ],
                  "Inner Unique": false,
                  "Shared Hit Blocks": 3058,
                  "Shared Read Blocks": 6394,
                  "Shared Dirtied Blocks": 0,
                  "Shared Written Blocks": 88,
                  "Local Hit Blocks": 0,
                  "Local Read Blocks": 0,
                  "Local Dirtied Blocks": 0,
                  "Local Written Blocks": 0,
                  "Temp Read Blocks": 0,
                  "Temp Written Blocks": 0,
                  "Workers": [
                    {
                      "Worker Number": 0,
                      "Actual Startup Time": 27.919,
                      "Actual Total Time": 50.815,
                      "Actual Rows": 357.0,
                      "Actual Loops": 1,
                      "Shared Hit Blocks": 843,
                      "Shared Read Blocks": 1974,
                      "Shared Dirtied Blocks": 0,
                      "Shared Written Blocks": 34,
                      "Local Hit Blocks": 0,
                      "Local Read Blocks": 0,
                      "Local Dirtied Blocks": 0,
                      "Local Written Blocks": 0,
                      "Temp Read Blocks": 0,
                      "Temp Written Blocks": 0
                    },
                    {
                      "Worker Number": 1,
                      "Actual Startup Time": 9.699,
                      "Actual Total Time": 53.365,
                      "Actual Rows": 187.0,
                      "Actual Loops": 1,
                      "Shared Hit Blocks": 1092,
                      "Shared Read Blocks": 2098,
                      "Shared Dirtied Blocks": 0,
                      "Shared Written Blocks": 28,
                      "Local Hit Blocks": 0,
                      "Local Read Blocks": 0,
                      "Local Dirtied Blocks": 0,
                      "Local Written Blocks": 0,
                      "Temp Read Blocks": 0,
                      "Temp Written Blocks": 0
                    }
                  ],
                  "Plans": [
                    {
                      "Node Type": "Nested Loop",
                      "Parent Relationship": "Outer",
                      "Parallel Aware": false,
                      "Async Capable": false,
                      "Join Type": "Inner",
                      "Startup Cost": 2.85,
                      "Total Cost": 15371.37,
                      "Plan Rows": 10,
                      "Plan Width": 45,
                      "Actual Startup Time": 3.18,
                      "Actual Total Time": 37.483,
                      "Actual Rows": 24.0,
                      "Actual Loops": 3,
                      "Disabled": false,
                      "Output": [
                        "mi_idx.info",
                        "mi_idx.movie_id",
                        "t.title",
                        "t.id"
                      ],
                      "Inner Unique": true,
                      "Shared Hit Blocks": 2911,
                      "Shared Read Blocks": 6282,
                      "Shared Dirtied Blocks": 0,
                      "Shared Written Blocks": 77,
                      "Local Hit Blocks": 0,
                      "Local Read Blocks": 0,
                      "Local Dirtied Blocks": 0,
                      "Local Written Blocks": 0,
                      "Temp Read Blocks": 0,
                      "Temp Written Blocks": 0,
                      "Workers": [
                        {
                          "Worker Number": 0,
                          "Actual Startup Time": 5.455,
                          "Actual Total Time": 38.314,
                          "Actual Rows": 15.0,
                          "Actual Loops": 1,
                          "Shared Hit Blocks": 817,
                          "Shared Read Blocks": 1947,
                          "Shared Dirtied Blocks": 0,
                          "Shared Written Blocks": 31,
                          "Local Hit Blocks": 0,
                          "Local Read Blocks": 0,
                          "Local Dirtied Blocks": 0,
                          "Local Written Blocks": 0,
                          "Temp Read Blocks": 0,
                          "Temp Written Blocks": 0
                        },
                        {
                          "Worker Number": 1,
                          "Actual Startup Time": 2.936,
                          "Actual Total Time": 38.313,
                          "Actual Rows": 25.0,
                          "Actual Loops": 1,
                          "Shared Hit Blocks": 1039,
                          "Shared Read Blocks": 2061,
                          "Shared Dirtied Blocks": 0,
                          "Shared Written Blocks": 24,
                          "Local Hit Blocks": 0,
                          "Local Read Blocks": 0,
                          "Local Dirtied Blocks": 0,
                          "Local Written Blocks": 0,
                          "Temp Read Blocks": 0,
                          "Temp Written Blocks": 0
                        }
                      ],
                      "Plans": [
                        {
                          "Node Type": "Hash Join",
                          "Parent Relationship": "Outer",
                          "Parallel Aware": false,
                          "Async Capable": false,
                          "Join Type": "Inner",
                          "Startup Cost": 2.43,
                          "Total Cost": 15167.28,
                          "Plan Rows": 30,
                          "Plan Width": 9,
                          "Actual Startup Time": 0.802,
                          "Actual Total Time": 29.208,
                          "Actual Rows": 101.67,
                          "Actual Loops": 3,
                          "Disabled": false,
                          "Output": [
                            "mi_idx.info",
                            "mi_idx.movie_id"
                          ],
                          "Inner Unique": true,
                          "Hash Cond": "(mi_idx.info_type_id = it.id)",
                          "Shared Hit Blocks": 2079,
                          "Shared Read Blocks": 5892,
                          "Shared Dirtied Blocks": 0,
                          "Shared Written Blocks": 20,
                          "Local Hit Blocks": 0,
                          "Local Read Blocks": 0,
                          "Local Dirtied Blocks": 0,
                          "Local Written Blocks": 0,
                          "Temp Read Blocks": 0,
                          "Temp Written Blocks": 0,
                          "Workers": [
                            {
                              "Worker Number": 0,
                              "Actual Startup Time": 0.579,
                              "Actual Total Time": 26.583,
                              "Actual Rows": 117.0,
                              "Actual Loops": 1,
                              "Shared Hit Blocks": 495,
                              "Shared Read Blocks": 1800,
                              "Shared Dirtied Blocks": 0,
                              "Shared Written Blocks": 9,
                              "Local Hit Blocks": 0,
                              "Local Read Blocks": 0,
                              "Local Dirtied Blocks": 0,
                              "Local Written Blocks": 0,
                              "Temp Read Blocks": 0,
                              "Temp Written Blocks": 0
                            },
                            {
                              "Worker Number": 1,
                              "Actual Startup Time": 0.72,
                              "Actual Total Time": 30.889,
                              "Actual Rows": 72.0,
                              "Actual Loops": 1,
                              "Shared Hit Blocks": 844,
                              "Shared Read Blocks": 1967,
                              "Shared Dirtied Blocks": 0,
                              "Shared Written Blocks": 9,
                              "Local Hit Blocks": 0,
                              "Local Read Blocks": 0,
                              "Local Dirtied Blocks": 0,
                              "Local Written Blocks": 0,
                              "Temp Read Blocks": 0,
                              "Temp Written Blocks": 0
                            }
                          ],
                          "Plans": [
                            {
                              "Node Type": "Seq Scan",
                              "Parent Relationship": "Outer",
                              "Parallel Aware": true,
                              "Async Capable": false,
                              "Relation Name": "movie_info_idx",
                              "Schema": "public",
                              "Alias": "mi_idx",
                              "Startup Cost": 0.0,
                              "Total Cost": 15155.68,
                              "Plan Rows": 3366,
                              "Plan Width": 13,
                              "Actual Startup Time": 0.1,
                              "Actual Total Time": 29.019,
                              "Actual Rows": 2774.0,
                              "Actual Loops": 3,
                              "Disabled": false,
                              "Output": [
                                "mi_idx.id",
                                "mi_idx.movie_id",
                                "mi_idx.info_type_id",
                                "mi_idx.info",
                                "mi_idx.note"
                              ],
                              "Filter": "(mi_idx.info > '9.0'::text)",
                              "Rows Removed by Filter": 457238,
                              "Shared Hit Blocks": 2076,
                              "Shared Read Blocks": 5892,
                              "Shared Dirtied Blocks": 0,
                              "Shared Written Blocks": 20,
                              "Local Hit Blocks": 0,
                              "Local Read Blocks": 0,
                              "Local Dirtied Blocks": 0,
                              "Local Written Blocks": 0,
                              "Temp Read Blocks": 0,
                              "Temp Written Blocks": 0,
                              "Workers": [
                                {
                                  "Worker Number": 0,
                                  "Actual Startup Time": 0.105,
                                  "Actual Total Time": 26.364,
                                  "Actual Rows": 2467.0,
                                  "Actual Loops": 1,
                                  "Shared Hit Blocks": 494,
                                  "Shared Read Blocks": 1800,
                                  "Shared Dirtied Blocks": 0,
                                  "Shared Written Blocks": 9,
                                  "Local Hit Blocks": 0,
                                  "Local Read Blocks": 0,
                                  "Local Dirtied Blocks": 0,
                                  "Local Written Blocks": 0,
                                  "Temp Read Blocks": 0,
                                  "Temp Written Blocks": 0
                                },
                                {
                                  "Worker Number": 1,
                                  "Actual Startup Time": 0.096,
                                  "Actual Total Time": 30.702,
                                  "Actual Rows": 2949.0,
                                  "Actual Loops": 1,
                                  "Shared Hit Blocks": 843,
                                  "Shared Read Blocks": 1967,
                                  "Shared Dirtied Blocks": 0,
                                  "Shared Written Blocks": 9,
                                  "Local Hit Blocks": 0,
                                  "Local Read Blocks": 0,
                                  "Local Dirtied Blocks": 0,
                                  "Local Written Blocks": 0,
                                  "Temp Read Blocks": 0,
                                  "Temp Written Blocks": 0
                                }
                              ]
                            },
                            {
                              "Node Type": "Hash",
                              "Parent Relationship": "Inner",
                              "Parallel Aware": false,
                              "Async Capable": false,
                              "Startup Cost": 2.41,
                              "Total Cost": 2.41,
                              "Plan Rows": 1,
                              "Plan Width": 4,
                              "Actual Startup Time": 0.042,
                              "Actual Total Time": 0.042,
                              "Actual Rows": 1.0,
                              "Actual Loops": 3,
                              "Disabled": false,
                              "Output": [
                                "it.id"
                              ],
                              "Hash Buckets": 1024,
                              "Original Hash Buckets": 1024,
                              "Hash Batches": 1,
                              "Original Hash Batches": 1,
                              "Peak Memory Usage": 9,
                              "Shared Hit Blocks": 3,
                              "Shared Read Blocks": 0,
                              "Shared Dirtied Blocks": 0,
                              "Shared Written Blocks": 0,
                              "Local Hit Blocks": 0,
                              "Local Read Blocks": 0,
                              "Local Dirtied Blocks": 0,
                              "Local Written Blocks": 0,
                              "Temp Read Blocks": 0,
                              "Temp Written Blocks": 0,
                              "Workers": [
                                {
                                  "Worker Number": 0,
                                  "Actual Startup Time": 0.073,
                                  "Actual Total Time": 0.073,
                                  "Actual Rows": 1.0,
                                  "Actual Loops": 1,
                                  "Shared Hit Blocks": 1,
                                  "Shared Read Blocks": 0,
                                  "Shared Dirtied Blocks": 0,
                                  "Shared Written Blocks": 0,
                                  "Local Hit Blocks": 0,
                                  "Local Read Blocks": 0,
                                  "Local Dirtied Blocks": 0,
                                  "Local Written Blocks": 0,
                                  "Temp Read Blocks": 0,
                                  "Temp Written Blocks": 0
                                },
                                {
                                  "Worker Number": 1,
                                  "Actual Startup Time": 0.042,
                                  "Actual Total Time": 0.044,
                                  "Actual Rows": 1.0,
                                  "Actual Loops": 1,
                                  "Shared Hit Blocks": 1,
                                  "Shared Read Blocks": 0,
                                  "Shared Dirtied Blocks": 0,
                                  "Shared Written Blocks": 0,
                                  "Local Hit Blocks": 0,
                                  "Local Read Blocks": 0,
                                  "Local Dirtied Blocks": 0,
                                  "Local Written Blocks": 0,
                                  "Temp Read Blocks": 0,
                                  "Temp Written Blocks": 0
                                }
                              ],
                              "Plans": [
                                {
                                  "Node Type": "Seq Scan",
                                  "Parent Relationship": "Outer",
                                  "Parallel Aware": false,
                                  "Async Capable": false,
                                  "Relation Name": "info_type",
                                  "Schema": "public",
                                  "Alias": "it",
                                  "Startup Cost": 0.0,
                                  "Total Cost": 2.41,
                                  "Plan Rows": 1,
                                  "Plan Width": 4,
                                  "Actual Startup Time": 0.026,
                                  "Actual Total Time": 0.027,
                                  "Actual Rows": 1.0,
                                  "Actual Loops": 3,
                                  "Disabled": false,
                                  "Output": [
                                    "it.id"
                                  ],
                                  "Filter": "((it.info)::text = 'rating'::text)",
                                  "Rows Removed by Filter": 112,
                                  "Shared Hit Blocks": 3,
                                  "Shared Read Blocks": 0,
                                  "Shared Dirtied Blocks": 0,
                                  "Shared Written Blocks": 0,
                                  "Local Hit Blocks": 0,
                                  "Local Read Blocks": 0,
                                  "Local Dirtied Blocks": 0,
                                  "Local Written Blocks": 0,
                                  "Temp Read Blocks": 0,
                                  "Temp Written Blocks": 0,
                                  "Workers": [
                                    {
                                      "Worker Number": 0,
                                      "Actual Startup Time": 0.034,
                                      "Actual Total Time": 0.034,
                                      "Actual Rows": 1.0,
                                      "Actual Loops": 1,
                                      "Shared Hit Blocks": 1,
                                      "Shared Read Blocks": 0,
                                      "Shared Dirtied Blocks": 0,
                                      "Shared Written Blocks": 0,
                                      "Local Hit Blocks": 0,
                                      "Local Read Blocks": 0,
                                      "Local Dirtied Blocks": 0,
                                      "Local Written Blocks": 0,
                                      "Temp Read Blocks": 0,
                                      "Temp Written Blocks": 0
                                    },
                                    {
                                      "Worker Number": 1,
                                      "Actual Startup Time": 0.036,
                                      "Actual Total Time": 0.037,
                                      "Actual Rows": 1.0,
                                      "Actual Loops": 1,
                                      "Shared Hit Blocks": 1,
                                      "Shared Read Blocks": 0,
                                      "Shared Dirtied Blocks": 0,
                                      "Shared Written Blocks": 0,
                                      "Local Hit Blocks": 0,
                                      "Local Read Blocks": 0,
                                      "Local Dirtied Blocks": 0,
                                      "Local Written Blocks": 0,
                                      "Temp Read Blocks": 0,
                                      "Temp Written Blocks": 0
                                    }
                                  ]
                                }
                              ]
                            }
                          ]
                        },
                        {
                          "Node Type": "Index Scan",
                          "Parent Relationship": "Inner",
                          "Parallel Aware": false,
                          "Async Capable": false,
                          "Scan Direction": "Forward",
                          "Index Name": "title_pkey",
                          "Relation Name": "title",
                          "Schema": "public",
                          "Alias": "t",
                          "Startup Cost": 0.42,
                          "Total Cost": 6.8,
                          "Plan Rows": 1,
                          "Plan Width": 36,
                          "Actual Startup Time": 0.081,
                          "Actual Total Time": 0.081,
                          "Actual Rows": 0.24,
                          "Actual Loops": 305,
                          "Disabled": false,
                          "Output": [
                            "t.id",
                            "t.title",
                            "t.imdb_index",
                            "t.kind_id",
                            "t.production_year",
                            "t.imdb_id",
                            "t.phonetic_code",
                            "t.episode_of_id",
                            "t.season_nr",
                            "t.episode_nr",
                            "t.series_years",
                            "t.md5sum"
                          ],
                          "Index Cond": "(t.id = mi_idx.movie_id)",
                          "Rows Removed by Index Recheck": 0,
                          "Filter": "(t.production_year > 2010)",
                          "Rows Removed by Filter": 1,
                          "Index Searches": 305,
                          "Shared Hit Blocks": 832,
                          "Shared Read Blocks": 390,
                          "Shared Dirtied Blocks": 0,
                          "Shared Written Blocks": 57,
                          "Local Hit Blocks": 0,
                          "Local Read Blocks": 0,
                          "Local Dirtied Blocks": 0,
                          "Local Written Blocks": 0,
                          "Temp Read Blocks": 0,
                          "Temp Written Blocks": 0,
                          "Workers": [
                            {
                              "Worker Number": 0,
                              "Actual Startup Time": 0.1,
                              "Actual Total Time": 0.1,
                              "Actual Rows": 0.13,
                              "Actual Loops": 117,
                              "Shared Hit Blocks": 322,
                              "Shared Read Blocks": 147,
                              "Shared Dirtied Blocks": 0,
                              "Shared Written Blocks": 22,
                              "Local Hit Blocks": 0,
                              "Local Read Blocks": 0,
                              "Local Dirtied Blocks": 0,
                              "Local Written Blocks": 0,
                              "Temp Read Blocks": 0,
                              "Temp Written Blocks": 0
                            },
                            {
                              "Worker Number": 1,
                              "Actual Startup Time": 0.103,
                              "Actual Total Time": 0.103,
                              "Actual Rows": 0.35,
                              "Actual Loops": 72,
                              "Shared Hit Blocks": 195,
                              "Shared Read Blocks": 94,
                              "Shared Dirtied Blocks": 0,
                              "Shared Written Blocks": 15,
                              "Local Hit Blocks": 0,
                              "Local Read Blocks": 0,
                              "Local Dirtied Blocks": 0,
                              "Local Written Blocks": 0,
                              "Temp Read Blocks": 0,
                              "Temp Written Blocks": 0
                            }
                          ]
                        }
                      ]
                    },
                    {
                      "Node Type": "Index Scan",
                      "Parent Relationship": "Inner",
                      "Parallel Aware": false,
                      "Async Capable": false,
                      "Scan Direction": "Forward",
                      "Index Name": "movie_id_movie_keyword",
                      "Relation Name": "movie_keyword",
                      "Schema": "public",
                      "Alias": "mk",
                      "Startup Cost": 0.43,
                      "Total Cost": 1.72,
                      "Plan Rows": 46,
                      "Plan Width": 8,
                      "Actual Startup Time": 0.571,
                      "Actual Total Time": 0.578,
                      "Actual Rows": 14.86,
                      "Actual Loops": 72,
                      "Disabled": false,
                      "Output": [
                        "mk.id",
                        "mk.movie_id",
                        "mk.keyword_id"
                      ],
                      "Index Cond": "(mk.movie_id = t.id)",
                      "Rows Removed by Index Recheck": 0,
                      "Index Searches": 72,
                      "Shared Hit Blocks": 147,
                      "Shared Read Blocks": 112,
                      "Shared Dirtied Blocks": 0,
                      "Shared Written Blocks": 11,
                      "Local Hit Blocks": 0,
                      "Local Read Blocks": 0,
                      "Local Dirtied Blocks": 0,
                      "Local Written Blocks": 0,
                      "Temp Read Blocks": 0,
                      "Temp Written Blocks": 0,
                      "Workers": [
                        {
                          "Worker Number": 0,
                          "Actual Startup Time": 0.827,
                          "Actual Total Time": 0.83,
                          "Actual Rows": 23.8,
                          "Actual Loops": 15,
                          "Shared Hit Blocks": 26,
                          "Shared Read Blocks": 27,
                          "Shared Dirtied Blocks": 0,
                          "Shared Written Blocks": 3,
                          "Local Hit Blocks": 0,
                          "Local Read Blocks": 0,
                          "Local Dirtied Blocks": 0,
                          "Local Written Blocks": 0,
                          "Temp Read Blocks": 0,
                          "Temp Written Blocks": 0
                        },
                        {
                          "Worker Number": 1,
                          "Actual Startup Time": 0.591,
                          "Actual Total Time": 0.601,
                          "Actual Rows": 7.48,
                          "Actual Loops": 25,
                          "Shared Hit Blocks": 53,
                          "Shared Read Blocks": 37,
                          "Shared Dirtied Blocks": 0,
                          "Shared Written Blocks": 4,
                          "Local Hit Blocks": 0,
                          "Local Read Blocks": 0,
                          "Local Dirtied Blocks": 0,
                          "Local Written Blocks": 0,
                          "Temp Read Blocks": 0,
                          "Temp Written Blocks": 0
                        }
                      ]
                    }
                  ]
                },
                {
                  "Node Type": "Index Scan",
                  "Parent Relationship": "Inner",
                  "Parallel Aware": false,
                  "Async Capable": false,
                  "Scan Direction": "Forward",
                  "Index Name": "keyword_pkey",
                  "Relation Name": "keyword",
                  "Schema": "public",
                  "Alias": "k",
                  "Startup Cost": 0.42,
                  "Total Cost": 0.44,
                  "Plan Rows": 1,
                  "Plan Width": 4,
                  "Actual Startup Time": 0.033,
                  "Actual Total Time": 0.033,
                  "Actual Rows": 0.01,
                  "Actual Loops": 1070,
                  "Disabled": false,
                  "Output": [
                    "k.id",
                    "k.keyword",
                    "k.phonetic_code"
                  ],
                  "Index Cond": "(k.id = mk.keyword_id)",
                  "Rows Removed by Index Recheck": 0,
                  "Filter": "(k.keyword ~~ '%sequel%'::text)",
                  "Rows Removed by Filter": 1,
                  "Index Searches": 1070,
                  "Shared Hit Blocks": 4069,
                  "Shared Read Blocks": 213,
                  "Shared Dirtied Blocks": 0,
                  "Shared Written Blocks": 33,
                  "Local Hit Blocks": 0,
                  "Local Read Blocks": 0,
                  "Local Dirtied Blocks": 0,
                  "Local Written Blocks": 0,
                  "Temp Read Blocks": 0,
                  "Temp Written Blocks": 0,
                  "Workers": [
                    {
                      "Worker Number": 0,
                      "Actual Startup Time": 0.022,
                      "Actual Total Time": 0.022,
                      "Actual Rows": 0.01,
                      "Actual Loops": 357,
                      "Shared Hit Blocks": 1392,
                      "Shared Read Blocks": 37,
                      "Shared Dirtied Blocks": 0,
                      "Shared Written Blocks": 4,
                      "Local Hit Blocks": 0,
                      "Local Read Blocks": 0,
                      "Local Dirtied Blocks": 0,
                      "Local Written Blocks": 0,
                      "Temp Read Blocks": 0,
                      "Temp Written Blocks": 0
                    },
                    {
                      "Worker Number": 1,
                      "Actual Startup Time": 0.026,
                      "Actual Total Time": 0.026,
                      "Actual Rows": 0.01,
                      "Actual Loops": 187,
                      "Shared Hit Blocks": 711,
                      "Shared Read Blocks": 38,
                      "Shared Dirtied Blocks": 0,
                      "Shared Written Blocks": 6,
                      "Local Hit Blocks": 0,
                      "Local Read Blocks": 0,
                      "Local Dirtied Blocks": 0,
                      "Local Written Blocks": 0,
                      "Temp Read Blocks": 0,
                      "Temp Written Blocks": 0
                    }
                  ]
                }
              ]
            }
          ]
        }
      ]
    },
    "Planning": {
      "Shared Hit Blocks": 17,
      "Shared Read Blocks": 17,
      "Shared Dirtied Blocks": 0,
      "Shared Written Blocks": 3,
      "Local Hit Blocks": 0,
      "Local Read Blocks": 0,
      "Local Dirtied Blocks": 0,
      "Local Written Blocks": 0,
      "Temp Read Blocks": 0,
      "Temp Written Blocks": 0
    },
    "Planning Time": 0.55,
    "Triggers": [],
    "Execution Time": 73.911
  }
]