[
  {
    "Plan": {
      "Node Type": "Aggregate",
      "Strategy": "Plain",
      "Partial Mode": "Simple",
      "Parallel Aware": false,
      "Async Capable": false,
      "Startup Cost": 16680.73,
      "Total Cost": 16680.74,
      "Plan Rows": 1,
      "Plan Width": 64,
      "Actual Startup Time": 123.105,
      "Actual Total Time": 123.106,
      "Actual Rows": 1.0,
      "Actual Loops": 1,
      "Disabled": false,
      "Output": [
        "min(mi_idx.info)",
        "min(t.title)"
      ],
      "Shared Hit Blocks": 71697,
      "Shared Read Blocks": 15894,
      "Shared Dirtied Blocks": 0,
      "Shared Written Blocks": 1056,
      "Local Hit Blocks": 0,
      "Local Read Blocks": 0,
      "Local Dirtied Blocks": 0,
      "Local Written Blocks": 0,
      "Temp Read Blocks": 0,
      "Temp Written Blocks": 0,
      "Plans": [
        {
          "Node Type": "Nested Loop",
          "Parent Relationship": "Outer",
          "Parallel Aware": false,
          "Async Capable": false,
          "Join Type": "Inner",
          "Startup Cost": 7.66,
          "Total Cost": 16680.72,
          "Plan Rows": 2,
          "Plan Width": 37,
          "Actual Startup Time": 1.506,
          "Actual Total Time": 122.669,
          "Actual Rows": 4700.0,
          "Actual Loops": 1,
          "Disabled": false,
          "Output": [
            "mi_idx.info",
            "t.title"
          ],
          "Inner Unique": true,
          "Join Filter": "(mi_idx.movie_id = t.id)",
          "Rows Removed by Join Filter": 0,
          "Shared Hit Blocks": 71697,
          "Shared Read Blocks": 15894,
          "Shared Dirtied Blocks": 0,
          "Shared Written Blocks": 1056,
          "Local Hit Blocks": 0,
          "Local Read Blocks": 0,
          "Local Dirtied Blocks": 0,
          "Local Written Blocks": 0,
          "Temp Read Blocks": 0,
          "Temp Written Blocks": 0,
          "Plans": [
            {
              "Node Type": "Nested Loop",
              "Parent Relationship": "Outer",
              "Parallel Aware": false,
              "Async Capable": false,
              "Join Type": "Inner",
              "Startup Cost": 7.23,
              "Total Cost": 16677.24,
              "Plan Rows": 7,
              "Plan Width": 13,
              "Actual Startup Time": 1.491,
              "Actual Total Time": 69.314,
              "Actual Rows": 8092.0,
              "Actual Loops": 1,
              "Disabled": false,
              "Output": [
                "mi_idx.info",
                "mi_idx.movie_id",
                "mk.movie_id"
              ],
              "Inner Unique": false,
              "Join Filter": "(it.id = mi_idx.info_type_id)",
              "Rows Removed by Join Filter": 6507,
              "Shared Hit Blocks": 45953,
              "Shared Read Blocks": 9270,
              "Shared Dirtied Blocks": 0,
              "Shared Written Blocks": 582,
              "Local Hit Blocks": 0,
              "Local Read Blocks": 0,
              "Local Dirtied Blocks": 0,
              "Local Written Blocks": 0,
              "Temp Read Blocks": 0,
              "Temp Written Blocks": 0,
              "Plans": [
                {
                  "Node Type": "Seq Scan",
                  "Parent Relationship": "Outer",
                  "Parallel Aware": false,
                  "Async Capable": false,
                  "Relation Name": "info_type",
                  "Schema": "public",
                  "Alias": "it",
                  "Startup Cost": 0.0,
                  "Total Cost": 2.41,
                  "Plan Rows": 1,
                  "Plan Width": 4,
                  "Actual Startup Time": 0.012,
                  "Actual Total Time": 0.013,
                  "Actual Rows": 1.0,
                  "Actual Loops": 1,
                  "Disabled": false,
                  "Output": [
                    "it.id",
                    "it.info"
                  ],
                  "Filter": "((it.info)::text = 'rating'::text)",
                  "Rows Removed by Filter": 112,
                  "Shared Hit Blocks": 1,
                  "Shared Read Blocks": 0,
                  "Shared Dirtied Blocks": 0,
                  "Shared Written Blocks": 0,
                  "Local Hit Blocks": 0,
                  "Local Read Blocks": 0,
                  "Local Dirtied Blocks": 0,
                  "Local Written Blocks": 0,
                  "Temp Read Blocks": 0,
                  "Temp Written Blocks": 0
                },
                {
                  "Node Type": "Nested Loop",
                  "Parent Relationship": "Inner",
                  "Parallel Aware": false,
                  "Async Capable": false,
                  "Join Type": "Inner",
                  "Startup Cost": 7.23,
                  "Total Cost": 16665.22,
                  "Plan Rows": 769,
                  "Plan Width": 17,
                  "Actual Startup Time": 1.478,
                  "Actual Total Time": 68.497,
                  "Actual Rows": 14599.0,
                  "Actual Loops": 1,
                  "Disabled": false,
                  "Output": [
                    "mk.movie_id",
                    "mi_idx.info",
                    "mi_idx.movie_id",
                    "mi_idx.info_type_id"
                  ],
                  "Inner Unique": false,
                  "Shared Hit Blocks": 45952,
                  "Shared Read Blocks": 9270,
                  "Shared Dirtied Blocks": 0,
                  "Shared Written Blocks": 582,
                  "Local Hit Blocks": 0,
                  "Local Read Blocks": 0,
                  "Local Dirtied Blocks": 0,
                  "Local Written Blocks": 0,
                  "Temp Read Blocks": 0,
                  "Temp Written Blocks": 0,
                  "Plans": [
                    {
                      "Node Type": "Nested Loop",
                      "Parent Relationship": "Outer",
                      "Parallel Aware": false,
                      "Async Capable": false,
                      "Join Type": "Inner",
                      "Startup Cost": 6.8,
                      "Total Cost": 16438.09,
                      "Plan Rows": 438,
                      "Plan Width": 4,
                      "Actual Startup Time": 1.461,
                      "Actual Total Time": 36.077,
                      "Actual Rows": 12951.0,
                      "Actual Loops": 1,
                      "Disabled": false,
                      "Output": [
                        "mk.movie_id"
                      ],
                      "Inner Unique": false,
                      "Shared Hit Blocks": 1729,
                      "Shared Read Blocks": 6357,
                      "Shared Dirtied Blocks": 0,
                      "Shared Written Blocks": 370,
                      "Local Hit Blocks": 0,
                      "Local Read Blocks": 0,
                      "Local Dirtied Blocks": 0,
                      "Local Written Blocks": 0,
                      "Temp Read Blocks": 0,
                      "Temp Written Blocks": 0,
                      "Plans": [
                        {
                          "Node Type": "Seq Scan",
                          "Parent Relationship": "Outer",
                          "Parallel Aware": false,
                          "Async Capable": false,
                          "Relation Name": "keyword",
                          "Schema": "public",
                          "Alias": "k",
                          "Startup Cost": 0.0,
                          "Total Cost": 2685.12,
                          "Plan Rows": 13,
                          "Plan Width": 4,
                          "Actual Startup Time": 0.487,
                          "Actual Total Time": 10.182,
                          "Actual Rows": 30.0,
                          "Actual Loops": 1,
                          "Disabled": false,
                          "Output": [
                            "k.id",
                            "k.keyword",
                            "k.phonetic_code"
                          ],
                          "Filter": "(k.keyword ~~ '%sequel%'::text)",
                          "Rows Removed by Filter": 134140,
                          "Shared Hit Blocks": 174,
                          "Shared Read Blocks": 834,
                          "Shared Dirtied Blocks": 0,
                          "Shared Written Blocks": 0,
                          "Local Hit Blocks": 0,
                          "Local Read Blocks": 0,
                          "Local Dirtied Blocks": 0,
                          "Local Written Blocks": 0,
                          "Temp Read Blocks": 0,
                          "Temp Written Blocks": 0
                        },
                        {
                          "Node Type": "Bitmap Heap Scan",
                          "Parent Relationship": "Inner",
                          "Parallel Aware": false,
                          "Async Capable": false,
                          "Relation Name": "movie_keyword",
                          "Schema": "public",
                          "Alias": "mk",
                          "Startup Cost": 6.8,
                          "Total Cost": 1054.86,
                          "Plan Rows": 306,
                          "Plan Width": 8,
                          "Actual Startup Time": 0.055,
                          "Actual Total Time": 0.835,
                          "Actual Rows": 431.7,
                          "Actual Loops": 30,
                          "Disabled": false,
                          "Output": [
                            "mk.id",
                            "mk.movie_id",
                            "mk.keyword_id"
                          ],
                          "Recheck Cond": "(k.id = mk.keyword_id)",
                          "Rows Removed by Index Recheck": 0,
                          "Exact Heap Blocks": 6979,
                          "Lossy Heap Blocks": 0,
                          "Shared Hit Blocks": 1555,
                          "Shared Read Blocks": 5523,
                          "Shared Dirtied Blocks": 0,
                          "Shared Written Blocks": 370,
                          "Local Hit Blocks": 0,
                          "Local Read Blocks": 0,
                          "Local Dirtied Blocks": 0,
                          "Local Written Blocks": 0,
                          "Temp Read Blocks": 0,
                          "Temp Written Blocks": 0,
                          "Plans": [
                            {
                              "Node Type": "Bitmap Index Scan",
                              "Parent Relationship": "Outer",
                              "Parallel Aware": false,
                              "Async Capable": false,
                              "Index Name": "keyword_id_movie_keyword",
                              "Startup Cost": 0.0,
                              "Total Cost": 6.73,
                              "Plan Rows": 306,
                              "Plan Width": 0,
                              "Actual Startup Time": 0.027,
                              "Actual Total Time": 0.027,
                              "Actual Rows": 431.7,
                              "Actual Loops": 30,
                              "Disabled": false,
                              "Index Cond": "(mk.keyword_id = k.id)",
                              "Index Searches": 30,
                              "Shared Hit Blocks": 59,
                              "Shared Read Blocks": 40,
                              "Shared Dirtied Blocks": 0,
                              "Shared Written Blocks": 0,
                              "Local Hit Blocks": 0,
                              "Local Read Blocks": 0,
                              "Local Dirtied Blocks": 0,
                              "Local Written Blocks": 0,
                              "Temp Read Blocks": 0,
                              "Temp Written Blocks": 0
                            }
                          ]
                        }
                      ]
                    },
                    {
                      "Node Type": "Index Scan",
                      "Parent Relationship": "Inner",
                      "Parallel Aware": false,
                      "Async Capable": false,
                      "Scan Direction": "Forward",
                      "Index Name": "movie_id_movie_info_idx",
                      "Relation Name": "movie_info_idx",
                      "Schema": "public",
                      "Alias": "mi_idx",
                      "Startup Cost": 0.43,
                      "Total Cost": 0.5,
                      "Plan Rows": 2,
                      "Plan Width": 13,
                      "Actual Startup Time": 0.002,
                      "Actual Total Time": 0.002,
                      "Actual Rows": 1.13,
                      "Actual Loops": 12951,
                      "Disabled": false,
                      "Output": [
                        "mi_idx.id",
                        "mi_idx.movie_id",
                        "mi_idx.info_type_id",
                        "mi_idx.info",
                        "mi_idx.note"
                      ],
                      "Index Cond": "(mi_idx.movie_id = mk.movie_id)",
                      "Rows Removed by Index Recheck": 0,
                      "Filter": "(mi_idx.info > '2.0'::text)",
                      "Rows Removed by Filter": 1,
                      "Index Searches": 12951,
                      "Shared Hit Blocks": 44223,
                      "Shared Read Blocks": 2913,
                      "Shared Dirtied Blocks": 0,
                      "Shared Written Blocks": 212,
                      "Local Hit Blocks": 0,
                      "Local Read Blocks": 0,
                      "Local Dirtied Blocks": 0,
                      "Local Written Blocks": 0,
                      "Temp Read Blocks": 0,
                      "Temp Written Blocks": 0
                    }
                  ]
                }
              ]
            },
            {
              "Node Type": "Index Scan",
              "Parent Relationship": "Inner",
              "Parallel Aware": false,
              "Async Capable": false,
              "Scan Direction": "Forward",
              "Index Name": "title_pkey",
              "Relation Name": "title",
              "Schema": "public",
              "Alias": "t",
              "Startup Cost": 0.42,
              "Total Cost": 0.48,
              "Plan Rows": 1,
              "Plan Width": 36,
              "Actual Startup Time": 0.006,
              "Actual Total Time": 0.006,
              "Actual Rows": 0.58,
              "Actual Loops": 8092,
              "Disabled": false,
              "Output": [
                "t.id",
                "t.title",
                "t.imdb_index",
                "t.kind_id",
                "t.production_year",
                "t.imdb_id",
                "t.phonetic_code",
                "t.episode_of_id",
                "t.season_nr",
                "t.episode_nr",
                "t.series_years",
                "t.md5sum"
              ],
              "Index Cond": "(t.id = mk.movie_id)",
              "Rows Removed by Index Recheck": 0,
              "Filter": "(t.production_year > 1990)",
              "Rows Removed by Filter": 0,
              "Index Searches": 8092,
              "Shared Hit Blocks": 25744,
              "Shared Read Blocks": 6624,
              "Shared Dirtied Blocks": 0,
              "Shared Written Blocks": 474,
              "Local Hit Blocks": 0,
              "Local Read Blocks": 0,
              "Local Dirtied Blocks": 0,
              "Local Written Blocks": 0,
              "Temp Read Blocks": 0,
              "Temp Written Blocks": 0
            }
          ]
        }
      ]
    },
    "Planning": {
      "Shared Hit Blocks": 34,
      "Shared Read Blocks": 0,
      "Shared Dirtied Blocks": 0,
      "Shared Written Blocks": 0,
      "Local Hit Blocks": 0,
      "Local Read Blocks": 0,
      "Local Dirtied Blocks": 0,
      "Local Written Blocks": 0,
      "Temp Read Blocks": 0,
      "Temp Written Blocks": 0
    },
    "Planning Time": 0.422,
    "Triggers": [],
    "Execution Time": 123.21
  }
]