[
  {
    "Plan": {
      "Node Type": "Aggregate",
      "Strategy": "Plain",
      "Partial Mode": "Simple",
      "Parallel Aware": false,
      "Async Capable": false,
      "Startup Cost": 42260.47,
      "Total Cost": 42260.48,
      "Plan Rows": 1,
      "Plan Width": 96,
      "Actual Startup Time": 393.158,
      "Actual Total Time": 393.159,
      "Actual Rows": 1.0,
      "Actual Loops": 1,
      "Disabled": false,
      "Output": [
        "min(k.keyword)",
        "min(n.name)",
        "min(t.title)"
      ],
      "Shared Hit Blocks": 3305,
      "Shared Read Blocks": 3869,
      "Shared Dirtied Blocks": 274,
      "Shared Written Blocks": 45,
      "Local Hit Blocks": 0,
      "Local Read Blocks": 0,
      "Local Dirtied Blocks": 0,
      "Local Written Blocks": 0,
      "Temp Read Blocks": 0,
      "Temp Written Blocks": 0,
      "Plans": [
        {
          "Node Type": "Nested Loop",
          "Parent Relationship": "Outer",
          "Parallel Aware": false,
          "Async Capable": false,
          "Join Type": "Inner",
          "Startup Cost": 8.1,
          "Total Cost": 42260.47,
          "Plan Rows": 1,
          "Plan Width": 63,
          "Actual Startup Time": 85.058,
          "Actual Total Time": 393.147,
          "Actual Rows": 6.0,
          "Actual Loops": 1,
          "Disabled": false,
          "Output": [
            "k.keyword",
            "n.name",
            "t.title"
          ],
          "Inner Unique": true,
          "Shared Hit Blocks": 3305,
          "Shared Read Blocks": 3869,
          "Shared Dirtied Blocks": 274,
          "Shared Written Blocks": 45,
          "Local Hit Blocks": 0,
          "Local Read Blocks": 0,
          "Local Dirtied Blocks": 0,
          "Local Written Blocks": 0,
          "Temp Read Blocks": 0,
          "Temp Written Blocks": 0,
          "Plans": [
            {
              "Node Type": "Nested Loop",
              "Parent Relationship": "Outer",
              "Parallel Aware": false,
              "Async Capable": false,
              "Join Type": "Inner",
              "Startup Cost": 7.67,
              "Total Cost": 40963.1,
              "Plan Rows": 2811,
              "Plan Width": 52,
              "Actual Startup Time": 2.36,
              "Actual Total Time": 148.701,
              "Actual Rows": 1224.0,
              "Actual Loops": 1,
              "Disabled": false,
              "Output": [
                "ci.person_id",
                "k.keyword",
                "t.title"
              ],
              "Inner Unique": false,
              "Shared Hit Blocks": 352,
              "Shared Read Blocks": 1926,
              "Shared Dirtied Blocks": 274,
              "Shared Written Blocks": 45,
              "Local Hit Blocks": 0,
              "Local Read Blocks": 0,
              "Local Dirtied Blocks": 0,
              "Local Written Blocks": 0,
              "Temp Read Blocks": 0,
              "Temp Written Blocks": 0,
              "Plans": [
                {
                  "Node Type": "Nested Loop",
                  "Parent Relationship": "Outer",
                  "Parallel Aware": false,
                  "Async Capable": false,
                  "Join Type": "Inner",
                  "Startup Cost": 7.23,
                  "Total Cost": 3833.16,
                  "Plan Rows": 11,
                  "Plan Width": 56,
                  "Actual Startup Time": 0.968,
                  "Actual Total Time": 6.218,
                  "Actual Rows": 11.0,
                  "Actual Loops": 1,
                  "Disabled": false,
                  "Output": [
                    "k.keyword",
                    "mk.movie_id",
                    "t.title",
                    "t.id"
                  ],
                  "Inner Unique": true,
                  "Shared Hit Blocks": 157,
                  "Shared Read Blocks": 922,
                  "Shared Dirtied Blocks": 0,
                  "Shared Written Blocks": 45,
                  "Local Hit Blocks": 0,
                  "Local Read Blocks": 0,
                  "Local Dirtied Blocks": 0,
                  "Local Written Blocks": 0,
                  "Temp Read Blocks": 0,
                  "Temp Written Blocks": 0,
                  "Plans": [
                    {
                      "Node Type": "Nested Loop",
                      "Parent Relationship": "Outer",
                      "Parallel Aware": false,
                      "Async Capable": false,
                      "Join Type": "Inner",
                      "Startup Cost": 6.8,
                      "Total Cost": 3816.68,
                      "Plan Rows": 34,
                      "Plan Width": 20,
                      "Actual Startup Time": 0.855,
                      "Actual Total Time": 5.972,
                      "Actual Rows": 14.0,
                      "Actual Loops": 1,
                      "Disabled": false,
                      "Output": [
                        "k.keyword",
                        "mk.movie_id"
                      ],
                      "Inner Unique": false,
                      "Shared Hit Blocks": 118,
                      "Shared Read Blocks": 905,
                      "Shared Dirtied Blocks": 0,
                      "Shared Written Blocks": 45,
                      "Local Hit Blocks": 0,
                      "Local Read Blocks": 0,
                      "Local Dirtied Blocks": 0,
                      "Local Written Blocks": 0,
                      "Temp Read Blocks": 0,
                      "Temp Written Blocks": 0,
                      "Plans": [
                        {
                          "Node Type": "Seq Scan",
                          "Parent Relationship": "Outer",
                          "Parallel Aware": false,
                          "Async Capable": false,
                          "Relation Name": "keyword",
                          "Schema": "public",
                          "Alias": "k",
                          "Startup Cost": 0.0,
                          "Total Cost": 2685.12,
                          "Plan Rows": 1,
                          "Plan Width": 20,
                          "Actual Startup Time": 0.129,
                          "Actual Total Time": 5.2,
                          "Actual Rows": 1.0,
                          "Actual Loops": 1,
                          "Disabled": false,
                          "Output": [
                            "k.id",
                            "k.keyword",
                            "k.phonetic_code"
                          ],
                          "Filter": "(k.keyword = 'marvel-cinematic-universe'::text)",
                          "Rows Removed by Filter": 134169,
                          "Shared Hit Blocks": 115,
                          "Shared Read Blocks": 893,
                          "Shared Dirtied Blocks": 0,
                          "Shared Written Blocks": 45,
                          "Local Hit Blocks": 0,
                          "Local Read Blocks": 0,
                          "Local Dirtied Blocks": 0,
                          "Local Written Blocks": 0,
                          "Temp Read Blocks": 0,
                          "Temp Written Blocks": 0
                        },
                        {
                          "Node Type": "Bitmap Heap Scan",
                          "Parent Relationship": "Inner",
                          "Parallel Aware": false,
                          "Async Capable": false,
                          "Relation Name": "movie_keyword",
                          "Schema": "public",
                          "Alias": "mk",
                          "Startup Cost": 6.8,
                          "Total Cost": 1128.5,
                          "Plan Rows": 306,
                          "Plan Width": 8,
                          "Actual Startup Time": 0.724,
                          "Actual Total Time": 0.767,
                          "Actual Rows": 14.0,
                          "Actual Loops": 1,
                          "Disabled": false,
                          "Output": [
                            "mk.id",
                            "mk.movie_id",
                            "mk.keyword_id"
                          ],
                          "Recheck Cond": "(k.id = mk.keyword_id)",
                          "Rows Removed by Index Recheck": 0,
                          "Exact Heap Blocks": 12,
                          "Lossy Heap Blocks": 0,
                          "Shared Hit Blocks": 3,
                          "Shared Read Blocks": 12,
                          "Shared Dirtied Blocks": 0,
                          "Shared Written Blocks": 0,
                          "Local Hit Blocks": 0,
                          "Local Read Blocks": 0,
                          "Local Dirtied Blocks": 0,
                          "Local Written Blocks": 0,
                          "Temp Read Blocks": 0,
                          "Temp Written Blocks": 0,
                          "Plans": [
                            {
                              "Node Type": "Bitmap Index Scan",
                              "Parent Relationship": "Outer",
                              "Parallel Aware": false,
                              "Async Capable": false,
                              "Index Name": "keyword_id_movie_keyword",
                              "Startup Cost": 0.0,
                              "Total Cost": 6.73,
                              "Plan Rows": 306,
                              "Plan Width": 0,
                              "Actual Startup Time": 0.582,
                              "Actual Total Time": 0.582,
                              "Actual Rows": 14.0,
                              "Actual Loops": 1,
                              "Disabled": false,
                              "Index Cond": "(mk.keyword_id = k.id)",
                              "Index Searches": 1,
                              "Shared Hit Blocks": 1,
                              "Shared Read Blocks": 2,
                              "Shared Dirtied Blocks": 0,
                              "Shared Written Blocks": 0,
                              "Local Hit Blocks": 0,
                              "Local Read Blocks": 0,
                              "Local Dirtied Blocks": 0,
                              "Local Written Blocks": 0,
                              "Temp Read Blocks": 0,
                              "Temp Written Blocks": 0
                            }
                          ]
                        }
                      ]
                    },
                    {
                      "Node Type": "Index Scan",
                      "Parent Relationship": "Inner",
                      "Parallel Aware": false,
                      "Async Capable": false,
                      "Scan Direction": "Forward",
                      "Index Name": "title_pkey",
                      "Relation Name": "title",
                      "Schema": "public",
                      "Alias": "t",
                      "Startup Cost": 0.42,
                      "Total Cost": 0.48,
                      "Plan Rows": 1,
                      "Plan Width": 36,
                      "Actual Startup Time": 0.017,
                      "Actual Total Time": 0.017,
                      "Actual Rows": 0.79,
                      "Actual Loops": 14,
                      "Disabled": false,
                      "Output": [
                        "t.id",
                        "t.title",
                        "t.imdb_index",
                        "t.kind_id",
                        "t.production_year",
                        "t.imdb_id",
                        "t.phonetic_code",
                        "t.episode_of_id",
                        "t.season_nr",
                        "t.episode_nr",
                        "t.series_years",
                        "t.md5sum"
                      ],
                      "Index Cond": "(t.id = mk.movie_id)",
                      "Rows Removed by Index Recheck": 0,
                      "Filter": "(t.production_year > 2010)",
                      "Rows Removed by Filter": 0,
                      "Index Searches": 14,
                      "Shared Hit Blocks": 39,
                      "Shared Read Blocks": 17,
                      "Shared Dirtied Blocks": 0,
                      "Shared Written Blocks": 0,
                      "Local Hit Blocks": 0,
                      "Local Read Blocks": 0,
                      "Local Dirtied Blocks": 0,
                      "Local Written Blocks": 0,
                      "Temp Read Blocks": 0,
                      "Temp Written Blocks": 0
                    }
                  ]
                },
                {
                  "Node Type": "Index Scan",
                  "Parent Relationship": "Inner",
                  "Parallel Aware": false,
                  "Async Capable": false,
                  "Scan Direction": "Forward",
                  "Index Name": "movie_id_cast_info",
                  "Relation Name": "cast_info",
                  "Schema": "public",
                  "Alias": "ci",
                  "Startup Cost": 0.44,
                  "Total Cost": 2149.76,
                  "Plan Rows": 122569,
                  "Plan Width": 8,
                  "Actual Startup Time": 0.823,
                  "Actual Total Time": 12.935,
                  "Actual Rows": 111.27,
                  "Actual Loops": 11,
                  "Disabled": false,
                  "Output": [
                    "ci.id",
                    "ci.person_id",
                    "ci.movie_id",
                    "ci.person_role_id",
                    "ci.note",
                    "ci.nr_order",
                    "ci.role_id"
                  ],
                  "Index Cond": "(ci.movie_id = t.id)",
                  "Rows Removed by Index Recheck": 0,
                  "Index Searches": 11,
                  "Shared Hit Blocks": 195,
                  "Shared Read Blocks": 1004,
                  "Shared Dirtied Blocks": 274,
                  "Shared Written Blocks": 0,
                  "Local Hit Blocks": 0,
                  "Local Read Blocks": 0,
                  "Local Dirtied Blocks": 0,
                  "Local Written Blocks": 0,
                  "Temp Read Blocks": 0,
                  "Temp Written Blocks": 0
                }
              ]
            },
            {
              "Node Type": "Index Scan",
              "Parent Relationship": "Inner",
              "Parallel Aware": false,
              "Async Capable": false,
              "Scan Direction": "Forward",
              "Index Name": "name_pkey",
              "Relation Name": "name",
              "Schema": "public",
              "Alias": "n",
              "Startup Cost": 0.43,
              "Total Cost": 0.46,
              "Plan Rows": 1,
              "Plan Width": 19,
              "Actual Startup Time": 0.199,
              "Actual Total Time": 0.199,
              "Actual Rows": 0.0,
              "Actual Loops": 1224,
              "Disabled": false,
              "Output": [
                "n.id",
                "n.name",
                "n.imdb_index",
                "n.imdb_id",
                "n.gender",
                "n.name_pcode_cf",
                "n.name_pcode_nf",
                "n.surname_pcode",
                "n.md5sum"
              ],
              "Index Cond": "(n.id = ci.person_id)",
              "Rows Removed by Index Recheck": 0,
              "Filter": "(n.name ~~ '%Downey%Robert%'::text)",
              "Rows Removed by Filter": 1,
              "Index Searches": 1224,
              "Shared Hit Blocks": 2953,
              "Shared Read Blocks": 1943,
              "Shared Dirtied Blocks": 0,
              "Shared Written Blocks": 0,
              "Local Hit Blocks": 0,
              "Local Read Blocks": 0,
              "Local Dirtied Blocks": 0,
              "Local Written Blocks": 0,
              "Temp Read Blocks": 0,
              "Temp Written Blocks": 0
            }
          ]
        }
      ]
    },
    "Planning": {
      "Shared Hit Blocks": 109,
      "Shared Read Blocks": 16,
      "Shared Dirtied Blocks": 1,
      "Shared Written Blocks": 0,
      "Local Hit Blocks": 0,
      "Local Read Blocks": 0,
      "Local Dirtied Blocks": 0,
      "Local Written Blocks": 0,
      "Temp Read Blocks": 0,
      "Temp Written Blocks": 0
    },
    "Planning Time": 3.302,
    "Triggers": [],
    "Execution Time": 393.188
  }
]