[
  {
    "Plan": {
      "Node Type": "Aggregate",
      "Strategy": "Plain",
      "Partial Mode": "Simple",
      "Parallel Aware": false,
      "Async Capable": false,
      "Startup Cost": 199696.28,
      "Total Cost": 199696.29,
      "Plan Rows": 1,
      "Plan Width": 96,
      "Actual Startup Time": 482.19,
      "Actual Total Time": 484.672,
      "Actual Rows": 1.0,
      "Actual Loops": 1,
      "Disabled": false,
      "Output": [
        "min(k.keyword)",
        "min(n.name)",
        "min(t.title)"
      ],
      "Shared Hit Blocks": 60351,
      "Shared Read Blocks": 51151,
      "Shared Dirtied Blocks": 5,
      "Shared Written Blocks": 2630,
      "Local Hit Blocks": 0,
      "Local Read Blocks": 0,
      "Local Dirtied Blocks": 0,
      "Local Written Blocks": 0,
      "Temp Read Blocks": 0,
      "Temp Written Blocks": 0,
      "Plans": [
        {
          "Node Type": "Gather",
          "Parent Relationship": "Outer",
          "Parallel Aware": false,
          "Async Capable": false,
          "Startup Cost": 66528.02,
          "Total Cost": 199696.27,
          "Plan Rows": 2,
          "Plan Width": 63,
          "Actual Startup Time": 482.009,
          "Actual Total Time": 484.665,
          "Actual Rows": 12.0,
          "Actual Loops": 1,
          "Disabled": false,
          "Output": [
            "k.keyword",
            "n.name",
            "t.title"
          ],
          "Workers Planned": 2,
          "Workers Launched": 2,
          "Single Copy": false,
          "Shared Hit Blocks": 60351,
          "Shared Read Blocks": 51151,
          "Shared Dirtied Blocks": 5,
          "Shared Written Blocks": 2630,
          "Local Hit Blocks": 0,
          "Local Read Blocks": 0,
          "Local Dirtied Blocks": 0,
          "Local Written Blocks": 0,
          "Temp Read Blocks": 0,
          "Temp Written Blocks": 0,
          "Plans": [
            {
              "Node Type": "Nested Loop",
              "Parent Relationship": "Outer",
              "Parallel Aware": false,
              "Async Capable": false,
              "Join Type": "Inner",
              "Startup Cost": 65528.02,
              "Total Cost": 198696.07,
              "Plan Rows": 1,
              "Plan Width": 63,
              "Actual Startup Time": 458.589,
              "Actual Total Time": 461.316,
              "Actual Rows": 4.0,
              "Actual Loops": 3,
              "Disabled": false,
              "Output": [
                "k.keyword",
                "n.name",
                "t.title"
              ],
              "Inner Unique": true,
              "Shared Hit Blocks": 60351,
              "Shared Read Blocks": 51151,
              "Shared Dirtied Blocks": 5,
              "Shared Written Blocks": 2630,
              "Local Hit Blocks": 0,
              "Local Read Blocks": 0,
              "Local Dirtied Blocks": 0,
              "Local Written Blocks": 0,
              "Temp Read Blocks": 0,
              "Temp Written Blocks": 0,
              "Workers": [
                {
                  "Worker Number": 0,
                  "Actual Startup Time": 449.792,
                  "Actual Total Time": 449.794,
                  "Actual Rows": 0.0,
                  "Actual Loops": 1,
                  "Shared Hit Blocks": 20604,
                  "Shared Read Blocks": 15565,
                  "Shared Dirtied Blocks": 0,
                  "Shared Written Blocks": 980,
                  "Local Hit Blocks": 0,
                  "Local Read Blocks": 0,
                  "Local Dirtied Blocks": 0,
                  "Local Written Blocks": 0,
                  "Temp Read Blocks": 0,
                  "Temp Written Blocks": 0
                },
                {
                  "Worker Number": 1,
                  "Actual Startup Time": 469.964,
                  "Actual Total Time": 478.141,
                  "Actual Rows": 12.0,
                  "Actual Loops": 1,
                  "Shared Hit Blocks": 25031,
                  "Shared Read Blocks": 12245,
                  "Shared Dirtied Blocks": 5,
                  "Shared Written Blocks": 129,
                  "Local Hit Blocks": 0,
                  "Local Read Blocks": 0,
                  "Local Dirtied Blocks": 0,
                  "Local Written Blocks": 0,
                  "Temp Read Blocks": 0,
                  "Temp Written Blocks": 0
                }
              ],
              "Plans": [
                {
                  "Node Type": "Nested Loop",
                  "Parent Relationship": "Outer",
                  "Parallel Aware": false,
                  "Async Capable": false,
                  "Join Type": "Inner",
                  "Startup Cost": 65527.59,
                  "Total Cost": 194371.06,
                  "Plan Rows": 9371,
                  "Plan Width": 52,
                  "Actual Startup Time": 427.433,
                  "Actual Total Time": 444.469,
                  "Actual Rows": 127.67,
                  "Actual Loops": 3,
                  "Disabled": false,
                  "Output": [
                    "ci.person_id",
                    "k.keyword",
                    "t.title"
                  ],
                  "Inner Unique": false,
                  "Shared Hit Blocks": 59120,
                  "Shared Read Blocks": 50848,
                  "Shared Dirtied Blocks": 5,
                  "Shared Written Blocks": 2620,
                  "Local Hit Blocks": 0,
                  "Local Read Blocks": 0,
                  "Local Dirtied Blocks": 0,
                  "Local Written Blocks": 0,
                  "Temp Read Blocks": 0,
                  "Temp Written Blocks": 0,
                  "Workers": [
                    {
                      "Worker Number": 0,
                      "Actual Startup Time": 425.356,
                      "Actual Total Time": 439.278,
                      "Actual Rows": 70.0,
                      "Actual Loops": 1,
                      "Shared Hit Blocks": 20386,
                      "Shared Read Blocks": 15502,
                      "Shared Dirtied Blocks": 0,
                      "Shared Written Blocks": 976,
                      "Local Hit Blocks": 0,
                      "Local Read Blocks": 0,
                      "Local Dirtied Blocks": 0,
                      "Local Written Blocks": 0,
                      "Temp Read Blocks": 0,
                      "Temp Written Blocks": 0
                    },
                    {
                      "Worker Number": 1,
                      "Actual Startup Time": 426.723,
                      "Actual Total Time": 450.701,
                      "Actual Rows": 264.0,
                      "Actual Loops": 1,
                      "Shared Hit Blocks": 24144,
                      "Shared Read Blocks": 12075,
                      "Shared Dirtied Blocks": 5,
                      "Shared Written Blocks": 126,
                      "Local Hit Blocks": 0,
                      "Local Read Blocks": 0,
                      "Local Dirtied Blocks": 0,
                      "Local Written Blocks": 0,
                      "Temp Read Blocks": 0,
                      "Temp Written Blocks": 0
                    }
                  ],
                  "Plans": [
                    {
                      "Node Type": "Merge Join",
                      "Parent Relationship": "Outer",
                      "Parallel Aware": false,
                      "Async Capable": false,
                      "Join Type": "Inner",
                      "Startup Cost": 65527.15,
                      "Total Cost": 66104.0,
                      "Plan Rows": 38,
                      "Plan Width": 56,
                      "Actual Startup Time": 426.887,
                      "Actual Total Time": 428.332,
                      "Actual Rows": 12.0,
                      "Actual Loops": 3,
                      "Disabled": false,
                      "Output": [
                        "k.keyword",
                        "mk.movie_id",
                        "t.title",
                        "t.id"
                      ],
                      "Inner Unique": false,
                      "Merge Cond": "(t.id = mk.movie_id)",
                      "Shared Hit Blocks": 58890,
                      "Shared Read Blocks": 50628,
                      "Shared Dirtied Blocks": 0,
                      "Shared Written Blocks": 2614,
                      "Local Hit Blocks": 0,
                      "Local Read Blocks": 0,
                      "Local Dirtied Blocks": 0,
                      "Local Written Blocks": 0,
                      "Temp Read Blocks": 0,
                      "Temp Written Blocks": 0,
                      "Workers": [
                        {
                          "Worker Number": 0,
                          "Actual Startup Time": 425.272,
                          "Actual Total Time": 426.857,
                          "Actual Rows": 11.0,
                          "Actual Loops": 1,
                          "Shared Hit Blocks": 20333,
                          "Shared Read Blocks": 15451,
                          "Shared Dirtied Blocks": 0,
                          "Shared Written Blocks": 975,
                          "Local Hit Blocks": 0,
                          "Local Read Blocks": 0,
                          "Local Dirtied Blocks": 0,
                          "Local Written Blocks": 0,
                          "Temp Read Blocks": 0,
                          "Temp Written Blocks": 0
                        },
                        {
                          "Worker Number": 1,
                          "Actual Startup Time": 426.107,
                          "Actual Total Time": 427.592,
                          "Actual Rows": 17.0,
                          "Actual Loops": 1,
                          "Shared Hit Blocks": 23989,
                          "Shared Read Blocks": 11956,
                          "Shared Dirtied Blocks": 0,
                          "Shared Written Blocks": 123,
                          "Local Hit Blocks": 0,
                          "Local Read Blocks": 0,
                          "Local Dirtied Blocks": 0,
                          "Local Written Blocks": 0,
                          "Temp Read Blocks": 0,
                          "Temp Written Blocks": 0
                        }
                      ],
                      "Plans": [
                        {
                          "Node Type": "Sort",
                          "Parent Relationship": "Outer",
                          "Parallel Aware": false,
                          "Async Capable": false,
                          "Startup Cost": 53136.72,
                          "Total Cost": 53424.29,
                          "Plan Rows": 115025,
                          "Plan Width": 36,
                          "Actual Startup Time": 52.393,
                          "Actual Total Time": 52.402,
                          "Actual Rows": 146.0,
                          "Actual Loops": 3,
                          "Disabled": false,
                          "Output": [
                            "t.title",
                            "t.id"
                          ],
                          "Sort Key": [
                            "t.id"
                          ],
                          "Sort Method": "quicksort",
                          "Sort Space Used": 31,
                          "Sort Space Type": "Memory",
                          "Shared Hit Blocks": 1106,
                          "Shared Read Blocks": 34910,
                          "Shared Dirtied Blocks": 0,
                          "Shared Written Blocks": 55,
                          "Local Hit Blocks": 0,
                          "Local Read Blocks": 0,
                          "Local Dirtied Blocks": 0,
                          "Local Written Blocks": 0,
                          "Temp Read Blocks": 0,
                          "Temp Written Blocks": 0,
                          "Workers": [
                            {
                              "Worker Number": 0,
                              "Actual Startup Time": 51.155,
                              "Actual Total Time": 51.164,
                              "Actual Rows": 140.0,
                              "Actual Loops": 1,
                              "Sort Method": "quicksort",
                              "Sort Space Used": 30,
                              "Sort Space Type": "Memory",
                              "Shared Hit Blocks": 369,
                              "Shared Read Blocks": 10925,
                              "Shared Dirtied Blocks": 0,
                              "Shared Written Blocks": 15,
                              "Local Hit Blocks": 0,
                              "Local Read Blocks": 0,
                              "Local Dirtied Blocks": 0,
                              "Local Written Blocks": 0,
                              "Temp Read Blocks": 0,
                              "Temp Written Blocks": 0
                            },
                            {
                              "Worker Number": 1,
                              "Actual Startup Time": 51.234,
                              "Actual Total Time": 51.245,
                              "Actual Rows": 147.0,
                              "Actual Loops": 1,
                              "Sort Method": "quicksort",
                              "Sort Space Used": 30,
                              "Sort Space Type": "Memory",
                              "Shared Hit Blocks": 355,
                              "Shared Read Blocks": 11080,
                              "Shared Dirtied Blocks": 0,
                              "Shared Written Blocks": 24,
                              "Local Hit Blocks": 0,
                              "Local Read Blocks": 0,
                              "Local Dirtied Blocks": 0,
                              "Local Written Blocks": 0,
                              "Temp Read Blocks": 0,
                              "Temp Written Blocks": 0
                            }
                          ],
                          "Plans": [
                            {
                              "Node Type": "Seq Scan",
                              "Parent Relationship": "Outer",
                              "Parallel Aware": true,
                              "Async Capable": false,
                              "Relation Name": "title",
                              "Schema": "public",
                              "Alias": "t",
                              "Startup Cost": 0.0,
                              "Total Cost": 40321.46,
                              "Plan Rows": 115025,
                              "Plan Width": 36,
                              "Actual Startup Time": 18.968,
                              "Actual Total Time": 52.35,
                              "Actual Rows": 146.0,
                              "Actual Loops": 3,
                              "Disabled": false,
                              "Output": [
                                "t.title",
                                "t.id"
                              ],
                              "Filter": "(t.production_year > 2014)",
                              "Rows Removed by Filter": 842625,
                              "Shared Hit Blocks": 1098,
                              "Shared Read Blocks": 34910,
                              "Shared Dirtied Blocks": 0,
                              "Shared Written Blocks": 55,
                              "Local Hit Blocks": 0,
                              "Local Read Blocks": 0,
                              "Local Dirtied Blocks": 0,
                              "Local Written Blocks": 0,
                              "Temp Read Blocks": 0,
                              "Temp Written Blocks": 0,
                              "Workers": [
                                {
                                  "Worker Number": 0,
                                  "Actual Startup Time": 29.188,
                                  "Actual Total Time": 51.101,
                                  "Actual Rows": 140.0,
                                  "Actual Loops": 1,
                                  "Shared Hit Blocks": 365,
                                  "Shared Read Blocks": 10925,
                                  "Shared Dirtied Blocks": 0,
                                  "Shared Written Blocks": 15,
                                  "Local Hit Blocks": 0,
                                  "Local Read Blocks": 0,
                                  "Local Dirtied Blocks": 0,
                                  "Local Written Blocks": 0,
                                  "Temp Read Blocks": 0,
                                  "Temp Written Blocks": 0
                                },
                                {
                                  "Worker Number": 1,
                                  "Actual Startup Time": 4.725,
                                  "Actual Total Time": 51.191,
                                  "Actual Rows": 147.0,
                                  "Actual Loops": 1,
                                  "Shared Hit Blocks": 351,
                                  "Shared Read Blocks": 11080,
                                  "Shared Dirtied Blocks": 0,
                                  "Shared Written Blocks": 24,
                                  "Local Hit Blocks": 0,
                                  "Local Read Blocks": 0,
                                  "Local Dirtied Blocks": 0,
                                  "Local Written Blocks": 0,
                                  "Temp Read Blocks": 0,
                                  "Temp Written Blocks": 0
                                }
                              ]
                            }
                          ]
                        },
                        {
                          "Node Type": "Sort",
                          "Parent Relationship": "Inner",
                          "Parallel Aware": false,
                          "Async Capable": false,
                          "Startup Cost": 12390.43,
                          "Total Cost": 12391.11,
                          "Plan Rows": 270,
                          "Plan Width": 20,
                          "Actual Startup Time": 374.045,
                          "Actual Total Time": 374.858,
                          "Actual Rows": 34718.67,
                          "Actual Loops": 3,
                          "Disabled": false,
                          "Output": [
                            "k.keyword",
                            "mk.movie_id"
                          ],
                          "Sort Key": [
                            "mk.movie_id"
                          ],
                          "Sort Method": "quicksort",
                          "Sort Space Used": 2666,
                          "Sort Space Type": "Memory",
                          "Shared Hit Blocks": 57784,
                          "Shared Read Blocks": 15718,
                          "Shared Dirtied Blocks": 0,
                          "Shared Written Blocks": 2559,
                          "Local Hit Blocks": 0,
                          "Local Read Blocks": 0,
                          "Local Dirtied Blocks": 0,
                          "Local Written Blocks": 0,
                          "Temp Read Blocks": 0,
                          "Temp Written Blocks": 0,
                          "Workers": [
                            {
                              "Worker Number": 0,
                              "Actual Startup Time": 373.79,
                              "Actual Total Time": 374.633,
                              "Actual Rows": 35360.0,
                              "Actual Loops": 1,
                              "Sort Method": "quicksort",
                              "Sort Space Used": 2666,
                              "Sort Space Type": "Memory",
                              "Shared Hit Blocks": 19964,
                              "Shared Read Blocks": 4526,
                              "Shared Dirtied Blocks": 0,
                              "Shared Written Blocks": 960,
                              "Local Hit Blocks": 0,
                              "Local Read Blocks": 0,
                              "Local Dirtied Blocks": 0,
                              "Local Written Blocks": 0,
                              "Temp Read Blocks": 0,
                              "Temp Written Blocks": 0
                            },
                            {
                              "Worker Number": 1,
                              "Actual Startup Time": 374.592,
                              "Actual Total Time": 375.345,
                              "Actual Rows": 33523.0,
                              "Actual Loops": 1,
                              "Sort Method": "quicksort",
                              "Sort Space Used": 2666,
                              "Sort Space Type": "Memory",
                              "Shared Hit Blocks": 23634,
                              "Shared Read Blocks": 876,
                              "Shared Dirtied Blocks": 0,
                              "Shared Written Blocks": 99,
                              "Local Hit Blocks": 0,
                              "Local Read Blocks": 0,
                              "Local Dirtied Blocks": 0,
                              "Local Written Blocks": 0,
                              "Temp Read Blocks": 0,
                              "Temp Written Blocks": 0
                            }
                          ],
                          "Plans": [
                            {
                              "Node Type": "Nested Loop",
                              "Parent Relationship": "Outer",
                              "Parallel Aware": false,
                              "Async Capable": false,
                              "Join Type": "Inner",
                              "Startup Cost": 6.8,
                              "Total Cost": 12379.53,
                              "Plan Rows": 270,
                              "Plan Width": 20,
                              "Actual Startup Time": 0.896,
                              "Actual Total Time": 369.358,
                              "Actual Rows": 35548.0,
                              "Actual Loops": 3,
                              "Disabled": false,
                              "Output": [
                                "k.keyword",
                                "mk.movie_id"
                              ],
                              "Inner Unique": false,
                              "Shared Hit Blocks": 57784,
                              "Shared Read Blocks": 15718,
                              "Shared Dirtied Blocks": 0,
                              "Shared Written Blocks": 2559,
                              "Local Hit Blocks": 0,
                              "Local Read Blocks": 0,
                              "Local Dirtied Blocks": 0,
                              "Local Written Blocks": 0,
                              "Temp Read Blocks": 0,
                              "Temp Written Blocks": 0,
                              "Workers": [
                                {
                                  "Worker Number": 0,
                                  "Actual Startup Time": 0.924,
                                  "Actual Total Time": 369.156,
                                  "Actual Rows": 35548.0,
                                  "Actual Loops": 1,
                                  "Shared Hit Blocks": 19964,
                                  "Shared Read Blocks": 4526,
                                  "Shared Dirtied Blocks": 0,
                                  "Shared Written Blocks": 960,
                                  "Local Hit Blocks": 0,
                                  "Local Read Blocks": 0,
                                  "Local Dirtied Blocks": 0,
                                  "Local Written Blocks": 0,
                                  "Temp Read Blocks": 0,
                                  "Temp Written Blocks": 0
                                },
                                {
                                  "Worker Number": 1,
                                  "Actual Startup Time": 0.85,
                                  "Actual Total Time": 369.794,
                                  "Actual Rows": 35548.0,
                                  "Actual Loops": 1,
                                  "Shared Hit Blocks": 23634,
                                  "Shared Read Blocks": 876,
                                  "Shared Dirtied Blocks": 0,
                                  "Shared Written Blocks": 99,
                                  "Local Hit Blocks": 0,
                                  "Local Read Blocks": 0,
                                  "Local Dirtied Blocks": 0,
                                  "Local Written Blocks": 0,
                                  "Temp Read Blocks": 0,
                                  "Temp Written Blocks": 0
                                }
                              ],
                              "Plans": [
                                {
                                  "Node Type": "Seq Scan",
                                  "Parent Relationship": "Outer",
                                  "Parallel Aware": false,
                                  "Async Capable": false,
                                  "Relation Name": "keyword",
                                  "Schema": "public",
                                  "Alias": "k",
                                  "Startup Cost": 0.0,
                                  "Total Cost": 3691.4,
                                  "Plan Rows": 8,
                                  "Plan Width": 20,
                                  "Actual Startup Time": 0.085,
                                  "Actual Total Time": 16.876,
                                  "Actual Rows": 8.0,
                                  "Actual Loops": 3,
                                  "Disabled": false,
                                  "Output": [
                                    "k.id",
                                    "k.keyword",
                                    "k.phonetic_code"
                                  ],
                                  "Filter": "(k.keyword = ANY ('{superhero,sequel,second-part,marvel-comics,based-on-comic,tv-special,fight,violence}'::text[]))",
                                  "Rows Removed by Filter": 134162,
                                  "Shared Hit Blocks": 1950,
                                  "Shared Read Blocks": 964,
                                  "Shared Dirtied Blocks": 0,
                                  "Shared Written Blocks": 110,
                                  "Local Hit Blocks": 0,
                                  "Local Read Blocks": 0,
                                  "Local Dirtied Blocks": 0,
                                  "Local Written Blocks": 0,
                                  "Temp Read Blocks": 0,
                                  "Temp Written Blocks": 0,
                                  "Workers": [
                                    {
                                      "Worker Number": 0,
                                      "Actual Startup Time": 0.102,
                                      "Actual Total Time": 16.638,
                                      "Actual Rows": 8.0,
                                      "Actual Loops": 1,
                                      "Shared Hit Blocks": 905,
                                      "Shared Read Blocks": 62,
                                      "Shared Dirtied Blocks": 0,
                                      "Shared Written Blocks": 14,
                                      "Local Hit Blocks": 0,
                                      "Local Read Blocks": 0,
                                      "Local Dirtied Blocks": 0,
                                      "Local Written Blocks": 0,
                                      "Temp Read Blocks": 0,
                                      "Temp Written Blocks": 0
                                    },
                                    {
                                      "Worker Number": 1,
                                      "Actual Startup Time": 0.092,
                                      "Actual Total Time": 17.511,
                                      "Actual Rows": 8.0,
                                      "Actual Loops": 1,
                                      "Shared Hit Blocks": 169,
                                      "Shared Read Blocks": 808,
                                      "Shared Dirtied Blocks": 0,
                                      "Shared Written Blocks": 84,
                                      "Local Hit Blocks": 0,
                                      "Local Read Blocks": 0,
                                      "Local Dirtied Blocks": 0,
                                      "Local Written Blocks": 0,
                                      "Temp Read Blocks": 0,
                                      "Temp Written Blocks": 0
                                    }
                                  ]
                                },
                                {
                                  "Node Type": "Bitmap Heap Scan",
                                  "Parent Relationship": "Inner",
                                  "Parallel Aware": false,
                                  "Async Capable": false,
                                  "Relation Name": "movie_keyword",
                                  "Schema": "public",
                                  "Alias": "mk",
                                  "Startup Cost": 6.8,
                                  "Total Cost": 1082.96,
                                  "Plan Rows": 306,
                                  "Plan Width": 8,
                                  "Actual Startup Time": 1.573,
                                  "Actual Total Time": 43.744,
                                  "Actual Rows": 4443.5,
                                  "Actual Loops": 24,
                                  "Disabled": false,
                                  "Output": [
                                    "mk.id",
                                    "mk.movie_id",
                                    "mk.keyword_id"
                                  ],
                                  "Recheck Cond": "(k.id = mk.keyword_id)",
                                  "Rows Removed by Index Recheck": 0,
                                  "Exact Heap Blocks": 23488,
                                  "Lossy Heap Blocks": 0,
                                  "Shared Hit Blocks": 55834,
                                  "Shared Read Blocks": 14754,
                                  "Shared Dirtied Blocks": 0,
                                  "Shared Written Blocks": 2449,
                                  "Local Hit Blocks": 0,
                                  "Local Read Blocks": 0,
                                  "Local Dirtied Blocks": 0,
                                  "Local Written Blocks": 0,
                                  "Temp Read Blocks": 0,
                                  "Temp Written Blocks": 0,
                                  "Workers": [
                                    {
                                      "Worker Number": 0,
                                      "Actual Startup Time": 1.552,
                                      "Actual Total Time": 43.758,
                                      "Actual Rows": 4443.5,
                                      "Actual Loops": 8,
                                      "Shared Hit Blocks": 19059,
                                      "Shared Read Blocks": 4464,
                                      "Shared Dirtied Blocks": 0,
                                      "Shared Written Blocks": 946,
                                      "Local Hit Blocks": 0,
                                      "Local Read Blocks": 0,
                                      "Local Dirtied Blocks": 0,
                                      "Local Written Blocks": 0,
                                      "Temp Read Blocks": 0,
                                      "Temp Written Blocks": 0
                                    },
                                    {
                                      "Worker Number": 1,
                                      "Actual Startup Time": 1.576,
                                      "Actual Total Time": 43.72,
                                      "Actual Rows": 4443.5,
                                      "Actual Loops": 8,
                                      "Shared Hit Blocks": 23465,
                                      "Shared Read Blocks": 68,
                                      "Shared Dirtied Blocks": 0,
                                      "Shared Written Blocks": 15,
                                      "Local Hit Blocks": 0,
                                      "Local Read Blocks": 0,
                                      "Local Dirtied Blocks": 0,
                                      "Local Written Blocks": 0,
                                      "Temp Read Blocks": 0,
                                      "Temp Written Blocks": 0
                                    }
                                  ],
                                  "Plans": [
                                    {
                                      "Node Type": "Bitmap Index Scan",
                                      "Parent Relationship": "Outer",
                                      "Parallel Aware": false,
                                      "Async Capable": false,
                                      "Index Name": "keyword_id_movie_keyword",
                                      "Startup Cost": 0.0,
                                      "Total Cost": 6.73,
                                      "Plan Rows": 306,
                                      "Plan Width": 0,
                                      "Actual Startup Time": 1.248,
                                      "Actual Total Time": 1.248,
                                      "Actual Rows": 4443.5,
                                      "Actual Loops": 24,
                                      "Disabled": false,
                                      "Index Cond": "(mk.keyword_id = k.id)",
                                      "Index Searches": 24,
                                      "Shared Hit Blocks": 109,
                                      "Shared Read Blocks": 40,
                                      "Shared Dirtied Blocks": 0,
                                      "Shared Written Blocks": 10,
                                      "Local Hit Blocks": 0,
                                      "Local Read Blocks": 0,
                                      "Local Dirtied Blocks": 0,
                                      "Local Written Blocks": 0,
                                      "Temp Read Blocks": 0,
                                      "Temp Written Blocks": 0,
                                      "Workers": [
                                        {
                                          "Worker Number": 0,
                                          "Actual Startup Time": 1.243,
                                          "Actual Total Time": 1.243,
                                          "Actual Rows": 4443.5,
                                          "Actual Loops": 8,
                                          "Shared Hit Blocks": 42,
                                          "Shared Read Blocks": 8,
                                          "Shared Dirtied Blocks": 0,
                                          "Shared Written Blocks": 0,
                                          "Local Hit Blocks": 0,
                                          "Local Read Blocks": 0,
                                          "Local Dirtied Blocks": 0,
                                          "Local Written Blocks": 0,
                                          "Temp Read Blocks": 0,
                                          "Temp Written Blocks": 0
                                        },
                                        {
                                          "Worker Number": 1,
                                          "Actual Startup Time": 1.242,
                                          "Actual Total Time": 1.242,
                                          "Actual Rows": 4443.5,
                                          "Actual Loops": 8,
                                          "Shared Hit Blocks": 42,
                                          "Shared Read Blocks": 8,
                                          "Shared Dirtied Blocks": 0,
                                          "Shared Written Blocks": 2,
                                          "Local Hit Blocks": 0,
                                          "Local Read Blocks": 0,
                                          "Local Dirtied Blocks": 0,
                                          "Local Written Blocks": 0,
                                          "Temp Read Blocks": 0,
                                          "Temp Written Blocks": 0
                                        }
                                      ]
                                    }
                                  ]
                                }
                              ]
                            }
                          ]
                        }
                      ]
                    },
                    {
                      "Node Type": "Index Scan",
                      "Parent Relationship": "Inner",
                      "Parallel Aware": false,
                      "Async Capable": false,
                      "Scan Direction": "Forward",
                      "Index Name": "movie_id_cast_info",
                      "Relation Name": "cast_info",
                      "Schema": "public",
                      "Alias": "ci",
                      "Startup Cost": 0.44,
                      "Total Cost": 2149.76,
                      "Plan Rows": 122569,
                      "Plan Width": 8,
                      "Actual Startup Time": 0.745,
                      "Actual Total Time": 1.343,
                      "Actual Rows": 10.64,
                      "Actual Loops": 36,
                      "Disabled": false,
                      "Output": [
                        "ci.id",
                        "ci.person_id",
                        "ci.movie_id",
                        "ci.person_role_id",
                        "ci.note",
                        "ci.nr_order",
                        "ci.role_id"
                      ],
                      "Index Cond": "(ci.movie_id = t.id)",
                      "Rows Removed by Index Recheck": 0,
                      "Index Searches": 36,
                      "Shared Hit Blocks": 230,
                      "Shared Read Blocks": 220,
                      "Shared Dirtied Blocks": 5,
                      "Shared Written Blocks": 6,
                      "Local Hit Blocks": 0,
                      "Local Read Blocks": 0,
                      "Local Dirtied Blocks": 0,
                      "Local Written Blocks": 0,
                      "Temp Read Blocks": 0,
                      "Temp Written Blocks": 0,
                      "Workers": [
                        {
                          "Worker Number": 0,
                          "Actual Startup Time": 0.788,
                          "Actual Total Time": 1.127,
                          "Actual Rows": 6.36,
                          "Actual Loops": 11,
                          "Shared Hit Blocks": 53,
                          "Shared Read Blocks": 51,
                          "Shared Dirtied Blocks": 0,
                          "Shared Written Blocks": 1,
                          "Local Hit Blocks": 0,
                          "Local Read Blocks": 0,
                          "Local Dirtied Blocks": 0,
                          "Local Written Blocks": 0,
                          "Temp Read Blocks": 0,
                          "Temp Written Blocks": 0
                        },
                        {
                          "Worker Number": 1,
                          "Actual Startup Time": 0.599,
                          "Actual Total Time": 1.357,
                          "Actual Rows": 15.53,
                          "Actual Loops": 17,
                          "Shared Hit Blocks": 155,
                          "Shared Read Blocks": 119,
                          "Shared Dirtied Blocks": 5,
                          "Shared Written Blocks": 3,
                          "Local Hit Blocks": 0,
                          "Local Read Blocks": 0,
                          "Local Dirtied Blocks": 0,
                          "Local Written Blocks": 0,
                          "Temp Read Blocks": 0,
                          "Temp Written Blocks": 0
                        }
                      ]
                    }
                  ]
                },
                {
                  "Node Type": "Index Scan",
                  "Parent Relationship": "Inner",
                  "Parallel Aware": false,
                  "Async Capable": false,
                  "Scan Direction": "Forward",
                  "Index Name": "name_pkey",
                  "Relation Name": "name",
                  "Schema": "public",
                  "Alias": "n",
                  "Startup Cost": 0.43,
                  "Total Cost": 0.46,
                  "Plan Rows": 1,
                  "Plan Width": 19,
                  "Actual Startup Time": 0.132,
                  "Actual Total Time": 0.132,
                  "Actual Rows": 0.03,
                  "Actual Loops": 383,
                  "Disabled": false,
                  "Output": [
                    "n.id",
                    "n.name",
                    "n.imdb_index",
                    "n.imdb_id",
                    "n.gender",
                    "n.name_pcode_cf",
                    "n.name_pcode_nf",
                    "n.surname_pcode",
                    "n.md5sum"
                  ],
                  "Index Cond": "(n.id = ci.person_id)",
                  "Rows Removed by Index Recheck": 0,
                  "Filter": "(n.name ~~ '%Downey%Robert%'::text)",
                  "Rows Removed by Filter": 1,
                  "Index Searches": 383,
                  "Shared Hit Blocks": 1231,
                  "Shared Read Blocks": 303,
                  "Shared Dirtied Blocks": 0,
                  "Shared Written Blocks": 10,
                  "Local Hit Blocks": 0,
                  "Local Read Blocks": 0,
                  "Local Dirtied Blocks": 0,
                  "Local Written Blocks": 0,
                  "Temp Read Blocks": 0,
                  "Temp Written Blocks": 0,
                  "Workers": [
                    {
                      "Worker Number": 0,
                      "Actual Startup Time": 0.15,
                      "Actual Total Time": 0.15,
                      "Actual Rows": 0.0,
                      "Actual Loops": 70,
                      "Shared Hit Blocks": 218,
                      "Shared Read Blocks": 63,
                      "Shared Dirtied Blocks": 0,
                      "Shared Written Blocks": 4,
                      "Local Hit Blocks": 0,
                      "Local Read Blocks": 0,
                      "Local Dirtied Blocks": 0,
                      "Local Written Blocks": 0,
                      "Temp Read Blocks": 0,
                      "Temp Written Blocks": 0
                    },
                    {
                      "Worker Number": 1,
                      "Actual Startup Time": 0.104,
                      "Actual Total Time": 0.104,
                      "Actual Rows": 0.05,
                      "Actual Loops": 264,
                      "Shared Hit Blocks": 887,
                      "Shared Read Blocks": 170,
                      "Shared Dirtied Blocks": 0,
                      "Shared Written Blocks": 3,
                      "Local Hit Blocks": 0,
                      "Local Read Blocks": 0,
                      "Local Dirtied Blocks": 0,
                      "Local Written Blocks": 0,
                      "Temp Read Blocks": 0,
                      "Temp Written Blocks": 0
                    }
                  ]
                }
              ]
            }
          ]
        }
      ]
    },
    "Planning": {
      "Shared Hit Blocks": 16,
      "Shared Read Blocks": 0,
      "Shared Dirtied Blocks": 0,
      "Shared Written Blocks": 0,
      "Local Hit Blocks": 0,
      "Local Read Blocks": 0,
      "Local Dirtied Blocks": 0,
      "Local Written Blocks": 0,
      "Temp Read Blocks": 0,
      "Temp Written Blocks": 0
    },
    "Planning Time": 0.482,
    "Triggers": [],
    "Execution Time": 484.737
  }
]