[
  {
    "Plan": {
      "Node Type": "Aggregate",
      "Strategy": "Plain",
      "Partial Mode": "Simple",
      "Parallel Aware": false,
      "Async Capable": false,
      "Startup Cost": 199696.28,
      "Total Cost": 199696.29,
      "Plan Rows": 1,
      "Plan Width": 96,
      "Actual Startup Time": 45693.52,
      "Actual Total Time": 45693.591,
      "Actual Rows": 1.0,
      "Actual Loops": 1,
      "Disabled": false,
      "Output": [
        "min(k.keyword)",
        "min(n.name)",
        "min(t.title)"
      ],
      "Shared Hit Blocks": 2826250,
      "Shared Read Blocks": 1218232,
      "Shared Dirtied Blocks": 29073,
      "Shared Written Blocks": 47897,
      "Local Hit Blocks": 0,
      "Local Read Blocks": 0,
      "Local Dirtied Blocks": 0,
      "Local Written Blocks": 0,
      "Temp Read Blocks": 5562,
      "Temp Written Blocks": 5584,
      "Plans": [
        {
          "Node Type": "Gather",
          "Parent Relationship": "Outer",
          "Parallel Aware": false,
          "Async Capable": false,
          "Startup Cost": 66528.02,
          "Total Cost": 199696.27,
          "Plan Rows": 2,
          "Plan Width": 63,
          "Actual Startup Time": 1407.064,
          "Actual Total Time": 45693.496,
          "Actual Rows": 88.0,
          "Actual Loops": 1,
          "Disabled": false,
          "Output": [
            "k.keyword",
            "n.name",
            "t.title"
          ],
          "Workers Planned": 2,
          "Workers Launched": 2,
          "Single Copy": false,
          "Shared Hit Blocks": 2826250,
          "Shared Read Blocks": 1218232,
          "Shared Dirtied Blocks": 29073,
          "Shared Written Blocks": 47897,
          "Local Hit Blocks": 0,
          "Local Read Blocks": 0,
          "Local Dirtied Blocks": 0,
          "Local Written Blocks": 0,
          "Temp Read Blocks": 5562,
          "Temp Written Blocks": 5584,
          "Plans": [
            {
              "Node Type": "Nested Loop",
              "Parent Relationship": "Outer",
              "Parallel Aware": false,
              "Async Capable": false,
              "Join Type": "Inner",
              "Startup Cost": 65528.02,
              "Total Cost": 198696.07,
              "Plan Rows": 1,
              "Plan Width": 63,
              "Actual Startup Time": 8903.963,
              "Actual Total Time": 42189.362,
              "Actual Rows": 29.33,
              "Actual Loops": 3,
              "Disabled": false,
              "Output": [
                "k.keyword",
                "n.name",
                "t.title"
              ],
              "Inner Unique": true,
              "Shared Hit Blocks": 2826250,
              "Shared Read Blocks": 1218232,
              "Shared Dirtied Blocks": 29073,
              "Shared Written Blocks": 47897,
              "Local Hit Blocks": 0,
              "Local Read Blocks": 0,
              "Local Dirtied Blocks": 0,
              "Local Written Blocks": 0,
              "Temp Read Blocks": 5562,
              "Temp Written Blocks": 5584,
              "Workers": [
                {
                  "Worker Number": 0,
                  "Actual Startup Time": 5235.525,
                  "Actual Total Time": 40467.479,
                  "Actual Rows": 44.0,
                  "Actual Loops": 1,
                  "Shared Hit Blocks": 893623,
                  "Shared Read Blocks": 384820,
                  "Shared Dirtied Blocks": 9839,
                  "Shared Written Blocks": 15780,
                  "Local Hit Blocks": 0,
                  "Local Read Blocks": 0,
                  "Local Dirtied Blocks": 0,
                  "Local Written Blocks": 0,
                  "Temp Read Blocks": 1782,
                  "Temp Written Blocks": 1789
                },
                {
                  "Worker Number": 1,
                  "Actual Startup Time": 20069.437,
                  "Actual Total Time": 40407.395,
                  "Actual Rows": 21.0,
                  "Actual Loops": 1,
                  "Shared Hit Blocks": 875261,
                  "Shared Read Blocks": 384454,
                  "Shared Dirtied Blocks": 9672,
                  "Shared Written Blocks": 16071,
                  "Local Hit Blocks": 0,
                  "Local Read Blocks": 0,
                  "Local Dirtied Blocks": 0,
                  "Local Written Blocks": 0,
                  "Temp Read Blocks": 1776,
                  "Temp Written Blocks": 1783
                }
              ],
              "Plans": [
                {
                  "Node Type": "Nested Loop",
                  "Parent Relationship": "Outer",
                  "Parallel Aware": false,
                  "Async Capable": false,
                  "Join Type": "Inner",
                  "Startup Cost": 65527.59,
                  "Total Cost": 194371.06,
                  "Plan Rows": 9371,
                  "Plan Width": 52,
                  "Actual Startup Time": 261.697,
                  "Actual Total Time": 25104.08,
                  "Actual Rows": 261825.67,
                  "Actual Loops": 3,
                  "Disabled": false,
                  "Output": [
                    "ci.person_id",
                    "k.keyword",
                    "t.title"
                  ],
                  "Inner Unique": false,
                  "Shared Hit Blocks": 378801,
                  "Shared Read Blocks": 523771,
                  "Shared Dirtied Blocks": 29073,
                  "Shared Written Blocks": 19694,
                  "Local Hit Blocks": 0,
                  "Local Read Blocks": 0,
                  "Local Dirtied Blocks": 0,
                  "Local Written Blocks": 0,
                  "Temp Read Blocks": 5562,
                  "Temp Written Blocks": 5584,
                  "Workers": [
                    {
                      "Worker Number": 0,
                      "Actual Startup Time": 261.336,
                      "Actual Total Time": 24139.359,
                      "Actual Rows": 248065.0,
                      "Actual Loops": 1,
                      "Shared Hit Blocks": 121099,
                      "Shared Read Blocks": 165083,
                      "Shared Dirtied Blocks": 9839,
                      "Shared Written Blocks": 6420,
                      "Local Hit Blocks": 0,
                      "Local Read Blocks": 0,
                      "Local Dirtied Blocks": 0,
                      "Local Written Blocks": 0,
                      "Temp Read Blocks": 1782,
                      "Temp Written Blocks": 1789
                    },
                    {
                      "Worker Number": 1,
                      "Actual Startup Time": 261.003,
                      "Actual Total Time": 23857.434,
                      "Actual Rows": 244451.0,
                      "Actual Loops": 1,
                      "Shared Hit Blocks": 116309,
                      "Shared Read Blocks": 165601,
                      "Shared Dirtied Blocks": 9672,
                      "Shared Written Blocks": 6561,
                      "Local Hit Blocks": 0,
                      "Local Read Blocks": 0,
                      "Local Dirtied Blocks": 0,
                      "Local Written Blocks": 0,
                      "Temp Read Blocks": 1776,
                      "Temp Written Blocks": 1783
                    }
                  ],
                  "Plans": [
                    {
                      "Node Type": "Merge Join",
                      "Parent Relationship": "Outer",
                      "Parallel Aware": false,
                      "Async Capable": false,
                      "Join Type": "Inner",
                      "Startup Cost": 65527.15,
                      "Total Cost": 66104.0,
                      "Plan Rows": 38,
                      "Plan Width": 56,
                      "Actual Startup Time": 260.208,
                      "Actual Total Time": 384.445,
                      "Actual Rows": 4721.67,
                      "Actual Loops": 3,
                      "Disabled": false,
                      "Output": [
                        "k.keyword",
                        "mk.movie_id",
                        "t.title",
                        "t.id"
                      ],
                      "Inner Unique": false,
                      "Merge Cond": "(t.id = mk.movie_id)",
                      "Shared Hit Blocks": 64948,
                      "Shared Read Blocks": 44674,
                      "Shared Dirtied Blocks": 0,
                      "Shared Written Blocks": 323,
                      "Local Hit Blocks": 0,
                      "Local Read Blocks": 0,
                      "Local Dirtied Blocks": 0,
                      "Local Written Blocks": 0,
                      "Temp Read Blocks": 5562,
                      "Temp Written Blocks": 5584,
                      "Workers": [
                        {
                          "Worker Number": 0,
                          "Actual Startup Time": 259.544,
                          "Actual Total Time": 397.27,
                          "Actual Rows": 4352.0,
                          "Actual Loops": 1,
                          "Shared Hit Blocks": 22744,
                          "Shared Read Blocks": 13265,
                          "Shared Dirtied Blocks": 0,
                          "Shared Written Blocks": 85,
                          "Local Hit Blocks": 0,
                          "Local Read Blocks": 0,
                          "Local Dirtied Blocks": 0,
                          "Local Written Blocks": 0,
                          "Temp Read Blocks": 1782,
                          "Temp Written Blocks": 1789
                        },
                        {
                          "Worker Number": 1,
                          "Actual Startup Time": 259.417,
                          "Actual Total Time": 381.958,
                          "Actual Rows": 4391.0,
                          "Actual Loops": 1,
                          "Shared Hit Blocks": 21441,
                          "Shared Read Blocks": 14535,
                          "Shared Dirtied Blocks": 0,
                          "Shared Written Blocks": 30,
                          "Local Hit Blocks": 0,
                          "Local Read Blocks": 0,
                          "Local Dirtied Blocks": 0,
                          "Local Written Blocks": 0,
                          "Temp Read Blocks": 1776,
                          "Temp Written Blocks": 1783
                        }
                      ],
                      "Plans": [
                        {
                          "Node Type": "Sort",
                          "Parent Relationship": "Outer",
                          "Parallel Aware": false,
                          "Async Capable": false,
                          "Startup Cost": 53136.72,
                          "Total Cost": 53424.29,
                          "Plan Rows": 115025,
                          "Plan Width": 36,
                          "Actual Startup Time": 180.966,
                          "Actual Total Time": 273.811,
                          "Actual Rows": 460360.33,
                          "Actual Loops": 3,
                          "Disabled": false,
                          "Output": [
                            "t.title",
                            "t.id"
                          ],
                          "Sort Key": [
                            "t.id"
                          ],
                          "Sort Method": "external merge",
                          "Sort Space Used": 16032,
                          "Sort Space Type": "Disk",
                          "Shared Hit Blocks": 22,
                          "Shared Read Blocks": 35994,
                          "Shared Dirtied Blocks": 0,
                          "Shared Written Blocks": 0,
                          "Local Hit Blocks": 0,
                          "Local Read Blocks": 0,
                          "Local Dirtied Blocks": 0,
                          "Local Written Blocks": 0,
                          "Temp Read Blocks": 5562,
                          "Temp Written Blocks": 5584,
                          "Workers": [
                            {
                              "Worker Number": 0,
                              "Actual Startup Time": 177.862,
                              "Actual Total Time": 278.336,
                              "Actual Rows": 443638.0,
                              "Actual Loops": 1,
                              "Sort Method": "external merge",
                              "Sort Space Used": 14256,
                              "Sort Space Type": "Disk",
                              "Shared Hit Blocks": 12,
                              "Shared Read Blocks": 11457,
                              "Shared Dirtied Blocks": 0,
                              "Shared Written Blocks": 0,
                              "Local Hit Blocks": 0,
                              "Local Read Blocks": 0,
                              "Local Dirtied Blocks": 0,
                              "Local Written Blocks": 0,
                              "Temp Read Blocks": 1782,
                              "Temp Written Blocks": 1789
                            },
                            {
                              "Worker Number": 1,
                              "Actual Startup Time": 177.679,
                              "Actual Total Time": 273.784,
                              "Actual Rows": 442182.0,
                              "Actual Loops": 1,
                              "Sort Method": "external merge",
                              "Sort Space Used": 14208,
                              "Sort Space Type": "Disk",
                              "Shared Hit Blocks": 6,
                              "Shared Read Blocks": 11429,
                              "Shared Dirtied Blocks": 0,
                              "Shared Written Blocks": 0,
                              "Local Hit Blocks": 0,
                              "Local Read Blocks": 0,
                              "Local Dirtied Blocks": 0,
                              "Local Written Blocks": 0,
                              "Temp Read Blocks": 1776,
                              "Temp Written Blocks": 1783
                            }
                          ],
                          "Plans": [
                            {
                              "Node Type": "Seq Scan",
                              "Parent Relationship": "Outer",
                              "Parallel Aware": true,
                              "Async Capable": false,
                              "Relation Name": "title",
                              "Schema": "public",
                              "Alias": "t",
                              "Startup Cost": 0.0,
                              "Total Cost": 40321.46,
                              "Plan Rows": 115025,
                              "Plan Width": 36,
                              "Actual Startup Time": 0.058,
                              "Actual Total Time": 57.646,
                              "Actual Rows": 460484.33,
                              "Actual Loops": 3,
                              "Disabled": false,
                              "Output": [
                                "t.title",
                                "t.id"
                              ],
                              "Filter": "(t.production_year > 2000)",
                              "Rows Removed by Filter": 382286,
                              "Shared Hit Blocks": 14,
                              "Shared Read Blocks": 35994,
                              "Shared Dirtied Blocks": 0,
                              "Shared Written Blocks": 0,
                              "Local Hit Blocks": 0,
                              "Local Read Blocks": 0,
                              "Local Dirtied Blocks": 0,
                              "Local Written Blocks": 0,
                              "Temp Read Blocks": 0,
                              "Temp Written Blocks": 0,
                              "Workers": [
                                {
                                  "Worker Number": 0,
                                  "Actual Startup Time": 0.071,
                                  "Actual Total Time": 55.608,
                                  "Actual Rows": 443919.0,
                                  "Actual Loops": 1,
                                  "Shared Hit Blocks": 8,
                                  "Shared Read Blocks": 11457,
                                  "Shared Dirtied Blocks": 0,
                                  "Shared Written Blocks": 0,
                                  "Local Hit Blocks": 0,
                                  "Local Read Blocks": 0,
                                  "Local Dirtied Blocks": 0,
                                  "Local Written Blocks": 0,
                                  "Temp Read Blocks": 0,
                                  "Temp Written Blocks": 0
                                },
                                {
                                  "Worker Number": 1,
                                  "Actual Startup Time": 0.064,
                                  "Actual Total Time": 54.946,
                                  "Actual Rows": 442273.0,
                                  "Actual Loops": 1,
                                  "Shared Hit Blocks": 2,
                                  "Shared Read Blocks": 11429,
                                  "Shared Dirtied Blocks": 0,
                                  "Shared Written Blocks": 0,
                                  "Local Hit Blocks": 0,
                                  "Local Read Blocks": 0,
                                  "Local Dirtied Blocks": 0,
                                  "Local Written Blocks": 0,
                                  "Temp Read Blocks": 0,
                                  "Temp Written Blocks": 0
                                }
                              ]
                            }
                          ]
                        },
                        {
                          "Node Type": "Sort",
                          "Parent Relationship": "Inner",
                          "Parallel Aware": false,
                          "Async Capable": false,
                          "Startup Cost": 12390.43,
                          "Total Cost": 12391.11,
                          "Plan Rows": 270,
                          "Plan Width": 20,
                          "Actual Startup Time": 79.09,
                          "Actual Total Time": 88.296,
                          "Actual Rows": 35113.0,
                          "Actual Loops": 3,
                          "Disabled": false,
                          "Output": [
                            "k.keyword",
                            "mk.movie_id"
                          ],
                          "Sort Key": [
                            "mk.movie_id"
                          ],
                          "Sort Method": "quicksort",
                          "Sort Space Used": 2666,
                          "Sort Space Type": "Memory",
                          "Shared Hit Blocks": 64926,
                          "Shared Read Blocks": 8680,
                          "Shared Dirtied Blocks": 0,
                          "Shared Written Blocks": 323,
                          "Local Hit Blocks": 0,
                          "Local Read Blocks": 0,
                          "Local Dirtied Blocks": 0,
                          "Local Written Blocks": 0,
                          "Temp Read Blocks": 0,
                          "Temp Written Blocks": 0,
                          "Workers": [
                            {
                              "Worker Number": 0,
                              "Actual Startup Time": 81.339,
                              "Actual Total Time": 97.37,
                              "Actual Rows": 35548.0,
                              "Actual Loops": 1,
                              "Sort Method": "quicksort",
                              "Sort Space Used": 2666,
                              "Sort Space Type": "Memory",
                              "Shared Hit Blocks": 22732,
                              "Shared Read Blocks": 1808,
                              "Shared Dirtied Blocks": 0,
                              "Shared Written Blocks": 85,
                              "Local Hit Blocks": 0,
                              "Local Read Blocks": 0,
                              "Local Dirtied Blocks": 0,
                              "Local Written Blocks": 0,
                              "Temp Read Blocks": 0,
                              "Temp Written Blocks": 0
                            },
                            {
                              "Worker Number": 1,
                              "Actual Startup Time": 81.653,
                              "Actual Total Time": 87.044,
                              "Actual Rows": 35548.0,
                              "Actual Loops": 1,
                              "Sort Method": "quicksort",
                              "Sort Space Used": 2666,
                              "Sort Space Type": "Memory",
                              "Shared Hit Blocks": 21435,
                              "Shared Read Blocks": 3106,
                              "Shared Dirtied Blocks": 0,
                              "Shared Written Blocks": 30,
                              "Local Hit Blocks": 0,
                              "Local Read Blocks": 0,
                              "Local Dirtied Blocks": 0,
                              "Local Written Blocks": 0,
                              "Temp Read Blocks": 0,
                              "Temp Written Blocks": 0
                            }
                          ],
                          "Plans": [
                            {
                              "Node Type": "Nested Loop",
                              "Parent Relationship": "Outer",
                              "Parallel Aware": false,
                              "Async Capable": false,
                              "Join Type": "Inner",
                              "Startup Cost": 6.8,
                              "Total Cost": 12379.53,
                              "Plan Rows": 270,
                              "Plan Width": 20,
                              "Actual Startup Time": 0.448,
                              "Actual Total Time": 75.135,
                              "Actual Rows": 35548.0,
                              "Actual Loops": 3,
                              "Disabled": false,
                              "Output": [
                                "k.keyword",
                                "mk.movie_id"
                              ],
                              "Inner Unique": false,
                              "Shared Hit Blocks": 64926,
                              "Shared Read Blocks": 8680,
                              "Shared Dirtied Blocks": 0,
                              "Shared Written Blocks": 323,
                              "Local Hit Blocks": 0,
                              "Local Read Blocks": 0,
                              "Local Dirtied Blocks": 0,
                              "Local Written Blocks": 0,
                              "Temp Read Blocks": 0,
                              "Temp Written Blocks": 0,
                              "Workers": [
                                {
                                  "Worker Number": 0,
                                  "Actual Startup Time": 0.492,
                                  "Actual Total Time": 77.405,
                                  "Actual Rows": 35548.0,
                                  "Actual Loops": 1,
                                  "Shared Hit Blocks": 22732,
                                  "Shared Read Blocks": 1808,
                                  "Shared Dirtied Blocks": 0,
                                  "Shared Written Blocks": 85,
                                  "Local Hit Blocks": 0,
                                  "Local Read Blocks": 0,
                                  "Local Dirtied Blocks": 0,
                                  "Local Written Blocks": 0,
                                  "Temp Read Blocks": 0,
                                  "Temp Written Blocks": 0
                                },
                                {
                                  "Worker Number": 1,
                                  "Actual Startup Time": 0.569,
                                  "Actual Total Time": 77.741,
                                  "Actual Rows": 35548.0,
                                  "Actual Loops": 1,
                                  "Shared Hit Blocks": 21435,
                                  "Shared Read Blocks": 3106,
                                  "Shared Dirtied Blocks": 0,
                                  "Shared Written Blocks": 30,
                                  "Local Hit Blocks": 0,
                                  "Local Read Blocks": 0,
                                  "Local Dirtied Blocks": 0,
                                  "Local Written Blocks": 0,
                                  "Temp Read Blocks": 0,
                                  "Temp Written Blocks": 0
                                }
                              ],
                              "Plans": [
                                {
                                  "Node Type": "Seq Scan",
                                  "Parent Relationship": "Outer",
                                  "Parallel Aware": false,
                                  "Async Capable": false,
                                  "Relation Name": "keyword",
                                  "Schema": "public",
                                  "Alias": "k",
                                  "Startup Cost": 0.0,
                                  "Total Cost": 3691.4,
                                  "Plan Rows": 8,
                                  "Plan Width": 20,
                                  "Actual Startup Time": 0.12,
                                  "Actual Total Time": 16.109,
                                  "Actual Rows": 8.0,
                                  "Actual Loops": 3,
                                  "Disabled": false,
                                  "Output": [
                                    "k.id",
                                    "k.keyword",
                                    "k.phonetic_code"
                                  ],
                                  "Filter": "(k.keyword = ANY ('{superhero,sequel,second-part,marvel-comics,based-on-comic,tv-special,fight,violence}'::text[]))",
                                  "Rows Removed by Filter": 134162,
                                  "Shared Hit Blocks": 3015,
                                  "Shared Read Blocks": 9,
                                  "Shared Dirtied Blocks": 0,
                                  "Shared Written Blocks": 0,
                                  "Local Hit Blocks": 0,
                                  "Local Read Blocks": 0,
                                  "Local Dirtied Blocks": 0,
                                  "Local Written Blocks": 0,
                                  "Temp Read Blocks": 0,
                                  "Temp Written Blocks": 0,
                                  "Workers": [
                                    {
                                      "Worker Number": 0,
                                      "Actual Startup Time": 0.115,
                                      "Actual Total Time": 16.083,
                                      "Actual Rows": 8.0,
                                      "Actual Loops": 1,
                                      "Shared Hit Blocks": 1008,
                                      "Shared Read Blocks": 0,
                                      "Shared Dirtied Blocks": 0,
                                      "Shared Written Blocks": 0,
                                      "Local Hit Blocks": 0,
                                      "Local Read Blocks": 0,
                                      "Local Dirtied Blocks": 0,
                                      "Local Written Blocks": 0,
                                      "Temp Read Blocks": 0,
                                      "Temp Written Blocks": 0
                                    },
                                    {
                                      "Worker Number": 1,
                                      "Actual Startup Time": 0.185,
                                      "Actual Total Time": 16.272,
                                      "Actual Rows": 8.0,
                                      "Actual Loops": 1,
                                      "Shared Hit Blocks": 1007,
                                      "Shared Read Blocks": 1,
                                      "Shared Dirtied Blocks": 0,
                                      "Shared Written Blocks": 0,
                                      "Local Hit Blocks": 0,
                                      "Local Read Blocks": 0,
                                      "Local Dirtied Blocks": 0,
                                      "Local Written Blocks": 0,
                                      "Temp Read Blocks": 0,
                                      "Temp Written Blocks": 0
                                    }
                                  ]
                                },
                                {
                                  "Node Type": "Bitmap Heap Scan",
                                  "Parent Relationship": "Inner",
                                  "Parallel Aware": false,
                                  "Async Capable": false,
                                  "Relation Name": "movie_keyword",
                                  "Schema": "public",
                                  "Alias": "mk",
                                  "Startup Cost": 6.8,
                                  "Total Cost": 1082.96,
                                  "Plan Rows": 306,
                                  "Plan Width": 8,
                                  "Actual Startup Time": 0.586,
                                  "Actual Total Time": 7.099,
                                  "Actual Rows": 4443.5,
                                  "Actual Loops": 24,
                                  "Disabled": false,
                                  "Output": [
                                    "mk.id",
                                    "mk.movie_id",
                                    "mk.keyword_id"
                                  ],
                                  "Recheck Cond": "(k.id = mk.keyword_id)",
                                  "Rows Removed by Index Recheck": 0,
                                  "Exact Heap Blocks": 23488,
                                  "Lossy Heap Blocks": 0,
                                  "Shared Hit Blocks": 61911,
                                  "Shared Read Blocks": 8671,
                                  "Shared Dirtied Blocks": 0,
                                  "Shared Written Blocks": 323,
                                  "Local Hit Blocks": 0,
                                  "Local Read Blocks": 0,
                                  "Local Dirtied Blocks": 0,
                                  "Local Written Blocks": 0,
                                  "Temp Read Blocks": 0,
                                  "Temp Written Blocks": 0,
                                  "Workers": [
                                    {
                                      "Worker Number": 0,
                                      "Actual Startup Time": 0.605,
                                      "Actual Total Time": 7.38,
                                      "Actual Rows": 4443.5,
                                      "Actual Loops": 8,
                                      "Shared Hit Blocks": 21724,
                                      "Shared Read Blocks": 1808,
                                      "Shared Dirtied Blocks": 0,
                                      "Shared Written Blocks": 85,
                                      "Local Hit Blocks": 0,
                                      "Local Read Blocks": 0,
                                      "Local Dirtied Blocks": 0,
                                      "Local Written Blocks": 0,
                                      "Temp Read Blocks": 0,
                                      "Temp Written Blocks": 0
                                    },
                                    {
                                      "Worker Number": 1,
                                      "Actual Startup Time": 0.589,
                                      "Actual Total Time": 7.405,
                                      "Actual Rows": 4443.5,
                                      "Actual Loops": 8,
                                      "Shared Hit Blocks": 20428,
                                      "Shared Read Blocks": 3105,
                                      "Shared Dirtied Blocks": 0,
                                      "Shared Written Blocks": 30,
                                      "Local Hit Blocks": 0,
                                      "Local Read Blocks": 0,
                                      "Local Dirtied Blocks": 0,
                                      "Local Written Blocks": 0,
                                      "Temp Read Blocks": 0,
                                      "Temp Written Blocks": 0
                                    }
                                  ],
                                  "Plans": [
                                    {
                                      "Node Type": "Bitmap Index Scan",
                                      "Parent Relationship": "Outer",
                                      "Parallel Aware": false,
                                      "Async Capable": false,
                                      "Index Name": "keyword_id_movie_keyword",
                                      "Startup Cost": 0.0,
                                      "Total Cost": 6.73,
                                      "Plan Rows": 306,
                                      "Plan Width": 0,
                                      "Actual Startup Time": 0.349,
                                      "Actual Total Time": 0.35,
                                      "Actual Rows": 4443.5,
                                      "Actual Loops": 24,
                                      "Disabled": false,
                                      "Index Cond": "(mk.keyword_id = k.id)",
                                      "Index Searches": 24,
                                      "Shared Hit Blocks": 113,
                                      "Shared Read Blocks": 36,
                                      "Shared Dirtied Blocks": 0,
                                      "Shared Written Blocks": 4,
                                      "Local Hit Blocks": 0,
                                      "Local Read Blocks": 0,
                                      "Local Dirtied Blocks": 0,
                                      "Local Written Blocks": 0,
                                      "Temp Read Blocks": 0,
                                      "Temp Written Blocks": 0,
                                      "Workers": [
                                        {
                                          "Worker Number": 0,
                                          "Actual Startup Time": 0.357,
                                          "Actual Total Time": 0.357,
                                          "Actual Rows": 4443.5,
                                          "Actual Loops": 8,
                                          "Shared Hit Blocks": 33,
                                          "Shared Read Blocks": 17,
                                          "Shared Dirtied Blocks": 0,
                                          "Shared Written Blocks": 3,
                                          "Local Hit Blocks": 0,
                                          "Local Read Blocks": 0,
                                          "Local Dirtied Blocks": 0,
                                          "Local Written Blocks": 0,
                                          "Temp Read Blocks": 0,
                                          "Temp Written Blocks": 0
                                        },
                                        {
                                          "Worker Number": 1,
                                          "Actual Startup Time": 0.358,
                                          "Actual Total Time": 0.358,
                                          "Actual Rows": 4443.5,
                                          "Actual Loops": 8,
                                          "Shared Hit Blocks": 44,
                                          "Shared Read Blocks": 6,
                                          "Shared Dirtied Blocks": 0,
                                          "Shared Written Blocks": 0,
                                          "Local Hit Blocks": 0,
                                          "Local Read Blocks": 0,
                                          "Local Dirtied Blocks": 0,
                                          "Local Written Blocks": 0,
                                          "Temp Read Blocks": 0,
                                          "Temp Written Blocks": 0
                                        }
                                      ]
                                    }
                                  ]
                                }
                              ]
                            }
                          ]
                        }
                      ]
                    },
                    {
                      "Node Type": "Index Scan",
                      "Parent Relationship": "Inner",
                      "Parallel Aware": false,
                      "Async Capable": false,
                      "Scan Direction": "Forward",
                      "Index Name": "movie_id_cast_info",
                      "Relation Name": "cast_info",
                      "Schema": "public",
                      "Alias": "ci",
                      "Startup Cost": 0.44,
                      "Total Cost": 2149.76,
                      "Plan Rows": 122569,
                      "Plan Width": 8,
                      "Actual Startup Time": 0.321,
                      "Actual Total Time": 5.226,
                      "Actual Rows": 55.45,
                      "Actual Loops": 14165,
                      "Disabled": false,
                      "Output": [
                        "ci.id",
                        "ci.person_id",
                        "ci.movie_id",
                        "ci.person_role_id",
                        "ci.note",
                        "ci.nr_order",
                        "ci.role_id"
                      ],
                      "Index Cond": "(ci.movie_id = t.id)",
                      "Rows Removed by Index Recheck": 0,
                      "Index Searches": 14165,
                      "Shared Hit Blocks": 313853,
                      "Shared Read Blocks": 479097,
                      "Shared Dirtied Blocks": 29073,
                      "Shared Written Blocks": 19371,
                      "Local Hit Blocks": 0,
                      "Local Read Blocks": 0,
                      "Local Dirtied Blocks": 0,
                      "Local Written Blocks": 0,
                      "Temp Read Blocks": 0,
                      "Temp Written Blocks": 0,
                      "Workers": [
                        {
                          "Worker Number": 0,
                          "Actual Startup Time": 0.342,
                          "Actual Total Time": 5.445,
                          "Actual Rows": 57.0,
                          "Actual Loops": 4352,
                          "Shared Hit Blocks": 98355,
                          "Shared Read Blocks": 151818,
                          "Shared Dirtied Blocks": 9839,
                          "Shared Written Blocks": 6335,
                          "Local Hit Blocks": 0,
                          "Local Read Blocks": 0,
                          "Local Dirtied Blocks": 0,
                          "Local Written Blocks": 0,
                          "Temp Read Blocks": 0,
                          "Temp Written Blocks": 0
                        },
                        {
                          "Worker Number": 1,
                          "Actual Startup Time": 0.325,
                          "Actual Total Time": 5.337,
                          "Actual Rows": 55.67,
                          "Actual Loops": 4391,
                          "Shared Hit Blocks": 94868,
                          "Shared Read Blocks": 151066,
                          "Shared Dirtied Blocks": 9672,
                          "Shared Written Blocks": 6531,
                          "Local Hit Blocks": 0,
                          "Local Read Blocks": 0,
                          "Local Dirtied Blocks": 0,
                          "Local Written Blocks": 0,
                          "Temp Read Blocks": 0,
                          "Temp Written Blocks": 0
                        }
                      ]
                    }
                  ]
                },
                {
                  "Node Type": "Index Scan",
                  "Parent Relationship": "Inner",
                  "Parallel Aware": false,
                  "Async Capable": false,
                  "Scan Direction": "Forward",
                  "Index Name": "name_pkey",
                  "Relation Name": "name",
                  "Schema": "public",
                  "Alias": "n",
                  "Startup Cost": 0.43,
                  "Total Cost": 0.46,
                  "Plan Rows": 1,
                  "Plan Width": 19,
                  "Actual Startup Time": 0.065,
                  "Actual Total Time": 0.065,
                  "Actual Rows": 0.0,
                  "Actual Loops": 785477,
                  "Disabled": false,
                  "Output": [
                    "n.id",
                    "n.name",
                    "n.imdb_index",
                    "n.imdb_id",
                    "n.gender",
                    "n.name_pcode_cf",
                    "n.name_pcode_nf",
                    "n.surname_pcode",
                    "n.md5sum"
                  ],
                  "Index Cond": "(n.id = ci.person_id)",
                  "Rows Removed by Index Recheck": 0,
                  "Filter": "(n.name ~~ '%Downey%Robert%'::text)",
                  "Rows Removed by Filter": 1,
                  "Index Searches": 785477,
                  "Shared Hit Blocks": 2447449,
                  "Shared Read Blocks": 694461,
                  "Shared Dirtied Blocks": 0,
                  "Shared Written Blocks": 28203,
                  "Local Hit Blocks": 0,
                  "Local Read Blocks": 0,
                  "Local Dirtied Blocks": 0,
                  "Local Written Blocks": 0,
                  "Temp Read Blocks": 0,
                  "Temp Written Blocks": 0,
                  "Workers": [
                    {
                      "Worker Number": 0,
                      "Actual Startup Time": 0.066,
                      "Actual Total Time": 0.066,
                      "Actual Rows": 0.0,
                      "Actual Loops": 248065,
                      "Shared Hit Blocks": 772524,
                      "Shared Read Blocks": 219737,
                      "Shared Dirtied Blocks": 0,
                      "Shared Written Blocks": 9360,
                      "Local Hit Blocks": 0,
                      "Local Read Blocks": 0,
                      "Local Dirtied Blocks": 0,
                      "Local Written Blocks": 0,
                      "Temp Read Blocks": 0,
                      "Temp Written Blocks": 0
                    },
                    {
                      "Worker Number": 1,
                      "Actual Startup Time": 0.067,
                      "Actual Total Time": 0.067,
                      "Actual Rows": 0.0,
                      "Actual Loops": 244451,
                      "Shared Hit Blocks": 758952,
                      "Shared Read Blocks": 218853,
                      "Shared Dirtied Blocks": 0,
                      "Shared Written Blocks": 9510,
                      "Local Hit Blocks": 0,
                      "Local Read Blocks": 0,
                      "Local Dirtied Blocks": 0,
                      "Local Written Blocks": 0,
                      "Temp Read Blocks": 0,
                      "Temp Written Blocks": 0
                    }
                  ]
                }
              ]
            }
          ]
        }
      ]
    },
    "Planning": {
      "Shared Hit Blocks": 16,
      "Shared Read Blocks": 0,
      "Shared Dirtied Blocks": 0,
      "Shared Written Blocks": 0,
      "Local Hit Blocks": 0,
      "Local Read Blocks": 0,
      "Local Dirtied Blocks": 0,
      "Local Written Blocks": 0,
      "Temp Read Blocks": 0,
      "Temp Written Blocks": 0
    },
    "Planning Time": 0.386,
    "Triggers": [],
    "Execution Time": 45705.998
  }
]