[
  {
    "Plan": {
      "Node Type": "Aggregate",
      "Strategy": "Plain",
      "Partial Mode": "Finalize",
      "Parallel Aware": false,
      "Async Capable": false,
      "Startup Cost": 263075.84,
      "Total Cost": 263075.85,
      "Plan Rows": 1,
      "Plan Width": 96,
      "Actual Startup Time": 40459.546,
      "Actual Total Time": 40459.664,
      "Actual Rows": 1.0,
      "Actual Loops": 1,
      "Disabled": false,
      "Output": [
        "min(k.keyword)",
        "min(n.name)",
        "min(t.title)"
      ],
      "Shared Hit Blocks": 2811310,
      "Shared Read Blocks": 1233095,
      "Shared Dirtied Blocks": 0,
      "Shared Written Blocks": 19706,
      "Local Hit Blocks": 0,
      "Local Read Blocks": 0,
      "Local Dirtied Blocks": 0,
      "Local Written Blocks": 0,
      "Temp Read Blocks": 5561,
      "Temp Written Blocks": 5583,
      "Plans": [
        {
          "Node Type": "Gather",
          "Parent Relationship": "Outer",
          "Parallel Aware": false,
          "Async Capable": false,
          "Startup Cost": 263075.62,
          "Total Cost": 263075.83,
          "Plan Rows": 2,
          "Plan Width": 96,
          "Actual Startup Time": 40459.526,
          "Actual Total Time": 40459.657,
          "Actual Rows": 3.0,
          "Actual Loops": 1,
          "Disabled": false,
          "Output": [
            "(PARTIAL min(k.keyword))",
            "(PARTIAL min(n.name))",
            "(PARTIAL min(t.title))"
          ],
          "Workers Planned": 2,
          "Workers Launched": 2,
          "Single Copy": false,
          "Shared Hit Blocks": 2811310,
          "Shared Read Blocks": 1233095,
          "Shared Dirtied Blocks": 0,
          "Shared Written Blocks": 19706,
          "Local Hit Blocks": 0,
          "Local Read Blocks": 0,
          "Local Dirtied Blocks": 0,
          "Local Written Blocks": 0,
          "Temp Read Blocks": 5561,
          "Temp Written Blocks": 5583,
          "Plans": [
            {
              "Node Type": "Aggregate",
              "Strategy": "Plain",
              "Partial Mode": "Partial",
              "Parent Relationship": "Outer",
              "Parallel Aware": false,
              "Async Capable": false,
              "Startup Cost": 262075.62,
              "Total Cost": 262075.63,
              "Plan Rows": 1,
              "Plan Width": 96,
              "Actual Startup Time": 38451.799,
              "Actual Total Time": 38451.802,
              "Actual Rows": 1.0,
              "Actual Loops": 3,
              "Disabled": false,
              "Output": [
                "PARTIAL min(k.keyword)",
                "PARTIAL min(n.name)",
                "PARTIAL min(t.title)"
              ],
              "Shared Hit Blocks": 2811310,
              "Shared Read Blocks": 1233095,
              "Shared Dirtied Blocks": 0,
              "Shared Written Blocks": 19706,
              "Local Hit Blocks": 0,
              "Local Read Blocks": 0,
              "Local Dirtied Blocks": 0,
              "Local Written Blocks": 0,
              "Temp Read Blocks": 5561,
              "Temp Written Blocks": 5583,
              "Workers": [
                {
                  "Worker Number": 0,
                  "Actual Startup Time": 37791.627,
                  "Actual Total Time": 37791.629,
                  "Actual Rows": 1.0,
                  "Actual Loops": 1,
                  "Shared Hit Blocks": 891808,
                  "Shared Read Blocks": 408210,
                  "Shared Dirtied Blocks": 0,
                  "Shared Written Blocks": 6593,
                  "Local Hit Blocks": 0,
                  "Local Read Blocks": 0,
                  "Local Dirtied Blocks": 0,
                  "Local Written Blocks": 0,
                  "Temp Read Blocks": 1769,
                  "Temp Written Blocks": 1776
                },
                {
                  "Worker Number": 1,
                  "Actual Startup Time": 37104.854,
                  "Actual Total Time": 37104.857,
                  "Actual Rows": 1.0,
                  "Actual Loops": 1,
                  "Shared Hit Blocks": 911297,
                  "Shared Read Blocks": 389480,
                  "Shared Dirtied Blocks": 0,
                  "Shared Written Blocks": 6436,
                  "Local Hit Blocks": 0,
                  "Local Read Blocks": 0,
                  "Local Dirtied Blocks": 0,
                  "Local Written Blocks": 0,
                  "Temp Read Blocks": 1790,
                  "Temp Written Blocks": 1797
                }
              ],
              "Plans": [
                {
                  "Node Type": "Nested Loop",
                  "Parent Relationship": "Outer",
                  "Parallel Aware": false,
                  "Async Capable": false,
                  "Join Type": "Inner",
                  "Startup Cost": 65528.02,
                  "Total Cost": 261971.71,
                  "Plan Rows": 13855,
                  "Plan Width": 63,
                  "Actual Startup Time": 1663.652,
                  "Actual Total Time": 38391.223,
                  "Actual Rows": 261825.67,
                  "Actual Loops": 3,
                  "Disabled": false,
                  "Output": [
                    "k.keyword",
                    "n.name",
                    "t.title"
                  ],
                  "Inner Unique": true,
                  "Shared Hit Blocks": 2811310,
                  "Shared Read Blocks": 1233095,
                  "Shared Dirtied Blocks": 0,
                  "Shared Written Blocks": 19706,
                  "Local Hit Blocks": 0,
                  "Local Read Blocks": 0,
                  "Local Dirtied Blocks": 0,
                  "Local Written Blocks": 0,
                  "Temp Read Blocks": 5561,
                  "Temp Written Blocks": 5583,
                  "Workers": [
                    {
                      "Worker Number": 0,
                      "Actual Startup Time": 1652.133,
                      "Actual Total Time": 37735.392,
                      "Actual Rows": 252208.0,
                      "Actual Loops": 1,
                      "Shared Hit Blocks": 891808,
                      "Shared Read Blocks": 408210,
                      "Shared Dirtied Blocks": 0,
                      "Shared Written Blocks": 6593,
                      "Local Hit Blocks": 0,
                      "Local Read Blocks": 0,
                      "Local Dirtied Blocks": 0,
                      "Local Written Blocks": 0,
                      "Temp Read Blocks": 1769,
                      "Temp Written Blocks": 1776
                    },
                    {
                      "Worker Number": 1,
                      "Actual Startup Time": 1659.921,
                      "Actual Total Time": 37052.86,
                      "Actual Rows": 252864.0,
                      "Actual Loops": 1,
                      "Shared Hit Blocks": 911297,
                      "Shared Read Blocks": 389480,
                      "Shared Dirtied Blocks": 0,
                      "Shared Written Blocks": 6436,
                      "Local Hit Blocks": 0,
                      "Local Read Blocks": 0,
                      "Local Dirtied Blocks": 0,
                      "Local Written Blocks": 0,
                      "Temp Read Blocks": 1790,
                      "Temp Written Blocks": 1797
                    }
                  ],
                  "Plans": [
                    {
                      "Node Type": "Nested Loop",
                      "Parent Relationship": "Outer",
                      "Parallel Aware": false,
                      "Async Capable": false,
                      "Join Type": "Inner",
                      "Startup Cost": 65527.59,
                      "Total Cost": 255663.54,
                      "Plan Rows": 13855,
                      "Plan Width": 52,
                      "Actual Startup Time": 1663.303,
                      "Actual Total Time": 25593.565,
                      "Actual Rows": 261825.67,
                      "Actual Loops": 3,
                      "Disabled": false,
                      "Output": [
                        "ci.person_id",
                        "k.keyword",
                        "t.title"
                      ],
                      "Inner Unique": false,
                      "Shared Hit Blocks": 367817,
                      "Shared Read Blocks": 534678,
                      "Shared Dirtied Blocks": 0,
                      "Shared Written Blocks": 8142,
                      "Local Hit Blocks": 0,
                      "Local Read Blocks": 0,
                      "Local Dirtied Blocks": 0,
                      "Local Written Blocks": 0,
                      "Temp Read Blocks": 5561,
                      "Temp Written Blocks": 5583,
                      "Workers": [
                        {
                          "Worker Number": 0,
                          "Actual Startup Time": 1651.394,
                          "Actual Total Time": 25151.977,
                          "Actual Rows": 252208.0,
                          "Actual Loops": 1,
                          "Shared Hit Blocks": 111349,
                          "Shared Read Blocks": 179836,
                          "Shared Dirtied Blocks": 0,
                          "Shared Written Blocks": 2742,
                          "Local Hit Blocks": 0,
                          "Local Read Blocks": 0,
                          "Local Dirtied Blocks": 0,
                          "Local Written Blocks": 0,
                          "Temp Read Blocks": 1769,
                          "Temp Written Blocks": 1776
                        },
                        {
                          "Worker Number": 1,
                          "Actual Startup Time": 1659.748,
                          "Actual Total Time": 24668.074,
                          "Actual Rows": 252864.0,
                          "Actual Loops": 1,
                          "Shared Hit Blocks": 122588,
                          "Shared Read Blocks": 166732,
                          "Shared Dirtied Blocks": 0,
                          "Shared Written Blocks": 2599,
                          "Local Hit Blocks": 0,
                          "Local Read Blocks": 0,
                          "Local Dirtied Blocks": 0,
                          "Local Written Blocks": 0,
                          "Temp Read Blocks": 1790,
                          "Temp Written Blocks": 1797
                        }
                      ],
                      "Plans": [
                        {
                          "Node Type": "Merge Join",
                          "Parent Relationship": "Outer",
                          "Parallel Aware": false,
                          "Async Capable": false,
                          "Join Type": "Inner",
                          "Startup Cost": 65527.15,
                          "Total Cost": 66104.0,
                          "Plan Rows": 38,
                          "Plan Width": 56,
                          "Actual Startup Time": 1661.978,
                          "Actual Total Time": 1804.437,
                          "Actual Rows": 4721.67,
                          "Actual Loops": 3,
                          "Disabled": false,
                          "Output": [
                            "k.keyword",
                            "mk.movie_id",
                            "t.title",
                            "t.id"
                          ],
                          "Inner Unique": false,
                          "Merge Cond": "(t.id = mk.movie_id)",
                          "Shared Hit Blocks": 57774,
                          "Shared Read Blocks": 51771,
                          "Shared Dirtied Blocks": 0,
                          "Shared Written Blocks": 219,
                          "Local Hit Blocks": 0,
                          "Local Read Blocks": 0,
                          "Local Dirtied Blocks": 0,
                          "Local Written Blocks": 0,
                          "Temp Read Blocks": 5561,
                          "Temp Written Blocks": 5583,
                          "Workers": [
                            {
                              "Worker Number": 0,
                              "Actual Startup Time": 1649.403,
                              "Actual Total Time": 1775.335,
                              "Actual Rows": 4572.0,
                              "Actual Loops": 1,
                              "Shared Hit Blocks": 14062,
                              "Shared Read Blocks": 21920,
                              "Shared Dirtied Blocks": 0,
                              "Shared Written Blocks": 120,
                              "Local Hit Blocks": 0,
                              "Local Read Blocks": 0,
                              "Local Dirtied Blocks": 0,
                              "Local Written Blocks": 0,
                              "Temp Read Blocks": 1769,
                              "Temp Written Blocks": 1776
                            },
                            {
                              "Worker Number": 1,
                              "Actual Startup Time": 1658.9,
                              "Actual Total Time": 1801.697,
                              "Actual Rows": 4528.0,
                              "Actual Loops": 1,
                              "Shared Hit Blocks": 23717,
                              "Shared Read Blocks": 12416,
                              "Shared Dirtied Blocks": 0,
                              "Shared Written Blocks": 5,
                              "Local Hit Blocks": 0,
                              "Local Read Blocks": 0,
                              "Local Dirtied Blocks": 0,
                              "Local Written Blocks": 0,
                              "Temp Read Blocks": 1790,
                              "Temp Written Blocks": 1797
                            }
                          ],
                          "Plans": [
                            {
                              "Node Type": "Sort",
                              "Parent Relationship": "Outer",
                              "Parallel Aware": false,
                              "Async Capable": false,
                              "Startup Cost": 53136.72,
                              "Total Cost": 53424.29,
                              "Plan Rows": 115025,
                              "Plan Width": 36,
                              "Actual Startup Time": 416.449,
                              "Actual Total Time": 525.441,
                              "Actual Rows": 460360.33,
                              "Actual Loops": 3,
                              "Disabled": false,
                              "Output": [
                                "t.title",
                                "t.id"
                              ],
                              "Sort Key": [
                                "t.id"
                              ],
                              "Sort Method": "external merge",
                              "Sort Space Used": 16016,
                              "Sort Space Type": "Disk",
                              "Shared Hit Blocks": 20,
                              "Shared Read Blocks": 35996,
                              "Shared Dirtied Blocks": 0,
                              "Shared Written Blocks": 0,
                              "Local Hit Blocks": 0,
                              "Local Read Blocks": 0,
                              "Local Dirtied Blocks": 0,
                              "Local Written Blocks": 0,
                              "Temp Read Blocks": 5561,
                              "Temp Written Blocks": 5583,
                              "Workers": [
                                {
                                  "Worker Number": 0,
                                  "Actual Startup Time": 393.714,
                                  "Actual Total Time": 491.317,
                                  "Actual Rows": 439476.0,
                                  "Actual Loops": 1,
                                  "Sort Method": "external merge",
                                  "Sort Space Used": 14152,
                                  "Sort Space Type": "Disk",
                                  "Shared Hit Blocks": 8,
                                  "Shared Read Blocks": 11456,
                                  "Shared Dirtied Blocks": 0,
                                  "Shared Written Blocks": 0,
                                  "Local Hit Blocks": 0,
                                  "Local Read Blocks": 0,
                                  "Local Dirtied Blocks": 0,
                                  "Local Written Blocks": 0,
                                  "Temp Read Blocks": 1769,
                                  "Temp Written Blocks": 1776
                                },
                                {
                                  "Worker Number": 1,
                                  "Actual Startup Time": 413.58,
                                  "Actual Total Time": 525.63,
                                  "Actual Rows": 446175.0,
                                  "Actual Loops": 1,
                                  "Sort Method": "external merge",
                                  "Sort Space Used": 14320,
                                  "Sort Space Type": "Disk",
                                  "Shared Hit Blocks": 7,
                                  "Shared Read Blocks": 11605,
                                  "Shared Dirtied Blocks": 0,
                                  "Shared Written Blocks": 0,
                                  "Local Hit Blocks": 0,
                                  "Local Read Blocks": 0,
                                  "Local Dirtied Blocks": 0,
                                  "Local Written Blocks": 0,
                                  "Temp Read Blocks": 1790,
                                  "Temp Written Blocks": 1797
                                }
                              ],
                              "Plans": [
                                {
                                  "Node Type": "Seq Scan",
                                  "Parent Relationship": "Outer",
                                  "Parallel Aware": true,
                                  "Async Capable": false,
                                  "Relation Name": "title",
                                  "Schema": "public",
                                  "Alias": "t",
                                  "Startup Cost": 0.0,
                                  "Total Cost": 40321.46,
                                  "Plan Rows": 115025,
                                  "Plan Width": 36,
                                  "Actual Startup Time": 1.808,
                                  "Actual Total Time": 222.035,
                                  "Actual Rows": 460484.33,
                                  "Actual Loops": 3,
                                  "Disabled": false,
                                  "Output": [
                                    "t.title",
                                    "t.id"
                                  ],
                                  "Filter": "(t.production_year > 2000)",
                                  "Rows Removed by Filter": 382286,
                                  "Shared Hit Blocks": 13,
                                  "Shared Read Blocks": 35995,
                                  "Shared Dirtied Blocks": 0,
                                  "Shared Written Blocks": 0,
                                  "Local Hit Blocks": 0,
                                  "Local Read Blocks": 0,
                                  "Local Dirtied Blocks": 0,
                                  "Local Written Blocks": 0,
                                  "Temp Read Blocks": 0,
                                  "Temp Written Blocks": 0,
                                  "Workers": [
                                    {
                                      "Worker Number": 0,
                                      "Actual Startup Time": 2.608,
                                      "Actual Total Time": 224.464,
                                      "Actual Rows": 439482.0,
                                      "Actual Loops": 1,
                                      "Shared Hit Blocks": 4,
                                      "Shared Read Blocks": 11456,
                                      "Shared Dirtied Blocks": 0,
                                      "Shared Written Blocks": 0,
                                      "Local Hit Blocks": 0,
                                      "Local Read Blocks": 0,
                                      "Local Dirtied Blocks": 0,
                                      "Local Written Blocks": 0,
                                      "Temp Read Blocks": 0,
                                      "Temp Written Blocks": 0
                                    },
                                    {
                                      "Worker Number": 1,
                                      "Actual Startup Time": 2.635,
                                      "Actual Total Time": 224.117,
                                      "Actual Rows": 446541.0,
                                      "Actual Loops": 1,
                                      "Shared Hit Blocks": 4,
                                      "Shared Read Blocks": 11604,
                                      "Shared Dirtied Blocks": 0,
                                      "Shared Written Blocks": 0,
                                      "Local Hit Blocks": 0,
                                      "Local Read Blocks": 0,
                                      "Local Dirtied Blocks": 0,
                                      "Local Written Blocks": 0,
                                      "Temp Read Blocks": 0,
                                      "Temp Written Blocks": 0
                                    }
                                  ]
                                }
                              ]
                            },
                            {
                              "Node Type": "Sort",
                              "Parent Relationship": "Inner",
                              "Parallel Aware": false,
                              "Async Capable": false,
                              "Startup Cost": 12390.43,
                              "Total Cost": 12391.11,
                              "Plan Rows": 270,
                              "Plan Width": 20,
                              "Actual Startup Time": 1245.314,
                              "Actual Total Time": 1254.143,
                              "Actual Rows": 35113.0,
                              "Actual Loops": 3,
                              "Disabled": false,
                              "Output": [
                                "k.keyword",
                                "mk.movie_id"
                              ],
                              "Sort Key": [
                                "mk.movie_id"
                              ],
                              "Sort Method": "quicksort",
                              "Sort Space Used": 2666,
                              "Sort Space Type": "Memory",
                              "Shared Hit Blocks": 57754,
                              "Shared Read Blocks": 15775,
                              "Shared Dirtied Blocks": 0,
                              "Shared Written Blocks": 219,
                              "Local Hit Blocks": 0,
                              "Local Read Blocks": 0,
                              "Local Dirtied Blocks": 0,
                              "Local Written Blocks": 0,
                              "Temp Read Blocks": 0,
                              "Temp Written Blocks": 0,
                              "Workers": [
                                {
                                  "Worker Number": 0,
                                  "Actual Startup Time": 1255.542,
                                  "Actual Total Time": 1260.861,
                                  "Actual Rows": 35548.0,
                                  "Actual Loops": 1,
                                  "Sort Method": "quicksort",
                                  "Sort Space Used": 2666,
                                  "Sort Space Type": "Memory",
                                  "Shared Hit Blocks": 14054,
                                  "Shared Read Blocks": 10464,
                                  "Shared Dirtied Blocks": 0,
                                  "Shared Written Blocks": 120,
                                  "Local Hit Blocks": 0,
                                  "Local Read Blocks": 0,
                                  "Local Dirtied Blocks": 0,
                                  "Local Written Blocks": 0,
                                  "Temp Read Blocks": 0,
                                  "Temp Written Blocks": 0
                                },
                                {
                                  "Worker Number": 1,
                                  "Actual Startup Time": 1244.866,
                                  "Actual Total Time": 1249.916,
                                  "Actual Rows": 35548.0,
                                  "Actual Loops": 1,
                                  "Sort Method": "quicksort",
                                  "Sort Space Used": 2666,
                                  "Sort Space Type": "Memory",
                                  "Shared Hit Blocks": 23710,
                                  "Shared Read Blocks": 811,
                                  "Shared Dirtied Blocks": 0,
                                  "Shared Written Blocks": 5,
                                  "Local Hit Blocks": 0,
                                  "Local Read Blocks": 0,
                                  "Local Dirtied Blocks": 0,
                                  "Local Written Blocks": 0,
                                  "Temp Read Blocks": 0,
                                  "Temp Written Blocks": 0
                                }
                              ],
                              "Plans": [
                                {
                                  "Node Type": "Nested Loop",
                                  "Parent Relationship": "Outer",
                                  "Parallel Aware": false,
                                  "Async Capable": false,
                                  "Join Type": "Inner",
                                  "Startup Cost": 6.8,
                                  "Total Cost": 12379.53,
                                  "Plan Rows": 270,
                                  "Plan Width": 20,
                                  "Actual Startup Time": 4.945,
                                  "Actual Total Time": 1236.27,
                                  "Actual Rows": 35548.0,
                                  "Actual Loops": 3,
                                  "Disabled": false,
                                  "Output": [
                                    "k.keyword",
                                    "mk.movie_id"
                                  ],
                                  "Inner Unique": false,
                                  "Shared Hit Blocks": 57754,
                                  "Shared Read Blocks": 15775,
                                  "Shared Dirtied Blocks": 0,
                                  "Shared Written Blocks": 219,
                                  "Local Hit Blocks": 0,
                                  "Local Read Blocks": 0,
                                  "Local Dirtied Blocks": 0,
                                  "Local Written Blocks": 0,
                                  "Temp Read Blocks": 0,
                                  "Temp Written Blocks": 0,
                                  "Workers": [
                                    {
                                      "Worker Number": 0,
                                      "Actual Startup Time": 12.348,
                                      "Actual Total Time": 1246.649,
                                      "Actual Rows": 35548.0,
                                      "Actual Loops": 1,
                                      "Shared Hit Blocks": 14054,
                                      "Shared Read Blocks": 10464,
                                      "Shared Dirtied Blocks": 0,
                                      "Shared Written Blocks": 120,
                                      "Local Hit Blocks": 0,
                                      "Local Read Blocks": 0,
                                      "Local Dirtied Blocks": 0,
                                      "Local Written Blocks": 0,
                                      "Temp Read Blocks": 0,
                                      "Temp Written Blocks": 0
                                    },
                                    {
                                      "Worker Number": 1,
                                      "Actual Startup Time": 2.167,
                                      "Actual Total Time": 1235.45,
                                      "Actual Rows": 35548.0,
                                      "Actual Loops": 1,
                                      "Shared Hit Blocks": 23710,
                                      "Shared Read Blocks": 811,
                                      "Shared Dirtied Blocks": 0,
                                      "Shared Written Blocks": 5,
                                      "Local Hit Blocks": 0,
                                      "Local Read Blocks": 0,
                                      "Local Dirtied Blocks": 0,
                                      "Local Written Blocks": 0,
                                      "Temp Read Blocks": 0,
                                      "Temp Written Blocks": 0
                                    }
                                  ],
                                  "Plans": [
                                    {
                                      "Node Type": "Seq Scan",
                                      "Parent Relationship": "Outer",
                                      "Parallel Aware": false,
                                      "Async Capable": false,
                                      "Relation Name": "keyword",
                                      "Schema": "public",
                                      "Alias": "k",
                                      "Startup Cost": 0.0,
                                      "Total Cost": 3691.4,
                                      "Plan Rows": 8,
                                      "Plan Width": 20,
                                      "Actual Startup Time": 0.132,
                                      "Actual Total Time": 36.127,
                                      "Actual Rows": 8.0,
                                      "Actual Loops": 3,
                                      "Disabled": false,
                                      "Output": [
                                        "k.id",
                                        "k.keyword",
                                        "k.phonetic_code"
                                      ],
                                      "Filter": "(k.keyword = ANY ('{superhero,sequel,second-part,marvel-comics,based-on-comic,tv-special,fight,violence}'::text[]))",
                                      "Rows Removed by Filter": 134162,
                                      "Shared Hit Blocks": 1975,
                                      "Shared Read Blocks": 970,
                                      "Shared Dirtied Blocks": 0,
                                      "Shared Written Blocks": 194,
                                      "Local Hit Blocks": 0,
                                      "Local Read Blocks": 0,
                                      "Local Dirtied Blocks": 0,
                                      "Local Written Blocks": 0,
                                      "Temp Read Blocks": 0,
                                      "Temp Written Blocks": 0,
                                      "Workers": [
                                        {
                                          "Worker Number": 0,
                                          "Actual Startup Time": 0.167,
                                          "Actual Total Time": 31.178,
                                          "Actual Rows": 8.0,
                                          "Actual Loops": 1,
                                          "Shared Hit Blocks": 261,
                                          "Shared Read Blocks": 722,
                                          "Shared Dirtied Blocks": 0,
                                          "Shared Written Blocks": 120,
                                          "Local Hit Blocks": 0,
                                          "Local Read Blocks": 0,
                                          "Local Dirtied Blocks": 0,
                                          "Local Written Blocks": 0,
                                          "Temp Read Blocks": 0,
                                          "Temp Written Blocks": 0
                                        },
                                        {
                                          "Worker Number": 1,
                                          "Actual Startup Time": 0.143,
                                          "Actual Total Time": 39.612,
                                          "Actual Rows": 8.0,
                                          "Actual Loops": 1,
                                          "Shared Hit Blocks": 955,
                                          "Shared Read Blocks": 31,
                                          "Shared Dirtied Blocks": 0,
                                          "Shared Written Blocks": 4,
                                          "Local Hit Blocks": 0,
                                          "Local Read Blocks": 0,
                                          "Local Dirtied Blocks": 0,
                                          "Local Written Blocks": 0,
                                          "Temp Read Blocks": 0,
                                          "Temp Written Blocks": 0
                                        }
                                      ]
                                    },
                                    {
                                      "Node Type": "Bitmap Heap Scan",
                                      "Parent Relationship": "Inner",
                                      "Parallel Aware": false,
                                      "Async Capable": false,
                                      "Relation Name": "movie_keyword",
                                      "Schema": "public",
                                      "Alias": "mk",
                                      "Startup Cost": 6.8,
                                      "Total Cost": 1082.96,
                                      "Plan Rows": 306,
                                      "Plan Width": 8,
                                      "Actual Startup Time": 3.778,
                                      "Actual Total Time": 149.247,
                                      "Actual Rows": 4443.5,
                                      "Actual Loops": 24,
                                      "Disabled": false,
                                      "Output": [
                                        "mk.id",
                                        "mk.movie_id",
                                        "mk.keyword_id"
                                      ],
                                      "Recheck Cond": "(k.id = mk.keyword_id)",
                                      "Rows Removed by Index Recheck": 0,
                                      "Exact Heap Blocks": 23488,
                                      "Lossy Heap Blocks": 0,
                                      "Shared Hit Blocks": 55779,
                                      "Shared Read Blocks": 14805,
                                      "Shared Dirtied Blocks": 0,
                                      "Shared Written Blocks": 25,
                                      "Local Hit Blocks": 0,
                                      "Local Read Blocks": 0,
                                      "Local Dirtied Blocks": 0,
                                      "Local Written Blocks": 0,
                                      "Temp Read Blocks": 0,
                                      "Temp Written Blocks": 0,
                                      "Workers": [
                                        {
                                          "Worker Number": 0,
                                          "Actual Startup Time": 4.528,
                                          "Actual Total Time": 151.173,
                                          "Actual Rows": 4443.5,
                                          "Actual Loops": 8,
                                          "Shared Hit Blocks": 13793,
                                          "Shared Read Blocks": 9742,
                                          "Shared Dirtied Blocks": 0,
                                          "Shared Written Blocks": 0,
                                          "Local Hit Blocks": 0,
                                          "Local Read Blocks": 0,
                                          "Local Dirtied Blocks": 0,
                                          "Local Written Blocks": 0,
                                          "Temp Read Blocks": 0,
                                          "Temp Written Blocks": 0
                                        },
                                        {
                                          "Worker Number": 1,
                                          "Actual Startup Time": 3.489,
                                          "Actual Total Time": 148.696,
                                          "Actual Rows": 4443.5,
                                          "Actual Loops": 8,
                                          "Shared Hit Blocks": 22755,
                                          "Shared Read Blocks": 780,
                                          "Shared Dirtied Blocks": 0,
                                          "Shared Written Blocks": 1,
                                          "Local Hit Blocks": 0,
                                          "Local Read Blocks": 0,
                                          "Local Dirtied Blocks": 0,
                                          "Local Written Blocks": 0,
                                          "Temp Read Blocks": 0,
                                          "Temp Written Blocks": 0
                                        }
                                      ],
                                      "Plans": [
                                        {
                                          "Node Type": "Bitmap Index Scan",
                                          "Parent Relationship": "Outer",
                                          "Parallel Aware": false,
                                          "Async Capable": false,
                                          "Index Name": "keyword_id_movie_keyword",
                                          "Startup Cost": 0.0,
                                          "Total Cost": 6.73,
                                          "Plan Rows": 306,
                                          "Plan Width": 0,
                                          "Actual Startup Time": 2.909,
                                          "Actual Total Time": 2.909,
                                          "Actual Rows": 4443.5,
                                          "Actual Loops": 24,
                                          "Disabled": false,
                                          "Index Cond": "(mk.keyword_id = k.id)",
                                          "Index Searches": 24,
                                          "Shared Hit Blocks": 109,
                                          "Shared Read Blocks": 40,
                                          "Shared Dirtied Blocks": 0,
                                          "Shared Written Blocks": 0,
                                          "Local Hit Blocks": 0,
                                          "Local Read Blocks": 0,
                                          "Local Dirtied Blocks": 0,
                                          "Local Written Blocks": 0,
                                          "Temp Read Blocks": 0,
                                          "Temp Written Blocks": 0,
                                          "Workers": [
                                            {
                                              "Worker Number": 0,
                                              "Actual Startup Time": 3.831,
                                              "Actual Total Time": 3.831,
                                              "Actual Rows": 4443.5,
                                              "Actual Loops": 8,
                                              "Shared Hit Blocks": 36,
                                              "Shared Read Blocks": 14,
                                              "Shared Dirtied Blocks": 0,
                                              "Shared Written Blocks": 0,
                                              "Local Hit Blocks": 0,
                                              "Local Read Blocks": 0,
                                              "Local Dirtied Blocks": 0,
                                              "Local Written Blocks": 0,
                                              "Temp Read Blocks": 0,
                                              "Temp Written Blocks": 0
                                            },
                                            {
                                              "Worker Number": 1,
                                              "Actual Startup Time": 2.422,
                                              "Actual Total Time": 2.422,
                                              "Actual Rows": 4443.5,
                                              "Actual Loops": 8,
                                              "Shared Hit Blocks": 44,
                                              "Shared Read Blocks": 6,
                                              "Shared Dirtied Blocks": 0,
                                              "Shared Written Blocks": 0,
                                              "Local Hit Blocks": 0,
                                              "Local Read Blocks": 0,
                                              "Local Dirtied Blocks": 0,
                                              "Local Written Blocks": 0,
                                              "Temp Read Blocks": 0,
                                              "Temp Written Blocks": 0
                                            }
                                          ]
                                        }
                                      ]
                                    }
                                  ]
                                }
                              ]
                            }
                          ]
                        },
                        {
                          "Node Type": "Index Scan",
                          "Parent Relationship": "Inner",
                          "Parallel Aware": false,
                          "Async Capable": false,
                          "Scan Direction": "Forward",
                          "Index Name": "movie_id_cast_info",
                          "Relation Name": "cast_info",
                          "Schema": "public",
                          "Alias": "ci",
                          "Startup Cost": 0.44,
                          "Total Cost": 3176.19,
                          "Plan Rows": 181222,
                          "Plan Width": 8,
                          "Actual Startup Time": 0.302,
                          "Actual Total Time": 5.029,
                          "Actual Rows": 55.45,
                          "Actual Loops": 14165,
                          "Disabled": false,
                          "Output": [
                            "ci.id",
                            "ci.person_id",
                            "ci.movie_id",
                            "ci.person_role_id",
                            "ci.note",
                            "ci.nr_order",
                            "ci.role_id"
                          ],
                          "Index Cond": "(ci.movie_id = t.id)",
                          "Rows Removed by Index Recheck": 0,
                          "Index Searches": 14165,
                          "Shared Hit Blocks": 310043,
                          "Shared Read Blocks": 482907,
                          "Shared Dirtied Blocks": 0,
                          "Shared Written Blocks": 7923,
                          "Local Hit Blocks": 0,
                          "Local Read Blocks": 0,
                          "Local Dirtied Blocks": 0,
                          "Local Written Blocks": 0,
                          "Temp Read Blocks": 0,
                          "Temp Written Blocks": 0,
                          "Workers": [
                            {
                              "Worker Number": 0,
                              "Actual Startup Time": 0.318,
                              "Actual Total Time": 5.104,
                              "Actual Rows": 55.16,
                              "Actual Loops": 4572,
                              "Shared Hit Blocks": 97287,
                              "Shared Read Blocks": 157916,
                              "Shared Dirtied Blocks": 0,
                              "Shared Written Blocks": 2622,
                              "Local Hit Blocks": 0,
                              "Local Read Blocks": 0,
                              "Local Dirtied Blocks": 0,
                              "Local Written Blocks": 0,
                              "Temp Read Blocks": 0,
                              "Temp Written Blocks": 0
                            },
                            {
                              "Worker Number": 1,
                              "Actual Startup Time": 0.299,
                              "Actual Total Time": 5.041,
                              "Actual Rows": 55.84,
                              "Actual Loops": 4528,
                              "Shared Hit Blocks": 98871,
                              "Shared Read Blocks": 154316,
                              "Shared Dirtied Blocks": 0,
                              "Shared Written Blocks": 2594,
                              "Local Hit Blocks": 0,
                              "Local Read Blocks": 0,
                              "Local Dirtied Blocks": 0,
                              "Local Written Blocks": 0,
                              "Temp Read Blocks": 0,
                              "Temp Written Blocks": 0
                            }
                          ]
                        }
                      ]
                    },
                    {
                      "Node Type": "Index Scan",
                      "Parent Relationship": "Inner",
                      "Parallel Aware": false,
                      "Async Capable": false,
                      "Scan Direction": "Forward",
                      "Index Name": "name_pkey",
                      "Relation Name": "name",
                      "Schema": "public",
                      "Alias": "n",
                      "Startup Cost": 0.43,
                      "Total Cost": 0.46,
                      "Plan Rows": 1,
                      "Plan Width": 19,
                      "Actual Startup Time": 0.048,
                      "Actual Total Time": 0.048,
                      "Actual Rows": 1.0,
                      "Actual Loops": 785477,
                      "Disabled": false,
                      "Output": [
                        "n.id",
                        "n.name",
                        "n.imdb_index",
                        "n.imdb_id",
                        "n.gender",
                        "n.name_pcode_cf",
                        "n.name_pcode_nf",
                        "n.surname_pcode",
                        "n.md5sum"
                      ],
                      "Index Cond": "(n.id = ci.person_id)",
                      "Rows Removed by Index Recheck": 0,
                      "Index Searches": 785477,
                      "Shared Hit Blocks": 2443493,
                      "Shared Read Blocks": 698417,
                      "Shared Dirtied Blocks": 0,
                      "Shared Written Blocks": 11564,
                      "Local Hit Blocks": 0,
                      "Local Read Blocks": 0,
                      "Local Dirtied Blocks": 0,
                      "Local Written Blocks": 0,
                      "Temp Read Blocks": 0,
                      "Temp Written Blocks": 0,
                      "Workers": [
                        {
                          "Worker Number": 0,
                          "Actual Startup Time": 0.049,
                          "Actual Total Time": 0.049,
                          "Actual Rows": 1.0,
                          "Actual Loops": 252208,
                          "Shared Hit Blocks": 780459,
                          "Shared Read Blocks": 228374,
                          "Shared Dirtied Blocks": 0,
                          "Shared Written Blocks": 3851,
                          "Local Hit Blocks": 0,
                          "Local Read Blocks": 0,
                          "Local Dirtied Blocks": 0,
                          "Local Written Blocks": 0,
                          "Temp Read Blocks": 0,
                          "Temp Written Blocks": 0
                        },
                        {
                          "Worker Number": 1,
                          "Actual Startup Time": 0.049,
                          "Actual Total Time": 0.049,
                          "Actual Rows": 1.0,
                          "Actual Loops": 252864,
                          "Shared Hit Blocks": 788709,
                          "Shared Read Blocks": 222748,
                          "Shared Dirtied Blocks": 0,
                          "Shared Written Blocks": 3837,
                          "Local Hit Blocks": 0,
                          "Local Read Blocks": 0,
                          "Local Dirtied Blocks": 0,
                          "Local Written Blocks": 0,
                          "Temp Read Blocks": 0,
                          "Temp Written Blocks": 0
                        }
                      ]
                    }
                  ]
                }
              ]
            }
          ]
        }
      ]
    },
    "Planning": {
      "Shared Hit Blocks": 16,
      "Shared Read Blocks": 0,
      "Shared Dirtied Blocks": 0,
      "Shared Written Blocks": 0,
      "Local Hit Blocks": 0,
      "Local Read Blocks": 0,
      "Local Dirtied Blocks": 0,
      "Local Written Blocks": 0,
      "Temp Read Blocks": 0,
      "Temp Written Blocks": 0
    },
    "Planning Time": 0.552,
    "Triggers": [],
    "Execution Time": 40496.629
  }
]