[
  {
    "Plan": {
      "Node Type": "Aggregate",
      "Strategy": "Plain",
      "Partial Mode": "Simple",
      "Parallel Aware": false,
      "Async Capable": false,
      "Startup Cost": 9391.83,
      "Total Cost": 9391.84,
      "Plan Rows": 1,
      "Plan Width": 64,
      "Actual Startup Time": 143349.012,
      "Actual Total Time": 143349.041,
      "Actual Rows": 1.0,
      "Actual Loops": 1,
      "Disabled": false,
      "Output": [
        "min(n.name)",
        "min(pi.info)"
      ],
      "Shared Hit Blocks": 4245220,
      "Shared Read Blocks": 2298969,
      "Shared Dirtied Blocks": 1,
      "Shared Written Blocks": 2,
      "Local Hit Blocks": 0,
      "Local Read Blocks": 0,
      "Local Dirtied Blocks": 0,
      "Local Written Blocks": 0,
      "Temp Read Blocks": 0,
      "Temp Written Blocks": 0,
      "Plans": [
        {
          "Node Type": "Nested Loop",
          "Parent Relationship": "Outer",
          "Parallel Aware": false,
          "Async Capable": false,
          "Join Type": "Inner",
          "Startup Cost": 23.12,
          "Total Cost": 9391.83,
          "Plan Rows": 1,
          "Plan Width": 47,
          "Actual Startup Time": 8.701,
          "Actual Total Time": 142675.006,
          "Actual Rows": 68185.0,
          "Actual Loops": 1,
          "Disabled": false,
          "Output": [
            "n.name",
            "pi.info"
          ],
          "Inner Unique": false,
          "Join Filter": "(an.person_id = n.id)",
          "Rows Removed by Join Filter": 0,
          "Shared Hit Blocks": 4177964,
          "Shared Read Blocks": 2293708,
          "Shared Dirtied Blocks": 1,
          "Shared Written Blocks": 2,
          "Local Hit Blocks": 0,
          "Local Read Blocks": 0,
          "Local Dirtied Blocks": 0,
          "Local Written Blocks": 0,
          "Temp Read Blocks": 0,
          "Temp Written Blocks": 0,
          "Plans": [
            {
              "Node Type": "Nested Loop",
              "Parent Relationship": "Outer",
              "Parallel Aware": false,
              "Async Capable": false,
              "Join Type": "Inner",
              "Startup Cost": 22.69,
              "Total Cost": 9391.33,
              "Plan Rows": 1,
              "Plan Width": 59,
              "Actual Startup Time": 8.293,
              "Actual Total Time": 139906.668,
              "Actual Rows": 40157.0,
              "Actual Loops": 1,
              "Disabled": false,
              "Output": [
                "ci.person_id",
                "n.name",
                "n.id",
                "pi.info",
                "pi.person_id"
              ],
              "Inner Unique": true,
              "Shared Hit Blocks": 4044454,
              "Shared Read Blocks": 2256369,
              "Shared Dirtied Blocks": 1,
              "Shared Written Blocks": 2,
              "Local Hit Blocks": 0,
              "Local Read Blocks": 0,
              "Local Dirtied Blocks": 0,
              "Local Written Blocks": 0,
              "Temp Read Blocks": 0,
              "Temp Written Blocks": 0,
              "Plans": [
                {
                  "Node Type": "Nested Loop",
                  "Parent Relationship": "Outer",
                  "Parallel Aware": false,
                  "Async Capable": false,
                  "Join Type": "Inner",
                  "Startup Cost": 22.55,
                  "Total Cost": 9389.69,
                  "Plan Rows": 10,
                  "Plan Width": 63,
                  "Actual Startup Time": 7.964,
                  "Actual Total Time": 139848.271,
                  "Actual Rows": 40157.0,
                  "Actual Loops": 1,
                  "Disabled": false,
                  "Output": [
                    "ci.person_id",
                    "n.name",
                    "n.id",
                    "pi.info",
                    "pi.person_id",
                    "pi.info_type_id"
                  ],
                  "Inner Unique": false,
                  "Shared Hit Blocks": 3964140,
                  "Shared Read Blocks": 2256369,
                  "Shared Dirtied Blocks": 1,
                  "Shared Written Blocks": 2,
                  "Local Hit Blocks": 0,
                  "Local Read Blocks": 0,
                  "Local Dirtied Blocks": 0,
                  "Local Written Blocks": 0,
                  "Temp Read Blocks": 0,
                  "Temp Written Blocks": 0,
                  "Plans": [
                    {
                      "Node Type": "Nested Loop",
                      "Parent Relationship": "Outer",
                      "Parallel Aware": false,
                      "Async Capable": false,
                      "Join Type": "Inner",
                      "Startup Cost": 22.12,
                      "Total Cost": 3364.31,
                      "Plan Rows": 11,
                      "Plan Width": 23,
                      "Actual Startup Time": 2.197,
                      "Actual Total Time": 131002.408,
                      "Actual Rows": 150772.0,
                      "Actual Loops": 1,
                      "Disabled": false,
                      "Output": [
                        "ci.person_id",
                        "n.name",
                        "n.id"
                      ],
                      "Inner Unique": true,
                      "Shared Hit Blocks": 3478281,
                      "Shared Read Blocks": 2094187,
                      "Shared Dirtied Blocks": 0,
                      "Shared Written Blocks": 2,
                      "Local Hit Blocks": 0,
                      "Local Read Blocks": 0,
                      "Local Dirtied Blocks": 0,
                      "Local Written Blocks": 0,
                      "Temp Read Blocks": 0,
                      "Temp Written Blocks": 0,
                      "Plans": [
                        {
                          "Node Type": "Nested Loop",
                          "Parent Relationship": "Outer",
                          "Parallel Aware": false,
                          "Async Capable": false,
                          "Join Type": "Inner",
                          "Startup Cost": 21.69,
                          "Total Cost": 3320.81,
                          "Plan Rows": 93,
                          "Plan Width": 4,
                          "Actual Startup Time": 1.961,
                          "Actual Total Time": 89184.04,
                          "Actual Rows": 1097209.0,
                          "Actual Loops": 1,
                          "Disabled": false,
                          "Output": [
                            "ci.person_id"
                          ],
                          "Inner Unique": false,
                          "Join Filter": "(ci.movie_id = t.id)",
                          "Rows Removed by Join Filter": 0,
                          "Shared Hit Blocks": 298560,
                          "Shared Read Blocks": 885072,
                          "Shared Dirtied Blocks": 0,
                          "Shared Written Blocks": 1,
                          "Local Hit Blocks": 0,
                          "Local Read Blocks": 0,
                          "Local Dirtied Blocks": 0,
                          "Local Written Blocks": 0,
                          "Temp Read Blocks": 0,
                          "Temp Written Blocks": 0,
                          "Plans": [
                            {
                              "Node Type": "Nested Loop",
                              "Parent Relationship": "Outer",
                              "Parallel Aware": false,
                              "Async Capable": false,
                              "Join Type": "Inner",
                              "Startup Cost": 21.25,
                              "Total Cost": 3205.9,
                              "Plan Rows": 3,
                              "Plan Width": 8,
                              "Actual Startup Time": 1.131,
                              "Actual Total Time": 3989.773,
                              "Actual Rows": 14194.0,
                              "Actual Loops": 1,
                              "Disabled": false,
                              "Output": [
                                "ml.linked_movie_id",
                                "t.id"
                              ],
                              "Inner Unique": true,
                              "Shared Hit Blocks": 51060,
                              "Shared Read Blocks": 35125,
                              "Shared Dirtied Blocks": 0,
                              "Shared Written Blocks": 0,
                              "Local Hit Blocks": 0,
                              "Local Read Blocks": 0,
                              "Local Dirtied Blocks": 0,
                              "Local Written Blocks": 0,
                              "Temp Read Blocks": 0,
                              "Temp Written Blocks": 0,
                              "Plans": [
                                {
                                  "Node Type": "Hash Join",
                                  "Parent Relationship": "Outer",
                                  "Parallel Aware": false,
                                  "Async Capable": false,
                                  "Join Type": "Inner",
                                  "Startup Cost": 20.82,
                                  "Total Cost": 563.0,
                                  "Plan Rows": 591,
                                  "Plan Width": 4,
                                  "Actual Startup Time": 0.604,
                                  "Actual Total Time": 22.223,
                                  "Actual Rows": 21505.0,
                                  "Actual Loops": 1,
                                  "Disabled": false,
                                  "Output": [
                                    "ml.linked_movie_id"
                                  ],
                                  "Inner Unique": true,
                                  "Hash Cond": "(ml.link_type_id = lt.id)",
                                  "Shared Hit Blocks": 0,
                                  "Shared Read Blocks": 164,
                                  "Shared Dirtied Blocks": 0,
                                  "Shared Written Blocks": 0,
                                  "Local Hit Blocks": 0,
                                  "Local Read Blocks": 0,
                                  "Local Dirtied Blocks": 0,
                                  "Local Written Blocks": 0,
                                  "Temp Read Blocks": 0,
                                  "Temp Written Blocks": 0,
                                  "Plans": [
                                    {
                                      "Node Type": "Seq Scan",
                                      "Parent Relationship": "Outer",
                                      "Parallel Aware": false,
                                      "Async Capable": false,
                                      "Relation Name": "movie_link",
                                      "Schema": "public",
                                      "Alias": "ml",
                                      "Startup Cost": 0.0,
                                      "Total Cost": 462.97,
                                      "Plan Rows": 29997,
                                      "Plan Width": 8,
                                      "Actual Startup Time": 0.186,
                                      "Actual Total Time": 7.146,
                                      "Actual Rows": 29997.0,
                                      "Actual Loops": 1,
                                      "Disabled": false,
                                      "Output": [
                                        "ml.id",
                                        "ml.movie_id",
                                        "ml.linked_movie_id",
                                        "ml.link_type_id"
                                      ],
                                      "Shared Hit Blocks": 0,
                                      "Shared Read Blocks": 163,
                                      "Shared Dirtied Blocks": 0,
                                      "Shared Written Blocks": 0,
                                      "Local Hit Blocks": 0,
                                      "Local Read Blocks": 0,
                                      "Local Dirtied Blocks": 0,
                                      "Local Written Blocks": 0,
                                      "Temp Read Blocks": 0,
                                      "Temp Written Blocks": 0
                                    },
                                    {
                                      "Node Type": "Hash",
                                      "Parent Relationship": "Inner",
                                      "Parallel Aware": false,
                                      "Async Capable": false,
                                      "Startup Cost": 20.65,
                                      "Total Cost": 20.65,
                                      "Plan Rows": 14,
                                      "Plan Width": 4,
                                      "Actual Startup Time": 0.402,
                                      "Actual Total Time": 0.403,
                                      "Actual Rows": 4.0,
                                      "Actual Loops": 1,
                                      "Disabled": false,
                                      "Output": [
                                        "lt.id"
                                      ],
                                      "Hash Buckets": 1024,
                                      "Original Hash Buckets": 1024,
                                      "Hash Batches": 1,
                                      "Original Hash Batches": 1,
                                      "Peak Memory Usage": 9,
                                      "Shared Hit Blocks": 0,
                                      "Shared Read Blocks": 1,
                                      "Shared Dirtied Blocks": 0,
                                      "Shared Written Blocks": 0,
                                      "Local Hit Blocks": 0,
                                      "Local Read Blocks": 0,
                                      "Local Dirtied Blocks": 0,
                                      "Local Written Blocks": 0,
                                      "Temp Read Blocks": 0,
                                      "Temp Written Blocks": 0,
                                      "Plans": [
                                        {
                                          "Node Type": "Seq Scan",
                                          "Parent Relationship": "Outer",
                                          "Parallel Aware": false,
                                          "Async Capable": false,
                                          "Relation Name": "link_type",
                                          "Schema": "public",
                                          "Alias": "lt",
                                          "Startup Cost": 0.0,
                                          "Total Cost": 20.65,
                                          "Plan Rows": 14,
                                          "Plan Width": 4,
                                          "Actual Startup Time": 0.374,
                                          "Actual Total Time": 0.375,
                                          "Actual Rows": 4.0,
                                          "Actual Loops": 1,
                                          "Disabled": false,
                                          "Output": [
                                            "lt.id"
                                          ],
                                          "Filter": "((lt.link)::text = ANY ('{references,\"referenced in\",features,\"featured in\"}'::text[]))",
                                          "Rows Removed by Filter": 14,
                                          "Shared Hit Blocks": 0,
                                          "Shared Read Blocks": 1,
                                          "Shared Dirtied Blocks": 0,
                                          "Shared Written Blocks": 0,
                                          "Local Hit Blocks": 0,
                                          "Local Read Blocks": 0,
                                          "Local Dirtied Blocks": 0,
                                          "Local Written Blocks": 0,
                                          "Temp Read Blocks": 0,
                                          "Temp Written Blocks": 0
                                        }
                                      ]
                                    }
                                  ]
                                },
                                {
                                  "Node Type": "Index Scan",
                                  "Parent Relationship": "Inner",
                                  "Parallel Aware": false,
                                  "Async Capable": false,
                                  "Scan Direction": "Forward",
                                  "Index Name": "title_pkey",
                                  "Relation Name": "title",
                                  "Schema": "public",
                                  "Alias": "t",
                                  "Startup Cost": 0.42,
                                  "Total Cost": 4.47,
                                  "Plan Rows": 1,
                                  "Plan Width": 4,
                                  "Actual Startup Time": 0.184,
                                  "Actual Total Time": 0.184,
                                  "Actual Rows": 0.66,
                                  "Actual Loops": 21505,
                                  "Disabled": false,
                                  "Output": [
                                    "t.id",
                                    "t.title",
                                    "t.imdb_index",
                                    "t.kind_id",
                                    "t.production_year",
                                    "t.imdb_id",
                                    "t.phonetic_code",
                                    "t.episode_of_id",
                                    "t.season_nr",
                                    "t.episode_nr",
                                    "t.series_years",
                                    "t.md5sum"
                                  ],
                                  "Index Cond": "(t.id = ml.linked_movie_id)",
                                  "Rows Removed by Index Recheck": 0,
                                  "Filter": "((t.production_year >= 1980) AND (t.production_year <= 2010))",
                                  "Rows Removed by Filter": 0,
                                  "Index Searches": 21505,
                                  "Shared Hit Blocks": 51060,
                                  "Shared Read Blocks": 34961,
                                  "Shared Dirtied Blocks": 0,
                                  "Shared Written Blocks": 0,
                                  "Local Hit Blocks": 0,
                                  "Local Read Blocks": 0,
                                  "Local Dirtied Blocks": 0,
                                  "Local Written Blocks": 0,
                                  "Temp Read Blocks": 0,
                                  "Temp Written Blocks": 0
                                }
                              ]
                            },
                            {
                              "Node Type": "Index Scan",
                              "Parent Relationship": "Inner",
                              "Parallel Aware": false,
                              "Async Capable": false,
                              "Scan Direction": "Forward",
                              "Index Name": "movie_id_cast_info",
                              "Relation Name": "cast_info",
                              "Schema": "public",
                              "Alias": "ci",
                              "Startup Cost": 0.44,
                              "Total Cost": 37.84,
                              "Plan Rows": 37,
                              "Plan Width": 8,
                              "Actual Startup Time": 0.349,
                              "Actual Total Time": 5.99,
                              "Actual Rows": 77.3,
                              "Actual Loops": 14194,
                              "Disabled": false,
                              "Output": [
                                "ci.id",
                                "ci.person_id",
                                "ci.movie_id",
                                "ci.person_role_id",
                                "ci.note",
                                "ci.nr_order",
                                "ci.role_id"
                              ],
                              "Index Cond": "(ci.movie_id = ml.linked_movie_id)",
                              "Rows Removed by Index Recheck": 0,
                              "Index Searches": 14194,
                              "Shared Hit Blocks": 247500,
                              "Shared Read Blocks": 849947,
                              "Shared Dirtied Blocks": 0,
                              "Shared Written Blocks": 1,
                              "Local Hit Blocks": 0,
                              "Local Read Blocks": 0,
                              "Local Dirtied Blocks": 0,
                              "Local Written Blocks": 0,
                              "Temp Read Blocks": 0,
                              "Temp Written Blocks": 0
                            }
                          ]
                        },
                        {
                          "Node Type": "Index Scan",
                          "Parent Relationship": "Inner",
                          "Parallel Aware": false,
                          "Async Capable": false,
                          "Scan Direction": "Forward",
                          "Index Name": "name_pkey",
                          "Relation Name": "name",
                          "Schema": "public",
                          "Alias": "n",
                          "Startup Cost": 0.43,
                          "Total Cost": 0.47,
                          "Plan Rows": 1,
                          "Plan Width": 19,
                          "Actual Startup Time": 0.038,
                          "Actual Total Time": 0.038,
                          "Actual Rows": 0.14,
                          "Actual Loops": 1097209,
                          "Disabled": false,
                          "Output": [
                            "n.id",
                            "n.name",
                            "n.imdb_index",
                            "n.imdb_id",
                            "n.gender",
                            "n.name_pcode_cf",
                            "n.name_pcode_nf",
                            "n.surname_pcode",
                            "n.md5sum"
                          ],
                          "Index Cond": "(n.id = ci.person_id)",
                          "Rows Removed by Index Recheck": 0,
                          "Filter": "(((n.name_pcode_cf)::text >= 'A'::text) AND ((n.name_pcode_cf)::text <= 'F'::text) AND (((n.gender)::text = 'm'::text) OR (((n.gender)::text = 'f'::text) AND (n.name ~~ 'A%'::text))))",
                          "Rows Removed by Filter": 1,
                          "Index Searches": 1097209,
                          "Shared Hit Blocks": 3179721,
                          "Shared Read Blocks": 1209115,
                          "Shared Dirtied Blocks": 0,
                          "Shared Written Blocks": 1,
                          "Local Hit Blocks": 0,
                          "Local Read Blocks": 0,
                          "Local Dirtied Blocks": 0,
                          "Local Written Blocks": 0,
                          "Temp Read Blocks": 0,
                          "Temp Written Blocks": 0
                        }
                      ]
                    },
                    {
                      "Node Type": "Index Scan",
                      "Parent Relationship": "Inner",
                      "Parallel Aware": false,
                      "Async Capable": false,
                      "Scan Direction": "Forward",
                      "Index Name": "person_id_person_info",
                      "Relation Name": "person_info",
                      "Schema": "public",
                      "Alias": "pi",
                      "Startup Cost": 0.43,
                      "Total Cost": 349.54,
                      "Plan Rows": 19822,
                      "Plan Width": 40,
                      "Actual Startup Time": 0.056,
                      "Actual Total Time": 0.058,
                      "Actual Rows": 0.27,
                      "Actual Loops": 150772,
                      "Disabled": false,
                      "Output": [
                        "pi.id",
                        "pi.person_id",
                        "pi.info_type_id",
                        "pi.info",
                        "pi.note"
                      ],
                      "Index Cond": "(pi.person_id = n.id)",
                      "Rows Removed by Index Recheck": 0,
                      "Filter": "(pi.note IS NOT NULL)",
                      "Rows Removed by Filter": 20,
                      "Index Searches": 150772,
                      "Shared Hit Blocks": 485859,
                      "Shared Read Blocks": 162182,
                      "Shared Dirtied Blocks": 1,
                      "Shared Written Blocks": 0,
                      "Local Hit Blocks": 0,
                      "Local Read Blocks": 0,
                      "Local Dirtied Blocks": 0,
                      "Local Written Blocks": 0,
                      "Temp Read Blocks": 0,
                      "Temp Written Blocks": 0
                    }
                  ]
                },
                {
                  "Node Type": "Index Scan",
                  "Parent Relationship": "Inner",
                  "Parallel Aware": false,
                  "Async Capable": false,
                  "Scan Direction": "Forward",
                  "Index Name": "info_type_pkey",
                  "Relation Name": "info_type",
                  "Schema": "public",
                  "Alias": "it",
                  "Startup Cost": 0.14,
                  "Total Cost": 0.16,
                  "Plan Rows": 1,
                  "Plan Width": 4,
                  "Actual Startup Time": 0.001,
                  "Actual Total Time": 0.001,
                  "Actual Rows": 1.0,
                  "Actual Loops": 40157,
                  "Disabled": false,
                  "Output": [
                    "it.id",
                    "it.info"
                  ],
                  "Index Cond": "(it.id = pi.info_type_id)",
                  "Rows Removed by Index Recheck": 0,
                  "Filter": "((it.info)::text = 'mini biography'::text)",
                  "Rows Removed by Filter": 0,
                  "Index Searches": 40157,
                  "Shared Hit Blocks": 80314,
                  "Shared Read Blocks": 0,
                  "Shared Dirtied Blocks": 0,
                  "Shared Written Blocks": 0,
                  "Local Hit Blocks": 0,
                  "Local Read Blocks": 0,
                  "Local Dirtied Blocks": 0,
                  "Local Written Blocks": 0,
                  "Temp Read Blocks": 0,
                  "Temp Written Blocks": 0
                }
              ]
            },
            {
              "Node Type": "Index Scan",
              "Parent Relationship": "Inner",
              "Parallel Aware": false,
              "Async Capable": false,
              "Scan Direction": "Forward",
              "Index Name": "person_id_aka_name",
              "Relation Name": "aka_name",
              "Schema": "public",
              "Alias": "an",
              "Startup Cost": 0.42,
              "Total Cost": 0.47,
              "Plan Rows": 2,
              "Plan Width": 4,
              "Actual Startup Time": 0.061,
              "Actual Total Time": 0.069,
              "Actual Rows": 1.7,
              "Actual Loops": 40157,
              "Disabled": false,
              "Output": [
                "an.id",
                "an.person_id",
                "an.name",
                "an.imdb_index",
                "an.name_pcode_cf",
                "an.name_pcode_nf",
                "an.surname_pcode",
                "an.md5sum"
              ],
              "Index Cond": "(an.person_id = ci.person_id)",
              "Rows Removed by Index Recheck": 0,
              "Filter": "((an.name ~~ '%a%'::text) OR (an.name ~~ 'A%'::text))",
              "Rows Removed by Filter": 1,
              "Index Searches": 40157,
              "Shared Hit Blocks": 133510,
              "Shared Read Blocks": 37339,
              "Shared Dirtied Blocks": 0,
              "Shared Written Blocks": 0,
              "Local Hit Blocks": 0,
              "Local Read Blocks": 0,
              "Local Dirtied Blocks": 0,
              "Local Written Blocks": 0,
              "Temp Read Blocks": 0,
              "Temp Written Blocks": 0
            }
          ]
        }
      ]
    },
    "Planning": {
      "Shared Hit Blocks": 28,
      "Shared Read Blocks": 26,
      "Shared Dirtied Blocks": 0,
      "Shared Written Blocks": 0,
      "Local Hit Blocks": 0,
      "Local Read Blocks": 0,
      "Local Dirtied Blocks": 0,
      "Local Written Blocks": 0,
      "Temp Read Blocks": 0,
      "Temp Written Blocks": 0
    },
    "Planning Time": 8.268,
    "Triggers": [],
    "Execution Time": 143349.512
  }
]