[
  {
    "Plan": {
      "Node Type": "Aggregate",
      "Strategy": "Plain",
      "Partial Mode": "Simple",
      "Parallel Aware": false,
      "Async Capable": false,
      "Startup Cost": 42438.18,
      "Total Cost": 42438.19,
      "Plan Rows": 1,
      "Plan Width": 64,
      "Actual Startup Time": 24079.117,
      "Actual Total Time": 24079.338,
      "Actual Rows": 1.0,
      "Actual Loops": 1,
      "Disabled": false,
      "Output": [
        "min(an1.name)",
        "min(t.title)"
      ],
      "Shared Hit Blocks": 1250748,
      "Shared Read Blocks": 710988,
      "Shared Dirtied Blocks": 1,
      "Shared Written Blocks": 0,
      "Local Hit Blocks": 0,
      "Local Read Blocks": 0,
      "Local Dirtied Blocks": 0,
      "Local Written Blocks": 0,
      "Temp Read Blocks": 0,
      "Temp Written Blocks": 0,
      "Plans": [
        {
          "Node Type": "Nested Loop",
          "Parent Relationship": "Outer",
          "Parallel Aware": false,
          "Async Capable": false,
          "Join Type": "Inner",
          "Startup Cost": 5822.74,
          "Total Cost": 42438.18,
          "Plan Rows": 1,
          "Plan Width": 33,
          "Actual Startup Time": 1393.774,
          "Actual Total Time": 24079.272,
          "Actual Rows": 62.0,
          "Actual Loops": 1,
          "Disabled": false,
          "Output": [
            "an1.name",
            "t.title"
          ],
          "Inner Unique": true,
          "Shared Hit Blocks": 1250748,
          "Shared Read Blocks": 710988,
          "Shared Dirtied Blocks": 1,
          "Shared Written Blocks": 0,
          "Local Hit Blocks": 0,
          "Local Read Blocks": 0,
          "Local Dirtied Blocks": 0,
          "Local Written Blocks": 0,
          "Temp Read Blocks": 0,
          "Temp Written Blocks": 0,
          "Plans": [
            {
              "Node Type": "Nested Loop",
              "Parent Relationship": "Outer",
              "Parallel Aware": false,
              "Async Capable": false,
              "Join Type": "Inner",
              "Startup Cost": 5822.31,
              "Total Cost": 42437.41,
              "Plan Rows": 1,
              "Plan Width": 41,
              "Actual Startup Time": 103.931,
              "Actual Total Time": 23936.032,
              "Actual Rows": 17379.0,
              "Actual Loops": 1,
              "Disabled": false,
              "Output": [
                "an1.name",
                "an1.person_id",
                "ci.person_id",
                "t.title"
              ],
              "Inner Unique": false,
              "Shared Hit Blocks": 1183597,
              "Shared Read Blocks": 708623,
              "Shared Dirtied Blocks": 1,
              "Shared Written Blocks": 0,
              "Local Hit Blocks": 0,
              "Local Read Blocks": 0,
              "Local Dirtied Blocks": 0,
              "Local Written Blocks": 0,
              "Temp Read Blocks": 0,
              "Temp Written Blocks": 0,
              "Plans": [
                {
                  "Node Type": "Gather",
                  "Parent Relationship": "Outer",
                  "Parallel Aware": false,
                  "Async Capable": false,
                  "Startup Cost": 5821.89,
                  "Total Cost": 42436.41,
                  "Plan Rows": 1,
                  "Plan Width": 21,
                  "Actual Startup Time": 103.438,
                  "Actual Total Time": 23361.246,
                  "Actual Rows": 7438.0,
                  "Actual Loops": 1,
                  "Disabled": false,
                  "Output": [
                    "ci.person_id",
                    "t.title"
                  ],
                  "Workers Planned": 2,
                  "Workers Launched": 2,
                  "Single Copy": false,
                  "Shared Hit Blocks": 1158272,
                  "Shared Read Blocks": 705130,
                  "Shared Dirtied Blocks": 1,
                  "Shared Written Blocks": 0,
                  "Local Hit Blocks": 0,
                  "Local Read Blocks": 0,
                  "Local Dirtied Blocks": 0,
                  "Local Written Blocks": 0,
                  "Temp Read Blocks": 0,
                  "Temp Written Blocks": 0,
                  "Plans": [
                    {
                      "Node Type": "Nested Loop",
                      "Parent Relationship": "Outer",
                      "Parallel Aware": false,
                      "Async Capable": false,
                      "Join Type": "Inner",
                      "Startup Cost": 4821.89,
                      "Total Cost": 41436.31,
                      "Plan Rows": 1,
                      "Plan Width": 21,
                      "Actual Startup Time": 193.805,
                      "Actual Total Time": 23767.838,
                      "Actual Rows": 2479.33,
                      "Actual Loops": 3,
                      "Disabled": false,
                      "Output": [
                        "ci.person_id",
                        "t.title"
                      ],
                      "Inner Unique": true,
                      "Shared Hit Blocks": 1158272,
                      "Shared Read Blocks": 705130,
                      "Shared Dirtied Blocks": 1,
                      "Shared Written Blocks": 0,
                      "Local Hit Blocks": 0,
                      "Local Read Blocks": 0,
                      "Local Dirtied Blocks": 0,
                      "Local Written Blocks": 0,
                      "Temp Read Blocks": 0,
                      "Temp Written Blocks": 0,
                      "Workers": [
                        {
                          "Worker Number": 0,
                          "Actual Startup Time": 299.869,
                          "Actual Total Time": 23974.343,
                          "Actual Rows": 3198.0,
                          "Actual Loops": 1,
                          "Shared Hit Blocks": 398904,
                          "Shared Read Blocks": 237273,
                          "Shared Dirtied Blocks": 0,
                          "Shared Written Blocks": 0,
                          "Local Hit Blocks": 0,
                          "Local Read Blocks": 0,
                          "Local Dirtied Blocks": 0,
                          "Local Written Blocks": 0,
                          "Temp Read Blocks": 0,
                          "Temp Written Blocks": 0
                        },
                        {
                          "Worker Number": 1,
                          "Actual Startup Time": 183.239,
                          "Actual Total Time": 23974.253,
                          "Actual Rows": 1961.0,
                          "Actual Loops": 1,
                          "Shared Hit Blocks": 377275,
                          "Shared Read Blocks": 235636,
                          "Shared Dirtied Blocks": 0,
                          "Shared Written Blocks": 0,
                          "Local Hit Blocks": 0,
                          "Local Read Blocks": 0,
                          "Local Dirtied Blocks": 0,
                          "Local Written Blocks": 0,
                          "Temp Read Blocks": 0,
                          "Temp Written Blocks": 0
                        }
                      ],
                      "Plans": [
                        {
                          "Node Type": "Nested Loop",
                          "Parent Relationship": "Outer",
                          "Parallel Aware": false,
                          "Async Capable": false,
                          "Join Type": "Inner",
                          "Startup Cost": 4821.73,
                          "Total Cost": 41433.81,
                          "Plan Rows": 22,
                          "Plan Width": 25,
                          "Actual Startup Time": 191.422,
                          "Actual Total Time": 23765.82,
                          "Actual Rows": 6533.33,
                          "Actual Loops": 3,
                          "Disabled": false,
                          "Output": [
                            "ci.person_id",
                            "ci.role_id",
                            "t.title"
                          ],
                          "Inner Unique": false,
                          "Shared Hit Blocks": 1158260,
                          "Shared Read Blocks": 705128,
                          "Shared Dirtied Blocks": 0,
                          "Shared Written Blocks": 0,
                          "Local Hit Blocks": 0,
                          "Local Read Blocks": 0,
                          "Local Dirtied Blocks": 0,
                          "Local Written Blocks": 0,
                          "Temp Read Blocks": 0,
                          "Temp Written Blocks": 0,
                          "Workers": [
                            {
                              "Worker Number": 0,
                              "Actual Startup Time": 296.967,
                              "Actual Total Time": 23972.122,
                              "Actual Rows": 7896.0,
                              "Actual Loops": 1,
                              "Shared Hit Blocks": 398899,
                              "Shared Read Blocks": 237273,
                              "Shared Dirtied Blocks": 0,
                              "Shared Written Blocks": 0,
                              "Local Hit Blocks": 0,
                              "Local Read Blocks": 0,
                              "Local Dirtied Blocks": 0,
                              "Local Written Blocks": 0,
                              "Temp Read Blocks": 0,
                              "Temp Written Blocks": 0
                            },
                            {
                              "Worker Number": 1,
                              "Actual Startup Time": 179.149,
                              "Actual Total Time": 23972.442,
                              "Actual Rows": 5371.0,
                              "Actual Loops": 1,
                              "Shared Hit Blocks": 377270,
                              "Shared Read Blocks": 235636,
                              "Shared Dirtied Blocks": 0,
                              "Shared Written Blocks": 0,
                              "Local Hit Blocks": 0,
                              "Local Read Blocks": 0,
                              "Local Dirtied Blocks": 0,
                              "Local Written Blocks": 0,
                              "Temp Read Blocks": 0,
                              "Temp Written Blocks": 0
                            }
                          ],
                          "Plans": [
                            {
                              "Node Type": "Nested Loop",
                              "Parent Relationship": "Outer",
                              "Parallel Aware": false,
                              "Async Capable": false,
                              "Join Type": "Inner",
                              "Startup Cost": 4821.29,
                              "Total Cost": 41112.19,
                              "Plan Rows": 193,
                              "Plan Width": 25,
                              "Actual Startup Time": 38.497,
                              "Actual Total Time": 1428.516,
                              "Actual Rows": 16109.33,
                              "Actual Loops": 3,
                              "Disabled": false,
                              "Output": [
                                "mc.movie_id",
                                "t.title",
                                "t.id"
                              ],
                              "Inner Unique": true,
                              "Shared Hit Blocks": 162536,
                              "Shared Read Blocks": 52642,
                              "Shared Dirtied Blocks": 0,
                              "Shared Written Blocks": 0,
                              "Local Hit Blocks": 0,
                              "Local Read Blocks": 0,
                              "Local Dirtied Blocks": 0,
                              "Local Written Blocks": 0,
                              "Temp Read Blocks": 0,
                              "Temp Written Blocks": 0,
                              "Workers": [
                                {
                                  "Worker Number": 0,
                                  "Actual Startup Time": 10.131,
                                  "Actual Total Time": 1387.752,
                                  "Actual Rows": 15910.0,
                                  "Actual Loops": 1,
                                  "Shared Hit Blocks": 53464,
                                  "Shared Read Blocks": 17379,
                                  "Shared Dirtied Blocks": 0,
                                  "Shared Written Blocks": 0,
                                  "Local Hit Blocks": 0,
                                  "Local Read Blocks": 0,
                                  "Local Dirtied Blocks": 0,
                                  "Local Written Blocks": 0,
                                  "Temp Read Blocks": 0,
                                  "Temp Written Blocks": 0
                                },
                                {
                                  "Worker Number": 1,
                                  "Actual Startup Time": 9.592,
                                  "Actual Total Time": 1475.543,
                                  "Actual Rows": 16707.0,
                                  "Actual Loops": 1,
                                  "Shared Hit Blocks": 55925,
                                  "Shared Read Blocks": 16931,
                                  "Shared Dirtied Blocks": 0,
                                  "Shared Written Blocks": 0,
                                  "Local Hit Blocks": 0,
                                  "Local Read Blocks": 0,
                                  "Local Dirtied Blocks": 0,
                                  "Local Written Blocks": 0,
                                  "Temp Read Blocks": 0,
                                  "Temp Written Blocks": 0
                                }
                              ],
                              "Plans": [
                                {
                                  "Node Type": "Hash Join",
                                  "Parent Relationship": "Outer",
                                  "Parallel Aware": true,
                                  "Async Capable": false,
                                  "Join Type": "Inner",
                                  "Startup Cost": 4820.86,
                                  "Total Cost": 39968.47,
                                  "Plan Rows": 193,
                                  "Plan Width": 4,
                                  "Actual Startup Time": 37.776,
                                  "Actual Total Time": 152.423,
                                  "Actual Rows": 16109.33,
                                  "Actual Loops": 3,
                                  "Disabled": false,
                                  "Output": [
                                    "mc.movie_id"
                                  ],
                                  "Inner Unique": true,
                                  "Hash Cond": "(mc.company_id = cn.id)",
                                  "Shared Hit Blocks": 0,
                                  "Shared Read Blocks": 21864,
                                  "Shared Dirtied Blocks": 0,
                                  "Shared Written Blocks": 0,
                                  "Local Hit Blocks": 0,
                                  "Local Read Blocks": 0,
                                  "Local Dirtied Blocks": 0,
                                  "Local Written Blocks": 0,
                                  "Temp Read Blocks": 0,
                                  "Temp Written Blocks": 0,
                                  "Workers": [
                                    {
                                      "Worker Number": 0,
                                      "Actual Startup Time": 8.887,
                                      "Actual Total Time": 130.475,
                                      "Actual Rows": 15910.0,
                                      "Actual Loops": 1,
                                      "Shared Hit Blocks": 0,
                                      "Shared Read Blocks": 7202,
                                      "Shared Dirtied Blocks": 0,
                                      "Shared Written Blocks": 0,
                                      "Local Hit Blocks": 0,
                                      "Local Read Blocks": 0,
                                      "Local Dirtied Blocks": 0,
                                      "Local Written Blocks": 0,
                                      "Temp Read Blocks": 0,
                                      "Temp Written Blocks": 0
                                    },
                                    {
                                      "Worker Number": 1,
                                      "Actual Startup Time": 8.9,
                                      "Actual Total Time": 119.789,
                                      "Actual Rows": 16707.0,
                                      "Actual Loops": 1,
                                      "Shared Hit Blocks": 0,
                                      "Shared Read Blocks": 6027,
                                      "Shared Dirtied Blocks": 0,
                                      "Shared Written Blocks": 0,
                                      "Local Hit Blocks": 0,
                                      "Local Read Blocks": 0,
                                      "Local Dirtied Blocks": 0,
                                      "Local Written Blocks": 0,
                                      "Temp Read Blocks": 0,
                                      "Temp Written Blocks": 0
                                    }
                                  ],
                                  "Plans": [
                                    {
                                      "Node Type": "Seq Scan",
                                      "Parent Relationship": "Outer",
                                      "Parallel Aware": true,
                                      "Async Capable": false,
                                      "Relation Name": "movie_companies",
                                      "Schema": "public",
                                      "Alias": "mc",
                                      "Startup Cost": 0.0,
                                      "Total Cost": 35131.06,
                                      "Plan Rows": 6307,
                                      "Plan Width": 8,
                                      "Actual Startup Time": 0.797,
                                      "Actual Total Time": 105.552,
                                      "Actual Rows": 16299.0,
                                      "Actual Loops": 3,
                                      "Disabled": false,
                                      "Output": [
                                        "mc.id",
                                        "mc.movie_id",
                                        "mc.company_id",
                                        "mc.company_type_id",
                                        "mc.note"
                                      ],
                                      "Filter": "((mc.note ~~ '%(Japan)%'::text) AND (mc.note !~~ '%(USA)%'::text))",
                                      "Rows Removed by Filter": 853411,
                                      "Shared Hit Blocks": 0,
                                      "Shared Read Blocks": 18824,
                                      "Shared Dirtied Blocks": 0,
                                      "Shared Written Blocks": 0,
                                      "Local Hit Blocks": 0,
                                      "Local Read Blocks": 0,
                                      "Local Dirtied Blocks": 0,
                                      "Local Written Blocks": 0,
                                      "Temp Read Blocks": 0,
                                      "Temp Written Blocks": 0,
                                      "Workers": [
                                        {
                                          "Worker Number": 0,
                                          "Actual Startup Time": 0.687,
                                          "Actual Total Time": 112.474,
                                          "Actual Rows": 16106.0,
                                          "Actual Loops": 1,
                                          "Shared Hit Blocks": 0,
                                          "Shared Read Blocks": 7078,
                                          "Shared Dirtied Blocks": 0,
                                          "Shared Written Blocks": 0,
                                          "Local Hit Blocks": 0,
                                          "Local Read Blocks": 0,
                                          "Local Dirtied Blocks": 0,
                                          "Local Written Blocks": 0,
                                          "Temp Read Blocks": 0,
                                          "Temp Written Blocks": 0
                                        },
                                        {
                                          "Worker Number": 1,
                                          "Actual Startup Time": 0.678,
                                          "Actual Total Time": 101.499,
                                          "Actual Rows": 16891.0,
                                          "Actual Loops": 1,
                                          "Shared Hit Blocks": 0,
                                          "Shared Read Blocks": 5910,
                                          "Shared Dirtied Blocks": 0,
                                          "Shared Written Blocks": 0,
                                          "Local Hit Blocks": 0,
                                          "Local Read Blocks": 0,
                                          "Local Dirtied Blocks": 0,
                                          "Local Written Blocks": 0,
                                          "Temp Read Blocks": 0,
                                          "Temp Written Blocks": 0
                                        }
                                      ]
                                    },
                                    {
                                      "Node Type": "Hash",
                                      "Parent Relationship": "Inner",
                                      "Parallel Aware": true,
                                      "Async Capable": false,
                                      "Startup Cost": 4767.92,
                                      "Total Cost": 4767.92,
                                      "Plan Rows": 4235,
                                      "Plan Width": 4,
                                      "Actual Startup Time": 36.821,
                                      "Actual Total Time": 36.821,
                                      "Actual Rows": 2250.67,
                                      "Actual Loops": 3,
                                      "Disabled": false,
                                      "Output": [
                                        "cn.id"
                                      ],
                                      "Hash Buckets": 8192,
                                      "Original Hash Buckets": 8192,
                                      "Hash Batches": 1,
                                      "Original Hash Batches": 1,
                                      "Peak Memory Usage": 384,
                                      "Shared Hit Blocks": 0,
                                      "Shared Read Blocks": 3040,
                                      "Shared Dirtied Blocks": 0,
                                      "Shared Written Blocks": 0,
                                      "Local Hit Blocks": 0,
                                      "Local Read Blocks": 0,
                                      "Local Dirtied Blocks": 0,
                                      "Local Written Blocks": 0,
                                      "Temp Read Blocks": 0,
                                      "Temp Written Blocks": 0,
                                      "Workers": [
                                        {
                                          "Worker Number": 0,
                                          "Actual Startup Time": 8.159,
                                          "Actual Total Time": 8.159,
                                          "Actual Rows": 225.0,
                                          "Actual Loops": 1,
                                          "Shared Hit Blocks": 0,
                                          "Shared Read Blocks": 124,
                                          "Shared Dirtied Blocks": 0,
                                          "Shared Written Blocks": 0,
                                          "Local Hit Blocks": 0,
                                          "Local Read Blocks": 0,
                                          "Local Dirtied Blocks": 0,
                                          "Local Written Blocks": 0,
                                          "Temp Read Blocks": 0,
                                          "Temp Written Blocks": 0
                                        },
                                        {
                                          "Worker Number": 1,
                                          "Actual Startup Time": 8.182,
                                          "Actual Total Time": 8.183,
                                          "Actual Rows": 120.0,
                                          "Actual Loops": 1,
                                          "Shared Hit Blocks": 0,
                                          "Shared Read Blocks": 117,
                                          "Shared Dirtied Blocks": 0,
                                          "Shared Written Blocks": 0,
                                          "Local Hit Blocks": 0,
                                          "Local Read Blocks": 0,
                                          "Local Dirtied Blocks": 0,
                                          "Local Written Blocks": 0,
                                          "Temp Read Blocks": 0,
                                          "Temp Written Blocks": 0
                                        }
                                      ],
                                      "Plans": [
                                        {
                                          "Node Type": "Seq Scan",
                                          "Parent Relationship": "Outer",
                                          "Parallel Aware": true,
                                          "Async Capable": false,
                                          "Relation Name": "company_name",
                                          "Schema": "public",
                                          "Alias": "cn",
                                          "Startup Cost": 0.0,
                                          "Total Cost": 4767.92,
                                          "Plan Rows": 4235,
                                          "Plan Width": 4,
                                          "Actual Startup Time": 0.99,
                                          "Actual Total Time": 26.043,
                                          "Actual Rows": 2250.67,
                                          "Actual Loops": 3,
                                          "Disabled": false,
                                          "Output": [
                                            "cn.id"
                                          ],
                                          "Filter": "((cn.country_code)::text = '[jp]'::text)",
                                          "Rows Removed by Filter": 76082,
                                          "Shared Hit Blocks": 0,
                                          "Shared Read Blocks": 3040,
                                          "Shared Dirtied Blocks": 0,
                                          "Shared Written Blocks": 0,
                                          "Local Hit Blocks": 0,
                                          "Local Read Blocks": 0,
                                          "Local Dirtied Blocks": 0,
                                          "Local Written Blocks": 0,
                                          "Temp Read Blocks": 0,
                                          "Temp Written Blocks": 0,
                                          "Workers": [
                                            {
                                              "Worker Number": 0,
                                              "Actual Startup Time": 0.802,
                                              "Actual Total Time": 8.074,
                                              "Actual Rows": 225.0,
                                              "Actual Loops": 1,
                                              "Shared Hit Blocks": 0,
                                              "Shared Read Blocks": 124,
                                              "Shared Dirtied Blocks": 0,
                                              "Shared Written Blocks": 0,
                                              "Local Hit Blocks": 0,
                                              "Local Read Blocks": 0,
                                              "Local Dirtied Blocks": 0,
                                              "Local Written Blocks": 0,
                                              "Temp Read Blocks": 0,
                                              "Temp Written Blocks": 0
                                            },
                                            {
                                              "Worker Number": 1,
                                              "Actual Startup Time": 1.393,
                                              "Actual Total Time": 8.091,
                                              "Actual Rows": 120.0,
                                              "Actual Loops": 1,
                                              "Shared Hit Blocks": 0,
                                              "Shared Read Blocks": 117,
                                              "Shared Dirtied Blocks": 0,
                                              "Shared Written Blocks": 0,
                                              "Local Hit Blocks": 0,
                                              "Local Read Blocks": 0,
                                              "Local Dirtied Blocks": 0,
                                              "Local Written Blocks": 0,
                                              "Temp Read Blocks": 0,
                                              "Temp Written Blocks": 0
                                            }
                                          ]
                                        }
                                      ]
                                    }
                                  ]
                                },
                                {
                                  "Node Type": "Index Scan",
                                  "Parent Relationship": "Inner",
                                  "Parallel Aware": false,
                                  "Async Capable": false,
                                  "Scan Direction": "Forward",
                                  "Index Name": "title_pkey",
                                  "Relation Name": "title",
                                  "Schema": "public",
                                  "Alias": "t",
                                  "Startup Cost": 0.43,
                                  "Total Cost": 5.93,
                                  "Plan Rows": 1,
                                  "Plan Width": 21,
                                  "Actual Startup Time": 0.079,
                                  "Actual Total Time": 0.079,
                                  "Actual Rows": 1.0,
                                  "Actual Loops": 48328,
                                  "Disabled": false,
                                  "Output": [
                                    "t.id",
                                    "t.title",
                                    "t.imdb_index",
                                    "t.kind_id",
                                    "t.production_year",
                                    "t.imdb_id",
                                    "t.phonetic_code",
                                    "t.episode_of_id",
                                    "t.season_nr",
                                    "t.episode_nr",
                                    "t.series_years",
                                    "t.md5sum"
                                  ],
                                  "Index Cond": "(t.id = mc.movie_id)",
                                  "Rows Removed by Index Recheck": 0,
                                  "Index Searches": 48328,
                                  "Shared Hit Blocks": 162536,
                                  "Shared Read Blocks": 30778,
                                  "Shared Dirtied Blocks": 0,
                                  "Shared Written Blocks": 0,
                                  "Local Hit Blocks": 0,
                                  "Local Read Blocks": 0,
                                  "Local Dirtied Blocks": 0,
                                  "Local Written Blocks": 0,
                                  "Temp Read Blocks": 0,
                                  "Temp Written Blocks": 0,
                                  "Workers": [
                                    {
                                      "Worker Number": 0,
                                      "Actual Startup Time": 0.079,
                                      "Actual Total Time": 0.079,
                                      "Actual Rows": 1.0,
                                      "Actual Loops": 15910,
                                      "Shared Hit Blocks": 53464,
                                      "Shared Read Blocks": 10177,
                                      "Shared Dirtied Blocks": 0,
                                      "Shared Written Blocks": 0,
                                      "Local Hit Blocks": 0,
                                      "Local Read Blocks": 0,
                                      "Local Dirtied Blocks": 0,
                                      "Local Written Blocks": 0,
                                      "Temp Read Blocks": 0,
                                      "Temp Written Blocks": 0
                                    },
                                    {
                                      "Worker Number": 1,
                                      "Actual Startup Time": 0.081,
                                      "Actual Total Time": 0.081,
                                      "Actual Rows": 1.0,
                                      "Actual Loops": 16707,
                                      "Shared Hit Blocks": 55925,
                                      "Shared Read Blocks": 10904,
                                      "Shared Dirtied Blocks": 0,
                                      "Shared Written Blocks": 0,
                                      "Local Hit Blocks": 0,
                                      "Local Read Blocks": 0,
                                      "Local Dirtied Blocks": 0,
                                      "Local Written Blocks": 0,
                                      "Temp Read Blocks": 0,
                                      "Temp Written Blocks": 0
                                    }
                                  ]
                                }
                              ]
                            },
                            {
                              "Node Type": "Index Scan",
                              "Parent Relationship": "Inner",
                              "Parallel Aware": false,
                              "Async Capable": false,
                              "Scan Direction": "Forward",
                              "Index Name": "movie_id_cast_info",
                              "Relation Name": "cast_info",
                              "Schema": "public",
                              "Alias": "ci",
                              "Startup Cost": 0.44,
                              "Total Cost": 1.66,
                              "Plan Rows": 1,
                              "Plan Width": 12,
                              "Actual Startup Time": 1.348,
                              "Actual Total Time": 1.386,
                              "Actual Rows": 0.41,
                              "Actual Loops": 48328,
                              "Disabled": false,
                              "Output": [
                                "ci.id",
                                "ci.person_id",
                                "ci.movie_id",
                                "ci.person_role_id",
                                "ci.note",
                                "ci.nr_order",
                                "ci.role_id"
                              ],
                              "Index Cond": "(ci.movie_id = t.id)",
                              "Rows Removed by Index Recheck": 0,
                              "Filter": "(ci.note = '(voice: English version)'::text)",
                              "Rows Removed by Filter": 32,
                              "Index Searches": 48328,
                              "Shared Hit Blocks": 995724,
                              "Shared Read Blocks": 652486,
                              "Shared Dirtied Blocks": 0,
                              "Shared Written Blocks": 0,
                              "Local Hit Blocks": 0,
                              "Local Read Blocks": 0,
                              "Local Dirtied Blocks": 0,
                              "Local Written Blocks": 0,
                              "Temp Read Blocks": 0,
                              "Temp Written Blocks": 0,
                              "Workers": [
                                {
                                  "Worker Number": 0,
                                  "Actual Startup Time": 1.377,
                                  "Actual Total Time": 1.419,
                                  "Actual Rows": 0.5,
                                  "Actual Loops": 15910,
                                  "Shared Hit Blocks": 345435,
                                  "Shared Read Blocks": 219894,
                                  "Shared Dirtied Blocks": 0,
                                  "Shared Written Blocks": 0,
                                  "Local Hit Blocks": 0,
                                  "Local Read Blocks": 0,
                                  "Local Dirtied Blocks": 0,
                                  "Local Written Blocks": 0,
                                  "Temp Read Blocks": 0,
                                  "Temp Written Blocks": 0
                                },
                                {
                                  "Worker Number": 1,
                                  "Actual Startup Time": 1.307,
                                  "Actual Total Time": 1.346,
                                  "Actual Rows": 0.32,
                                  "Actual Loops": 16707,
                                  "Shared Hit Blocks": 321345,
                                  "Shared Read Blocks": 218705,
                                  "Shared Dirtied Blocks": 0,
                                  "Shared Written Blocks": 0,
                                  "Local Hit Blocks": 0,
                                  "Local Read Blocks": 0,
                                  "Local Dirtied Blocks": 0,
                                  "Local Written Blocks": 0,
                                  "Temp Read Blocks": 0,
                                  "Temp Written Blocks": 0
                                }
                              ]
                            }
                          ]
                        },
                        {
                          "Node Type": "Memoize",
                          "Parent Relationship": "Inner",
                          "Parallel Aware": false,
                          "Async Capable": false,
                          "Startup Cost": 0.16,
                          "Total Cost": 0.18,
                          "Plan Rows": 1,
                          "Plan Width": 4,
                          "Actual Startup Time": 0.0,
                          "Actual Total Time": 0.0,
                          "Actual Rows": 0.38,
                          "Actual Loops": 19600,
                          "Disabled": false,
                          "Output": [
                            "rt.id"
                          ],
                          "Cache Key": "ci.role_id",
                          "Cache Mode": "logical",
                          "Cache Hits": 6331,
                          "Cache Misses": 2,
                          "Cache Evictions": 0,
                          "Cache Overflows": 0,
                          "Peak Memory Usage": 1,
                          "Shared Hit Blocks": 12,
                          "Shared Read Blocks": 2,
                          "Shared Dirtied Blocks": 1,
                          "Shared Written Blocks": 0,
                          "Local Hit Blocks": 0,
                          "Local Read Blocks": 0,
                          "Local Dirtied Blocks": 0,
                          "Local Written Blocks": 0,
                          "Temp Read Blocks": 0,
                          "Temp Written Blocks": 0,
                          "Workers": [
                            {
                              "Worker Number": 0,
                              "Actual Startup Time": 0.0,
                              "Actual Total Time": 0.0,
                              "Actual Rows": 0.41,
                              "Actual Loops": 7896,
                              "Cache Hits": 7894,
                              "Cache Misses": 2,
                              "Cache Evictions": 0,
                              "Cache Overflows": 0,
                              "Peak Memory Usage": 1,
                              "Shared Hit Blocks": 5,
                              "Shared Read Blocks": 0,
                              "Shared Dirtied Blocks": 0,
                              "Shared Written Blocks": 0,
                              "Local Hit Blocks": 0,
                              "Local Read Blocks": 0,
                              "Local Dirtied Blocks": 0,
                              "Local Written Blocks": 0,
                              "Temp Read Blocks": 0,
                              "Temp Written Blocks": 0
                            },
                            {
                              "Worker Number": 1,
                              "Actual Startup Time": 0.0,
                              "Actual Total Time": 0.0,
                              "Actual Rows": 0.37,
                              "Actual Loops": 5371,
                              "Cache Hits": 5369,
                              "Cache Misses": 2,
                              "Cache Evictions": 0,
                              "Cache Overflows": 0,
                              "Peak Memory Usage": 1,
                              "Shared Hit Blocks": 5,
                              "Shared Read Blocks": 0,
                              "Shared Dirtied Blocks": 0,
                              "Shared Written Blocks": 0,
                              "Local Hit Blocks": 0,
                              "Local Read Blocks": 0,
                              "Local Dirtied Blocks": 0,
                              "Local Written Blocks": 0,
                              "Temp Read Blocks": 0,
                              "Temp Written Blocks": 0
                            }
                          ],
                          "Plans": [
                            {
                              "Node Type": "Index Scan",
                              "Parent Relationship": "Outer",
                              "Parallel Aware": false,
                              "Async Capable": false,
                              "Scan Direction": "Forward",
                              "Index Name": "role_type_pkey",
                              "Relation Name": "role_type",
                              "Schema": "public",
                              "Alias": "rt",
                              "Startup Cost": 0.15,
                              "Total Cost": 0.17,
                              "Plan Rows": 1,
                              "Plan Width": 4,
                              "Actual Startup Time": 0.033,
                              "Actual Total Time": 0.033,
                              "Actual Rows": 0.5,
                              "Actual Loops": 6,
                              "Disabled": false,
                              "Output": [
                                "rt.id"
                              ],
                              "Index Cond": "(rt.id = ci.role_id)",
                              "Rows Removed by Index Recheck": 0,
                              "Filter": "((rt.role)::text = 'actress'::text)",
                              "Rows Removed by Filter": 0,
                              "Index Searches": 6,
                              "Shared Hit Blocks": 12,
                              "Shared Read Blocks": 2,
                              "Shared Dirtied Blocks": 1,
                              "Shared Written Blocks": 0,
                              "Local Hit Blocks": 0,
                              "Local Read Blocks": 0,
                              "Local Dirtied Blocks": 0,
                              "Local Written Blocks": 0,
                              "Temp Read Blocks": 0,
                              "Temp Written Blocks": 0,
                              "Workers": [
                                {
                                  "Worker Number": 0,
                                  "Actual Startup Time": 0.012,
                                  "Actual Total Time": 0.012,
                                  "Actual Rows": 0.5,
                                  "Actual Loops": 2,
                                  "Shared Hit Blocks": 5,
                                  "Shared Read Blocks": 0,
                                  "Shared Dirtied Blocks": 0,
                                  "Shared Written Blocks": 0,
                                  "Local Hit Blocks": 0,
                                  "Local Read Blocks": 0,
                                  "Local Dirtied Blocks": 0,
                                  "Local Written Blocks": 0,
                                  "Temp Read Blocks": 0,
                                  "Temp Written Blocks": 0
                                },
                                {
                                  "Worker Number": 1,
                                  "Actual Startup Time": 0.012,
                                  "Actual Total Time": 0.012,
                                  "Actual Rows": 0.5,
                                  "Actual Loops": 2,
                                  "Shared Hit Blocks": 5,
                                  "Shared Read Blocks": 0,
                                  "Shared Dirtied Blocks": 0,
                                  "Shared Written Blocks": 0,
                                  "Local Hit Blocks": 0,
                                  "Local Read Blocks": 0,
                                  "Local Dirtied Blocks": 0,
                                  "Local Written Blocks": 0,
                                  "Temp Read Blocks": 0,
                                  "Temp Written Blocks": 0
                                }
                              ]
                            }
                          ]
                        }
                      ]
                    }
                  ]
                },
                {
                  "Node Type": "Index Scan",
                  "Parent Relationship": "Inner",
                  "Parallel Aware": false,
                  "Async Capable": false,
                  "Scan Direction": "Forward",
                  "Index Name": "person_id_aka_name",
                  "Relation Name": "aka_name",
                  "Schema": "public",
                  "Alias": "an1",
                  "Startup Cost": 0.42,
                  "Total Cost": 0.98,
                  "Plan Rows": 2,
                  "Plan Width": 20,
                  "Actual Startup Time": 0.069,
                  "Actual Total Time": 0.077,
                  "Actual Rows": 2.34,
                  "Actual Loops": 7438,
                  "Disabled": false,
                  "Output": [
                    "an1.id",
                    "an1.person_id",
                    "an1.name",
                    "an1.imdb_index",
                    "an1.name_pcode_cf",
                    "an1.name_pcode_nf",
                    "an1.surname_pcode",
                    "an1.md5sum"
                  ],
                  "Index Cond": "(an1.person_id = ci.person_id)",
                  "Rows Removed by Index Recheck": 0,
                  "Index Searches": 7438,
                  "Shared Hit Blocks": 25325,
                  "Shared Read Blocks": 3493,
                  "Shared Dirtied Blocks": 0,
                  "Shared Written Blocks": 0,
                  "Local Hit Blocks": 0,
                  "Local Read Blocks": 0,
                  "Local Dirtied Blocks": 0,
                  "Local Written Blocks": 0,
                  "Temp Read Blocks": 0,
                  "Temp Written Blocks": 0
                }
              ]
            },
            {
              "Node Type": "Index Scan",
              "Parent Relationship": "Inner",
              "Parallel Aware": false,
              "Async Capable": false,
              "Scan Direction": "Forward",
              "Index Name": "name_pkey",
              "Relation Name": "name",
              "Schema": "public",
              "Alias": "n1",
              "Startup Cost": 0.43,
              "Total Cost": 0.77,
              "Plan Rows": 1,
              "Plan Width": 4,
              "Actual Startup Time": 0.008,
              "Actual Total Time": 0.008,
              "Actual Rows": 0.0,
              "Actual Loops": 17379,
              "Disabled": false,
              "Output": [
                "n1.id",
                "n1.name",
                "n1.imdb_index",
                "n1.imdb_id",
                "n1.gender",
                "n1.name_pcode_cf",
                "n1.name_pcode_nf",
                "n1.surname_pcode",
                "n1.md5sum"
              ],
              "Index Cond": "(n1.id = an1.person_id)",
              "Rows Removed by Index Recheck": 0,
              "Filter": "((n1.name ~~ '%Yo%'::text) AND (n1.name !~~ '%Yu%'::text))",
              "Rows Removed by Filter": 1,
              "Index Searches": 17379,
              "Shared Hit Blocks": 67151,
              "Shared Read Blocks": 2365,
              "Shared Dirtied Blocks": 0,
              "Shared Written Blocks": 0,
              "Local Hit Blocks": 0,
              "Local Read Blocks": 0,
              "Local Dirtied Blocks": 0,
              "Local Written Blocks": 0,
              "Temp Read Blocks": 0,
              "Temp Written Blocks": 0
            }
          ]
        }
      ]
    },
    "Planning": {
      "Shared Hit Blocks": 102,
      "Shared Read Blocks": 57,
      "Shared Dirtied Blocks": 2,
      "Shared Written Blocks": 0,
      "Local Hit Blocks": 0,
      "Local Read Blocks": 0,
      "Local Dirtied Blocks": 0,
      "Local Written Blocks": 0,
      "Temp Read Blocks": 0,
      "Temp Written Blocks": 0
    },
    "Planning Time": 16.139,
    "Triggers": [],
    "Execution Time": 24079.909
  }
]