[
  {
    "Plan": {
      "Node Type": "Aggregate",
      "Strategy": "Plain",
      "Partial Mode": "Finalize",
      "Parallel Aware": false,
      "Async Capable": false,
      "Startup Cost": 575023.21,
      "Total Cost": 575023.22,
      "Plan Rows": 1,
      "Plan Width": 64,
      "Actual Startup Time": 7695.081,
      "Actual Total Time": 7930.169,
      "Actual Rows": 1.0,
      "Actual Loops": 1,
      "Disabled": false,
      "Output": [
        "min(a1.name)",
        "min(t.title)"
      ],
      "Shared Hit Blocks": 8149889,
      "Shared Read Blocks": 830970,
      "Shared Dirtied Blocks": 0,
      "Shared Written Blocks": 0,
      "Local Hit Blocks": 0,
      "Local Read Blocks": 0,
      "Local Dirtied Blocks": 0,
      "Local Written Blocks": 0,
      "Temp Read Blocks": 43018,
      "Temp Written Blocks": 43328,
      "Plans": [
        {
          "Node Type": "Gather",
          "Parent Relationship": "Outer",
          "Parallel Aware": false,
          "Async Capable": false,
          "Startup Cost": 575022.99,
          "Total Cost": 575023.2,
          "Plan Rows": 2,
          "Plan Width": 64,
          "Actual Startup Time": 7694.041,
          "Actual Total Time": 7930.162,
          "Actual Rows": 3.0,
          "Actual Loops": 1,
          "Disabled": false,
          "Output": [
            "(PARTIAL min(a1.name))",
            "(PARTIAL min(t.title))"
          ],
          "Workers Planned": 2,
          "Workers Launched": 2,
          "Single Copy": false,
          "Shared Hit Blocks": 8149889,
          "Shared Read Blocks": 830970,
          "Shared Dirtied Blocks": 0,
          "Shared Written Blocks": 0,
          "Local Hit Blocks": 0,
          "Local Read Blocks": 0,
          "Local Dirtied Blocks": 0,
          "Local Written Blocks": 0,
          "Temp Read Blocks": 43018,
          "Temp Written Blocks": 43328,
          "Plans": [
            {
              "Node Type": "Aggregate",
              "Strategy": "Plain",
              "Partial Mode": "Partial",
              "Parent Relationship": "Outer",
              "Parallel Aware": false,
              "Async Capable": false,
              "Startup Cost": 574022.99,
              "Total Cost": 574023.0,
              "Plan Rows": 1,
              "Plan Width": 64,
              "Actual Startup Time": 7690.206,
              "Actual Total Time": 7690.212,
              "Actual Rows": 1.0,
              "Actual Loops": 3,
              "Disabled": false,
              "Output": [
                "PARTIAL min(a1.name)",
                "PARTIAL min(t.title)"
              ],
              "Shared Hit Blocks": 8149889,
              "Shared Read Blocks": 830970,
              "Shared Dirtied Blocks": 0,
              "Shared Written Blocks": 0,
              "Local Hit Blocks": 0,
              "Local Read Blocks": 0,
              "Local Dirtied Blocks": 0,
              "Local Written Blocks": 0,
              "Temp Read Blocks": 43018,
              "Temp Written Blocks": 43328,
              "Workers": [
                {
                  "Worker Number": 0,
                  "Actual Startup Time": 7688.44,
                  "Actual Total Time": 7688.444,
                  "Actual Rows": 1.0,
                  "Actual Loops": 1,
                  "Shared Hit Blocks": 2704981,
                  "Shared Read Blocks": 278048,
                  "Shared Dirtied Blocks": 0,
                  "Shared Written Blocks": 0,
                  "Local Hit Blocks": 0,
                  "Local Read Blocks": 0,
                  "Local Dirtied Blocks": 0,
                  "Local Written Blocks": 0,
                  "Temp Read Blocks": 14027,
                  "Temp Written Blocks": 14380
                },
                {
                  "Worker Number": 1,
                  "Actual Startup Time": 7688.317,
                  "Actual Total Time": 7688.321,
                  "Actual Rows": 1.0,
                  "Actual Loops": 1,
                  "Shared Hit Blocks": 2729360,
                  "Shared Read Blocks": 275143,
                  "Shared Dirtied Blocks": 0,
                  "Shared Written Blocks": 0,
                  "Local Hit Blocks": 0,
                  "Local Read Blocks": 0,
                  "Local Dirtied Blocks": 0,
                  "Local Written Blocks": 0,
                  "Temp Read Blocks": 14206,
                  "Temp Written Blocks": 14548
                }
              ],
              "Plans": [
                {
                  "Node Type": "Hash Join",
                  "Parent Relationship": "Outer",
                  "Parallel Aware": true,
                  "Async Capable": false,
                  "Join Type": "Inner",
                  "Startup Cost": 556399.52,
                  "Total Cost": 573053.37,
                  "Plan Rows": 193924,
                  "Plan Width": 33,
                  "Actual Startup Time": 7461.54,
                  "Actual Total Time": 7655.924,
                  "Actual Rows": 829203.67,
                  "Actual Loops": 3,
                  "Disabled": false,
                  "Output": [
                    "a1.name",
                    "t.title"
                  ],
                  "Inner Unique": false,
                  "Hash Cond": "(a1.person_id = n1.id)",
                  "Shared Hit Blocks": 8149889,
                  "Shared Read Blocks": 830970,
                  "Shared Dirtied Blocks": 0,
                  "Shared Written Blocks": 0,
                  "Local Hit Blocks": 0,
                  "Local Read Blocks": 0,
                  "Local Dirtied Blocks": 0,
                  "Local Written Blocks": 0,
                  "Temp Read Blocks": 43018,
                  "Temp Written Blocks": 43328,
                  "Workers": [
                    {
                      "Worker Number": 0,
                      "Actual Startup Time": 7445.144,
                      "Actual Total Time": 7649.733,
                      "Actual Rows": 927370.0,
                      "Actual Loops": 1,
                      "Shared Hit Blocks": 2704981,
                      "Shared Read Blocks": 278048,
                      "Shared Dirtied Blocks": 0,
                      "Shared Written Blocks": 0,
                      "Local Hit Blocks": 0,
                      "Local Read Blocks": 0,
                      "Local Dirtied Blocks": 0,
                      "Local Written Blocks": 0,
                      "Temp Read Blocks": 14027,
                      "Temp Written Blocks": 14380
                    },
                    {
                      "Worker Number": 1,
                      "Actual Startup Time": 7451.718,
                      "Actual Total Time": 7656.955,
                      "Actual Rows": 775795.0,
                      "Actual Loops": 1,
                      "Shared Hit Blocks": 2729360,
                      "Shared Read Blocks": 275143,
                      "Shared Dirtied Blocks": 0,
                      "Shared Written Blocks": 0,
                      "Local Hit Blocks": 0,
                      "Local Read Blocks": 0,
                      "Local Dirtied Blocks": 0,
                      "Local Written Blocks": 0,
                      "Temp Read Blocks": 14206,
                      "Temp Written Blocks": 14548
                    }
                  ],
                  "Plans": [
                    {
                      "Node Type": "Seq Scan",
                      "Parent Relationship": "Outer",
                      "Parallel Aware": true,
                      "Async Capable": false,
                      "Relation Name": "aka_name",
                      "Schema": "public",
                      "Alias": "a1",
                      "Startup Cost": 0.0,
                      "Total Cost": 15171.6,
                      "Plan Rows": 375560,
                      "Plan Width": 20,
                      "Actual Startup Time": 0.471,
                      "Actual Total Time": 14.407,
                      "Actual Rows": 300447.67,
                      "Actual Loops": 3,
                      "Disabled": false,
                      "Output": [
                        "a1.id",
                        "a1.person_id",
                        "a1.name",
                        "a1.imdb_index",
                        "a1.name_pcode_cf",
                        "a1.name_pcode_nf",
                        "a1.surname_pcode",
                        "a1.md5sum"
                      ],
                      "Shared Hit Blocks": 0,
                      "Shared Read Blocks": 11416,
                      "Shared Dirtied Blocks": 0,
                      "Shared Written Blocks": 0,
                      "Local Hit Blocks": 0,
                      "Local Read Blocks": 0,
                      "Local Dirtied Blocks": 0,
                      "Local Written Blocks": 0,
                      "Temp Read Blocks": 0,
                      "Temp Written Blocks": 0,
                      "Workers": [
                        {
                          "Worker Number": 0,
                          "Actual Startup Time": 0.315,
                          "Actual Total Time": 13.205,
                          "Actual Rows": 306017.0,
                          "Actual Loops": 1,
                          "Shared Hit Blocks": 0,
                          "Shared Read Blocks": 3888,
                          "Shared Dirtied Blocks": 0,
                          "Shared Written Blocks": 0,
                          "Local Hit Blocks": 0,
                          "Local Read Blocks": 0,
                          "Local Dirtied Blocks": 0,
                          "Local Written Blocks": 0,
                          "Temp Read Blocks": 0,
                          "Temp Written Blocks": 0
                        },
                        {
                          "Worker Number": 1,
                          "Actual Startup Time": 0.382,
                          "Actual Total Time": 14.678,
                          "Actual Rows": 303038.0,
                          "Actual Loops": 1,
                          "Shared Hit Blocks": 0,
                          "Shared Read Blocks": 3831,
                          "Shared Dirtied Blocks": 0,
                          "Shared Written Blocks": 0,
                          "Local Hit Blocks": 0,
                          "Local Read Blocks": 0,
                          "Local Dirtied Blocks": 0,
                          "Local Written Blocks": 0,
                          "Temp Read Blocks": 0,
                          "Temp Written Blocks": 0
                        }
                      ]
                    },
                    {
                      "Node Type": "Hash",
                      "Parent Relationship": "Inner",
                      "Parallel Aware": true,
                      "Async Capable": false,
                      "Startup Cost": 555374.49,
                      "Total Cost": 555374.49,
                      "Plan Rows": 82002,
                      "Plan Width": 25,
                      "Actual Startup Time": 7200.232,
                      "Actual Total Time": 7200.238,
                      "Actual Rows": 656886.0,
                      "Actual Loops": 3,
                      "Disabled": false,
                      "Output": [
                        "ci.person_id",
                        "n1.id",
                        "t.title"
                      ],
                      "Hash Buckets": 131072,
                      "Original Hash Buckets": 262144,
                      "Hash Batches": 16,
                      "Original Hash Batches": 1,
                      "Peak Memory Usage": 9216,
                      "Shared Hit Blocks": 8149889,
                      "Shared Read Blocks": 819554,
                      "Shared Dirtied Blocks": 0,
                      "Shared Written Blocks": 0,
                      "Local Hit Blocks": 0,
                      "Local Read Blocks": 0,
                      "Local Dirtied Blocks": 0,
                      "Local Written Blocks": 0,
                      "Temp Read Blocks": 22355,
                      "Temp Written Blocks": 33180,
                      "Workers": [
                        {
                          "Worker Number": 0,
                          "Actual Startup Time": 7198.504,
                          "Actual Total Time": 7198.508,
                          "Actual Rows": 654334.0,
                          "Actual Loops": 1,
                          "Shared Hit Blocks": 2704981,
                          "Shared Read Blocks": 274160,
                          "Shared Dirtied Blocks": 0,
                          "Shared Written Blocks": 0,
                          "Local Hit Blocks": 0,
                          "Local Read Blocks": 0,
                          "Local Dirtied Blocks": 0,
                          "Local Written Blocks": 0,
                          "Temp Read Blocks": 7615,
                          "Temp Written Blocks": 10936
                        },
                        {
                          "Worker Number": 1,
                          "Actual Startup Time": 7198.465,
                          "Actual Total Time": 7198.468,
                          "Actual Rows": 659538.0,
                          "Actual Loops": 1,
                          "Shared Hit Blocks": 2729360,
                          "Shared Read Blocks": 271312,
                          "Shared Dirtied Blocks": 0,
                          "Shared Written Blocks": 0,
                          "Local Hit Blocks": 0,
                          "Local Read Blocks": 0,
                          "Local Dirtied Blocks": 0,
                          "Local Written Blocks": 0,
                          "Temp Read Blocks": 7046,
                          "Temp Written Blocks": 11136
                        }
                      ],
                      "Plans": [
                        {
                          "Node Type": "Nested Loop",
                          "Parent Relationship": "Outer",
                          "Parallel Aware": false,
                          "Async Capable": false,
                          "Join Type": "Inner",
                          "Startup Cost": 449897.35,
                          "Total Cost": 555374.49,
                          "Plan Rows": 82002,
                          "Plan Width": 25,
                          "Actual Startup Time": 2921.826,
                          "Actual Total Time": 6824.848,
                          "Actual Rows": 656886.0,
                          "Actual Loops": 3,
                          "Disabled": false,
                          "Output": [
                            "ci.person_id",
                            "n1.id",
                            "t.title"
                          ],
                          "Inner Unique": true,
                          "Shared Hit Blocks": 8149889,
                          "Shared Read Blocks": 819554,
                          "Shared Dirtied Blocks": 0,
                          "Shared Written Blocks": 0,
                          "Local Hit Blocks": 0,
                          "Local Read Blocks": 0,
                          "Local Dirtied Blocks": 0,
                          "Local Written Blocks": 0,
                          "Temp Read Blocks": 17151,
                          "Temp Written Blocks": 17288,
                          "Workers": [
                            {
                              "Worker Number": 0,
                              "Actual Startup Time": 2933.224,
                              "Actual Total Time": 6828.072,
                              "Actual Rows": 654334.0,
                              "Actual Loops": 1,
                              "Shared Hit Blocks": 2704981,
                              "Shared Read Blocks": 274160,
                              "Shared Dirtied Blocks": 0,
                              "Shared Written Blocks": 0,
                              "Local Hit Blocks": 0,
                              "Local Read Blocks": 0,
                              "Local Dirtied Blocks": 0,
                              "Local Written Blocks": 0,
                              "Temp Read Blocks": 5920,
                              "Temp Written Blocks": 5700
                            },
                            {
                              "Worker Number": 1,
                              "Actual Startup Time": 2890.032,
                              "Actual Total Time": 6822.463,
                              "Actual Rows": 659538.0,
                              "Actual Loops": 1,
                              "Shared Hit Blocks": 2729360,
                              "Shared Read Blocks": 271312,
                              "Shared Dirtied Blocks": 0,
                              "Shared Written Blocks": 0,
                              "Local Hit Blocks": 0,
                              "Local Read Blocks": 0,
                              "Local Dirtied Blocks": 0,
                              "Local Written Blocks": 0,
                              "Temp Read Blocks": 5293,
                              "Temp Written Blocks": 5784
                            }
                          ],
                          "Plans": [
                            {
                              "Node Type": "Nested Loop",
                              "Parent Relationship": "Outer",
                              "Parallel Aware": false,
                              "Async Capable": false,
                              "Join Type": "Inner",
                              "Startup Cost": 449896.92,
                              "Total Cost": 518270.84,
                              "Plan Rows": 82002,
                              "Plan Width": 16,
                              "Actual Startup Time": 2920.428,
                              "Actual Total Time": 4320.741,
                              "Actual Rows": 656886.0,
                              "Actual Loops": 3,
                              "Disabled": false,
                              "Output": [
                                "ci.person_id",
                                "ci.movie_id",
                                "mc.movie_id",
                                "n1.id"
                              ],
                              "Inner Unique": true,
                              "Shared Hit Blocks": 692746,
                              "Shared Read Blocks": 394063,
                              "Shared Dirtied Blocks": 0,
                              "Shared Written Blocks": 0,
                              "Local Hit Blocks": 0,
                              "Local Read Blocks": 0,
                              "Local Dirtied Blocks": 0,
                              "Local Written Blocks": 0,
                              "Temp Read Blocks": 17151,
                              "Temp Written Blocks": 17288,
                              "Workers": [
                                {
                                  "Worker Number": 0,
                                  "Actual Startup Time": 2931.435,
                                  "Actual Total Time": 4320.141,
                                  "Actual Rows": 654334.0,
                                  "Actual Loops": 1,
                                  "Shared Hit Blocks": 230701,
                                  "Shared Read Blocks": 131103,
                                  "Shared Dirtied Blocks": 0,
                                  "Shared Written Blocks": 0,
                                  "Local Hit Blocks": 0,
                                  "Local Read Blocks": 0,
                                  "Local Dirtied Blocks": 0,
                                  "Local Written Blocks": 0,
                                  "Temp Read Blocks": 5920,
                                  "Temp Written Blocks": 5700
                                },
                                {
                                  "Worker Number": 1,
                                  "Actual Startup Time": 2888.283,
                                  "Actual Total Time": 4315.662,
                                  "Actual Rows": 659538.0,
                                  "Actual Loops": 1,
                                  "Shared Hit Blocks": 231310,
                                  "Shared Read Blocks": 131209,
                                  "Shared Dirtied Blocks": 0,
                                  "Shared Written Blocks": 0,
                                  "Local Hit Blocks": 0,
                                  "Local Read Blocks": 0,
                                  "Local Dirtied Blocks": 0,
                                  "Local Written Blocks": 0,
                                  "Temp Read Blocks": 5293,
                                  "Temp Written Blocks": 5784
                                }
                              ],
                              "Plans": [
                                {
                                  "Node Type": "Hash Join",
                                  "Parent Relationship": "Outer",
                                  "Parallel Aware": true,
                                  "Async Capable": false,
                                  "Join Type": "Inner",
                                  "Startup Cost": 449896.48,
                                  "Total Cost": 484257.4,
                                  "Plan Rows": 82002,
                                  "Plan Width": 12,
                                  "Actual Startup Time": 2919.174,
                                  "Actual Total Time": 3355.648,
                                  "Actual Rows": 656886.0,
                                  "Actual Loops": 3,
                                  "Disabled": false,
                                  "Output": [
                                    "ci.person_id",
                                    "ci.movie_id",
                                    "mc.movie_id"
                                  ],
                                  "Inner Unique": false,
                                  "Hash Cond": "(mc.movie_id = ci.movie_id)",
                                  "Shared Hit Blocks": 6986,
                                  "Shared Read Blocks": 267601,
                                  "Shared Dirtied Blocks": 0,
                                  "Shared Written Blocks": 0,
                                  "Local Hit Blocks": 0,
                                  "Local Read Blocks": 0,
                                  "Local Dirtied Blocks": 0,
                                  "Local Written Blocks": 0,
                                  "Temp Read Blocks": 17151,
                                  "Temp Written Blocks": 17288,
                                  "Workers": [
                                    {
                                      "Worker Number": 0,
                                      "Actual Startup Time": 2930.138,
                                      "Actual Total Time": 3370.742,
                                      "Actual Rows": 654334.0,
                                      "Actual Loops": 1,
                                      "Shared Hit Blocks": 2319,
                                      "Shared Read Blocks": 88902,
                                      "Shared Dirtied Blocks": 0,
                                      "Shared Written Blocks": 0,
                                      "Local Hit Blocks": 0,
                                      "Local Read Blocks": 0,
                                      "Local Dirtied Blocks": 0,
                                      "Local Written Blocks": 0,
                                      "Temp Read Blocks": 5920,
                                      "Temp Written Blocks": 5700
                                    },
                                    {
                                      "Worker Number": 1,
                                      "Actual Startup Time": 2886.744,
                                      "Actual Total Time": 3333.77,
                                      "Actual Rows": 659538.0,
                                      "Actual Loops": 1,
                                      "Shared Hit Blocks": 2253,
                                      "Shared Read Blocks": 88913,
                                      "Shared Dirtied Blocks": 0,
                                      "Shared Written Blocks": 0,
                                      "Local Hit Blocks": 0,
                                      "Local Read Blocks": 0,
                                      "Local Dirtied Blocks": 0,
                                      "Local Written Blocks": 0,
                                      "Temp Read Blocks": 5293,
                                      "Temp Written Blocks": 5784
                                    }
                                  ],
                                  "Plans": [
                                    {
                                      "Node Type": "Hash Join",
                                      "Parent Relationship": "Outer",
                                      "Parallel Aware": true,
                                      "Async Capable": false,
                                      "Join Type": "Inner",
                                      "Startup Cost": 5391.01,
                                      "Total Cost": 37940.17,
                                      "Plan Rows": 392022,
                                      "Plan Width": 4,
                                      "Actual Startup Time": 40.282,
                                      "Actual Total Time": 144.717,
                                      "Actual Rows": 384599.33,
                                      "Actual Loops": 3,
                                      "Disabled": false,
                                      "Output": [
                                        "mc.movie_id"
                                      ],
                                      "Inner Unique": true,
                                      "Hash Cond": "(mc.company_id = cn.id)",
                                      "Shared Hit Blocks": 851,
                                      "Shared Read Blocks": 21013,
                                      "Shared Dirtied Blocks": 0,
                                      "Shared Written Blocks": 0,
                                      "Local Hit Blocks": 0,
                                      "Local Read Blocks": 0,
                                      "Local Dirtied Blocks": 0,
                                      "Local Written Blocks": 0,
                                      "Temp Read Blocks": 0,
                                      "Temp Written Blocks": 0,
                                      "Workers": [
                                        {
                                          "Worker Number": 0,
                                          "Actual Startup Time": 40.245,
                                          "Actual Total Time": 144.797,
                                          "Actual Rows": 384170.0,
                                          "Actual Loops": 1,
                                          "Shared Hit Blocks": 307,
                                          "Shared Read Blocks": 7120,
                                          "Shared Dirtied Blocks": 0,
                                          "Shared Written Blocks": 0,
                                          "Local Hit Blocks": 0,
                                          "Local Read Blocks": 0,
                                          "Local Dirtied Blocks": 0,
                                          "Local Written Blocks": 0,
                                          "Temp Read Blocks": 0,
                                          "Temp Written Blocks": 0
                                        },
                                        {
                                          "Worker Number": 1,
                                          "Actual Startup Time": 40.378,
                                          "Actual Total Time": 144.98,
                                          "Actual Rows": 384105.0,
                                          "Actual Loops": 1,
                                          "Shared Hit Blocks": 148,
                                          "Shared Read Blocks": 6674,
                                          "Shared Dirtied Blocks": 0,
                                          "Shared Written Blocks": 0,
                                          "Local Hit Blocks": 0,
                                          "Local Read Blocks": 0,
                                          "Local Dirtied Blocks": 0,
                                          "Local Written Blocks": 0,
                                          "Temp Read Blocks": 0,
                                          "Temp Written Blocks": 0
                                        }
                                      ],
                                      "Plans": [
                                        {
                                          "Node Type": "Seq Scan",
                                          "Parent Relationship": "Outer",
                                          "Parallel Aware": true,
                                          "Async Capable": false,
                                          "Relation Name": "movie_companies",
                                          "Schema": "public",
                                          "Alias": "mc",
                                          "Startup Cost": 0.0,
                                          "Total Cost": 29695.37,
                                          "Plan Rows": 1087137,
                                          "Plan Width": 8,
                                          "Actual Startup Time": 0.114,
                                          "Actual Total Time": 30.589,
                                          "Actual Rows": 869709.67,
                                          "Actual Loops": 3,
                                          "Disabled": false,
                                          "Output": [
                                            "mc.id",
                                            "mc.movie_id",
                                            "mc.company_id",
                                            "mc.company_type_id",
                                            "mc.note"
                                          ],
                                          "Shared Hit Blocks": 375,
                                          "Shared Read Blocks": 18449,
                                          "Shared Dirtied Blocks": 0,
                                          "Shared Written Blocks": 0,
                                          "Local Hit Blocks": 0,
                                          "Local Read Blocks": 0,
                                          "Local Dirtied Blocks": 0,
                                          "Local Written Blocks": 0,
                                          "Temp Read Blocks": 0,
                                          "Temp Written Blocks": 0,
                                          "Workers": [
                                            {
                                              "Worker Number": 0,
                                              "Actual Startup Time": 0.067,
                                              "Actual Total Time": 30.466,
                                              "Actual Rows": 872688.0,
                                              "Actual Loops": 1,
                                              "Shared Hit Blocks": 124,
                                              "Shared Read Blocks": 6161,
                                              "Shared Dirtied Blocks": 0,
                                              "Shared Written Blocks": 0,
                                              "Local Hit Blocks": 0,
                                              "Local Read Blocks": 0,
                                              "Local Dirtied Blocks": 0,
                                              "Local Written Blocks": 0,
                                              "Temp Read Blocks": 0,
                                              "Temp Written Blocks": 0
                                            },
                                            {
                                              "Worker Number": 1,
                                              "Actual Startup Time": 0.257,
                                              "Actual Total Time": 31.355,
                                              "Actual Rows": 865253.0,
                                              "Actual Loops": 1,
                                              "Shared Hit Blocks": 121,
                                              "Shared Read Blocks": 6128,
                                              "Shared Dirtied Blocks": 0,
                                              "Shared Written Blocks": 0,
                                              "Local Hit Blocks": 0,
                                              "Local Read Blocks": 0,
                                              "Local Dirtied Blocks": 0,
                                              "Local Written Blocks": 0,
                                              "Temp Read Blocks": 0,
                                              "Temp Written Blocks": 0
                                            }
                                          ]
                                        },
                                        {
                                          "Node Type": "Hash",
                                          "Parent Relationship": "Inner",
                                          "Parallel Aware": true,
                                          "Async Capable": false,
                                          "Startup Cost": 4767.92,
                                          "Total Cost": 4767.92,
                                          "Plan Rows": 49847,
                                          "Plan Width": 4,
                                          "Actual Startup Time": 40.105,
                                          "Actual Total Time": 40.105,
                                          "Actual Rows": 28281.0,
                                          "Actual Loops": 3,
                                          "Disabled": false,
                                          "Output": [
                                            "cn.id"
                                          ],
                                          "Hash Buckets": 131072,
                                          "Original Hash Buckets": 131072,
                                          "Hash Batches": 1,
                                          "Original Hash Batches": 1,
                                          "Peak Memory Usage": 4384,
                                          "Shared Hit Blocks": 476,
                                          "Shared Read Blocks": 2564,
                                          "Shared Dirtied Blocks": 0,
                                          "Shared Written Blocks": 0,
                                          "Local Hit Blocks": 0,
                                          "Local Read Blocks": 0,
                                          "Local Dirtied Blocks": 0,
                                          "Local Written Blocks": 0,
                                          "Temp Read Blocks": 0,
                                          "Temp Written Blocks": 0,
                                          "Workers": [
                                            {
                                              "Worker Number": 0,
                                              "Actual Startup Time": 40.121,
                                              "Actual Total Time": 40.121,
                                              "Actual Rows": 32587.0,
                                              "Actual Loops": 1,
                                              "Shared Hit Blocks": 183,
                                              "Shared Read Blocks": 959,
                                              "Shared Dirtied Blocks": 0,
                                              "Shared Written Blocks": 0,
                                              "Local Hit Blocks": 0,
                                              "Local Read Blocks": 0,
                                              "Local Dirtied Blocks": 0,
                                              "Local Written Blocks": 0,
                                              "Temp Read Blocks": 0,
                                              "Temp Written Blocks": 0
                                            },
                                            {
                                              "Worker Number": 1,
                                              "Actual Startup Time": 40.098,
                                              "Actual Total Time": 40.098,
                                              "Actual Rows": 15824.0,
                                              "Actual Loops": 1,
                                              "Shared Hit Blocks": 27,
                                              "Shared Read Blocks": 546,
                                              "Shared Dirtied Blocks": 0,
                                              "Shared Written Blocks": 0,
                                              "Local Hit Blocks": 0,
                                              "Local Read Blocks": 0,
                                              "Local Dirtied Blocks": 0,
                                              "Local Written Blocks": 0,
                                              "Temp Read Blocks": 0,
                                              "Temp Written Blocks": 0
                                            }
                                          ],
                                          "Plans": [
                                            {
                                              "Node Type": "Seq Scan",
                                              "Parent Relationship": "Outer",
                                              "Parallel Aware": true,
                                              "Async Capable": false,
                                              "Relation Name": "company_name",
                                              "Schema": "public",
                                              "Alias": "cn",
                                              "Startup Cost": 0.0,
                                              "Total Cost": 4767.92,
                                              "Plan Rows": 49847,
                                              "Plan Width": 4,
                                              "Actual Startup Time": 0.528,
                                              "Actual Total Time": 36.309,
                                              "Actual Rows": 28281.0,
                                              "Actual Loops": 3,
                                              "Disabled": false,
                                              "Output": [
                                                "cn.id"
                                              ],
                                              "Filter": "((cn.country_code)::text = '[us]'::text)",
                                              "Rows Removed by Filter": 50051,
                                              "Shared Hit Blocks": 476,
                                              "Shared Read Blocks": 2564,
                                              "Shared Dirtied Blocks": 0,
                                              "Shared Written Blocks": 0,
                                              "Local Hit Blocks": 0,
                                              "Local Read Blocks": 0,
                                              "Local Dirtied Blocks": 0,
                                              "Local Written Blocks": 0,
                                              "Temp Read Blocks": 0,
                                              "Temp Written Blocks": 0,
                                              "Workers": [
                                                {
                                                  "Worker Number": 0,
                                                  "Actual Startup Time": 1.335,
                                                  "Actual Total Time": 35.648,
                                                  "Actual Rows": 32587.0,
                                                  "Actual Loops": 1,
                                                  "Shared Hit Blocks": 183,
                                                  "Shared Read Blocks": 959,
                                                  "Shared Dirtied Blocks": 0,
                                                  "Shared Written Blocks": 0,
                                                  "Local Hit Blocks": 0,
                                                  "Local Read Blocks": 0,
                                                  "Local Dirtied Blocks": 0,
                                                  "Local Written Blocks": 0,
                                                  "Temp Read Blocks": 0,
                                                  "Temp Written Blocks": 0
                                                },
                                                {
                                                  "Worker Number": 1,
                                                  "Actual Startup Time": 0.241,
                                                  "Actual Total Time": 37.989,
                                                  "Actual Rows": 15824.0,
                                                  "Actual Loops": 1,
                                                  "Shared Hit Blocks": 27,
                                                  "Shared Read Blocks": 546,
                                                  "Shared Dirtied Blocks": 0,
                                                  "Shared Written Blocks": 0,
                                                  "Local Hit Blocks": 0,
                                                  "Local Read Blocks": 0,
                                                  "Local Dirtied Blocks": 0,
                                                  "Local Written Blocks": 0,
                                                  "Temp Read Blocks": 0,
                                                  "Temp Written Blocks": 0
                                                }
                                              ]
                                            }
                                          ]
                                        }
                                      ]
                                    },
                                    {
                                      "Node Type": "Hash",
                                      "Parent Relationship": "Inner",
                                      "Parallel Aware": true,
                                      "Async Capable": false,
                                      "Startup Cost": 443443.04,
                                      "Total Cost": 443443.04,
                                      "Plan Rows": 84995,
                                      "Plan Width": 8,
                                      "Actual Startup Time": 2661.33,
                                      "Actual Total Time": 2661.331,
                                      "Actual Rows": 909647.67,
                                      "Actual Loops": 3,
                                      "Disabled": false,
                                      "Output": [
                                        "ci.person_id",
                                        "ci.movie_id"
                                      ],
                                      "Hash Buckets": 262144,
                                      "Original Hash Buckets": 262144,
                                      "Hash Batches": 16,
                                      "Original Hash Batches": 1,
                                      "Peak Memory Usage": 8768,
                                      "Shared Hit Blocks": 6135,
                                      "Shared Read Blocks": 246588,
                                      "Shared Dirtied Blocks": 0,
                                      "Shared Written Blocks": 0,
                                      "Local Hit Blocks": 0,
                                      "Local Read Blocks": 0,
                                      "Local Dirtied Blocks": 0,
                                      "Local Written Blocks": 0,
                                      "Temp Read Blocks": 4975,
                                      "Temp Written Blocks": 13832,
                                      "Workers": [
                                        {
                                          "Worker Number": 0,
                                          "Actual Startup Time": 2659.708,
                                          "Actual Total Time": 2659.709,
                                          "Actual Rows": 901241.0,
                                          "Actual Loops": 1,
                                          "Shared Hit Blocks": 2012,
                                          "Shared Read Blocks": 81782,
                                          "Shared Dirtied Blocks": 0,
                                          "Shared Written Blocks": 0,
                                          "Local Hit Blocks": 0,
                                          "Local Read Blocks": 0,
                                          "Local Dirtied Blocks": 0,
                                          "Local Written Blocks": 0,
                                          "Temp Read Blocks": 1643,
                                          "Temp Written Blocks": 4548
                                        },
                                        {
                                          "Worker Number": 1,
                                          "Actual Startup Time": 2659.727,
                                          "Actual Total Time": 2659.727,
                                          "Actual Rows": 917113.0,
                                          "Actual Loops": 1,
                                          "Shared Hit Blocks": 2105,
                                          "Shared Read Blocks": 82239,
                                          "Shared Dirtied Blocks": 0,
                                          "Shared Written Blocks": 0,
                                          "Local Hit Blocks": 0,
                                          "Local Read Blocks": 0,
                                          "Local Dirtied Blocks": 0,
                                          "Local Written Blocks": 0,
                                          "Temp Read Blocks": 1650,
                                          "Temp Written Blocks": 4632
                                        }
                                      ],
                                      "Plans": [
                                        {
                                          "Node Type": "Hash Join",
                                          "Parent Relationship": "Outer",
                                          "Parallel Aware": false,
                                          "Async Capable": false,
                                          "Join Type": "Inner",
                                          "Startup Cost": 18.93,
                                          "Total Cost": 443443.04,
                                          "Plan Rows": 84995,
                                          "Plan Width": 8,
                                          "Actual Startup Time": 1632.856,
                                          "Actual Total Time": 2292.188,
                                          "Actual Rows": 909647.67,
                                          "Actual Loops": 3,
                                          "Disabled": false,
                                          "Output": [
                                            "ci.person_id",
                                            "ci.movie_id"
                                          ],
                                          "Inner Unique": true,
                                          "Hash Cond": "(ci.role_id = rt.id)",
                                          "Shared Hit Blocks": 6135,
                                          "Shared Read Blocks": 246588,
                                          "Shared Dirtied Blocks": 0,
                                          "Shared Written Blocks": 0,
                                          "Local Hit Blocks": 0,
                                          "Local Read Blocks": 0,
                                          "Local Dirtied Blocks": 0,
                                          "Local Written Blocks": 0,
                                          "Temp Read Blocks": 0,
                                          "Temp Written Blocks": 0,
                                          "Workers": [
                                            {
                                              "Worker Number": 0,
                                              "Actual Startup Time": 1631.371,
                                              "Actual Total Time": 2290.68,
                                              "Actual Rows": 901241.0,
                                              "Actual Loops": 1,
                                              "Shared Hit Blocks": 2012,
                                              "Shared Read Blocks": 81782,
                                              "Shared Dirtied Blocks": 0,
                                              "Shared Written Blocks": 0,
                                              "Local Hit Blocks": 0,
                                              "Local Read Blocks": 0,
                                              "Local Dirtied Blocks": 0,
                                              "Local Written Blocks": 0,
                                              "Temp Read Blocks": 0,
                                              "Temp Written Blocks": 0
                                            },
                                            {
                                              "Worker Number": 1,
                                              "Actual Startup Time": 1631.795,
                                              "Actual Total Time": 2291.367,
                                              "Actual Rows": 917113.0,
                                              "Actual Loops": 1,
                                              "Shared Hit Blocks": 2105,
                                              "Shared Read Blocks": 82239,
                                              "Shared Dirtied Blocks": 0,
                                              "Shared Written Blocks": 0,
                                              "Local Hit Blocks": 0,
                                              "Local Read Blocks": 0,
                                              "Local Dirtied Blocks": 0,
                                              "Local Written Blocks": 0,
                                              "Temp Read Blocks": 0,
                                              "Temp Written Blocks": 0
                                            }
                                          ],
                                          "Plans": [
                                            {
                                              "Node Type": "Seq Scan",
                                              "Parent Relationship": "Outer",
                                              "Parallel Aware": true,
                                              "Async Capable": false,
                                              "Relation Name": "cast_info",
                                              "Schema": "public",
                                              "Alias": "ci",
                                              "Startup Cost": 0.0,
                                              "Total Cost": 403585.52,
                                              "Plan Rows": 15086552,
                                              "Plan Width": 12,
                                              "Actual Startup Time": 0.478,
                                              "Actual Total Time": 1724.696,
                                              "Actual Rows": 12081448.0,
                                              "Actual Loops": 3,
                                              "Disabled": false,
                                              "Output": [
                                                "ci.id",
                                                "ci.person_id",
                                                "ci.movie_id",
                                                "ci.person_role_id",
                                                "ci.note",
                                                "ci.nr_order",
                                                "ci.role_id"
                                              ],
                                              "Shared Hit Blocks": 6132,
                                              "Shared Read Blocks": 246588,
                                              "Shared Dirtied Blocks": 0,
                                              "Shared Written Blocks": 0,
                                              "Local Hit Blocks": 0,
                                              "Local Read Blocks": 0,
                                              "Local Dirtied Blocks": 0,
                                              "Local Written Blocks": 0,
                                              "Temp Read Blocks": 0,
                                              "Temp Written Blocks": 0,
                                              "Workers": [
                                                {
                                                  "Worker Number": 0,
                                                  "Actual Startup Time": 0.711,
                                                  "Actual Total Time": 1726.002,
                                                  "Actual Rows": 12022821.0,
                                                  "Actual Loops": 1,
                                                  "Shared Hit Blocks": 2011,
                                                  "Shared Read Blocks": 81782,
                                                  "Shared Dirtied Blocks": 0,
                                                  "Shared Written Blocks": 0,
                                                  "Local Hit Blocks": 0,
                                                  "Local Read Blocks": 0,
                                                  "Local Dirtied Blocks": 0,
                                                  "Local Written Blocks": 0,
                                                  "Temp Read Blocks": 0,
                                                  "Temp Written Blocks": 0
                                                },
                                                {
                                                  "Worker Number": 1,
                                                  "Actual Startup Time": 0.277,
                                                  "Actual Total Time": 1726.466,
                                                  "Actual Rows": 12085612.0,
                                                  "Actual Loops": 1,
                                                  "Shared Hit Blocks": 2104,
                                                  "Shared Read Blocks": 82239,
                                                  "Shared Dirtied Blocks": 0,
                                                  "Shared Written Blocks": 0,
                                                  "Local Hit Blocks": 0,
                                                  "Local Read Blocks": 0,
                                                  "Local Dirtied Blocks": 0,
                                                  "Local Written Blocks": 0,
                                                  "Temp Read Blocks": 0,
                                                  "Temp Written Blocks": 0
                                                }
                                              ]
                                            },
                                            {
                                              "Node Type": "Hash",
                                              "Parent Relationship": "Inner",
                                              "Parallel Aware": false,
                                              "Async Capable": false,
                                              "Startup Cost": 18.88,
                                              "Total Cost": 18.88,
                                              "Plan Rows": 4,
                                              "Plan Width": 4,
                                              "Actual Startup Time": 0.046,
                                              "Actual Total Time": 0.046,
                                              "Actual Rows": 1.0,
                                              "Actual Loops": 3,
                                              "Disabled": false,
                                              "Output": [
                                                "rt.id"
                                              ],
                                              "Hash Buckets": 1024,
                                              "Original Hash Buckets": 1024,
                                              "Hash Batches": 1,
                                              "Original Hash Batches": 1,
                                              "Peak Memory Usage": 9,
                                              "Shared Hit Blocks": 3,
                                              "Shared Read Blocks": 0,
                                              "Shared Dirtied Blocks": 0,
                                              "Shared Written Blocks": 0,
                                              "Local Hit Blocks": 0,
                                              "Local Read Blocks": 0,
                                              "Local Dirtied Blocks": 0,
                                              "Local Written Blocks": 0,
                                              "Temp Read Blocks": 0,
                                              "Temp Written Blocks": 0,
                                              "Workers": [
                                                {
                                                  "Worker Number": 0,
                                                  "Actual Startup Time": 0.076,
                                                  "Actual Total Time": 0.077,
                                                  "Actual Rows": 1.0,
                                                  "Actual Loops": 1,
                                                  "Shared Hit Blocks": 1,
                                                  "Shared Read Blocks": 0,
                                                  "Shared Dirtied Blocks": 0,
                                                  "Shared Written Blocks": 0,
                                                  "Local Hit Blocks": 0,
                                                  "Local Read Blocks": 0,
                                                  "Local Dirtied Blocks": 0,
                                                  "Local Written Blocks": 0,
                                                  "Temp Read Blocks": 0,
                                                  "Temp Written Blocks": 0
                                                },
                                                {
                                                  "Worker Number": 1,
                                                  "Actual Startup Time": 0.05,
                                                  "Actual Total Time": 0.05,
                                                  "Actual Rows": 1.0,
                                                  "Actual Loops": 1,
                                                  "Shared Hit Blocks": 1,
                                                  "Shared Read Blocks": 0,
                                                  "Shared Dirtied Blocks": 0,
                                                  "Shared Written Blocks": 0,
                                                  "Local Hit Blocks": 0,
                                                  "Local Read Blocks": 0,
                                                  "Local Dirtied Blocks": 0,
                                                  "Local Written Blocks": 0,
                                                  "Temp Read Blocks": 0,
                                                  "Temp Written Blocks": 0
                                                }
                                              ],
                                              "Plans": [
                                                {
                                                  "Node Type": "Seq Scan",
                                                  "Parent Relationship": "Outer",
                                                  "Parallel Aware": false,
                                                  "Async Capable": false,
                                                  "Relation Name": "role_type",
                                                  "Schema": "public",
                                                  "Alias": "rt",
                                                  "Startup Cost": 0.0,
                                                  "Total Cost": 18.88,
                                                  "Plan Rows": 4,
                                                  "Plan Width": 4,
                                                  "Actual Startup Time": 0.031,
                                                  "Actual Total Time": 0.032,
                                                  "Actual Rows": 1.0,
                                                  "Actual Loops": 3,
                                                  "Disabled": false,
                                                  "Output": [
                                                    "rt.id"
                                                  ],
                                                  "Filter": "((rt.role)::text = 'writer'::text)",
                                                  "Rows Removed by Filter": 11,
                                                  "Shared Hit Blocks": 3,
                                                  "Shared Read Blocks": 0,
                                                  "Shared Dirtied Blocks": 0,
                                                  "Shared Written Blocks": 0,
                                                  "Local Hit Blocks": 0,
                                                  "Local Read Blocks": 0,
                                                  "Local Dirtied Blocks": 0,
                                                  "Local Written Blocks": 0,
                                                  "Temp Read Blocks": 0,
                                                  "Temp Written Blocks": 0,
                                                  "Workers": [
                                                    {
                                                      "Worker Number": 0,
                                                      "Actual Startup Time": 0.045,
                                                      "Actual Total Time": 0.046,
                                                      "Actual Rows": 1.0,
                                                      "Actual Loops": 1,
                                                      "Shared Hit Blocks": 1,
                                                      "Shared Read Blocks": 0,
                                                      "Shared Dirtied Blocks": 0,
                                                      "Shared Written Blocks": 0,
                                                      "Local Hit Blocks": 0,
                                                      "Local Read Blocks": 0,
                                                      "Local Dirtied Blocks": 0,
                                                      "Local Written Blocks": 0,
                                                      "Temp Read Blocks": 0,
                                                      "Temp Written Blocks": 0
                                                    },
                                                    {
                                                      "Worker Number": 1,
                                                      "Actual Startup Time": 0.039,
                                                      "Actual Total Time": 0.04,
                                                      "Actual Rows": 1.0,
                                                      "Actual Loops": 1,
                                                      "Shared Hit Blocks": 1,
                                                      "Shared Read Blocks": 0,
                                                      "Shared Dirtied Blocks": 0,
                                                      "Shared Written Blocks": 0,
                                                      "Local Hit Blocks": 0,
                                                      "Local Read Blocks": 0,
                                                      "Local Dirtied Blocks": 0,
                                                      "Local Written Blocks": 0,
                                                      "Temp Read Blocks": 0,
                                                      "Temp Written Blocks": 0
                                                    }
                                                  ]
                                                }
                                              ]
                                            }
                                          ]
                                        }
                                      ]
                                    }
                                  ]
                                },
                                {
                                  "Node Type": "Memoize",
                                  "Parent Relationship": "Inner",
                                  "Parallel Aware": false,
                                  "Async Capable": false,
                                  "Startup Cost": 0.44,
                                  "Total Cost": 0.46,
                                  "Plan Rows": 1,
                                  "Plan Width": 4,
                                  "Actual Startup Time": 0.001,
                                  "Actual Total Time": 0.001,
                                  "Actual Rows": 1.0,
                                  "Actual Loops": 1970658,
                                  "Disabled": false,
                                  "Output": [
                                    "n1.id"
                                  ],
                                  "Cache Key": "ci.person_id",
                                  "Cache Mode": "logical",
                                  "Cache Hits": 578475,
                                  "Cache Misses": 78311,
                                  "Cache Evictions": 0,
                                  "Cache Overflows": 0,
                                  "Peak Memory Usage": 7954,
                                  "Shared Hit Blocks": 685760,
                                  "Shared Read Blocks": 126462,
                                  "Shared Dirtied Blocks": 0,
                                  "Shared Written Blocks": 0,
                                  "Local Hit Blocks": 0,
                                  "Local Read Blocks": 0,
                                  "Local Dirtied Blocks": 0,
                                  "Local Written Blocks": 0,
                                  "Temp Read Blocks": 0,
                                  "Temp Written Blocks": 0,
                                  "Workers": [
                                    {
                                      "Worker Number": 0,
                                      "Actual Startup Time": 0.001,
                                      "Actual Total Time": 0.001,
                                      "Actual Rows": 1.0,
                                      "Actual Loops": 654334,
                                      "Cache Hits": 575972,
                                      "Cache Misses": 78362,
                                      "Cache Evictions": 0,
                                      "Cache Overflows": 0,
                                      "Peak Memory Usage": 7959,
                                      "Shared Hit Blocks": 228382,
                                      "Shared Read Blocks": 42201,
                                      "Shared Dirtied Blocks": 0,
                                      "Shared Written Blocks": 0,
                                      "Local Hit Blocks": 0,
                                      "Local Read Blocks": 0,
                                      "Local Dirtied Blocks": 0,
                                      "Local Written Blocks": 0,
                                      "Temp Read Blocks": 0,
                                      "Temp Written Blocks": 0
                                    },
                                    {
                                      "Worker Number": 1,
                                      "Actual Startup Time": 0.001,
                                      "Actual Total Time": 0.001,
                                      "Actual Rows": 1.0,
                                      "Actual Loops": 659538,
                                      "Cache Hits": 581029,
                                      "Cache Misses": 78509,
                                      "Cache Evictions": 0,
                                      "Cache Overflows": 0,
                                      "Peak Memory Usage": 7974,
                                      "Shared Hit Blocks": 229057,
                                      "Shared Read Blocks": 42296,
                                      "Shared Dirtied Blocks": 0,
                                      "Shared Written Blocks": 0,
                                      "Local Hit Blocks": 0,
                                      "Local Read Blocks": 0,
                                      "Local Dirtied Blocks": 0,
                                      "Local Written Blocks": 0,
                                      "Temp Read Blocks": 0,
                                      "Temp Written Blocks": 0
                                    }
                                  ],
                                  "Plans": [
                                    {
                                      "Node Type": "Index Only Scan",
                                      "Parent Relationship": "Outer",
                                      "Parallel Aware": false,
                                      "Async Capable": false,
                                      "Scan Direction": "Forward",
                                      "Index Name": "name_pkey",
                                      "Relation Name": "name",
                                      "Schema": "public",
                                      "Alias": "n1",
                                      "Startup Cost": 0.43,
                                      "Total Cost": 0.45,
                                      "Plan Rows": 1,
                                      "Plan Width": 4,
                                      "Actual Startup Time": 0.01,
                                      "Actual Total Time": 0.01,
                                      "Actual Rows": 1.0,
                                      "Actual Loops": 235182,
                                      "Disabled": false,
                                      "Output": [
                                        "n1.id"
                                      ],
                                      "Index Cond": "(n1.id = ci.person_id)",
                                      "Rows Removed by Index Recheck": 0,
                                      "Heap Fetches": 0,
                                      "Index Searches": 235182,
                                      "Shared Hit Blocks": 685760,
                                      "Shared Read Blocks": 126462,
                                      "Shared Dirtied Blocks": 0,
                                      "Shared Written Blocks": 0,
                                      "Local Hit Blocks": 0,
                                      "Local Read Blocks": 0,
                                      "Local Dirtied Blocks": 0,
                                      "Local Written Blocks": 0,
                                      "Temp Read Blocks": 0,
                                      "Temp Written Blocks": 0,
                                      "Workers": [
                                        {
                                          "Worker Number": 0,
                                          "Actual Startup Time": 0.01,
                                          "Actual Total Time": 0.01,
                                          "Actual Rows": 1.0,
                                          "Actual Loops": 78362,
                                          "Shared Hit Blocks": 228382,
                                          "Shared Read Blocks": 42201,
                                          "Shared Dirtied Blocks": 0,
                                          "Shared Written Blocks": 0,
                                          "Local Hit Blocks": 0,
                                          "Local Read Blocks": 0,
                                          "Local Dirtied Blocks": 0,
                                          "Local Written Blocks": 0,
                                          "Temp Read Blocks": 0,
                                          "Temp Written Blocks": 0
                                        },
                                        {
                                          "Worker Number": 1,
                                          "Actual Startup Time": 0.01,
                                          "Actual Total Time": 0.01,
                                          "Actual Rows": 1.0,
                                          "Actual Loops": 78509,
                                          "Shared Hit Blocks": 229057,
                                          "Shared Read Blocks": 42296,
                                          "Shared Dirtied Blocks": 0,
                                          "Shared Written Blocks": 0,
                                          "Local Hit Blocks": 0,
                                          "Local Read Blocks": 0,
                                          "Local Dirtied Blocks": 0,
                                          "Local Written Blocks": 0,
                                          "Temp Read Blocks": 0,
                                          "Temp Written Blocks": 0
                                        }
                                      ]
                                    }
                                  ]
                                }
                              ]
                            },
                            {
                              "Node Type": "Index Scan",
                              "Parent Relationship": "Inner",
                              "Parallel Aware": false,
                              "Async Capable": false,
                              "Scan Direction": "Forward",
                              "Index Name": "title_pkey",
                              "Relation Name": "title",
                              "Schema": "public",
                              "Alias": "t",
                              "Startup Cost": 0.43,
                              "Total Cost": 0.45,
                              "Plan Rows": 1,
                              "Plan Width": 21,
                              "Actual Startup Time": 0.004,
                              "Actual Total Time": 0.004,
                              "Actual Rows": 1.0,
                              "Actual Loops": 1970658,
                              "Disabled": false,
                              "Output": [
                                "t.id",
                                "t.title",
                                "t.imdb_index",
                                "t.kind_id",
                                "t.production_year",
                                "t.imdb_id",
                                "t.phonetic_code",
                                "t.episode_of_id",
                                "t.season_nr",
                                "t.episode_nr",
                                "t.series_years",
                                "t.md5sum"
                              ],
                              "Index Cond": "(t.id = ci.movie_id)",
                              "Rows Removed by Index Recheck": 0,
                              "Index Searches": 1970658,
                              "Shared Hit Blocks": 7457143,
                              "Shared Read Blocks": 425491,
                              "Shared Dirtied Blocks": 0,
                              "Shared Written Blocks": 0,
                              "Local Hit Blocks": 0,
                              "Local Read Blocks": 0,
                              "Local Dirtied Blocks": 0,
                              "Local Written Blocks": 0,
                              "Temp Read Blocks": 0,
                              "Temp Written Blocks": 0,
                              "Workers": [
                                {
                                  "Worker Number": 0,
                                  "Actual Startup Time": 0.004,
                                  "Actual Total Time": 0.004,
                                  "Actual Rows": 1.0,
                                  "Actual Loops": 654334,
                                  "Shared Hit Blocks": 2474280,
                                  "Shared Read Blocks": 143057,
                                  "Shared Dirtied Blocks": 0,
                                  "Shared Written Blocks": 0,
                                  "Local Hit Blocks": 0,
                                  "Local Read Blocks": 0,
                                  "Local Dirtied Blocks": 0,
                                  "Local Written Blocks": 0,
                                  "Temp Read Blocks": 0,
                                  "Temp Written Blocks": 0
                                },
                                {
                                  "Worker Number": 1,
                                  "Actual Startup Time": 0.004,
                                  "Actual Total Time": 0.004,
                                  "Actual Rows": 1.0,
                                  "Actual Loops": 659538,
                                  "Shared Hit Blocks": 2498050,
                                  "Shared Read Blocks": 140103,
                                  "Shared Dirtied Blocks": 0,
                                  "Shared Written Blocks": 0,
                                  "Local Hit Blocks": 0,
                                  "Local Read Blocks": 0,
                                  "Local Dirtied Blocks": 0,
                                  "Local Written Blocks": 0,
                                  "Temp Read Blocks": 0,
                                  "Temp Written Blocks": 0
                                }
                              ]
                            }
                          ]
                        }
                      ]
                    }
                  ]
                }
              ]
            }
          ]
        }
      ]
    },
    "Planning": {
      "Shared Hit Blocks": 104,
      "Shared Read Blocks": 0,
      "Shared Dirtied Blocks": 0,
      "Shared Written Blocks": 0,
      "Local Hit Blocks": 0,
      "Local Read Blocks": 0,
      "Local Dirtied Blocks": 0,
      "Local Written Blocks": 0,
      "Temp Read Blocks": 0,
      "Temp Written Blocks": 0
    },
    "Planning Time": 1.718,
    "Triggers": [],
    "Execution Time": 7930.547
  }
]