[
  {
    "Plan": {
      "Node Type": "Aggregate",
      "Strategy": "Plain",
      "Partial Mode": "Finalize",
      "Parallel Aware": false,
      "Async Capable": false,
      "Startup Cost": 122540.47,
      "Total Cost": 122540.48,
      "Plan Rows": 1,
      "Plan Width": 128,
      "Actual Startup Time": 1675.945,
      "Actual Total Time": 1677.861,
      "Actual Rows": 1.0,
      "Actual Loops": 1,
      "Disabled": false,
      "Output": [
        "min(an.name)",
        "min(chn.name)",
        "min(n.name)",
        "min(t.title)"
      ],
      "Shared Hit Blocks": 198891,
      "Shared Read Blocks": 84654,
      "Shared Dirtied Blocks": 0,
      "Shared Written Blocks": 0,
      "Local Hit Blocks": 0,
      "Local Read Blocks": 0,
      "Local Dirtied Blocks": 0,
      "Local Written Blocks": 0,
      "Temp Read Blocks": 0,
      "Temp Written Blocks": 0,
      "Plans": [
        {
          "Node Type": "Gather",
          "Parent Relationship": "Outer",
          "Parallel Aware": false,
          "Async Capable": false,
          "Startup Cost": 122540.24,
          "Total Cost": 122540.45,
          "Plan Rows": 2,
          "Plan Width": 128,
          "Actual Startup Time": 1674.913,
          "Actual Total Time": 1677.854,
          "Actual Rows": 3.0,
          "Actual Loops": 1,
          "Disabled": false,
          "Output": [
            "(PARTIAL min(an.name))",
            "(PARTIAL min(chn.name))",
            "(PARTIAL min(n.name))",
            "(PARTIAL min(t.title))"
          ],
          "Workers Planned": 2,
          "Workers Launched": 2,
          "Single Copy": false,
          "Shared Hit Blocks": 198891,
          "Shared Read Blocks": 84654,
          "Shared Dirtied Blocks": 0,
          "Shared Written Blocks": 0,
          "Local Hit Blocks": 0,
          "Local Read Blocks": 0,
          "Local Dirtied Blocks": 0,
          "Local Written Blocks": 0,
          "Temp Read Blocks": 0,
          "Temp Written Blocks": 0,
          "Plans": [
            {
              "Node Type": "Aggregate",
              "Strategy": "Plain",
              "Partial Mode": "Partial",
              "Parent Relationship": "Outer",
              "Parallel Aware": false,
              "Async Capable": false,
              "Startup Cost": 121540.24,
              "Total Cost": 121540.25,
              "Plan Rows": 1,
              "Plan Width": 128,
              "Actual Startup Time": 1670.849,
              "Actual Total Time": 1670.854,
              "Actual Rows": 1.0,
              "Actual Loops": 3,
              "Disabled": false,
              "Output": [
                "PARTIAL min(an.name)",
                "PARTIAL min(chn.name)",
                "PARTIAL min(n.name)",
                "PARTIAL min(t.title)"
              ],
              "Shared Hit Blocks": 198891,
              "Shared Read Blocks": 84654,
              "Shared Dirtied Blocks": 0,
              "Shared Written Blocks": 0,
              "Local Hit Blocks": 0,
              "Local Read Blocks": 0,
              "Local Dirtied Blocks": 0,
              "Local Written Blocks": 0,
              "Temp Read Blocks": 0,
              "Temp Written Blocks": 0,
              "Workers": [
                {
                  "Worker Number": 0,
                  "Actual Startup Time": 1667.233,
                  "Actual Total Time": 1667.237,
                  "Actual Rows": 1.0,
                  "Actual Loops": 1,
                  "Shared Hit Blocks": 55482,
                  "Shared Read Blocks": 28373,
                  "Shared Dirtied Blocks": 0,
                  "Shared Written Blocks": 0,
                  "Local Hit Blocks": 0,
                  "Local Read Blocks": 0,
                  "Local Dirtied Blocks": 0,
                  "Local Written Blocks": 0,
                  "Temp Read Blocks": 0,
                  "Temp Written Blocks": 0
                },
                {
                  "Worker Number": 1,
                  "Actual Startup Time": 1670.585,
                  "Actual Total Time": 1670.587,
                  "Actual Rows": 1.0,
                  "Actual Loops": 1,
                  "Shared Hit Blocks": 80361,
                  "Shared Read Blocks": 27535,
                  "Shared Dirtied Blocks": 0,
                  "Shared Written Blocks": 0,
                  "Local Hit Blocks": 0,
                  "Local Read Blocks": 0,
                  "Local Dirtied Blocks": 0,
                  "Local Written Blocks": 0,
                  "Temp Read Blocks": 0,
                  "Temp Written Blocks": 0
                }
              ],
              "Plans": [
                {
                  "Node Type": "Nested Loop",
                  "Parent Relationship": "Outer",
                  "Parallel Aware": false,
                  "Async Capable": false,
                  "Join Type": "Inner",
                  "Startup Cost": 81823.67,
                  "Total Cost": 121540.13,
                  "Plan Rows": 11,
                  "Plan Width": 64,
                  "Actual Startup Time": 133.032,
                  "Actual Total Time": 1670.304,
                  "Actual Rows": 2714.67,
                  "Actual Loops": 3,
                  "Disabled": false,
                  "Output": [
                    "an.name",
                    "chn.name",
                    "n.name",
                    "t.title"
                  ],
                  "Inner Unique": true,
                  "Join Filter": "(ci.movie_id = t.id)",
                  "Rows Removed by Join Filter": 0,
                  "Shared Hit Blocks": 198891,
                  "Shared Read Blocks": 84654,
                  "Shared Dirtied Blocks": 0,
                  "Shared Written Blocks": 0,
                  "Local Hit Blocks": 0,
                  "Local Read Blocks": 0,
                  "Local Dirtied Blocks": 0,
                  "Local Written Blocks": 0,
                  "Temp Read Blocks": 0,
                  "Temp Written Blocks": 0,
                  "Workers": [
                    {
                      "Worker Number": 0,
                      "Actual Startup Time": 127.653,
                      "Actual Total Time": 1666.818,
                      "Actual Rows": 2037.0,
                      "Actual Loops": 1,
                      "Shared Hit Blocks": 55482,
                      "Shared Read Blocks": 28373,
                      "Shared Dirtied Blocks": 0,
                      "Shared Written Blocks": 0,
                      "Local Hit Blocks": 0,
                      "Local Read Blocks": 0,
                      "Local Dirtied Blocks": 0,
                      "Local Written Blocks": 0,
                      "Temp Read Blocks": 0,
                      "Temp Written Blocks": 0
                    },
                    {
                      "Worker Number": 1,
                      "Actual Startup Time": 134.365,
                      "Actual Total Time": 1670.001,
                      "Actual Rows": 2828.0,
                      "Actual Loops": 1,
                      "Shared Hit Blocks": 80361,
                      "Shared Read Blocks": 27535,
                      "Shared Dirtied Blocks": 0,
                      "Shared Written Blocks": 0,
                      "Local Hit Blocks": 0,
                      "Local Read Blocks": 0,
                      "Local Dirtied Blocks": 0,
                      "Local Written Blocks": 0,
                      "Temp Read Blocks": 0,
                      "Temp Written Blocks": 0
                    }
                  ],
                  "Plans": [
                    {
                      "Node Type": "Nested Loop",
                      "Parent Relationship": "Outer",
                      "Parallel Aware": false,
                      "Async Capable": false,
                      "Join Type": "Inner",
                      "Startup Cost": 81823.24,
                      "Total Cost": 121534.31,
                      "Plan Rows": 11,
                      "Plan Width": 55,
                      "Actual Startup Time": 132.99,
                      "Actual Total Time": 1653.121,
                      "Actual Rows": 2714.67,
                      "Actual Loops": 3,
                      "Disabled": false,
                      "Output": [
                        "an.name",
                        "ci.movie_id",
                        "chn.name",
                        "mc.movie_id",
                        "n.name"
                      ],
                      "Inner Unique": true,
                      "Shared Hit Blocks": 167339,
                      "Shared Read Blocks": 83628,
                      "Shared Dirtied Blocks": 0,
                      "Shared Written Blocks": 0,
                      "Local Hit Blocks": 0,
                      "Local Read Blocks": 0,
                      "Local Dirtied Blocks": 0,
                      "Local Written Blocks": 0,
                      "Temp Read Blocks": 0,
                      "Temp Written Blocks": 0,
                      "Workers": [
                        {
                          "Worker Number": 0,
                          "Actual Startup Time": 127.583,
                          "Actual Total Time": 1654.213,
                          "Actual Rows": 2037.0,
                          "Actual Loops": 1,
                          "Shared Hit Blocks": 47655,
                          "Shared Read Blocks": 28051,
                          "Shared Dirtied Blocks": 0,
                          "Shared Written Blocks": 0,
                          "Local Hit Blocks": 0,
                          "Local Read Blocks": 0,
                          "Local Dirtied Blocks": 0,
                          "Local Written Blocks": 0,
                          "Temp Read Blocks": 0,
                          "Temp Written Blocks": 0
                        },
                        {
                          "Worker Number": 1,
                          "Actual Startup Time": 134.315,
                          "Actual Total Time": 1650.189,
                          "Actual Rows": 2828.0,
                          "Actual Loops": 1,
                          "Shared Hit Blocks": 69408,
                          "Shared Read Blocks": 27175,
                          "Shared Dirtied Blocks": 0,
                          "Shared Written Blocks": 0,
                          "Local Hit Blocks": 0,
                          "Local Read Blocks": 0,
                          "Local Dirtied Blocks": 0,
                          "Local Written Blocks": 0,
                          "Temp Read Blocks": 0,
                          "Temp Written Blocks": 0
                        }
                      ],
                      "Plans": [
                        {
                          "Node Type": "Nested Loop",
                          "Parent Relationship": "Outer",
                          "Parallel Aware": false,
                          "Async Capable": false,
                          "Join Type": "Inner",
                          "Startup Cost": 81822.82,
                          "Total Cost": 121520.93,
                          "Plan Rows": 30,
                          "Plan Width": 59,
                          "Actual Startup Time": 127.135,
                          "Actual Total Time": 1529.509,
                          "Actual Rows": 6115.0,
                          "Actual Loops": 3,
                          "Disabled": false,
                          "Output": [
                            "an.name",
                            "ci.movie_id",
                            "chn.name",
                            "mc.movie_id",
                            "mc.company_id",
                            "n.name"
                          ],
                          "Inner Unique": false,
                          "Shared Hit Blocks": 95668,
                          "Shared Read Blocks": 81917,
                          "Shared Dirtied Blocks": 0,
                          "Shared Written Blocks": 0,
                          "Local Hit Blocks": 0,
                          "Local Read Blocks": 0,
                          "Local Dirtied Blocks": 0,
                          "Local Written Blocks": 0,
                          "Temp Read Blocks": 0,
                          "Temp Written Blocks": 0,
                          "Workers": [
                            {
                              "Worker Number": 0,
                              "Actual Startup Time": 126.79,
                              "Actual Total Time": 1572.877,
                              "Actual Rows": 4901.0,
                              "Actual Loops": 1,
                              "Shared Hit Blocks": 28503,
                              "Shared Read Blocks": 27598,
                              "Shared Dirtied Blocks": 0,
                              "Shared Written Blocks": 0,
                              "Local Hit Blocks": 0,
                              "Local Read Blocks": 0,
                              "Local Dirtied Blocks": 0,
                              "Local Written Blocks": 0,
                              "Temp Read Blocks": 0,
                              "Temp Written Blocks": 0
                            },
                            {
                              "Worker Number": 1,
                              "Actual Startup Time": 121.5,
                              "Actual Total Time": 1518.645,
                              "Actual Rows": 7132.0,
                              "Actual Loops": 1,
                              "Shared Hit Blocks": 41449,
                              "Shared Read Blocks": 26605,
                              "Shared Dirtied Blocks": 0,
                              "Shared Written Blocks": 0,
                              "Local Hit Blocks": 0,
                              "Local Read Blocks": 0,
                              "Local Dirtied Blocks": 0,
                              "Local Written Blocks": 0,
                              "Temp Read Blocks": 0,
                              "Temp Written Blocks": 0
                            }
                          ],
                          "Plans": [
                            {
                              "Node Type": "Nested Loop",
                              "Parent Relationship": "Outer",
                              "Parallel Aware": false,
                              "Async Capable": false,
                              "Join Type": "Inner",
                              "Startup Cost": 81822.39,
                              "Total Cost": 121513.44,
                              "Plan Rows": 11,
                              "Plan Width": 51,
                              "Actual Startup Time": 126.57,
                              "Actual Total Time": 1414.963,
                              "Actual Rows": 2575.33,
                              "Actual Loops": 3,
                              "Disabled": false,
                              "Output": [
                                "an.name",
                                "ci.movie_id",
                                "chn.name",
                                "n.name"
                              ],
                              "Inner Unique": true,
                              "Shared Hit Blocks": 67765,
                              "Shared Read Blocks": 79927,
                              "Shared Dirtied Blocks": 0,
                              "Shared Written Blocks": 0,
                              "Local Hit Blocks": 0,
                              "Local Read Blocks": 0,
                              "Local Dirtied Blocks": 0,
                              "Local Written Blocks": 0,
                              "Temp Read Blocks": 0,
                              "Temp Written Blocks": 0,
                              "Workers": [
                                {
                                  "Worker Number": 0,
                                  "Actual Startup Time": 125.953,
                                  "Actual Total Time": 1470.462,
                                  "Actual Rows": 2204.0,
                                  "Actual Loops": 1,
                                  "Shared Hit Blocks": 20828,
                                  "Shared Read Blocks": 26942,
                                  "Shared Dirtied Blocks": 0,
                                  "Shared Written Blocks": 0,
                                  "Local Hit Blocks": 0,
                                  "Local Read Blocks": 0,
                                  "Local Dirtied Blocks": 0,
                                  "Local Written Blocks": 0,
                                  "Temp Read Blocks": 0,
                                  "Temp Written Blocks": 0
                                },
                                {
                                  "Worker Number": 1,
                                  "Actual Startup Time": 120.845,
                                  "Actual Total Time": 1387.62,
                                  "Actual Rows": 3608.0,
                                  "Actual Loops": 1,
                                  "Shared Hit Blocks": 28569,
                                  "Shared Read Blocks": 25917,
                                  "Shared Dirtied Blocks": 0,
                                  "Shared Written Blocks": 0,
                                  "Local Hit Blocks": 0,
                                  "Local Read Blocks": 0,
                                  "Local Dirtied Blocks": 0,
                                  "Local Written Blocks": 0,
                                  "Temp Read Blocks": 0,
                                  "Temp Written Blocks": 0
                                }
                              ],
                              "Plans": [
                                {
                                  "Node Type": "Hash Join",
                                  "Parent Relationship": "Outer",
                                  "Parallel Aware": false,
                                  "Async Capable": false,
                                  "Join Type": "Inner",
                                  "Startup Cost": 81821.96,
                                  "Total Cost": 121498.26,
                                  "Plan Rows": 23,
                                  "Plan Width": 39,
                                  "Actual Startup Time": 125.406,
                                  "Actual Total Time": 1243.411,
                                  "Actual Rows": 2734.67,
                                  "Actual Loops": 3,
                                  "Disabled": false,
                                  "Output": [
                                    "an.name",
                                    "ci.movie_id",
                                    "ci.person_role_id",
                                    "n.name"
                                  ],
                                  "Inner Unique": true,
                                  "Hash Cond": "(ci.role_id = rt.id)",
                                  "Shared Hit Blocks": 38431,
                                  "Shared Read Blocks": 78355,
                                  "Shared Dirtied Blocks": 0,
                                  "Shared Written Blocks": 0,
                                  "Local Hit Blocks": 0,
                                  "Local Read Blocks": 0,
                                  "Local Dirtied Blocks": 0,
                                  "Local Written Blocks": 0,
                                  "Temp Read Blocks": 0,
                                  "Temp Written Blocks": 0,
                                  "Workers": [
                                    {
                                      "Worker Number": 0,
                                      "Actual Startup Time": 125.487,
                                      "Actual Total Time": 1339.364,
                                      "Actual Rows": 2391.0,
                                      "Actual Loops": 1,
                                      "Shared Hit Blocks": 12481,
                                      "Shared Read Blocks": 26472,
                                      "Shared Dirtied Blocks": 0,
                                      "Shared Written Blocks": 0,
                                      "Local Hit Blocks": 0,
                                      "Local Read Blocks": 0,
                                      "Local Dirtied Blocks": 0,
                                      "Local Written Blocks": 0,
                                      "Temp Read Blocks": 0,
                                      "Temp Written Blocks": 0
                                    },
                                    {
                                      "Worker Number": 1,
                                      "Actual Startup Time": 118.834,
                                      "Actual Total Time": 1184.802,
                                      "Actual Rows": 3734.0,
                                      "Actual Loops": 1,
                                      "Shared Hit Blocks": 14731,
                                      "Shared Read Blocks": 25322,
                                      "Shared Dirtied Blocks": 0,
                                      "Shared Written Blocks": 0,
                                      "Local Hit Blocks": 0,
                                      "Local Read Blocks": 0,
                                      "Local Dirtied Blocks": 0,
                                      "Local Written Blocks": 0,
                                      "Temp Read Blocks": 0,
                                      "Temp Written Blocks": 0
                                    }
                                  ],
                                  "Plans": [
                                    {
                                      "Node Type": "Nested Loop",
                                      "Parent Relationship": "Outer",
                                      "Parallel Aware": false,
                                      "Async Capable": false,
                                      "Join Type": "Inner",
                                      "Startup Cost": 81803.03,
                                      "Total Cost": 121468.43,
                                      "Plan Rows": 4131,
                                      "Plan Width": 43,
                                      "Actual Startup Time": 125.36,
                                      "Actual Total Time": 1242.661,
                                      "Actual Rows": 2734.67,
                                      "Actual Loops": 3,
                                      "Disabled": false,
                                      "Output": [
                                        "an.name",
                                        "ci.movie_id",
                                        "ci.role_id",
                                        "ci.person_role_id",
                                        "n.name"
                                      ],
                                      "Inner Unique": false,
                                      "Join Filter": "(ci.person_id = n.id)",
                                      "Rows Removed by Join Filter": 0,
                                      "Shared Hit Blocks": 38428,
                                      "Shared Read Blocks": 78355,
                                      "Shared Dirtied Blocks": 0,
                                      "Shared Written Blocks": 0,
                                      "Local Hit Blocks": 0,
                                      "Local Read Blocks": 0,
                                      "Local Dirtied Blocks": 0,
                                      "Local Written Blocks": 0,
                                      "Temp Read Blocks": 0,
                                      "Temp Written Blocks": 0,
                                      "Workers": [
                                        {
                                          "Worker Number": 0,
                                          "Actual Startup Time": 125.422,
                                          "Actual Total Time": 1338.74,
                                          "Actual Rows": 2391.0,
                                          "Actual Loops": 1,
                                          "Shared Hit Blocks": 12480,
                                          "Shared Read Blocks": 26472,
                                          "Shared Dirtied Blocks": 0,
                                          "Shared Written Blocks": 0,
                                          "Local Hit Blocks": 0,
                                          "Local Read Blocks": 0,
                                          "Local Dirtied Blocks": 0,
                                          "Local Written Blocks": 0,
                                          "Temp Read Blocks": 0,
                                          "Temp Written Blocks": 0
                                        },
                                        {
                                          "Worker Number": 1,
                                          "Actual Startup Time": 118.77,
                                          "Actual Total Time": 1183.764,
                                          "Actual Rows": 3734.0,
                                          "Actual Loops": 1,
                                          "Shared Hit Blocks": 14730,
                                          "Shared Read Blocks": 25322,
                                          "Shared Dirtied Blocks": 0,
                                          "Shared Written Blocks": 0,
                                          "Local Hit Blocks": 0,
                                          "Local Read Blocks": 0,
                                          "Local Dirtied Blocks": 0,
                                          "Local Written Blocks": 0,
                                          "Temp Read Blocks": 0,
                                          "Temp Written Blocks": 0
                                        }
                                      ],
                                      "Plans": [
                                        {
                                          "Node Type": "Hash Join",
                                          "Parent Relationship": "Outer",
                                          "Parallel Aware": true,
                                          "Async Capable": false,
                                          "Join Type": "Inner",
                                          "Startup Cost": 81802.59,
                                          "Total Cost": 97960.03,
                                          "Plan Rows": 1753,
                                          "Plan Width": 39,
                                          "Actual Startup Time": 115.938,
                                          "Actual Total Time": 223.09,
                                          "Actual Rows": 3508.33,
                                          "Actual Loops": 3,
                                          "Disabled": false,
                                          "Output": [
                                            "an.name",
                                            "an.person_id",
                                            "n.name",
                                            "n.id"
                                          ],
                                          "Inner Unique": true,
                                          "Hash Cond": "(an.person_id = n.id)",
                                          "Shared Hit Blocks": 841,
                                          "Shared Read Blocks": 66231,
                                          "Shared Dirtied Blocks": 0,
                                          "Shared Written Blocks": 0,
                                          "Local Hit Blocks": 0,
                                          "Local Read Blocks": 0,
                                          "Local Dirtied Blocks": 0,
                                          "Local Written Blocks": 0,
                                          "Temp Read Blocks": 0,
                                          "Temp Written Blocks": 0,
                                          "Workers": [
                                            {
                                              "Worker Number": 0,
                                              "Actual Startup Time": 114.203,
                                              "Actual Total Time": 234.902,
                                              "Actual Rows": 3520.0,
                                              "Actual Loops": 1,
                                              "Shared Hit Blocks": 280,
                                              "Shared Read Blocks": 22190,
                                              "Shared Dirtied Blocks": 0,
                                              "Shared Written Blocks": 0,
                                              "Local Hit Blocks": 0,
                                              "Local Read Blocks": 0,
                                              "Local Dirtied Blocks": 0,
                                              "Local Written Blocks": 0,
                                              "Temp Read Blocks": 0,
                                              "Temp Written Blocks": 0
                                            },
                                            {
                                              "Worker Number": 1,
                                              "Actual Startup Time": 114.25,
                                              "Actual Total Time": 216.984,
                                              "Actual Rows": 3872.0,
                                              "Actual Loops": 1,
                                              "Shared Hit Blocks": 253,
                                              "Shared Read Blocks": 21422,
                                              "Shared Dirtied Blocks": 0,
                                              "Shared Written Blocks": 0,
                                              "Local Hit Blocks": 0,
                                              "Local Read Blocks": 0,
                                              "Local Dirtied Blocks": 0,
                                              "Local Written Blocks": 0,
                                              "Temp Read Blocks": 0,
                                              "Temp Written Blocks": 0
                                            }
                                          ],
                                          "Plans": [
                                            {
                                              "Node Type": "Seq Scan",
                                              "Parent Relationship": "Outer",
                                              "Parallel Aware": true,
                                              "Async Capable": false,
                                              "Relation Name": "aka_name",
                                              "Schema": "public",
                                              "Alias": "an",
                                              "Startup Cost": 0.0,
                                              "Total Cost": 15171.6,
                                              "Plan Rows": 375560,
                                              "Plan Width": 20,
                                              "Actual Startup Time": 0.535,
                                              "Actual Total Time": 24.154,
                                              "Actual Rows": 300447.67,
                                              "Actual Loops": 3,
                                              "Disabled": false,
                                              "Output": [
                                                "an.id",
                                                "an.person_id",
                                                "an.name",
                                                "an.imdb_index",
                                                "an.name_pcode_cf",
                                                "an.name_pcode_nf",
                                                "an.surname_pcode",
                                                "an.md5sum"
                                              ],
                                              "Shared Hit Blocks": 277,
                                              "Shared Read Blocks": 11139,
                                              "Shared Dirtied Blocks": 0,
                                              "Shared Written Blocks": 0,
                                              "Local Hit Blocks": 0,
                                              "Local Read Blocks": 0,
                                              "Local Dirtied Blocks": 0,
                                              "Local Written Blocks": 0,
                                              "Temp Read Blocks": 0,
                                              "Temp Written Blocks": 0,
                                              "Workers": [
                                                {
                                                  "Worker Number": 0,
                                                  "Actual Startup Time": 0.508,
                                                  "Actual Total Time": 28.641,
                                                  "Actual Rows": 328379.0,
                                                  "Actual Loops": 1,
                                                  "Shared Hit Blocks": 108,
                                                  "Shared Read Blocks": 4051,
                                                  "Shared Dirtied Blocks": 0,
                                                  "Shared Written Blocks": 0,
                                                  "Local Hit Blocks": 0,
                                                  "Local Read Blocks": 0,
                                                  "Local Dirtied Blocks": 0,
                                                  "Local Written Blocks": 0,
                                                  "Temp Read Blocks": 0,
                                                  "Temp Written Blocks": 0
                                                },
                                                {
                                                  "Worker Number": 1,
                                                  "Actual Startup Time": 0.765,
                                                  "Actual Total Time": 21.1,
                                                  "Actual Rows": 271348.0,
                                                  "Actual Loops": 1,
                                                  "Shared Hit Blocks": 81,
                                                  "Shared Read Blocks": 3362,
                                                  "Shared Dirtied Blocks": 0,
                                                  "Shared Written Blocks": 0,
                                                  "Local Hit Blocks": 0,
                                                  "Local Read Blocks": 0,
                                                  "Local Dirtied Blocks": 0,
                                                  "Local Written Blocks": 0,
                                                  "Temp Read Blocks": 0,
                                                  "Temp Written Blocks": 0
                                                }
                                              ]
                                            },
                                            {
                                              "Node Type": "Hash",
                                              "Parent Relationship": "Inner",
                                              "Parallel Aware": true,
                                              "Async Capable": false,
                                              "Startup Cost": 81701.26,
                                              "Total Cost": 81701.26,
                                              "Plan Rows": 8107,
                                              "Plan Width": 19,
                                              "Actual Startup Time": 114.99,
                                              "Actual Total Time": 114.99,
                                              "Actual Rows": 16670.33,
                                              "Actual Loops": 3,
                                              "Disabled": false,
                                              "Output": [
                                                "n.name",
                                                "n.id"
                                              ],
                                              "Hash Buckets": 65536,
                                              "Original Hash Buckets": 32768,
                                              "Hash Batches": 1,
                                              "Original Hash Batches": 1,
                                              "Peak Memory Usage": 3552,
                                              "Shared Hit Blocks": 564,
                                              "Shared Read Blocks": 55092,
                                              "Shared Dirtied Blocks": 0,
                                              "Shared Written Blocks": 0,
                                              "Local Hit Blocks": 0,
                                              "Local Read Blocks": 0,
                                              "Local Dirtied Blocks": 0,
                                              "Local Written Blocks": 0,
                                              "Temp Read Blocks": 0,
                                              "Temp Written Blocks": 0,
                                              "Workers": [
                                                {
                                                  "Worker Number": 0,
                                                  "Actual Startup Time": 113.3,
                                                  "Actual Total Time": 113.3,
                                                  "Actual Rows": 16431.0,
                                                  "Actual Loops": 1,
                                                  "Shared Hit Blocks": 172,
                                                  "Shared Read Blocks": 18139,
                                                  "Shared Dirtied Blocks": 0,
                                                  "Shared Written Blocks": 0,
                                                  "Local Hit Blocks": 0,
                                                  "Local Read Blocks": 0,
                                                  "Local Dirtied Blocks": 0,
                                                  "Local Written Blocks": 0,
                                                  "Temp Read Blocks": 0,
                                                  "Temp Written Blocks": 0
                                                },
                                                {
                                                  "Worker Number": 1,
                                                  "Actual Startup Time": 113.292,
                                                  "Actual Total Time": 113.292,
                                                  "Actual Rows": 16636.0,
                                                  "Actual Loops": 1,
                                                  "Shared Hit Blocks": 172,
                                                  "Shared Read Blocks": 18060,
                                                  "Shared Dirtied Blocks": 0,
                                                  "Shared Written Blocks": 0,
                                                  "Local Hit Blocks": 0,
                                                  "Local Read Blocks": 0,
                                                  "Local Dirtied Blocks": 0,
                                                  "Local Written Blocks": 0,
                                                  "Temp Read Blocks": 0,
                                                  "Temp Written Blocks": 0
                                                }
                                              ],
                                              "Plans": [
                                                {
                                                  "Node Type": "Seq Scan",
                                                  "Parent Relationship": "Outer",
                                                  "Parallel Aware": true,
                                                  "Async Capable": false,
                                                  "Relation Name": "name",
                                                  "Schema": "public",
                                                  "Alias": "n",
                                                  "Startup Cost": 0.0,
                                                  "Total Cost": 81701.26,
                                                  "Plan Rows": 8107,
                                                  "Plan Width": 19,
                                                  "Actual Startup Time": 49.915,
                                                  "Actual Total Time": 112.152,
                                                  "Actual Rows": 16670.33,
                                                  "Actual Loops": 3,
                                                  "Disabled": false,
                                                  "Output": [
                                                    "n.name",
                                                    "n.id"
                                                  ],
                                                  "Filter": "((n.name ~~ '%An%'::text) AND ((n.gender)::text = 'f'::text))",
                                                  "Rows Removed by Filter": 1372493,
                                                  "Shared Hit Blocks": 564,
                                                  "Shared Read Blocks": 55092,
                                                  "Shared Dirtied Blocks": 0,
                                                  "Shared Written Blocks": 0,
                                                  "Local Hit Blocks": 0,
                                                  "Local Read Blocks": 0,
                                                  "Local Dirtied Blocks": 0,
                                                  "Local Written Blocks": 0,
                                                  "Temp Read Blocks": 0,
                                                  "Temp Written Blocks": 0,
                                                  "Workers": [
                                                    {
                                                      "Worker Number": 0,
                                                      "Actual Startup Time": 48.24,
                                                      "Actual Total Time": 110.661,
                                                      "Actual Rows": 16431.0,
                                                      "Actual Loops": 1,
                                                      "Shared Hit Blocks": 172,
                                                      "Shared Read Blocks": 18139,
                                                      "Shared Dirtied Blocks": 0,
                                                      "Shared Written Blocks": 0,
                                                      "Local Hit Blocks": 0,
                                                      "Local Read Blocks": 0,
                                                      "Local Dirtied Blocks": 0,
                                                      "Local Written Blocks": 0,
                                                      "Temp Read Blocks": 0,
                                                      "Temp Written Blocks": 0
                                                    },
                                                    {
                                                      "Worker Number": 1,
                                                      "Actual Startup Time": 48.175,
                                                      "Actual Total Time": 110.077,
                                                      "Actual Rows": 16636.0,
                                                      "Actual Loops": 1,
                                                      "Shared Hit Blocks": 172,
                                                      "Shared Read Blocks": 18060,
                                                      "Shared Dirtied Blocks": 0,
                                                      "Shared Written Blocks": 0,
                                                      "Local Hit Blocks": 0,
                                                      "Local Read Blocks": 0,
                                                      "Local Dirtied Blocks": 0,
                                                      "Local Written Blocks": 0,
                                                      "Temp Read Blocks": 0,
                                                      "Temp Written Blocks": 0
                                                    }
                                                  ]
                                                }
                                              ]
                                            }
                                          ]
                                        },
                                        {
                                          "Node Type": "Index Scan",
                                          "Parent Relationship": "Inner",
                                          "Parallel Aware": false,
                                          "Async Capable": false,
                                          "Scan Direction": "Forward",
                                          "Index Name": "person_id_cast_info",
                                          "Relation Name": "cast_info",
                                          "Schema": "public",
                                          "Alias": "ci",
                                          "Startup Cost": 0.44,
                                          "Total Cost": 13.25,
                                          "Plan Rows": 13,
                                          "Plan Width": 16,
                                          "Actual Startup Time": 0.282,
                                          "Actual Total Time": 0.29,
                                          "Actual Rows": 0.78,
                                          "Actual Loops": 10525,
                                          "Disabled": false,
                                          "Output": [
                                            "ci.id",
                                            "ci.person_id",
                                            "ci.movie_id",
                                            "ci.person_role_id",
                                            "ci.note",
                                            "ci.nr_order",
                                            "ci.role_id"
                                          ],
                                          "Index Cond": "(ci.person_id = an.person_id)",
                                          "Rows Removed by Index Recheck": 0,
                                          "Filter": "(ci.note = ANY ('{(voice),\"(voice: Japanese version)\",\"(voice) (uncredited)\",\"(voice: English version)\"}'::text[]))",
                                          "Rows Removed by Filter": 44,
                                          "Index Searches": 10525,
                                          "Shared Hit Blocks": 37587,
                                          "Shared Read Blocks": 12124,
                                          "Shared Dirtied Blocks": 0,
                                          "Shared Written Blocks": 0,
                                          "Local Hit Blocks": 0,
                                          "Local Read Blocks": 0,
                                          "Local Dirtied Blocks": 0,
                                          "Local Written Blocks": 0,
                                          "Temp Read Blocks": 0,
                                          "Temp Written Blocks": 0,
                                          "Workers": [
                                            {
                                              "Worker Number": 0,
                                              "Actual Startup Time": 0.306,
                                              "Actual Total Time": 0.313,
                                              "Actual Rows": 0.68,
                                              "Actual Loops": 3520,
                                              "Shared Hit Blocks": 12200,
                                              "Shared Read Blocks": 4282,
                                              "Shared Dirtied Blocks": 0,
                                              "Shared Written Blocks": 0,
                                              "Local Hit Blocks": 0,
                                              "Local Read Blocks": 0,
                                              "Local Dirtied Blocks": 0,
                                              "Local Written Blocks": 0,
                                              "Temp Read Blocks": 0,
                                              "Temp Written Blocks": 0
                                            },
                                            {
                                              "Worker Number": 1,
                                              "Actual Startup Time": 0.239,
                                              "Actual Total Time": 0.249,
                                              "Actual Rows": 0.96,
                                              "Actual Loops": 3872,
                                              "Shared Hit Blocks": 14477,
                                              "Shared Read Blocks": 3900,
                                              "Shared Dirtied Blocks": 0,
                                              "Shared Written Blocks": 0,
                                              "Local Hit Blocks": 0,
                                              "Local Read Blocks": 0,
                                              "Local Dirtied Blocks": 0,
                                              "Local Written Blocks": 0,
                                              "Temp Read Blocks": 0,
                                              "Temp Written Blocks": 0
                                            }
                                          ]
                                        }
                                      ]
                                    },
                                    {
                                      "Node Type": "Hash",
                                      "Parent Relationship": "Inner",
                                      "Parallel Aware": false,
                                      "Async Capable": false,
                                      "Startup Cost": 18.88,
                                      "Total Cost": 18.88,
                                      "Plan Rows": 4,
                                      "Plan Width": 4,
                                      "Actual Startup Time": 0.041,
                                      "Actual Total Time": 0.041,
                                      "Actual Rows": 1.0,
                                      "Actual Loops": 3,
                                      "Disabled": false,
                                      "Output": [
                                        "rt.id"
                                      ],
                                      "Hash Buckets": 1024,
                                      "Original Hash Buckets": 1024,
                                      "Hash Batches": 1,
                                      "Original Hash Batches": 1,
                                      "Peak Memory Usage": 9,
                                      "Shared Hit Blocks": 3,
                                      "Shared Read Blocks": 0,
                                      "Shared Dirtied Blocks": 0,
                                      "Shared Written Blocks": 0,
                                      "Local Hit Blocks": 0,
                                      "Local Read Blocks": 0,
                                      "Local Dirtied Blocks": 0,
                                      "Local Written Blocks": 0,
                                      "Temp Read Blocks": 0,
                                      "Temp Written Blocks": 0,
                                      "Workers": [
                                        {
                                          "Worker Number": 0,
                                          "Actual Startup Time": 0.058,
                                          "Actual Total Time": 0.059,
                                          "Actual Rows": 1.0,
                                          "Actual Loops": 1,
                                          "Shared Hit Blocks": 1,
                                          "Shared Read Blocks": 0,
                                          "Shared Dirtied Blocks": 0,
                                          "Shared Written Blocks": 0,
                                          "Local Hit Blocks": 0,
                                          "Local Read Blocks": 0,
                                          "Local Dirtied Blocks": 0,
                                          "Local Written Blocks": 0,
                                          "Temp Read Blocks": 0,
                                          "Temp Written Blocks": 0
                                        },
                                        {
                                          "Worker Number": 1,
                                          "Actual Startup Time": 0.058,
                                          "Actual Total Time": 0.059,
                                          "Actual Rows": 1.0,
                                          "Actual Loops": 1,
                                          "Shared Hit Blocks": 1,
                                          "Shared Read Blocks": 0,
                                          "Shared Dirtied Blocks": 0,
                                          "Shared Written Blocks": 0,
                                          "Local Hit Blocks": 0,
                                          "Local Read Blocks": 0,
                                          "Local Dirtied Blocks": 0,
                                          "Local Written Blocks": 0,
                                          "Temp Read Blocks": 0,
                                          "Temp Written Blocks": 0
                                        }
                                      ],
                                      "Plans": [
                                        {
                                          "Node Type": "Seq Scan",
                                          "Parent Relationship": "Outer",
                                          "Parallel Aware": false,
                                          "Async Capable": false,
                                          "Relation Name": "role_type",
                                          "Schema": "public",
                                          "Alias": "rt",
                                          "Startup Cost": 0.0,
                                          "Total Cost": 18.88,
                                          "Plan Rows": 4,
                                          "Plan Width": 4,
                                          "Actual Startup Time": 0.027,
                                          "Actual Total Time": 0.027,
                                          "Actual Rows": 1.0,
                                          "Actual Loops": 3,
                                          "Disabled": false,
                                          "Output": [
                                            "rt.id"
                                          ],
                                          "Filter": "((rt.role)::text = 'actress'::text)",
                                          "Rows Removed by Filter": 11,
                                          "Shared Hit Blocks": 3,
                                          "Shared Read Blocks": 0,
                                          "Shared Dirtied Blocks": 0,
                                          "Shared Written Blocks": 0,
                                          "Local Hit Blocks": 0,
                                          "Local Read Blocks": 0,
                                          "Local Dirtied Blocks": 0,
                                          "Local Written Blocks": 0,
                                          "Temp Read Blocks": 0,
                                          "Temp Written Blocks": 0,
                                          "Workers": [
                                            {
                                              "Worker Number": 0,
                                              "Actual Startup Time": 0.036,
                                              "Actual Total Time": 0.037,
                                              "Actual Rows": 1.0,
                                              "Actual Loops": 1,
                                              "Shared Hit Blocks": 1,
                                              "Shared Read Blocks": 0,
                                              "Shared Dirtied Blocks": 0,
                                              "Shared Written Blocks": 0,
                                              "Local Hit Blocks": 0,
                                              "Local Read Blocks": 0,
                                              "Local Dirtied Blocks": 0,
                                              "Local Written Blocks": 0,
                                              "Temp Read Blocks": 0,
                                              "Temp Written Blocks": 0
                                            },
                                            {
                                              "Worker Number": 1,
                                              "Actual Startup Time": 0.04,
                                              "Actual Total Time": 0.041,
                                              "Actual Rows": 1.0,
                                              "Actual Loops": 1,
                                              "Shared Hit Blocks": 1,
                                              "Shared Read Blocks": 0,
                                              "Shared Dirtied Blocks": 0,
                                              "Shared Written Blocks": 0,
                                              "Local Hit Blocks": 0,
                                              "Local Read Blocks": 0,
                                              "Local Dirtied Blocks": 0,
                                              "Local Written Blocks": 0,
                                              "Temp Read Blocks": 0,
                                              "Temp Written Blocks": 0
                                            }
                                          ]
                                        }
                                      ]
                                    }
                                  ]
                                },
                                {
                                  "Node Type": "Index Scan",
                                  "Parent Relationship": "Inner",
                                  "Parallel Aware": false,
                                  "Async Capable": false,
                                  "Scan Direction": "Forward",
                                  "Index Name": "char_name_pkey",
                                  "Relation Name": "char_name",
                                  "Schema": "public",
                                  "Alias": "chn",
                                  "Startup Cost": 0.43,
                                  "Total Cost": 0.66,
                                  "Plan Rows": 1,
                                  "Plan Width": 20,
                                  "Actual Startup Time": 0.062,
                                  "Actual Total Time": 0.062,
                                  "Actual Rows": 0.94,
                                  "Actual Loops": 8204,
                                  "Disabled": false,
                                  "Output": [
                                    "chn.id",
                                    "chn.name",
                                    "chn.imdb_index",
                                    "chn.imdb_id",
                                    "chn.name_pcode_nf",
                                    "chn.surname_pcode",
                                    "chn.md5sum"
                                  ],
                                  "Index Cond": "(chn.id = ci.person_role_id)",
                                  "Rows Removed by Index Recheck": 0,
                                  "Index Searches": 7726,
                                  "Shared Hit Blocks": 29334,
                                  "Shared Read Blocks": 1572,
                                  "Shared Dirtied Blocks": 0,
                                  "Shared Written Blocks": 0,
                                  "Local Hit Blocks": 0,
                                  "Local Read Blocks": 0,
                                  "Local Dirtied Blocks": 0,
                                  "Local Written Blocks": 0,
                                  "Temp Read Blocks": 0,
                                  "Temp Written Blocks": 0,
                                  "Workers": [
                                    {
                                      "Worker Number": 0,
                                      "Actual Startup Time": 0.055,
                                      "Actual Total Time": 0.055,
                                      "Actual Rows": 0.92,
                                      "Actual Loops": 2391,
                                      "Shared Hit Blocks": 8347,
                                      "Shared Read Blocks": 470,
                                      "Shared Dirtied Blocks": 0,
                                      "Shared Written Blocks": 0,
                                      "Local Hit Blocks": 0,
                                      "Local Read Blocks": 0,
                                      "Local Dirtied Blocks": 0,
                                      "Local Written Blocks": 0,
                                      "Temp Read Blocks": 0,
                                      "Temp Written Blocks": 0
                                    },
                                    {
                                      "Worker Number": 1,
                                      "Actual Startup Time": 0.054,
                                      "Actual Total Time": 0.054,
                                      "Actual Rows": 0.97,
                                      "Actual Loops": 3734,
                                      "Shared Hit Blocks": 13838,
                                      "Shared Read Blocks": 595,
                                      "Shared Dirtied Blocks": 0,
                                      "Shared Written Blocks": 0,
                                      "Local Hit Blocks": 0,
                                      "Local Read Blocks": 0,
                                      "Local Dirtied Blocks": 0,
                                      "Local Written Blocks": 0,
                                      "Temp Read Blocks": 0,
                                      "Temp Written Blocks": 0
                                    }
                                  ]
                                }
                              ]
                            },
                            {
                              "Node Type": "Index Scan",
                              "Parent Relationship": "Inner",
                              "Parallel Aware": false,
                              "Async Capable": false,
                              "Scan Direction": "Forward",
                              "Index Name": "movie_id_movie_companies",
                              "Relation Name": "movie_companies",
                              "Schema": "public",
                              "Alias": "mc",
                              "Startup Cost": 0.43,
                              "Total Cost": 0.63,
                              "Plan Rows": 5,
                              "Plan Width": 8,
                              "Actual Startup Time": 0.042,
                              "Actual Total Time": 0.044,
                              "Actual Rows": 2.37,
                              "Actual Loops": 7726,
                              "Disabled": false,
                              "Output": [
                                "mc.id",
                                "mc.movie_id",
                                "mc.company_id",
                                "mc.company_type_id",
                                "mc.note"
                              ],
                              "Index Cond": "(mc.movie_id = ci.movie_id)",
                              "Rows Removed by Index Recheck": 0,
                              "Index Searches": 7726,
                              "Shared Hit Blocks": 27903,
                              "Shared Read Blocks": 1990,
                              "Shared Dirtied Blocks": 0,
                              "Shared Written Blocks": 0,
                              "Local Hit Blocks": 0,
                              "Local Read Blocks": 0,
                              "Local Dirtied Blocks": 0,
                              "Local Written Blocks": 0,
                              "Temp Read Blocks": 0,
                              "Temp Written Blocks": 0,
                              "Workers": [
                                {
                                  "Worker Number": 0,
                                  "Actual Startup Time": 0.044,
                                  "Actual Total Time": 0.046,
                                  "Actual Rows": 2.22,
                                  "Actual Loops": 2204,
                                  "Shared Hit Blocks": 7675,
                                  "Shared Read Blocks": 656,
                                  "Shared Dirtied Blocks": 0,
                                  "Shared Written Blocks": 0,
                                  "Local Hit Blocks": 0,
                                  "Local Read Blocks": 0,
                                  "Local Dirtied Blocks": 0,
                                  "Local Written Blocks": 0,
                                  "Temp Read Blocks": 0,
                                  "Temp Written Blocks": 0
                                },
                                {
                                  "Worker Number": 1,
                                  "Actual Startup Time": 0.035,
                                  "Actual Total Time": 0.036,
                                  "Actual Rows": 1.98,
                                  "Actual Loops": 3608,
                                  "Shared Hit Blocks": 12880,
                                  "Shared Read Blocks": 688,
                                  "Shared Dirtied Blocks": 0,
                                  "Shared Written Blocks": 0,
                                  "Local Hit Blocks": 0,
                                  "Local Read Blocks": 0,
                                  "Local Dirtied Blocks": 0,
                                  "Local Written Blocks": 0,
                                  "Temp Read Blocks": 0,
                                  "Temp Written Blocks": 0
                                }
                              ]
                            }
                          ]
                        },
                        {
                          "Node Type": "Index Scan",
                          "Parent Relationship": "Inner",
                          "Parallel Aware": false,
                          "Async Capable": false,
                          "Scan Direction": "Forward",
                          "Index Name": "company_name_pkey",
                          "Relation Name": "company_name",
                          "Schema": "public",
                          "Alias": "cn",
                          "Startup Cost": 0.42,
                          "Total Cost": 0.45,
                          "Plan Rows": 1,
                          "Plan Width": 4,
                          "Actual Startup Time": 0.02,
                          "Actual Total Time": 0.02,
                          "Actual Rows": 0.44,
                          "Actual Loops": 18345,
                          "Disabled": false,
                          "Output": [
                            "cn.id",
                            "cn.name",
                            "cn.country_code",
                            "cn.imdb_id",
                            "cn.name_pcode_nf",
                            "cn.name_pcode_sf",
                            "cn.md5sum"
                          ],
                          "Index Cond": "(cn.id = mc.company_id)",
                          "Rows Removed by Index Recheck": 0,
                          "Filter": "((cn.country_code)::text = '[us]'::text)",
                          "Rows Removed by Filter": 1,
                          "Index Searches": 18345,
                          "Shared Hit Blocks": 71671,
                          "Shared Read Blocks": 1711,
                          "Shared Dirtied Blocks": 0,
                          "Shared Written Blocks": 0,
                          "Local Hit Blocks": 0,
                          "Local Read Blocks": 0,
                          "Local Dirtied Blocks": 0,
                          "Local Written Blocks": 0,
                          "Temp Read Blocks": 0,
                          "Temp Written Blocks": 0,
                          "Workers": [
                            {
                              "Worker Number": 0,
                              "Actual Startup Time": 0.016,
                              "Actual Total Time": 0.016,
                              "Actual Rows": 0.42,
                              "Actual Loops": 4901,
                              "Shared Hit Blocks": 19152,
                              "Shared Read Blocks": 453,
                              "Shared Dirtied Blocks": 0,
                              "Shared Written Blocks": 0,
                              "Local Hit Blocks": 0,
                              "Local Read Blocks": 0,
                              "Local Dirtied Blocks": 0,
                              "Local Written Blocks": 0,
                              "Temp Read Blocks": 0,
                              "Temp Written Blocks": 0
                            },
                            {
                              "Worker Number": 1,
                              "Actual Startup Time": 0.018,
                              "Actual Total Time": 0.018,
                              "Actual Rows": 0.4,
                              "Actual Loops": 7132,
                              "Shared Hit Blocks": 27959,
                              "Shared Read Blocks": 570,
                              "Shared Dirtied Blocks": 0,
                              "Shared Written Blocks": 0,
                              "Local Hit Blocks": 0,
                              "Local Read Blocks": 0,
                              "Local Dirtied Blocks": 0,
                              "Local Written Blocks": 0,
                              "Temp Read Blocks": 0,
                              "Temp Written Blocks": 0
                            }
                          ]
                        }
                      ]
                    },
                    {
                      "Node Type": "Index Scan",
                      "Parent Relationship": "Inner",
                      "Parallel Aware": false,
                      "Async Capable": false,
                      "Scan Direction": "Forward",
                      "Index Name": "title_pkey",
                      "Relation Name": "title",
                      "Schema": "public",
                      "Alias": "t",
                      "Startup Cost": 0.43,
                      "Total Cost": 0.52,
                      "Plan Rows": 1,
                      "Plan Width": 21,
                      "Actual Startup Time": 0.006,
                      "Actual Total Time": 0.006,
                      "Actual Rows": 1.0,
                      "Actual Loops": 8144,
                      "Disabled": false,
                      "Output": [
                        "t.id",
                        "t.title",
                        "t.imdb_index",
                        "t.kind_id",
                        "t.production_year",
                        "t.imdb_id",
                        "t.phonetic_code",
                        "t.episode_of_id",
                        "t.season_nr",
                        "t.episode_nr",
                        "t.series_years",
                        "t.md5sum"
                      ],
                      "Index Cond": "(t.id = mc.movie_id)",
                      "Rows Removed by Index Recheck": 0,
                      "Index Searches": 8144,
                      "Shared Hit Blocks": 31552,
                      "Shared Read Blocks": 1026,
                      "Shared Dirtied Blocks": 0,
                      "Shared Written Blocks": 0,
                      "Local Hit Blocks": 0,
                      "Local Read Blocks": 0,
                      "Local Dirtied Blocks": 0,
                      "Local Written Blocks": 0,
                      "Temp Read Blocks": 0,
                      "Temp Written Blocks": 0,
                      "Workers": [
                        {
                          "Worker Number": 0,
                          "Actual Startup Time": 0.006,
                          "Actual Total Time": 0.006,
                          "Actual Rows": 1.0,
                          "Actual Loops": 2037,
                          "Shared Hit Blocks": 7827,
                          "Shared Read Blocks": 322,
                          "Shared Dirtied Blocks": 0,
                          "Shared Written Blocks": 0,
                          "Local Hit Blocks": 0,
                          "Local Read Blocks": 0,
                          "Local Dirtied Blocks": 0,
                          "Local Written Blocks": 0,
                          "Temp Read Blocks": 0,
                          "Temp Written Blocks": 0
                        },
                        {
                          "Worker Number": 1,
                          "Actual Startup Time": 0.007,
                          "Actual Total Time": 0.007,
                          "Actual Rows": 1.0,
                          "Actual Loops": 2828,
                          "Shared Hit Blocks": 10953,
                          "Shared Read Blocks": 360,
                          "Shared Dirtied Blocks": 0,
                          "Shared Written Blocks": 0,
                          "Local Hit Blocks": 0,
                          "Local Read Blocks": 0,
                          "Local Dirtied Blocks": 0,
                          "Local Written Blocks": 0,
                          "Temp Read Blocks": 0,
                          "Temp Written Blocks": 0
                        }
                      ]
                    }
                  ]
                }
              ]
            }
          ]
        }
      ]
    },
    "Planning": {
      "Shared Hit Blocks": 120,
      "Shared Read Blocks": 0,
      "Shared Dirtied Blocks": 0,
      "Shared Written Blocks": 0,
      "Local Hit Blocks": 0,
      "Local Read Blocks": 0,
      "Local Dirtied Blocks": 0,
      "Local Written Blocks": 0,
      "Temp Read Blocks": 0,
      "Temp Written Blocks": 0
    },
    "Planning Time": 3.035,
    "Triggers": [],
    "Execution Time": 1677.905
  }
]